<?xml version="1.0" encoding="utf-8"?><TestRun id="f69737db-614c-4f46-84a3-c1768739e855" name="dt-impact@SIEBL-4303-04 2018-11-11 16:39:57" runUser="SIEBL-4303-04\dt-impact" xmlns="http://microsoft.com/schemas/VisualStudio/TeamTest/2010"><Times creation="2018-11-11T16:39:57.4793508-06:00" queuing="2018-11-11T16:39:57.4793508-06:00" start="2018-11-11T16:39:56.1904256-06:00" finish="2018-11-11T16:40:16.8177383-06:00" /><TestSettings name="default" id="51493070-d1af-470e-8a54-8a7d9d365dbe"><Deployment runDeploymentRoot="dt-impact_SIEBL-4303-04_2018-11-11_16_39_57" /></TestSettings><Results><UnitTestResult executionId="7f43b492-3ec2-45ac-978c-9754d6458a69" testId="fcd6a0aa-bbb6-45f4-974f-82519d11ebd4" testName="JilTests.SerializeTests.Issue127" computerName="SIEBL-4303-04" duration="00:00:00.0300000" startTime="2018-11-11T16:40:10.3910171-06:00" endTime="2018-11-11T16:40:10.3910171-06:00" testType="13cdc9d9-ddb5-4fa4-a97d-d965ccfc6d4b" outcome="Passed" testListId="8c84fa94-04c1-424b-9868-57a2d4851a1d" relativeResultsDirectory="7f43b492-3ec2-45ac-978c-9754d6458a69" /><UnitTestResult executionId="ed160453-6424-4d7d-99ad-6831ebf3e07e" testId="ab241326-b994-411b-95f8-2119906d615b" testName="JilTests.DeserializeTests.Issue117_Decimal" computerName="SIEBL-4303-04" duration="00:00:00.0030000" startTime="2018-11-11T16:40:09.9727392-06:00" endTime="2018-11-11T16:40:09.9727392-06:00" testType="13cdc9d9-ddb5-4fa4-a97d-d965ccfc6d4b" outcome="Passed" testListId="8c84fa94-04c1-424b-9868-57a2d4851a1d" relativeResultsDirectory="ed160453-6424-4d7d-99ad-6831ebf3e07e" /><UnitTestResult executionId="eff91ab5-b2e7-4ed6-ad5e-a31acc8c1874" testId="73a48ae4-feec-4e32-a1d3-378245aa2de1" testName="JilTests.DeserializeDynamicTests.Array" computerName="SIEBL-4303-04" duration="00:00:00.0140000" startTime="2018-11-11T16:40:00.2264050-06:00" endTime="2018-11-11T16:40:00.2264050-06:00" testType="13cdc9d9-ddb5-4fa4-a97d-d965ccfc6d4b" outcome="Passed" testListId="8c84fa94-04c1-424b-9868-57a2d4851a1d" relativeResultsDirectory="eff91ab5-b2e7-4ed6-ad5e-a31acc8c1874" /><UnitTestResult executionId="58ae22f8-aeb2-4754-ab5f-be28cc4eab93" testId="e05d64eb-f553-4b89-9511-826769ea8c44" testName="JilTests.DeserializeTests.Issue117_Float" computerName="SIEBL-4303-04" duration="00:00:00.0140000" startTime="2018-11-11T16:40:01.5860386-06:00" endTime="2018-11-11T16:40:01.5860386-06:00" testType="13cdc9d9-ddb5-4fa4-a97d-d965ccfc6d4b" outcome="Passed" testListId="8c84fa94-04c1-424b-9868-57a2d4851a1d" relativeResultsDirectory="58ae22f8-aeb2-4754-ab5f-be28cc4eab93" /><UnitTestResult executionId="083ea5e5-c5e5-45ab-8a48-f750e7c0348a" testId="2fac66f7-9086-4bc1-9c9f-5b7667dbb3c5" testName="JilTests.DeserializeTests.Arrays" computerName="SIEBL-4303-04" duration="00:00:00.0540000" startTime="2018-11-11T16:39:57.6647744-06:00" endTime="2018-11-11T16:39:57.6647744-06:00" testType="13cdc9d9-ddb5-4fa4-a97d-d965ccfc6d4b" outcome="Passed" testListId="8c84fa94-04c1-424b-9868-57a2d4851a1d" relativeResultsDirectory="083ea5e5-c5e5-45ab-8a48-f750e7c0348a" /><UnitTestResult executionId="3da94e21-f92e-4571-9065-a0f0f074f4f9" testId="1c82867a-595a-4240-8891-3109d89e4e4f" testName="JilTests.DeserializeTests.EmptyAnonymousObject" computerName="SIEBL-4303-04" duration="00:00:00.0110000" startTime="2018-11-11T16:40:16.6144030-06:00" endTime="2018-11-11T16:40:16.6144030-06:00" testType="13cdc9d9-ddb5-4fa4-a97d-d965ccfc6d4b" outcome="Passed" testListId="8c84fa94-04c1-424b-9868-57a2d4851a1d" relativeResultsDirectory="3da94e21-f92e-4571-9065-a0f0f074f4f9" /><UnitTestResult executionId="c202a4a5-5094-4571-827b-214f8e107716" testId="075b5eb4-02a7-4848-97b0-27a90691415f" testName="JilTests.DeserializeDynamicTests.LessThanOrEquals" computerName="SIEBL-4303-04" duration="00:00:00.0100000" startTime="2018-11-11T16:40:01.4269325-06:00" endTime="2018-11-11T16:40:01.4269325-06:00" testType="13cdc9d9-ddb5-4fa4-a97d-d965ccfc6d4b" outcome="Passed" testListId="8c84fa94-04c1-424b-9868-57a2d4851a1d" relativeResultsDirectory="c202a4a5-5094-4571-827b-214f8e107716" /><UnitTestResult executionId="fcd3a27d-647e-461f-9543-56cde8896f49" testId="a814e7e3-8bc4-408d-af6a-c69bc6b029ef" testName="JilTests.SerializeTests.EnumMembers" computerName="SIEBL-4303-04" duration="00:00:00.0510000" startTime="2018-11-11T16:40:05.2765292-06:00" endTime="2018-11-11T16:40:05.2765292-06:00" testType="13cdc9d9-ddb5-4fa4-a97d-d965ccfc6d4b" outcome="Passed" testListId="8c84fa94-04c1-424b-9868-57a2d4851a1d" relativeResultsDirectory="fcd3a27d-647e-461f-9543-56cde8896f49" /><UnitTestResult executionId="eac5c2a5-a8f1-41b0-ae36-c81a7ff1ae6b" testId="99719cf9-1f38-4d58-9a34-2bf3ed8cb2fe" testName="JilTests.DeserializeTests.IEnumerableMember" computerName="SIEBL-4303-04" duration="00:00:00.0520000" startTime="2018-11-11T16:40:15.1174053-06:00" endTime="2018-11-11T16:40:15.1174053-06:00" testType="13cdc9d9-ddb5-4fa4-a97d-d965ccfc6d4b" outcome="Passed" testListId="8c84fa94-04c1-424b-9868-57a2d4851a1d" relativeResultsDirectory="eac5c2a5-a8f1-41b0-ae36-c81a7ff1ae6b" /><UnitTestResult executionId="952f0578-3bc2-4f1b-a701-5d04ab68e251" testId="5187a399-b1db-4718-be61-f2a3c033eb30" testName="JilTests.SerializeTests.EnumMemberAttributeOverrideWithNoneFlags" computerName="SIEBL-4303-04" duration="00:00:00.0400000" startTime="2018-11-11T16:40:14.5780436-06:00" endTime="2018-11-11T16:40:14.5780436-06:00" testType="13cdc9d9-ddb5-4fa4-a97d-d965ccfc6d4b" outcome="Passed" testListId="8c84fa94-04c1-424b-9868-57a2d4851a1d" relativeResultsDirectory="952f0578-3bc2-4f1b-a701-5d04ab68e251" /><UnitTestResult executionId="40eaee84-c997-469d-b7e9-749af4064421" testId="b7b8f364-d01c-4fc0-8e40-78d5dc73d710" testName="JilTests.DeserializeDynamicTests.String" computerName="SIEBL-4303-04" duration="00:00:00.0060000" startTime="2018-11-11T16:40:01.0265670-06:00" endTime="2018-11-11T16:40:01.0265670-06:00" testType="13cdc9d9-ddb5-4fa4-a97d-d965ccfc6d4b" outcome="Passed" testListId="8c84fa94-04c1-424b-9868-57a2d4851a1d" relativeResultsDirectory="40eaee84-c997-469d-b7e9-749af4064421" /><UnitTestResult executionId="2716dc6c-8746-4f8c-a624-9206f9a3bfe1" testId="5c8def63-9852-4e6e-b5d0-1f7b00e7d04a" testName="JilTests.DeserializeTests.EnumEscapes" computerName="SIEBL-4303-04" duration="00:00:00.0700000" startTime="2018-11-11T16:40:05.8615945-06:00" endTime="2018-11-11T16:40:05.8615945-06:00" testType="13cdc9d9-ddb5-4fa4-a97d-d965ccfc6d4b" outcome="Passed" testListId="8c84fa94-04c1-424b-9868-57a2d4851a1d" relativeResultsDirectory="2716dc6c-8746-4f8c-a624-9206f9a3bfe1" /><UnitTestResult executionId="2cfcdb4f-66be-414d-8c3c-d5d828ca0a2a" testId="250e33dd-7427-42fb-8c70-52e935ef9e46" testName="JilTests.DeserializeTests.Guids" computerName="SIEBL-4303-04" duration="00:00:00.0010000" startTime="2018-11-11T16:40:03.8437916-06:00" endTime="2018-11-11T16:40:03.8437916-06:00" testType="13cdc9d9-ddb5-4fa4-a97d-d965ccfc6d4b" outcome="Passed" testListId="8c84fa94-04c1-424b-9868-57a2d4851a1d" relativeResultsDirectory="2cfcdb4f-66be-414d-8c3c-d5d828ca0a2a" /><UnitTestResult executionId="e95cc5bd-212f-4884-ba3b-c5d025ae891b" testId="e5c823de-c0e7-4b25-9ab6-7ecd4c0f65da" testName="JilTests.DeserializeDynamicTests.Issue61" computerName="SIEBL-4303-04" duration="00:00:00.0120000" startTime="2018-11-11T16:40:00.2384127-06:00" endTime="2018-11-11T16:40:00.2384127-06:00" testType="13cdc9d9-ddb5-4fa4-a97d-d965ccfc6d4b" outcome="Passed" testListId="8c84fa94-04c1-424b-9868-57a2d4851a1d" relativeResultsDirectory="e95cc5bd-212f-4884-ba3b-c5d025ae891b" /><UnitTestResult executionId="f2dc5787-ec30-4139-807d-4dc463a1ac1b" testId="c50c4655-52c1-4b82-98a7-7f265644d0b7" testName="JilTests.SerializeTests.Issue176" computerName="SIEBL-4303-04" duration="00:00:00.0080000" startTime="2018-11-11T16:40:14.0406853-06:00" endTime="2018-11-11T16:40:14.0406853-06:00" testType="13cdc9d9-ddb5-4fa4-a97d-d965ccfc6d4b" outcome="Passed" testListId="8c84fa94-04c1-424b-9868-57a2d4851a1d" relativeResultsDirectory="f2dc5787-ec30-4139-807d-4dc463a1ac1b" /><UnitTestResult executionId="d2f0362b-db2d-428f-b3df-9edf3571e2b4" testId="7214bb37-a8fc-4976-b818-80c0c41a3cd6" testName="JilTests.SerializeTests.DataMemberName" computerName="SIEBL-4303-04" duration="00:00:00.0030000" startTime="2018-11-11T16:40:10.5281095-06:00" endTime="2018-11-11T16:40:10.5281095-06:00" testType="13cdc9d9-ddb5-4fa4-a97d-d965ccfc6d4b" outcome="Passed" testListId="8c84fa94-04c1-424b-9868-57a2d4851a1d" relativeResultsDirectory="d2f0362b-db2d-428f-b3df-9edf3571e2b4" /><UnitTestResult executionId="7a14d495-94de-43b2-b5b9-40c0ae768cde" testId="4ab7a0ea-2bf7-432d-ac48-4c524bc6637b" testName="JilTests.DeserializeTests.Issue117_Long" computerName="SIEBL-4303-04" duration="00:00:00.0150000" startTime="2018-11-11T16:40:00.2554241-06:00" endTime="2018-11-11T16:40:00.2554241-06:00" testType="13cdc9d9-ddb5-4fa4-a97d-d965ccfc6d4b" outcome="Passed" testListId="8c84fa94-04c1-424b-9868-57a2d4851a1d" relativeResultsDirectory="7a14d495-94de-43b2-b5b9-40c0ae768cde" /><UnitTestResult executionId="9da908a5-8294-447a-9ddc-51232b704a38" testId="018afb13-86c0-4292-9e09-8222f8618213" testName="JilTests.SerializeTests.StringEscapes" computerName="SIEBL-4303-04" duration="00:00:00.0030000" startTime="2018-11-11T16:39:58.3482311-06:00" endTime="2018-11-11T16:39:58.3482311-06:00" testType="13cdc9d9-ddb5-4fa4-a97d-d965ccfc6d4b" outcome="Passed" testListId="8c84fa94-04c1-424b-9868-57a2d4851a1d" relativeResultsDirectory="9da908a5-8294-447a-9ddc-51232b704a38" /><UnitTestResult executionId="871ece8d-c66e-43ae-a55e-e9134b31395c" testId="748a191f-6d58-469f-bd9e-dfeb05815e94" testName="JilTests.SerializeTests.Issue189" computerName="SIEBL-4303-04" duration="00:00:00.0020000" startTime="2018-11-11T16:40:08.0978673-06:00" endTime="2018-11-11T16:40:08.0978673-06:00" testType="13cdc9d9-ddb5-4fa4-a97d-d965ccfc6d4b" outcome="Passed" testListId="8c84fa94-04c1-424b-9868-57a2d4851a1d" relativeResultsDirectory="871ece8d-c66e-43ae-a55e-e9134b31395c" /><UnitTestResult executionId="901f5fc1-3f02-4c47-a2a3-9be83973f74b" testId="3c6a1504-671e-4bd5-9919-3aa961d95eb5" testName="JilTests.DeserializeDynamicTests.SignedSmallNumberTests" computerName="SIEBL-4303-04" duration="00:00:00.0960000" startTime="2018-11-11T16:40:01.5229966-06:00" endTime="2018-11-11T16:40:01.5229966-06:00" testType="13cdc9d9-ddb5-4fa4-a97d-d965ccfc6d4b" outcome="Passed" testListId="8c84fa94-04c1-424b-9868-57a2d4851a1d" relativeResultsDirectory="901f5fc1-3f02-4c47-a2a3-9be83973f74b" /><UnitTestResult executionId="71befeb8-6869-4b32-91dc-17c75104233a" testId="d2fe4122-6924-4487-bd90-d2fbe7d41929" testName="JilTests.SerializeTests.NullArrayElements" computerName="SIEBL-4303-04" duration="00:00:00.0050000" startTime="2018-11-11T16:40:14.5830469-06:00" endTime="2018-11-11T16:40:14.5830469-06:00" testType="13cdc9d9-ddb5-4fa4-a97d-d965ccfc6d4b" outcome="Passed" testListId="8c84fa94-04c1-424b-9868-57a2d4851a1d" relativeResultsDirectory="71befeb8-6869-4b32-91dc-17c75104233a" /><UnitTestResult executionId="401b5670-740d-4991-9983-5adacf9e019f" testId="b82e43b6-c0c5-4505-a037-e7d2761f77ed" testName="JilTests.SerializeTests.DoubleWeirdCulture" computerName="SIEBL-4303-04" duration="00:00:00.0450000" startTime="2018-11-11T16:40:05.3365699-06:00" endTime="2018-11-11T16:40:05.3365699-06:00" testType="13cdc9d9-ddb5-4fa4-a97d-d965ccfc6d4b" outcome="Passed" testListId="8c84fa94-04c1-424b-9868-57a2d4851a1d" relativeResultsDirectory="401b5670-740d-4991-9983-5adacf9e019f" /><UnitTestResult executionId="a751c45a-43c9-406c-a3db-6557348191e3" testId="66e9665d-683f-4cae-a719-fefb91b8e45b" testName="JilTests.DeserializeDynamicTests.RFC1123" computerName="SIEBL-4303-04" duration="00:00:00.0070000" startTime="2018-11-11T16:40:00.1313413-06:00" endTime="2018-11-11T16:40:00.1313413-06:00" testType="13cdc9d9-ddb5-4fa4-a97d-d965ccfc6d4b" outcome="Passed" testListId="8c84fa94-04c1-424b-9868-57a2d4851a1d" relativeResultsDirectory="a751c45a-43c9-406c-a3db-6557348191e3" /><UnitTestResult executionId="87af5c56-b74b-4c56-ab15-73dc6c228d50" testId="d7dddae2-424e-43ec-9808-3d2788ef5890" testName="JilTests.DeserializeTests.MalformedISO8601(dateString: &quot;\&quot;1999-13\&quot;&quot;, expectedError: &quot;Expected month to be between 01 and 12&quot;)" computerName="SIEBL-4303-04" duration="00:00:00.0010000" startTime="2018-11-11T16:39:57.5947277-06:00" endTime="2018-11-11T16:39:57.5947277-06:00" testType="13cdc9d9-ddb5-4fa4-a97d-d965ccfc6d4b" outcome="Passed" testListId="8c84fa94-04c1-424b-9868-57a2d4851a1d" relativeResultsDirectory="87af5c56-b74b-4c56-ab15-73dc6c228d50" /><UnitTestResult executionId="723049a2-c921-4479-80d8-fd8677080da5" testId="d9020617-581a-433a-a4ab-ef36d8bb8472" testName="JilTests.DeserializeTests.PrimitiveWrappers" computerName="SIEBL-4303-04" duration="00:00:00.0120000" startTime="2018-11-11T16:40:15.0653709-06:00" endTime="2018-11-11T16:40:15.0653709-06:00" testType="13cdc9d9-ddb5-4fa4-a97d-d965ccfc6d4b" outcome="Passed" testListId="8c84fa94-04c1-424b-9868-57a2d4851a1d" relativeResultsDirectory="723049a2-c921-4479-80d8-fd8677080da5" /><UnitTestResult executionId="b1d8ead2-bbf1-4984-bd85-0b4173369526" testId="9fd2309b-37cc-4cfe-8e0c-781bd0ce994b" testName="JilTests.DynamicSerializationTests.MicrosoftDateTimeOffsetSelfRoundtrip" computerName="SIEBL-4303-04" duration="00:00:00.9850000" startTime="2018-11-11T16:39:58.2961955-06:00" endTime="2018-11-11T16:39:58.2961955-06:00" testType="13cdc9d9-ddb5-4fa4-a97d-d965ccfc6d4b" outcome="Passed" testListId="8c84fa94-04c1-424b-9868-57a2d4851a1d" relativeResultsDirectory="b1d8ead2-bbf1-4984-bd85-0b4173369526" /><UnitTestResult executionId="a2a02f60-a481-4e91-9ca3-3a6b64665930" testId="b187fc58-588d-4238-98b6-c03f10983982" testName="JilTests.SerializeTests.NullableMembers" computerName="SIEBL-4303-04" duration="00:00:00.0180000" startTime="2018-11-11T16:40:08.2429636-06:00" endTime="2018-11-11T16:40:08.2429636-06:00" testType="13cdc9d9-ddb5-4fa4-a97d-d965ccfc6d4b" outcome="Passed" testListId="8c84fa94-04c1-424b-9868-57a2d4851a1d" relativeResultsDirectory="a2a02f60-a481-4e91-9ca3-3a6b64665930" /><UnitTestResult executionId="f064cef3-bf4a-4c35-abec-fa7da9985f0f" testId="02a64066-1f4d-4c7a-84fa-3fff1aabd5c0" testName="JilTests.DeserializeDynamicTests.Issue134" computerName="SIEBL-4303-04" duration="00:00:00.0020000" startTime="2018-11-11T16:40:01.0315706-06:00" endTime="2018-11-11T16:40:01.0315706-06:00" testType="13cdc9d9-ddb5-4fa4-a97d-d965ccfc6d4b" outcome="Passed" testListId="8c84fa94-04c1-424b-9868-57a2d4851a1d" relativeResultsDirectory="f064cef3-bf4a-4c35-abec-fa7da9985f0f" /><UnitTestResult executionId="8e808185-2f8b-4c0c-b71b-f7f8d7e07679" testId="6940abcc-acfc-466a-ada5-377595ed4564" testName="JilTests.DeserializeDynamicTests.SecondDateTimes" computerName="SIEBL-4303-04" duration="00:00:00.0020000" startTime="2018-11-11T16:40:01.2898419-06:00" endTime="2018-11-11T16:40:01.2898419-06:00" testType="13cdc9d9-ddb5-4fa4-a97d-d965ccfc6d4b" outcome="Passed" testListId="8c84fa94-04c1-424b-9868-57a2d4851a1d" relativeResultsDirectory="8e808185-2f8b-4c0c-b71b-f7f8d7e07679" /><UnitTestResult executionId="54dac31b-128b-48e5-bcd3-1a34e31e273c" testId="4f3fd793-e6b7-4b92-885b-5180a9043236" testName="JilTests.DeserializeTests.MalformedISO8601(dateString: &quot;\&quot;1900-01-01T\&quot;&quot;, expectedError: &quot;ISO8601 time must begin with a 2 character hour&quot;)" computerName="SIEBL-4303-04" duration="00:00:00.0010000" startTime="2018-11-11T16:39:57.5727127-06:00" endTime="2018-11-11T16:39:57.5727127-06:00" testType="13cdc9d9-ddb5-4fa4-a97d-d965ccfc6d4b" outcome="Passed" testListId="8c84fa94-04c1-424b-9868-57a2d4851a1d" relativeResultsDirectory="54dac31b-128b-48e5-bcd3-1a34e31e273c" /><UnitTestResult executionId="efa762fd-0cb8-4680-9c49-ba349ebf50cd" testId="9f162d32-6f90-498a-a0fa-6fa5cda46a27" testName="JilTests.SerializeTests.DictionaryValueType" computerName="SIEBL-4303-04" duration="00:00:00.0410000" startTime="2018-11-11T16:40:05.6737964-06:00" endTime="2018-11-11T16:40:05.6737964-06:00" testType="13cdc9d9-ddb5-4fa4-a97d-d965ccfc6d4b" outcome="Passed" testListId="8c84fa94-04c1-424b-9868-57a2d4851a1d" relativeResultsDirectory="efa762fd-0cb8-4680-9c49-ba349ebf50cd" /><UnitTestResult executionId="4cbb6c99-a36c-415c-9f8a-0fe90fbee873" testId="791ec1ba-a3ed-4e87-bde9-bd8c54615dc7" testName="JilTests.DeserializeTests.IllegalUTF16Char" computerName="SIEBL-4303-04" duration="00:00:00.0010000" startTime="2018-11-11T16:40:02.2599151-06:00" endTime="2018-11-11T16:40:02.2599151-06:00" testType="13cdc9d9-ddb5-4fa4-a97d-d965ccfc6d4b" outcome="Passed" testListId="8c84fa94-04c1-424b-9868-57a2d4851a1d" relativeResultsDirectory="4cbb6c99-a36c-415c-9f8a-0fe90fbee873" /><UnitTestResult executionId="447e776b-60b2-4fc1-b447-927f5760e5c3" testId="9b00a29e-f6d3-4f14-b5a4-f0ae03315c13" testName="JilTests.DeserializeTests.MalformedISO8601(dateString: &quot;\&quot;1900-01-01T19:\&quot;&quot;, expectedError: &quot;Expected minute part of ISO8601 time&quot;)" computerName="SIEBL-4303-04" duration="00:00:00.0010000" startTime="2018-11-11T16:39:57.6367557-06:00" endTime="2018-11-11T16:39:57.6367557-06:00" testType="13cdc9d9-ddb5-4fa4-a97d-d965ccfc6d4b" outcome="Passed" testListId="8c84fa94-04c1-424b-9868-57a2d4851a1d" relativeResultsDirectory="447e776b-60b2-4fc1-b447-927f5760e5c3" /><UnitTestResult executionId="dfaff587-938a-4ddf-bd53-27e43c781ba4" testId="0bf2d420-8757-4901-a1ef-e0ed5758856a" testName="JilTests.BadlySpecifiedTypeTests.DeserializeReader" computerName="SIEBL-4303-04" duration="00:00:00.5430000" startTime="2018-11-11T16:39:57.8559017-06:00" endTime="2018-11-11T16:39:57.8559017-06:00" testType="13cdc9d9-ddb5-4fa4-a97d-d965ccfc6d4b" outcome="Passed" testListId="8c84fa94-04c1-424b-9868-57a2d4851a1d" relativeResultsDirectory="dfaff587-938a-4ddf-bd53-27e43c781ba4" /><UnitTestResult executionId="b79edd60-5147-4351-870c-f56629541cb8" testId="a1b445ce-d17f-49b8-b76e-f381d02d2634" testName="JilTests.DeserializeTests.DeserializeNonGeneric" computerName="SIEBL-4303-04" duration="00:00:00.1270000" startTime="2018-11-11T16:40:03.7847522-06:00" endTime="2018-11-11T16:40:03.7847522-06:00" testType="13cdc9d9-ddb5-4fa4-a97d-d965ccfc6d4b" outcome="Passed" testListId="8c84fa94-04c1-424b-9868-57a2d4851a1d" relativeResultsDirectory="b79edd60-5147-4351-870c-f56629541cb8" /><UnitTestResult executionId="0ea1697e-3e6f-4bcb-9059-21bc36f5a1b9" testId="535cc6c2-14bd-4e96-859f-573faf5ab0d4" testName="JilTests.DeserializeTests.MalformedISO8601(dateString: &quot;\&quot;0000\&quot;&quot;, expectedError: &quot;ISO8601 year 0000 cannot be converted to a DateTim&quot;...)" computerName="SIEBL-4303-04" duration="00:00:00.0010000" startTime="2018-11-11T16:39:57.6397577-06:00" endTime="2018-11-11T16:39:57.6397577-06:00" testType="13cdc9d9-ddb5-4fa4-a97d-d965ccfc6d4b" outcome="Passed" testListId="8c84fa94-04c1-424b-9868-57a2d4851a1d" relativeResultsDirectory="0ea1697e-3e6f-4bcb-9059-21bc36f5a1b9" /><UnitTestResult executionId="180ba8fc-a1bc-4088-9cb2-d6bb35bfeb10" testId="a882472f-5882-4cef-911a-00653b5c3245" testName="JilTests.SerializeTests.LessThan100" computerName="SIEBL-4303-04" duration="00:00:00.0010000" startTime="2018-11-11T16:40:08.2249528-06:00" endTime="2018-11-11T16:40:08.2249528-06:00" testType="13cdc9d9-ddb5-4fa4-a97d-d965ccfc6d4b" outcome="Passed" testListId="8c84fa94-04c1-424b-9868-57a2d4851a1d" relativeResultsDirectory="180ba8fc-a1bc-4088-9cb2-d6bb35bfeb10" /><UnitTestResult executionId="0fd07585-f3b4-4936-82af-930e146e009e" testId="6f755316-d29e-4350-91a5-1f212927d1ac" testName="JilTests.DeserializeDynamicTests.Issue117(input: &quot;-123.&quot;, expectedError: &quot;Expected digit&quot;)" computerName="SIEBL-4303-04" duration="00:00:00.0010000" startTime="2018-11-11T16:39:57.9909918-06:00" endTime="2018-11-11T16:39:57.9909918-06:00" testType="13cdc9d9-ddb5-4fa4-a97d-d965ccfc6d4b" outcome="Passed" testListId="8c84fa94-04c1-424b-9868-57a2d4851a1d" relativeResultsDirectory="0fd07585-f3b4-4936-82af-930e146e009e" /><UnitTestResult executionId="68a05c94-f911-4418-aa7c-3ba8af7d46ad" testId="aa5a01d5-dc66-495b-8a2f-3622883ff5a2" testName="JilTests.DeserializeTests.Issue150" computerName="SIEBL-4303-04" duration="00:00:00.7860000" startTime="2018-11-11T16:40:05.7915462-06:00" endTime="2018-11-11T16:40:05.7915462-06:00" testType="13cdc9d9-ddb5-4fa4-a97d-d965ccfc6d4b" outcome="Passed" testListId="8c84fa94-04c1-424b-9868-57a2d4851a1d" relativeResultsDirectory="68a05c94-f911-4418-aa7c-3ba8af7d46ad" /><UnitTestResult executionId="a9721ddf-5bbf-4537-b588-dbb84916b3bd" testId="ec5a815f-20db-4dd9-a71c-5d89168af70c" testName="JilTests.DeserializeTests.Issue117_Short" computerName="SIEBL-4303-04" duration="00:00:00.0040000" startTime="2018-11-11T16:40:13.2793184-06:00" endTime="2018-11-11T16:40:13.2793184-06:00" testType="13cdc9d9-ddb5-4fa4-a97d-d965ccfc6d4b" outcome="Passed" testListId="8c84fa94-04c1-424b-9868-57a2d4851a1d" relativeResultsDirectory="a9721ddf-5bbf-4537-b588-dbb84916b3bd" /><UnitTestResult executionId="f332471f-4b93-47bf-8694-ec545c5a24ac" testId="3ba0f484-77fb-40d9-a42a-1b75023eeb43" testName="JilTests.DeserializeTests.Interface" computerName="SIEBL-4303-04" duration="00:00:00.1140000" startTime="2018-11-11T16:40:02.1988741-06:00" endTime="2018-11-11T16:40:02.1988741-06:00" testType="13cdc9d9-ddb5-4fa4-a97d-d965ccfc6d4b" outcome="Passed" testListId="8c84fa94-04c1-424b-9868-57a2d4851a1d" relativeResultsDirectory="f332471f-4b93-47bf-8694-ec545c5a24ac" /><UnitTestResult executionId="7330dbf7-c37d-4f4a-a36b-5191c485ac5b" testId="56d5cae8-cc1e-4e6a-b8a5-f479464b8806" testName="JilTests.DeserializeTests.BadEnum" computerName="SIEBL-4303-04" duration="00:00:00.0720000" startTime="2018-11-11T16:40:16.5973913-06:00" endTime="2018-11-11T16:40:16.5973913-06:00" testType="13cdc9d9-ddb5-4fa4-a97d-d965ccfc6d4b" outcome="Passed" testListId="8c84fa94-04c1-424b-9868-57a2d4851a1d" relativeResultsDirectory="7330dbf7-c37d-4f4a-a36b-5191c485ac5b" /><UnitTestResult executionId="1a91b50f-3313-4e90-a516-fa9a21f41137" testId="ec03cddd-fb03-4fb1-962a-7ff8a9abc62f" testName="JilTests.DeserializeTests.MalformedISO8601(dateString: &quot;\&quot;1900-01-01T19:19+00:\&quot;&quot;, expectedError: &quot;Not enough character for ISO8601 timezone offset&quot;)" computerName="SIEBL-4303-04" duration="00:00:00.0010000" startTime="2018-11-11T16:39:57.5767154-06:00" endTime="2018-11-11T16:39:57.5767154-06:00" testType="13cdc9d9-ddb5-4fa4-a97d-d965ccfc6d4b" outcome="Passed" testListId="8c84fa94-04c1-424b-9868-57a2d4851a1d" relativeResultsDirectory="1a91b50f-3313-4e90-a516-fa9a21f41137" /><UnitTestResult executionId="a2d8b005-81e4-4944-9bb4-b2798e147e66" testId="42301be7-d437-4d69-8e24-d3c44c89e756" testName="JilTests.SerializeTests.PrettyPrint" computerName="SIEBL-4303-04" duration="00:00:00.2370000" startTime="2018-11-11T16:40:11.4998668-06:00" endTime="2018-11-11T16:40:11.4998668-06:00" testType="13cdc9d9-ddb5-4fa4-a97d-d965ccfc6d4b" outcome="Passed" testListId="8c84fa94-04c1-424b-9868-57a2d4851a1d" relativeResultsDirectory="a2d8b005-81e4-4944-9bb4-b2798e147e66" /><UnitTestResult executionId="4c4cebf8-75d2-4079-88a8-fe7f1c843fce" testId="1d2d8f71-9f32-4c6d-8994-9f527b562f02" testName="JilTests.DeserializeTests.Issue48" computerName="SIEBL-4303-04" duration="00:00:00.0340000" startTime="2018-11-11T16:40:09.2063593-06:00" endTime="2018-11-11T16:40:09.2063593-06:00" testType="13cdc9d9-ddb5-4fa4-a97d-d965ccfc6d4b" outcome="Passed" testListId="8c84fa94-04c1-424b-9868-57a2d4851a1d" relativeResultsDirectory="4c4cebf8-75d2-4079-88a8-fe7f1c843fce" /><UnitTestResult executionId="80eeff9f-f9ea-485d-aba7-567913cf3ef0" testId="b73f1055-b932-49ff-a634-e87188e83e07" testName="JilTests.DynamicSerializationTests.DynamicObject" computerName="SIEBL-4303-04" duration="00:00:00.0480000" startTime="2018-11-11T16:39:59.2118076-06:00" endTime="2018-11-11T16:39:59.2118076-06:00" testType="13cdc9d9-ddb5-4fa4-a97d-d965ccfc6d4b" outcome="Passed" testListId="8c84fa94-04c1-424b-9868-57a2d4851a1d" relativeResultsDirectory="80eeff9f-f9ea-485d-aba7-567913cf3ef0" /><UnitTestResult executionId="832c865c-dbfe-4be3-adc2-a59a6cd17990" testId="5d3354c4-02bd-4121-a8b0-6eea39f1586d" testName="JilTests.DeserializeTests.MalformedISO8601(dateString: &quot;\&quot;1999W1\&quot;&quot;, expectedError: &quot;Unexpected date string length&quot;)" computerName="SIEBL-4303-04" duration="00:00:00.0010000" startTime="2018-11-11T16:39:57.6057347-06:00" endTime="2018-11-11T16:39:57.6057347-06:00" testType="13cdc9d9-ddb5-4fa4-a97d-d965ccfc6d4b" outcome="Passed" testListId="8c84fa94-04c1-424b-9868-57a2d4851a1d" relativeResultsDirectory="832c865c-dbfe-4be3-adc2-a59a6cd17990" /><UnitTestResult executionId="e5ae7d1f-8f69-4fca-96bf-27f75ca70b50" testId="958f0cec-4071-4844-83a9-ba669916a0cd" testName="JilTests.DeserializeTests.Issue53" computerName="SIEBL-4303-04" duration="00:00:00.0880000" startTime="2018-11-11T16:40:10.2038928-06:00" endTime="2018-11-11T16:40:10.2038928-06:00" testType="13cdc9d9-ddb5-4fa4-a97d-d965ccfc6d4b" outcome="Passed" testListId="8c84fa94-04c1-424b-9868-57a2d4851a1d" relativeResultsDirectory="e5ae7d1f-8f69-4fca-96bf-27f75ca70b50" /><UnitTestResult executionId="2761a79d-d812-43f9-b02f-f123812c226d" testId="e22b6fd4-5e19-4c37-a9c7-17ae6a9c21da" testName="JilTests.SerializeTests.ISO8601TimeSpans" computerName="SIEBL-4303-04" duration="00:00:00.0060000" startTime="2018-11-11T16:40:08.1949312-06:00" endTime="2018-11-11T16:40:08.1949312-06:00" testType="13cdc9d9-ddb5-4fa4-a97d-d965ccfc6d4b" outcome="Failed" testListId="8c84fa94-04c1-424b-9868-57a2d4851a1d" relativeResultsDirectory="2761a79d-d812-43f9-b02f-f123812c226d"><Output><ErrorInfo><Message>Assert.Equal() Failure&#xD;
                          ↓ (pos 16)&#xD;
Expected: P7541099DT23H34M&#xD;
Actual:   P7541099DT23H34M0S&#xD;
                          ↑ (pos 16)</Message><StackTrace>   at JilTests.SerializeTests.ISO8601TimeSpans() in C:\Users\dt-impact\ftsubs\mstest\kevin-montrose_Jil-8a5af0f\JilTests\SerializeTests.cs:line 7676</StackTrace></ErrorInfo></Output></UnitTestResult><UnitTestResult executionId="95f642a7-f2bd-4fba-b8c4-a66d9d91db81" testId="3e6aad9a-6652-4a66-9323-199449150ff2" testName="JilTests.DeserializeDynamicTests.UnsignedSmallNumberTests" computerName="SIEBL-4303-04" duration="00:00:00.1040000" startTime="2018-11-11T16:40:01.4129231-06:00" endTime="2018-11-11T16:40:01.4129231-06:00" testType="13cdc9d9-ddb5-4fa4-a97d-d965ccfc6d4b" outcome="Passed" testListId="8c84fa94-04c1-424b-9868-57a2d4851a1d" relativeResultsDirectory="95f642a7-f2bd-4fba-b8c4-a66d9d91db81" /><UnitTestResult executionId="145ac2af-1fbe-40b9-b3dc-4a9c291055e0" testId="4e49160c-a4df-41cd-b372-d098a11867d6" testName="JilTests.DeserializeTests.EnumMemberAttributeOverrideFlags" computerName="SIEBL-4303-04" duration="00:00:00.0460000" startTime="2018-11-11T16:40:16.5193419-06:00" endTime="2018-11-11T16:40:16.5193419-06:00" testType="13cdc9d9-ddb5-4fa4-a97d-d965ccfc6d4b" outcome="Passed" testListId="8c84fa94-04c1-424b-9868-57a2d4851a1d" relativeResultsDirectory="145ac2af-1fbe-40b9-b3dc-4a9c291055e0" /><UnitTestResult executionId="44d2620a-6695-4266-aa84-8ff5dba1f52e" testId="758c8db7-69bc-4ba5-9e5c-38e7544e8305" testName="JilTests.DeserializeDynamicTests.Subtract" computerName="SIEBL-4303-04" duration="00:00:00.0030000" startTime="2018-11-11T16:40:01.4159254-06:00" endTime="2018-11-11T16:40:01.4159254-06:00" testType="13cdc9d9-ddb5-4fa4-a97d-d965ccfc6d4b" outcome="Passed" testListId="8c84fa94-04c1-424b-9868-57a2d4851a1d" relativeResultsDirectory="44d2620a-6695-4266-aa84-8ff5dba1f52e" /><UnitTestResult executionId="9acd76ff-fe97-4a2c-a55f-06a5e7cb36ab" testId="c24db671-8a22-465f-9c9f-87c1fa80a4f5" testName="JilTests.SerializeTests.PrimitiveWrappers" computerName="SIEBL-4303-04" duration="00:00:00.0340000" startTime="2018-11-11T16:39:58.8775834-06:00" endTime="2018-11-11T16:39:58.8775834-06:00" testType="13cdc9d9-ddb5-4fa4-a97d-d965ccfc6d4b" outcome="Passed" testListId="8c84fa94-04c1-424b-9868-57a2d4851a1d" relativeResultsDirectory="9acd76ff-fe97-4a2c-a55f-06a5e7cb36ab" /><UnitTestResult executionId="a7e597c9-e99b-406c-ac43-4630d768937d" testId="cd885a82-7a47-431a-999e-5ae435cbc422" testName="JilTests.DeepObjectGraphTests.DeepObjectGraphShouldNotBeEmpty" computerName="SIEBL-4303-04" duration="00:00:01" startTime="2018-11-11T16:39:58.3082035-06:00" endTime="2018-11-11T16:39:58.3082035-06:00" testType="13cdc9d9-ddb5-4fa4-a97d-d965ccfc6d4b" outcome="Passed" testListId="8c84fa94-04c1-424b-9868-57a2d4851a1d" relativeResultsDirectory="a7e597c9-e99b-406c-ac43-4630d768937d" /><UnitTestResult executionId="21ef4cb4-705f-45de-9618-3a7b7fda8849" testId="9fc378bb-53c2-466a-9110-f198ee8108af" testName="JilTests.SerializeTests.BadUnions" computerName="SIEBL-4303-04" duration="00:00:00.0310000" startTime="2018-11-11T16:40:13.9380050-06:00" endTime="2018-11-11T16:40:13.9380050-06:00" testType="13cdc9d9-ddb5-4fa4-a97d-d965ccfc6d4b" outcome="Passed" testListId="8c84fa94-04c1-424b-9868-57a2d4851a1d" relativeResultsDirectory="21ef4cb4-705f-45de-9618-3a7b7fda8849" /><UnitTestResult executionId="db070ef8-8cdb-4eaf-9a79-d4ba82953fdb" testId="66b3a85b-cca0-4539-873c-4864137e12f5" testName="JilTests.SerializeTests.List" computerName="SIEBL-4303-04" duration="00:00:00.0100000" startTime="2018-11-11T16:40:08.2642785-06:00" endTime="2018-11-11T16:40:08.2642785-06:00" testType="13cdc9d9-ddb5-4fa4-a97d-d965ccfc6d4b" outcome="Passed" testListId="8c84fa94-04c1-424b-9868-57a2d4851a1d" relativeResultsDirectory="db070ef8-8cdb-4eaf-9a79-d4ba82953fdb" /><UnitTestResult executionId="6db552a4-b06d-464a-a4fa-c30a35e67c0f" testId="1a48d7f8-d0b1-491c-ab32-f6bf0cb6e922" testName="JilTests.DeserializeTests.Overflow" computerName="SIEBL-4303-04" duration="00:00:00.0660000" startTime="2018-11-11T16:40:01.5720293-06:00" endTime="2018-11-11T16:40:01.5720293-06:00" testType="13cdc9d9-ddb5-4fa4-a97d-d965ccfc6d4b" outcome="Passed" testListId="8c84fa94-04c1-424b-9868-57a2d4851a1d" relativeResultsDirectory="6db552a4-b06d-464a-a4fa-c30a35e67c0f" /><UnitTestResult executionId="b3e4466c-b465-4086-a9b7-df2693b22587" testId="3c23e706-e951-493e-892f-0cdf940dafd8" testName="JilTests.DeserializeDynamicTests.Issue117(input: &quot;12.&quot;, expectedError: &quot;Expected digit&quot;)" computerName="SIEBL-4303-04" duration="00:00:00.0010000" startTime="2018-11-11T16:39:58.0080035-06:00" endTime="2018-11-11T16:39:58.0080035-06:00" testType="13cdc9d9-ddb5-4fa4-a97d-d965ccfc6d4b" outcome="Passed" testListId="8c84fa94-04c1-424b-9868-57a2d4851a1d" relativeResultsDirectory="b3e4466c-b465-4086-a9b7-df2693b22587" /><UnitTestResult executionId="b407a68e-7c4e-41e4-9dae-061cf5770e49" testId="a8cab33a-b25c-4d8d-8846-953b81eef2bf" testName="JilTests.DeserializeDynamicTests.Issue143TimeSpan" computerName="SIEBL-4303-04" duration="00:00:00.0110000" startTime="2018-11-11T16:40:00.4214794-06:00" endTime="2018-11-11T16:40:00.4214794-06:00" testType="13cdc9d9-ddb5-4fa4-a97d-d965ccfc6d4b" outcome="Passed" testListId="8c84fa94-04c1-424b-9868-57a2d4851a1d" relativeResultsDirectory="b407a68e-7c4e-41e4-9dae-061cf5770e49" /><UnitTestResult executionId="4ef60a21-65a8-4c85-a4e5-a16c65d889ec" testId="2c827dd0-8c87-4b4d-b691-92f719922b7c" testName="JilTests.EnumFlagsTest.TestEnumFlagsDeserialize" computerName="SIEBL-4303-04" duration="00:00:00.6470000" startTime="2018-11-11T16:39:57.9559684-06:00" endTime="2018-11-11T16:39:57.9559684-06:00" testType="13cdc9d9-ddb5-4fa4-a97d-d965ccfc6d4b" outcome="Passed" testListId="8c84fa94-04c1-424b-9868-57a2d4851a1d" relativeResultsDirectory="4ef60a21-65a8-4c85-a4e5-a16c65d889ec" /><UnitTestResult executionId="f0e1ab2b-e1bd-46a3-ba69-63d39c57ecd6" testId="0861ee73-8dc6-41df-8071-24860f67cb2f" testName="JilTests.DeserializeTests.MalformedISO8601(dateString: &quot;\&quot;1900-999\&quot;&quot;, expectedError: &quot;Expected ordinal day to be between 001 and 366&quot;)" computerName="SIEBL-4303-04" duration="00:00:00.0010000" startTime="2018-11-11T16:39:57.6507648-06:00" endTime="2018-11-11T16:39:57.6507648-06:00" testType="13cdc9d9-ddb5-4fa4-a97d-d965ccfc6d4b" outcome="Passed" testListId="8c84fa94-04c1-424b-9868-57a2d4851a1d" relativeResultsDirectory="f0e1ab2b-e1bd-46a3-ba69-63d39c57ecd6" /><UnitTestResult executionId="7104e381-1887-4afd-8de1-04aa573474b6" testId="fb1f9c3a-e359-40c7-af31-bdc9d8339494" testName="JilTests.SerializeTests.BadDictionaryType" computerName="SIEBL-4303-04" duration="00:00:00.0040000" startTime="2018-11-11T16:40:11.7778294-06:00" endTime="2018-11-11T16:40:11.7778294-06:00" testType="13cdc9d9-ddb5-4fa4-a97d-d965ccfc6d4b" outcome="Passed" testListId="8c84fa94-04c1-424b-9868-57a2d4851a1d" relativeResultsDirectory="7104e381-1887-4afd-8de1-04aa573474b6" /><UnitTestResult executionId="f6ac2ebf-dfae-4795-8737-5c1e136199a3" testId="bd0421f2-4c4e-46ec-bc40-0f75e481ffba" testName="JilTests.DeserializeDynamicTests.Bool" computerName="SIEBL-4303-04" duration="00:00:00.0010000" startTime="2018-11-11T16:40:00.3864551-06:00" endTime="2018-11-11T16:40:00.3864551-06:00" testType="13cdc9d9-ddb5-4fa4-a97d-d965ccfc6d4b" outcome="Passed" testListId="8c84fa94-04c1-424b-9868-57a2d4851a1d" relativeResultsDirectory="f6ac2ebf-dfae-4795-8737-5c1e136199a3" /><UnitTestResult executionId="157b3855-27b1-418d-b355-b1a2ab48194d" testId="684f3f0d-65a1-4fe2-b0a9-d859829d462a" testName="JilTests.DeserializeTests.Issue73" computerName="SIEBL-4303-04" duration="00:00:00.0730000" startTime="2018-11-11T16:40:03.3344512-06:00" endTime="2018-11-11T16:40:03.3344512-06:00" testType="13cdc9d9-ddb5-4fa4-a97d-d965ccfc6d4b" outcome="Passed" testListId="8c84fa94-04c1-424b-9868-57a2d4851a1d" relativeResultsDirectory="157b3855-27b1-418d-b355-b1a2ab48194d" /><UnitTestResult executionId="ad84713b-9925-4070-9e03-b40a49886f13" testId="0c2eab7b-d5d8-4d56-888d-3923dd3bbbde" testName="JilTests.DeserializeDynamicTests.TimeSpans_Microsoft" computerName="SIEBL-4303-04" duration="00:00:00.0610000" startTime="2018-11-11T16:40:01.0198778-06:00" endTime="2018-11-11T16:40:01.0198778-06:00" testType="13cdc9d9-ddb5-4fa4-a97d-d965ccfc6d4b" outcome="Passed" testListId="8c84fa94-04c1-424b-9868-57a2d4851a1d" relativeResultsDirectory="ad84713b-9925-4070-9e03-b40a49886f13" /><UnitTestResult executionId="69e5eae2-5d94-47d9-b9ca-3622ea3e7462" testId="551f31a8-c5b4-4b3d-aa87-31adf1ba2b20" testName="JilTests.DeserializeDynamicTests.FlagsEnum" computerName="SIEBL-4303-04" duration="00:00:00.0710000" startTime="2018-11-11T16:40:00.8407582-06:00" endTime="2018-11-11T16:40:00.8407582-06:00" testType="13cdc9d9-ddb5-4fa4-a97d-d965ccfc6d4b" outcome="Passed" testListId="8c84fa94-04c1-424b-9868-57a2d4851a1d" relativeResultsDirectory="69e5eae2-5d94-47d9-b9ca-3622ea3e7462" /><UnitTestResult executionId="3f14e4bb-f7af-4fe0-9542-f1dfb58f0a70" testId="6b3f12be-8771-4a19-b073-1fdd1b8f6d8e" testName="JilTests.DynamicSerializationTests.MicrosoftTimeSpans" computerName="SIEBL-4303-04" duration="00:00:00.0110000" startTime="2018-11-11T16:39:59.8571598-06:00" endTime="2018-11-11T16:39:59.8571598-06:00" testType="13cdc9d9-ddb5-4fa4-a97d-d965ccfc6d4b" outcome="Passed" testListId="8c84fa94-04c1-424b-9868-57a2d4851a1d" relativeResultsDirectory="3f14e4bb-f7af-4fe0-9542-f1dfb58f0a70" /><UnitTestResult executionId="56ae4ebf-73a1-4b4b-8ca9-6619bdf36b62" testId="67362295-72c8-405a-83f0-feb6e2f17a75" testName="JilTests.EnumFlagsTest.TestEnumFlagsDeserialize2" computerName="SIEBL-4303-04" duration="00:00:00.0010000" startTime="2018-11-11T16:39:58.0360222-06:00" endTime="2018-11-11T16:39:58.0360222-06:00" testType="13cdc9d9-ddb5-4fa4-a97d-d965ccfc6d4b" outcome="Passed" testListId="8c84fa94-04c1-424b-9868-57a2d4851a1d" relativeResultsDirectory="56ae4ebf-73a1-4b4b-8ca9-6619bdf36b62" /><UnitTestResult executionId="07eb66be-34ea-4bd7-a6b3-55b5b5f83d9c" testId="5d9bfba2-be7e-423a-9060-ff6161f3e777" testName="JilTests.DeserializeTests.ISO8601TimeSpan_Weeks" computerName="SIEBL-4303-04" duration="00:00:00.0020000" startTime="2018-11-11T16:40:15.1924554-06:00" endTime="2018-11-11T16:40:15.1924554-06:00" testType="13cdc9d9-ddb5-4fa4-a97d-d965ccfc6d4b" outcome="Passed" testListId="8c84fa94-04c1-424b-9868-57a2d4851a1d" relativeResultsDirectory="07eb66be-34ea-4bd7-a6b3-55b5b5f83d9c" /><UnitTestResult executionId="2684d966-a350-448d-b3c9-14559c03c171" testId="9a33c0e6-38a0-42ac-b80b-585995e70523" testName="JilTests.SerializeTests.ISODateTimes" computerName="SIEBL-4303-04" duration="00:00:00.0390000" startTime="2018-11-11T16:40:05.7295066-06:00" endTime="2018-11-11T16:40:05.7295066-06:00" testType="13cdc9d9-ddb5-4fa4-a97d-d965ccfc6d4b" outcome="Passed" testListId="8c84fa94-04c1-424b-9868-57a2d4851a1d" relativeResultsDirectory="2684d966-a350-448d-b3c9-14559c03c171" /><UnitTestResult executionId="8a9b849d-ff42-4e12-ba79-c73de2d63c53" testId="e518cc9f-be4b-4c75-9a9c-d7c74fdccc32" testName="JilTests.EnumFlagsTest.TestEnumFlagsSerialize" computerName="SIEBL-4303-04" duration="00:00:00.0720000" startTime="2018-11-11T16:39:58.0280168-06:00" endTime="2018-11-11T16:39:58.0280168-06:00" testType="13cdc9d9-ddb5-4fa4-a97d-d965ccfc6d4b" outcome="Passed" testListId="8c84fa94-04c1-424b-9868-57a2d4851a1d" relativeResultsDirectory="8a9b849d-ff42-4e12-ba79-c73de2d63c53" /><UnitTestResult executionId="f57d9981-1a65-4e9d-a5a3-262f551c94f0" testId="7f43ec1e-c85b-4019-bb5a-dde621132589" testName="JilTests.DeserializeDynamicTests.EnumMemberAttributeOverride" computerName="SIEBL-4303-04" duration="00:00:00.0160000" startTime="2018-11-11T16:40:00.7697123-06:00" endTime="2018-11-11T16:40:00.7697123-06:00" testType="13cdc9d9-ddb5-4fa4-a97d-d965ccfc6d4b" outcome="Passed" testListId="8c84fa94-04c1-424b-9868-57a2d4851a1d" relativeResultsDirectory="f57d9981-1a65-4e9d-a5a3-262f551c94f0" /><UnitTestResult executionId="1750332c-8edb-4a1a-9b70-d2052a7f97ff" testId="00c1dc68-8fff-43af-8cf6-a013fbc0bbdb" testName="JilTests.DeserializeDynamicTests.MicrosoftDateTimesWithTimeZones" computerName="SIEBL-4303-04" duration="00:00:02.1060000" startTime="2018-11-11T16:40:00.0813082-06:00" endTime="2018-11-11T16:40:00.0813082-06:00" testType="13cdc9d9-ddb5-4fa4-a97d-d965ccfc6d4b" outcome="Passed" testListId="8c84fa94-04c1-424b-9868-57a2d4851a1d" relativeResultsDirectory="1750332c-8edb-4a1a-9b70-d2052a7f97ff" /><UnitTestResult executionId="c246a7cb-27e9-4e3d-b83a-b0091abcb4e4" testId="c1b265a1-a4d2-47ca-a940-1c15920c6a7c" testName="JilTests.DeserializeTests.MalformedISO8601(dateString: &quot;\&quot;1900000\&quot;&quot;, expectedError: &quot;Expected ordinal day to be between 001 and 366&quot;)" computerName="SIEBL-4303-04" duration="00:00:00.0010000" startTime="2018-11-11T16:39:57.5446943-06:00" endTime="2018-11-11T16:39:57.5446943-06:00" testType="13cdc9d9-ddb5-4fa4-a97d-d965ccfc6d4b" outcome="Passed" testListId="8c84fa94-04c1-424b-9868-57a2d4851a1d" relativeResultsDirectory="c246a7cb-27e9-4e3d-b83a-b0091abcb4e4" /><UnitTestResult executionId="691757a1-1666-46d3-bbdd-ced66f46a117" testId="90fc52fb-45f8-4710-b3e8-5c8778639e30" testName="JilTests.DeserializeTests.BadDouble(input: &quot;1.2E10E10&quot;, expectedSnippetAfter: &quot;E10&quot;)" computerName="SIEBL-4303-04" duration="00:00:00.0010000" startTime="2018-11-11T16:40:14.8282108-06:00" endTime="2018-11-11T16:40:14.8282108-06:00" testType="13cdc9d9-ddb5-4fa4-a97d-d965ccfc6d4b" outcome="Passed" testListId="8c84fa94-04c1-424b-9868-57a2d4851a1d" relativeResultsDirectory="691757a1-1666-46d3-bbdd-ced66f46a117" /><UnitTestResult executionId="59827e0b-ab31-4176-b311-71ecc7cd10d8" testId="8a49a504-dae7-4014-b170-c6d16fc8a77c" testName="JilTests.SerializeTests.ValueTypes" computerName="SIEBL-4303-04" duration="00:00:00.4130000" startTime="2018-11-11T16:39:59.4708360-06:00" endTime="2018-11-11T16:39:59.4708360-06:00" testType="13cdc9d9-ddb5-4fa4-a97d-d965ccfc6d4b" outcome="Passed" testListId="8c84fa94-04c1-424b-9868-57a2d4851a1d" relativeResultsDirectory="59827e0b-ab31-4176-b311-71ecc7cd10d8" /><UnitTestResult executionId="259b9fa2-0d3d-440d-81e3-b184cd28c4a9" testId="a0ea015d-3bf1-4e27-834e-8250e472fc5d" testName="JilTests.DeserializeDynamicTests.DictionaryCoercion" computerName="SIEBL-4303-04" duration="00:00:00.0150000" startTime="2018-11-11T16:40:00.0963194-06:00" endTime="2018-11-11T16:40:00.0963194-06:00" testType="13cdc9d9-ddb5-4fa4-a97d-d965ccfc6d4b" outcome="Passed" testListId="8c84fa94-04c1-424b-9868-57a2d4851a1d" relativeResultsDirectory="259b9fa2-0d3d-440d-81e3-b184cd28c4a9" /><UnitTestResult executionId="6a5b255b-f342-4cb2-9e21-89552265a035" testId="6e4aa0ab-e56c-41c9-98b1-ebcc5700646a" testName="JilTests.DeserializeTests.ParseISO8601" computerName="SIEBL-4303-04" duration="00:00:00.0120000" startTime="2018-11-11T16:40:03.9138378-06:00" endTime="2018-11-11T16:40:03.9138378-06:00" testType="13cdc9d9-ddb5-4fa4-a97d-d965ccfc6d4b" outcome="Passed" testListId="8c84fa94-04c1-424b-9868-57a2d4851a1d" relativeResultsDirectory="6a5b255b-f342-4cb2-9e21-89552265a035" /><UnitTestResult executionId="752b0477-a617-4c13-9ec0-8c46b5324a63" testId="8cb683b2-501b-410d-98c9-da389971037d" testName="JilTests.DeserializeTests.Issue143TimeSpan" computerName="SIEBL-4303-04" duration="00:00:00.0010000" startTime="2018-11-11T16:40:15.9809815-06:00" endTime="2018-11-11T16:40:15.9809815-06:00" testType="13cdc9d9-ddb5-4fa4-a97d-d965ccfc6d4b" outcome="Passed" testListId="8c84fa94-04c1-424b-9868-57a2d4851a1d" relativeResultsDirectory="752b0477-a617-4c13-9ec0-8c46b5324a63" /><UnitTestResult executionId="57331bf3-2c3f-4db0-8d18-0ceffaf81990" testId="b94751fd-f46e-4b9a-8e00-891a6f320d7d" testName="JilTests.DeserializeTests.MalformedISO8601(dateString: &quot;\&quot;1999-W1\&quot;&quot;, expectedError: &quot;Unexpected date string length&quot;)" computerName="SIEBL-4303-04" duration="00:00:00.0010000" startTime="2018-11-11T16:39:57.5466956-06:00" endTime="2018-11-11T16:39:57.5466956-06:00" testType="13cdc9d9-ddb5-4fa4-a97d-d965ccfc6d4b" outcome="Passed" testListId="8c84fa94-04c1-424b-9868-57a2d4851a1d" relativeResultsDirectory="57331bf3-2c3f-4db0-8d18-0ceffaf81990" /><UnitTestResult executionId="b5c94375-3a48-4cf2-b321-d6a9641a3068" testId="c903dd96-617b-442b-a8a3-25e3e3bc242a" testName="JilTests.DeserializeTests.UnionAttributeError" computerName="SIEBL-4303-04" duration="00:00:00.0190000" startTime="2018-11-11T16:40:06.5070242-06:00" endTime="2018-11-11T16:40:06.5070242-06:00" testType="13cdc9d9-ddb5-4fa4-a97d-d965ccfc6d4b" outcome="Passed" testListId="8c84fa94-04c1-424b-9868-57a2d4851a1d" relativeResultsDirectory="b5c94375-3a48-4cf2-b321-d6a9641a3068" /><UnitTestResult executionId="2d9e9a6f-b486-4a7b-bab2-5c042ac84c7c" testId="e86a5011-b757-486e-be5b-2efdc1e2e6d0" testName="JilTests.DeserializeTests.Issue117_ULong" computerName="SIEBL-4303-04" duration="00:00:00.0040000" startTime="2018-11-11T16:40:03.4455250-06:00" endTime="2018-11-11T16:40:03.4455250-06:00" testType="13cdc9d9-ddb5-4fa4-a97d-d965ccfc6d4b" outcome="Passed" testListId="8c84fa94-04c1-424b-9868-57a2d4851a1d" relativeResultsDirectory="2d9e9a6f-b486-4a7b-bab2-5c042ac84c7c" /><UnitTestResult executionId="8894ad07-262d-4cd3-910b-172a9d010f05" testId="66cd7baa-d0ab-462f-9b32-91fc02e1fdd9" testName="JilTests.DeserializeTests.Chars" computerName="SIEBL-4303-04" duration="00:00:00.0140000" startTime="2018-11-11T16:40:05.0052493-06:00" endTime="2018-11-11T16:40:05.0052493-06:00" testType="13cdc9d9-ddb5-4fa4-a97d-d965ccfc6d4b" outcome="Passed" testListId="8c84fa94-04c1-424b-9868-57a2d4851a1d" relativeResultsDirectory="8894ad07-262d-4cd3-910b-172a9d010f05" /><UnitTestResult executionId="4b0d9f5d-ae77-4368-aabe-056558f0131b" testId="e9ce5bd8-ab3b-434c-bf3b-d350c25df664" testName="JilTests.SerializeTests.Issue27" computerName="SIEBL-4303-04" duration="00:00:00.0140000" startTime="2018-11-11T16:40:05.6327682-06:00" endTime="2018-11-11T16:40:05.6327682-06:00" testType="13cdc9d9-ddb5-4fa4-a97d-d965ccfc6d4b" outcome="Passed" testListId="8c84fa94-04c1-424b-9868-57a2d4851a1d" relativeResultsDirectory="4b0d9f5d-ae77-4368-aabe-056558f0131b" /><UnitTestResult executionId="08bd26d0-c5c0-494b-b15e-5216b6d0c1b3" testId="04c43196-8ccd-4327-9c03-f0efa71be6ff" testName="JilTests.UtilsTests.FindRecursiveTypes_DictDict" computerName="SIEBL-4303-04" duration="00:00:00.0540000" startTime="2018-11-11T16:39:57.3745805-06:00" endTime="2018-11-11T16:39:57.3745805-06:00" testType="13cdc9d9-ddb5-4fa4-a97d-d965ccfc6d4b" outcome="Passed" testListId="8c84fa94-04c1-424b-9868-57a2d4851a1d" relativeResultsDirectory="08bd26d0-c5c0-494b-b15e-5216b6d0c1b3" /><UnitTestResult executionId="34c57bd1-2073-420c-bb1b-ea0d5f8a65a7" testId="8440b604-ee9d-46d7-94ae-0f6b4ec0da9e" testName="JilTests.DeserializeTests.Issue151" computerName="SIEBL-4303-04" duration="00:00:00.0490000" startTime="2018-11-11T16:40:05.9106266-06:00" endTime="2018-11-11T16:40:05.9106266-06:00" testType="13cdc9d9-ddb5-4fa4-a97d-d965ccfc6d4b" outcome="Passed" testListId="8c84fa94-04c1-424b-9868-57a2d4851a1d" relativeResultsDirectory="34c57bd1-2073-420c-bb1b-ea0d5f8a65a7" /><UnitTestResult executionId="64cb2e70-87a2-4ed0-8db5-f807d6707f3a" testId="8001df7f-7974-4fb6-89ca-ecf3d3feaca0" testName="JilTests.DeserializeTests.MicrosoftTimeSpan" computerName="SIEBL-4303-04" duration="00:00:00.0090000" startTime="2018-11-11T16:40:15.9739756-06:00" endTime="2018-11-11T16:40:15.9739756-06:00" testType="13cdc9d9-ddb5-4fa4-a97d-d965ccfc6d4b" outcome="Passed" testListId="8c84fa94-04c1-424b-9868-57a2d4851a1d" relativeResultsDirectory="64cb2e70-87a2-4ed0-8db5-f807d6707f3a" /><UnitTestResult executionId="80857579-8623-47d4-8942-4298384eb51f" testId="eaa25d61-eb2c-4672-ae43-140377f889b6" testName="JilTests.DeserializeDynamicTests.ArrayEnumerator" computerName="SIEBL-4303-04" duration="00:00:00.0090000" startTime="2018-11-11T16:40:00.6786501-06:00" endTime="2018-11-11T16:40:00.6786501-06:00" testType="13cdc9d9-ddb5-4fa4-a97d-d965ccfc6d4b" outcome="Passed" testListId="8c84fa94-04c1-424b-9868-57a2d4851a1d" relativeResultsDirectory="80857579-8623-47d4-8942-4298384eb51f" /><UnitTestResult executionId="7076a7c5-dc95-4afa-a569-ffc40e4e318b" testId="349f6e64-e3a5-4b94-9153-3240c04eadbb" testName="JilTests.DeserializeDynamicTests.Issue117(input: &quot;1.&quot;, expectedError: &quot;Expected digit&quot;)" computerName="SIEBL-4303-04" duration="00:00:00.0010000" startTime="2018-11-11T16:39:58.0060018-06:00" endTime="2018-11-11T16:39:58.0060018-06:00" testType="13cdc9d9-ddb5-4fa4-a97d-d965ccfc6d4b" outcome="Passed" testListId="8c84fa94-04c1-424b-9868-57a2d4851a1d" relativeResultsDirectory="7076a7c5-dc95-4afa-a569-ffc40e4e318b" /><UnitTestResult executionId="a37a91a4-0892-4259-a46e-8463ff7a97c7" testId="0f968669-9f80-4cd2-a518-27e1aa1d7e49" testName="JilTests.SerializeTests.Issue258" computerName="SIEBL-4303-04" duration="00:00:00.0430000" startTime="2018-11-11T16:40:11.7748277-06:00" endTime="2018-11-11T16:40:11.7748277-06:00" testType="13cdc9d9-ddb5-4fa4-a97d-d965ccfc6d4b" outcome="Passed" testListId="8c84fa94-04c1-424b-9868-57a2d4851a1d" relativeResultsDirectory="a37a91a4-0892-4259-a46e-8463ff7a97c7" /><UnitTestResult executionId="b284672d-9989-4abb-850a-e9756935a690" testId="d6da1148-3527-40cf-a94c-57553d8390bf" testName="JilTests.DeserializeDynamicTests.MillisecondDateTimes" computerName="SIEBL-4303-04" duration="00:00:00.0070000" startTime="2018-11-11T16:40:00.3834531-06:00" endTime="2018-11-11T16:40:00.3834531-06:00" testType="13cdc9d9-ddb5-4fa4-a97d-d965ccfc6d4b" outcome="Passed" testListId="8c84fa94-04c1-424b-9868-57a2d4851a1d" relativeResultsDirectory="b284672d-9989-4abb-850a-e9756935a690" /><UnitTestResult executionId="943f67e3-6adf-4355-81cc-fa7eb8441f3f" testId="ecac3b15-0c3d-4893-b543-9342dcff69c3" testName="JilTests.SerializeTests.FlagsEnum" computerName="SIEBL-4303-04" duration="00:00:00.0400000" startTime="2018-11-11T16:40:05.2314002-06:00" endTime="2018-11-11T16:40:05.2314002-06:00" testType="13cdc9d9-ddb5-4fa4-a97d-d965ccfc6d4b" outcome="Passed" testListId="8c84fa94-04c1-424b-9868-57a2d4851a1d" relativeResultsDirectory="943f67e3-6adf-4355-81cc-fa7eb8441f3f" /><UnitTestResult executionId="658cc61d-a87e-44c9-912a-78aaa7219728" testId="14c7244f-1def-4045-87fa-398ff255de61" testName="JilTests.DeserializeTests.Doubles" computerName="SIEBL-4303-04" duration="00:00:00.0200000" startTime="2018-11-11T16:40:03.2199959-06:00" endTime="2018-11-11T16:40:03.2199959-06:00" testType="13cdc9d9-ddb5-4fa4-a97d-d965ccfc6d4b" outcome="Passed" testListId="8c84fa94-04c1-424b-9868-57a2d4851a1d" relativeResultsDirectory="658cc61d-a87e-44c9-912a-78aaa7219728" /><UnitTestResult executionId="41115ede-c672-41e5-90c8-b6e3de4233d2" testId="237dcf59-2e91-4d8e-a787-7039aa958e4d" testName="JilTests.SerializeTests.Issue272" computerName="SIEBL-4303-04" duration="00:00:00.0210000" startTime="2018-11-11T16:39:59.0597049-06:00" endTime="2018-11-11T16:39:59.0597049-06:00" testType="13cdc9d9-ddb5-4fa4-a97d-d965ccfc6d4b" outcome="Passed" testListId="8c84fa94-04c1-424b-9868-57a2d4851a1d" relativeResultsDirectory="41115ede-c672-41e5-90c8-b6e3de4233d2" /><UnitTestResult executionId="a3a20a79-ba36-45c1-819d-942db85eca39" testId="1dd602dd-4de9-4a14-ba05-afdd0720baa8" testName="JilTests.DeserializeTests.UnionTypeMisconfiguration" computerName="SIEBL-4303-04" duration="00:00:00.0600000" startTime="2018-11-11T16:40:08.9361785-06:00" endTime="2018-11-11T16:40:08.9361785-06:00" testType="13cdc9d9-ddb5-4fa4-a97d-d965ccfc6d4b" outcome="Passed" testListId="8c84fa94-04c1-424b-9868-57a2d4851a1d" relativeResultsDirectory="a3a20a79-ba36-45c1-819d-942db85eca39" /><UnitTestResult executionId="17e3c2c1-13a0-466f-8314-5b5c73a6fa35" testId="57b68bc1-6ccd-4a0a-a6cf-9a7d2e1b77ce" testName="JilTests.DeserializeTests.Longs" computerName="SIEBL-4303-04" duration="00:00:00.0010000" startTime="2018-11-11T16:40:06.4960181-06:00" endTime="2018-11-11T16:40:06.4960181-06:00" testType="13cdc9d9-ddb5-4fa4-a97d-d965ccfc6d4b" outcome="Passed" testListId="8c84fa94-04c1-424b-9868-57a2d4851a1d" relativeResultsDirectory="17e3c2c1-13a0-466f-8314-5b5c73a6fa35" /><UnitTestResult executionId="1da38885-ea15-4dde-9622-da6c7cfc90c6" testId="ac3f864c-c7d6-4939-a1f3-a3f95f068a51" testName="JilTests.DeserializeDynamicTests.Not" computerName="SIEBL-4303-04" duration="00:00:00.0070000" startTime="2018-11-11T16:40:01.2267989-06:00" endTime="2018-11-11T16:40:01.2267989-06:00" testType="13cdc9d9-ddb5-4fa4-a97d-d965ccfc6d4b" outcome="Passed" testListId="8c84fa94-04c1-424b-9868-57a2d4851a1d" relativeResultsDirectory="1da38885-ea15-4dde-9622-da6c7cfc90c6" /><UnitTestResult executionId="4b4e211c-f52e-45bb-83d0-7a2ed1cf3646" testId="59499d9a-6db1-4051-aaf4-624c8e7a52d2" testName="JilTests.SerializeTests.ReuseTypeSerializers" computerName="SIEBL-4303-04" duration="00:00:00.0120000" startTime="2018-11-11T16:39:59.6780391-06:00" endTime="2018-11-11T16:39:59.6780391-06:00" testType="13cdc9d9-ddb5-4fa4-a97d-d965ccfc6d4b" outcome="Passed" testListId="8c84fa94-04c1-424b-9868-57a2d4851a1d" relativeResultsDirectory="4b4e211c-f52e-45bb-83d0-7a2ed1cf3646" /><UnitTestResult executionId="3318a5fd-452a-4a57-ac4b-3b0148c32906" testId="a3892e76-9b8b-4ce7-b1e3-d8485af671f5" testName="JilTests.SerializeTests.Enumerables" computerName="SIEBL-4303-04" duration="00:00:00.1250000" startTime="2018-11-11T16:39:58.0100045-06:00" endTime="2018-11-11T16:39:58.0100045-06:00" testType="13cdc9d9-ddb5-4fa4-a97d-d965ccfc6d4b" outcome="Passed" testListId="8c84fa94-04c1-424b-9868-57a2d4851a1d" relativeResultsDirectory="3318a5fd-452a-4a57-ac4b-3b0148c32906" /><UnitTestResult executionId="faca77d8-7c3a-4d8d-be8f-c28d3d872df7" testId="427316eb-1db2-4179-99be-6f94c5978fc8" testName="JilTests.DeserializeTests.Nullables" computerName="SIEBL-4303-04" duration="00:00:00.0170000" startTime="2018-11-11T16:40:02.9498153-06:00" endTime="2018-11-11T16:40:02.9498153-06:00" testType="13cdc9d9-ddb5-4fa4-a97d-d965ccfc6d4b" outcome="Passed" testListId="8c84fa94-04c1-424b-9868-57a2d4851a1d" relativeResultsDirectory="faca77d8-7c3a-4d8d-be8f-c28d3d872df7" /><UnitTestResult executionId="2d52ea52-d9f8-4960-b1f3-041c58f6af19" testId="74d6824e-2662-4308-a478-29a7300ff436" testName="JilTests.DeserializeDynamicTests.ShortCircuits" computerName="SIEBL-4303-04" duration="00:00:00.0070000" startTime="2018-11-11T16:40:00.1023237-06:00" endTime="2018-11-11T16:40:00.1023237-06:00" testType="13cdc9d9-ddb5-4fa4-a97d-d965ccfc6d4b" outcome="Passed" testListId="8c84fa94-04c1-424b-9868-57a2d4851a1d" relativeResultsDirectory="2d52ea52-d9f8-4960-b1f3-041c58f6af19" /><UnitTestResult executionId="e3ac4937-b36e-4daa-9880-310b96d36d29" testId="60a06c7c-2387-4b63-bc5e-b345645f5a56" testName="JilTests.DeserializeDynamicTests.NewtsoftDateTimes" computerName="SIEBL-4303-04" duration="00:00:00.0020000" startTime="2018-11-11T16:40:00.4234813-06:00" endTime="2018-11-11T16:40:00.4234813-06:00" testType="13cdc9d9-ddb5-4fa4-a97d-d965ccfc6d4b" outcome="Passed" testListId="8c84fa94-04c1-424b-9868-57a2d4851a1d" relativeResultsDirectory="e3ac4937-b36e-4daa-9880-310b96d36d29" /><UnitTestResult executionId="d7f2d90f-6ad8-49ef-8d9a-1ffdc33d17a4" testId="bce4795b-873f-4ed9-8e82-938e6ad59ac0" testName="JilTests.DeserializeTests.ISets" computerName="SIEBL-4303-04" duration="00:00:00.1990000" startTime="2018-11-11T16:40:02.4522770-06:00" endTime="2018-11-11T16:40:02.4522770-06:00" testType="13cdc9d9-ddb5-4fa4-a97d-d965ccfc6d4b" outcome="Passed" testListId="8c84fa94-04c1-424b-9868-57a2d4851a1d" relativeResultsDirectory="d7f2d90f-6ad8-49ef-8d9a-1ffdc33d17a4" /><UnitTestResult executionId="c3e97757-d7d5-4427-b20c-696e880edf14" testId="002f4ec9-b4fb-47a7-ba1c-a7b17edc6991" testName="JilTests.DynamicSerializationTests.ElasticExampleFailure" computerName="SIEBL-4303-04" duration="00:00:00.4600000" startTime="2018-11-11T16:39:58.8415594-06:00" endTime="2018-11-11T16:39:58.8415594-06:00" testType="13cdc9d9-ddb5-4fa4-a97d-d965ccfc6d4b" outcome="Passed" testListId="8c84fa94-04c1-424b-9868-57a2d4851a1d" relativeResultsDirectory="c3e97757-d7d5-4427-b20c-696e880edf14" /><UnitTestResult executionId="68230317-4bdb-4828-8475-35a2607ffb51" testId="836efef4-5f9f-4e52-af0f-61d680566b8f" testName="JilTests.DeserializeTests.Issue143DateTimeOffsetFractionOverflow" computerName="SIEBL-4303-04" duration="00:00:00.0010000" startTime="2018-11-11T16:40:12.5781329-06:00" endTime="2018-11-11T16:40:12.5781329-06:00" testType="13cdc9d9-ddb5-4fa4-a97d-d965ccfc6d4b" outcome="Passed" testListId="8c84fa94-04c1-424b-9868-57a2d4851a1d" relativeResultsDirectory="68230317-4bdb-4828-8475-35a2607ffb51" /><UnitTestResult executionId="25d99e03-14eb-488f-ad86-fa2c0852cb12" testId="22b2f2eb-aa5f-47d0-a50e-59a066007ffe" testName="JilTests.DeserializeDynamicTests.DateTimeOffsets" computerName="SIEBL-4303-04" duration="00:00:00.0080000" startTime="2018-11-11T16:40:00.1243381-06:00" endTime="2018-11-11T16:40:00.1243381-06:00" testType="13cdc9d9-ddb5-4fa4-a97d-d965ccfc6d4b" outcome="Passed" testListId="8c84fa94-04c1-424b-9868-57a2d4851a1d" relativeResultsDirectory="25d99e03-14eb-488f-ad86-fa2c0852cb12" /><UnitTestResult executionId="73d81a4d-f099-4544-8540-b54edc33a9df" testId="3a0a29f0-db59-49a4-acd4-299be1dfad0d" testName="JilTests.SerializeTests.SerializeDynamicToString" computerName="SIEBL-4303-04" duration="00:00:00.0010000" startTime="2018-11-11T16:40:11.8268618-06:00" endTime="2018-11-11T16:40:11.8268618-06:00" testType="13cdc9d9-ddb5-4fa4-a97d-d965ccfc6d4b" outcome="Passed" testListId="8c84fa94-04c1-424b-9868-57a2d4851a1d" relativeResultsDirectory="73d81a4d-f099-4544-8540-b54edc33a9df" /><UnitTestResult executionId="02d3a3fd-12f4-46f2-ba52-33887bd2403b" testId="2dd9d97a-9de5-432e-86e7-4b85eb5179ff" testName="JilTests.SerializeTests.MillsecondsTimeSpans" computerName="SIEBL-4303-04" duration="00:00:00.0030000" startTime="2018-11-11T16:40:08.1128783-06:00" endTime="2018-11-11T16:40:08.1128783-06:00" testType="13cdc9d9-ddb5-4fa4-a97d-d965ccfc6d4b" outcome="Passed" testListId="8c84fa94-04c1-424b-9868-57a2d4851a1d" relativeResultsDirectory="02d3a3fd-12f4-46f2-ba52-33887bd2403b" /><UnitTestResult executionId="f71b6b24-cb1a-43dc-afa1-c6716b139c4c" testId="747b9026-a2ea-481e-8270-0d50e8787d44" testName="JilTests.DeserializeTests.NullEmptyMembers" computerName="SIEBL-4303-04" duration="00:00:00.0520000" startTime="2018-11-11T16:40:02.2509094-06:00" endTime="2018-11-11T16:40:02.2509094-06:00" testType="13cdc9d9-ddb5-4fa4-a97d-d965ccfc6d4b" outcome="Passed" testListId="8c84fa94-04c1-424b-9868-57a2d4851a1d" relativeResultsDirectory="f71b6b24-cb1a-43dc-afa1-c6716b139c4c" /><UnitTestResult executionId="456aa34d-62e8-430c-8936-a4b34243d922" testId="6bd997b2-8dfc-456a-91af-ad237401a42e" testName="JilTests.SerializeTests.Issue42" computerName="SIEBL-4303-04" duration="00:00:00.0460000" startTime="2018-11-11T16:39:58.2821864-06:00" endTime="2018-11-11T16:39:58.2821864-06:00" testType="13cdc9d9-ddb5-4fa4-a97d-d965ccfc6d4b" outcome="Passed" testListId="8c84fa94-04c1-424b-9868-57a2d4851a1d" relativeResultsDirectory="456aa34d-62e8-430c-8936-a4b34243d922" /><UnitTestResult executionId="7d9330ed-027f-4ddc-81f5-13b4138e421b" testId="34fdba56-0915-4ac6-8ebc-7444985b1045" testName="JilTests.DeserializeTests.ComplicatedDiscriminateUnion" computerName="SIEBL-4303-04" duration="00:00:00.4990000" startTime="2018-11-11T16:40:13.2753158-06:00" endTime="2018-11-11T16:40:13.2753158-06:00" testType="13cdc9d9-ddb5-4fa4-a97d-d965ccfc6d4b" outcome="Passed" testListId="8c84fa94-04c1-424b-9868-57a2d4851a1d" relativeResultsDirectory="7d9330ed-027f-4ddc-81f5-13b4138e421b" /><UnitTestResult executionId="4b8dd92d-8bdf-47be-9794-963db1dc1d48" testId="9a0acc6d-5d46-4080-ac24-30ecd1f53121" testName="JilTests.DeserializeTests.DateTimeOffsets" computerName="SIEBL-4303-04" duration="00:00:00.0050000" startTime="2018-11-11T16:40:16.6023956-06:00" endTime="2018-11-11T16:40:16.6023956-06:00" testType="13cdc9d9-ddb5-4fa4-a97d-d965ccfc6d4b" outcome="Passed" testListId="8c84fa94-04c1-424b-9868-57a2d4851a1d" relativeResultsDirectory="4b8dd92d-8bdf-47be-9794-963db1dc1d48" /><UnitTestResult executionId="5956619d-a433-43b8-b066-2a514331afda" testId="71b1627a-e11c-48ff-9733-39b7f36cd860" testName="JilTests.DeserializeTests.Issue126" computerName="SIEBL-4303-04" duration="00:00:00.0070000" startTime="2018-11-11T16:40:12.6882061-06:00" endTime="2018-11-11T16:40:12.6882061-06:00" testType="13cdc9d9-ddb5-4fa4-a97d-d965ccfc6d4b" outcome="Passed" testListId="8c84fa94-04c1-424b-9868-57a2d4851a1d" relativeResultsDirectory="5956619d-a433-43b8-b066-2a514331afda" /><UnitTestResult executionId="64535b11-a91a-4551-bcde-1955be6fef75" testId="70e37fc0-4b49-4915-ab1f-3bf9c8f903d2" testName="JilTests.DeserializeTests.SecondDateTimes" computerName="SIEBL-4303-04" duration="00:00:00.0020000" startTime="2018-11-11T16:40:09.0922832-06:00" endTime="2018-11-11T16:40:09.0922832-06:00" testType="13cdc9d9-ddb5-4fa4-a97d-d965ccfc6d4b" outcome="Passed" testListId="8c84fa94-04c1-424b-9868-57a2d4851a1d" relativeResultsDirectory="64535b11-a91a-4551-bcde-1955be6fef75" /><UnitTestResult executionId="ea5e4f62-26aa-4d45-8831-24a7300ea7fd" testId="f46a025e-993e-494a-aae4-c92df87506f4" testName="JilTests.SerializeTests.EnumDictionaryKeys" computerName="SIEBL-4303-04" duration="00:00:00.2410000" startTime="2018-11-11T16:39:57.8048679-06:00" endTime="2018-11-11T16:39:57.8048679-06:00" testType="13cdc9d9-ddb5-4fa4-a97d-d965ccfc6d4b" outcome="Passed" testListId="8c84fa94-04c1-424b-9868-57a2d4851a1d" relativeResultsDirectory="ea5e4f62-26aa-4d45-8831-24a7300ea7fd" /><UnitTestResult executionId="6a890b1c-d0a8-47a0-a73a-b880289ed6fd" testId="f12edbf1-837f-4f0c-b45d-01108c75c8b7" testName="JilTests.DeserializeTests.Issue143DateTime" computerName="SIEBL-4303-04" duration="00:00:00.0010000" startTime="2018-11-11T16:40:03.4475263-06:00" endTime="2018-11-11T16:40:03.4475263-06:00" testType="13cdc9d9-ddb5-4fa4-a97d-d965ccfc6d4b" outcome="Passed" testListId="8c84fa94-04c1-424b-9868-57a2d4851a1d" relativeResultsDirectory="6a890b1c-d0a8-47a0-a73a-b880289ed6fd" /><UnitTestResult executionId="96c91898-5b5f-4308-8d3a-6f061181e3ae" testId="0145753c-37d3-45b9-8cf2-c6a3cec8b8c8" testName="JilTests.DeserializeDynamicTests.ObjectEnumeration" computerName="SIEBL-4303-04" duration="00:00:00.0060000" startTime="2018-11-11T16:40:00.6576360-06:00" endTime="2018-11-11T16:40:00.6576360-06:00" testType="13cdc9d9-ddb5-4fa4-a97d-d965ccfc6d4b" outcome="Passed" testListId="8c84fa94-04c1-424b-9868-57a2d4851a1d" relativeResultsDirectory="96c91898-5b5f-4308-8d3a-6f061181e3ae" /><UnitTestResult executionId="c07d91be-04b4-43a1-a0f0-1fdb1ca8d81f" testId="329ad279-f397-49af-8211-0b56d1340d26" testName="JilTests.DeserializeTests.BadFloat(input: &quot;1.2.3.4.5.6&quot;, expectedSnippetAfter: &quot;.3.4.5.6&quot;)" computerName="SIEBL-4303-04" duration="00:00:00.0010000" startTime="2018-11-11T16:40:08.8013186-06:00" endTime="2018-11-11T16:40:08.8013186-06:00" testType="13cdc9d9-ddb5-4fa4-a97d-d965ccfc6d4b" outcome="Passed" testListId="8c84fa94-04c1-424b-9868-57a2d4851a1d" relativeResultsDirectory="c07d91be-04b4-43a1-a0f0-1fdb1ca8d81f" /><UnitTestResult executionId="deeec965-ad12-4551-910d-bd62b7fb3386" testId="c4bc8ea9-a24c-4bdd-a844-8608ebce4074" testName="JilTests.DeserializeDynamicTests.TimeSpans_ISO8601" computerName="SIEBL-4303-04" duration="00:00:00.0750000" startTime="2018-11-11T16:40:00.7547008-06:00" endTime="2018-11-11T16:40:00.7547008-06:00" testType="13cdc9d9-ddb5-4fa4-a97d-d965ccfc6d4b" outcome="Passed" testListId="8c84fa94-04c1-424b-9868-57a2d4851a1d" relativeResultsDirectory="deeec965-ad12-4551-910d-bd62b7fb3386" /><UnitTestResult executionId="15f8adc1-bbb1-41ec-beb9-b93796ab12d0" testId="d6e432cb-2a3c-42b9-ba50-82376f0d741c" testName="JilTests.DeserializeTests.MalformedISO8601(dateString: &quot;\&quot;1900999\&quot;&quot;, expectedError: &quot;Expected ordinal day to be between 001 and 366&quot;)" computerName="SIEBL-4303-04" duration="00:00:00.0010000" startTime="2018-11-11T16:39:57.5537003-06:00" endTime="2018-11-11T16:39:57.5537003-06:00" testType="13cdc9d9-ddb5-4fa4-a97d-d965ccfc6d4b" outcome="Passed" testListId="8c84fa94-04c1-424b-9868-57a2d4851a1d" relativeResultsDirectory="15f8adc1-bbb1-41ec-beb9-b93796ab12d0" /><UnitTestResult executionId="0d068e9a-0958-4d92-ac4d-1baef08c3c77" testId="481d368c-9a2c-4b2b-ab71-099a07459d9b" testName="JilTests.DeserializeDynamicTests.MemberAccess" computerName="SIEBL-4303-04" duration="00:00:00.0040000" startTime="2018-11-11T16:40:00.6696441-06:00" endTime="2018-11-11T16:40:00.6696441-06:00" testType="13cdc9d9-ddb5-4fa4-a97d-d965ccfc6d4b" outcome="Passed" testListId="8c84fa94-04c1-424b-9868-57a2d4851a1d" relativeResultsDirectory="0d068e9a-0958-4d92-ac4d-1baef08c3c77" /><UnitTestResult executionId="615e7e56-40af-467b-9806-b45ede630267" testId="f63c46c4-7718-428c-b110-4be0c5f7c5c8" testName="JilTests.DeserializeTests.FlagsEnum" computerName="SIEBL-4303-04" duration="00:00:00.0830000" startTime="2018-11-11T16:40:12.7717351-06:00" endTime="2018-11-11T16:40:12.7717351-06:00" testType="13cdc9d9-ddb5-4fa4-a97d-d965ccfc6d4b" outcome="Passed" testListId="8c84fa94-04c1-424b-9868-57a2d4851a1d" relativeResultsDirectory="615e7e56-40af-467b-9806-b45ede630267" /><UnitTestResult executionId="2173bc89-9e5a-43e9-94b9-3a36609f237a" testId="8e61ef91-35f2-43c0-977a-aa3785a9d5cf" testName="JilTests.SerializeTests.Issue270" computerName="SIEBL-4303-04" duration="00:00:00.0560000" startTime="2018-11-11T16:40:10.1928852-06:00" endTime="2018-11-11T16:40:10.1928852-06:00" testType="13cdc9d9-ddb5-4fa4-a97d-d965ccfc6d4b" outcome="Passed" testListId="8c84fa94-04c1-424b-9868-57a2d4851a1d" relativeResultsDirectory="2173bc89-9e5a-43e9-94b9-3a36609f237a" /><UnitTestResult executionId="d46e1b4c-3099-455f-9946-65f0d2cfb147" testId="d8e9cc50-8188-4806-b521-b5047df2a350" testName="JilTests.DeserializeDynamicTests.Issue117(input: &quot;-001&quot;, expectedError: &quot;Number cannot have leading zeros&quot;)" computerName="SIEBL-4303-04" duration="00:00:00.0010000" startTime="2018-11-11T16:39:57.9749811-06:00" endTime="2018-11-11T16:39:57.9749811-06:00" testType="13cdc9d9-ddb5-4fa4-a97d-d965ccfc6d4b" outcome="Passed" testListId="8c84fa94-04c1-424b-9868-57a2d4851a1d" relativeResultsDirectory="d46e1b4c-3099-455f-9946-65f0d2cfb147" /><UnitTestResult executionId="6f92f087-744c-466a-b5da-d74eea2d0159" testId="2cf941ae-706b-45c2-a589-872ee0ac713e" testName="JilTests.DeserializeDynamicTests.UnaryPlus" computerName="SIEBL-4303-04" duration="00:00:00.0060000" startTime="2018-11-11T16:40:01.2958450-06:00" endTime="2018-11-11T16:40:01.2958450-06:00" testType="13cdc9d9-ddb5-4fa4-a97d-d965ccfc6d4b" outcome="Passed" testListId="8c84fa94-04c1-424b-9868-57a2d4851a1d" relativeResultsDirectory="6f92f087-744c-466a-b5da-d74eea2d0159" /><UnitTestResult executionId="f50eaaca-9b13-4244-a65a-df2bc1611cc5" testId="881cd49e-6f95-40b2-b880-d653a0b20283" testName="JilTests.DeserializeTests.ValueTypes" computerName="SIEBL-4303-04" duration="00:00:00.0550000" startTime="2018-11-11T16:40:03.1859807-06:00" endTime="2018-11-11T16:40:03.1859807-06:00" testType="13cdc9d9-ddb5-4fa4-a97d-d965ccfc6d4b" outcome="Passed" testListId="8c84fa94-04c1-424b-9868-57a2d4851a1d" relativeResultsDirectory="f50eaaca-9b13-4244-a65a-df2bc1611cc5" /><UnitTestResult executionId="0931f562-a530-4bad-9747-867adddeddb2" testId="b6336469-9a5e-48b4-ae9d-8ff963275f98" testName="JilTests.DeserializeDynamicTests.NotEquals" computerName="SIEBL-4303-04" duration="00:00:00.0450000" startTime="2018-11-11T16:40:01.0766013-06:00" endTime="2018-11-11T16:40:01.0766013-06:00" testType="13cdc9d9-ddb5-4fa4-a97d-d965ccfc6d4b" outcome="Passed" testListId="8c84fa94-04c1-424b-9868-57a2d4851a1d" relativeResultsDirectory="0931f562-a530-4bad-9747-867adddeddb2" /><UnitTestResult executionId="b201c6b1-0f3c-4320-ab5e-4504981fe217" testId="fcd24897-9bf9-4774-b008-3c4cbe8638d3" testName="JilTests.SerializeTests.Issue275" computerName="SIEBL-4303-04" duration="00:00:00.0610000" startTime="2018-11-11T16:39:58.3432271-06:00" endTime="2018-11-11T16:39:58.3432271-06:00" testType="13cdc9d9-ddb5-4fa4-a97d-d965ccfc6d4b" outcome="Passed" testListId="8c84fa94-04c1-424b-9868-57a2d4851a1d" relativeResultsDirectory="b201c6b1-0f3c-4320-ab5e-4504981fe217" /><UnitTestResult executionId="0a6a0023-68d7-4cf5-ad89-db5a02d6c370" testId="82740498-47ba-455d-8e72-5de0c0432aa3" testName="JilTests.DeserializeTests.NonDiscriminantUnion" computerName="SIEBL-4303-04" duration="00:00:00.0340000" startTime="2018-11-11T16:40:10.2489229-06:00" endTime="2018-11-11T16:40:10.2489229-06:00" testType="13cdc9d9-ddb5-4fa4-a97d-d965ccfc6d4b" outcome="Passed" testListId="8c84fa94-04c1-424b-9868-57a2d4851a1d" relativeResultsDirectory="0a6a0023-68d7-4cf5-ad89-db5a02d6c370" /><UnitTestResult executionId="18313c7c-7782-47b0-9fad-2c27dcf0d36b" testId="6e00b463-6657-4d44-afba-c295c318eed9" testName="JilTests.SerializeTests.Issue101" computerName="SIEBL-4303-04" duration="00:00:00.0080000" startTime="2018-11-11T16:39:58.9366240-06:00" endTime="2018-11-11T16:39:58.9366240-06:00" testType="13cdc9d9-ddb5-4fa4-a97d-d965ccfc6d4b" outcome="Passed" testListId="8c84fa94-04c1-424b-9868-57a2d4851a1d" relativeResultsDirectory="18313c7c-7782-47b0-9fad-2c27dcf0d36b" /><UnitTestResult executionId="6c076e02-6494-409b-89ba-d0b27be7b962" testId="9901c48c-3b2e-45a8-9e1a-4f0c91282517" testName="JilTests.DeserializeDynamicTests.LessThan" computerName="SIEBL-4303-04" duration="00:00:00.0060000" startTime="2018-11-11T16:40:00.6526333-06:00" endTime="2018-11-11T16:40:00.6526333-06:00" testType="13cdc9d9-ddb5-4fa4-a97d-d965ccfc6d4b" outcome="Passed" testListId="8c84fa94-04c1-424b-9868-57a2d4851a1d" relativeResultsDirectory="6c076e02-6494-409b-89ba-d0b27be7b962" /><UnitTestResult executionId="050f87ae-32fe-4cc5-8781-c9b23fe566b2" testId="7ca14811-e3af-4220-9fed-2099b4336e4a" testName="JilTests.DeserializeTests.Issue203" computerName="SIEBL-4303-04" duration="00:00:00.0960000" startTime="2018-11-11T16:40:00.1903810-06:00" endTime="2018-11-11T16:40:00.1903810-06:00" testType="13cdc9d9-ddb5-4fa4-a97d-d965ccfc6d4b" outcome="Passed" testListId="8c84fa94-04c1-424b-9868-57a2d4851a1d" relativeResultsDirectory="050f87ae-32fe-4cc5-8781-c9b23fe566b2" /><UnitTestResult executionId="31632a38-10f7-4145-a559-2ec7b187974d" testId="fc009ac5-71c5-41f8-a901-6ba91918522e" testName="JilTests.DeserializeDynamicTests.NewtsoftDateTimeOffsets" computerName="SIEBL-4303-04" duration="00:00:00.0020000" startTime="2018-11-11T16:40:01.2177929-06:00" endTime="2018-11-11T16:40:01.2177929-06:00" testType="13cdc9d9-ddb5-4fa4-a97d-d965ccfc6d4b" outcome="Passed" testListId="8c84fa94-04c1-424b-9868-57a2d4851a1d" relativeResultsDirectory="31632a38-10f7-4145-a559-2ec7b187974d" /><UnitTestResult executionId="35a274cf-2fb8-44c3-9d38-047560b672fc" testId="f7c2d1e9-b8da-4955-975a-5d02263f290f" testName="JilTests.DeserializeTests.Floats" computerName="SIEBL-4303-04" duration="00:00:00.0130000" startTime="2018-11-11T16:40:03.1999828-06:00" endTime="2018-11-11T16:40:03.1999828-06:00" testType="13cdc9d9-ddb5-4fa4-a97d-d965ccfc6d4b" outcome="Passed" testListId="8c84fa94-04c1-424b-9868-57a2d4851a1d" relativeResultsDirectory="35a274cf-2fb8-44c3-9d38-047560b672fc" /><UnitTestResult executionId="b69b34ab-9d56-496f-808a-89b0082a8525" testId="1c075023-ce3d-4e4d-ab51-b0c03ac6beb3" testName="JilTests.DeserializeDynamicTests.Issue117(input: &quot;001&quot;, expectedError: &quot;Number cannot have leading zeros&quot;)" computerName="SIEBL-4303-04" duration="00:00:00.0010000" startTime="2018-11-11T16:39:58.0030001-06:00" endTime="2018-11-11T16:39:58.0030001-06:00" testType="13cdc9d9-ddb5-4fa4-a97d-d965ccfc6d4b" outcome="Passed" testListId="8c84fa94-04c1-424b-9868-57a2d4851a1d" relativeResultsDirectory="b69b34ab-9d56-496f-808a-89b0082a8525" /><UnitTestResult executionId="aad57b6b-46f0-451e-a63d-8cf54adda775" testId="480b2a4d-02ec-4cb5-800c-b5b8120ed780" testName="JilTests.DeserializeTests.MalformedISO8601(dateString: &quot;\&quot;1999-W01-8\&quot;&quot;, expectedError: &quot;Expected day to be a digit between 1 and 7&quot;)" computerName="SIEBL-4303-04" duration="00:00:00.0010000" startTime="2018-11-11T16:39:57.5687103-06:00" endTime="2018-11-11T16:39:57.5687103-06:00" testType="13cdc9d9-ddb5-4fa4-a97d-d965ccfc6d4b" outcome="Passed" testListId="8c84fa94-04c1-424b-9868-57a2d4851a1d" relativeResultsDirectory="aad57b6b-46f0-451e-a63d-8cf54adda775" /><UnitTestResult executionId="6dbc3735-a207-4fd9-aeb2-5df9000e58b4" testId="8ea5a281-36cd-416a-907e-b6fb4bdc7278" testName="JilTests.DeserializeTests.MalformedISO8601(dateString: &quot;\&quot;1999W018\&quot;&quot;, expectedError: &quot;Expected day to be a digit between 1 and 7&quot;)" computerName="SIEBL-4303-04" duration="00:00:00.2330000" startTime="2018-11-11T16:39:57.5426930-06:00" endTime="2018-11-11T16:39:57.5426930-06:00" testType="13cdc9d9-ddb5-4fa4-a97d-d965ccfc6d4b" outcome="Passed" testListId="8c84fa94-04c1-424b-9868-57a2d4851a1d" relativeResultsDirectory="6dbc3735-a207-4fd9-aeb2-5df9000e58b4" /><UnitTestResult executionId="a7157d33-f440-4304-a964-8bbe95d3584c" testId="e2d1cdcd-0ccc-47f0-8b64-c15a7f8faa1e" testName="JilTests.DeserializeTests.Issue225" computerName="SIEBL-4303-04" duration="00:00:00.0840000" startTime="2018-11-11T16:40:00.3394802-06:00" endTime="2018-11-11T16:40:00.3394802-06:00" testType="13cdc9d9-ddb5-4fa4-a97d-d965ccfc6d4b" outcome="Passed" testListId="8c84fa94-04c1-424b-9868-57a2d4851a1d" relativeResultsDirectory="a7157d33-f440-4304-a964-8bbe95d3584c" /><UnitTestResult executionId="e658976a-990d-4c88-a763-3f1e11ca302a" testId="ebaf8643-268b-4b1f-8154-b084e38e5f58" testName="JilTests.DeserializeDynamicTests.Issue117(input: &quot;-01&quot;, expectedError: &quot;Number cannot have leading zeros&quot;)" computerName="SIEBL-4303-04" duration="00:00:00.0010000" startTime="2018-11-11T16:39:57.9869894-06:00" endTime="2018-11-11T16:39:57.9869894-06:00" testType="13cdc9d9-ddb5-4fa4-a97d-d965ccfc6d4b" outcome="Passed" testListId="8c84fa94-04c1-424b-9868-57a2d4851a1d" relativeResultsDirectory="e658976a-990d-4c88-a763-3f1e11ca302a" /><UnitTestResult executionId="42b61042-cd00-42d1-8dab-bbd405a2cea2" testId="5aa6e53f-6bb4-4102-a067-ccca620e0ea1" testName="JilTests.SerializeTests.DateTimeFormats" computerName="SIEBL-4303-04" duration="00:00:00.0260000" startTime="2018-11-11T16:40:05.6177572-06:00" endTime="2018-11-11T16:40:05.6177572-06:00" testType="13cdc9d9-ddb5-4fa4-a97d-d965ccfc6d4b" outcome="Passed" testListId="8c84fa94-04c1-424b-9868-57a2d4851a1d" relativeResultsDirectory="42b61042-cd00-42d1-8dab-bbd405a2cea2" /><UnitTestResult executionId="95a24b3e-5232-4038-b328-5ebe170a62fc" testId="ae88577e-da1a-4de1-976b-a59ec50db314" testName="JilTests.DeserializeDynamicTests.TimeSpans_Milliseconds" computerName="SIEBL-4303-04" duration="00:00:00.0750000" startTime="2018-11-11T16:40:01.2157913-06:00" endTime="2018-11-11T16:40:01.2157913-06:00" testType="13cdc9d9-ddb5-4fa4-a97d-d965ccfc6d4b" outcome="Passed" testListId="8c84fa94-04c1-424b-9868-57a2d4851a1d" relativeResultsDirectory="95a24b3e-5232-4038-b328-5ebe170a62fc" /><UnitTestResult executionId="1d0e6fde-6801-43da-b53d-037091a8643d" testId="23ded3bb-da8a-4727-9934-263be1ac68a8" testName="JilTests.DeserializeTests.MalformedISO8601(dateString: &quot;\&quot;19000101T1234:56\&quot;&quot;, expectedError: &quot;Unexpected separator in ISO8601 time&quot;)" computerName="SIEBL-4303-04" duration="00:00:00.0030000" startTime="2018-11-11T16:39:57.5667087-06:00" endTime="2018-11-11T16:39:57.5667087-06:00" testType="13cdc9d9-ddb5-4fa4-a97d-d965ccfc6d4b" outcome="Passed" testListId="8c84fa94-04c1-424b-9868-57a2d4851a1d" relativeResultsDirectory="1d0e6fde-6801-43da-b53d-037091a8643d" /><UnitTestResult executionId="bb0f54f5-bf21-4a3a-9e7b-ad0f07c6d2e2" testId="8aae11bd-bab3-4a51-a2f1-a933a6c85dba" testName="JilTests.DeserializeDynamicTests.IEnumerableDynamic" computerName="SIEBL-4303-04" duration="00:00:00.0070000" startTime="2018-11-11T16:40:01.5300012-06:00" endTime="2018-11-11T16:40:01.5300012-06:00" testType="13cdc9d9-ddb5-4fa4-a97d-d965ccfc6d4b" outcome="Passed" testListId="8c84fa94-04c1-424b-9868-57a2d4851a1d" relativeResultsDirectory="bb0f54f5-bf21-4a3a-9e7b-ad0f07c6d2e2" /><UnitTestResult executionId="26ea5e5c-97cd-4e03-afe1-c9d924d5015f" testId="34dacddd-e8aa-46c6-baf0-2996674a987f" testName="JilTests.SerializeTests.Issue231" computerName="SIEBL-4303-04" duration="00:00:00.0060000" startTime="2018-11-11T16:40:13.9440090-06:00" endTime="2018-11-11T16:40:13.9440090-06:00" testType="13cdc9d9-ddb5-4fa4-a97d-d965ccfc6d4b" outcome="Passed" testListId="8c84fa94-04c1-424b-9868-57a2d4851a1d" relativeResultsDirectory="26ea5e5c-97cd-4e03-afe1-c9d924d5015f" /><UnitTestResult executionId="c9301696-8b67-4327-ae6a-2f49acede28f" testId="a6b27658-b968-4532-bc66-f767cdba2c92" testName="JilTests.SerializeTests.ConditionalSerialization" computerName="SIEBL-4303-04" duration="00:00:00.0290000" startTime="2018-11-11T16:39:58.9056033-06:00" endTime="2018-11-11T16:39:58.9056033-06:00" testType="13cdc9d9-ddb5-4fa4-a97d-d965ccfc6d4b" outcome="Passed" testListId="8c84fa94-04c1-424b-9868-57a2d4851a1d" relativeResultsDirectory="c9301696-8b67-4327-ae6a-2f49acede28f" /><UnitTestResult executionId="fdf8c523-12e6-4701-bf86-6c348ff1bfa7" testId="8ff01d35-8e93-4197-8dde-e7d14fc05f5d" testName="JilTests.DeserializeTests.MalformedISO8601(dateString: &quot;\&quot;1900-01-01T12:34:56.123456789+00:00\&quot;&quot;, expectedError: &quot;ISO8601 date is too long, expected 33 characters o&quot;...)" computerName="SIEBL-4303-04" duration="00:00:00.0010000" startTime="2018-11-11T16:39:57.5927264-06:00" endTime="2018-11-11T16:39:57.5927264-06:00" testType="13cdc9d9-ddb5-4fa4-a97d-d965ccfc6d4b" outcome="Passed" testListId="8c84fa94-04c1-424b-9868-57a2d4851a1d" relativeResultsDirectory="fdf8c523-12e6-4701-bf86-6c348ff1bfa7" /><UnitTestResult executionId="baa2ca0b-4813-4815-a0ad-88e3df797dce" testId="c2add2f1-bd29-4f9a-8ad0-6a04541583c5" testName="JilTests.UtilsTests.Issue119" computerName="SIEBL-4303-04" duration="00:00:00.0010000" startTime="2018-11-11T16:39:57.4316189-06:00" endTime="2018-11-11T16:39:57.4316189-06:00" testType="13cdc9d9-ddb5-4fa4-a97d-d965ccfc6d4b" outcome="Passed" testListId="8c84fa94-04c1-424b-9868-57a2d4851a1d" relativeResultsDirectory="baa2ca0b-4813-4815-a0ad-88e3df797dce" /><UnitTestResult executionId="6b9ee2ed-ea9a-4c01-ae60-68de957aa059" testId="4cc57edf-0afe-4fe6-8c23-4db23ab5a6bd" testName="JilTests.SerializeTests.IReadOnlyDictionary" computerName="SIEBL-4303-04" duration="00:00:00.0020000" startTime="2018-11-11T16:40:11.8418724-06:00" endTime="2018-11-11T16:40:11.8418724-06:00" testType="13cdc9d9-ddb5-4fa4-a97d-d965ccfc6d4b" outcome="Passed" testListId="8c84fa94-04c1-424b-9868-57a2d4851a1d" relativeResultsDirectory="6b9ee2ed-ea9a-4c01-ae60-68de957aa059" /><UnitTestResult executionId="88090b16-d072-4f35-8076-b1de09d08770" testId="e845cca4-cde6-4cdb-b919-574111e5176f" testName="JilTests.DynamicSerializationTests.ISO8601DateTimeOffsetSelfRoundtrip" computerName="SIEBL-4303-04" duration="00:00:00.0120000" startTime="2018-11-11T16:39:59.8461522-06:00" endTime="2018-11-11T16:39:59.8461522-06:00" testType="13cdc9d9-ddb5-4fa4-a97d-d965ccfc6d4b" outcome="Passed" testListId="8c84fa94-04c1-424b-9868-57a2d4851a1d" relativeResultsDirectory="88090b16-d072-4f35-8076-b1de09d08770" /><UnitTestResult executionId="7db3bd35-7dc1-4b83-8243-29e6740973e1" testId="bea7cd04-8431-4cd7-bda2-415c2f840974" testName="JilTests.DeserializeTests.Issue143DateTimeOffset" computerName="SIEBL-4303-04" duration="00:00:00.0070000" startTime="2018-11-11T16:40:08.4523576-06:00" endTime="2018-11-11T16:40:08.4523576-06:00" testType="13cdc9d9-ddb5-4fa4-a97d-d965ccfc6d4b" outcome="Passed" testListId="8c84fa94-04c1-424b-9868-57a2d4851a1d" relativeResultsDirectory="7db3bd35-7dc1-4b83-8243-29e6740973e1" /><UnitTestResult executionId="7f311676-14d9-4b39-ac5f-3f8f22b199ae" testId="bab5cd4c-af2c-439f-acf9-0f3d468b4400" testName="JilTests.DeserializeTests.IReadOnlyLists" computerName="SIEBL-4303-04" duration="00:00:00.1860000" startTime="2018-11-11T16:40:03.6566674-06:00" endTime="2018-11-11T16:40:03.6566674-06:00" testType="13cdc9d9-ddb5-4fa4-a97d-d965ccfc6d4b" outcome="Passed" testListId="8c84fa94-04c1-424b-9868-57a2d4851a1d" relativeResultsDirectory="7f311676-14d9-4b39-ac5f-3f8f22b199ae" /><UnitTestResult executionId="0b82c2a9-4c95-4697-a555-9e2ae1741e00" testId="2e770ece-25e0-49c3-b319-2bc86da0eb3a" testName="JilTests.DeserializeTests.EmptyMembers" computerName="SIEBL-4303-04" duration="00:00:00.0190000" startTime="2018-11-11T16:40:09.1513223-06:00" endTime="2018-11-11T16:40:09.1513223-06:00" testType="13cdc9d9-ddb5-4fa4-a97d-d965ccfc6d4b" outcome="Passed" testListId="8c84fa94-04c1-424b-9868-57a2d4851a1d" relativeResultsDirectory="0b82c2a9-4c95-4697-a555-9e2ae1741e00" /><UnitTestResult executionId="d87b34d9-8a43-4a34-ab90-4edf56cafc64" testId="9fd834b4-433a-48ac-b367-00e92bcf040c" testName="JilTests.DeserializeTests.MalformedISO8601(dateString: &quot;\&quot;1900-01-01T19:19+\&quot;&quot;, expectedError: &quot;Expected hour part of ISO8601 timezone offset&quot;)" computerName="SIEBL-4303-04" duration="00:00:00.0010000" startTime="2018-11-11T16:39:57.5747143-06:00" endTime="2018-11-11T16:39:57.5747143-06:00" testType="13cdc9d9-ddb5-4fa4-a97d-d965ccfc6d4b" outcome="Passed" testListId="8c84fa94-04c1-424b-9868-57a2d4851a1d" relativeResultsDirectory="d87b34d9-8a43-4a34-ab90-4edf56cafc64" /><UnitTestResult executionId="33272996-e78a-4924-9a52-4bc644d755b7" testId="8d8d8786-8e25-4d01-ae50-6c8cab0a03bf" testName="JilTests.SerializeTests.InnerLists" computerName="SIEBL-4303-04" duration="00:00:00.0140000" startTime="2018-11-11T16:40:05.6878040-06:00" endTime="2018-11-11T16:40:05.6878040-06:00" testType="13cdc9d9-ddb5-4fa4-a97d-d965ccfc6d4b" outcome="Passed" testListId="8c84fa94-04c1-424b-9868-57a2d4851a1d" relativeResultsDirectory="33272996-e78a-4924-9a52-4bc644d755b7" /><UnitTestResult executionId="f9306a98-71c0-44bd-901b-f24cf2a5ab0e" testId="fd649b96-ff3a-48c3-a773-f22409ce602c" testName="JilTests.DeserializeTests.Issue117_Int" computerName="SIEBL-4303-04" duration="00:00:00.0040000" startTime="2018-11-11T16:40:12.7757378-06:00" endTime="2018-11-11T16:40:12.7757378-06:00" testType="13cdc9d9-ddb5-4fa4-a97d-d965ccfc6d4b" outcome="Passed" testListId="8c84fa94-04c1-424b-9868-57a2d4851a1d" relativeResultsDirectory="f9306a98-71c0-44bd-901b-f24cf2a5ab0e" /><UnitTestResult executionId="1ee5aa2c-53a2-458d-a00b-4e07d9cc8b07" testId="c6f227f7-88ba-44e3-9ae2-03afea0b9364" testName="JilTests.DeserializeDynamicTests.And" computerName="SIEBL-4303-04" duration="00:00:00.0520000" startTime="2018-11-11T16:40:00.3714451-06:00" endTime="2018-11-11T16:40:00.3714451-06:00" testType="13cdc9d9-ddb5-4fa4-a97d-d965ccfc6d4b" outcome="Passed" testListId="8c84fa94-04c1-424b-9868-57a2d4851a1d" relativeResultsDirectory="1ee5aa2c-53a2-458d-a00b-4e07d9cc8b07" /><UnitTestResult executionId="2a88f914-29a0-423a-b316-ea9d086141a9" testId="7b028710-1418-4fdb-8dfc-c152f6a1c689" testName="JilTests.DeserializeTests.ISO8601WeekDates" computerName="SIEBL-4303-04" duration="00:00:00.0010000" startTime="2018-11-11T16:40:15.9649708-06:00" endTime="2018-11-11T16:40:15.9649708-06:00" testType="13cdc9d9-ddb5-4fa4-a97d-d965ccfc6d4b" outcome="Passed" testListId="8c84fa94-04c1-424b-9868-57a2d4851a1d" relativeResultsDirectory="2a88f914-29a0-423a-b316-ea9d086141a9" /><UnitTestResult executionId="665cee37-64b5-4654-bf5b-31973b475a52" testId="00087b50-5330-4f33-9b48-00de052c5055" testName="JilTests.SerializeTests.Issue150" computerName="SIEBL-4303-04" duration="00:00:00.1010000" startTime="2018-11-11T16:39:59.0366905-06:00" endTime="2018-11-11T16:39:59.0366905-06:00" testType="13cdc9d9-ddb5-4fa4-a97d-d965ccfc6d4b" outcome="Passed" testListId="8c84fa94-04c1-424b-9868-57a2d4851a1d" relativeResultsDirectory="665cee37-64b5-4654-bf5b-31973b475a52" /><UnitTestResult executionId="d40c7625-a8d7-424f-9a2c-ed8151bf847f" testId="98193ecc-152d-428b-8c5e-011984a94d58" testName="JilTests.SerializeTests.TestSerializationNameFormatsSerialization" computerName="SIEBL-4303-04" duration="00:00:00.0190000" startTime="2018-11-11T16:40:11.8398708-06:00" endTime="2018-11-11T16:40:11.8398708-06:00" testType="13cdc9d9-ddb5-4fa4-a97d-d965ccfc6d4b" outcome="Passed" testListId="8c84fa94-04c1-424b-9868-57a2d4851a1d" relativeResultsDirectory="d40c7625-a8d7-424f-9a2c-ed8151bf847f" /><UnitTestResult executionId="9377dec7-2c0a-4bee-acdb-ec2d56825051" testId="4a7583e6-469a-41c8-8630-0bafc222336e" testName="JilTests.DeserializeDynamicTests.GreaterThanOrEquals" computerName="SIEBL-4303-04" duration="00:00:00.0110000" startTime="2018-11-11T16:40:01.3078530-06:00" endTime="2018-11-11T16:40:01.3078530-06:00" testType="13cdc9d9-ddb5-4fa4-a97d-d965ccfc6d4b" outcome="Passed" testListId="8c84fa94-04c1-424b-9868-57a2d4851a1d" relativeResultsDirectory="9377dec7-2c0a-4bee-acdb-ec2d56825051" /><UnitTestResult executionId="a8ef16eb-4a88-43eb-a036-81d0027fd443" testId="f75017e0-ccef-4abb-bf1e-ff64c451c5f2" testName="JilTests.SerializeTests.UnspecifiedToUtc" computerName="SIEBL-4303-04" duration="00:00:00.0070000" startTime="2018-11-11T16:40:08.1048729-06:00" endTime="2018-11-11T16:40:08.1048729-06:00" testType="13cdc9d9-ddb5-4fa4-a97d-d965ccfc6d4b" outcome="Passed" testListId="8c84fa94-04c1-424b-9868-57a2d4851a1d" relativeResultsDirectory="a8ef16eb-4a88-43eb-a036-81d0027fd443" /><UnitTestResult executionId="57063bd5-f8bd-4db0-a4c1-49b0330dab83" testId="0a87232a-a21a-44f5-931e-9f4e682e1e66" testName="JilTests.DeserializeTests.SystemObject" computerName="SIEBL-4303-04" duration="00:00:00.0010000" startTime="2018-11-11T16:40:02.2529093-06:00" endTime="2018-11-11T16:40:02.2529093-06:00" testType="13cdc9d9-ddb5-4fa4-a97d-d965ccfc6d4b" outcome="Passed" testListId="8c84fa94-04c1-424b-9868-57a2d4851a1d" relativeResultsDirectory="57063bd5-f8bd-4db0-a4c1-49b0330dab83" /><UnitTestResult executionId="7e2feb49-ca33-4415-87ab-d0d3f17c2001" testId="ae3bd153-217e-4e42-af71-04d86002b467" testName="JilTests.DeserializeTests.MalformedISO8601(dateString: &quot;\&quot;1900-01-\&quot;&quot;, expectedError: &quot;Expected digit&quot;)" computerName="SIEBL-4303-04" duration="00:00:00.0010000" startTime="2018-11-11T16:39:57.5907250-06:00" endTime="2018-11-11T16:39:57.5907250-06:00" testType="13cdc9d9-ddb5-4fa4-a97d-d965ccfc6d4b" outcome="Passed" testListId="8c84fa94-04c1-424b-9868-57a2d4851a1d" relativeResultsDirectory="7e2feb49-ca33-4415-87ab-d0d3f17c2001" /><UnitTestResult executionId="28709840-7b20-42a4-89b1-5a67cd691efa" testId="22c359ad-4a89-4005-99c4-158339f9fdf3" testName="JilTests.DeserializeTests.NewtsoftDateTimes" computerName="SIEBL-4303-04" duration="00:00:00.0010000" startTime="2018-11-11T16:40:15.2244755-06:00" endTime="2018-11-11T16:40:15.2244755-06:00" testType="13cdc9d9-ddb5-4fa4-a97d-d965ccfc6d4b" outcome="Passed" testListId="8c84fa94-04c1-424b-9868-57a2d4851a1d" relativeResultsDirectory="28709840-7b20-42a4-89b1-5a67cd691efa" /><UnitTestResult executionId="a2ecce65-1765-4e3c-9af2-276d9e5843ee" testId="49b06811-4f4d-4542-89a1-3f912c22f99c" testName="JilTests.DeserializeTests.UnionTypeIndication" computerName="SIEBL-4303-04" duration="00:00:00.0770000" startTime="2018-11-11T16:40:03.4415226-06:00" endTime="2018-11-11T16:40:03.4415226-06:00" testType="13cdc9d9-ddb5-4fa4-a97d-d965ccfc6d4b" outcome="Passed" testListId="8c84fa94-04c1-424b-9868-57a2d4851a1d" relativeResultsDirectory="a2ecce65-1765-4e3c-9af2-276d9e5843ee" /><UnitTestResult executionId="84a20a70-429e-4746-a294-f490f65225ba" testId="2abd1c40-2e2c-4acb-9a94-73f9780b82dc" testName="JilTests.DeserializeTests.SmallCharBuffer" computerName="SIEBL-4303-04" duration="00:00:00.0450000" startTime="2018-11-11T16:40:02.5023092-06:00" endTime="2018-11-11T16:40:02.5023092-06:00" testType="13cdc9d9-ddb5-4fa4-a97d-d965ccfc6d4b" outcome="Passed" testListId="8c84fa94-04c1-424b-9868-57a2d4851a1d" relativeResultsDirectory="84a20a70-429e-4746-a294-f490f65225ba" /><UnitTestResult executionId="3335171d-eaa7-4198-9a51-af3716a657b9" testId="07091572-1c96-48e6-9242-093d4647821a" testName="JilTests.DeserializeTests.Surrogates" computerName="SIEBL-4303-04" duration="00:00:00.0010000" startTime="2018-11-11T16:40:15.9759767-06:00" endTime="2018-11-11T16:40:15.9759767-06:00" testType="13cdc9d9-ddb5-4fa4-a97d-d965ccfc6d4b" outcome="Passed" testListId="8c84fa94-04c1-424b-9868-57a2d4851a1d" relativeResultsDirectory="3335171d-eaa7-4198-9a51-af3716a657b9" /><UnitTestResult executionId="eb724b9c-87c0-412e-9e20-cd9c5a21f036" testId="b675c567-6809-4082-8354-657fbc5236cd" testName="JilTests.SerializeTests.SerializeDynamic" computerName="SIEBL-4303-04" duration="00:00:00.0230000" startTime="2018-11-11T16:40:08.1358933-06:00" endTime="2018-11-11T16:40:08.1358933-06:00" testType="13cdc9d9-ddb5-4fa4-a97d-d965ccfc6d4b" outcome="Passed" testListId="8c84fa94-04c1-424b-9868-57a2d4851a1d" relativeResultsDirectory="eb724b9c-87c0-412e-9e20-cd9c5a21f036" /><UnitTestResult executionId="cfbf75c9-0231-421b-874e-0dde1558a504" testId="e914489d-7013-491a-ac26-009eaf31167d" testName="JilTests.DeserializeDynamicTests.ISO8601DateTimeOffsets" computerName="SIEBL-4303-04" duration="00:00:00.0810000" startTime="2018-11-11T16:40:00.2123954-06:00" endTime="2018-11-11T16:40:00.2123954-06:00" testType="13cdc9d9-ddb5-4fa4-a97d-d965ccfc6d4b" outcome="Passed" testListId="8c84fa94-04c1-424b-9868-57a2d4851a1d" relativeResultsDirectory="cfbf75c9-0231-421b-874e-0dde1558a504" /><UnitTestResult executionId="440ff9a6-f78c-44f7-b36e-ff90bad0e056" testId="107614e4-2e6f-4c21-93ba-1e97c43fa283" testName="JilTests.DynamicSerializationTests.Issue158" computerName="SIEBL-4303-04" duration="00:00:00.0040000" startTime="2018-11-11T16:39:59.6740364-06:00" endTime="2018-11-11T16:39:59.6740364-06:00" testType="13cdc9d9-ddb5-4fa4-a97d-d965ccfc6d4b" outcome="Passed" testListId="8c84fa94-04c1-424b-9868-57a2d4851a1d" relativeResultsDirectory="440ff9a6-f78c-44f7-b36e-ff90bad0e056" /><UnitTestResult executionId="ec7ba486-1fb0-442e-b6a7-d97cef36fbb0" testId="46676c5b-2f40-4986-a242-035855fbd5c1" testName="JilTests.UtilsTests.ConstantFields" computerName="SIEBL-4303-04" duration="00:00:00.0040000" startTime="2018-11-11T16:39:57.4516322-06:00" endTime="2018-11-11T16:39:57.4516322-06:00" testType="13cdc9d9-ddb5-4fa4-a97d-d965ccfc6d4b" outcome="Passed" testListId="8c84fa94-04c1-424b-9868-57a2d4851a1d" relativeResultsDirectory="ec7ba486-1fb0-442e-b6a7-d97cef36fbb0" /><UnitTestResult executionId="034aa4c7-15b7-415e-83e4-5c7403145042" testId="01966e49-ff60-41e1-a93e-2a2afe88498a" testName="JilTests.SerializeTests.SecondsTimeSpans" computerName="SIEBL-4303-04" duration="00:00:00.0050000" startTime="2018-11-11T16:40:11.6681556-06:00" endTime="2018-11-11T16:40:11.6681556-06:00" testType="13cdc9d9-ddb5-4fa4-a97d-d965ccfc6d4b" outcome="Passed" testListId="8c84fa94-04c1-424b-9868-57a2d4851a1d" relativeResultsDirectory="034aa4c7-15b7-415e-83e4-5c7403145042" /><UnitTestResult executionId="6f23c334-6d5f-4cc5-9201-845e4a671520" testId="8463c366-18e5-4988-a16e-5b7a7d0b949a" testName="JilTests.DeserializeTests.Issue143TimeSpanFractionOverflow" computerName="SIEBL-4303-04" duration="00:00:00.0050000" startTime="2018-11-11T16:40:12.6801995-06:00" endTime="2018-11-11T16:40:12.6862044-06:00" testType="13cdc9d9-ddb5-4fa4-a97d-d965ccfc6d4b" outcome="Passed" testListId="8c84fa94-04c1-424b-9868-57a2d4851a1d" relativeResultsDirectory="6f23c334-6d5f-4cc5-9201-845e4a671520" /><UnitTestResult executionId="89bafc89-a123-4e47-ab78-6c87973460aa" testId="1da120ce-f18a-49c1-b78e-dca3ac1b8911" testName="JilTests.DeserializeDynamicTests.Object" computerName="SIEBL-4303-04" duration="00:00:00.0160000" startTime="2018-11-11T16:40:00.4474973-06:00" endTime="2018-11-11T16:40:00.4474973-06:00" testType="13cdc9d9-ddb5-4fa4-a97d-d965ccfc6d4b" outcome="Passed" testListId="8c84fa94-04c1-424b-9868-57a2d4851a1d" relativeResultsDirectory="89bafc89-a123-4e47-ab78-6c87973460aa" /><UnitTestResult executionId="873ba78e-ad52-496a-b482-858db5b20434" testId="189a782e-f4eb-4e17-867c-07b915258ef3" testName="JilTests.SerializeTests.Issue95" computerName="SIEBL-4303-04" duration="00:00:00.0430000" startTime="2018-11-11T16:40:11.8208575-06:00" endTime="2018-11-11T16:40:11.8208575-06:00" testType="13cdc9d9-ddb5-4fa4-a97d-d965ccfc6d4b" outcome="Passed" testListId="8c84fa94-04c1-424b-9868-57a2d4851a1d" relativeResultsDirectory="873ba78e-ad52-496a-b482-858db5b20434" /><UnitTestResult executionId="6378c825-35d8-4968-8a4e-eebe6d29352a" testId="15d5bda6-749d-4179-8672-57de0e0a3bf2" testName="JilTests.DeserializeTests.UShort" computerName="SIEBL-4303-04" duration="00:00:01.2050000" startTime="2018-11-11T16:40:11.7988497-06:00" endTime="2018-11-11T16:40:11.7988497-06:00" testType="13cdc9d9-ddb5-4fa4-a97d-d965ccfc6d4b" outcome="Passed" testListId="8c84fa94-04c1-424b-9868-57a2d4851a1d" relativeResultsDirectory="6378c825-35d8-4968-8a4e-eebe6d29352a" /><UnitTestResult executionId="3db33049-3bfe-4ca9-a225-7c0e54c7d70f" testId="6d8585c5-b471-4a7c-8fa4-fb85a841c440" testName="JilTests.DeserializeTests.Issue229" computerName="SIEBL-4303-04" duration="00:00:00.0570000" startTime="2018-11-11T16:40:00.4414936-06:00" endTime="2018-11-11T16:40:00.4414936-06:00" testType="13cdc9d9-ddb5-4fa4-a97d-d965ccfc6d4b" outcome="Passed" testListId="8c84fa94-04c1-424b-9868-57a2d4851a1d" relativeResultsDirectory="3db33049-3bfe-4ca9-a225-7c0e54c7d70f" /><UnitTestResult executionId="b9f43fc9-ede8-4fdd-88bb-34c08274c1bf" testId="f461264f-cbd1-4920-94e5-8c894ca2794e" testName="JilTests.DeserializeTests.UInts" computerName="SIEBL-4303-04" duration="00:00:00.0020000" startTime="2018-11-11T16:40:08.8631315-06:00" endTime="2018-11-11T16:40:08.8631315-06:00" testType="13cdc9d9-ddb5-4fa4-a97d-d965ccfc6d4b" outcome="Passed" testListId="8c84fa94-04c1-424b-9868-57a2d4851a1d" relativeResultsDirectory="b9f43fc9-ede8-4fdd-88bb-34c08274c1bf" /><UnitTestResult executionId="68abbeb2-c624-4366-9d59-cd1906406ec8" testId="ce6baa37-10e9-4360-8868-cb8cb519a615" testName="JilTests.SerializeTests.DictionaryDictionary" computerName="SIEBL-4303-04" duration="00:00:00.0110000" startTime="2018-11-11T16:40:05.2885379-06:00" endTime="2018-11-11T16:40:05.2885379-06:00" testType="13cdc9d9-ddb5-4fa4-a97d-d965ccfc6d4b" outcome="Passed" testListId="8c84fa94-04c1-424b-9868-57a2d4851a1d" relativeResultsDirectory="68abbeb2-c624-4366-9d59-cd1906406ec8" /><UnitTestResult executionId="e26f2424-0ceb-40eb-aa00-4abf1f01be70" testId="b42644a2-2303-4966-9f94-75d52713e8e3" testName="JilTests.DynamicSerializationTests.PersonElasticMigration" computerName="SIEBL-4303-04" duration="00:00:00.0210000" startTime="2018-11-11T16:39:59.8781735-06:00" endTime="2018-11-11T16:39:59.8781735-06:00" testType="13cdc9d9-ddb5-4fa4-a97d-d965ccfc6d4b" outcome="Passed" testListId="8c84fa94-04c1-424b-9868-57a2d4851a1d" relativeResultsDirectory="e26f2424-0ceb-40eb-aa00-4abf1f01be70" /><UnitTestResult executionId="be2dfb8f-3c60-495d-ae9d-010e6a22cc00" testId="304a128e-de39-41b2-b0c0-d46b5c0a8266" testName="JilTests.DeserializeTests.Ints" computerName="SIEBL-4303-04" duration="00:00:00.0010000" startTime="2018-11-11T16:40:01.9957392-06:00" endTime="2018-11-11T16:40:01.9957392-06:00" testType="13cdc9d9-ddb5-4fa4-a97d-d965ccfc6d4b" outcome="Passed" testListId="8c84fa94-04c1-424b-9868-57a2d4851a1d" relativeResultsDirectory="be2dfb8f-3c60-495d-ae9d-010e6a22cc00" /><UnitTestResult executionId="47f455b4-e05e-4ef8-9d43-8b30801c1ae9" testId="90b7f3a8-8f71-4343-85d9-b348ce472bac" testName="JilTests.SerializeTests.NoNameDataMember" computerName="SIEBL-4303-04" duration="00:00:00.0270000" startTime="2018-11-11T16:39:57.8839207-06:00" endTime="2018-11-11T16:39:57.8839207-06:00" testType="13cdc9d9-ddb5-4fa4-a97d-d965ccfc6d4b" outcome="Passed" testListId="8c84fa94-04c1-424b-9868-57a2d4851a1d" relativeResultsDirectory="47f455b4-e05e-4ef8-9d43-8b30801c1ae9" /><UnitTestResult executionId="07b7a922-33bc-4b1f-be12-11a003765b13" testId="03d4dbf1-7ebc-4864-a3b9-03660516d51d" testName="JilTests.DeserializeTests.ILists" computerName="SIEBL-4303-04" duration="00:00:00.1250000" startTime="2018-11-11T16:40:06.4880260-06:00" endTime="2018-11-11T16:40:06.4880260-06:00" testType="13cdc9d9-ddb5-4fa4-a97d-d965ccfc6d4b" outcome="Passed" testListId="8c84fa94-04c1-424b-9868-57a2d4851a1d" relativeResultsDirectory="07b7a922-33bc-4b1f-be12-11a003765b13" /><UnitTestResult executionId="3dfe7a16-0318-4dfa-aa63-b797cf97a38b" testId="e2fc4918-0cb5-430e-bddc-e582bc0dae68" testName="JilTests.DynamicSerializationTests.RFC1123" computerName="SIEBL-4303-04" duration="00:00:00.0140000" startTime="2018-11-11T16:39:59.6700350-06:00" endTime="2018-11-11T16:39:59.6700350-06:00" testType="13cdc9d9-ddb5-4fa4-a97d-d965ccfc6d4b" outcome="Passed" testListId="8c84fa94-04c1-424b-9868-57a2d4851a1d" relativeResultsDirectory="3dfe7a16-0318-4dfa-aa63-b797cf97a38b" /><UnitTestResult executionId="cbc0792c-cd3e-463e-b06c-79a51da3ed07" testId="8cc6e659-968c-454e-9649-6823afea09a1" testName="JilTests.DynamicSerializationTests.Objects" computerName="SIEBL-4303-04" duration="00:00:00.0390000" startTime="2018-11-11T16:39:58.3342211-06:00" endTime="2018-11-11T16:39:58.3342211-06:00" testType="13cdc9d9-ddb5-4fa4-a97d-d965ccfc6d4b" outcome="Passed" testListId="8c84fa94-04c1-424b-9868-57a2d4851a1d" relativeResultsDirectory="cbc0792c-cd3e-463e-b06c-79a51da3ed07" /><UnitTestResult executionId="95486879-c19d-4994-a931-881a71296b7f" testId="3ec4a702-eb09-4008-b016-46b603fce565" testName="JilTests.DeserializeTests.MalformedISO8601(dateString: &quot;\&quot;1999-12-00\&quot;&quot;, expectedError: &quot;Expected day to be between 01 and 31&quot;)" computerName="SIEBL-4303-04" duration="00:00:00.0010000" startTime="2018-11-11T16:39:57.5887237-06:00" endTime="2018-11-11T16:39:57.5887237-06:00" testType="13cdc9d9-ddb5-4fa4-a97d-d965ccfc6d4b" outcome="Passed" testListId="8c84fa94-04c1-424b-9868-57a2d4851a1d" relativeResultsDirectory="95486879-c19d-4994-a931-881a71296b7f" /><UnitTestResult executionId="83cd4564-bd1a-406f-8569-d8d0dcee6829" testId="001b0c6f-3e46-418d-b9fd-e04ecda19b6a" testName="JilTests.SerializeTests.NullablePrimitives" computerName="SIEBL-4303-04" duration="00:00:00.3380000" startTime="2018-11-11T16:39:58.8435610-06:00" endTime="2018-11-11T16:39:58.8435610-06:00" testType="13cdc9d9-ddb5-4fa4-a97d-d965ccfc6d4b" outcome="Passed" testListId="8c84fa94-04c1-424b-9868-57a2d4851a1d" relativeResultsDirectory="83cd4564-bd1a-406f-8569-d8d0dcee6829" /><UnitTestResult executionId="ba09271f-950a-4d09-9311-735170410688" testId="747fbdd3-ce98-440d-b32c-6c5e954e5720" testName="JilTests.SerializeTests.Issue169" computerName="SIEBL-4303-04" duration="00:00:00.0160000" startTime="2018-11-11T16:40:09.8886825-06:00" endTime="2018-11-11T16:40:09.8886825-06:00" testType="13cdc9d9-ddb5-4fa4-a97d-d965ccfc6d4b" outcome="Passed" testListId="8c84fa94-04c1-424b-9868-57a2d4851a1d" relativeResultsDirectory="ba09271f-950a-4d09-9311-735170410688" /><UnitTestResult executionId="d662f2bd-0ceb-45b6-b3e8-7ebc381b2874" testId="c5908a17-9134-4d64-aaa3-d2106e58d62b" testName="JilTests.DeserializeTests.Issue117_UShort" computerName="SIEBL-4303-04" duration="00:00:00.0070000" startTime="2018-11-11T16:40:16.5253469-06:00" endTime="2018-11-11T16:40:16.5253469-06:00" testType="13cdc9d9-ddb5-4fa4-a97d-d965ccfc6d4b" outcome="Passed" testListId="8c84fa94-04c1-424b-9868-57a2d4851a1d" relativeResultsDirectory="d662f2bd-0ceb-45b6-b3e8-7ebc381b2874" /><UnitTestResult executionId="5b087601-8d2a-4651-9f32-793cb39d1464" testId="8a970fc0-b2ee-4f9c-99e0-ac8b907d3de7" testName="JilTests.DeserializeDynamicTests.EnumMemberAttributeOverrideFlags" computerName="SIEBL-4303-04" duration="00:00:00.0650000" startTime="2018-11-11T16:40:01.1406431-06:00" endTime="2018-11-11T16:40:01.1406431-06:00" testType="13cdc9d9-ddb5-4fa4-a97d-d965ccfc6d4b" outcome="Passed" testListId="8c84fa94-04c1-424b-9868-57a2d4851a1d" relativeResultsDirectory="5b087601-8d2a-4651-9f32-793cb39d1464" /><UnitTestResult executionId="d78ee78b-84ae-4fea-befa-f8f0d0770d60" testId="5d137457-c785-4d59-b2e4-e14fbb5ee4e0" testName="JilTests.DeserializeTests.EnumMemberAttributeDefault" computerName="SIEBL-4303-04" duration="00:00:00.0500000" startTime="2018-11-11T16:40:00.2414147-06:00" endTime="2018-11-11T16:40:00.2414147-06:00" testType="13cdc9d9-ddb5-4fa4-a97d-d965ccfc6d4b" outcome="Passed" testListId="8c84fa94-04c1-424b-9868-57a2d4851a1d" relativeResultsDirectory="d78ee78b-84ae-4fea-befa-f8f0d0770d60" /><UnitTestResult executionId="62b7bfce-b75f-4a0f-a94d-7d11576ce344" testId="c00cfaac-61bf-4784-bd5b-daa8749188d9" testName="JilTests.SerializeTests.AllocationlessVsNormalDictionaries" computerName="SIEBL-4303-04" duration="00:00:00.0220000" startTime="2018-11-11T16:40:14.5370165-06:00" endTime="2018-11-11T16:40:14.5370165-06:00" testType="13cdc9d9-ddb5-4fa4-a97d-d965ccfc6d4b" outcome="Passed" testListId="8c84fa94-04c1-424b-9868-57a2d4851a1d" relativeResultsDirectory="62b7bfce-b75f-4a0f-a94d-7d11576ce344" /><UnitTestResult executionId="a551c9b4-d226-4f3a-9ede-e3211ad45c54" testId="3981a244-5916-469a-91c0-530ef3879dc4" testName="JilTests.SerializeTests.IntegerDictionaryKeys" computerName="SIEBL-4303-04" duration="00:00:00.0190000" startTime="2018-11-11T16:40:11.7317974-06:00" endTime="2018-11-11T16:40:11.7317974-06:00" testType="13cdc9d9-ddb5-4fa4-a97d-d965ccfc6d4b" outcome="Passed" testListId="8c84fa94-04c1-424b-9868-57a2d4851a1d" relativeResultsDirectory="a551c9b4-d226-4f3a-9ede-e3211ad45c54" /><UnitTestResult executionId="7f4d996e-36b1-4924-8647-76683af29a0a" testId="5f78a49a-f7d1-40a5-9416-8a8feec3f32a" testName="JilTests.DeserializeDynamicTests.EqualsTest" computerName="SIEBL-4303-04" duration="00:00:00.0750000" startTime="2018-11-11T16:40:00.3194668-06:00" endTime="2018-11-11T16:40:00.3194668-06:00" testType="13cdc9d9-ddb5-4fa4-a97d-d965ccfc6d4b" outcome="Passed" testListId="8c84fa94-04c1-424b-9868-57a2d4851a1d" relativeResultsDirectory="7f4d996e-36b1-4924-8647-76683af29a0a" /><UnitTestResult executionId="79c52585-3e4c-4816-9458-bc0f24180553" testId="b57046a4-459c-4cf7-8262-943fc0c693eb" testName="JilTests.DeserializeTests.PrivateConstructor_List" computerName="SIEBL-4303-04" duration="00:00:00.0170000" startTime="2018-11-11T16:40:00.0943184-06:00" endTime="2018-11-11T16:40:00.0943184-06:00" testType="13cdc9d9-ddb5-4fa4-a97d-d965ccfc6d4b" outcome="Passed" testListId="8c84fa94-04c1-424b-9868-57a2d4851a1d" relativeResultsDirectory="79c52585-3e4c-4816-9458-bc0f24180553" /><UnitTestResult executionId="36734e93-ad01-4296-b53a-69c007305991" testId="e249437d-105f-49e3-a306-c219d09496d4" testName="JilTests.DeserializeDynamicTests.Issue143TimeSpanFractionOverflow" computerName="SIEBL-4303-04" duration="00:00:00.0010000" startTime="2018-11-11T16:40:01.3088537-06:00" endTime="2018-11-11T16:40:01.3088537-06:00" testType="13cdc9d9-ddb5-4fa4-a97d-d965ccfc6d4b" outcome="Passed" testListId="8c84fa94-04c1-424b-9868-57a2d4851a1d" relativeResultsDirectory="36734e93-ad01-4296-b53a-69c007305991" /><UnitTestResult executionId="17fa0a62-d94a-45d1-aaea-f6ccfef7e952" testId="316bc4fc-e4b6-44fd-8676-a86c4a707db8" testName="JilTests.DeserializeTests.MultipleNullableDiscriminantUnion" computerName="SIEBL-4303-04" duration="00:00:01.0600000" startTime="2018-11-11T16:40:01.5049846-06:00" endTime="2018-11-11T16:40:01.5049846-06:00" testType="13cdc9d9-ddb5-4fa4-a97d-d965ccfc6d4b" outcome="Passed" testListId="8c84fa94-04c1-424b-9868-57a2d4851a1d" relativeResultsDirectory="17fa0a62-d94a-45d1-aaea-f6ccfef7e952" /><UnitTestResult executionId="9ff7c495-d708-4034-a507-dfc6ec911562" testId="0b58cce3-b1dc-4f05-ac1b-d636ed8c5be4" testName="JilTests.SerializeTests.Issue238" computerName="SIEBL-4303-04" duration="00:00:00.0140000" startTime="2018-11-11T16:40:09.9016912-06:00" endTime="2018-11-11T16:40:09.9016912-06:00" testType="13cdc9d9-ddb5-4fa4-a97d-d965ccfc6d4b" outcome="Passed" testListId="8c84fa94-04c1-424b-9868-57a2d4851a1d" relativeResultsDirectory="9ff7c495-d708-4034-a507-dfc6ec911562" /><UnitTestResult executionId="e0281867-b97a-42dd-8ccc-1d41c5253886" testId="536238ba-50e3-42e4-9503-97e4d48bb991" testName="JilTests.UtilsTests.FindReusedTypes_DictDict" computerName="SIEBL-4303-04" duration="00:00:00.0010000" startTime="2018-11-11T16:39:58.5163439-06:00" endTime="2018-11-11T16:39:58.5163439-06:00" testType="13cdc9d9-ddb5-4fa4-a97d-d965ccfc6d4b" outcome="Passed" testListId="8c84fa94-04c1-424b-9868-57a2d4851a1d" relativeResultsDirectory="e0281867-b97a-42dd-8ccc-1d41c5253886" /><UnitTestResult executionId="e1dd929a-c5b2-4af3-bc10-2778c4562d6b" testId="ee96c41d-6a16-4dae-922c-8725fa11a80e" testName="JilTests.DynamicSerializationTests.NullArrayElements" computerName="SIEBL-4303-04" duration="00:00:00.0100000" startTime="2018-11-11T16:39:59.2385024-06:00" endTime="2018-11-11T16:39:59.2385024-06:00" testType="13cdc9d9-ddb5-4fa4-a97d-d965ccfc6d4b" outcome="Passed" testListId="8c84fa94-04c1-424b-9868-57a2d4851a1d" relativeResultsDirectory="e1dd929a-c5b2-4af3-bc10-2778c4562d6b" /><UnitTestResult executionId="8e63358a-c50a-4143-919e-e003f479eadf" testId="e47003df-818b-4c0f-af4b-3a7f2daf02d8" testName="JilTests.SerializeTests.CyclicalValueTypes" computerName="SIEBL-4303-04" duration="00:00:00.0490000" startTime="2018-11-11T16:40:05.1863720-06:00" endTime="2018-11-11T16:40:05.1863720-06:00" testType="13cdc9d9-ddb5-4fa4-a97d-d965ccfc6d4b" outcome="Passed" testListId="8c84fa94-04c1-424b-9868-57a2d4851a1d" relativeResultsDirectory="8e63358a-c50a-4143-919e-e003f479eadf" /><UnitTestResult executionId="db199837-68e3-45c3-ae0d-a4c60d8f3705" testId="7a6365c9-d068-4457-9393-e678c1886325" testName="JilTests.SerializeTests.SerializeNestedDictionary" computerName="SIEBL-4303-04" duration="00:00:00.0240000" startTime="2018-11-11T16:40:14.4099317-06:00" endTime="2018-11-11T16:40:14.4099317-06:00" testType="13cdc9d9-ddb5-4fa4-a97d-d965ccfc6d4b" outcome="Passed" testListId="8c84fa94-04c1-424b-9868-57a2d4851a1d" relativeResultsDirectory="db199837-68e3-45c3-ae0d-a4c60d8f3705" /><UnitTestResult executionId="81769ec1-7c4d-487e-9967-8f218d48db45" testId="6a315279-005b-4315-9904-becd029fcedb" testName="JilTests.DeserializeTests.CaseInsensitiveEnums" computerName="SIEBL-4303-04" duration="00:00:00.0620000" startTime="2018-11-11T16:40:08.8601292-06:00" endTime="2018-11-11T16:40:08.8601292-06:00" testType="13cdc9d9-ddb5-4fa4-a97d-d965ccfc6d4b" outcome="Passed" testListId="8c84fa94-04c1-424b-9868-57a2d4851a1d" relativeResultsDirectory="81769ec1-7c4d-487e-9967-8f218d48db45" /><UnitTestResult executionId="392e3d00-86e1-402e-93c5-3acaf4209231" testId="26b4f187-537a-40db-92d0-6a7ebee749cf" testName="JilTests.DeserializeTests.Enums" computerName="SIEBL-4303-04" duration="00:00:00.0940000" startTime="2018-11-11T16:40:02.0847980-06:00" endTime="2018-11-11T16:40:02.0847980-06:00" testType="13cdc9d9-ddb5-4fa4-a97d-d965ccfc6d4b" outcome="Passed" testListId="8c84fa94-04c1-424b-9868-57a2d4851a1d" relativeResultsDirectory="392e3d00-86e1-402e-93c5-3acaf4209231" /><UnitTestResult executionId="cce3d59f-469a-4084-9565-15c4db6b5346" testId="62b07247-68f5-405f-954d-efe601485f0c" testName="JilTests.UtilsTests.FindRecursiveTypes" computerName="SIEBL-4303-04" duration="00:00:00.0010000" startTime="2018-11-11T16:39:58.5033340-06:00" endTime="2018-11-11T16:39:58.5033340-06:00" testType="13cdc9d9-ddb5-4fa4-a97d-d965ccfc6d4b" outcome="Passed" testListId="8c84fa94-04c1-424b-9868-57a2d4851a1d" relativeResultsDirectory="cce3d59f-469a-4084-9565-15c4db6b5346" /><UnitTestResult executionId="3fb4864d-ee8d-49e5-aef4-242d311642ad" testId="a5134351-8566-486f-a0a4-dc0447f6a136" testName="JilTests.DeserializeDynamicTests.Issue143DateTimeOffset" computerName="SIEBL-4303-04" duration="00:00:00.0010000" startTime="2018-11-11T16:40:01.2948443-06:00" endTime="2018-11-11T16:40:01.2948443-06:00" testType="13cdc9d9-ddb5-4fa4-a97d-d965ccfc6d4b" outcome="Passed" testListId="8c84fa94-04c1-424b-9868-57a2d4851a1d" relativeResultsDirectory="3fb4864d-ee8d-49e5-aef4-242d311642ad" /><UnitTestResult executionId="b8138b05-61ad-47bf-a521-f4920b408dab" testId="b1b9245b-1a50-45c8-9037-de3cb3322d8b" testName="JilTests.SerializeTests.ReadOnlyLists" computerName="SIEBL-4303-04" duration="00:00:00.0760000" startTime="2018-11-11T16:40:10.3599961-06:00" endTime="2018-11-11T16:40:10.3599961-06:00" testType="13cdc9d9-ddb5-4fa4-a97d-d965ccfc6d4b" outcome="Passed" testListId="8c84fa94-04c1-424b-9868-57a2d4851a1d" relativeResultsDirectory="b8138b05-61ad-47bf-a521-f4920b408dab" /><UnitTestResult executionId="2861a2d9-4518-4a63-b35a-a7e206822255" testId="0c07f832-aaa3-4da1-8644-e81d8ea91179" testName="JilTests.SerializeTests.TopLevelNulls" computerName="SIEBL-4303-04" duration="00:00:00.0730000" startTime="2018-11-11T16:39:58.4192776-06:00" endTime="2018-11-11T16:39:58.4192776-06:00" testType="13cdc9d9-ddb5-4fa4-a97d-d965ccfc6d4b" outcome="Passed" testListId="8c84fa94-04c1-424b-9868-57a2d4851a1d" relativeResultsDirectory="2861a2d9-4518-4a63-b35a-a7e206822255" /><UnitTestResult executionId="a8c47a55-35ed-4a5a-8ef6-a31b2e927033" testId="be2ec123-c4f2-4981-9f7e-0c5ddd67abab" testName="JilTests.DynamicSerializationTests.Issue150" computerName="SIEBL-4303-04" duration="00:00:00.1300000" startTime="2018-11-11T16:40:00.0092613-06:00" endTime="2018-11-11T16:40:00.0092613-06:00" testType="13cdc9d9-ddb5-4fa4-a97d-d965ccfc6d4b" outcome="Passed" testListId="8c84fa94-04c1-424b-9868-57a2d4851a1d" relativeResultsDirectory="a8c47a55-35ed-4a5a-8ef6-a31b2e927033" /><UnitTestResult executionId="cbfebb24-c3d3-4afe-a1bf-5de4e410899c" testId="17059102-fa0f-42f6-ac3e-d724b882437a" testName="JilTests.DeserializeTests.BadFloat(input: &quot;1.2E++10&quot;, expectedSnippetAfter: &quot;+10&quot;)" computerName="SIEBL-4303-04" duration="00:00:00.0010000" startTime="2018-11-11T16:40:08.7993173-06:00" endTime="2018-11-11T16:40:08.7993173-06:00" testType="13cdc9d9-ddb5-4fa4-a97d-d965ccfc6d4b" outcome="Passed" testListId="8c84fa94-04c1-424b-9868-57a2d4851a1d" relativeResultsDirectory="cbfebb24-c3d3-4afe-a1bf-5de4e410899c" /><UnitTestResult executionId="038a3f75-9b8e-4987-a06f-ee4c011f3338" testId="fadf1338-18fb-4a43-b43f-fe126175c195" testName="JilTests.DynamicSerializationTests.Issue151" computerName="SIEBL-4303-04" duration="00:00:00.0110000" startTime="2018-11-11T16:39:59.2495109-06:00" endTime="2018-11-11T16:39:59.2495109-06:00" testType="13cdc9d9-ddb5-4fa4-a97d-d965ccfc6d4b" outcome="Passed" testListId="8c84fa94-04c1-424b-9868-57a2d4851a1d" relativeResultsDirectory="038a3f75-9b8e-4987-a06f-ee4c011f3338" /><UnitTestResult executionId="4779806b-863e-4a2c-b051-74281d74c1d8" testId="a484a885-72cc-48b9-976e-bb1d5581a3e3" testName="JilTests.SerializeTests.ConvertEnumsToPrimitives" computerName="SIEBL-4303-04" duration="00:00:02.0610000" startTime="2018-11-11T16:40:13.9039820-06:00" endTime="2018-11-11T16:40:13.9039820-06:00" testType="13cdc9d9-ddb5-4fa4-a97d-d965ccfc6d4b" outcome="Passed" testListId="8c84fa94-04c1-424b-9868-57a2d4851a1d" relativeResultsDirectory="4779806b-863e-4a2c-b051-74281d74c1d8" /><UnitTestResult executionId="789ac832-019b-4a98-9f96-6de45486ab88" testId="4ad63128-a3be-465e-9694-47496f57cd4a" testName="JilTests.DeserializeTests.IReadOnlyDictionaries" computerName="SIEBL-4303-04" duration="00:00:00.5030000" startTime="2018-11-11T16:40:15.9639702-06:00" endTime="2018-11-11T16:40:15.9639702-06:00" testType="13cdc9d9-ddb5-4fa4-a97d-d965ccfc6d4b" outcome="Passed" testListId="8c84fa94-04c1-424b-9868-57a2d4851a1d" relativeResultsDirectory="789ac832-019b-4a98-9f96-6de45486ab88" /><UnitTestResult executionId="a2b1e56a-fa9d-4d9d-b37a-9997008a8a03" testId="eec03a13-41dc-4d09-b313-35839a47d5b3" testName="JilTests.DeserializeDynamicTests.Multiply" computerName="SIEBL-4303-04" duration="00:00:00.0030000" startTime="2018-11-11T16:40:00.4264824-06:00" endTime="2018-11-11T16:40:00.4264824-06:00" testType="13cdc9d9-ddb5-4fa4-a97d-d965ccfc6d4b" outcome="Passed" testListId="8c84fa94-04c1-424b-9868-57a2d4851a1d" relativeResultsDirectory="a2b1e56a-fa9d-4d9d-b37a-9997008a8a03" /><UnitTestResult executionId="abf66c80-3821-4a62-98d6-10db967a9cb2" testId="47bfb3b9-5bcd-4ff7-bd99-742e9069832f" testName="JilTests.DynamicSerializationTests.RecursiveDynamic" computerName="SIEBL-4303-04" duration="00:00:00.1590000" startTime="2018-11-11T16:39:59.6570266-06:00" endTime="2018-11-11T16:39:59.6570266-06:00" testType="13cdc9d9-ddb5-4fa4-a97d-d965ccfc6d4b" outcome="Passed" testListId="8c84fa94-04c1-424b-9868-57a2d4851a1d" relativeResultsDirectory="abf66c80-3821-4a62-98d6-10db967a9cb2" /><UnitTestResult executionId="d11659eb-fad3-4f87-a898-8a01991ba0da" testId="ade5271f-897f-4b4c-9184-d8419f302b6a" testName="JilTests.SerializeTests.SimpleObject" computerName="SIEBL-4303-04" duration="00:00:00.2450000" startTime="2018-11-11T16:39:57.6557681-06:00" endTime="2018-11-11T16:39:57.6557681-06:00" testType="13cdc9d9-ddb5-4fa4-a97d-d965ccfc6d4b" outcome="Passed" testListId="8c84fa94-04c1-424b-9868-57a2d4851a1d" relativeResultsDirectory="d11659eb-fad3-4f87-a898-8a01991ba0da" /><UnitTestResult executionId="546a135c-a760-46eb-ae07-ff62280f166e" testId="03c62f89-e4ee-4938-b62d-06e21397ccfd" testName="JilTests.SerializeTests.FlagsEnumWithZero" computerName="SIEBL-4303-04" duration="00:00:00.0420000" startTime="2018-11-11T16:40:11.7121847-06:00" endTime="2018-11-11T16:40:11.7121847-06:00" testType="13cdc9d9-ddb5-4fa4-a97d-d965ccfc6d4b" outcome="Passed" testListId="8c84fa94-04c1-424b-9868-57a2d4851a1d" relativeResultsDirectory="546a135c-a760-46eb-ae07-ff62280f166e" /><UnitTestResult executionId="7a9cde17-5eaf-412f-8de0-dff98cb6ca74" testId="70a71413-b203-43a2-b95d-bf1e903057e9" testName="JilTests.DeserializeTests.MalformedISO8601(dateString: &quot;\&quot;1900-01-01+00:30\&quot;&quot;, expectedError: &quot;Unexpected date string length&quot;)" computerName="SIEBL-4303-04" duration="00:00:00.0010000" startTime="2018-11-11T16:39:57.5496976-06:00" endTime="2018-11-11T16:39:57.5496976-06:00" testType="13cdc9d9-ddb5-4fa4-a97d-d965ccfc6d4b" outcome="Passed" testListId="8c84fa94-04c1-424b-9868-57a2d4851a1d" relativeResultsDirectory="7a9cde17-5eaf-412f-8de0-dff98cb6ca74" /><UnitTestResult executionId="d9e8b440-81d3-4ad2-a7c7-f8b9d6c20fe7" testId="31e436d6-3fbb-40b4-a591-0e597c7edcdc" testName="JilTests.DeserializeDynamicTests.Add" computerName="SIEBL-4303-04" duration="00:00:00.0050000" startTime="2018-11-11T16:40:00.4625061-06:00" endTime="2018-11-11T16:40:00.4625061-06:00" testType="13cdc9d9-ddb5-4fa4-a97d-d965ccfc6d4b" outcome="Passed" testListId="8c84fa94-04c1-424b-9868-57a2d4851a1d" relativeResultsDirectory="d9e8b440-81d3-4ad2-a7c7-f8b9d6c20fe7" /><UnitTestResult executionId="e212596a-e4ef-4180-831d-c493eda2b7af" testId="fef5b9d3-0bc2-4f59-824d-08de6e8ac9d6" testName="JilTests.SerializeTests.MicrosoftTimeSpans" computerName="SIEBL-4303-04" duration="00:00:00.0570000" startTime="2018-11-11T16:39:58.0500312-06:00" endTime="2018-11-11T16:39:58.0500312-06:00" testType="13cdc9d9-ddb5-4fa4-a97d-d965ccfc6d4b" outcome="Passed" testListId="8c84fa94-04c1-424b-9868-57a2d4851a1d" relativeResultsDirectory="e212596a-e4ef-4180-831d-c493eda2b7af" /><UnitTestResult executionId="3e5108bc-48a5-4bc0-a67a-2b81e4cce6dd" testId="4f2a03d0-ca2e-414e-9a8a-7208daf8da72" testName="JilTests.DeserializeTests.UnionMisconfigured" computerName="SIEBL-4303-04" duration="00:00:00.3160000" startTime="2018-11-11T16:40:10.5651339-06:00" endTime="2018-11-11T16:40:10.5651339-06:00" testType="13cdc9d9-ddb5-4fa4-a97d-d965ccfc6d4b" outcome="Passed" testListId="8c84fa94-04c1-424b-9868-57a2d4851a1d" relativeResultsDirectory="3e5108bc-48a5-4bc0-a67a-2b81e4cce6dd" /><UnitTestResult executionId="89c688f8-13af-4da8-8bf9-3647f7191d0d" testId="84057158-b250-46b2-9e0a-036a80789046" testName="JilTests.SerializeTests.LotsOfStrings" computerName="SIEBL-4303-04" duration="00:00:00.0060000" startTime="2018-11-11T16:40:14.0326800-06:00" endTime="2018-11-11T16:40:14.0326800-06:00" testType="13cdc9d9-ddb5-4fa4-a97d-d965ccfc6d4b" outcome="Passed" testListId="8c84fa94-04c1-424b-9868-57a2d4851a1d" relativeResultsDirectory="89c688f8-13af-4da8-8bf9-3647f7191d0d" /><UnitTestResult executionId="8c0bc567-e3b4-40ee-89c0-cc8af81426c9" testId="a7544dd0-2025-4e43-9292-12f8ab59916d" testName="JilTests.DeserializeDynamicTests.ArrayCoercion" computerName="SIEBL-4303-04" duration="00:00:00.0050000" startTime="2018-11-11T16:40:00.4314848-06:00" endTime="2018-11-11T16:40:00.4314848-06:00" testType="13cdc9d9-ddb5-4fa4-a97d-d965ccfc6d4b" outcome="Passed" testListId="8c84fa94-04c1-424b-9868-57a2d4851a1d" relativeResultsDirectory="8c0bc567-e3b4-40ee-89c0-cc8af81426c9" /><UnitTestResult executionId="ce5f434f-68c7-4cbb-9ce3-9a4ec513e3e2" testId="3660778e-dbad-4b33-90e3-cfb80cf0a193" testName="JilTests.DeserializeTests.MalformedISO8601(dateString: &quot;\&quot;1999W010\&quot;&quot;, expectedError: &quot;Expected day to be a digit between 1 and 7&quot;)" computerName="SIEBL-4303-04" duration="00:00:00.0010000" startTime="2018-11-11T16:39:57.6537671-06:00" endTime="2018-11-11T16:39:57.6537671-06:00" testType="13cdc9d9-ddb5-4fa4-a97d-d965ccfc6d4b" outcome="Passed" testListId="8c84fa94-04c1-424b-9868-57a2d4851a1d" relativeResultsDirectory="ce5f434f-68c7-4cbb-9ce3-9a4ec513e3e2" /><UnitTestResult executionId="ff1e5ab6-03b1-44c4-a224-4e84a0fd91b7" testId="efd86d8b-e53d-4c93-b621-44bc44d1d980" testName="JilTests.SerializeTests.SerializeToString" computerName="SIEBL-4303-04" duration="00:00:00.0020000" startTime="2018-11-11T16:40:05.6898065-06:00" endTime="2018-11-11T16:40:05.6898065-06:00" testType="13cdc9d9-ddb5-4fa4-a97d-d965ccfc6d4b" outcome="Passed" testListId="8c84fa94-04c1-424b-9868-57a2d4851a1d" relativeResultsDirectory="ff1e5ab6-03b1-44c4-a224-4e84a0fd91b7" /><UnitTestResult executionId="bdbbdca6-9f6a-4f99-9a02-9a2495a86d0c" testId="d5306a5d-0cad-44ce-adee-6019584aaf89" testName="JilTests.DeserializeTests.MalformedISO8601(dateString: &quot;\&quot;1999-02-29\&quot;&quot;, expectedError: &quot;ISO8601 date could not be mapped to DateTime&quot;)" computerName="SIEBL-4303-04" duration="00:00:00.0010000" startTime="2018-11-11T16:39:57.5867224-06:00" endTime="2018-11-11T16:39:57.5867224-06:00" testType="13cdc9d9-ddb5-4fa4-a97d-d965ccfc6d4b" outcome="Passed" testListId="8c84fa94-04c1-424b-9868-57a2d4851a1d" relativeResultsDirectory="bdbbdca6-9f6a-4f99-9a02-9a2495a86d0c" /><UnitTestResult executionId="961315a4-9824-4823-b8cb-056774152a02" testId="20ef5559-cf6f-4582-9054-deac85254045" testName="JilTests.DynamicSerializationTests.TopLevelNulls" computerName="SIEBL-4303-04" duration="00:00:00.0660000" startTime="2018-11-11T16:39:59.1637747-06:00" endTime="2018-11-11T16:39:59.1637747-06:00" testType="13cdc9d9-ddb5-4fa4-a97d-d965ccfc6d4b" outcome="Passed" testListId="8c84fa94-04c1-424b-9868-57a2d4851a1d" relativeResultsDirectory="961315a4-9824-4823-b8cb-056774152a02" /><UnitTestResult executionId="0abc0b5a-f197-4557-8dcb-9a38bba2269f" testId="5b376228-8d70-4b1c-b853-ed48c89b0c29" testName="JilTests.DeserializeTests.Issue25" computerName="SIEBL-4303-04" duration="00:00:00.1250000" startTime="2018-11-11T16:40:00.0122636-06:00" endTime="2018-11-11T16:40:00.0122636-06:00" testType="13cdc9d9-ddb5-4fa4-a97d-d965ccfc6d4b" outcome="Passed" testListId="8c84fa94-04c1-424b-9868-57a2d4851a1d" relativeResultsDirectory="0abc0b5a-f197-4557-8dcb-9a38bba2269f" /><UnitTestResult executionId="ccc2004d-895d-4784-a266-2b278d6f7b70" testId="a1d46285-e768-4773-8b64-13391f285443" testName="JilTests.SerializeTests.Primitive" computerName="SIEBL-4303-04" duration="00:00:00.3380000" startTime="2018-11-11T16:40:14.3779103-06:00" endTime="2018-11-11T16:40:14.3779103-06:00" testType="13cdc9d9-ddb5-4fa4-a97d-d965ccfc6d4b" outcome="Passed" testListId="8c84fa94-04c1-424b-9868-57a2d4851a1d" relativeResultsDirectory="ccc2004d-895d-4784-a266-2b278d6f7b70" /><UnitTestResult executionId="fc12fc33-c434-4c48-b036-da33e13d1289" testId="0d36fdf3-8f44-47b6-b9ad-ac6754c4171d" testName="JilTests.DeserializeDynamicTests.Divide" computerName="SIEBL-4303-04" duration="00:00:00.0100000" startTime="2018-11-11T16:40:00.4575037-06:00" endTime="2018-11-11T16:40:00.4575037-06:00" testType="13cdc9d9-ddb5-4fa4-a97d-d965ccfc6d4b" outcome="Passed" testListId="8c84fa94-04c1-424b-9868-57a2d4851a1d" relativeResultsDirectory="fc12fc33-c434-4c48-b036-da33e13d1289" /><UnitTestResult executionId="98756ef3-b81f-4a48-a587-14fd860d9159" testId="ca117ea4-5e56-4b2b-ad67-7ddeaf5b1e23" testName="JilTests.SerializeTests.ExcludeNulls" computerName="SIEBL-4303-04" duration="00:00:00.0490000" startTime="2018-11-11T16:39:58.1000649-06:00" endTime="2018-11-11T16:39:58.1000649-06:00" testType="13cdc9d9-ddb5-4fa4-a97d-d965ccfc6d4b" outcome="Passed" testListId="8c84fa94-04c1-424b-9868-57a2d4851a1d" relativeResultsDirectory="98756ef3-b81f-4a48-a587-14fd860d9159" /><UnitTestResult executionId="c6804d87-d215-4b57-8045-2904d8f27490" testId="94a5c7df-a6d3-48fc-8b83-748e43be111e" testName="JilTests.DeserializeTests.SimpleDiscriminateUnion" computerName="SIEBL-4303-04" duration="00:00:00.0680000" startTime="2018-11-11T16:40:12.6751965-06:00" endTime="2018-11-11T16:40:12.6751965-06:00" testType="13cdc9d9-ddb5-4fa4-a97d-d965ccfc6d4b" outcome="Passed" testListId="8c84fa94-04c1-424b-9868-57a2d4851a1d" relativeResultsDirectory="c6804d87-d215-4b57-8045-2904d8f27490" /><UnitTestResult executionId="7626888f-2633-4ec2-b6ed-7f1dc8ee4fdd" testId="08f2fa71-87f1-407b-b8af-7a38ecdaf55a" testName="JilTests.SerializeTests.Enums" computerName="SIEBL-4303-04" duration="00:00:00.2140000" startTime="2018-11-11T16:40:05.5907389-06:00" endTime="2018-11-11T16:40:05.5907389-06:00" testType="13cdc9d9-ddb5-4fa4-a97d-d965ccfc6d4b" outcome="Passed" testListId="8c84fa94-04c1-424b-9868-57a2d4851a1d" relativeResultsDirectory="7626888f-2633-4ec2-b6ed-7f1dc8ee4fdd" /><UnitTestResult executionId="6210a9af-cb9e-4351-8fe5-e4ead37de4e8" testId="d720573e-1e5a-4e75-8381-62b26365e0bc" testName="JilTests.SerializeTests.Issue159" computerName="SIEBL-4303-04" duration="00:00:00.1340000" startTime="2018-11-11T16:39:58.2341544-06:00" endTime="2018-11-11T16:39:58.2341544-06:00" testType="13cdc9d9-ddb5-4fa4-a97d-d965ccfc6d4b" outcome="Passed" testListId="8c84fa94-04c1-424b-9868-57a2d4851a1d" relativeResultsDirectory="6210a9af-cb9e-4351-8fe5-e4ead37de4e8" /><UnitTestResult executionId="ea05a12f-cd9a-4ddc-84d4-2bb73f5b5b06" testId="2b8ef202-7028-4aa0-b8ce-4eb61e570c04" testName="JilTests.DeserializeTests.Issue193" computerName="SIEBL-4303-04" duration="00:00:01.5280000" startTime="2018-11-11T16:40:14.8262095-06:00" endTime="2018-11-11T16:40:14.8262095-06:00" testType="13cdc9d9-ddb5-4fa4-a97d-d965ccfc6d4b" outcome="Passed" testListId="8c84fa94-04c1-424b-9868-57a2d4851a1d" relativeResultsDirectory="ea05a12f-cd9a-4ddc-84d4-2bb73f5b5b06" /><UnitTestResult executionId="3c77cdc1-664a-4f19-87a4-b83e2381f8d1" testId="d06489b2-3bad-4906-84fb-5b14125946b0" testName="JilTests.DeserializeTests.IDictionaries" computerName="SIEBL-4303-04" duration="00:00:00.7580000" startTime="2018-11-11T16:40:09.9637341-06:00" endTime="2018-11-11T16:40:09.9637341-06:00" testType="13cdc9d9-ddb5-4fa4-a97d-d965ccfc6d4b" outcome="Passed" testListId="8c84fa94-04c1-424b-9868-57a2d4851a1d" relativeResultsDirectory="3c77cdc1-664a-4f19-87a4-b83e2381f8d1" /><UnitTestResult executionId="046e9869-02a6-4ebb-bbee-85657c5ebe9c" testId="860342b5-753e-444e-add3-059b424451b4" testName="JilTests.SerializeTests.MicrosoftDateTimeOffsets" computerName="SIEBL-4303-04" duration="00:00:00.0010000" startTime="2018-11-11T16:40:10.3609971-06:00" endTime="2018-11-11T16:40:10.3609971-06:00" testType="13cdc9d9-ddb5-4fa4-a97d-d965ccfc6d4b" outcome="Passed" testListId="8c84fa94-04c1-424b-9868-57a2d4851a1d" relativeResultsDirectory="046e9869-02a6-4ebb-bbee-85657c5ebe9c" /><UnitTestResult executionId="7181070f-6218-4d81-b667-01d4c207c105" testId="037fbe89-a977-4fd0-97f7-7dbf541664bd" testName="JilTests.SerializeTests.EnumMemberAttributeOverride" computerName="SIEBL-4303-04" duration="00:00:00.0380000" startTime="2018-11-11T16:40:08.2239521-06:00" endTime="2018-11-11T16:40:08.2239521-06:00" testType="13cdc9d9-ddb5-4fa4-a97d-d965ccfc6d4b" outcome="Passed" testListId="8c84fa94-04c1-424b-9868-57a2d4851a1d" relativeResultsDirectory="7181070f-6218-4d81-b667-01d4c207c105" /><UnitTestResult executionId="f9bf1100-f1e9-4e8e-931c-bb81296aa83f" testId="72164e7f-b952-4a3f-9304-31da63e0e32b" testName="JilTests.SerializeTests.Issue165" computerName="SIEBL-4303-04" duration="00:00:00.0010000" startTime="2018-11-11T16:40:05.5927409-06:00" endTime="2018-11-11T16:40:05.5927409-06:00" testType="13cdc9d9-ddb5-4fa4-a97d-d965ccfc6d4b" outcome="Passed" testListId="8c84fa94-04c1-424b-9868-57a2d4851a1d" relativeResultsDirectory="f9bf1100-f1e9-4e8e-931c-bb81296aa83f" /><UnitTestResult executionId="dde433b5-f311-467c-aeea-34fa293682c6" testId="ca76e48e-9308-4861-b131-c562e30f9715" testName="JilTests.DeserializeTests.MalformedISO8601(dateString: &quot;\&quot;1999-W01-0\&quot;&quot;, expectedError: &quot;Expected day to be a digit between 1 and 7&quot;)" computerName="SIEBL-4303-04" duration="00:00:00.0010000" startTime="2018-11-11T16:39:57.6437604-06:00" endTime="2018-11-11T16:39:57.6437604-06:00" testType="13cdc9d9-ddb5-4fa4-a97d-d965ccfc6d4b" outcome="Passed" testListId="8c84fa94-04c1-424b-9868-57a2d4851a1d" relativeResultsDirectory="dde433b5-f311-467c-aeea-34fa293682c6" /><UnitTestResult executionId="c42b5919-8331-4d13-ac9a-39dec5549ec3" testId="79b16e4b-c4a2-4aa2-9a1b-261cc2454b64" testName="JilTests.DeserializeTests.Lists" computerName="SIEBL-4303-04" duration="00:00:00.0150000" startTime="2018-11-11T16:40:13.2943300-06:00" endTime="2018-11-11T16:40:13.2943300-06:00" testType="13cdc9d9-ddb5-4fa4-a97d-d965ccfc6d4b" outcome="Passed" testListId="8c84fa94-04c1-424b-9868-57a2d4851a1d" relativeResultsDirectory="c42b5919-8331-4d13-ac9a-39dec5549ec3" /><UnitTestResult executionId="44a8783d-eac4-454e-a153-ae014e8c2da0" testId="9834bb19-c663-4619-866e-55702a3fbdf4" testName="JilTests.SerializeTests.DiscriminantUnionsWithUnionType" computerName="SIEBL-4303-04" duration="00:00:05.4380000" startTime="2018-11-11T16:40:05.1373386-06:00" endTime="2018-11-11T16:40:05.1373386-06:00" testType="13cdc9d9-ddb5-4fa4-a97d-d965ccfc6d4b" outcome="Passed" testListId="8c84fa94-04c1-424b-9868-57a2d4851a1d" relativeResultsDirectory="44a8783d-eac4-454e-a153-ae014e8c2da0" /><UnitTestResult executionId="1892b395-c449-4ffc-8471-64d04be36f35" testId="cfba9f7f-c932-4377-bd52-05daf38a6e79" testName="JilTests.DeserializeTests.Issue86" computerName="SIEBL-4303-04" duration="00:00:00.0080000" startTime="2018-11-11T16:40:12.5651224-06:00" endTime="2018-11-11T16:40:12.5651224-06:00" testType="13cdc9d9-ddb5-4fa4-a97d-d965ccfc6d4b" outcome="Passed" testListId="8c84fa94-04c1-424b-9868-57a2d4851a1d" relativeResultsDirectory="1892b395-c449-4ffc-8471-64d04be36f35" /><UnitTestResult executionId="89a15596-cc69-4db9-95e9-156b98feef0a" testId="c8d7ecbe-abb1-49a4-894c-bf9ffe217159" testName="JilTests.DeserializeTests.InfoFailure" computerName="SIEBL-4303-04" duration="00:00:00.1810000" startTime="2018-11-11T16:40:03.1309365-06:00" endTime="2018-11-11T16:40:03.1309365-06:00" testType="13cdc9d9-ddb5-4fa4-a97d-d965ccfc6d4b" outcome="Passed" testListId="8c84fa94-04c1-424b-9868-57a2d4851a1d" relativeResultsDirectory="89a15596-cc69-4db9-95e9-156b98feef0a" /><UnitTestResult executionId="a836fb36-69d1-4c1e-98fc-1f67048b118a" testId="14f601f3-8a46-44e9-a369-ed29c8b90c69" testName="JilTests.SerializeTests.PrimitiveWrapperMembers" computerName="SIEBL-4303-04" duration="00:00:00.0130000" startTime="2018-11-11T16:39:59.6990546-06:00" endTime="2018-11-11T16:39:59.6990546-06:00" testType="13cdc9d9-ddb5-4fa4-a97d-d965ccfc6d4b" outcome="Passed" testListId="8c84fa94-04c1-424b-9868-57a2d4851a1d" relativeResultsDirectory="a836fb36-69d1-4c1e-98fc-1f67048b118a" /><UnitTestResult executionId="ceffea81-b0a2-42e5-9062-5a3f9fdf41e2" testId="dcd514b5-2652-4913-9c0b-0111820492b6" testName="JilTests.DeserializeTests.Bools" computerName="SIEBL-4303-04" duration="00:00:00.0270000" startTime="2018-11-11T16:40:12.6041503-06:00" endTime="2018-11-11T16:40:12.6041503-06:00" testType="13cdc9d9-ddb5-4fa4-a97d-d965ccfc6d4b" outcome="Passed" testListId="8c84fa94-04c1-424b-9868-57a2d4851a1d" relativeResultsDirectory="ceffea81-b0a2-42e5-9062-5a3f9fdf41e2" /><UnitTestResult executionId="8ea1de96-9ba2-48ac-a4a3-0278d51fc8d2" testId="71a88fc1-b204-4905-99d0-22fc2213b8b9" testName="JilTests.DeserializeDynamicTests.Null" computerName="SIEBL-4303-04" duration="00:00:00.0010000" startTime="2018-11-11T16:40:01.2277999-06:00" endTime="2018-11-11T16:40:01.2277999-06:00" testType="13cdc9d9-ddb5-4fa4-a97d-d965ccfc6d4b" outcome="Passed" testListId="8c84fa94-04c1-424b-9868-57a2d4851a1d" relativeResultsDirectory="8ea1de96-9ba2-48ac-a4a3-0278d51fc8d2" /><UnitTestResult executionId="9ffe6ee1-e4df-4535-b829-51af013fbdd7" testId="00cbfd3a-f4fd-4d1c-9993-132b28ab2010" testName="JilTests.SerializeTests.DictionaryEncoding" computerName="SIEBL-4303-04" duration="00:00:00.0020000" startTime="2018-11-11T16:39:58.2361569-06:00" endTime="2018-11-11T16:39:58.2361569-06:00" testType="13cdc9d9-ddb5-4fa4-a97d-d965ccfc6d4b" outcome="Passed" testListId="8c84fa94-04c1-424b-9868-57a2d4851a1d" relativeResultsDirectory="9ffe6ee1-e4df-4535-b829-51af013fbdd7" /><UnitTestResult executionId="89bf0889-8b73-4a21-bbb5-a56013563325" testId="5e4588c4-64c6-4d72-ab10-3279a95bbe88" testName="JilTests.DeserializeDynamicTests.Indexer" computerName="SIEBL-4303-04" duration="00:00:00.0140000" startTime="2018-11-11T16:40:00.1173322-06:00" endTime="2018-11-11T16:40:00.1173322-06:00" testType="13cdc9d9-ddb5-4fa4-a97d-d965ccfc6d4b" outcome="Passed" testListId="8c84fa94-04c1-424b-9868-57a2d4851a1d" relativeResultsDirectory="89bf0889-8b73-4a21-bbb5-a56013563325" /><UnitTestResult executionId="9964807b-e043-4670-9600-7f1eb2bc11c7" testId="d56bd690-a4f9-4443-80aa-a73371a1779d" testName="JilTests.SerializeTests.CharacterEncoding" computerName="SIEBL-4303-04" duration="00:00:00.0170000" startTime="2018-11-11T16:40:14.4269427-06:00" endTime="2018-11-11T16:40:14.4269427-06:00" testType="13cdc9d9-ddb5-4fa4-a97d-d965ccfc6d4b" outcome="Passed" testListId="8c84fa94-04c1-424b-9868-57a2d4851a1d" relativeResultsDirectory="9964807b-e043-4670-9600-7f1eb2bc11c7" /><UnitTestResult executionId="5654390c-e00c-4269-baa6-2d86e9f24942" testId="b54acb21-937b-4a30-b168-117e36c3004c" testName="JilTests.DeserializeTests.Decimals" computerName="SIEBL-4303-04" duration="00:00:00.0310000" startTime="2018-11-11T16:40:03.3644718-06:00" endTime="2018-11-11T16:40:03.3644718-06:00" testType="13cdc9d9-ddb5-4fa4-a97d-d965ccfc6d4b" outcome="Passed" testListId="8c84fa94-04c1-424b-9868-57a2d4851a1d" relativeResultsDirectory="5654390c-e00c-4269-baa6-2d86e9f24942" /><UnitTestResult executionId="fdfa5a06-1c5b-4872-9c5f-c64176eba09f" testId="7f398339-b2c6-4225-9138-63572a010553" testName="JilTests.DeserializeDynamicTests.EmptyArrayWithSpace" computerName="SIEBL-4303-04" duration="00:00:00.0020000" startTime="2018-11-11T16:40:01.0285689-06:00" endTime="2018-11-11T16:40:01.0285689-06:00" testType="13cdc9d9-ddb5-4fa4-a97d-d965ccfc6d4b" outcome="Passed" testListId="8c84fa94-04c1-424b-9868-57a2d4851a1d" relativeResultsDirectory="fdfa5a06-1c5b-4872-9c5f-c64176eba09f" /><UnitTestResult executionId="fcb18b46-671a-4acd-ac75-01a9be3db668" testId="bb93bed4-9deb-417d-ad6a-d186795d5d5b" testName="JilTests.UtilsTests.ConstantProperties" computerName="SIEBL-4303-04" duration="00:00:00.0170000" startTime="2018-11-11T16:39:57.4496312-06:00" endTime="2018-11-11T16:39:57.4496312-06:00" testType="13cdc9d9-ddb5-4fa4-a97d-d965ccfc6d4b" outcome="Passed" testListId="8c84fa94-04c1-424b-9868-57a2d4851a1d" relativeResultsDirectory="fcb18b46-671a-4acd-ac75-01a9be3db668" /><UnitTestResult executionId="262b1ca0-2cba-4575-a980-08f73c27cb80" testId="6c2394cb-f36e-437e-88e5-c7fd2406b974" testName="JilTests.DeserializeTests.MicrosoftDateTimeOffsets" computerName="SIEBL-4303-04" duration="00:00:00.0750000" startTime="2018-11-11T16:40:04.0449249-06:00" endTime="2018-11-11T16:40:04.0449249-06:00" testType="13cdc9d9-ddb5-4fa4-a97d-d965ccfc6d4b" outcome="Passed" testListId="8c84fa94-04c1-424b-9868-57a2d4851a1d" relativeResultsDirectory="262b1ca0-2cba-4575-a980-08f73c27cb80" /><UnitTestResult executionId="7f75649e-3a56-4913-9fdd-43a0aa32a2a8" testId="b3835d4a-42a2-401a-9cf8-ae840296e403" testName="JilTests.DeserializeTests.Shorts" computerName="SIEBL-4303-04" duration="00:00:01.6860000" startTime="2018-11-11T16:40:08.1969325-06:00" endTime="2018-11-11T16:40:08.1969325-06:00" testType="13cdc9d9-ddb5-4fa4-a97d-d965ccfc6d4b" outcome="Passed" testListId="8c84fa94-04c1-424b-9868-57a2d4851a1d" relativeResultsDirectory="7f75649e-3a56-4913-9fdd-43a0aa32a2a8" /><UnitTestResult executionId="67bdff99-a228-4fb4-96b8-3e6be8a26a34" testId="babea95e-1b6f-4e87-8ca6-af26040e2093" testName="JilTests.SerializeTests.OddNullRef" computerName="SIEBL-4303-04" duration="00:00:00.1220000" startTime="2018-11-11T16:39:59.5929835-06:00" endTime="2018-11-11T16:39:59.5929835-06:00" testType="13cdc9d9-ddb5-4fa4-a97d-d965ccfc6d4b" outcome="Passed" testListId="8c84fa94-04c1-424b-9868-57a2d4851a1d" relativeResultsDirectory="67bdff99-a228-4fb4-96b8-3e6be8a26a34" /><UnitTestResult executionId="c875f5b0-c232-4613-9c7d-d801e2fa6b60" testId="62d2f751-c032-49a3-9cc9-db940214c618" testName="JilTests.DeserializeDynamicTests.Or" computerName="SIEBL-4303-04" duration="00:00:00.0270000" startTime="2018-11-11T16:40:00.4114715-06:00" endTime="2018-11-11T16:40:00.4114715-06:00" testType="13cdc9d9-ddb5-4fa4-a97d-d965ccfc6d4b" outcome="Passed" testListId="8c84fa94-04c1-424b-9868-57a2d4851a1d" relativeResultsDirectory="c875f5b0-c232-4613-9c7d-d801e2fa6b60" /><UnitTestResult executionId="32cce041-f0f5-491e-bda9-307fbe9e11c2" testId="f38fdb66-e20a-433d-8498-7ce46c3da77a" testName="JilTests.SerializeTests.IntegerDictionaryKeysWithoutNulls" computerName="SIEBL-4303-04" duration="00:00:00.0730000" startTime="2018-11-11T16:39:59.6660326-06:00" endTime="2018-11-11T16:39:59.6660326-06:00" testType="13cdc9d9-ddb5-4fa4-a97d-d965ccfc6d4b" outcome="Passed" testListId="8c84fa94-04c1-424b-9868-57a2d4851a1d" relativeResultsDirectory="32cce041-f0f5-491e-bda9-307fbe9e11c2" /><UnitTestResult executionId="d2444e32-e63a-485d-9e8b-d41d7b79507a" testId="eaf5afe9-1414-4208-82e1-e71dfea243b6" testName="JilTests.DeserializeDynamicTests.Issue117(input: &quot;-12.&quot;, expectedError: &quot;Expected digit&quot;)" computerName="SIEBL-4303-04" duration="00:00:00.0010000" startTime="2018-11-11T16:39:57.9989975-06:00" endTime="2018-11-11T16:39:57.9989975-06:00" testType="13cdc9d9-ddb5-4fa4-a97d-d965ccfc6d4b" outcome="Passed" testListId="8c84fa94-04c1-424b-9868-57a2d4851a1d" relativeResultsDirectory="d2444e32-e63a-485d-9e8b-d41d7b79507a" /><UnitTestResult executionId="6d8346f6-ffc1-49e5-a868-dd9a389f942a" testId="3d39353f-d6a3-4730-ab84-f978001402ed" testName="JilTests.DeserializeTests.BadDecimal(input: &quot;1.2E10E10&quot;, expectedSnippetAfter: &quot;E10&quot;)" computerName="SIEBL-4303-04" duration="00:00:00.0010000" startTime="2018-11-11T16:40:08.4453529-06:00" endTime="2018-11-11T16:40:08.4453529-06:00" testType="13cdc9d9-ddb5-4fa4-a97d-d965ccfc6d4b" outcome="Passed" testListId="8c84fa94-04c1-424b-9868-57a2d4851a1d" relativeResultsDirectory="6d8346f6-ffc1-49e5-a868-dd9a389f942a" /><UnitTestResult executionId="0a1803db-ae56-4f0f-b4df-70ad37e2e2dd" testId="b4d7c2ce-254d-46c4-a2a9-c31a7caf3f3e" testName="JilTests.SerializeTests.InfiniteRecursion" computerName="SIEBL-4303-04" duration="00:00:00.0040000" startTime="2018-11-11T16:40:08.1098763-06:00" endTime="2018-11-11T16:40:08.1098763-06:00" testType="13cdc9d9-ddb5-4fa4-a97d-d965ccfc6d4b" outcome="Passed" testListId="8c84fa94-04c1-424b-9868-57a2d4851a1d" relativeResultsDirectory="0a1803db-ae56-4f0f-b4df-70ad37e2e2dd" /><UnitTestResult executionId="bd523d31-81fc-450d-a0d3-9414f9809e78" testId="b8039d5d-9edf-445e-9ff1-7a38cd141ff7" testName="JilTests.DynamicSerializationTests.ToStringJSON" computerName="SIEBL-4303-04" duration="00:00:00.1470000" startTime="2018-11-11T16:39:59.8291393-06:00" endTime="2018-11-11T16:39:59.8291393-06:00" testType="13cdc9d9-ddb5-4fa4-a97d-d965ccfc6d4b" outcome="Passed" testListId="8c84fa94-04c1-424b-9868-57a2d4851a1d" relativeResultsDirectory="bd523d31-81fc-450d-a0d3-9414f9809e78" /><UnitTestResult executionId="2c7a2a22-2887-4937-8d19-9ba51c5b09fd" testId="fd58a417-9b4a-4312-aeca-2feeefe57c69" testName="JilTests.DeserializeDynamicTests.LongDateTimes" computerName="SIEBL-4303-04" duration="00:00:00.0130000" startTime="2018-11-11T16:39:57.9719791-06:00" endTime="2018-11-11T16:39:57.9719791-06:00" testType="13cdc9d9-ddb5-4fa4-a97d-d965ccfc6d4b" outcome="Passed" testListId="8c84fa94-04c1-424b-9868-57a2d4851a1d" relativeResultsDirectory="2c7a2a22-2887-4937-8d19-9ba51c5b09fd" /><UnitTestResult executionId="951d3e1c-757a-4994-af86-5384ef06d188" testId="1fdb6f6b-a011-4845-aa2f-5f0b20936f59" testName="JilTests.DeserializeTests.EarlyStreamEnds" computerName="SIEBL-4303-04" duration="00:00:00.0440000" startTime="2018-11-11T16:40:00.3854544-06:00" endTime="2018-11-11T16:40:00.3854544-06:00" testType="13cdc9d9-ddb5-4fa4-a97d-d965ccfc6d4b" outcome="Passed" testListId="8c84fa94-04c1-424b-9868-57a2d4851a1d" relativeResultsDirectory="951d3e1c-757a-4994-af86-5384ef06d188" /><UnitTestResult executionId="2f5bcdfd-d7ce-430a-b2d4-3632d2725d48" testId="01d91bc9-2a33-4a4d-9f2e-6085575000ed" testName="JilTests.DeserializeTests.MissingConstructor" computerName="SIEBL-4303-04" duration="00:00:00.0040000" startTime="2018-11-11T16:40:00.4454963-06:00" endTime="2018-11-11T16:40:00.4454963-06:00" testType="13cdc9d9-ddb5-4fa4-a97d-d965ccfc6d4b" outcome="Passed" testListId="8c84fa94-04c1-424b-9868-57a2d4851a1d" relativeResultsDirectory="2f5bcdfd-d7ce-430a-b2d4-3632d2725d48" /><UnitTestResult executionId="d04a3af1-4f6d-4304-94b8-7361d7b2553d" testId="46bc7e51-cdbb-4071-959f-6ef16370133f" testName="JilTests.DeserializeDynamicTests.Enums" computerName="SIEBL-4303-04" duration="00:00:00.0160000" startTime="2018-11-11T16:40:00.9588382-06:00" endTime="2018-11-11T16:40:00.9588382-06:00" testType="13cdc9d9-ddb5-4fa4-a97d-d965ccfc6d4b" outcome="Passed" testListId="8c84fa94-04c1-424b-9868-57a2d4851a1d" relativeResultsDirectory="d04a3af1-4f6d-4304-94b8-7361d7b2553d" /><UnitTestResult executionId="47ddf180-1a12-4115-a13f-2abb2bca6b2a" testId="dd0288e0-9cdc-4f9e-bbda-e1f5eae055f1" testName="JilTests.DeserializeTests.BadDouble(input: &quot;1.2E++10&quot;, expectedSnippetAfter: &quot;+10&quot;)" computerName="SIEBL-4303-04" duration="00:00:00.0010000" startTime="2018-11-11T16:40:14.8272101-06:00" endTime="2018-11-11T16:40:14.8272101-06:00" testType="13cdc9d9-ddb5-4fa4-a97d-d965ccfc6d4b" outcome="Passed" testListId="8c84fa94-04c1-424b-9868-57a2d4851a1d" relativeResultsDirectory="47ddf180-1a12-4115-a13f-2abb2bca6b2a" /><UnitTestResult executionId="93d9a36f-ce4e-4530-b46f-6d0664b39dd5" testId="45d46ac9-8c05-43f7-83c7-9bfebabbf526" testName="JilTests.DynamicSerializationTests.Issue87" computerName="SIEBL-4303-04" duration="00:00:00.0160000" startTime="2018-11-11T16:39:59.4968527-06:00" endTime="2018-11-11T16:39:59.4968527-06:00" testType="13cdc9d9-ddb5-4fa4-a97d-d965ccfc6d4b" outcome="Passed" testListId="8c84fa94-04c1-424b-9868-57a2d4851a1d" relativeResultsDirectory="93d9a36f-ce4e-4530-b46f-6d0664b39dd5" /><UnitTestResult executionId="fc2db22a-1ecb-490f-875a-420b3e7a9891" testId="43aaf086-4cbb-475c-aa45-adb14f080412" testName="JilTests.SerializeTests.EnumVariations" computerName="SIEBL-4303-04" duration="00:00:02.3670000" startTime="2018-11-11T16:40:08.0968658-06:00" endTime="2018-11-11T16:40:08.0968658-06:00" testType="13cdc9d9-ddb5-4fa4-a97d-d965ccfc6d4b" outcome="Passed" testListId="8c84fa94-04c1-424b-9868-57a2d4851a1d" relativeResultsDirectory="fc2db22a-1ecb-490f-875a-420b3e7a9891" /><UnitTestResult executionId="105abd54-11b1-4ac2-be0c-ce9166f57dfc" testId="78b601a3-e084-4471-ac4b-bc9a9f4ef7be" testName="JilTests.DeserializeDynamicTests.Issue143DateTime" computerName="SIEBL-4303-04" duration="00:00:00.0010000" startTime="2018-11-11T16:40:01.2197943-06:00" endTime="2018-11-11T16:40:01.2197943-06:00" testType="13cdc9d9-ddb5-4fa4-a97d-d965ccfc6d4b" outcome="Passed" testListId="8c84fa94-04c1-424b-9868-57a2d4851a1d" relativeResultsDirectory="105abd54-11b1-4ac2-be0c-ce9166f57dfc" /><UnitTestResult executionId="858a8975-8887-4cab-9a62-0fb936052a82" testId="75392e7e-3b4b-4c22-910a-2ec0edb67e21" testName="JilTests.DeserializeTests.PrivateConstructor_Object" computerName="SIEBL-4303-04" duration="00:00:00.0270000" startTime="2018-11-11T16:40:16.2501614-06:00" endTime="2018-11-11T16:40:16.2501614-06:00" testType="13cdc9d9-ddb5-4fa4-a97d-d965ccfc6d4b" outcome="Passed" testListId="8c84fa94-04c1-424b-9868-57a2d4851a1d" relativeResultsDirectory="858a8975-8887-4cab-9a62-0fb936052a82" /><UnitTestResult executionId="c591ef1f-e5a9-4bbe-bba9-25a2c8557922" testId="5cc82384-a4d1-4c50-aa4a-437ebe74f346" testName="JilTests.DeserializeTests.Issue43" computerName="SIEBL-4303-04" duration="00:00:00.0020000" startTime="2018-11-11T16:40:03.2260011-06:00" endTime="2018-11-11T16:40:03.2260011-06:00" testType="13cdc9d9-ddb5-4fa4-a97d-d965ccfc6d4b" outcome="Passed" testListId="8c84fa94-04c1-424b-9868-57a2d4851a1d" relativeResultsDirectory="c591ef1f-e5a9-4bbe-bba9-25a2c8557922" /><UnitTestResult executionId="8dd128f8-e1dc-4ce2-8bec-4fbfa1dcd219" testId="00a4545e-52bb-4afa-8096-52cbf90b919b" testName="JilTests.DeserializeTests.Issue235" computerName="SIEBL-4303-04" duration="00:00:00.0010000" startTime="2018-11-11T16:40:16.4733085-06:00" endTime="2018-11-11T16:40:16.4733085-06:00" testType="13cdc9d9-ddb5-4fa4-a97d-d965ccfc6d4b" outcome="Passed" testListId="8c84fa94-04c1-424b-9868-57a2d4851a1d" relativeResultsDirectory="8dd128f8-e1dc-4ce2-8bec-4fbfa1dcd219" /><UnitTestResult executionId="967a4eec-da76-4c75-9655-08de05cbabd0" testId="fe409e74-bfaf-4dc3-9479-c02eb7b067af" testName="JilTests.DynamicSerializationTests.Issue200" computerName="SIEBL-4303-04" duration="00:00:00.0250000" startTime="2018-11-11T16:39:59.0346879-06:00" endTime="2018-11-11T16:39:59.0346879-06:00" testType="13cdc9d9-ddb5-4fa4-a97d-d965ccfc6d4b" outcome="Passed" testListId="8c84fa94-04c1-424b-9868-57a2d4851a1d" relativeResultsDirectory="967a4eec-da76-4c75-9655-08de05cbabd0" /><UnitTestResult executionId="ca7090d4-2390-484b-8922-43b91d0b3e16" testId="bb43c5cc-be99-44b3-a41e-9e0677020e0a" testName="JilTests.DeserializeTests.EmptyEnum" computerName="SIEBL-4303-04" duration="00:00:00.0960000" startTime="2018-11-11T16:40:15.0533628-06:00" endTime="2018-11-11T16:40:15.0533628-06:00" testType="13cdc9d9-ddb5-4fa4-a97d-d965ccfc6d4b" outcome="Passed" testListId="8c84fa94-04c1-424b-9868-57a2d4851a1d" relativeResultsDirectory="ca7090d4-2390-484b-8922-43b91d0b3e16" /><UnitTestResult executionId="aa88f6e6-238d-4be6-b95a-c46ff2145a65" testId="a015da14-3a6a-4185-9b2b-6cecbdbf534e" testName="JilTests.DeserializeDynamicTests.Negate" computerName="SIEBL-4303-04" duration="00:00:00.0030000" startTime="2018-11-11T16:40:00.2434164-06:00" endTime="2018-11-11T16:40:00.2434164-06:00" testType="13cdc9d9-ddb5-4fa4-a97d-d965ccfc6d4b" outcome="Passed" testListId="8c84fa94-04c1-424b-9868-57a2d4851a1d" relativeResultsDirectory="aa88f6e6-238d-4be6-b95a-c46ff2145a65" /><UnitTestResult executionId="c27f92e8-a04a-4956-8275-2f2c9d6c53e5" testId="96c5f2d2-a418-49f3-852f-4fb04f9ac381" testName="JilTests.SerializeTests.ExcludingNulls" computerName="SIEBL-4303-04" duration="00:00:00.0370000" startTime="2018-11-11T16:40:11.2632420-06:00" endTime="2018-11-11T16:40:11.2632420-06:00" testType="13cdc9d9-ddb5-4fa4-a97d-d965ccfc6d4b" outcome="Passed" testListId="8c84fa94-04c1-424b-9868-57a2d4851a1d" relativeResultsDirectory="c27f92e8-a04a-4956-8275-2f2c9d6c53e5" /><UnitTestResult executionId="a08c7954-befd-442e-a992-6b40f09cbf90" testId="f26899a0-180d-49c5-9625-2c723fa5ddfe" testName="JilTests.UtilsTests.FieldOffsetsInMemory" computerName="SIEBL-4303-04" duration="00:00:00.0050000" startTime="2018-11-11T16:39:58.5063360-06:00" endTime="2018-11-11T16:39:58.5063360-06:00" testType="13cdc9d9-ddb5-4fa4-a97d-d965ccfc6d4b" outcome="Passed" testListId="8c84fa94-04c1-424b-9868-57a2d4851a1d" relativeResultsDirectory="a08c7954-befd-442e-a992-6b40f09cbf90" /><UnitTestResult executionId="e53403d9-a77d-4731-ac94-736aebf96f10" testId="7f6e32e6-6772-4d72-abc6-169712300f9b" testName="JilTests.SerializeTests.Issue257" computerName="SIEBL-4303-04" duration="00:00:00.1290000" startTime="2018-11-11T16:40:10.5251066-06:00" endTime="2018-11-11T16:40:10.5251066-06:00" testType="13cdc9d9-ddb5-4fa4-a97d-d965ccfc6d4b" outcome="Passed" testListId="8c84fa94-04c1-424b-9868-57a2d4851a1d" relativeResultsDirectory="e53403d9-a77d-4731-ac94-736aebf96f10" /><UnitTestResult executionId="f896925b-5ae5-49e9-b560-677679a6b6ba" testId="4c9a8a34-d999-4ea4-b02a-11cc4122709e" testName="JilTests.DeserializeDynamicTests.Issue117(input: &quot;-1.&quot;, expectedError: &quot;Expected digit&quot;)" computerName="SIEBL-4303-04" duration="00:00:00.0010000" startTime="2018-11-11T16:39:57.9929931-06:00" endTime="2018-11-11T16:39:57.9929931-06:00" testType="13cdc9d9-ddb5-4fa4-a97d-d965ccfc6d4b" outcome="Passed" testListId="8c84fa94-04c1-424b-9868-57a2d4851a1d" relativeResultsDirectory="f896925b-5ae5-49e9-b560-677679a6b6ba" /><UnitTestResult executionId="5cd8f1f6-9d6d-438d-822b-f22b252d2e29" testId="eaba879d-d658-4dfb-820d-484919b9dbc7" testName="JilTests.UtilsTests.PropertyFieldUsage" computerName="SIEBL-4303-04" duration="00:00:00.0120000" startTime="2018-11-11T16:39:57.3845875-06:00" endTime="2018-11-11T16:39:57.3845875-06:00" testType="13cdc9d9-ddb5-4fa4-a97d-d965ccfc6d4b" outcome="Passed" testListId="8c84fa94-04c1-424b-9868-57a2d4851a1d" relativeResultsDirectory="5cd8f1f6-9d6d-438d-822b-f22b252d2e29" /><UnitTestResult executionId="fa2f4dc5-fd4f-4121-9ebb-68a1dacf3a3a" testId="d0899f28-be26-49a4-8b12-da5e1d22a365" testName="JilTests.BadlySpecifiedTypeTests.DeserializeString" computerName="SIEBL-4303-04" duration="00:00:00.0140000" startTime="2018-11-11T16:39:57.8689107-06:00" endTime="2018-11-11T16:39:57.8689107-06:00" testType="13cdc9d9-ddb5-4fa4-a97d-d965ccfc6d4b" outcome="Passed" testListId="8c84fa94-04c1-424b-9868-57a2d4851a1d" relativeResultsDirectory="fa2f4dc5-fd4f-4121-9ebb-68a1dacf3a3a" /><UnitTestResult executionId="705c9155-399d-43f8-a1ed-8dd1bdd81f88" testId="588ec5c8-151f-4fd5-9926-243715ac0e3b" testName="JilTests.DeserializeTests.AnonObjects" computerName="SIEBL-4303-04" duration="00:00:00.4300000" startTime="2018-11-11T16:40:02.9318033-06:00" endTime="2018-11-11T16:40:02.9318033-06:00" testType="13cdc9d9-ddb5-4fa4-a97d-d965ccfc6d4b" outcome="Passed" testListId="8c84fa94-04c1-424b-9868-57a2d4851a1d" relativeResultsDirectory="705c9155-399d-43f8-a1ed-8dd1bdd81f88" /><UnitTestResult executionId="c7bc8ff6-a37d-4476-a511-2bd8613648d4" testId="e4641dfa-ddc4-4d51-bba9-555348bf09aa" testName="JilTests.DeserializeTests.SBytes" computerName="SIEBL-4303-04" duration="00:00:00.0110000" startTime="2018-11-11T16:40:12.5761310-06:00" endTime="2018-11-11T16:40:12.5761310-06:00" testType="13cdc9d9-ddb5-4fa4-a97d-d965ccfc6d4b" outcome="Passed" testListId="8c84fa94-04c1-424b-9868-57a2d4851a1d" relativeResultsDirectory="c7bc8ff6-a37d-4476-a511-2bd8613648d4" /><UnitTestResult executionId="ee3d75b7-06db-4653-b971-3a94944fdd78" testId="299b0d66-896f-455b-9a28-3921219df741" testName="JilTests.DynamicSerializationTests.MillsecondsTimeSpans" computerName="SIEBL-4303-04" duration="00:00:00.0090000" startTime="2018-11-11T16:39:59.0667096-06:00" endTime="2018-11-11T16:39:59.0667096-06:00" testType="13cdc9d9-ddb5-4fa4-a97d-d965ccfc6d4b" outcome="Passed" testListId="8c84fa94-04c1-424b-9868-57a2d4851a1d" relativeResultsDirectory="ee3d75b7-06db-4653-b971-3a94944fdd78" /><UnitTestResult executionId="aae407ea-f1df-4d58-aff0-547e632434bf" testId="6316f2a5-9eda-4c68-b2ae-06cdbbe3f082" testName="JilTests.DynamicSerializationTests.Issue230" computerName="SIEBL-4303-04" duration="00:00:00.0050000" startTime="2018-11-11T16:39:59.8341430-06:00" endTime="2018-11-11T16:39:59.8341430-06:00" testType="13cdc9d9-ddb5-4fa4-a97d-d965ccfc6d4b" outcome="Passed" testListId="8c84fa94-04c1-424b-9868-57a2d4851a1d" relativeResultsDirectory="aae407ea-f1df-4d58-aff0-547e632434bf" /><UnitTestResult executionId="40150e92-f662-4f3a-aba9-27fb0773f462" testId="bf611c6d-270b-4bc3-926a-865f1fc6e012" testName="JilTests.DeserializeTests.ExpectedEndOfStream" computerName="SIEBL-4303-04" duration="00:00:00.0510000" startTime="2018-11-11T16:40:03.8357872-06:00" endTime="2018-11-11T16:40:03.8357872-06:00" testType="13cdc9d9-ddb5-4fa4-a97d-d965ccfc6d4b" outcome="Passed" testListId="8c84fa94-04c1-424b-9868-57a2d4851a1d" relativeResultsDirectory="40150e92-f662-4f3a-aba9-27fb0773f462" /><UnitTestResult executionId="f5cbf6ea-6fff-4b4a-9ee2-0299227d56d6" testId="87ba74ae-b890-4e07-b2da-50e039295db8" testName="JilTests.DeserializeDynamicTests.ParseISO8601" computerName="SIEBL-4303-04" duration="00:00:00.1010000" startTime="2018-11-11T16:40:00.9428269-06:00" endTime="2018-11-11T16:40:00.9428269-06:00" testType="13cdc9d9-ddb5-4fa4-a97d-d965ccfc6d4b" outcome="Passed" testListId="8c84fa94-04c1-424b-9868-57a2d4851a1d" relativeResultsDirectory="f5cbf6ea-6fff-4b4a-9ee2-0299227d56d6" /><UnitTestResult executionId="2f82631e-c25d-4030-a143-2d06bad1d23b" testId="13110eab-c5f2-4846-abe4-7a0fd0d54460" testName="JilTests.DynamicSerializationTests.ExpandoObject" computerName="SIEBL-4303-04" duration="00:00:00.0130000" startTime="2018-11-11T16:39:59.0617063-06:00" endTime="2018-11-11T16:39:59.0617063-06:00" testType="13cdc9d9-ddb5-4fa4-a97d-d965ccfc6d4b" outcome="Passed" testListId="8c84fa94-04c1-424b-9868-57a2d4851a1d" relativeResultsDirectory="2f82631e-c25d-4030-a143-2d06bad1d23b" /><UnitTestResult executionId="021cb806-73e2-47f8-bb27-1f0e0e2a426d" testId="ccfce602-3a1a-4fb8-8604-c0fce474c608" testName="JilTests.SerializeTests.Issue89" computerName="SIEBL-4303-04" duration="00:00:00.0660000" startTime="2018-11-11T16:40:14.5150018-06:00" endTime="2018-11-11T16:40:14.5150018-06:00" testType="13cdc9d9-ddb5-4fa4-a97d-d965ccfc6d4b" outcome="Passed" testListId="8c84fa94-04c1-424b-9868-57a2d4851a1d" relativeResultsDirectory="021cb806-73e2-47f8-bb27-1f0e0e2a426d" /><UnitTestResult executionId="021ea747-6ca2-47c3-a52b-57d89dac3a2d" testId="4ba79096-9df7-42a1-82c4-200bfb9500cf" testName="JilTests.DeserializeTests.MalformedISO8601(dateString: &quot;\&quot;1999-W00\&quot;&quot;, expectedError: &quot;Expected week to be between 01 and 53&quot;)" computerName="SIEBL-4303-04" duration="00:00:00.0010000" startTime="2018-11-11T16:39:57.5847210-06:00" endTime="2018-11-11T16:39:57.5847210-06:00" testType="13cdc9d9-ddb5-4fa4-a97d-d965ccfc6d4b" outcome="Passed" testListId="8c84fa94-04c1-424b-9868-57a2d4851a1d" relativeResultsDirectory="021ea747-6ca2-47c3-a52b-57d89dac3a2d" /><UnitTestResult executionId="2d226ace-8c7f-42e2-9935-0d01274c860b" testId="39be32f8-dc9f-425b-8453-140afc9f285c" testName="JilTests.DeserializeTests.Issue117_Double" computerName="SIEBL-4303-04" duration="00:00:00.0050000" startTime="2018-11-11T16:40:16.6184059-06:00" endTime="2018-11-11T16:40:16.6184059-06:00" testType="13cdc9d9-ddb5-4fa4-a97d-d965ccfc6d4b" outcome="Passed" testListId="8c84fa94-04c1-424b-9868-57a2d4851a1d" relativeResultsDirectory="2d226ace-8c7f-42e2-9935-0d01274c860b" /><UnitTestResult executionId="af276e94-b0a7-4d07-ad28-7a17c47b9be8" testId="e54be728-854d-4a13-8b44-ff78dc951814" testName="JilTests.DeserializeTests.MalformedISO8601(dateString: &quot;\&quot;1900-\&quot;&quot;, expectedError: &quot;Unexpected date string length&quot;)" computerName="SIEBL-4303-04" duration="00:00:00.0010000" startTime="2018-11-11T16:39:57.5707117-06:00" endTime="2018-11-11T16:39:57.5707117-06:00" testType="13cdc9d9-ddb5-4fa4-a97d-d965ccfc6d4b" outcome="Passed" testListId="8c84fa94-04c1-424b-9868-57a2d4851a1d" relativeResultsDirectory="af276e94-b0a7-4d07-ad28-7a17c47b9be8" /><UnitTestResult executionId="714198e3-6284-414c-a473-cbb22e31d3eb" testId="7426a749-6817-4238-928d-802333130ca0" testName="JilTests.SerializeTests.RFC1123DateTimes" computerName="SIEBL-4303-04" duration="00:00:00.0910000" startTime="2018-11-11T16:40:10.2839475-06:00" endTime="2018-11-11T16:40:10.2839475-06:00" testType="13cdc9d9-ddb5-4fa4-a97d-d965ccfc6d4b" outcome="Passed" testListId="8c84fa94-04c1-424b-9868-57a2d4851a1d" relativeResultsDirectory="714198e3-6284-414c-a473-cbb22e31d3eb" /><UnitTestResult executionId="e97dd185-b76d-4a51-8e79-5240875dde79" testId="f298590a-3ab3-449b-8a1c-d85ce94a3a19" testName="JilTests.DeserializeTests.EnumMemberAttributeOverride" computerName="SIEBL-4303-04" duration="00:00:00.0620000" startTime="2018-11-11T16:40:12.5571177-06:00" endTime="2018-11-11T16:40:12.5571177-06:00" testType="13cdc9d9-ddb5-4fa4-a97d-d965ccfc6d4b" outcome="Passed" testListId="8c84fa94-04c1-424b-9868-57a2d4851a1d" relativeResultsDirectory="e97dd185-b76d-4a51-8e79-5240875dde79" /><UnitTestResult executionId="516b517d-8759-424c-9841-688bb212c7d2" testId="d049ffa0-9096-461a-9845-58d54c4e585a" testName="JilTests.DeserializeTests.SecondsTimeSpan" computerName="SIEBL-4303-04" duration="00:00:00.0200000" startTime="2018-11-11T16:40:09.1723376-06:00" endTime="2018-11-11T16:40:09.1723376-06:00" testType="13cdc9d9-ddb5-4fa4-a97d-d965ccfc6d4b" outcome="Passed" testListId="8c84fa94-04c1-424b-9868-57a2d4851a1d" relativeResultsDirectory="516b517d-8759-424c-9841-688bb212c7d2" /><UnitTestResult executionId="8e214f10-f61a-4bab-9df3-bfec58ccbcbd" testId="83c3fc49-74b1-46c0-871a-c650d2cd881a" testName="JilTests.DeserializeTests.IReadOnlyDictionaryEnumKeys" computerName="SIEBL-4303-04" duration="00:00:00.4510000" startTime="2018-11-11T16:40:06.3629429-06:00" endTime="2018-11-11T16:40:06.3629429-06:00" testType="13cdc9d9-ddb5-4fa4-a97d-d965ccfc6d4b" outcome="Passed" testListId="8c84fa94-04c1-424b-9868-57a2d4851a1d" relativeResultsDirectory="8e214f10-f61a-4bab-9df3-bfec58ccbcbd" /><UnitTestResult executionId="441ed364-45f5-4d94-aeb5-f112fbdddf76" testId="4266c89d-4cf0-47a2-8fbb-8d8bda208618" testName="JilTests.DeserializeTests.BadDecimal(input: &quot;1.2.3.4.5.6&quot;, expectedSnippetAfter: &quot;.3.4.5.6&quot;)" computerName="SIEBL-4303-04" duration="00:00:00.0010000" startTime="2018-11-11T16:40:08.4483549-06:00" endTime="2018-11-11T16:40:08.4483549-06:00" testType="13cdc9d9-ddb5-4fa4-a97d-d965ccfc6d4b" outcome="Passed" testListId="8c84fa94-04c1-424b-9868-57a2d4851a1d" relativeResultsDirectory="441ed364-45f5-4d94-aeb5-f112fbdddf76" /><UnitTestResult executionId="58c07260-6b85-4611-b796-3c1a2c06309b" testId="72a77ef3-c2a7-4146-a6b4-edac3211baa3" testName="JilTests.DeserializeTests.MalformedISO8601(dateString: &quot;\&quot;1900-000\&quot;&quot;, expectedError: &quot;Expected ordinal day to be between 001 and 366&quot;)" computerName="SIEBL-4303-04" duration="00:00:00.0010000" startTime="2018-11-11T16:39:57.6247477-06:00" endTime="2018-11-11T16:39:57.6247477-06:00" testType="13cdc9d9-ddb5-4fa4-a97d-d965ccfc6d4b" outcome="Passed" testListId="8c84fa94-04c1-424b-9868-57a2d4851a1d" relativeResultsDirectory="58c07260-6b85-4611-b796-3c1a2c06309b" /><UnitTestResult executionId="aa2658b0-ed77-4d3d-88be-3cca2d8bfea7" testId="605ea7c3-9284-41dc-a949-55f685774443" testName="JilTests.DynamicSerializationTests.Issue139" computerName="SIEBL-4303-04" duration="00:00:00.0110000" startTime="2018-11-11T16:39:59.0106722-06:00" endTime="2018-11-11T16:39:59.0106722-06:00" testType="13cdc9d9-ddb5-4fa4-a97d-d965ccfc6d4b" outcome="Passed" testListId="8c84fa94-04c1-424b-9868-57a2d4851a1d" relativeResultsDirectory="aa2658b0-ed77-4d3d-88be-3cca2d8bfea7" /><UnitTestResult executionId="252ac74e-87ef-4492-8b8a-05207a73da95" testId="3a801021-50f9-4677-a00f-423f56f54ca8" testName="JilTests.DynamicSerializationTests.SecondsTimeSpans" computerName="SIEBL-4303-04" duration="00:00:00.0080000" startTime="2018-11-11T16:39:59.6820433-06:00" endTime="2018-11-11T16:39:59.6820433-06:00" testType="13cdc9d9-ddb5-4fa4-a97d-d965ccfc6d4b" outcome="Passed" testListId="8c84fa94-04c1-424b-9868-57a2d4851a1d" relativeResultsDirectory="252ac74e-87ef-4492-8b8a-05207a73da95" /><UnitTestResult executionId="2a06e587-11a5-4999-a4ff-2c8e72bccdf8" testId="52414869-90c5-40ad-a18d-f93596c51364" testName="JilTests.DeserializeTests.Issue128" computerName="SIEBL-4303-04" duration="00:00:00.3370000" startTime="2018-11-11T16:40:08.7973160-06:00" endTime="2018-11-11T16:40:08.7973160-06:00" testType="13cdc9d9-ddb5-4fa4-a97d-d965ccfc6d4b" outcome="Passed" testListId="8c84fa94-04c1-424b-9868-57a2d4851a1d" relativeResultsDirectory="2a06e587-11a5-4999-a4ff-2c8e72bccdf8" /><UnitTestResult executionId="8bd01baf-0c1d-40bf-b1fe-3d3950fa3bdb" testId="76f6d3c4-dbbb-49e5-bd39-ca4fe5863d8e" testName="JilTests.DeserializeTests.MicrosoftDateTimesWithTimeZones" computerName="SIEBL-4303-04" duration="00:00:02.1150000" startTime="2018-11-11T16:39:59.8871783-06:00" endTime="2018-11-11T16:39:59.8871783-06:00" testType="13cdc9d9-ddb5-4fa4-a97d-d965ccfc6d4b" outcome="Passed" testListId="8c84fa94-04c1-424b-9868-57a2d4851a1d" relativeResultsDirectory="8bd01baf-0c1d-40bf-b1fe-3d3950fa3bdb" /><UnitTestResult executionId="f68a2c40-5654-4c5c-93fa-71349f246532" testId="86974da9-e494-4933-b0a4-e71bfecc0e1c" testName="JilTests.DeserializeTests.ConvertEnumsToPrimitives" computerName="SIEBL-4303-04" duration="00:00:00.9280000" startTime="2018-11-11T16:40:04.9912399-06:00" endTime="2018-11-11T16:40:04.9912399-06:00" testType="13cdc9d9-ddb5-4fa4-a97d-d965ccfc6d4b" outcome="Passed" testListId="8c84fa94-04c1-424b-9868-57a2d4851a1d" relativeResultsDirectory="f68a2c40-5654-4c5c-93fa-71349f246532" /><UnitTestResult executionId="0a030c39-f879-436d-b310-a35a0d5888c8" testId="99872699-80c8-45a3-a817-c9836e9349d6" testName="JilTests.SerializeTests.EmptyEnum" computerName="SIEBL-4303-04" duration="00:00:00.0830000" startTime="2018-11-11T16:40:14.0266757-06:00" endTime="2018-11-11T16:40:14.0266757-06:00" testType="13cdc9d9-ddb5-4fa4-a97d-d965ccfc6d4b" outcome="Passed" testListId="8c84fa94-04c1-424b-9868-57a2d4851a1d" relativeResultsDirectory="0a030c39-f879-436d-b310-a35a0d5888c8" /><UnitTestResult executionId="d67d57eb-5afd-40de-8860-060639f522de" testId="8faad530-af01-4132-a061-71ade896145c" testName="JilTests.SerializeTests.Issue165_2" computerName="SIEBL-4303-04" duration="00:00:00.0010000" startTime="2018-11-11T16:40:11.6651527-06:00" endTime="2018-11-11T16:40:11.6651527-06:00" testType="13cdc9d9-ddb5-4fa4-a97d-d965ccfc6d4b" outcome="Passed" testListId="8c84fa94-04c1-424b-9868-57a2d4851a1d" relativeResultsDirectory="d67d57eb-5afd-40de-8860-060639f522de" /><UnitTestResult executionId="7f38724a-2e8e-473c-80c5-e84091936710" testId="1fdfb46a-50f4-46cf-9545-65c3927df611" testName="JilTests.DeserializeTests.Issue143DateTimeFractionOverflow" computerName="SIEBL-4303-04" duration="00:00:00.0010000" startTime="2018-11-11T16:40:10.2058942-06:00" endTime="2018-11-11T16:40:10.2058942-06:00" testType="13cdc9d9-ddb5-4fa4-a97d-d965ccfc6d4b" outcome="Passed" testListId="8c84fa94-04c1-424b-9868-57a2d4851a1d" relativeResultsDirectory="7f38724a-2e8e-473c-80c5-e84091936710" /><UnitTestResult executionId="2f47a9fe-5f99-46dc-a25e-8f5e73e4af7b" testId="e4831e3b-a90a-45b0-a1c1-0f51af8ed7d8" testName="JilTests.DeserializeTests.DynamicMembers" computerName="SIEBL-4303-04" duration="00:00:00.0500000" startTime="2018-11-11T16:40:00.0622952-06:00" endTime="2018-11-11T16:40:00.0622952-06:00" testType="13cdc9d9-ddb5-4fa4-a97d-d965ccfc6d4b" outcome="Passed" testListId="8c84fa94-04c1-424b-9868-57a2d4851a1d" relativeResultsDirectory="2f47a9fe-5f99-46dc-a25e-8f5e73e4af7b" /><UnitTestResult executionId="9e4235d3-ebc3-46c4-a8d9-bed295a809af" testId="44529866-2b60-434c-9a1e-130e33514068" testName="JilTests.SerializeTests.BadPrimitiveWrapper" computerName="SIEBL-4303-04" duration="00:00:00.0080000" startTime="2018-11-11T16:39:58.9286193-06:00" endTime="2018-11-11T16:39:58.9286193-06:00" testType="13cdc9d9-ddb5-4fa4-a97d-d965ccfc6d4b" outcome="Passed" testListId="8c84fa94-04c1-424b-9868-57a2d4851a1d" relativeResultsDirectory="9e4235d3-ebc3-46c4-a8d9-bed295a809af" /><UnitTestResult executionId="acad5dea-5698-4530-8901-92c0b7b2d191" testId="de691fa7-8b9c-4d25-9676-9f8ecae86bff" testName="JilTests.DynamicSerializationTests.HeterogenousCollection" computerName="SIEBL-4303-04" duration="00:00:00.0090000" startTime="2018-11-11T16:39:59.0446952-06:00" endTime="2018-11-11T16:39:59.0446952-06:00" testType="13cdc9d9-ddb5-4fa4-a97d-d965ccfc6d4b" outcome="Passed" testListId="8c84fa94-04c1-424b-9868-57a2d4851a1d" relativeResultsDirectory="acad5dea-5698-4530-8901-92c0b7b2d191" /><UnitTestResult executionId="2df6b73c-f6bd-4b12-a021-b9ebbe091f07" testId="1f780f3a-b038-4342-b50b-6ba72abd6f8b" testName="JilTests.DynamicSerializationTests.ExcludingNulls" computerName="SIEBL-4303-04" duration="00:00:00.0450000" startTime="2018-11-11T16:39:58.3792518-06:00" endTime="2018-11-11T16:39:58.3792518-06:00" testType="13cdc9d9-ddb5-4fa4-a97d-d965ccfc6d4b" outcome="Passed" testListId="8c84fa94-04c1-424b-9868-57a2d4851a1d" relativeResultsDirectory="2df6b73c-f6bd-4b12-a021-b9ebbe091f07" /><UnitTestResult executionId="68fbb1fd-efa0-4e51-9470-51ebf040ed06" testId="fc3d16fe-223c-496b-9c33-0add59c09b51" testName="JilTests.SerializeTests.Cyclical" computerName="SIEBL-4303-04" duration="00:00:00.0450000" startTime="2018-11-11T16:39:57.8529000-06:00" endTime="2018-11-11T16:39:57.8529000-06:00" testType="13cdc9d9-ddb5-4fa4-a97d-d965ccfc6d4b" outcome="Passed" testListId="8c84fa94-04c1-424b-9868-57a2d4851a1d" relativeResultsDirectory="68fbb1fd-efa0-4e51-9470-51ebf040ed06" /><UnitTestResult executionId="fae125bf-9269-4b3b-b84e-c00e5b785373" testId="dc0562d4-b4af-49ce-abe2-476358a25426" testName="JilTests.SerializeTests.RFC1123TimeSpans" computerName="SIEBL-4303-04" duration="00:00:00.0110000" startTime="2018-11-11T16:39:58.9196118-06:00" endTime="2018-11-11T16:39:58.9196118-06:00" testType="13cdc9d9-ddb5-4fa4-a97d-d965ccfc6d4b" outcome="Passed" testListId="8c84fa94-04c1-424b-9868-57a2d4851a1d" relativeResultsDirectory="fae125bf-9269-4b3b-b84e-c00e5b785373" /><UnitTestResult executionId="d79d7bd1-a013-4e14-8441-3553e72f653d" testId="440cf48b-6d8f-474f-8fc4-2fb89f9b64a6" testName="JilTests.DeserializeDynamicTests.TimeSpans_Seconds" computerName="SIEBL-4303-04" duration="00:00:00.6340000" startTime="2018-11-11T16:39:57.9429601-06:00" endTime="2018-11-11T16:39:57.9429601-06:00" testType="13cdc9d9-ddb5-4fa4-a97d-d965ccfc6d4b" outcome="Passed" testListId="8c84fa94-04c1-424b-9868-57a2d4851a1d" relativeResultsDirectory="d79d7bd1-a013-4e14-8441-3553e72f653d" /><UnitTestResult executionId="9b963ee1-1cf1-4499-91ee-34dedf674d48" testId="7bede591-2dee-4269-ad62-1703d9afbfc9" testName="JilTests.SerializeTests.EnumMemberAttributeOverrideFlags" computerName="SIEBL-4303-04" duration="00:00:00.0350000" startTime="2018-11-11T16:40:08.1719171-06:00" endTime="2018-11-11T16:40:08.1719171-06:00" testType="13cdc9d9-ddb5-4fa4-a97d-d965ccfc6d4b" outcome="Passed" testListId="8c84fa94-04c1-424b-9868-57a2d4851a1d" relativeResultsDirectory="9b963ee1-1cf1-4499-91ee-34dedf674d48" /><UnitTestResult executionId="a2ed1263-d2ea-4833-b0a6-d7ee057de509" testId="4ba27865-a032-4280-b281-569c1c6e7beb" testName="JilTests.DeserializeTests.MalformedISO8601(dateString: &quot;\&quot;1900366\&quot;&quot;, expectedError: &quot;Ordinal day can only be 366 in a leap year&quot;)" computerName="SIEBL-4303-04" duration="00:00:00.0010000" startTime="2018-11-11T16:39:57.6077361-06:00" endTime="2018-11-11T16:39:57.6077361-06:00" testType="13cdc9d9-ddb5-4fa4-a97d-d965ccfc6d4b" outcome="Passed" testListId="8c84fa94-04c1-424b-9868-57a2d4851a1d" relativeResultsDirectory="a2ed1263-d2ea-4833-b0a6-d7ee057de509" /><UnitTestResult executionId="48aea768-ee20-41e8-a671-36166038c271" testId="e4a515d3-76f6-4edb-8181-796a5f455890" testName="JilTests.DeserializeTests.ISO8601TimeSpan" computerName="SIEBL-4303-04" duration="00:00:00.0500000" startTime="2018-11-11T16:40:03.9638718-06:00" endTime="2018-11-11T16:40:03.9638718-06:00" testType="13cdc9d9-ddb5-4fa4-a97d-d965ccfc6d4b" outcome="Passed" testListId="8c84fa94-04c1-424b-9868-57a2d4851a1d" relativeResultsDirectory="48aea768-ee20-41e8-a671-36166038c271" /><UnitTestResult executionId="ba2ad6ed-aeb6-4fb2-ab62-cee2959c8517" testId="bae2c743-9256-4492-b1ab-e23ef80aaecc" testName="JilTests.SerializeTests.JilDirectiveAttributeTest" computerName="SIEBL-4303-04" duration="00:00:00.0020000" startTime="2018-11-11T16:40:11.6701572-06:00" endTime="2018-11-11T16:40:11.6701572-06:00" testType="13cdc9d9-ddb5-4fa4-a97d-d965ccfc6d4b" outcome="Passed" testListId="8c84fa94-04c1-424b-9868-57a2d4851a1d" relativeResultsDirectory="ba2ad6ed-aeb6-4fb2-ab62-cee2959c8517" /><UnitTestResult executionId="75471631-e66f-4457-aa9b-3e3113d6ba80" testId="e1a88c8f-9406-4bd5-869b-e8f20dd44d84" testName="JilTests.DynamicSerializationTests.RecursiveObjects" computerName="SIEBL-4303-04" duration="00:00:00.2310000" startTime="2018-11-11T16:39:59.4808439-06:00" endTime="2018-11-11T16:39:59.4808439-06:00" testType="13cdc9d9-ddb5-4fa4-a97d-d965ccfc6d4b" outcome="Passed" testListId="8c84fa94-04c1-424b-9868-57a2d4851a1d" relativeResultsDirectory="75471631-e66f-4457-aa9b-3e3113d6ba80" /><UnitTestResult executionId="1e72692c-e850-4357-b048-a2ee318c581f" testId="daad5d61-f787-44be-9a83-dcb7e01a5501" testName="JilTests.DeserializeTests.DataMemberName" computerName="SIEBL-4303-04" duration="00:00:00.1110000" startTime="2018-11-11T16:40:10.1158341-06:00" endTime="2018-11-11T16:40:10.1158341-06:00" testType="13cdc9d9-ddb5-4fa4-a97d-d965ccfc6d4b" outcome="Passed" testListId="8c84fa94-04c1-424b-9868-57a2d4851a1d" relativeResultsDirectory="1e72692c-e850-4357-b048-a2ee318c581f" /><UnitTestResult executionId="fdc431d0-7ecc-4851-bee3-0c14ba8d1388" testId="80e2cf68-53c5-4c38-bd51-536aa98d9cc7" testName="JilTests.DeserializeTests.EmptyArrayWithSpace" computerName="SIEBL-4303-04" duration="00:00:00.0050000" startTime="2018-11-11T16:40:15.9799808-06:00" endTime="2018-11-11T16:40:15.9799808-06:00" testType="13cdc9d9-ddb5-4fa4-a97d-d965ccfc6d4b" outcome="Passed" testListId="8c84fa94-04c1-424b-9868-57a2d4851a1d" relativeResultsDirectory="fdc431d0-7ecc-4851-bee3-0c14ba8d1388" /><UnitTestResult executionId="3770559e-7b47-4b7b-8d08-6811809f65b3" testId="3602839a-ea02-4edc-9691-735fbdfd5bc3" testName="JilTests.DeserializeTests.DictionaryEnumKeys" computerName="SIEBL-4303-04" duration="00:00:00.2100000" startTime="2018-11-11T16:40:16.4723078-06:00" endTime="2018-11-11T16:40:16.4723078-06:00" testType="13cdc9d9-ddb5-4fa4-a97d-d965ccfc6d4b" outcome="Passed" testListId="8c84fa94-04c1-424b-9868-57a2d4851a1d" relativeResultsDirectory="3770559e-7b47-4b7b-8d08-6811809f65b3" /><UnitTestResult executionId="294dd9a7-4321-4ec8-b002-a3a6594d0fbd" testId="32ed176d-d554-40ac-b2f9-5ac4b02a6607" testName="JilTests.SerializeTests.StringsAndChars" computerName="SIEBL-4303-04" duration="00:00:00.0110000" startTime="2018-11-11T16:40:08.2539709-06:00" endTime="2018-11-11T16:40:08.2539709-06:00" testType="13cdc9d9-ddb5-4fa4-a97d-d965ccfc6d4b" outcome="Passed" testListId="8c84fa94-04c1-424b-9868-57a2d4851a1d" relativeResultsDirectory="294dd9a7-4321-4ec8-b002-a3a6594d0fbd" /><UnitTestResult executionId="8c57b7a9-c8ce-4f84-b1e8-c517bbe117ab" testId="44efc72a-1810-4b1b-a450-b8c07708e29b" testName="JilTests.DeserializeDynamicTests.Issue117(input: &quot;01&quot;, expectedError: &quot;Number cannot have leading zeros&quot;)" computerName="SIEBL-4303-04" duration="00:00:00.0010000" startTime="2018-11-11T16:39:57.9889908-06:00" endTime="2018-11-11T16:39:57.9889908-06:00" testType="13cdc9d9-ddb5-4fa4-a97d-d965ccfc6d4b" outcome="Passed" testListId="8c84fa94-04c1-424b-9868-57a2d4851a1d" relativeResultsDirectory="8c57b7a9-c8ce-4f84-b1e8-c517bbe117ab" /><UnitTestResult executionId="b25c4e06-be75-460c-bc1b-b02e15ea38fc" testId="7904f66b-6e3d-4946-80f7-07df24560f2b" testName="JilTests.SerializeTests.DiscriminantUnionWithoutUnionType" computerName="SIEBL-4303-04" duration="00:00:00.2340000" startTime="2018-11-11T16:40:10.1368478-06:00" endTime="2018-11-11T16:40:10.1368478-06:00" testType="13cdc9d9-ddb5-4fa4-a97d-d965ccfc6d4b" outcome="Passed" testListId="8c84fa94-04c1-424b-9868-57a2d4851a1d" relativeResultsDirectory="b25c4e06-be75-460c-bc1b-b02e15ea38fc" /><UnitTestResult executionId="275b67a2-5fd0-410b-a9ad-99c377984ace" testId="5cdf2edd-3bce-43f1-a377-dab9ad184f21" testName="JilTests.DeserializeDynamicTests.Issue143DateTimeOffsetFractionOverflow" computerName="SIEBL-4303-04" duration="00:00:00.0150000" startTime="2018-11-11T16:39:57.9589704-06:00" endTime="2018-11-11T16:39:57.9589704-06:00" testType="13cdc9d9-ddb5-4fa4-a97d-d965ccfc6d4b" outcome="Passed" testListId="8c84fa94-04c1-424b-9868-57a2d4851a1d" relativeResultsDirectory="275b67a2-5fd0-410b-a9ad-99c377984ace" /><UnitTestResult executionId="39488bf8-48d4-4820-986b-014026d4ab03" testId="f6d133df-bf9d-4885-8b22-db43ef676277" testName="JilTests.DeserializeTests.MillisecondDateTimes" computerName="SIEBL-4303-04" duration="00:00:00.0020000" startTime="2018-11-11T16:40:12.6051512-06:00" endTime="2018-11-11T16:40:12.6051512-06:00" testType="13cdc9d9-ddb5-4fa4-a97d-d965ccfc6d4b" outcome="Passed" testListId="8c84fa94-04c1-424b-9868-57a2d4851a1d" relativeResultsDirectory="39488bf8-48d4-4820-986b-014026d4ab03" /><UnitTestResult executionId="849d4c7b-91e6-49fc-bce5-c28a6b6efe5b" testId="58ff4eeb-8e38-4fdc-827a-f5bf4b9ae57d" testName="JilTests.DeserializeTests.RecursiveObjects" computerName="SIEBL-4303-04" duration="00:00:00.0370000" startTime="2018-11-11T16:40:10.0037593-06:00" endTime="2018-11-11T16:40:10.0037593-06:00" testType="13cdc9d9-ddb5-4fa4-a97d-d965ccfc6d4b" outcome="Passed" testListId="8c84fa94-04c1-424b-9868-57a2d4851a1d" relativeResultsDirectory="849d4c7b-91e6-49fc-bce5-c28a6b6efe5b" /><UnitTestResult executionId="f0f9f2be-c829-4242-abb7-1d4ecf6d764c" testId="0d81955e-ff91-4cc2-b57d-dbcc465bb693" testName="JilTests.UtilsTests.FindReusedTypes_ListList" computerName="SIEBL-4303-04" duration="00:00:00.0030000" startTime="2018-11-11T16:39:57.4356212-06:00" endTime="2018-11-11T16:39:57.4356212-06:00" testType="13cdc9d9-ddb5-4fa4-a97d-d965ccfc6d4b" outcome="Passed" testListId="8c84fa94-04c1-424b-9868-57a2d4851a1d" relativeResultsDirectory="f0f9f2be-c829-4242-abb7-1d4ecf6d764c" /><UnitTestResult executionId="f344a2b6-92bb-49e1-92be-e14755095596" testId="5cbba7b6-95cd-479c-955e-0fa35a5de88a" testName="JilTests.SerializeTests.AllOptions" computerName="SIEBL-4303-04" duration="00:00:00.6970000" startTime="2018-11-11T16:40:11.2252151-06:00" endTime="2018-11-11T16:40:11.2252151-06:00" testType="13cdc9d9-ddb5-4fa4-a97d-d965ccfc6d4b" outcome="Passed" testListId="8c84fa94-04c1-424b-9868-57a2d4851a1d" relativeResultsDirectory="f344a2b6-92bb-49e1-92be-e14755095596" /><UnitTestResult executionId="b55d7888-51cc-4c52-87cd-09e0931840c3" testId="a200a0ba-6a00-4ed1-b632-69a77be427dc" testName="JilTests.SerializeTests.ISO8601WithOffset" computerName="SIEBL-4303-04" duration="00:00:00.0400000" startTime="2018-11-11T16:40:05.3765963-06:00" endTime="2018-11-11T16:40:05.3765963-06:00" testType="13cdc9d9-ddb5-4fa4-a97d-d965ccfc6d4b" outcome="Passed" testListId="8c84fa94-04c1-424b-9868-57a2d4851a1d" relativeResultsDirectory="b55d7888-51cc-4c52-87cd-09e0931840c3" /><UnitTestResult executionId="e110e005-9233-40b7-a711-d488f6047129" testId="504c8e9e-af2e-4452-9f42-777464e84b7c" testName="JilTests.SerializeTests.ConfigDefaultOptions" computerName="SIEBL-4303-04" duration="00:00:00.0070000" startTime="2018-11-11T16:40:14.3879170-06:00" endTime="2018-11-11T16:40:14.3879170-06:00" testType="13cdc9d9-ddb5-4fa4-a97d-d965ccfc6d4b" outcome="Passed" testListId="8c84fa94-04c1-424b-9868-57a2d4851a1d" relativeResultsDirectory="e110e005-9233-40b7-a711-d488f6047129" /><UnitTestResult executionId="c1cb6f16-fd3b-4031-bca7-28ab5a6a7023" testId="240b94e9-6ce0-43f6-978d-bc5ded581a59" testName="JilTests.DeserializeTests.BadFloat(input: &quot;1.2E10E10&quot;, expectedSnippetAfter: &quot;E10&quot;)" computerName="SIEBL-4303-04" duration="00:00:00.0010000" startTime="2018-11-11T16:40:08.8003180-06:00" endTime="2018-11-11T16:40:08.8003180-06:00" testType="13cdc9d9-ddb5-4fa4-a97d-d965ccfc6d4b" outcome="Passed" testListId="8c84fa94-04c1-424b-9868-57a2d4851a1d" relativeResultsDirectory="c1cb6f16-fd3b-4031-bca7-28ab5a6a7023" /><UnitTestResult executionId="933bb1c7-a779-439f-a827-027a5b993afe" testId="fe99d31c-17f3-48d4-ab86-184d39e9e95f" testName="JilTests.DeserializeDynamicTests.Number" computerName="SIEBL-4303-04" duration="00:00:00.0080000" startTime="2018-11-11T16:40:00.6656414-06:00" endTime="2018-11-11T16:40:00.6656414-06:00" testType="13cdc9d9-ddb5-4fa4-a97d-d965ccfc6d4b" outcome="Passed" testListId="8c84fa94-04c1-424b-9868-57a2d4851a1d" relativeResultsDirectory="933bb1c7-a779-439f-a827-027a5b993afe" /><UnitTestResult executionId="74ff906b-e9b6-4bcf-bf96-599fd55b3929" testId="d9ef2d93-bcfc-495d-999a-a12c2e785f05" testName="JilTests.SerializeTests.Issue53" computerName="SIEBL-4303-04" duration="00:00:00.0030000" startTime="2018-11-11T16:40:05.2905395-06:00" endTime="2018-11-11T16:40:05.2905395-06:00" testType="13cdc9d9-ddb5-4fa4-a97d-d965ccfc6d4b" outcome="Passed" testListId="8c84fa94-04c1-424b-9868-57a2d4851a1d" relativeResultsDirectory="74ff906b-e9b6-4bcf-bf96-599fd55b3929" /><UnitTestResult executionId="74114748-86e6-44fd-a916-d335d0202a89" testId="28505b6c-b6b3-4e27-abe3-7b8dc2183fbd" testName="JilTests.DeserializeTests.LargeCharBuffer" computerName="SIEBL-4303-04" duration="00:00:00.0400000" startTime="2018-11-11T16:40:09.1353125-06:00" endTime="2018-11-11T16:40:09.1353125-06:00" testType="13cdc9d9-ddb5-4fa4-a97d-d965ccfc6d4b" outcome="Passed" testListId="8c84fa94-04c1-424b-9868-57a2d4851a1d" relativeResultsDirectory="74114748-86e6-44fd-a916-d335d0202a89" /><UnitTestResult executionId="8f4ad936-3963-43e0-854a-c66a0ca180ba" testId="dbbe54a5-7880-4f6e-9184-df0cb02e8d32" testName="JilTests.DeserializeTests.NaNFails" computerName="SIEBL-4303-04" duration="00:00:00.0120000" startTime="2018-11-11T16:40:08.8751395-06:00" endTime="2018-11-11T16:40:08.8751395-06:00" testType="13cdc9d9-ddb5-4fa4-a97d-d965ccfc6d4b" outcome="Passed" testListId="8c84fa94-04c1-424b-9868-57a2d4851a1d" relativeResultsDirectory="8f4ad936-3963-43e0-854a-c66a0ca180ba" /><UnitTestResult executionId="39fb652c-2d3e-4f60-8cfb-b1f15fa71b84" testId="94d80bee-bce8-459a-a63a-7964e1c411cf" testName="JilTests.DeserializeTests.MalformedISO8601(dateString: &quot;\&quot;1999W54\&quot;&quot;, expectedError: &quot;Expected week to be between 01 and 53&quot;)" computerName="SIEBL-4303-04" duration="00:00:00.0010000" startTime="2018-11-11T16:39:57.6417588-06:00" endTime="2018-11-11T16:39:57.6417588-06:00" testType="13cdc9d9-ddb5-4fa4-a97d-d965ccfc6d4b" outcome="Passed" testListId="8c84fa94-04c1-424b-9868-57a2d4851a1d" relativeResultsDirectory="39fb652c-2d3e-4f60-8cfb-b1f15fa71b84" /><UnitTestResult executionId="1263c966-8fb2-40cf-a719-650cce4881e2" testId="7f2aa7b9-d04d-466a-82ce-d7896bba4975" testName="JilTests.DeserializeTests.BadDecimal(input: &quot;1.2E++10&quot;, expectedSnippetAfter: &quot;+10&quot;)" computerName="SIEBL-4303-04" duration="00:00:00.0010000" startTime="2018-11-11T16:40:08.4463536-06:00" endTime="2018-11-11T16:40:08.4463536-06:00" testType="13cdc9d9-ddb5-4fa4-a97d-d965ccfc6d4b" outcome="Passed" testListId="8c84fa94-04c1-424b-9868-57a2d4851a1d" relativeResultsDirectory="1263c966-8fb2-40cf-a719-650cce4881e2" /><UnitTestResult executionId="66cb3684-c5d6-46dd-905e-14cdd69c1b7e" testId="fbad49a0-145f-40b0-8a89-b330e915e4ea" testName="JilTests.DeserializeTests.ULongs" computerName="SIEBL-4303-04" duration="00:00:00.0150000" startTime="2018-11-11T16:40:00.0773052-06:00" endTime="2018-11-11T16:40:00.0773052-06:00" testType="13cdc9d9-ddb5-4fa4-a97d-d965ccfc6d4b" outcome="Passed" testListId="8c84fa94-04c1-424b-9868-57a2d4851a1d" relativeResultsDirectory="66cb3684-c5d6-46dd-905e-14cdd69c1b7e" /><UnitTestResult executionId="64a776d8-e840-4ac1-8332-ce35b435be34" testId="30aa9bdc-da71-4a5a-8364-dfa7ed4abe2a" testName="JilTests.DeserializeTests.IReadOnlyListMember" computerName="SIEBL-4303-04" duration="00:00:00.0840000" startTime="2018-11-11T16:40:09.0902819-06:00" endTime="2018-11-11T16:40:09.0902819-06:00" testType="13cdc9d9-ddb5-4fa4-a97d-d965ccfc6d4b" outcome="Passed" testListId="8c84fa94-04c1-424b-9868-57a2d4851a1d" relativeResultsDirectory="64a776d8-e840-4ac1-8332-ce35b435be34" /><UnitTestResult executionId="300cabec-c540-413e-b787-b3f2dc303f1e" testId="be9aa9c7-2cb1-4be9-974d-a3bb21ff69c1" testName="JilTests.UtilsTests.FindRecursiveTypes_ListList" computerName="SIEBL-4303-04" duration="00:00:00.0010000" startTime="2018-11-11T16:39:58.5183452-06:00" endTime="2018-11-11T16:39:58.5183452-06:00" testType="13cdc9d9-ddb5-4fa4-a97d-d965ccfc6d4b" outcome="Passed" testListId="8c84fa94-04c1-424b-9868-57a2d4851a1d" relativeResultsDirectory="300cabec-c540-413e-b787-b3f2dc303f1e" /><UnitTestResult executionId="30336087-659c-44bc-a5e6-ce4f475cad64" testId="c22a836f-5dd6-4700-95b0-6a52a31fbe56" testName="JilTests.DynamicSerializationTests.Issue224" computerName="SIEBL-4303-04" duration="00:00:00.1600000" startTime="2018-11-11T16:39:59.0006667-06:00" endTime="2018-11-11T16:39:59.0006667-06:00" testType="13cdc9d9-ddb5-4fa4-a97d-d965ccfc6d4b" outcome="Passed" testListId="8c84fa94-04c1-424b-9868-57a2d4851a1d" relativeResultsDirectory="30336087-659c-44bc-a5e6-ce4f475cad64" /><UnitTestResult executionId="57f6f169-adcd-4627-a328-4eaf0832a6e2" testId="c6c3b2e2-15d9-4193-9ae2-ea146a2171ad" testName="JilTests.DeserializeTests.BadDouble(input: &quot;1.2.3.4.5.6&quot;, expectedSnippetAfter: &quot;.3.4.5.6&quot;)" computerName="SIEBL-4303-04" duration="00:00:00.0010000" startTime="2018-11-11T16:40:14.8302118-06:00" endTime="2018-11-11T16:40:14.8302118-06:00" testType="13cdc9d9-ddb5-4fa4-a97d-d965ccfc6d4b" outcome="Passed" testListId="8c84fa94-04c1-424b-9868-57a2d4851a1d" relativeResultsDirectory="57f6f169-adcd-4627-a328-4eaf0832a6e2" /><UnitTestResult executionId="4c6b9000-afb6-47c8-b8f2-da2b7699e669" testId="04d3a627-7edf-4bfc-baf7-a4043a60d5cb" testName="JilTests.DeserializeTests.PrivateConstructor_Dictionary" computerName="SIEBL-4303-04" duration="00:00:00.0290000" startTime="2018-11-11T16:40:10.5941539-06:00" endTime="2018-11-11T16:40:10.5941539-06:00" testType="13cdc9d9-ddb5-4fa4-a97d-d965ccfc6d4b" outcome="Passed" testListId="8c84fa94-04c1-424b-9868-57a2d4851a1d" relativeResultsDirectory="4c6b9000-afb6-47c8-b8f2-da2b7699e669" /><UnitTestResult executionId="14749df9-5749-4118-a119-3a773d49f280" testId="e07e02a0-c9e7-4527-b6c3-00a28576dcfb" testName="JilTests.DeserializeTests.MillisecondsTimeSpan" computerName="SIEBL-4303-04" duration="00:00:00.0200000" startTime="2018-11-11T16:40:12.4750644-06:00" endTime="2018-11-11T16:40:12.4750644-06:00" testType="13cdc9d9-ddb5-4fa4-a97d-d965ccfc6d4b" outcome="Passed" testListId="8c84fa94-04c1-424b-9868-57a2d4851a1d" relativeResultsDirectory="14749df9-5749-4118-a119-3a773d49f280" /><UnitTestResult executionId="a1d76701-c61e-4ab2-8d7a-89cd8f47998d" testId="8c168b63-7f91-46bf-874a-22487a1444fd" testName="JilTests.EnumFlagsTest.TestEnumFlagsDeserialize3" computerName="SIEBL-4303-04" duration="00:00:00.0010000" startTime="2018-11-11T16:39:58.0380235-06:00" endTime="2018-11-11T16:39:58.0380235-06:00" testType="13cdc9d9-ddb5-4fa4-a97d-d965ccfc6d4b" outcome="Passed" testListId="8c84fa94-04c1-424b-9868-57a2d4851a1d" relativeResultsDirectory="a1d76701-c61e-4ab2-8d7a-89cd8f47998d" /><UnitTestResult executionId="34803730-e1c3-47d2-bfd5-fe1305c5579a" testId="023b6abb-26e7-4af2-b56b-9b4a1d0d88d6" testName="JilTests.SerializeTests.Guids" computerName="SIEBL-4303-04" duration="00:00:00.1600000" startTime="2018-11-11T16:40:11.6591484-06:00" endTime="2018-11-11T16:40:11.6591484-06:00" testType="13cdc9d9-ddb5-4fa4-a97d-d965ccfc6d4b" outcome="Passed" testListId="8c84fa94-04c1-424b-9868-57a2d4851a1d" relativeResultsDirectory="34803730-e1c3-47d2-bfd5-fe1305c5579a" /><UnitTestResult executionId="db20cce1-3b38-4cab-814e-b1fcb2bff527" testId="e3bea424-b51a-42df-965c-d9157c69e609" testName="JilTests.DeserializeTests.Issue176" computerName="SIEBL-4303-04" duration="00:00:00.0710000" startTime="2018-11-11T16:40:15.1874520-06:00" endTime="2018-11-11T16:40:15.1874520-06:00" testType="13cdc9d9-ddb5-4fa4-a97d-d965ccfc6d4b" outcome="Passed" testListId="8c84fa94-04c1-424b-9868-57a2d4851a1d" relativeResultsDirectory="db20cce1-3b38-4cab-814e-b1fcb2bff527" /><UnitTestResult executionId="7cbf3839-b5c8-4a7f-98ae-29119f658f09" testId="8f7280e0-262b-4e8a-8865-c11789618b11" testName="JilTests.DeserializeTests.MalformedISO8601(dateString: &quot;\&quot;1999W00\&quot;&quot;, expectedError: &quot;Expected week to be between 01 and 53&quot;)" computerName="SIEBL-4303-04" duration="00:00:00.0010000" startTime="2018-11-11T16:39:57.6097374-06:00" endTime="2018-11-11T16:39:57.6097374-06:00" testType="13cdc9d9-ddb5-4fa4-a97d-d965ccfc6d4b" outcome="Passed" testListId="8c84fa94-04c1-424b-9868-57a2d4851a1d" relativeResultsDirectory="7cbf3839-b5c8-4a7f-98ae-29119f658f09" /><UnitTestResult executionId="c1575e81-18cd-46c8-9f21-803d9828d413" testId="e0b56e54-8d0d-41d1-ad43-9d7f0cd3ace2" testName="JilTests.BadlySpecifiedTypeTests.SerializeString" computerName="SIEBL-4303-04" duration="00:00:00.0010000" startTime="2018-11-11T16:39:57.8719127-06:00" endTime="2018-11-11T16:39:57.8719127-06:00" testType="13cdc9d9-ddb5-4fa4-a97d-d965ccfc6d4b" outcome="Passed" testListId="8c84fa94-04c1-424b-9868-57a2d4851a1d" relativeResultsDirectory="c1575e81-18cd-46c8-9f21-803d9828d413" /><UnitTestResult executionId="70ba6c21-a55b-4b12-98a9-2770816ba04a" testId="c6258512-4128-48bd-84e5-17b08b11c74f" testName="JilTests.DeserializeTests.DateTimeOffsetPreservesOffset" computerName="SIEBL-4303-04" duration="00:00:00.0150000" startTime="2018-11-11T16:40:11.8148532-06:00" endTime="2018-11-11T16:40:11.8148532-06:00" testType="13cdc9d9-ddb5-4fa4-a97d-d965ccfc6d4b" outcome="Passed" testListId="8c84fa94-04c1-424b-9868-57a2d4851a1d" relativeResultsDirectory="70ba6c21-a55b-4b12-98a9-2770816ba04a" /><UnitTestResult executionId="34dfe228-79ed-4c32-ab4e-ed7906cfde10" testId="73927710-2273-4b55-882f-9e238e5a9ff6" testName="JilTests.UtilsTests.UnionConfigs" computerName="SIEBL-4303-04" duration="00:00:01.0830000" startTime="2018-11-11T16:39:58.4983303-06:00" endTime="2018-11-11T16:39:58.4983303-06:00" testType="13cdc9d9-ddb5-4fa4-a97d-d965ccfc6d4b" outcome="Passed" testListId="8c84fa94-04c1-424b-9868-57a2d4851a1d" relativeResultsDirectory="34dfe228-79ed-4c32-ab4e-ed7906cfde10" /><UnitTestResult executionId="725dde5a-ad3d-4669-957d-eb4d7055f21c" testId="089625f5-7f55-474d-a5d0-b2ece3a40b1f" testName="JilTests.DeserializeTests.MalformedISO8601(dateString: &quot;\&quot;99\&quot;&quot;, expectedError: &quot;ISO8601 date must begin with a 4 character year&quot;)" computerName="SIEBL-4303-04" duration="00:00:00.0010000" startTime="2018-11-11T16:39:57.6037334-06:00" endTime="2018-11-11T16:39:57.6037334-06:00" testType="13cdc9d9-ddb5-4fa4-a97d-d965ccfc6d4b" outcome="Passed" testListId="8c84fa94-04c1-424b-9868-57a2d4851a1d" relativeResultsDirectory="725dde5a-ad3d-4669-957d-eb4d7055f21c" /><UnitTestResult executionId="e50ab850-a0b0-4571-bc01-dda48cf6400b" testId="5cdb2a8e-0b8f-4296-83d3-15bae9c8325f" testName="JilTests.DeserializeTests.Issue210" computerName="SIEBL-4303-04" duration="00:00:00.1310000" startTime="2018-11-11T16:40:14.9572972-06:00" endTime="2018-11-11T16:40:14.9572972-06:00" testType="13cdc9d9-ddb5-4fa4-a97d-d965ccfc6d4b" outcome="Passed" testListId="8c84fa94-04c1-424b-9868-57a2d4851a1d" relativeResultsDirectory="e50ab850-a0b0-4571-bc01-dda48cf6400b" /><UnitTestResult executionId="42fa2287-83c2-4f9b-a377-a27f56fdaad1" testId="02bb1a11-51f1-4fdd-a1fe-9b345cc285ef" testName="JilTests.SerializeTests.Issue147" computerName="SIEBL-4303-04" duration="00:00:00.0200000" startTime="2018-11-11T16:40:14.4469561-06:00" endTime="2018-11-11T16:40:14.4469561-06:00" testType="13cdc9d9-ddb5-4fa4-a97d-d965ccfc6d4b" outcome="Passed" testListId="8c84fa94-04c1-424b-9868-57a2d4851a1d" relativeResultsDirectory="42fa2287-83c2-4f9b-a377-a27f56fdaad1" /><UnitTestResult executionId="474ab352-58c9-4bfe-b8e0-6a14a75f57c5" testId="28e815fd-cf02-4210-b0f6-bd6c04e33d21" testName="JilTests.DeserializeTests.IReadOnlyDictionaryNumberKeys" computerName="SIEBL-4303-04" duration="00:00:00.2380000" startTime="2018-11-11T16:40:15.4616338-06:00" endTime="2018-11-11T16:40:15.4616338-06:00" testType="13cdc9d9-ddb5-4fa4-a97d-d965ccfc6d4b" outcome="Passed" testListId="8c84fa94-04c1-424b-9868-57a2d4851a1d" relativeResultsDirectory="474ab352-58c9-4bfe-b8e0-6a14a75f57c5" /><UnitTestResult executionId="dfdc1d4a-76d9-4223-9e78-87ae567e6ced" testId="6a9943f4-8ad8-47dc-b48d-931c2c503e61" testName="JilTests.DeserializeDynamicTests.Issue143DateTimeFractionOverflow" computerName="SIEBL-4303-04" duration="00:00:00.0010000" startTime="2018-11-11T16:40:01.2878409-06:00" endTime="2018-11-11T16:40:01.2878409-06:00" testType="13cdc9d9-ddb5-4fa4-a97d-d965ccfc6d4b" outcome="Passed" testListId="8c84fa94-04c1-424b-9868-57a2d4851a1d" relativeResultsDirectory="dfdc1d4a-76d9-4223-9e78-87ae567e6ced" /><UnitTestResult executionId="d5423e4b-4ab3-486e-bc6c-022a9ea7b17d" testId="cf027dc9-2f00-45a0-90ad-92f0d0254636" testName="JilTests.SerializeTests.IReadOnlyList" computerName="SIEBL-4303-04" duration="00:00:00.0130000" startTime="2018-11-11T16:39:58.5223467-06:00" endTime="2018-11-11T16:39:58.5223467-06:00" testType="13cdc9d9-ddb5-4fa4-a97d-d965ccfc6d4b" outcome="Passed" testListId="8c84fa94-04c1-424b-9868-57a2d4851a1d" relativeResultsDirectory="d5423e4b-4ab3-486e-bc6c-022a9ea7b17d" /><UnitTestResult executionId="5d5fed40-3947-427d-bc3e-4dc641f4a41d" testId="0253553b-b66b-4ab6-a57a-f6e7d23aaac5" testName="JilTests.SerializeTests.Dictionary" computerName="SIEBL-4303-04" duration="00:00:00.0020000" startTime="2018-11-11T16:40:14.4489574-06:00" endTime="2018-11-11T16:40:14.4489574-06:00" testType="13cdc9d9-ddb5-4fa4-a97d-d965ccfc6d4b" outcome="Passed" testListId="8c84fa94-04c1-424b-9868-57a2d4851a1d" relativeResultsDirectory="5d5fed40-3947-427d-bc3e-4dc641f4a41d" /><UnitTestResult executionId="b89e00ee-f605-4875-8ad7-cacd4100f49a" testId="c3292c27-420c-49b2-a7fd-50ce654d36e7" testName="JilTests.DeserializeTests.SeekNotSupported" computerName="SIEBL-4303-04" duration="00:00:00.0400000" startTime="2018-11-11T16:40:03.2610918-06:00" endTime="2018-11-11T16:40:03.2610918-06:00" testType="13cdc9d9-ddb5-4fa4-a97d-d965ccfc6d4b" outcome="Passed" testListId="8c84fa94-04c1-424b-9868-57a2d4851a1d" relativeResultsDirectory="b89e00ee-f605-4875-8ad7-cacd4100f49a" /><UnitTestResult executionId="d19ab3ee-a469-4ea1-b02b-766e4b3c46fa" testId="da54450a-8e5c-40bb-b5b6-4c5c0b6b5c65" testName="JilTests.DeserializeTests.Bytes" computerName="SIEBL-4303-04" duration="00:00:00.0100000" startTime="2018-11-11T16:40:10.2138992-06:00" endTime="2018-11-11T16:40:10.2138992-06:00" testType="13cdc9d9-ddb5-4fa4-a97d-d965ccfc6d4b" outcome="Passed" testListId="8c84fa94-04c1-424b-9868-57a2d4851a1d" relativeResultsDirectory="d19ab3ee-a469-4ea1-b02b-766e4b3c46fa" /><UnitTestResult executionId="9bc56757-82ed-4009-ac58-9ece9854161f" testId="237c35df-abf0-4f7b-9a8d-56c8893704f4" testName="JilTests.DeserializeTests.IDictionaryIntToInt" computerName="SIEBL-4303-04" duration="00:00:00.0120000" startTime="2018-11-11T16:40:16.2621691-06:00" endTime="2018-11-11T16:40:16.2621691-06:00" testType="13cdc9d9-ddb5-4fa4-a97d-d965ccfc6d4b" outcome="Passed" testListId="8c84fa94-04c1-424b-9868-57a2d4851a1d" relativeResultsDirectory="9bc56757-82ed-4009-ac58-9ece9854161f" /><UnitTestResult executionId="c78c556b-62b1-4128-aa46-a788b6e07de7" testId="3c5e8ba8-5666-4034-85ed-02256b3d8002" testName="JilTests.UtilsTests.PublicInterfaces" computerName="SIEBL-4303-04" duration="00:00:00.0040000" startTime="2018-11-11T16:39:57.4406249-06:00" endTime="2018-11-11T16:39:57.4406249-06:00" testType="13cdc9d9-ddb5-4fa4-a97d-d965ccfc6d4b" outcome="Passed" testListId="8c84fa94-04c1-424b-9868-57a2d4851a1d" relativeResultsDirectory="c78c556b-62b1-4128-aa46-a788b6e07de7" /><UnitTestResult executionId="b112c6ae-5417-4e7f-a4f6-2e147846ad22" testId="e65efee7-7bf3-4460-83a3-3f538b2cb355" testName="JilTests.DeserializeTests.ObjectsSkipMembers" computerName="SIEBL-4303-04" duration="00:00:00.0040000" startTime="2018-11-11T16:40:12.4940771-06:00" endTime="2018-11-11T16:40:12.4940771-06:00" testType="13cdc9d9-ddb5-4fa4-a97d-d965ccfc6d4b" outcome="Passed" testListId="8c84fa94-04c1-424b-9868-57a2d4851a1d" relativeResultsDirectory="b112c6ae-5417-4e7f-a4f6-2e147846ad22" /><UnitTestResult executionId="19d4cdd2-959e-4ac2-927b-3f4e0819d27c" testId="fe5a425c-5375-4d12-aac6-50a11d751ca0" testName="JilTests.DeserializeDynamicTests.TrickyNumbers" computerName="SIEBL-4303-04" duration="00:00:00.0030000" startTime="2018-11-11T16:40:00.2484200-06:00" endTime="2018-11-11T16:40:00.2484200-06:00" testType="13cdc9d9-ddb5-4fa4-a97d-d965ccfc6d4b" outcome="Passed" testListId="8c84fa94-04c1-424b-9868-57a2d4851a1d" relativeResultsDirectory="19d4cdd2-959e-4ac2-927b-3f4e0819d27c" /><UnitTestResult executionId="a0912e75-e6a8-44b5-8605-8200b3d97b1d" testId="2786488c-c271-47a0-b6d6-83becfbabaee" testName="JilTests.DeserializeTests.MalformedISO8601(dateString: &quot;\&quot;19991200\&quot;&quot;, expectedError: &quot;Expected day to be between 01 and 31&quot;)" computerName="SIEBL-4303-04" duration="00:00:00.0010000" startTime="2018-11-11T16:39:57.6347541-06:00" endTime="2018-11-11T16:39:57.6347541-06:00" testType="13cdc9d9-ddb5-4fa4-a97d-d965ccfc6d4b" outcome="Passed" testListId="8c84fa94-04c1-424b-9868-57a2d4851a1d" relativeResultsDirectory="a0912e75-e6a8-44b5-8605-8200b3d97b1d" /><UnitTestResult executionId="cb74c02e-dc0a-4299-94bf-64d6d71c31db" testId="592c1b3e-00c6-430b-bd31-fe5c7540f398" testName="JilTests.DeserializeTests.DictionaryNumberKeys" computerName="SIEBL-4303-04" duration="00:00:00.2430000" startTime="2018-11-11T16:40:16.2231422-06:00" endTime="2018-11-11T16:40:16.2231422-06:00" testType="13cdc9d9-ddb5-4fa4-a97d-d965ccfc6d4b" outcome="Passed" testListId="8c84fa94-04c1-424b-9868-57a2d4851a1d" relativeResultsDirectory="cb74c02e-dc0a-4299-94bf-64d6d71c31db" /><UnitTestResult executionId="c2b75b00-0f42-401f-97e4-f589478022cf" testId="538dda9a-c866-4d23-83f2-073d54a687aa" testName="JilTests.DeserializeDynamicTests.Nullables" computerName="SIEBL-4303-04" duration="00:00:00.0570000" startTime="2018-11-11T16:40:01.2868399-06:00" endTime="2018-11-11T16:40:01.2868399-06:00" testType="13cdc9d9-ddb5-4fa4-a97d-d965ccfc6d4b" outcome="Passed" testListId="8c84fa94-04c1-424b-9868-57a2d4851a1d" relativeResultsDirectory="c2b75b00-0f42-401f-97e4-f589478022cf" /><UnitTestResult executionId="05ab29e5-bff9-47d4-a55e-301374345fc4" testId="67860690-6b63-4efb-9921-958b6c1f37e9" testName="JilTests.DeserializeTests.MalformedISO8601(dateString: &quot;\&quot;1999-W54\&quot;&quot;, expectedError: &quot;Expected week to be between 01 and 53&quot;)" computerName="SIEBL-4303-04" duration="00:00:00.0010000" startTime="2018-11-11T16:39:57.5516990-06:00" endTime="2018-11-11T16:39:57.5516990-06:00" testType="13cdc9d9-ddb5-4fa4-a97d-d965ccfc6d4b" outcome="Passed" testListId="8c84fa94-04c1-424b-9868-57a2d4851a1d" relativeResultsDirectory="05ab29e5-bff9-47d4-a55e-301374345fc4" /><UnitTestResult executionId="9e5101f0-5b02-4f56-9765-a0664252e194" testId="e79315ec-25f4-4eb8-a228-431b3a77d813" testName="JilTests.DeserializeTests.AnonNulls" computerName="SIEBL-4303-04" duration="00:00:00.0710000" startTime="2018-11-11T16:40:09.0072262-06:00" endTime="2018-11-11T16:40:09.0072262-06:00" testType="13cdc9d9-ddb5-4fa4-a97d-d965ccfc6d4b" outcome="Passed" testListId="8c84fa94-04c1-424b-9868-57a2d4851a1d" relativeResultsDirectory="9e5101f0-5b02-4f56-9765-a0664252e194" /><UnitTestResult executionId="886e3f16-2474-4362-9628-58b85c16013b" testId="f78834e4-4621-449f-98d6-c08f0190e0b7" testName="JilTests.SerializeTests.NaNFails" computerName="SIEBL-4303-04" duration="00:00:00.0740000" startTime="2018-11-11T16:39:58.4933270-06:00" endTime="2018-11-11T16:39:58.4933270-06:00" testType="13cdc9d9-ddb5-4fa4-a97d-d965ccfc6d4b" outcome="Passed" testListId="8c84fa94-04c1-424b-9868-57a2d4851a1d" relativeResultsDirectory="886e3f16-2474-4362-9628-58b85c16013b" /><UnitTestResult executionId="bfa4f08a-ed78-4fea-9d17-bfb6b8109294" testId="2d029237-e721-404e-9f91-7eb46a889bd9" testName="JilTests.DeserializeDynamicTests.GreaterThan" computerName="SIEBL-4303-04" duration="00:00:00.0040000" startTime="2018-11-11T16:40:00.3754480-06:00" endTime="2018-11-11T16:40:00.3754480-06:00" testType="13cdc9d9-ddb5-4fa4-a97d-d965ccfc6d4b" outcome="Passed" testListId="8c84fa94-04c1-424b-9868-57a2d4851a1d" relativeResultsDirectory="bfa4f08a-ed78-4fea-9d17-bfb6b8109294" /><UnitTestResult executionId="930b2c75-6897-4772-a67d-81b43b06cc71" testId="ff04cec0-028e-4bbd-91c0-11ab69cc57db" testName="JilTests.DeserializeTests.NoNameDataMember" computerName="SIEBL-4303-04" duration="00:00:00.0240000" startTime="2018-11-11T16:40:04.0629388-06:00" endTime="2018-11-11T16:40:04.0629388-06:00" testType="13cdc9d9-ddb5-4fa4-a97d-d965ccfc6d4b" outcome="Passed" testListId="8c84fa94-04c1-424b-9868-57a2d4851a1d" relativeResultsDirectory="930b2c75-6897-4772-a67d-81b43b06cc71" /><UnitTestResult executionId="5742265b-5923-449c-b595-001a6e07e5ea" testId="05e4fe6a-dc2e-45d1-911d-5f8200eadb11" testName="JilTests.SerializeTests.DoubleConstantWeirdCulture" computerName="SIEBL-4303-04" duration="00:00:00.0030000" startTime="2018-11-11T16:40:13.9059834-06:00" endTime="2018-11-11T16:40:13.9059834-06:00" testType="13cdc9d9-ddb5-4fa4-a97d-d965ccfc6d4b" outcome="Passed" testListId="8c84fa94-04c1-424b-9868-57a2d4851a1d" relativeResultsDirectory="5742265b-5923-449c-b595-001a6e07e5ea" /><UnitTestResult executionId="5ad7c718-5cac-462d-b272-6662d0cae074" testId="d93f81ba-1584-4aef-8c84-ae8c0ac1bbf3" testName="JilTests.DynamicSerializationTests.ISO8601TimeSpans" computerName="SIEBL-4303-04" duration="00:00:00.0170000" startTime="2018-11-11T16:39:59.2308206-06:00" endTime="2018-11-11T16:39:59.2308206-06:00" testType="13cdc9d9-ddb5-4fa4-a97d-d965ccfc6d4b" outcome="Passed" testListId="8c84fa94-04c1-424b-9868-57a2d4851a1d" relativeResultsDirectory="5ad7c718-5cac-462d-b272-6662d0cae074" /><UnitTestResult executionId="1d813443-8e1f-4f45-a16e-7fd15c71c737" testId="a6f0d568-f0d9-470e-afa8-c95581f58d32" testName="JilTests.DeserializeTests.Issue19" computerName="SIEBL-4303-04" duration="00:00:00.0300000" startTime="2018-11-11T16:40:15.2224736-06:00" endTime="2018-11-11T16:40:15.2224736-06:00" testType="13cdc9d9-ddb5-4fa4-a97d-d965ccfc6d4b" outcome="Passed" testListId="8c84fa94-04c1-424b-9868-57a2d4851a1d" relativeResultsDirectory="1d813443-8e1f-4f45-a16e-7fd15c71c737" /><UnitTestResult executionId="f182ab6d-5dd5-4707-a8c8-50f53258d169" testId="9d0821a6-6f69-4443-b707-fa9fdbf63b9c" testName="JilTests.DeserializeTests.Objects" computerName="SIEBL-4303-04" duration="00:00:00.1680000" startTime="2018-11-11T16:39:57.7728466-06:00" endTime="2018-11-11T16:39:57.7728466-06:00" testType="13cdc9d9-ddb5-4fa4-a97d-d965ccfc6d4b" outcome="Passed" testListId="8c84fa94-04c1-424b-9868-57a2d4851a1d" relativeResultsDirectory="f182ab6d-5dd5-4707-a8c8-50f53258d169" /><UnitTestResult executionId="0505ecd6-766e-407a-9546-48251c1bee38" testId="7c3469d3-8140-40b0-98cc-f2ce652055f8" testName="JilTests.DynamicSerializationTests.Simple" computerName="SIEBL-4303-04" duration="00:00:00.0300000" startTime="2018-11-11T16:39:59.0997316-06:00" endTime="2018-11-11T16:39:59.0997316-06:00" testType="13cdc9d9-ddb5-4fa4-a97d-d965ccfc6d4b" outcome="Passed" testListId="8c84fa94-04c1-424b-9868-57a2d4851a1d" relativeResultsDirectory="0505ecd6-766e-407a-9546-48251c1bee38" /><UnitTestResult executionId="227bd306-8613-45e8-bd42-6ca13b864848" testId="be56b37a-f465-4c36-b490-01dfe3abe991" testName="JilTests.SerializeTests.Properties" computerName="SIEBL-4303-04" duration="00:00:00.0020000" startTime="2018-11-11T16:39:58.9096060-06:00" endTime="2018-11-11T16:39:58.9096060-06:00" testType="13cdc9d9-ddb5-4fa4-a97d-d965ccfc6d4b" outcome="Passed" testListId="8c84fa94-04c1-424b-9868-57a2d4851a1d" relativeResultsDirectory="227bd306-8613-45e8-bd42-6ca13b864848" /><UnitTestResult executionId="54e19dfc-5777-4809-85ec-198a574845dd" testId="0732ee22-7363-40a9-a3bd-6b1421d77eba" testName="JilTests.DeserializeTests.Issue117_Byte" computerName="SIEBL-4303-04" duration="00:00:00.0030000" startTime="2018-11-11T16:40:12.4780664-06:00" endTime="2018-11-11T16:40:12.4780664-06:00" testType="13cdc9d9-ddb5-4fa4-a97d-d965ccfc6d4b" outcome="Passed" testListId="8c84fa94-04c1-424b-9868-57a2d4851a1d" relativeResultsDirectory="54e19dfc-5777-4809-85ec-198a574845dd" /><UnitTestResult executionId="06336e3a-790c-4d68-9fb0-71cbd4b4affa" testId="a5d20af4-983f-494a-ae72-5197235d1f09" testName="JilTests.DeserializeTests.MalformedISO8601(dateString: &quot;\&quot;1900-366\&quot;&quot;, expectedError: &quot;Ordinal day can only be 366 in a leap year&quot;)" computerName="SIEBL-4303-04" duration="00:00:00.0010000" startTime="2018-11-11T16:39:57.6267491-06:00" endTime="2018-11-11T16:39:57.6267491-06:00" testType="13cdc9d9-ddb5-4fa4-a97d-d965ccfc6d4b" outcome="Passed" testListId="8c84fa94-04c1-424b-9868-57a2d4851a1d" relativeResultsDirectory="06336e3a-790c-4d68-9fb0-71cbd4b4affa" /><UnitTestResult executionId="dbcb1d90-49d9-497d-913e-e47b42e16b02" testId="6bdb9844-f142-4de6-a1a6-cef7ba062fc8" testName="JilTests.DeserializeDynamicTests.Issue117(input: &quot;123.&quot;, expectedError: &quot;Expected digit&quot;)" computerName="SIEBL-4303-04" duration="00:00:00.0010000" startTime="2018-11-11T16:39:58.0009985-06:00" endTime="2018-11-11T16:39:58.0009985-06:00" testType="13cdc9d9-ddb5-4fa4-a97d-d965ccfc6d4b" outcome="Passed" testListId="8c84fa94-04c1-424b-9868-57a2d4851a1d" relativeResultsDirectory="dbcb1d90-49d9-497d-913e-e47b42e16b02" /><UnitTestResult executionId="a780d72d-510f-4432-afaa-20836f713bbe" testId="28fa0271-a783-41a9-b2b5-54a1dd3cebb7" testName="JilTests.DeserializeTests.Issue270" computerName="SIEBL-4303-04" duration="00:00:00.0240000" startTime="2018-11-11T16:40:03.4705420-06:00" endTime="2018-11-11T16:40:03.4705420-06:00" testType="13cdc9d9-ddb5-4fa4-a97d-d965ccfc6d4b" outcome="Passed" testListId="8c84fa94-04c1-424b-9868-57a2d4851a1d" relativeResultsDirectory="a780d72d-510f-4432-afaa-20836f713bbe" /><UnitTestResult executionId="29d99b17-4c32-4cfe-a7db-aa1e96c182e8" testId="77939ef1-b3fc-40a4-9cc9-4b351ece55f2" testName="JilTests.SerializeTests.Issue151" computerName="SIEBL-4303-04" duration="00:00:00.0030000" startTime="2018-11-11T16:40:11.6631510-06:00" endTime="2018-11-11T16:40:11.6631510-06:00" testType="13cdc9d9-ddb5-4fa4-a97d-d965ccfc6d4b" outcome="Passed" testListId="8c84fa94-04c1-424b-9868-57a2d4851a1d" relativeResultsDirectory="29d99b17-4c32-4cfe-a7db-aa1e96c182e8" /><UnitTestResult executionId="00a64588-c4b5-4333-99b4-a83d4a0842ed" testId="58768ae1-75ed-48e0-815a-4800cd959891" testName="JilTests.SerializeTests.FlagOption" computerName="SIEBL-4303-04" duration="00:00:01.6090000" startTime="2018-11-11T16:40:09.8726718-06:00" endTime="2018-11-11T16:40:09.8726718-06:00" testType="13cdc9d9-ddb5-4fa4-a97d-d965ccfc6d4b" outcome="Passed" testListId="8c84fa94-04c1-424b-9868-57a2d4851a1d" relativeResultsDirectory="00a64588-c4b5-4333-99b4-a83d4a0842ed" /><UnitTestResult executionId="d11bde65-5cfd-4a4d-b8c9-cac912b48bc5" testId="bb077bb9-d3d0-4ac2-aff7-5f8b74eb3d79" testName="JilTests.DeserializeTests.Zeros" computerName="SIEBL-4303-04" duration="00:00:00.0010000" startTime="2018-11-11T16:40:03.8377885-06:00" endTime="2018-11-11T16:40:03.8377885-06:00" testType="13cdc9d9-ddb5-4fa4-a97d-d965ccfc6d4b" outcome="Passed" testListId="8c84fa94-04c1-424b-9868-57a2d4851a1d" relativeResultsDirectory="d11bde65-5cfd-4a4d-b8c9-cac912b48bc5" /><UnitTestResult executionId="0f85de4d-d45a-4de6-aa4a-e1fe919ddd13" testId="8139cd85-3945-4602-8cf1-55a3cd7cba81" testName="JilTests.BadlySpecifiedTypeTests.SerializeWriter" computerName="SIEBL-4303-04" duration="00:00:00.0010000" startTime="2018-11-11T16:39:57.8869224-06:00" endTime="2018-11-11T16:39:57.8869224-06:00" testType="13cdc9d9-ddb5-4fa4-a97d-d965ccfc6d4b" outcome="Passed" testListId="8c84fa94-04c1-424b-9868-57a2d4851a1d" relativeResultsDirectory="0f85de4d-d45a-4de6-aa4a-e1fe919ddd13" /><UnitTestResult executionId="3f0807cf-d2e5-4722-93c1-bb3207ca1bcb" testId="37a74254-e9f9-4528-88e9-183c8c7f45ed" testName="JilTests.DeserializeTests.BadPrimitiveWrapper" computerName="SIEBL-4303-04" duration="00:00:00.0120000" startTime="2018-11-11T16:40:12.4900732-06:00" endTime="2018-11-11T16:40:12.4900732-06:00" testType="13cdc9d9-ddb5-4fa4-a97d-d965ccfc6d4b" outcome="Passed" testListId="8c84fa94-04c1-424b-9868-57a2d4851a1d" relativeResultsDirectory="3f0807cf-d2e5-4722-93c1-bb3207ca1bcb" /><UnitTestResult executionId="d65baca0-cf95-42ea-ba79-1b3e4d1d9536" testId="4ff0f8b3-4930-4a64-a177-1a1bd9889ea9" testName="JilTests.DeserializeTests.Issue117_UInt" computerName="SIEBL-4303-04" duration="00:00:00.0030000" startTime="2018-11-11T16:40:15.1904540-06:00" endTime="2018-11-11T16:40:15.1904540-06:00" testType="13cdc9d9-ddb5-4fa4-a97d-d965ccfc6d4b" outcome="Passed" testListId="8c84fa94-04c1-424b-9868-57a2d4851a1d" relativeResultsDirectory="d65baca0-cf95-42ea-ba79-1b3e4d1d9536" /><UnitTestResult executionId="ae82867a-0b96-4a4f-877c-bc1e5f99e764" testId="f3980254-b764-4d3a-8060-6912f0408667" testName="JilTests.DeserializeDynamicTests.DynamicTypeConverter" computerName="SIEBL-4303-04" duration="00:00:00.1840000" startTime="2018-11-11T16:40:00.6456295-06:00" endTime="2018-11-11T16:40:00.6456295-06:00" testType="13cdc9d9-ddb5-4fa4-a97d-d965ccfc6d4b" outcome="Passed" testListId="8c84fa94-04c1-424b-9868-57a2d4851a1d" relativeResultsDirectory="ae82867a-0b96-4a4f-877c-bc1e5f99e764" /><UnitTestResult executionId="298eae69-321c-4d43-ab7b-5a3dd34bb2ce" testId="40f72425-a147-4ebf-bca0-3d1b5d774dce" testName="JilTests.DeserializeTests.SerializationNameFormatsDeserialization" computerName="SIEBL-4303-04" duration="00:00:00.6400000" startTime="2018-11-11T16:40:12.4550082-06:00" endTime="2018-11-11T16:40:12.4550082-06:00" testType="13cdc9d9-ddb5-4fa4-a97d-d965ccfc6d4b" outcome="Passed" testListId="8c84fa94-04c1-424b-9868-57a2d4851a1d" relativeResultsDirectory="298eae69-321c-4d43-ab7b-5a3dd34bb2ce" /><UnitTestResult executionId="c9d18edd-a336-411a-97ef-b4a39db49194" testId="a3d9308a-d2f8-4dd0-afc8-9bceeb7f5ccd" testName="JilTests.DeserializeTests.Strings" computerName="SIEBL-4303-04" duration="00:00:00.0650000" startTime="2018-11-11T16:40:03.9018294-06:00" endTime="2018-11-11T16:40:03.9018294-06:00" testType="13cdc9d9-ddb5-4fa4-a97d-d965ccfc6d4b" outcome="Passed" testListId="8c84fa94-04c1-424b-9868-57a2d4851a1d" relativeResultsDirectory="c9d18edd-a336-411a-97ef-b4a39db49194" /><UnitTestResult executionId="1e35c419-9fb6-4811-b5fc-3dda8d44fee9" testId="d0b24e80-5814-4a92-999e-9afc1235b646" testName="JilTests.DeserializeTests.Dictionaries" computerName="SIEBL-4303-04" duration="00:00:00.2490000" startTime="2018-11-11T16:40:08.4423509-06:00" endTime="2018-11-11T16:40:08.4423509-06:00" testType="13cdc9d9-ddb5-4fa4-a97d-d965ccfc6d4b" outcome="Passed" testListId="8c84fa94-04c1-424b-9868-57a2d4851a1d" relativeResultsDirectory="1e35c419-9fb6-4811-b5fc-3dda8d44fee9" /><UnitTestResult executionId="6810145e-b0ca-4f6d-81e2-a3998c1d1e6b" testId="02d0c886-53b5-4015-bf61-747ed83d4fa5" testName="JilTests.DeserializeTests.Issue227" computerName="SIEBL-4303-04" duration="00:00:00.4040000" startTime="2018-11-11T16:40:01.9897352-06:00" endTime="2018-11-11T16:40:01.9897352-06:00" testType="13cdc9d9-ddb5-4fa4-a97d-d965ccfc6d4b" outcome="Passed" testListId="8c84fa94-04c1-424b-9868-57a2d4851a1d" relativeResultsDirectory="6810145e-b0ca-4f6d-81e2-a3998c1d1e6b" /><UnitTestResult executionId="f57b33ff-ee48-4e5d-8da6-242edb1a60ce" testId="dd17fa8c-abaa-4f71-b60a-c5b4d146b40d" testName="JilTests.DeserializeDynamicTests.Guids" computerName="SIEBL-4303-04" duration="00:00:00.0010000" startTime="2018-11-11T16:40:00.9608399-06:00" endTime="2018-11-11T16:40:00.9608399-06:00" testType="13cdc9d9-ddb5-4fa4-a97d-d965ccfc6d4b" outcome="Passed" testListId="8c84fa94-04c1-424b-9868-57a2d4851a1d" relativeResultsDirectory="f57b33ff-ee48-4e5d-8da6-242edb1a60ce" /><UnitTestResult executionId="7473f2b0-97c8-4302-b554-9f6c0e48c459" testId="ceb136d0-9443-4cf4-abc0-4c541974eb9f" testName="JilTests.SerializeTests.UnspecifiedToLocal" computerName="SIEBL-4303-04" duration="00:00:00.0080000" startTime="2018-11-11T16:39:59.6860456-06:00" endTime="2018-11-11T16:39:59.6860456-06:00" testType="13cdc9d9-ddb5-4fa4-a97d-d965ccfc6d4b" outcome="Passed" testListId="8c84fa94-04c1-424b-9868-57a2d4851a1d" relativeResultsDirectory="7473f2b0-97c8-4302-b554-9f6c0e48c459" /><UnitTestResult executionId="4371ebdc-3575-4046-ac2e-1ffeb1266297" testId="791def74-a01b-44ee-af12-3a01599d225c" testName="JilTests.DeserializeTests.Issue117_SByte" computerName="SIEBL-4303-04" duration="00:00:00.0040000" startTime="2018-11-11T16:40:13.2983329-06:00" endTime="2018-11-11T16:40:13.2983329-06:00" testType="13cdc9d9-ddb5-4fa4-a97d-d965ccfc6d4b" outcome="Passed" testListId="8c84fa94-04c1-424b-9868-57a2d4851a1d" relativeResultsDirectory="4371ebdc-3575-4046-ac2e-1ffeb1266297" /><UnitTestResult executionId="37bd928f-a2b9-4572-a123-cf9f0243dfee" testId="3630bf20-1f48-4f45-b4de-a043cab6fe9a" testName="JilTests.DeserializeTests.ISO8601TimeSpan_YearsMonth" computerName="SIEBL-4303-04" duration="00:00:00.0020000" startTime="2018-11-11T16:40:12.6071520-06:00" endTime="2018-11-11T16:40:12.6071520-06:00" testType="13cdc9d9-ddb5-4fa4-a97d-d965ccfc6d4b" outcome="Passed" testListId="8c84fa94-04c1-424b-9868-57a2d4851a1d" relativeResultsDirectory="37bd928f-a2b9-4572-a123-cf9f0243dfee" /><UnitTestResult executionId="769a530c-f18d-4ffc-800f-909e72f436f2" testId="a041c9fe-0cdf-428f-9af8-7edd12140891" testName="JilTests.DeserializeTests.Issue162" computerName="SIEBL-4303-04" duration="00:00:00.0080000" startTime="2018-11-11T16:40:08.4603635-06:00" endTime="2018-11-11T16:40:08.4603635-06:00" testType="13cdc9d9-ddb5-4fa4-a97d-d965ccfc6d4b" outcome="Passed" testListId="8c84fa94-04c1-424b-9868-57a2d4851a1d" relativeResultsDirectory="769a530c-f18d-4ffc-800f-909e72f436f2" /></Results><TestDefinitions><UnitTest name="JilTests.DeserializeTests.UnionTypeMisconfiguration" storage="c:\users\dt-impact\ftsubs\mstest\kevin-montrose_jil-8a5af0f\jiltests\bin\debug\net452\jiltests.dll" id="1dd602dd-4de9-4a14-ba05-afdd0720baa8"><Execution id="a3a20a79-ba36-45c1-819d-942db85eca39" /><TestMethod codeBase="C:\Users\dt-impact\ftsubs\mstest\kevin-montrose_Jil-8a5af0f\JilTests\bin\Debug\net452\JilTests.dll" adapterTypeName="executor://xunit/VsTestRunner2/desktop_and_uap" className="JilTests.DeserializeTests" name="JilTests.DeserializeTests.UnionTypeMisconfiguration" /></UnitTest><UnitTest name="JilTests.SerializeTests.DictionaryValueType" storage="c:\users\dt-impact\ftsubs\mstest\kevin-montrose_jil-8a5af0f\jiltests\bin\debug\net452\jiltests.dll" id="9f162d32-6f90-498a-a0fa-6fa5cda46a27"><Execution id="efa762fd-0cb8-4680-9c49-ba349ebf50cd" /><TestMethod codeBase="C:\Users\dt-impact\ftsubs\mstest\kevin-montrose_Jil-8a5af0f\JilTests\bin\Debug\net452\JilTests.dll" adapterTypeName="executor://xunit/VsTestRunner2/desktop_and_uap" className="JilTests.SerializeTests" name="JilTests.SerializeTests.DictionaryValueType" /></UnitTest><UnitTest name="JilTests.DeserializeTests.EmptyAnonymousObject" storage="c:\users\dt-impact\ftsubs\mstest\kevin-montrose_jil-8a5af0f\jiltests\bin\debug\net452\jiltests.dll" id="1c82867a-595a-4240-8891-3109d89e4e4f"><Execution id="3da94e21-f92e-4571-9065-a0f0f074f4f9" /><TestMethod codeBase="C:\Users\dt-impact\ftsubs\mstest\kevin-montrose_Jil-8a5af0f\JilTests\bin\Debug\net452\JilTests.dll" adapterTypeName="executor://xunit/VsTestRunner2/desktop_and_uap" className="JilTests.DeserializeTests" name="JilTests.DeserializeTests.EmptyAnonymousObject" /></UnitTest><UnitTest name="JilTests.DynamicSerializationTests.Issue200" storage="c:\users\dt-impact\ftsubs\mstest\kevin-montrose_jil-8a5af0f\jiltests\bin\debug\net452\jiltests.dll" id="fe409e74-bfaf-4dc3-9479-c02eb7b067af"><Execution id="967a4eec-da76-4c75-9655-08de05cbabd0" /><TestMethod codeBase="C:\Users\dt-impact\ftsubs\mstest\kevin-montrose_Jil-8a5af0f\JilTests\bin\Debug\net452\JilTests.dll" adapterTypeName="executor://xunit/VsTestRunner2/desktop_and_uap" className="JilTests.DynamicSerializationTests" name="JilTests.DynamicSerializationTests.Issue200" /></UnitTest><UnitTest name="JilTests.DeserializeTests.ComplicatedDiscriminateUnion" storage="c:\users\dt-impact\ftsubs\mstest\kevin-montrose_jil-8a5af0f\jiltests\bin\debug\net452\jiltests.dll" id="34fdba56-0915-4ac6-8ebc-7444985b1045"><Execution id="7d9330ed-027f-4ddc-81f5-13b4138e421b" /><TestMethod codeBase="C:\Users\dt-impact\ftsubs\mstest\kevin-montrose_Jil-8a5af0f\JilTests\bin\Debug\net452\JilTests.dll" adapterTypeName="executor://xunit/VsTestRunner2/desktop_and_uap" className="JilTests.DeserializeTests" name="JilTests.DeserializeTests.ComplicatedDiscriminateUnion" /></UnitTest><UnitTest name="JilTests.UtilsTests.PropertyFieldUsage" storage="c:\users\dt-impact\ftsubs\mstest\kevin-montrose_jil-8a5af0f\jiltests\bin\debug\net452\jiltests.dll" id="eaba879d-d658-4dfb-820d-484919b9dbc7"><Execution id="5cd8f1f6-9d6d-438d-822b-f22b252d2e29" /><TestMethod codeBase="C:\Users\dt-impact\ftsubs\mstest\kevin-montrose_Jil-8a5af0f\JilTests\bin\Debug\net452\JilTests.dll" adapterTypeName="executor://xunit/VsTestRunner2/desktop_and_uap" className="JilTests.UtilsTests" name="JilTests.UtilsTests.PropertyFieldUsage" /></UnitTest><UnitTest name="JilTests.UtilsTests.FindReusedTypes_ListList" storage="c:\users\dt-impact\ftsubs\mstest\kevin-montrose_jil-8a5af0f\jiltests\bin\debug\net452\jiltests.dll" id="0d81955e-ff91-4cc2-b57d-dbcc465bb693"><Execution id="f0f9f2be-c829-4242-abb7-1d4ecf6d764c" /><TestMethod codeBase="C:\Users\dt-impact\ftsubs\mstest\kevin-montrose_Jil-8a5af0f\JilTests\bin\Debug\net452\JilTests.dll" adapterTypeName="executor://xunit/VsTestRunner2/desktop_and_uap" className="JilTests.UtilsTests" name="JilTests.UtilsTests.FindReusedTypes_ListList" /></UnitTest><UnitTest name="JilTests.DeserializeTests.Issue117_UShort" storage="c:\users\dt-impact\ftsubs\mstest\kevin-montrose_jil-8a5af0f\jiltests\bin\debug\net452\jiltests.dll" id="c5908a17-9134-4d64-aaa3-d2106e58d62b"><Execution id="d662f2bd-0ceb-45b6-b3e8-7ebc381b2874" /><TestMethod codeBase="C:\Users\dt-impact\ftsubs\mstest\kevin-montrose_Jil-8a5af0f\JilTests\bin\Debug\net452\JilTests.dll" adapterTypeName="executor://xunit/VsTestRunner2/desktop_and_uap" className="JilTests.DeserializeTests" name="JilTests.DeserializeTests.Issue117_UShort" /></UnitTest><UnitTest name="JilTests.SerializeTests.AllocationlessVsNormalDictionaries" storage="c:\users\dt-impact\ftsubs\mstest\kevin-montrose_jil-8a5af0f\jiltests\bin\debug\net452\jiltests.dll" id="c00cfaac-61bf-4784-bd5b-daa8749188d9"><Execution id="62b7bfce-b75f-4a0f-a94d-7d11576ce344" /><TestMethod codeBase="C:\Users\dt-impact\ftsubs\mstest\kevin-montrose_Jil-8a5af0f\JilTests\bin\Debug\net452\JilTests.dll" adapterTypeName="executor://xunit/VsTestRunner2/desktop_and_uap" className="JilTests.SerializeTests" name="JilTests.SerializeTests.AllocationlessVsNormalDictionaries" /></UnitTest><UnitTest name="JilTests.DeserializeDynamicTests.Issue117(input: &quot;123.&quot;, expectedError: &quot;Expected digit&quot;)" storage="c:\users\dt-impact\ftsubs\mstest\kevin-montrose_jil-8a5af0f\jiltests\bin\debug\net452\jiltests.dll" id="6bdb9844-f142-4de6-a1a6-cef7ba062fc8"><Execution id="dbcb1d90-49d9-497d-913e-e47b42e16b02" /><TestMethod codeBase="C:\Users\dt-impact\ftsubs\mstest\kevin-montrose_Jil-8a5af0f\JilTests\bin\Debug\net452\JilTests.dll" adapterTypeName="executor://xunit/VsTestRunner2/desktop_and_uap" className="JilTests.DeserializeDynamicTests" name="JilTests.DeserializeDynamicTests.Issue117(input: &quot;123.&quot;, expectedError: &quot;Expected digit&quot;)" /></UnitTest><UnitTest name="JilTests.DeserializeDynamicTests.ArrayEnumerator" storage="c:\users\dt-impact\ftsubs\mstest\kevin-montrose_jil-8a5af0f\jiltests\bin\debug\net452\jiltests.dll" id="eaa25d61-eb2c-4672-ae43-140377f889b6"><Execution id="80857579-8623-47d4-8942-4298384eb51f" /><TestMethod codeBase="C:\Users\dt-impact\ftsubs\mstest\kevin-montrose_Jil-8a5af0f\JilTests\bin\Debug\net452\JilTests.dll" adapterTypeName="executor://xunit/VsTestRunner2/desktop_and_uap" className="JilTests.DeserializeDynamicTests" name="JilTests.DeserializeDynamicTests.ArrayEnumerator" /></UnitTest><UnitTest name="JilTests.DeserializeDynamicTests.Or" storage="c:\users\dt-impact\ftsubs\mstest\kevin-montrose_jil-8a5af0f\jiltests\bin\debug\net452\jiltests.dll" id="62d2f751-c032-49a3-9cc9-db940214c618"><Execution id="c875f5b0-c232-4613-9c7d-d801e2fa6b60" /><TestMethod codeBase="C:\Users\dt-impact\ftsubs\mstest\kevin-montrose_Jil-8a5af0f\JilTests\bin\Debug\net452\JilTests.dll" adapterTypeName="executor://xunit/VsTestRunner2/desktop_and_uap" className="JilTests.DeserializeDynamicTests" name="JilTests.DeserializeDynamicTests.Or" /></UnitTest><UnitTest name="JilTests.DeserializeTests.ConvertEnumsToPrimitives" storage="c:\users\dt-impact\ftsubs\mstest\kevin-montrose_jil-8a5af0f\jiltests\bin\debug\net452\jiltests.dll" id="86974da9-e494-4933-b0a4-e71bfecc0e1c"><Execution id="f68a2c40-5654-4c5c-93fa-71349f246532" /><TestMethod codeBase="C:\Users\dt-impact\ftsubs\mstest\kevin-montrose_Jil-8a5af0f\JilTests\bin\Debug\net452\JilTests.dll" adapterTypeName="executor://xunit/VsTestRunner2/desktop_and_uap" className="JilTests.DeserializeTests" name="JilTests.DeserializeTests.ConvertEnumsToPrimitives" /></UnitTest><UnitTest name="JilTests.SerializeTests.EmptyEnum" storage="c:\users\dt-impact\ftsubs\mstest\kevin-montrose_jil-8a5af0f\jiltests\bin\debug\net452\jiltests.dll" id="99872699-80c8-45a3-a817-c9836e9349d6"><Execution id="0a030c39-f879-436d-b310-a35a0d5888c8" /><TestMethod codeBase="C:\Users\dt-impact\ftsubs\mstest\kevin-montrose_Jil-8a5af0f\JilTests\bin\Debug\net452\JilTests.dll" adapterTypeName="executor://xunit/VsTestRunner2/desktop_and_uap" className="JilTests.SerializeTests" name="JilTests.SerializeTests.EmptyEnum" /></UnitTest><UnitTest name="JilTests.DeserializeTests.Issue53" storage="c:\users\dt-impact\ftsubs\mstest\kevin-montrose_jil-8a5af0f\jiltests\bin\debug\net452\jiltests.dll" id="958f0cec-4071-4844-83a9-ba669916a0cd"><Execution id="e5ae7d1f-8f69-4fca-96bf-27f75ca70b50" /><TestMethod codeBase="C:\Users\dt-impact\ftsubs\mstest\kevin-montrose_Jil-8a5af0f\JilTests\bin\Debug\net452\JilTests.dll" adapterTypeName="executor://xunit/VsTestRunner2/desktop_and_uap" className="JilTests.DeserializeTests" name="JilTests.DeserializeTests.Issue53" /></UnitTest><UnitTest name="JilTests.DynamicSerializationTests.HeterogenousCollection" storage="c:\users\dt-impact\ftsubs\mstest\kevin-montrose_jil-8a5af0f\jiltests\bin\debug\net452\jiltests.dll" id="de691fa7-8b9c-4d25-9676-9f8ecae86bff"><Execution id="acad5dea-5698-4530-8901-92c0b7b2d191" /><TestMethod codeBase="C:\Users\dt-impact\ftsubs\mstest\kevin-montrose_Jil-8a5af0f\JilTests\bin\Debug\net452\JilTests.dll" adapterTypeName="executor://xunit/VsTestRunner2/desktop_and_uap" className="JilTests.DynamicSerializationTests" name="JilTests.DynamicSerializationTests.HeterogenousCollection" /></UnitTest><UnitTest name="JilTests.DeserializeTests.ISO8601WeekDates" storage="c:\users\dt-impact\ftsubs\mstest\kevin-montrose_jil-8a5af0f\jiltests\bin\debug\net452\jiltests.dll" id="7b028710-1418-4fdb-8dfc-c152f6a1c689"><Execution id="2a88f914-29a0-423a-b316-ea9d086141a9" /><TestMethod codeBase="C:\Users\dt-impact\ftsubs\mstest\kevin-montrose_Jil-8a5af0f\JilTests\bin\Debug\net452\JilTests.dll" adapterTypeName="executor://xunit/VsTestRunner2/desktop_and_uap" className="JilTests.DeserializeTests" name="JilTests.DeserializeTests.ISO8601WeekDates" /></UnitTest><UnitTest name="JilTests.SerializeTests.NullableMembers" storage="c:\users\dt-impact\ftsubs\mstest\kevin-montrose_jil-8a5af0f\jiltests\bin\debug\net452\jiltests.dll" id="b187fc58-588d-4238-98b6-c03f10983982"><Execution id="a2a02f60-a481-4e91-9ca3-3a6b64665930" /><TestMethod codeBase="C:\Users\dt-impact\ftsubs\mstest\kevin-montrose_Jil-8a5af0f\JilTests\bin\Debug\net452\JilTests.dll" adapterTypeName="executor://xunit/VsTestRunner2/desktop_and_uap" className="JilTests.SerializeTests" name="JilTests.SerializeTests.NullableMembers" /></UnitTest><UnitTest name="JilTests.DeserializeTests.BadDouble(input: &quot;1.2E++10&quot;, expectedSnippetAfter: &quot;+10&quot;)" storage="c:\users\dt-impact\ftsubs\mstest\kevin-montrose_jil-8a5af0f\jiltests\bin\debug\net452\jiltests.dll" id="dd0288e0-9cdc-4f9e-bbda-e1f5eae055f1"><Execution id="47ddf180-1a12-4115-a13f-2abb2bca6b2a" /><TestMethod codeBase="C:\Users\dt-impact\ftsubs\mstest\kevin-montrose_Jil-8a5af0f\JilTests\bin\Debug\net452\JilTests.dll" adapterTypeName="executor://xunit/VsTestRunner2/desktop_and_uap" className="JilTests.DeserializeTests" name="JilTests.DeserializeTests.BadDouble(input: &quot;1.2E++10&quot;, expectedSnippetAfter: &quot;+10&quot;)" /></UnitTest><UnitTest name="JilTests.DynamicSerializationTests.ExpandoObject" storage="c:\users\dt-impact\ftsubs\mstest\kevin-montrose_jil-8a5af0f\jiltests\bin\debug\net452\jiltests.dll" id="13110eab-c5f2-4846-abe4-7a0fd0d54460"><Execution id="2f82631e-c25d-4030-a143-2d06bad1d23b" /><TestMethod codeBase="C:\Users\dt-impact\ftsubs\mstest\kevin-montrose_Jil-8a5af0f\JilTests\bin\Debug\net452\JilTests.dll" adapterTypeName="executor://xunit/VsTestRunner2/desktop_and_uap" className="JilTests.DynamicSerializationTests" name="JilTests.DynamicSerializationTests.ExpandoObject" /></UnitTest><UnitTest name="JilTests.UtilsTests.FindReusedTypes_DictDict" storage="c:\users\dt-impact\ftsubs\mstest\kevin-montrose_jil-8a5af0f\jiltests\bin\debug\net452\jiltests.dll" id="536238ba-50e3-42e4-9503-97e4d48bb991"><Execution id="e0281867-b97a-42dd-8ccc-1d41c5253886" /><TestMethod codeBase="C:\Users\dt-impact\ftsubs\mstest\kevin-montrose_Jil-8a5af0f\JilTests\bin\Debug\net452\JilTests.dll" adapterTypeName="executor://xunit/VsTestRunner2/desktop_and_uap" className="JilTests.UtilsTests" name="JilTests.UtilsTests.FindReusedTypes_DictDict" /></UnitTest><UnitTest name="JilTests.SerializeTests.DateTimeFormats" storage="c:\users\dt-impact\ftsubs\mstest\kevin-montrose_jil-8a5af0f\jiltests\bin\debug\net452\jiltests.dll" id="5aa6e53f-6bb4-4102-a067-ccca620e0ea1"><Execution id="42b61042-cd00-42d1-8dab-bbd405a2cea2" /><TestMethod codeBase="C:\Users\dt-impact\ftsubs\mstest\kevin-montrose_Jil-8a5af0f\JilTests\bin\Debug\net452\JilTests.dll" adapterTypeName="executor://xunit/VsTestRunner2/desktop_and_uap" className="JilTests.SerializeTests" name="JilTests.SerializeTests.DateTimeFormats" /></UnitTest><UnitTest name="JilTests.DeserializeDynamicTests.Issue117(input: &quot;1.&quot;, expectedError: &quot;Expected digit&quot;)" storage="c:\users\dt-impact\ftsubs\mstest\kevin-montrose_jil-8a5af0f\jiltests\bin\debug\net452\jiltests.dll" id="349f6e64-e3a5-4b94-9153-3240c04eadbb"><Execution id="7076a7c5-dc95-4afa-a569-ffc40e4e318b" /><TestMethod codeBase="C:\Users\dt-impact\ftsubs\mstest\kevin-montrose_Jil-8a5af0f\JilTests\bin\Debug\net452\JilTests.dll" adapterTypeName="executor://xunit/VsTestRunner2/desktop_and_uap" className="JilTests.DeserializeDynamicTests" name="JilTests.DeserializeDynamicTests.Issue117(input: &quot;1.&quot;, expectedError: &quot;Expected digit&quot;)" /></UnitTest><UnitTest name="JilTests.DeserializeTests.Issue25" storage="c:\users\dt-impact\ftsubs\mstest\kevin-montrose_jil-8a5af0f\jiltests\bin\debug\net452\jiltests.dll" id="5b376228-8d70-4b1c-b853-ed48c89b0c29"><Execution id="0abc0b5a-f197-4557-8dcb-9a38bba2269f" /><TestMethod codeBase="C:\Users\dt-impact\ftsubs\mstest\kevin-montrose_Jil-8a5af0f\JilTests\bin\Debug\net452\JilTests.dll" adapterTypeName="executor://xunit/VsTestRunner2/desktop_and_uap" className="JilTests.DeserializeTests" name="JilTests.DeserializeTests.Issue25" /></UnitTest><UnitTest name="JilTests.DeserializeTests.AnonNulls" storage="c:\users\dt-impact\ftsubs\mstest\kevin-montrose_jil-8a5af0f\jiltests\bin\debug\net452\jiltests.dll" id="e79315ec-25f4-4eb8-a228-431b3a77d813"><Execution id="9e5101f0-5b02-4f56-9765-a0664252e194" /><TestMethod codeBase="C:\Users\dt-impact\ftsubs\mstest\kevin-montrose_Jil-8a5af0f\JilTests\bin\Debug\net452\JilTests.dll" adapterTypeName="executor://xunit/VsTestRunner2/desktop_and_uap" className="JilTests.DeserializeTests" name="JilTests.DeserializeTests.AnonNulls" /></UnitTest><UnitTest name="JilTests.DeserializeDynamicTests.Issue117(input: &quot;12.&quot;, expectedError: &quot;Expected digit&quot;)" storage="c:\users\dt-impact\ftsubs\mstest\kevin-montrose_jil-8a5af0f\jiltests\bin\debug\net452\jiltests.dll" id="3c23e706-e951-493e-892f-0cdf940dafd8"><Execution id="b3e4466c-b465-4086-a9b7-df2693b22587" /><TestMethod codeBase="C:\Users\dt-impact\ftsubs\mstest\kevin-montrose_Jil-8a5af0f\JilTests\bin\Debug\net452\JilTests.dll" adapterTypeName="executor://xunit/VsTestRunner2/desktop_and_uap" className="JilTests.DeserializeDynamicTests" name="JilTests.DeserializeDynamicTests.Issue117(input: &quot;12.&quot;, expectedError: &quot;Expected digit&quot;)" /></UnitTest><UnitTest name="JilTests.SerializeTests.ConditionalSerialization" storage="c:\users\dt-impact\ftsubs\mstest\kevin-montrose_jil-8a5af0f\jiltests\bin\debug\net452\jiltests.dll" id="a6b27658-b968-4532-bc66-f767cdba2c92"><Execution id="c9301696-8b67-4327-ae6a-2f49acede28f" /><TestMethod codeBase="C:\Users\dt-impact\ftsubs\mstest\kevin-montrose_Jil-8a5af0f\JilTests\bin\Debug\net452\JilTests.dll" adapterTypeName="executor://xunit/VsTestRunner2/desktop_and_uap" className="JilTests.SerializeTests" name="JilTests.SerializeTests.ConditionalSerialization" /></UnitTest><UnitTest name="JilTests.DeserializeDynamicTests.EnumMemberAttributeOverride" storage="c:\users\dt-impact\ftsubs\mstest\kevin-montrose_jil-8a5af0f\jiltests\bin\debug\net452\jiltests.dll" id="7f43ec1e-c85b-4019-bb5a-dde621132589"><Execution id="f57d9981-1a65-4e9d-a5a3-262f551c94f0" /><TestMethod codeBase="C:\Users\dt-impact\ftsubs\mstest\kevin-montrose_Jil-8a5af0f\JilTests\bin\Debug\net452\JilTests.dll" adapterTypeName="executor://xunit/VsTestRunner2/desktop_and_uap" className="JilTests.DeserializeDynamicTests" name="JilTests.DeserializeDynamicTests.EnumMemberAttributeOverride" /></UnitTest><UnitTest name="JilTests.DeserializeTests.MalformedISO8601(dateString: &quot;\&quot;1999-W00\&quot;&quot;, expectedError: &quot;Expected week to be between 01 and 53&quot;)" storage="c:\users\dt-impact\ftsubs\mstest\kevin-montrose_jil-8a5af0f\jiltests\bin\debug\net452\jiltests.dll" id="4ba79096-9df7-42a1-82c4-200bfb9500cf"><Execution id="021ea747-6ca2-47c3-a52b-57d89dac3a2d" /><TestMethod codeBase="C:\Users\dt-impact\ftsubs\mstest\kevin-montrose_Jil-8a5af0f\JilTests\bin\Debug\net452\JilTests.dll" adapterTypeName="executor://xunit/VsTestRunner2/desktop_and_uap" className="JilTests.DeserializeTests" name="JilTests.DeserializeTests.MalformedISO8601(dateString: &quot;\&quot;1999-W00\&quot;&quot;, expectedError: &quot;Expected week to be between 01 and 53&quot;)" /></UnitTest><UnitTest name="JilTests.DeserializeTests.SecondsTimeSpan" storage="c:\users\dt-impact\ftsubs\mstest\kevin-montrose_jil-8a5af0f\jiltests\bin\debug\net452\jiltests.dll" id="d049ffa0-9096-461a-9845-58d54c4e585a"><Execution id="516b517d-8759-424c-9841-688bb212c7d2" /><TestMethod codeBase="C:\Users\dt-impact\ftsubs\mstest\kevin-montrose_Jil-8a5af0f\JilTests\bin\Debug\net452\JilTests.dll" adapterTypeName="executor://xunit/VsTestRunner2/desktop_and_uap" className="JilTests.DeserializeTests" name="JilTests.DeserializeTests.SecondsTimeSpan" /></UnitTest><UnitTest name="JilTests.DeserializeTests.SeekNotSupported" storage="c:\users\dt-impact\ftsubs\mstest\kevin-montrose_jil-8a5af0f\jiltests\bin\debug\net452\jiltests.dll" id="c3292c27-420c-49b2-a7fd-50ce654d36e7"><Execution id="b89e00ee-f605-4875-8ad7-cacd4100f49a" /><TestMethod codeBase="C:\Users\dt-impact\ftsubs\mstest\kevin-montrose_Jil-8a5af0f\JilTests\bin\Debug\net452\JilTests.dll" adapterTypeName="executor://xunit/VsTestRunner2/desktop_and_uap" className="JilTests.DeserializeTests" name="JilTests.DeserializeTests.SeekNotSupported" /></UnitTest><UnitTest name="JilTests.DeserializeTests.MicrosoftDateTimesWithTimeZones" storage="c:\users\dt-impact\ftsubs\mstest\kevin-montrose_jil-8a5af0f\jiltests\bin\debug\net452\jiltests.dll" id="76f6d3c4-dbbb-49e5-bd39-ca4fe5863d8e"><Execution id="8bd01baf-0c1d-40bf-b1fe-3d3950fa3bdb" /><TestMethod codeBase="C:\Users\dt-impact\ftsubs\mstest\kevin-montrose_Jil-8a5af0f\JilTests\bin\Debug\net452\JilTests.dll" adapterTypeName="executor://xunit/VsTestRunner2/desktop_and_uap" className="JilTests.DeserializeTests" name="JilTests.DeserializeTests.MicrosoftDateTimesWithTimeZones" /></UnitTest><UnitTest name="JilTests.DynamicSerializationTests.ElasticExampleFailure" storage="c:\users\dt-impact\ftsubs\mstest\kevin-montrose_jil-8a5af0f\jiltests\bin\debug\net452\jiltests.dll" id="002f4ec9-b4fb-47a7-ba1c-a7b17edc6991"><Execution id="c3e97757-d7d5-4427-b20c-696e880edf14" /><TestMethod codeBase="C:\Users\dt-impact\ftsubs\mstest\kevin-montrose_Jil-8a5af0f\JilTests\bin\Debug\net452\JilTests.dll" adapterTypeName="executor://xunit/VsTestRunner2/desktop_and_uap" className="JilTests.DynamicSerializationTests" name="JilTests.DynamicSerializationTests.ElasticExampleFailure" /></UnitTest><UnitTest name="JilTests.SerializeTests.FlagsEnum" storage="c:\users\dt-impact\ftsubs\mstest\kevin-montrose_jil-8a5af0f\jiltests\bin\debug\net452\jiltests.dll" id="ecac3b15-0c3d-4893-b543-9342dcff69c3"><Execution id="943f67e3-6adf-4355-81cc-fa7eb8441f3f" /><TestMethod codeBase="C:\Users\dt-impact\ftsubs\mstest\kevin-montrose_Jil-8a5af0f\JilTests\bin\Debug\net452\JilTests.dll" adapterTypeName="executor://xunit/VsTestRunner2/desktop_and_uap" className="JilTests.SerializeTests" name="JilTests.SerializeTests.FlagsEnum" /></UnitTest><UnitTest name="JilTests.DeserializeDynamicTests.Issue134" storage="c:\users\dt-impact\ftsubs\mstest\kevin-montrose_jil-8a5af0f\jiltests\bin\debug\net452\jiltests.dll" id="02a64066-1f4d-4c7a-84fa-3fff1aabd5c0"><Execution id="f064cef3-bf4a-4c35-abec-fa7da9985f0f" /><TestMethod codeBase="C:\Users\dt-impact\ftsubs\mstest\kevin-montrose_Jil-8a5af0f\JilTests\bin\Debug\net452\JilTests.dll" adapterTypeName="executor://xunit/VsTestRunner2/desktop_and_uap" className="JilTests.DeserializeDynamicTests" name="JilTests.DeserializeDynamicTests.Issue134" /></UnitTest><UnitTest name="JilTests.DeserializeTests.Longs" storage="c:\users\dt-impact\ftsubs\mstest\kevin-montrose_jil-8a5af0f\jiltests\bin\debug\net452\jiltests.dll" id="57b68bc1-6ccd-4a0a-a6cf-9a7d2e1b77ce"><Execution id="17e3c2c1-13a0-466f-8314-5b5c73a6fa35" /><TestMethod codeBase="C:\Users\dt-impact\ftsubs\mstest\kevin-montrose_Jil-8a5af0f\JilTests\bin\Debug\net452\JilTests.dll" adapterTypeName="executor://xunit/VsTestRunner2/desktop_and_uap" className="JilTests.DeserializeTests" name="JilTests.DeserializeTests.Longs" /></UnitTest><UnitTest name="JilTests.DeserializeTests.ExpectedEndOfStream" storage="c:\users\dt-impact\ftsubs\mstest\kevin-montrose_jil-8a5af0f\jiltests\bin\debug\net452\jiltests.dll" id="bf611c6d-270b-4bc3-926a-865f1fc6e012"><Execution id="40150e92-f662-4f3a-aba9-27fb0773f462" /><TestMethod codeBase="C:\Users\dt-impact\ftsubs\mstest\kevin-montrose_Jil-8a5af0f\JilTests\bin\Debug\net452\JilTests.dll" adapterTypeName="executor://xunit/VsTestRunner2/desktop_and_uap" className="JilTests.DeserializeTests" name="JilTests.DeserializeTests.ExpectedEndOfStream" /></UnitTest><UnitTest name="JilTests.DeserializeTests.MissingConstructor" storage="c:\users\dt-impact\ftsubs\mstest\kevin-montrose_jil-8a5af0f\jiltests\bin\debug\net452\jiltests.dll" id="01d91bc9-2a33-4a4d-9f2e-6085575000ed"><Execution id="2f5bcdfd-d7ce-430a-b2d4-3632d2725d48" /><TestMethod codeBase="C:\Users\dt-impact\ftsubs\mstest\kevin-montrose_Jil-8a5af0f\JilTests\bin\Debug\net452\JilTests.dll" adapterTypeName="executor://xunit/VsTestRunner2/desktop_and_uap" className="JilTests.DeserializeTests" name="JilTests.DeserializeTests.MissingConstructor" /></UnitTest><UnitTest name="JilTests.DynamicSerializationTests.Issue139" storage="c:\users\dt-impact\ftsubs\mstest\kevin-montrose_jil-8a5af0f\jiltests\bin\debug\net452\jiltests.dll" id="605ea7c3-9284-41dc-a949-55f685774443"><Execution id="aa2658b0-ed77-4d3d-88be-3cca2d8bfea7" /><TestMethod codeBase="C:\Users\dt-impact\ftsubs\mstest\kevin-montrose_Jil-8a5af0f\JilTests\bin\Debug\net452\JilTests.dll" adapterTypeName="executor://xunit/VsTestRunner2/desktop_and_uap" className="JilTests.DynamicSerializationTests" name="JilTests.DynamicSerializationTests.Issue139" /></UnitTest><UnitTest name="JilTests.DeserializeTests.ISets" storage="c:\users\dt-impact\ftsubs\mstest\kevin-montrose_jil-8a5af0f\jiltests\bin\debug\net452\jiltests.dll" id="bce4795b-873f-4ed9-8e82-938e6ad59ac0"><Execution id="d7f2d90f-6ad8-49ef-8d9a-1ffdc33d17a4" /><TestMethod codeBase="C:\Users\dt-impact\ftsubs\mstest\kevin-montrose_Jil-8a5af0f\JilTests\bin\Debug\net452\JilTests.dll" adapterTypeName="executor://xunit/VsTestRunner2/desktop_and_uap" className="JilTests.DeserializeTests" name="JilTests.DeserializeTests.ISets" /></UnitTest><UnitTest name="JilTests.DeserializeTests.NullEmptyMembers" storage="c:\users\dt-impact\ftsubs\mstest\kevin-montrose_jil-8a5af0f\jiltests\bin\debug\net452\jiltests.dll" id="747b9026-a2ea-481e-8270-0d50e8787d44"><Execution id="f71b6b24-cb1a-43dc-afa1-c6716b139c4c" /><TestMethod codeBase="C:\Users\dt-impact\ftsubs\mstest\kevin-montrose_Jil-8a5af0f\JilTests\bin\Debug\net452\JilTests.dll" adapterTypeName="executor://xunit/VsTestRunner2/desktop_and_uap" className="JilTests.DeserializeTests" name="JilTests.DeserializeTests.NullEmptyMembers" /></UnitTest><UnitTest name="JilTests.DeserializeTests.DictionaryNumberKeys" storage="c:\users\dt-impact\ftsubs\mstest\kevin-montrose_jil-8a5af0f\jiltests\bin\debug\net452\jiltests.dll" id="592c1b3e-00c6-430b-bd31-fe5c7540f398"><Execution id="cb74c02e-dc0a-4299-94bf-64d6d71c31db" /><TestMethod codeBase="C:\Users\dt-impact\ftsubs\mstest\kevin-montrose_Jil-8a5af0f\JilTests\bin\Debug\net452\JilTests.dll" adapterTypeName="executor://xunit/VsTestRunner2/desktop_and_uap" className="JilTests.DeserializeTests" name="JilTests.DeserializeTests.DictionaryNumberKeys" /></UnitTest><UnitTest name="JilTests.DeserializeTests.BadFloat(input: &quot;1.2.3.4.5.6&quot;, expectedSnippetAfter: &quot;.3.4.5.6&quot;)" storage="c:\users\dt-impact\ftsubs\mstest\kevin-montrose_jil-8a5af0f\jiltests\bin\debug\net452\jiltests.dll" id="329ad279-f397-49af-8211-0b56d1340d26"><Execution id="c07d91be-04b4-43a1-a0f0-1fdb1ca8d81f" /><TestMethod codeBase="C:\Users\dt-impact\ftsubs\mstest\kevin-montrose_Jil-8a5af0f\JilTests\bin\Debug\net452\JilTests.dll" adapterTypeName="executor://xunit/VsTestRunner2/desktop_and_uap" className="JilTests.DeserializeTests" name="JilTests.DeserializeTests.BadFloat(input: &quot;1.2.3.4.5.6&quot;, expectedSnippetAfter: &quot;.3.4.5.6&quot;)" /></UnitTest><UnitTest name="JilTests.DeserializeTests.SimpleDiscriminateUnion" storage="c:\users\dt-impact\ftsubs\mstest\kevin-montrose_jil-8a5af0f\jiltests\bin\debug\net452\jiltests.dll" id="94a5c7df-a6d3-48fc-8b83-748e43be111e"><Execution id="c6804d87-d215-4b57-8045-2904d8f27490" /><TestMethod codeBase="C:\Users\dt-impact\ftsubs\mstest\kevin-montrose_Jil-8a5af0f\JilTests\bin\Debug\net452\JilTests.dll" adapterTypeName="executor://xunit/VsTestRunner2/desktop_and_uap" className="JilTests.DeserializeTests" name="JilTests.DeserializeTests.SimpleDiscriminateUnion" /></UnitTest><UnitTest name="JilTests.SerializeTests.OddNullRef" storage="c:\users\dt-impact\ftsubs\mstest\kevin-montrose_jil-8a5af0f\jiltests\bin\debug\net452\jiltests.dll" id="babea95e-1b6f-4e87-8ca6-af26040e2093"><Execution id="67bdff99-a228-4fb4-96b8-3e6be8a26a34" /><TestMethod codeBase="C:\Users\dt-impact\ftsubs\mstest\kevin-montrose_Jil-8a5af0f\JilTests\bin\Debug\net452\JilTests.dll" adapterTypeName="executor://xunit/VsTestRunner2/desktop_and_uap" className="JilTests.SerializeTests" name="JilTests.SerializeTests.OddNullRef" /></UnitTest><UnitTest name="JilTests.DeserializeTests.BadDecimal(input: &quot;1.2E++10&quot;, expectedSnippetAfter: &quot;+10&quot;)" storage="c:\users\dt-impact\ftsubs\mstest\kevin-montrose_jil-8a5af0f\jiltests\bin\debug\net452\jiltests.dll" id="7f2aa7b9-d04d-466a-82ce-d7896bba4975"><Execution id="1263c966-8fb2-40cf-a719-650cce4881e2" /><TestMethod codeBase="C:\Users\dt-impact\ftsubs\mstest\kevin-montrose_Jil-8a5af0f\JilTests\bin\Debug\net452\JilTests.dll" adapterTypeName="executor://xunit/VsTestRunner2/desktop_and_uap" className="JilTests.DeserializeTests" name="JilTests.DeserializeTests.BadDecimal(input: &quot;1.2E++10&quot;, expectedSnippetAfter: &quot;+10&quot;)" /></UnitTest><UnitTest name="JilTests.SerializeTests.ConvertEnumsToPrimitives" storage="c:\users\dt-impact\ftsubs\mstest\kevin-montrose_jil-8a5af0f\jiltests\bin\debug\net452\jiltests.dll" id="a484a885-72cc-48b9-976e-bb1d5581a3e3"><Execution id="4779806b-863e-4a2c-b051-74281d74c1d8" /><TestMethod codeBase="C:\Users\dt-impact\ftsubs\mstest\kevin-montrose_Jil-8a5af0f\JilTests\bin\Debug\net452\JilTests.dll" adapterTypeName="executor://xunit/VsTestRunner2/desktop_and_uap" className="JilTests.SerializeTests" name="JilTests.SerializeTests.ConvertEnumsToPrimitives" /></UnitTest><UnitTest name="JilTests.DeserializeTests.MillisecondDateTimes" storage="c:\users\dt-impact\ftsubs\mstest\kevin-montrose_jil-8a5af0f\jiltests\bin\debug\net452\jiltests.dll" id="f6d133df-bf9d-4885-8b22-db43ef676277"><Execution id="39488bf8-48d4-4820-986b-014026d4ab03" /><TestMethod codeBase="C:\Users\dt-impact\ftsubs\mstest\kevin-montrose_Jil-8a5af0f\JilTests\bin\Debug\net452\JilTests.dll" adapterTypeName="executor://xunit/VsTestRunner2/desktop_and_uap" className="JilTests.DeserializeTests" name="JilTests.DeserializeTests.MillisecondDateTimes" /></UnitTest><UnitTest name="JilTests.DeserializeTests.UnionMisconfigured" storage="c:\users\dt-impact\ftsubs\mstest\kevin-montrose_jil-8a5af0f\jiltests\bin\debug\net452\jiltests.dll" id="4f2a03d0-ca2e-414e-9a8a-7208daf8da72"><Execution id="3e5108bc-48a5-4bc0-a67a-2b81e4cce6dd" /><TestMethod codeBase="C:\Users\dt-impact\ftsubs\mstest\kevin-montrose_Jil-8a5af0f\JilTests\bin\Debug\net452\JilTests.dll" adapterTypeName="executor://xunit/VsTestRunner2/desktop_and_uap" className="JilTests.DeserializeTests" name="JilTests.DeserializeTests.UnionMisconfigured" /></UnitTest><UnitTest name="JilTests.SerializeTests.DataMemberName" storage="c:\users\dt-impact\ftsubs\mstest\kevin-montrose_jil-8a5af0f\jiltests\bin\debug\net452\jiltests.dll" id="7214bb37-a8fc-4976-b818-80c0c41a3cd6"><Execution id="d2f0362b-db2d-428f-b3df-9edf3571e2b4" /><TestMethod codeBase="C:\Users\dt-impact\ftsubs\mstest\kevin-montrose_Jil-8a5af0f\JilTests\bin\Debug\net452\JilTests.dll" adapterTypeName="executor://xunit/VsTestRunner2/desktop_and_uap" className="JilTests.SerializeTests" name="JilTests.SerializeTests.DataMemberName" /></UnitTest><UnitTest name="JilTests.DeserializeTests.Issue117_ULong" storage="c:\users\dt-impact\ftsubs\mstest\kevin-montrose_jil-8a5af0f\jiltests\bin\debug\net452\jiltests.dll" id="e86a5011-b757-486e-be5b-2efdc1e2e6d0"><Execution id="2d9e9a6f-b486-4a7b-bab2-5c042ac84c7c" /><TestMethod codeBase="C:\Users\dt-impact\ftsubs\mstest\kevin-montrose_Jil-8a5af0f\JilTests\bin\Debug\net452\JilTests.dll" adapterTypeName="executor://xunit/VsTestRunner2/desktop_and_uap" className="JilTests.DeserializeTests" name="JilTests.DeserializeTests.Issue117_ULong" /></UnitTest><UnitTest name="JilTests.DeserializeDynamicTests.Issue117(input: &quot;-01&quot;, expectedError: &quot;Number cannot have leading zeros&quot;)" storage="c:\users\dt-impact\ftsubs\mstest\kevin-montrose_jil-8a5af0f\jiltests\bin\debug\net452\jiltests.dll" id="ebaf8643-268b-4b1f-8154-b084e38e5f58"><Execution id="e658976a-990d-4c88-a763-3f1e11ca302a" /><TestMethod codeBase="C:\Users\dt-impact\ftsubs\mstest\kevin-montrose_Jil-8a5af0f\JilTests\bin\Debug\net452\JilTests.dll" adapterTypeName="executor://xunit/VsTestRunner2/desktop_and_uap" className="JilTests.DeserializeDynamicTests" name="JilTests.DeserializeDynamicTests.Issue117(input: &quot;-01&quot;, expectedError: &quot;Number cannot have leading zeros&quot;)" /></UnitTest><UnitTest name="JilTests.DeserializeTests.MalformedISO8601(dateString: &quot;\&quot;1999-W1\&quot;&quot;, expectedError: &quot;Unexpected date string length&quot;)" storage="c:\users\dt-impact\ftsubs\mstest\kevin-montrose_jil-8a5af0f\jiltests\bin\debug\net452\jiltests.dll" id="b94751fd-f46e-4b9a-8e00-891a6f320d7d"><Execution id="57331bf3-2c3f-4db0-8d18-0ceffaf81990" /><TestMethod codeBase="C:\Users\dt-impact\ftsubs\mstest\kevin-montrose_Jil-8a5af0f\JilTests\bin\Debug\net452\JilTests.dll" adapterTypeName="executor://xunit/VsTestRunner2/desktop_and_uap" className="JilTests.DeserializeTests" name="JilTests.DeserializeTests.MalformedISO8601(dateString: &quot;\&quot;1999-W1\&quot;&quot;, expectedError: &quot;Unexpected date string length&quot;)" /></UnitTest><UnitTest name="JilTests.SerializeTests.BadUnions" storage="c:\users\dt-impact\ftsubs\mstest\kevin-montrose_jil-8a5af0f\jiltests\bin\debug\net452\jiltests.dll" id="9fc378bb-53c2-466a-9110-f198ee8108af"><Execution id="21ef4cb4-705f-45de-9618-3a7b7fda8849" /><TestMethod codeBase="C:\Users\dt-impact\ftsubs\mstest\kevin-montrose_Jil-8a5af0f\JilTests\bin\Debug\net452\JilTests.dll" adapterTypeName="executor://xunit/VsTestRunner2/desktop_and_uap" className="JilTests.SerializeTests" name="JilTests.SerializeTests.BadUnions" /></UnitTest><UnitTest name="JilTests.SerializeTests.Properties" storage="c:\users\dt-impact\ftsubs\mstest\kevin-montrose_jil-8a5af0f\jiltests\bin\debug\net452\jiltests.dll" id="be56b37a-f465-4c36-b490-01dfe3abe991"><Execution id="227bd306-8613-45e8-bd42-6ca13b864848" /><TestMethod codeBase="C:\Users\dt-impact\ftsubs\mstest\kevin-montrose_Jil-8a5af0f\JilTests\bin\Debug\net452\JilTests.dll" adapterTypeName="executor://xunit/VsTestRunner2/desktop_and_uap" className="JilTests.SerializeTests" name="JilTests.SerializeTests.Properties" /></UnitTest><UnitTest name="JilTests.SerializeTests.EnumMemberAttributeOverrideWithNoneFlags" storage="c:\users\dt-impact\ftsubs\mstest\kevin-montrose_jil-8a5af0f\jiltests\bin\debug\net452\jiltests.dll" id="5187a399-b1db-4718-be61-f2a3c033eb30"><Execution id="952f0578-3bc2-4f1b-a701-5d04ab68e251" /><TestMethod codeBase="C:\Users\dt-impact\ftsubs\mstest\kevin-montrose_Jil-8a5af0f\JilTests\bin\Debug\net452\JilTests.dll" adapterTypeName="executor://xunit/VsTestRunner2/desktop_and_uap" className="JilTests.SerializeTests" name="JilTests.SerializeTests.EnumMemberAttributeOverrideWithNoneFlags" /></UnitTest><UnitTest name="JilTests.DynamicSerializationTests.ISO8601DateTimeOffsetSelfRoundtrip" storage="c:\users\dt-impact\ftsubs\mstest\kevin-montrose_jil-8a5af0f\jiltests\bin\debug\net452\jiltests.dll" id="e845cca4-cde6-4cdb-b919-574111e5176f"><Execution id="88090b16-d072-4f35-8076-b1de09d08770" /><TestMethod codeBase="C:\Users\dt-impact\ftsubs\mstest\kevin-montrose_Jil-8a5af0f\JilTests\bin\Debug\net452\JilTests.dll" adapterTypeName="executor://xunit/VsTestRunner2/desktop_and_uap" className="JilTests.DynamicSerializationTests" name="JilTests.DynamicSerializationTests.ISO8601DateTimeOffsetSelfRoundtrip" /></UnitTest><UnitTest name="JilTests.DeserializeDynamicTests.LongDateTimes" storage="c:\users\dt-impact\ftsubs\mstest\kevin-montrose_jil-8a5af0f\jiltests\bin\debug\net452\jiltests.dll" id="fd58a417-9b4a-4312-aeca-2feeefe57c69"><Execution id="2c7a2a22-2887-4937-8d19-9ba51c5b09fd" /><TestMethod codeBase="C:\Users\dt-impact\ftsubs\mstest\kevin-montrose_Jil-8a5af0f\JilTests\bin\Debug\net452\JilTests.dll" adapterTypeName="executor://xunit/VsTestRunner2/desktop_and_uap" className="JilTests.DeserializeDynamicTests" name="JilTests.DeserializeDynamicTests.LongDateTimes" /></UnitTest><UnitTest name="JilTests.DeserializeTests.MultipleNullableDiscriminantUnion" storage="c:\users\dt-impact\ftsubs\mstest\kevin-montrose_jil-8a5af0f\jiltests\bin\debug\net452\jiltests.dll" id="316bc4fc-e4b6-44fd-8676-a86c4a707db8"><Execution id="17fa0a62-d94a-45d1-aaea-f6ccfef7e952" /><TestMethod codeBase="C:\Users\dt-impact\ftsubs\mstest\kevin-montrose_Jil-8a5af0f\JilTests\bin\Debug\net452\JilTests.dll" adapterTypeName="executor://xunit/VsTestRunner2/desktop_and_uap" className="JilTests.DeserializeTests" name="JilTests.DeserializeTests.MultipleNullableDiscriminantUnion" /></UnitTest><UnitTest name="JilTests.DeserializeTests.MalformedISO8601(dateString: &quot;\&quot;1900-01-01+00:30\&quot;&quot;, expectedError: &quot;Unexpected date string length&quot;)" storage="c:\users\dt-impact\ftsubs\mstest\kevin-montrose_jil-8a5af0f\jiltests\bin\debug\net452\jiltests.dll" id="70a71413-b203-43a2-b95d-bf1e903057e9"><Execution id="7a9cde17-5eaf-412f-8de0-dff98cb6ca74" /><TestMethod codeBase="C:\Users\dt-impact\ftsubs\mstest\kevin-montrose_Jil-8a5af0f\JilTests\bin\Debug\net452\JilTests.dll" adapterTypeName="executor://xunit/VsTestRunner2/desktop_and_uap" className="JilTests.DeserializeTests" name="JilTests.DeserializeTests.MalformedISO8601(dateString: &quot;\&quot;1900-01-01+00:30\&quot;&quot;, expectedError: &quot;Unexpected date string length&quot;)" /></UnitTest><UnitTest name="JilTests.SerializeTests.BadDictionaryType" storage="c:\users\dt-impact\ftsubs\mstest\kevin-montrose_jil-8a5af0f\jiltests\bin\debug\net452\jiltests.dll" id="fb1f9c3a-e359-40c7-af31-bdc9d8339494"><Execution id="7104e381-1887-4afd-8de1-04aa573474b6" /><TestMethod codeBase="C:\Users\dt-impact\ftsubs\mstest\kevin-montrose_Jil-8a5af0f\JilTests\bin\Debug\net452\JilTests.dll" adapterTypeName="executor://xunit/VsTestRunner2/desktop_and_uap" className="JilTests.SerializeTests" name="JilTests.SerializeTests.BadDictionaryType" /></UnitTest><UnitTest name="JilTests.DeserializeTests.BadDouble(input: &quot;1.2E10E10&quot;, expectedSnippetAfter: &quot;E10&quot;)" storage="c:\users\dt-impact\ftsubs\mstest\kevin-montrose_jil-8a5af0f\jiltests\bin\debug\net452\jiltests.dll" id="90fc52fb-45f8-4710-b3e8-5c8778639e30"><Execution id="691757a1-1666-46d3-bbdd-ced66f46a117" /><TestMethod codeBase="C:\Users\dt-impact\ftsubs\mstest\kevin-montrose_Jil-8a5af0f\JilTests\bin\Debug\net452\JilTests.dll" adapterTypeName="executor://xunit/VsTestRunner2/desktop_and_uap" className="JilTests.DeserializeTests" name="JilTests.DeserializeTests.BadDouble(input: &quot;1.2E10E10&quot;, expectedSnippetAfter: &quot;E10&quot;)" /></UnitTest><UnitTest name="JilTests.DeserializeTests.RecursiveObjects" storage="c:\users\dt-impact\ftsubs\mstest\kevin-montrose_jil-8a5af0f\jiltests\bin\debug\net452\jiltests.dll" id="58ff4eeb-8e38-4fdc-827a-f5bf4b9ae57d"><Execution id="849d4c7b-91e6-49fc-bce5-c28a6b6efe5b" /><TestMethod codeBase="C:\Users\dt-impact\ftsubs\mstest\kevin-montrose_Jil-8a5af0f\JilTests\bin\Debug\net452\JilTests.dll" adapterTypeName="executor://xunit/VsTestRunner2/desktop_and_uap" className="JilTests.DeserializeTests" name="JilTests.DeserializeTests.RecursiveObjects" /></UnitTest><UnitTest name="JilTests.SerializeTests.ISODateTimes" storage="c:\users\dt-impact\ftsubs\mstest\kevin-montrose_jil-8a5af0f\jiltests\bin\debug\net452\jiltests.dll" id="9a33c0e6-38a0-42ac-b80b-585995e70523"><Execution id="2684d966-a350-448d-b3c9-14559c03c171" /><TestMethod codeBase="C:\Users\dt-impact\ftsubs\mstest\kevin-montrose_Jil-8a5af0f\JilTests\bin\Debug\net452\JilTests.dll" adapterTypeName="executor://xunit/VsTestRunner2/desktop_and_uap" className="JilTests.SerializeTests" name="JilTests.SerializeTests.ISODateTimes" /></UnitTest><UnitTest name="JilTests.DeserializeDynamicTests.SignedSmallNumberTests" storage="c:\users\dt-impact\ftsubs\mstest\kevin-montrose_jil-8a5af0f\jiltests\bin\debug\net452\jiltests.dll" id="3c6a1504-671e-4bd5-9919-3aa961d95eb5"><Execution id="901f5fc1-3f02-4c47-a2a3-9be83973f74b" /><TestMethod codeBase="C:\Users\dt-impact\ftsubs\mstest\kevin-montrose_Jil-8a5af0f\JilTests\bin\Debug\net452\JilTests.dll" adapterTypeName="executor://xunit/VsTestRunner2/desktop_and_uap" className="JilTests.DeserializeDynamicTests" name="JilTests.DeserializeDynamicTests.SignedSmallNumberTests" /></UnitTest><UnitTest name="JilTests.DeserializeTests.EmptyArrayWithSpace" storage="c:\users\dt-impact\ftsubs\mstest\kevin-montrose_jil-8a5af0f\jiltests\bin\debug\net452\jiltests.dll" id="80e2cf68-53c5-4c38-bd51-536aa98d9cc7"><Execution id="fdc431d0-7ecc-4851-bee3-0c14ba8d1388" /><TestMethod codeBase="C:\Users\dt-impact\ftsubs\mstest\kevin-montrose_Jil-8a5af0f\JilTests\bin\Debug\net452\JilTests.dll" adapterTypeName="executor://xunit/VsTestRunner2/desktop_and_uap" className="JilTests.DeserializeTests" name="JilTests.DeserializeTests.EmptyArrayWithSpace" /></UnitTest><UnitTest name="JilTests.DeserializeTests.ISO8601TimeSpan_YearsMonth" storage="c:\users\dt-impact\ftsubs\mstest\kevin-montrose_jil-8a5af0f\jiltests\bin\debug\net452\jiltests.dll" id="3630bf20-1f48-4f45-b4de-a043cab6fe9a"><Execution id="37bd928f-a2b9-4572-a123-cf9f0243dfee" /><TestMethod codeBase="C:\Users\dt-impact\ftsubs\mstest\kevin-montrose_Jil-8a5af0f\JilTests\bin\Debug\net452\JilTests.dll" adapterTypeName="executor://xunit/VsTestRunner2/desktop_and_uap" className="JilTests.DeserializeTests" name="JilTests.DeserializeTests.ISO8601TimeSpan_YearsMonth" /></UnitTest><UnitTest name="JilTests.SerializeTests.Issue275" storage="c:\users\dt-impact\ftsubs\mstest\kevin-montrose_jil-8a5af0f\jiltests\bin\debug\net452\jiltests.dll" id="fcd24897-9bf9-4774-b008-3c4cbe8638d3"><Execution id="b201c6b1-0f3c-4320-ab5e-4504981fe217" /><TestMethod codeBase="C:\Users\dt-impact\ftsubs\mstest\kevin-montrose_Jil-8a5af0f\JilTests\bin\Debug\net452\JilTests.dll" adapterTypeName="executor://xunit/VsTestRunner2/desktop_and_uap" className="JilTests.SerializeTests" name="JilTests.SerializeTests.Issue275" /></UnitTest><UnitTest name="JilTests.DeserializeTests.Issue117_Short" storage="c:\users\dt-impact\ftsubs\mstest\kevin-montrose_jil-8a5af0f\jiltests\bin\debug\net452\jiltests.dll" id="ec5a815f-20db-4dd9-a71c-5d89168af70c"><Execution id="a9721ddf-5bbf-4537-b588-dbb84916b3bd" /><TestMethod codeBase="C:\Users\dt-impact\ftsubs\mstest\kevin-montrose_Jil-8a5af0f\JilTests\bin\Debug\net452\JilTests.dll" adapterTypeName="executor://xunit/VsTestRunner2/desktop_and_uap" className="JilTests.DeserializeTests" name="JilTests.DeserializeTests.Issue117_Short" /></UnitTest><UnitTest name="JilTests.DeserializeDynamicTests.Issue117(input: &quot;001&quot;, expectedError: &quot;Number cannot have leading zeros&quot;)" storage="c:\users\dt-impact\ftsubs\mstest\kevin-montrose_jil-8a5af0f\jiltests\bin\debug\net452\jiltests.dll" id="1c075023-ce3d-4e4d-ab51-b0c03ac6beb3"><Execution id="b69b34ab-9d56-496f-808a-89b0082a8525" /><TestMethod codeBase="C:\Users\dt-impact\ftsubs\mstest\kevin-montrose_Jil-8a5af0f\JilTests\bin\Debug\net452\JilTests.dll" adapterTypeName="executor://xunit/VsTestRunner2/desktop_and_uap" className="JilTests.DeserializeDynamicTests" name="JilTests.DeserializeDynamicTests.Issue117(input: &quot;001&quot;, expectedError: &quot;Number cannot have leading zeros&quot;)" /></UnitTest><UnitTest name="JilTests.DeserializeTests.Decimals" storage="c:\users\dt-impact\ftsubs\mstest\kevin-montrose_jil-8a5af0f\jiltests\bin\debug\net452\jiltests.dll" id="b54acb21-937b-4a30-b168-117e36c3004c"><Execution id="5654390c-e00c-4269-baa6-2d86e9f24942" /><TestMethod codeBase="C:\Users\dt-impact\ftsubs\mstest\kevin-montrose_Jil-8a5af0f\JilTests\bin\Debug\net452\JilTests.dll" adapterTypeName="executor://xunit/VsTestRunner2/desktop_and_uap" className="JilTests.DeserializeTests" name="JilTests.DeserializeTests.Decimals" /></UnitTest><UnitTest name="JilTests.DeserializeDynamicTests.LessThan" storage="c:\users\dt-impact\ftsubs\mstest\kevin-montrose_jil-8a5af0f\jiltests\bin\debug\net452\jiltests.dll" id="9901c48c-3b2e-45a8-9e1a-4f0c91282517"><Execution id="6c076e02-6494-409b-89ba-d0b27be7b962" /><TestMethod codeBase="C:\Users\dt-impact\ftsubs\mstest\kevin-montrose_Jil-8a5af0f\JilTests\bin\Debug\net452\JilTests.dll" adapterTypeName="executor://xunit/VsTestRunner2/desktop_and_uap" className="JilTests.DeserializeDynamicTests" name="JilTests.DeserializeDynamicTests.LessThan" /></UnitTest><UnitTest name="JilTests.DeserializeTests.Issue235" storage="c:\users\dt-impact\ftsubs\mstest\kevin-montrose_jil-8a5af0f\jiltests\bin\debug\net452\jiltests.dll" id="00a4545e-52bb-4afa-8096-52cbf90b919b"><Execution id="8dd128f8-e1dc-4ce2-8bec-4fbfa1dcd219" /><TestMethod codeBase="C:\Users\dt-impact\ftsubs\mstest\kevin-montrose_Jil-8a5af0f\JilTests\bin\Debug\net452\JilTests.dll" adapterTypeName="executor://xunit/VsTestRunner2/desktop_and_uap" className="JilTests.DeserializeTests" name="JilTests.DeserializeTests.Issue235" /></UnitTest><UnitTest name="JilTests.DeserializeTests.Issue143DateTimeOffset" storage="c:\users\dt-impact\ftsubs\mstest\kevin-montrose_jil-8a5af0f\jiltests\bin\debug\net452\jiltests.dll" id="bea7cd04-8431-4cd7-bda2-415c2f840974"><Execution id="7db3bd35-7dc1-4b83-8243-29e6740973e1" /><TestMethod codeBase="C:\Users\dt-impact\ftsubs\mstest\kevin-montrose_Jil-8a5af0f\JilTests\bin\Debug\net452\JilTests.dll" adapterTypeName="executor://xunit/VsTestRunner2/desktop_and_uap" className="JilTests.DeserializeTests" name="JilTests.DeserializeTests.Issue143DateTimeOffset" /></UnitTest><UnitTest name="JilTests.SerializeTests.Enumerables" storage="c:\users\dt-impact\ftsubs\mstest\kevin-montrose_jil-8a5af0f\jiltests\bin\debug\net452\jiltests.dll" id="a3892e76-9b8b-4ce7-b1e3-d8485af671f5"><Execution id="3318a5fd-452a-4a57-ac4b-3b0148c32906" /><TestMethod codeBase="C:\Users\dt-impact\ftsubs\mstest\kevin-montrose_Jil-8a5af0f\JilTests\bin\Debug\net452\JilTests.dll" adapterTypeName="executor://xunit/VsTestRunner2/desktop_and_uap" className="JilTests.SerializeTests" name="JilTests.SerializeTests.Enumerables" /></UnitTest><UnitTest name="JilTests.DeserializeTests.Zeros" storage="c:\users\dt-impact\ftsubs\mstest\kevin-montrose_jil-8a5af0f\jiltests\bin\debug\net452\jiltests.dll" id="bb077bb9-d3d0-4ac2-aff7-5f8b74eb3d79"><Execution id="d11bde65-5cfd-4a4d-b8c9-cac912b48bc5" /><TestMethod codeBase="C:\Users\dt-impact\ftsubs\mstest\kevin-montrose_Jil-8a5af0f\JilTests\bin\Debug\net452\JilTests.dll" adapterTypeName="executor://xunit/VsTestRunner2/desktop_and_uap" className="JilTests.DeserializeTests" name="JilTests.DeserializeTests.Zeros" /></UnitTest><UnitTest name="JilTests.SerializeTests.NullablePrimitives" storage="c:\users\dt-impact\ftsubs\mstest\kevin-montrose_jil-8a5af0f\jiltests\bin\debug\net452\jiltests.dll" id="001b0c6f-3e46-418d-b9fd-e04ecda19b6a"><Execution id="83cd4564-bd1a-406f-8569-d8d0dcee6829" /><TestMethod codeBase="C:\Users\dt-impact\ftsubs\mstest\kevin-montrose_Jil-8a5af0f\JilTests\bin\Debug\net452\JilTests.dll" adapterTypeName="executor://xunit/VsTestRunner2/desktop_and_uap" className="JilTests.SerializeTests" name="JilTests.SerializeTests.NullablePrimitives" /></UnitTest><UnitTest name="JilTests.SerializeTests.Issue258" storage="c:\users\dt-impact\ftsubs\mstest\kevin-montrose_jil-8a5af0f\jiltests\bin\debug\net452\jiltests.dll" id="0f968669-9f80-4cd2-a518-27e1aa1d7e49"><Execution id="a37a91a4-0892-4259-a46e-8463ff7a97c7" /><TestMethod codeBase="C:\Users\dt-impact\ftsubs\mstest\kevin-montrose_Jil-8a5af0f\JilTests\bin\Debug\net452\JilTests.dll" adapterTypeName="executor://xunit/VsTestRunner2/desktop_and_uap" className="JilTests.SerializeTests" name="JilTests.SerializeTests.Issue258" /></UnitTest><UnitTest name="JilTests.DeserializeDynamicTests.EnumMemberAttributeOverrideFlags" storage="c:\users\dt-impact\ftsubs\mstest\kevin-montrose_jil-8a5af0f\jiltests\bin\debug\net452\jiltests.dll" id="8a970fc0-b2ee-4f9c-99e0-ac8b907d3de7"><Execution id="5b087601-8d2a-4651-9f32-793cb39d1464" /><TestMethod codeBase="C:\Users\dt-impact\ftsubs\mstest\kevin-montrose_Jil-8a5af0f\JilTests\bin\Debug\net452\JilTests.dll" adapterTypeName="executor://xunit/VsTestRunner2/desktop_and_uap" className="JilTests.DeserializeDynamicTests" name="JilTests.DeserializeDynamicTests.EnumMemberAttributeOverrideFlags" /></UnitTest><UnitTest name="JilTests.DeserializeDynamicTests.Issue143DateTimeOffset" storage="c:\users\dt-impact\ftsubs\mstest\kevin-montrose_jil-8a5af0f\jiltests\bin\debug\net452\jiltests.dll" id="a5134351-8566-486f-a0a4-dc0447f6a136"><Execution id="3fb4864d-ee8d-49e5-aef4-242d311642ad" /><TestMethod codeBase="C:\Users\dt-impact\ftsubs\mstest\kevin-montrose_Jil-8a5af0f\JilTests\bin\Debug\net452\JilTests.dll" adapterTypeName="executor://xunit/VsTestRunner2/desktop_and_uap" className="JilTests.DeserializeDynamicTests" name="JilTests.DeserializeDynamicTests.Issue143DateTimeOffset" /></UnitTest><UnitTest name="JilTests.DeserializeTests.EmptyMembers" storage="c:\users\dt-impact\ftsubs\mstest\kevin-montrose_jil-8a5af0f\jiltests\bin\debug\net452\jiltests.dll" id="2e770ece-25e0-49c3-b319-2bc86da0eb3a"><Execution id="0b82c2a9-4c95-4697-a555-9e2ae1741e00" /><TestMethod codeBase="C:\Users\dt-impact\ftsubs\mstest\kevin-montrose_Jil-8a5af0f\JilTests\bin\Debug\net452\JilTests.dll" adapterTypeName="executor://xunit/VsTestRunner2/desktop_and_uap" className="JilTests.DeserializeTests" name="JilTests.DeserializeTests.EmptyMembers" /></UnitTest><UnitTest name="JilTests.DeserializeTests.BadFloat(input: &quot;1.2E++10&quot;, expectedSnippetAfter: &quot;+10&quot;)" storage="c:\users\dt-impact\ftsubs\mstest\kevin-montrose_jil-8a5af0f\jiltests\bin\debug\net452\jiltests.dll" id="17059102-fa0f-42f6-ac3e-d724b882437a"><Execution id="cbfebb24-c3d3-4afe-a1bf-5de4e410899c" /><TestMethod codeBase="C:\Users\dt-impact\ftsubs\mstest\kevin-montrose_Jil-8a5af0f\JilTests\bin\Debug\net452\JilTests.dll" adapterTypeName="executor://xunit/VsTestRunner2/desktop_and_uap" className="JilTests.DeserializeTests" name="JilTests.DeserializeTests.BadFloat(input: &quot;1.2E++10&quot;, expectedSnippetAfter: &quot;+10&quot;)" /></UnitTest><UnitTest name="JilTests.DeserializeTests.Interface" storage="c:\users\dt-impact\ftsubs\mstest\kevin-montrose_jil-8a5af0f\jiltests\bin\debug\net452\jiltests.dll" id="3ba0f484-77fb-40d9-a42a-1b75023eeb43"><Execution id="f332471f-4b93-47bf-8694-ec545c5a24ac" /><TestMethod codeBase="C:\Users\dt-impact\ftsubs\mstest\kevin-montrose_Jil-8a5af0f\JilTests\bin\Debug\net452\JilTests.dll" adapterTypeName="executor://xunit/VsTestRunner2/desktop_and_uap" className="JilTests.DeserializeTests" name="JilTests.DeserializeTests.Interface" /></UnitTest><UnitTest name="JilTests.DeserializeTests.DynamicMembers" storage="c:\users\dt-impact\ftsubs\mstest\kevin-montrose_jil-8a5af0f\jiltests\bin\debug\net452\jiltests.dll" id="e4831e3b-a90a-45b0-a1c1-0f51af8ed7d8"><Execution id="2f47a9fe-5f99-46dc-a25e-8f5e73e4af7b" /><TestMethod codeBase="C:\Users\dt-impact\ftsubs\mstest\kevin-montrose_Jil-8a5af0f\JilTests\bin\Debug\net452\JilTests.dll" adapterTypeName="executor://xunit/VsTestRunner2/desktop_and_uap" className="JilTests.DeserializeTests" name="JilTests.DeserializeTests.DynamicMembers" /></UnitTest><UnitTest name="JilTests.DeserializeTests.BadPrimitiveWrapper" storage="c:\users\dt-impact\ftsubs\mstest\kevin-montrose_jil-8a5af0f\jiltests\bin\debug\net452\jiltests.dll" id="37a74254-e9f9-4528-88e9-183c8c7f45ed"><Execution id="3f0807cf-d2e5-4722-93c1-bb3207ca1bcb" /><TestMethod codeBase="C:\Users\dt-impact\ftsubs\mstest\kevin-montrose_Jil-8a5af0f\JilTests\bin\Debug\net452\JilTests.dll" adapterTypeName="executor://xunit/VsTestRunner2/desktop_and_uap" className="JilTests.DeserializeTests" name="JilTests.DeserializeTests.BadPrimitiveWrapper" /></UnitTest><UnitTest name="JilTests.SerializeTests.Issue53" storage="c:\users\dt-impact\ftsubs\mstest\kevin-montrose_jil-8a5af0f\jiltests\bin\debug\net452\jiltests.dll" id="d9ef2d93-bcfc-495d-999a-a12c2e785f05"><Execution id="74ff906b-e9b6-4bcf-bf96-599fd55b3929" /><TestMethod codeBase="C:\Users\dt-impact\ftsubs\mstest\kevin-montrose_Jil-8a5af0f\JilTests\bin\Debug\net452\JilTests.dll" adapterTypeName="executor://xunit/VsTestRunner2/desktop_and_uap" className="JilTests.SerializeTests" name="JilTests.SerializeTests.Issue53" /></UnitTest><UnitTest name="JilTests.SerializeTests.Issue101" storage="c:\users\dt-impact\ftsubs\mstest\kevin-montrose_jil-8a5af0f\jiltests\bin\debug\net452\jiltests.dll" id="6e00b463-6657-4d44-afba-c295c318eed9"><Execution id="18313c7c-7782-47b0-9fad-2c27dcf0d36b" /><TestMethod codeBase="C:\Users\dt-impact\ftsubs\mstest\kevin-montrose_Jil-8a5af0f\JilTests\bin\Debug\net452\JilTests.dll" adapterTypeName="executor://xunit/VsTestRunner2/desktop_and_uap" className="JilTests.SerializeTests" name="JilTests.SerializeTests.Issue101" /></UnitTest><UnitTest name="JilTests.DynamicSerializationTests.Issue151" storage="c:\users\dt-impact\ftsubs\mstest\kevin-montrose_jil-8a5af0f\jiltests\bin\debug\net452\jiltests.dll" id="fadf1338-18fb-4a43-b43f-fe126175c195"><Execution id="038a3f75-9b8e-4987-a06f-ee4c011f3338" /><TestMethod codeBase="C:\Users\dt-impact\ftsubs\mstest\kevin-montrose_Jil-8a5af0f\JilTests\bin\Debug\net452\JilTests.dll" adapterTypeName="executor://xunit/VsTestRunner2/desktop_and_uap" className="JilTests.DynamicSerializationTests" name="JilTests.DynamicSerializationTests.Issue151" /></UnitTest><UnitTest name="JilTests.DeserializeTests.MalformedISO8601(dateString: &quot;\&quot;1999-02-29\&quot;&quot;, expectedError: &quot;ISO8601 date could not be mapped to DateTime&quot;)" storage="c:\users\dt-impact\ftsubs\mstest\kevin-montrose_jil-8a5af0f\jiltests\bin\debug\net452\jiltests.dll" id="d5306a5d-0cad-44ce-adee-6019584aaf89"><Execution id="bdbbdca6-9f6a-4f99-9a02-9a2495a86d0c" /><TestMethod codeBase="C:\Users\dt-impact\ftsubs\mstest\kevin-montrose_Jil-8a5af0f\JilTests\bin\Debug\net452\JilTests.dll" adapterTypeName="executor://xunit/VsTestRunner2/desktop_and_uap" className="JilTests.DeserializeTests" name="JilTests.DeserializeTests.MalformedISO8601(dateString: &quot;\&quot;1999-02-29\&quot;&quot;, expectedError: &quot;ISO8601 date could not be mapped to DateTime&quot;)" /></UnitTest><UnitTest name="JilTests.DeserializeDynamicTests.TimeSpans_Microsoft" storage="c:\users\dt-impact\ftsubs\mstest\kevin-montrose_jil-8a5af0f\jiltests\bin\debug\net452\jiltests.dll" id="0c2eab7b-d5d8-4d56-888d-3923dd3bbbde"><Execution id="ad84713b-9925-4070-9e03-b40a49886f13" /><TestMethod codeBase="C:\Users\dt-impact\ftsubs\mstest\kevin-montrose_Jil-8a5af0f\JilTests\bin\Debug\net452\JilTests.dll" adapterTypeName="executor://xunit/VsTestRunner2/desktop_and_uap" className="JilTests.DeserializeDynamicTests" name="JilTests.DeserializeDynamicTests.TimeSpans_Microsoft" /></UnitTest><UnitTest name="JilTests.SerializeTests.SerializeDynamicToString" storage="c:\users\dt-impact\ftsubs\mstest\kevin-montrose_jil-8a5af0f\jiltests\bin\debug\net452\jiltests.dll" id="3a0a29f0-db59-49a4-acd4-299be1dfad0d"><Execution id="73d81a4d-f099-4544-8540-b54edc33a9df" /><TestMethod codeBase="C:\Users\dt-impact\ftsubs\mstest\kevin-montrose_Jil-8a5af0f\JilTests\bin\Debug\net452\JilTests.dll" adapterTypeName="executor://xunit/VsTestRunner2/desktop_and_uap" className="JilTests.SerializeTests" name="JilTests.SerializeTests.SerializeDynamicToString" /></UnitTest><UnitTest name="JilTests.DeserializeTests.MalformedISO8601(dateString: &quot;\&quot;1999-W01-0\&quot;&quot;, expectedError: &quot;Expected day to be a digit between 1 and 7&quot;)" storage="c:\users\dt-impact\ftsubs\mstest\kevin-montrose_jil-8a5af0f\jiltests\bin\debug\net452\jiltests.dll" id="ca76e48e-9308-4861-b131-c562e30f9715"><Execution id="dde433b5-f311-467c-aeea-34fa293682c6" /><TestMethod codeBase="C:\Users\dt-impact\ftsubs\mstest\kevin-montrose_Jil-8a5af0f\JilTests\bin\Debug\net452\JilTests.dll" adapterTypeName="executor://xunit/VsTestRunner2/desktop_and_uap" className="JilTests.DeserializeTests" name="JilTests.DeserializeTests.MalformedISO8601(dateString: &quot;\&quot;1999-W01-0\&quot;&quot;, expectedError: &quot;Expected day to be a digit between 1 and 7&quot;)" /></UnitTest><UnitTest name="JilTests.SerializeTests.IntegerDictionaryKeys" storage="c:\users\dt-impact\ftsubs\mstest\kevin-montrose_jil-8a5af0f\jiltests\bin\debug\net452\jiltests.dll" id="3981a244-5916-469a-91c0-530ef3879dc4"><Execution id="a551c9b4-d226-4f3a-9ede-e3211ad45c54" /><TestMethod codeBase="C:\Users\dt-impact\ftsubs\mstest\kevin-montrose_Jil-8a5af0f\JilTests\bin\Debug\net452\JilTests.dll" adapterTypeName="executor://xunit/VsTestRunner2/desktop_and_uap" className="JilTests.SerializeTests" name="JilTests.SerializeTests.IntegerDictionaryKeys" /></UnitTest><UnitTest name="JilTests.UtilsTests.ConstantProperties" storage="c:\users\dt-impact\ftsubs\mstest\kevin-montrose_jil-8a5af0f\jiltests\bin\debug\net452\jiltests.dll" id="bb93bed4-9deb-417d-ad6a-d186795d5d5b"><Execution id="fcb18b46-671a-4acd-ac75-01a9be3db668" /><TestMethod codeBase="C:\Users\dt-impact\ftsubs\mstest\kevin-montrose_Jil-8a5af0f\JilTests\bin\Debug\net452\JilTests.dll" adapterTypeName="executor://xunit/VsTestRunner2/desktop_and_uap" className="JilTests.UtilsTests" name="JilTests.UtilsTests.ConstantProperties" /></UnitTest><UnitTest name="JilTests.SerializeTests.IntegerDictionaryKeysWithoutNulls" storage="c:\users\dt-impact\ftsubs\mstest\kevin-montrose_jil-8a5af0f\jiltests\bin\debug\net452\jiltests.dll" id="f38fdb66-e20a-433d-8498-7ce46c3da77a"><Execution id="32cce041-f0f5-491e-bda9-307fbe9e11c2" /><TestMethod codeBase="C:\Users\dt-impact\ftsubs\mstest\kevin-montrose_Jil-8a5af0f\JilTests\bin\Debug\net452\JilTests.dll" adapterTypeName="executor://xunit/VsTestRunner2/desktop_and_uap" className="JilTests.SerializeTests" name="JilTests.SerializeTests.IntegerDictionaryKeysWithoutNulls" /></UnitTest><UnitTest name="JilTests.UtilsTests.UnionConfigs" storage="c:\users\dt-impact\ftsubs\mstest\kevin-montrose_jil-8a5af0f\jiltests\bin\debug\net452\jiltests.dll" id="73927710-2273-4b55-882f-9e238e5a9ff6"><Execution id="34dfe228-79ed-4c32-ab4e-ed7906cfde10" /><TestMethod codeBase="C:\Users\dt-impact\ftsubs\mstest\kevin-montrose_Jil-8a5af0f\JilTests\bin\Debug\net452\JilTests.dll" adapterTypeName="executor://xunit/VsTestRunner2/desktop_and_uap" className="JilTests.UtilsTests" name="JilTests.UtilsTests.UnionConfigs" /></UnitTest><UnitTest name="JilTests.DeserializeTests.Issue73" storage="c:\users\dt-impact\ftsubs\mstest\kevin-montrose_jil-8a5af0f\jiltests\bin\debug\net452\jiltests.dll" id="684f3f0d-65a1-4fe2-b0a9-d859829d462a"><Execution id="157b3855-27b1-418d-b355-b1a2ab48194d" /><TestMethod codeBase="C:\Users\dt-impact\ftsubs\mstest\kevin-montrose_Jil-8a5af0f\JilTests\bin\Debug\net452\JilTests.dll" adapterTypeName="executor://xunit/VsTestRunner2/desktop_and_uap" className="JilTests.DeserializeTests" name="JilTests.DeserializeTests.Issue73" /></UnitTest><UnitTest name="JilTests.DeserializeTests.MicrosoftTimeSpan" storage="c:\users\dt-impact\ftsubs\mstest\kevin-montrose_jil-8a5af0f\jiltests\bin\debug\net452\jiltests.dll" id="8001df7f-7974-4fb6-89ca-ecf3d3feaca0"><Execution id="64cb2e70-87a2-4ed0-8db5-f807d6707f3a" /><TestMethod codeBase="C:\Users\dt-impact\ftsubs\mstest\kevin-montrose_Jil-8a5af0f\JilTests\bin\Debug\net452\JilTests.dll" adapterTypeName="executor://xunit/VsTestRunner2/desktop_and_uap" className="JilTests.DeserializeTests" name="JilTests.DeserializeTests.MicrosoftTimeSpan" /></UnitTest><UnitTest name="JilTests.DeserializeTests.PrimitiveWrappers" storage="c:\users\dt-impact\ftsubs\mstest\kevin-montrose_jil-8a5af0f\jiltests\bin\debug\net452\jiltests.dll" id="d9020617-581a-433a-a4ab-ef36d8bb8472"><Execution id="723049a2-c921-4479-80d8-fd8677080da5" /><TestMethod codeBase="C:\Users\dt-impact\ftsubs\mstest\kevin-montrose_Jil-8a5af0f\JilTests\bin\Debug\net452\JilTests.dll" adapterTypeName="executor://xunit/VsTestRunner2/desktop_and_uap" className="JilTests.DeserializeTests" name="JilTests.DeserializeTests.PrimitiveWrappers" /></UnitTest><UnitTest name="JilTests.DeserializeTests.Issue117_SByte" storage="c:\users\dt-impact\ftsubs\mstest\kevin-montrose_jil-8a5af0f\jiltests\bin\debug\net452\jiltests.dll" id="791def74-a01b-44ee-af12-3a01599d225c"><Execution id="4371ebdc-3575-4046-ac2e-1ffeb1266297" /><TestMethod codeBase="C:\Users\dt-impact\ftsubs\mstest\kevin-montrose_Jil-8a5af0f\JilTests\bin\Debug\net452\JilTests.dll" adapterTypeName="executor://xunit/VsTestRunner2/desktop_and_uap" className="JilTests.DeserializeTests" name="JilTests.DeserializeTests.Issue117_SByte" /></UnitTest><UnitTest name="JilTests.DeserializeTests.IllegalUTF16Char" storage="c:\users\dt-impact\ftsubs\mstest\kevin-montrose_jil-8a5af0f\jiltests\bin\debug\net452\jiltests.dll" id="791ec1ba-a3ed-4e87-bde9-bd8c54615dc7"><Execution id="4cbb6c99-a36c-415c-9f8a-0fe90fbee873" /><TestMethod codeBase="C:\Users\dt-impact\ftsubs\mstest\kevin-montrose_Jil-8a5af0f\JilTests\bin\Debug\net452\JilTests.dll" adapterTypeName="executor://xunit/VsTestRunner2/desktop_and_uap" className="JilTests.DeserializeTests" name="JilTests.DeserializeTests.IllegalUTF16Char" /></UnitTest><UnitTest name="JilTests.DeserializeDynamicTests.Add" storage="c:\users\dt-impact\ftsubs\mstest\kevin-montrose_jil-8a5af0f\jiltests\bin\debug\net452\jiltests.dll" id="31e436d6-3fbb-40b4-a591-0e597c7edcdc"><Execution id="d9e8b440-81d3-4ad2-a7c7-f8b9d6c20fe7" /><TestMethod codeBase="C:\Users\dt-impact\ftsubs\mstest\kevin-montrose_Jil-8a5af0f\JilTests\bin\Debug\net452\JilTests.dll" adapterTypeName="executor://xunit/VsTestRunner2/desktop_and_uap" className="JilTests.DeserializeDynamicTests" name="JilTests.DeserializeDynamicTests.Add" /></UnitTest><UnitTest name="JilTests.DeserializeTests.IDictionaries" storage="c:\users\dt-impact\ftsubs\mstest\kevin-montrose_jil-8a5af0f\jiltests\bin\debug\net452\jiltests.dll" id="d06489b2-3bad-4906-84fb-5b14125946b0"><Execution id="3c77cdc1-664a-4f19-87a4-b83e2381f8d1" /><TestMethod codeBase="C:\Users\dt-impact\ftsubs\mstest\kevin-montrose_Jil-8a5af0f\JilTests\bin\Debug\net452\JilTests.dll" adapterTypeName="executor://xunit/VsTestRunner2/desktop_and_uap" className="JilTests.DeserializeTests" name="JilTests.DeserializeTests.IDictionaries" /></UnitTest><UnitTest name="JilTests.DeserializeDynamicTests.Enums" storage="c:\users\dt-impact\ftsubs\mstest\kevin-montrose_jil-8a5af0f\jiltests\bin\debug\net452\jiltests.dll" id="46bc7e51-cdbb-4071-959f-6ef16370133f"><Execution id="d04a3af1-4f6d-4304-94b8-7361d7b2553d" /><TestMethod codeBase="C:\Users\dt-impact\ftsubs\mstest\kevin-montrose_Jil-8a5af0f\JilTests\bin\Debug\net452\JilTests.dll" adapterTypeName="executor://xunit/VsTestRunner2/desktop_and_uap" className="JilTests.DeserializeDynamicTests" name="JilTests.DeserializeDynamicTests.Enums" /></UnitTest><UnitTest name="JilTests.EnumFlagsTest.TestEnumFlagsDeserialize2" storage="c:\users\dt-impact\ftsubs\mstest\kevin-montrose_jil-8a5af0f\jiltests\bin\debug\net452\jiltests.dll" id="67362295-72c8-405a-83f0-feb6e2f17a75"><Execution id="56ae4ebf-73a1-4b4b-8ca9-6619bdf36b62" /><TestMethod codeBase="C:\Users\dt-impact\ftsubs\mstest\kevin-montrose_Jil-8a5af0f\JilTests\bin\Debug\net452\JilTests.dll" adapterTypeName="executor://xunit/VsTestRunner2/desktop_and_uap" className="JilTests.EnumFlagsTest" name="JilTests.EnumFlagsTest.TestEnumFlagsDeserialize2" /></UnitTest><UnitTest name="JilTests.DeserializeTests.ULongs" storage="c:\users\dt-impact\ftsubs\mstest\kevin-montrose_jil-8a5af0f\jiltests\bin\debug\net452\jiltests.dll" id="fbad49a0-145f-40b0-8a89-b330e915e4ea"><Execution id="66cb3684-c5d6-46dd-905e-14cdd69c1b7e" /><TestMethod codeBase="C:\Users\dt-impact\ftsubs\mstest\kevin-montrose_Jil-8a5af0f\JilTests\bin\Debug\net452\JilTests.dll" adapterTypeName="executor://xunit/VsTestRunner2/desktop_and_uap" className="JilTests.DeserializeTests" name="JilTests.DeserializeTests.ULongs" /></UnitTest><UnitTest name="JilTests.DeserializeDynamicTests.String" storage="c:\users\dt-impact\ftsubs\mstest\kevin-montrose_jil-8a5af0f\jiltests\bin\debug\net452\jiltests.dll" id="b7b8f364-d01c-4fc0-8e40-78d5dc73d710"><Execution id="40eaee84-c997-469d-b7e9-749af4064421" /><TestMethod codeBase="C:\Users\dt-impact\ftsubs\mstest\kevin-montrose_Jil-8a5af0f\JilTests\bin\Debug\net452\JilTests.dll" adapterTypeName="executor://xunit/VsTestRunner2/desktop_and_uap" className="JilTests.DeserializeDynamicTests" name="JilTests.DeserializeDynamicTests.String" /></UnitTest><UnitTest name="JilTests.DeserializeTests.Issue143DateTimeFractionOverflow" storage="c:\users\dt-impact\ftsubs\mstest\kevin-montrose_jil-8a5af0f\jiltests\bin\debug\net452\jiltests.dll" id="1fdfb46a-50f4-46cf-9545-65c3927df611"><Execution id="7f38724a-2e8e-473c-80c5-e84091936710" /><TestMethod codeBase="C:\Users\dt-impact\ftsubs\mstest\kevin-montrose_Jil-8a5af0f\JilTests\bin\Debug\net452\JilTests.dll" adapterTypeName="executor://xunit/VsTestRunner2/desktop_and_uap" className="JilTests.DeserializeTests" name="JilTests.DeserializeTests.Issue143DateTimeFractionOverflow" /></UnitTest><UnitTest name="JilTests.DeserializeTests.ISO8601TimeSpan_Weeks" storage="c:\users\dt-impact\ftsubs\mstest\kevin-montrose_jil-8a5af0f\jiltests\bin\debug\net452\jiltests.dll" id="5d9bfba2-be7e-423a-9060-ff6161f3e777"><Execution id="07eb66be-34ea-4bd7-a6b3-55b5b5f83d9c" /><TestMethod codeBase="C:\Users\dt-impact\ftsubs\mstest\kevin-montrose_Jil-8a5af0f\JilTests\bin\Debug\net452\JilTests.dll" adapterTypeName="executor://xunit/VsTestRunner2/desktop_and_uap" className="JilTests.DeserializeTests" name="JilTests.DeserializeTests.ISO8601TimeSpan_Weeks" /></UnitTest><UnitTest name="JilTests.SerializeTests.Issue165_2" storage="c:\users\dt-impact\ftsubs\mstest\kevin-montrose_jil-8a5af0f\jiltests\bin\debug\net452\jiltests.dll" id="8faad530-af01-4132-a061-71ade896145c"><Execution id="d67d57eb-5afd-40de-8860-060639f522de" /><TestMethod codeBase="C:\Users\dt-impact\ftsubs\mstest\kevin-montrose_Jil-8a5af0f\JilTests\bin\Debug\net452\JilTests.dll" adapterTypeName="executor://xunit/VsTestRunner2/desktop_and_uap" className="JilTests.SerializeTests" name="JilTests.SerializeTests.Issue165_2" /></UnitTest><UnitTest name="JilTests.DeserializeTests.EnumMemberAttributeDefault" storage="c:\users\dt-impact\ftsubs\mstest\kevin-montrose_jil-8a5af0f\jiltests\bin\debug\net452\jiltests.dll" id="5d137457-c785-4d59-b2e4-e14fbb5ee4e0"><Execution id="d78ee78b-84ae-4fea-befa-f8f0d0770d60" /><TestMethod codeBase="C:\Users\dt-impact\ftsubs\mstest\kevin-montrose_Jil-8a5af0f\JilTests\bin\Debug\net452\JilTests.dll" adapterTypeName="executor://xunit/VsTestRunner2/desktop_and_uap" className="JilTests.DeserializeTests" name="JilTests.DeserializeTests.EnumMemberAttributeDefault" /></UnitTest><UnitTest name="JilTests.DeserializeDynamicTests.SecondDateTimes" storage="c:\users\dt-impact\ftsubs\mstest\kevin-montrose_jil-8a5af0f\jiltests\bin\debug\net452\jiltests.dll" id="6940abcc-acfc-466a-ada5-377595ed4564"><Execution id="8e808185-2f8b-4c0c-b71b-f7f8d7e07679" /><TestMethod codeBase="C:\Users\dt-impact\ftsubs\mstest\kevin-montrose_Jil-8a5af0f\JilTests\bin\Debug\net452\JilTests.dll" adapterTypeName="executor://xunit/VsTestRunner2/desktop_and_uap" className="JilTests.DeserializeDynamicTests" name="JilTests.DeserializeDynamicTests.SecondDateTimes" /></UnitTest><UnitTest name="JilTests.DeserializeTests.MalformedISO8601(dateString: &quot;\&quot;19991200\&quot;&quot;, expectedError: &quot;Expected day to be between 01 and 31&quot;)" storage="c:\users\dt-impact\ftsubs\mstest\kevin-montrose_jil-8a5af0f\jiltests\bin\debug\net452\jiltests.dll" id="2786488c-c271-47a0-b6d6-83becfbabaee"><Execution id="a0912e75-e6a8-44b5-8605-8200b3d97b1d" /><TestMethod codeBase="C:\Users\dt-impact\ftsubs\mstest\kevin-montrose_Jil-8a5af0f\JilTests\bin\Debug\net452\JilTests.dll" adapterTypeName="executor://xunit/VsTestRunner2/desktop_and_uap" className="JilTests.DeserializeTests" name="JilTests.DeserializeTests.MalformedISO8601(dateString: &quot;\&quot;19991200\&quot;&quot;, expectedError: &quot;Expected day to be between 01 and 31&quot;)" /></UnitTest><UnitTest name="JilTests.DeserializeDynamicTests.ShortCircuits" storage="c:\users\dt-impact\ftsubs\mstest\kevin-montrose_jil-8a5af0f\jiltests\bin\debug\net452\jiltests.dll" id="74d6824e-2662-4308-a478-29a7300ff436"><Execution id="2d52ea52-d9f8-4960-b1f3-041c58f6af19" /><TestMethod codeBase="C:\Users\dt-impact\ftsubs\mstest\kevin-montrose_Jil-8a5af0f\JilTests\bin\Debug\net452\JilTests.dll" adapterTypeName="executor://xunit/VsTestRunner2/desktop_and_uap" className="JilTests.DeserializeDynamicTests" name="JilTests.DeserializeDynamicTests.ShortCircuits" /></UnitTest><UnitTest name="JilTests.SerializeTests.Issue27" storage="c:\users\dt-impact\ftsubs\mstest\kevin-montrose_jil-8a5af0f\jiltests\bin\debug\net452\jiltests.dll" id="e9ce5bd8-ab3b-434c-bf3b-d350c25df664"><Execution id="4b0d9f5d-ae77-4368-aabe-056558f0131b" /><TestMethod codeBase="C:\Users\dt-impact\ftsubs\mstest\kevin-montrose_Jil-8a5af0f\JilTests\bin\Debug\net452\JilTests.dll" adapterTypeName="executor://xunit/VsTestRunner2/desktop_and_uap" className="JilTests.SerializeTests" name="JilTests.SerializeTests.Issue27" /></UnitTest><UnitTest name="JilTests.DeserializeDynamicTests.MillisecondDateTimes" storage="c:\users\dt-impact\ftsubs\mstest\kevin-montrose_jil-8a5af0f\jiltests\bin\debug\net452\jiltests.dll" id="d6da1148-3527-40cf-a94c-57553d8390bf"><Execution id="b284672d-9989-4abb-850a-e9756935a690" /><TestMethod codeBase="C:\Users\dt-impact\ftsubs\mstest\kevin-montrose_Jil-8a5af0f\JilTests\bin\Debug\net452\JilTests.dll" adapterTypeName="executor://xunit/VsTestRunner2/desktop_and_uap" className="JilTests.DeserializeDynamicTests" name="JilTests.DeserializeDynamicTests.MillisecondDateTimes" /></UnitTest><UnitTest name="JilTests.DeserializeTests.UShort" storage="c:\users\dt-impact\ftsubs\mstest\kevin-montrose_jil-8a5af0f\jiltests\bin\debug\net452\jiltests.dll" id="15d5bda6-749d-4179-8672-57de0e0a3bf2"><Execution id="6378c825-35d8-4968-8a4e-eebe6d29352a" /><TestMethod codeBase="C:\Users\dt-impact\ftsubs\mstest\kevin-montrose_Jil-8a5af0f\JilTests\bin\Debug\net452\JilTests.dll" adapterTypeName="executor://xunit/VsTestRunner2/desktop_and_uap" className="JilTests.DeserializeTests" name="JilTests.DeserializeTests.UShort" /></UnitTest><UnitTest name="JilTests.DeserializeTests.Issue48" storage="c:\users\dt-impact\ftsubs\mstest\kevin-montrose_jil-8a5af0f\jiltests\bin\debug\net452\jiltests.dll" id="1d2d8f71-9f32-4c6d-8994-9f527b562f02"><Execution id="4c4cebf8-75d2-4079-88a8-fe7f1c843fce" /><TestMethod codeBase="C:\Users\dt-impact\ftsubs\mstest\kevin-montrose_Jil-8a5af0f\JilTests\bin\Debug\net452\JilTests.dll" adapterTypeName="executor://xunit/VsTestRunner2/desktop_and_uap" className="JilTests.DeserializeTests" name="JilTests.DeserializeTests.Issue48" /></UnitTest><UnitTest name="JilTests.SerializeTests.DictionaryEncoding" storage="c:\users\dt-impact\ftsubs\mstest\kevin-montrose_jil-8a5af0f\jiltests\bin\debug\net452\jiltests.dll" id="00cbfd3a-f4fd-4d1c-9993-132b28ab2010"><Execution id="9ffe6ee1-e4df-4535-b829-51af013fbdd7" /><TestMethod codeBase="C:\Users\dt-impact\ftsubs\mstest\kevin-montrose_Jil-8a5af0f\JilTests\bin\Debug\net452\JilTests.dll" adapterTypeName="executor://xunit/VsTestRunner2/desktop_and_uap" className="JilTests.SerializeTests" name="JilTests.SerializeTests.DictionaryEncoding" /></UnitTest><UnitTest name="JilTests.DynamicSerializationTests.Issue230" storage="c:\users\dt-impact\ftsubs\mstest\kevin-montrose_jil-8a5af0f\jiltests\bin\debug\net452\jiltests.dll" id="6316f2a5-9eda-4c68-b2ae-06cdbbe3f082"><Execution id="aae407ea-f1df-4d58-aff0-547e632434bf" /><TestMethod codeBase="C:\Users\dt-impact\ftsubs\mstest\kevin-montrose_Jil-8a5af0f\JilTests\bin\Debug\net452\JilTests.dll" adapterTypeName="executor://xunit/VsTestRunner2/desktop_and_uap" className="JilTests.DynamicSerializationTests" name="JilTests.DynamicSerializationTests.Issue230" /></UnitTest><UnitTest name="JilTests.DeserializeTests.PrivateConstructor_Dictionary" storage="c:\users\dt-impact\ftsubs\mstest\kevin-montrose_jil-8a5af0f\jiltests\bin\debug\net452\jiltests.dll" id="04d3a627-7edf-4bfc-baf7-a4043a60d5cb"><Execution id="4c6b9000-afb6-47c8-b8f2-da2b7699e669" /><TestMethod codeBase="C:\Users\dt-impact\ftsubs\mstest\kevin-montrose_Jil-8a5af0f\JilTests\bin\Debug\net452\JilTests.dll" adapterTypeName="executor://xunit/VsTestRunner2/desktop_and_uap" className="JilTests.DeserializeTests" name="JilTests.DeserializeTests.PrivateConstructor_Dictionary" /></UnitTest><UnitTest name="JilTests.UtilsTests.FindRecursiveTypes_ListList" storage="c:\users\dt-impact\ftsubs\mstest\kevin-montrose_jil-8a5af0f\jiltests\bin\debug\net452\jiltests.dll" id="be9aa9c7-2cb1-4be9-974d-a3bb21ff69c1"><Execution id="300cabec-c540-413e-b787-b3f2dc303f1e" /><TestMethod codeBase="C:\Users\dt-impact\ftsubs\mstest\kevin-montrose_Jil-8a5af0f\JilTests\bin\Debug\net452\JilTests.dll" adapterTypeName="executor://xunit/VsTestRunner2/desktop_and_uap" className="JilTests.UtilsTests" name="JilTests.UtilsTests.FindRecursiveTypes_ListList" /></UnitTest><UnitTest name="JilTests.DeserializeTests.PrivateConstructor_List" storage="c:\users\dt-impact\ftsubs\mstest\kevin-montrose_jil-8a5af0f\jiltests\bin\debug\net452\jiltests.dll" id="b57046a4-459c-4cf7-8262-943fc0c693eb"><Execution id="79c52585-3e4c-4816-9458-bc0f24180553" /><TestMethod codeBase="C:\Users\dt-impact\ftsubs\mstest\kevin-montrose_Jil-8a5af0f\JilTests\bin\Debug\net452\JilTests.dll" adapterTypeName="executor://xunit/VsTestRunner2/desktop_and_uap" className="JilTests.DeserializeTests" name="JilTests.DeserializeTests.PrivateConstructor_List" /></UnitTest><UnitTest name="JilTests.DynamicSerializationTests.NullArrayElements" storage="c:\users\dt-impact\ftsubs\mstest\kevin-montrose_jil-8a5af0f\jiltests\bin\debug\net452\jiltests.dll" id="ee96c41d-6a16-4dae-922c-8725fa11a80e"><Execution id="e1dd929a-c5b2-4af3-bc10-2778c4562d6b" /><TestMethod codeBase="C:\Users\dt-impact\ftsubs\mstest\kevin-montrose_Jil-8a5af0f\JilTests\bin\Debug\net452\JilTests.dll" adapterTypeName="executor://xunit/VsTestRunner2/desktop_and_uap" className="JilTests.DynamicSerializationTests" name="JilTests.DynamicSerializationTests.NullArrayElements" /></UnitTest><UnitTest name="JilTests.SerializeTests.NoNameDataMember" storage="c:\users\dt-impact\ftsubs\mstest\kevin-montrose_jil-8a5af0f\jiltests\bin\debug\net452\jiltests.dll" id="90b7f3a8-8f71-4343-85d9-b348ce472bac"><Execution id="47f455b4-e05e-4ef8-9d43-8b30801c1ae9" /><TestMethod codeBase="C:\Users\dt-impact\ftsubs\mstest\kevin-montrose_Jil-8a5af0f\JilTests\bin\Debug\net452\JilTests.dll" adapterTypeName="executor://xunit/VsTestRunner2/desktop_and_uap" className="JilTests.SerializeTests" name="JilTests.SerializeTests.NoNameDataMember" /></UnitTest><UnitTest name="JilTests.DeserializeTests.NaNFails" storage="c:\users\dt-impact\ftsubs\mstest\kevin-montrose_jil-8a5af0f\jiltests\bin\debug\net452\jiltests.dll" id="dbbe54a5-7880-4f6e-9184-df0cb02e8d32"><Execution id="8f4ad936-3963-43e0-854a-c66a0ca180ba" /><TestMethod codeBase="C:\Users\dt-impact\ftsubs\mstest\kevin-montrose_Jil-8a5af0f\JilTests\bin\Debug\net452\JilTests.dll" adapterTypeName="executor://xunit/VsTestRunner2/desktop_and_uap" className="JilTests.DeserializeTests" name="JilTests.DeserializeTests.NaNFails" /></UnitTest><UnitTest name="JilTests.SerializeTests.Issue270" storage="c:\users\dt-impact\ftsubs\mstest\kevin-montrose_jil-8a5af0f\jiltests\bin\debug\net452\jiltests.dll" id="8e61ef91-35f2-43c0-977a-aa3785a9d5cf"><Execution id="2173bc89-9e5a-43e9-94b9-3a36609f237a" /><TestMethod codeBase="C:\Users\dt-impact\ftsubs\mstest\kevin-montrose_Jil-8a5af0f\JilTests\bin\Debug\net452\JilTests.dll" adapterTypeName="executor://xunit/VsTestRunner2/desktop_and_uap" className="JilTests.SerializeTests" name="JilTests.SerializeTests.Issue270" /></UnitTest><UnitTest name="JilTests.DeserializeTests.UInts" storage="c:\users\dt-impact\ftsubs\mstest\kevin-montrose_jil-8a5af0f\jiltests\bin\debug\net452\jiltests.dll" id="f461264f-cbd1-4920-94e5-8c894ca2794e"><Execution id="b9f43fc9-ede8-4fdd-88bb-34c08274c1bf" /><TestMethod codeBase="C:\Users\dt-impact\ftsubs\mstest\kevin-montrose_Jil-8a5af0f\JilTests\bin\Debug\net452\JilTests.dll" adapterTypeName="executor://xunit/VsTestRunner2/desktop_and_uap" className="JilTests.DeserializeTests" name="JilTests.DeserializeTests.UInts" /></UnitTest><UnitTest name="JilTests.DeserializeTests.IReadOnlyDictionaries" storage="c:\users\dt-impact\ftsubs\mstest\kevin-montrose_jil-8a5af0f\jiltests\bin\debug\net452\jiltests.dll" id="4ad63128-a3be-465e-9694-47496f57cd4a"><Execution id="789ac832-019b-4a98-9f96-6de45486ab88" /><TestMethod codeBase="C:\Users\dt-impact\ftsubs\mstest\kevin-montrose_Jil-8a5af0f\JilTests\bin\Debug\net452\JilTests.dll" adapterTypeName="executor://xunit/VsTestRunner2/desktop_and_uap" className="JilTests.DeserializeTests" name="JilTests.DeserializeTests.IReadOnlyDictionaries" /></UnitTest><UnitTest name="JilTests.DeserializeTests.MalformedISO8601(dateString: &quot;\&quot;1900-01-01T19:\&quot;&quot;, expectedError: &quot;Expected minute part of ISO8601 time&quot;)" storage="c:\users\dt-impact\ftsubs\mstest\kevin-montrose_jil-8a5af0f\jiltests\bin\debug\net452\jiltests.dll" id="9b00a29e-f6d3-4f14-b5a4-f0ae03315c13"><Execution id="447e776b-60b2-4fc1-b447-927f5760e5c3" /><TestMethod codeBase="C:\Users\dt-impact\ftsubs\mstest\kevin-montrose_Jil-8a5af0f\JilTests\bin\Debug\net452\JilTests.dll" adapterTypeName="executor://xunit/VsTestRunner2/desktop_and_uap" className="JilTests.DeserializeTests" name="JilTests.DeserializeTests.MalformedISO8601(dateString: &quot;\&quot;1900-01-01T19:\&quot;&quot;, expectedError: &quot;Expected minute part of ISO8601 time&quot;)" /></UnitTest><UnitTest name="JilTests.DeserializeTests.Issue117_Long" storage="c:\users\dt-impact\ftsubs\mstest\kevin-montrose_jil-8a5af0f\jiltests\bin\debug\net452\jiltests.dll" id="4ab7a0ea-2bf7-432d-ac48-4c524bc6637b"><Execution id="7a14d495-94de-43b2-b5b9-40c0ae768cde" /><TestMethod codeBase="C:\Users\dt-impact\ftsubs\mstest\kevin-montrose_Jil-8a5af0f\JilTests\bin\Debug\net452\JilTests.dll" adapterTypeName="executor://xunit/VsTestRunner2/desktop_and_uap" className="JilTests.DeserializeTests" name="JilTests.DeserializeTests.Issue117_Long" /></UnitTest><UnitTest name="JilTests.DynamicSerializationTests.ISO8601TimeSpans" storage="c:\users\dt-impact\ftsubs\mstest\kevin-montrose_jil-8a5af0f\jiltests\bin\debug\net452\jiltests.dll" id="d93f81ba-1584-4aef-8c84-ae8c0ac1bbf3"><Execution id="5ad7c718-5cac-462d-b272-6662d0cae074" /><TestMethod codeBase="C:\Users\dt-impact\ftsubs\mstest\kevin-montrose_Jil-8a5af0f\JilTests\bin\Debug\net452\JilTests.dll" adapterTypeName="executor://xunit/VsTestRunner2/desktop_and_uap" className="JilTests.DynamicSerializationTests" name="JilTests.DynamicSerializationTests.ISO8601TimeSpans" /></UnitTest><UnitTest name="JilTests.SerializeTests.Issue169" storage="c:\users\dt-impact\ftsubs\mstest\kevin-montrose_jil-8a5af0f\jiltests\bin\debug\net452\jiltests.dll" id="747fbdd3-ce98-440d-b32c-6c5e954e5720"><Execution id="ba09271f-950a-4d09-9311-735170410688" /><TestMethod codeBase="C:\Users\dt-impact\ftsubs\mstest\kevin-montrose_Jil-8a5af0f\JilTests\bin\Debug\net452\JilTests.dll" adapterTypeName="executor://xunit/VsTestRunner2/desktop_and_uap" className="JilTests.SerializeTests" name="JilTests.SerializeTests.Issue169" /></UnitTest><UnitTest name="JilTests.DeserializeDynamicTests.Not" storage="c:\users\dt-impact\ftsubs\mstest\kevin-montrose_jil-8a5af0f\jiltests\bin\debug\net452\jiltests.dll" id="ac3f864c-c7d6-4939-a1f3-a3f95f068a51"><Execution id="1da38885-ea15-4dde-9622-da6c7cfc90c6" /><TestMethod codeBase="C:\Users\dt-impact\ftsubs\mstest\kevin-montrose_Jil-8a5af0f\JilTests\bin\Debug\net452\JilTests.dll" adapterTypeName="executor://xunit/VsTestRunner2/desktop_and_uap" className="JilTests.DeserializeDynamicTests" name="JilTests.DeserializeDynamicTests.Not" /></UnitTest><UnitTest name="JilTests.DeserializeTests.Lists" storage="c:\users\dt-impact\ftsubs\mstest\kevin-montrose_jil-8a5af0f\jiltests\bin\debug\net452\jiltests.dll" id="79b16e4b-c4a2-4aa2-9a1b-261cc2454b64"><Execution id="c42b5919-8331-4d13-ac9a-39dec5549ec3" /><TestMethod codeBase="C:\Users\dt-impact\ftsubs\mstest\kevin-montrose_Jil-8a5af0f\JilTests\bin\Debug\net452\JilTests.dll" adapterTypeName="executor://xunit/VsTestRunner2/desktop_and_uap" className="JilTests.DeserializeTests" name="JilTests.DeserializeTests.Lists" /></UnitTest><UnitTest name="JilTests.DeserializeTests.MalformedISO8601(dateString: &quot;\&quot;1999W010\&quot;&quot;, expectedError: &quot;Expected day to be a digit between 1 and 7&quot;)" storage="c:\users\dt-impact\ftsubs\mstest\kevin-montrose_jil-8a5af0f\jiltests\bin\debug\net452\jiltests.dll" id="3660778e-dbad-4b33-90e3-cfb80cf0a193"><Execution id="ce5f434f-68c7-4cbb-9ce3-9a4ec513e3e2" /><TestMethod codeBase="C:\Users\dt-impact\ftsubs\mstest\kevin-montrose_Jil-8a5af0f\JilTests\bin\Debug\net452\JilTests.dll" adapterTypeName="executor://xunit/VsTestRunner2/desktop_and_uap" className="JilTests.DeserializeTests" name="JilTests.DeserializeTests.MalformedISO8601(dateString: &quot;\&quot;1999W010\&quot;&quot;, expectedError: &quot;Expected day to be a digit between 1 and 7&quot;)" /></UnitTest><UnitTest name="JilTests.DeserializeTests.Nullables" storage="c:\users\dt-impact\ftsubs\mstest\kevin-montrose_jil-8a5af0f\jiltests\bin\debug\net452\jiltests.dll" id="427316eb-1db2-4179-99be-6f94c5978fc8"><Execution id="faca77d8-7c3a-4d8d-be8f-c28d3d872df7" /><TestMethod codeBase="C:\Users\dt-impact\ftsubs\mstest\kevin-montrose_Jil-8a5af0f\JilTests\bin\Debug\net452\JilTests.dll" adapterTypeName="executor://xunit/VsTestRunner2/desktop_and_uap" className="JilTests.DeserializeTests" name="JilTests.DeserializeTests.Nullables" /></UnitTest><UnitTest name="JilTests.DeserializeDynamicTests.Subtract" storage="c:\users\dt-impact\ftsubs\mstest\kevin-montrose_jil-8a5af0f\jiltests\bin\debug\net452\jiltests.dll" id="758c8db7-69bc-4ba5-9e5c-38e7544e8305"><Execution id="44d2620a-6695-4266-aa84-8ff5dba1f52e" /><TestMethod codeBase="C:\Users\dt-impact\ftsubs\mstest\kevin-montrose_Jil-8a5af0f\JilTests\bin\Debug\net452\JilTests.dll" adapterTypeName="executor://xunit/VsTestRunner2/desktop_and_uap" className="JilTests.DeserializeDynamicTests" name="JilTests.DeserializeDynamicTests.Subtract" /></UnitTest><UnitTest name="JilTests.DeserializeTests.IReadOnlyLists" storage="c:\users\dt-impact\ftsubs\mstest\kevin-montrose_jil-8a5af0f\jiltests\bin\debug\net452\jiltests.dll" id="bab5cd4c-af2c-439f-acf9-0f3d468b4400"><Execution id="7f311676-14d9-4b39-ac5f-3f8f22b199ae" /><TestMethod codeBase="C:\Users\dt-impact\ftsubs\mstest\kevin-montrose_Jil-8a5af0f\JilTests\bin\Debug\net452\JilTests.dll" adapterTypeName="executor://xunit/VsTestRunner2/desktop_and_uap" className="JilTests.DeserializeTests" name="JilTests.DeserializeTests.IReadOnlyLists" /></UnitTest><UnitTest name="JilTests.DeserializeDynamicTests.Guids" storage="c:\users\dt-impact\ftsubs\mstest\kevin-montrose_jil-8a5af0f\jiltests\bin\debug\net452\jiltests.dll" id="dd17fa8c-abaa-4f71-b60a-c5b4d146b40d"><Execution id="f57b33ff-ee48-4e5d-8da6-242edb1a60ce" /><TestMethod codeBase="C:\Users\dt-impact\ftsubs\mstest\kevin-montrose_Jil-8a5af0f\JilTests\bin\Debug\net452\JilTests.dll" adapterTypeName="executor://xunit/VsTestRunner2/desktop_and_uap" className="JilTests.DeserializeDynamicTests" name="JilTests.DeserializeDynamicTests.Guids" /></UnitTest><UnitTest name="JilTests.DeserializeDynamicTests.Null" storage="c:\users\dt-impact\ftsubs\mstest\kevin-montrose_jil-8a5af0f\jiltests\bin\debug\net452\jiltests.dll" id="71a88fc1-b204-4905-99d0-22fc2213b8b9"><Execution id="8ea1de96-9ba2-48ac-a4a3-0278d51fc8d2" /><TestMethod codeBase="C:\Users\dt-impact\ftsubs\mstest\kevin-montrose_Jil-8a5af0f\JilTests\bin\Debug\net452\JilTests.dll" adapterTypeName="executor://xunit/VsTestRunner2/desktop_and_uap" className="JilTests.DeserializeDynamicTests" name="JilTests.DeserializeDynamicTests.Null" /></UnitTest><UnitTest name="JilTests.DeserializeDynamicTests.Issue117(input: &quot;-12.&quot;, expectedError: &quot;Expected digit&quot;)" storage="c:\users\dt-impact\ftsubs\mstest\kevin-montrose_jil-8a5af0f\jiltests\bin\debug\net452\jiltests.dll" id="eaf5afe9-1414-4208-82e1-e71dfea243b6"><Execution id="d2444e32-e63a-485d-9e8b-d41d7b79507a" /><TestMethod codeBase="C:\Users\dt-impact\ftsubs\mstest\kevin-montrose_Jil-8a5af0f\JilTests\bin\Debug\net452\JilTests.dll" adapterTypeName="executor://xunit/VsTestRunner2/desktop_and_uap" className="JilTests.DeserializeDynamicTests" name="JilTests.DeserializeDynamicTests.Issue117(input: &quot;-12.&quot;, expectedError: &quot;Expected digit&quot;)" /></UnitTest><UnitTest name="JilTests.DeserializeTests.DictionaryEnumKeys" storage="c:\users\dt-impact\ftsubs\mstest\kevin-montrose_jil-8a5af0f\jiltests\bin\debug\net452\jiltests.dll" id="3602839a-ea02-4edc-9691-735fbdfd5bc3"><Execution id="3770559e-7b47-4b7b-8d08-6811809f65b3" /><TestMethod codeBase="C:\Users\dt-impact\ftsubs\mstest\kevin-montrose_Jil-8a5af0f\JilTests\bin\Debug\net452\JilTests.dll" adapterTypeName="executor://xunit/VsTestRunner2/desktop_and_uap" className="JilTests.DeserializeTests" name="JilTests.DeserializeTests.DictionaryEnumKeys" /></UnitTest><UnitTest name="JilTests.DeserializeTests.PrivateConstructor_Object" storage="c:\users\dt-impact\ftsubs\mstest\kevin-montrose_jil-8a5af0f\jiltests\bin\debug\net452\jiltests.dll" id="75392e7e-3b4b-4c22-910a-2ec0edb67e21"><Execution id="858a8975-8887-4cab-9a62-0fb936052a82" /><TestMethod codeBase="C:\Users\dt-impact\ftsubs\mstest\kevin-montrose_Jil-8a5af0f\JilTests\bin\Debug\net452\JilTests.dll" adapterTypeName="executor://xunit/VsTestRunner2/desktop_and_uap" className="JilTests.DeserializeTests" name="JilTests.DeserializeTests.PrivateConstructor_Object" /></UnitTest><UnitTest name="JilTests.SerializeTests.Enums" storage="c:\users\dt-impact\ftsubs\mstest\kevin-montrose_jil-8a5af0f\jiltests\bin\debug\net452\jiltests.dll" id="08f2fa71-87f1-407b-b8af-7a38ecdaf55a"><Execution id="7626888f-2633-4ec2-b6ed-7f1dc8ee4fdd" /><TestMethod codeBase="C:\Users\dt-impact\ftsubs\mstest\kevin-montrose_Jil-8a5af0f\JilTests\bin\Debug\net452\JilTests.dll" adapterTypeName="executor://xunit/VsTestRunner2/desktop_and_uap" className="JilTests.SerializeTests" name="JilTests.SerializeTests.Enums" /></UnitTest><UnitTest name="JilTests.SerializeTests.CharacterEncoding" storage="c:\users\dt-impact\ftsubs\mstest\kevin-montrose_jil-8a5af0f\jiltests\bin\debug\net452\jiltests.dll" id="d56bd690-a4f9-4443-80aa-a73371a1779d"><Execution id="9964807b-e043-4670-9600-7f1eb2bc11c7" /><TestMethod codeBase="C:\Users\dt-impact\ftsubs\mstest\kevin-montrose_Jil-8a5af0f\JilTests\bin\Debug\net452\JilTests.dll" adapterTypeName="executor://xunit/VsTestRunner2/desktop_and_uap" className="JilTests.SerializeTests" name="JilTests.SerializeTests.CharacterEncoding" /></UnitTest><UnitTest name="JilTests.DeserializeTests.Surrogates" storage="c:\users\dt-impact\ftsubs\mstest\kevin-montrose_jil-8a5af0f\jiltests\bin\debug\net452\jiltests.dll" id="07091572-1c96-48e6-9242-093d4647821a"><Execution id="3335171d-eaa7-4198-9a51-af3716a657b9" /><TestMethod codeBase="C:\Users\dt-impact\ftsubs\mstest\kevin-montrose_Jil-8a5af0f\JilTests\bin\Debug\net452\JilTests.dll" adapterTypeName="executor://xunit/VsTestRunner2/desktop_and_uap" className="JilTests.DeserializeTests" name="JilTests.DeserializeTests.Surrogates" /></UnitTest><UnitTest name="JilTests.DeserializeDynamicTests.Multiply" storage="c:\users\dt-impact\ftsubs\mstest\kevin-montrose_jil-8a5af0f\jiltests\bin\debug\net452\jiltests.dll" id="eec03a13-41dc-4d09-b313-35839a47d5b3"><Execution id="a2b1e56a-fa9d-4d9d-b37a-9997008a8a03" /><TestMethod codeBase="C:\Users\dt-impact\ftsubs\mstest\kevin-montrose_Jil-8a5af0f\JilTests\bin\Debug\net452\JilTests.dll" adapterTypeName="executor://xunit/VsTestRunner2/desktop_and_uap" className="JilTests.DeserializeDynamicTests" name="JilTests.DeserializeDynamicTests.Multiply" /></UnitTest><UnitTest name="JilTests.DeserializeDynamicTests.MemberAccess" storage="c:\users\dt-impact\ftsubs\mstest\kevin-montrose_jil-8a5af0f\jiltests\bin\debug\net452\jiltests.dll" id="481d368c-9a2c-4b2b-ab71-099a07459d9b"><Execution id="0d068e9a-0958-4d92-ac4d-1baef08c3c77" /><TestMethod codeBase="C:\Users\dt-impact\ftsubs\mstest\kevin-montrose_Jil-8a5af0f\JilTests\bin\Debug\net452\JilTests.dll" adapterTypeName="executor://xunit/VsTestRunner2/desktop_and_uap" className="JilTests.DeserializeDynamicTests" name="JilTests.DeserializeDynamicTests.MemberAccess" /></UnitTest><UnitTest name="JilTests.DynamicSerializationTests.ExcludingNulls" storage="c:\users\dt-impact\ftsubs\mstest\kevin-montrose_jil-8a5af0f\jiltests\bin\debug\net452\jiltests.dll" id="1f780f3a-b038-4342-b50b-6ba72abd6f8b"><Execution id="2df6b73c-f6bd-4b12-a021-b9ebbe091f07" /><TestMethod codeBase="C:\Users\dt-impact\ftsubs\mstest\kevin-montrose_Jil-8a5af0f\JilTests\bin\Debug\net452\JilTests.dll" adapterTypeName="executor://xunit/VsTestRunner2/desktop_and_uap" className="JilTests.DynamicSerializationTests" name="JilTests.DynamicSerializationTests.ExcludingNulls" /></UnitTest><UnitTest name="JilTests.DeserializeTests.ISO8601TimeSpan" storage="c:\users\dt-impact\ftsubs\mstest\kevin-montrose_jil-8a5af0f\jiltests\bin\debug\net452\jiltests.dll" id="e4a515d3-76f6-4edb-8181-796a5f455890"><Execution id="48aea768-ee20-41e8-a671-36166038c271" /><TestMethod codeBase="C:\Users\dt-impact\ftsubs\mstest\kevin-montrose_Jil-8a5af0f\JilTests\bin\Debug\net452\JilTests.dll" adapterTypeName="executor://xunit/VsTestRunner2/desktop_and_uap" className="JilTests.DeserializeTests" name="JilTests.DeserializeTests.ISO8601TimeSpan" /></UnitTest><UnitTest name="JilTests.DeserializeDynamicTests.TrickyNumbers" storage="c:\users\dt-impact\ftsubs\mstest\kevin-montrose_jil-8a5af0f\jiltests\bin\debug\net452\jiltests.dll" id="fe5a425c-5375-4d12-aac6-50a11d751ca0"><Execution id="19d4cdd2-959e-4ac2-927b-3f4e0819d27c" /><TestMethod codeBase="C:\Users\dt-impact\ftsubs\mstest\kevin-montrose_Jil-8a5af0f\JilTests\bin\Debug\net452\JilTests.dll" adapterTypeName="executor://xunit/VsTestRunner2/desktop_and_uap" className="JilTests.DeserializeDynamicTests" name="JilTests.DeserializeDynamicTests.TrickyNumbers" /></UnitTest><UnitTest name="JilTests.SerializeTests.Issue176" storage="c:\users\dt-impact\ftsubs\mstest\kevin-montrose_jil-8a5af0f\jiltests\bin\debug\net452\jiltests.dll" id="c50c4655-52c1-4b82-98a7-7f265644d0b7"><Execution id="f2dc5787-ec30-4139-807d-4dc463a1ac1b" /><TestMethod codeBase="C:\Users\dt-impact\ftsubs\mstest\kevin-montrose_Jil-8a5af0f\JilTests\bin\Debug\net452\JilTests.dll" adapterTypeName="executor://xunit/VsTestRunner2/desktop_and_uap" className="JilTests.SerializeTests" name="JilTests.SerializeTests.Issue176" /></UnitTest><UnitTest name="JilTests.DynamicSerializationTests.Simple" storage="c:\users\dt-impact\ftsubs\mstest\kevin-montrose_jil-8a5af0f\jiltests\bin\debug\net452\jiltests.dll" id="7c3469d3-8140-40b0-98cc-f2ce652055f8"><Execution id="0505ecd6-766e-407a-9546-48251c1bee38" /><TestMethod codeBase="C:\Users\dt-impact\ftsubs\mstest\kevin-montrose_Jil-8a5af0f\JilTests\bin\Debug\net452\JilTests.dll" adapterTypeName="executor://xunit/VsTestRunner2/desktop_and_uap" className="JilTests.DynamicSerializationTests" name="JilTests.DynamicSerializationTests.Simple" /></UnitTest><UnitTest name="JilTests.SerializeTests.ReadOnlyLists" storage="c:\users\dt-impact\ftsubs\mstest\kevin-montrose_jil-8a5af0f\jiltests\bin\debug\net452\jiltests.dll" id="b1b9245b-1a50-45c8-9037-de3cb3322d8b"><Execution id="b8138b05-61ad-47bf-a521-f4920b408dab" /><TestMethod codeBase="C:\Users\dt-impact\ftsubs\mstest\kevin-montrose_Jil-8a5af0f\JilTests\bin\Debug\net452\JilTests.dll" adapterTypeName="executor://xunit/VsTestRunner2/desktop_and_uap" className="JilTests.SerializeTests" name="JilTests.SerializeTests.ReadOnlyLists" /></UnitTest><UnitTest name="JilTests.DeserializeTests.SerializationNameFormatsDeserialization" storage="c:\users\dt-impact\ftsubs\mstest\kevin-montrose_jil-8a5af0f\jiltests\bin\debug\net452\jiltests.dll" id="40f72425-a147-4ebf-bca0-3d1b5d774dce"><Execution id="298eae69-321c-4d43-ab7b-5a3dd34bb2ce" /><TestMethod codeBase="C:\Users\dt-impact\ftsubs\mstest\kevin-montrose_Jil-8a5af0f\JilTests\bin\Debug\net452\JilTests.dll" adapterTypeName="executor://xunit/VsTestRunner2/desktop_and_uap" className="JilTests.DeserializeTests" name="JilTests.DeserializeTests.SerializationNameFormatsDeserialization" /></UnitTest><UnitTest name="JilTests.SerializeTests.Issue42" storage="c:\users\dt-impact\ftsubs\mstest\kevin-montrose_jil-8a5af0f\jiltests\bin\debug\net452\jiltests.dll" id="6bd997b2-8dfc-456a-91af-ad237401a42e"><Execution id="456aa34d-62e8-430c-8936-a4b34243d922" /><TestMethod codeBase="C:\Users\dt-impact\ftsubs\mstest\kevin-montrose_Jil-8a5af0f\JilTests\bin\Debug\net452\JilTests.dll" adapterTypeName="executor://xunit/VsTestRunner2/desktop_and_uap" className="JilTests.SerializeTests" name="JilTests.SerializeTests.Issue42" /></UnitTest><UnitTest name="JilTests.DeserializeTests.Issue150" storage="c:\users\dt-impact\ftsubs\mstest\kevin-montrose_jil-8a5af0f\jiltests\bin\debug\net452\jiltests.dll" id="aa5a01d5-dc66-495b-8a2f-3622883ff5a2"><Execution id="68a05c94-f911-4418-aa7c-3ba8af7d46ad" /><TestMethod codeBase="C:\Users\dt-impact\ftsubs\mstest\kevin-montrose_Jil-8a5af0f\JilTests\bin\Debug\net452\JilTests.dll" adapterTypeName="executor://xunit/VsTestRunner2/desktop_and_uap" className="JilTests.DeserializeTests" name="JilTests.DeserializeTests.Issue150" /></UnitTest><UnitTest name="JilTests.DeserializeDynamicTests.GreaterThanOrEquals" storage="c:\users\dt-impact\ftsubs\mstest\kevin-montrose_jil-8a5af0f\jiltests\bin\debug\net452\jiltests.dll" id="4a7583e6-469a-41c8-8630-0bafc222336e"><Execution id="9377dec7-2c0a-4bee-acdb-ec2d56825051" /><TestMethod codeBase="C:\Users\dt-impact\ftsubs\mstest\kevin-montrose_Jil-8a5af0f\JilTests\bin\Debug\net452\JilTests.dll" adapterTypeName="executor://xunit/VsTestRunner2/desktop_and_uap" className="JilTests.DeserializeDynamicTests" name="JilTests.DeserializeDynamicTests.GreaterThanOrEquals" /></UnitTest><UnitTest name="JilTests.DeserializeTests.MalformedISO8601(dateString: &quot;\&quot;1900-366\&quot;&quot;, expectedError: &quot;Ordinal day can only be 366 in a leap year&quot;)" storage="c:\users\dt-impact\ftsubs\mstest\kevin-montrose_jil-8a5af0f\jiltests\bin\debug\net452\jiltests.dll" id="a5d20af4-983f-494a-ae72-5197235d1f09"><Execution id="06336e3a-790c-4d68-9fb0-71cbd4b4affa" /><TestMethod codeBase="C:\Users\dt-impact\ftsubs\mstest\kevin-montrose_Jil-8a5af0f\JilTests\bin\Debug\net452\JilTests.dll" adapterTypeName="executor://xunit/VsTestRunner2/desktop_and_uap" className="JilTests.DeserializeTests" name="JilTests.DeserializeTests.MalformedISO8601(dateString: &quot;\&quot;1900-366\&quot;&quot;, expectedError: &quot;Ordinal day can only be 366 in a leap year&quot;)" /></UnitTest><UnitTest name="JilTests.DeserializeTests.EmptyEnum" storage="c:\users\dt-impact\ftsubs\mstest\kevin-montrose_jil-8a5af0f\jiltests\bin\debug\net452\jiltests.dll" id="bb43c5cc-be99-44b3-a41e-9e0677020e0a"><Execution id="ca7090d4-2390-484b-8922-43b91d0b3e16" /><TestMethod codeBase="C:\Users\dt-impact\ftsubs\mstest\kevin-montrose_Jil-8a5af0f\JilTests\bin\Debug\net452\JilTests.dll" adapterTypeName="executor://xunit/VsTestRunner2/desktop_and_uap" className="JilTests.DeserializeTests" name="JilTests.DeserializeTests.EmptyEnum" /></UnitTest><UnitTest name="JilTests.SerializeTests.DiscriminantUnionWithoutUnionType" storage="c:\users\dt-impact\ftsubs\mstest\kevin-montrose_jil-8a5af0f\jiltests\bin\debug\net452\jiltests.dll" id="7904f66b-6e3d-4946-80f7-07df24560f2b"><Execution id="b25c4e06-be75-460c-bc1b-b02e15ea38fc" /><TestMethod codeBase="C:\Users\dt-impact\ftsubs\mstest\kevin-montrose_Jil-8a5af0f\JilTests\bin\Debug\net452\JilTests.dll" adapterTypeName="executor://xunit/VsTestRunner2/desktop_and_uap" className="JilTests.SerializeTests" name="JilTests.SerializeTests.DiscriminantUnionWithoutUnionType" /></UnitTest><UnitTest name="JilTests.DynamicSerializationTests.PersonElasticMigration" storage="c:\users\dt-impact\ftsubs\mstest\kevin-montrose_jil-8a5af0f\jiltests\bin\debug\net452\jiltests.dll" id="b42644a2-2303-4966-9f94-75d52713e8e3"><Execution id="e26f2424-0ceb-40eb-aa00-4abf1f01be70" /><TestMethod codeBase="C:\Users\dt-impact\ftsubs\mstest\kevin-montrose_Jil-8a5af0f\JilTests\bin\Debug\net452\JilTests.dll" adapterTypeName="executor://xunit/VsTestRunner2/desktop_and_uap" className="JilTests.DynamicSerializationTests" name="JilTests.DynamicSerializationTests.PersonElasticMigration" /></UnitTest><UnitTest name="JilTests.BadlySpecifiedTypeTests.DeserializeReader" storage="c:\users\dt-impact\ftsubs\mstest\kevin-montrose_jil-8a5af0f\jiltests\bin\debug\net452\jiltests.dll" id="0bf2d420-8757-4901-a1ef-e0ed5758856a"><Execution id="dfaff587-938a-4ddf-bd53-27e43c781ba4" /><TestMethod codeBase="C:\Users\dt-impact\ftsubs\mstest\kevin-montrose_Jil-8a5af0f\JilTests\bin\Debug\net452\JilTests.dll" adapterTypeName="executor://xunit/VsTestRunner2/desktop_and_uap" className="JilTests.BadlySpecifiedTypeTests" name="JilTests.BadlySpecifiedTypeTests.DeserializeReader" /></UnitTest><UnitTest name="JilTests.DeserializeTests.Chars" storage="c:\users\dt-impact\ftsubs\mstest\kevin-montrose_jil-8a5af0f\jiltests\bin\debug\net452\jiltests.dll" id="66cd7baa-d0ab-462f-9b32-91fc02e1fdd9"><Execution id="8894ad07-262d-4cd3-910b-172a9d010f05" /><TestMethod codeBase="C:\Users\dt-impact\ftsubs\mstest\kevin-montrose_Jil-8a5af0f\JilTests\bin\Debug\net452\JilTests.dll" adapterTypeName="executor://xunit/VsTestRunner2/desktop_and_uap" className="JilTests.DeserializeTests" name="JilTests.DeserializeTests.Chars" /></UnitTest><UnitTest name="JilTests.DeserializeDynamicTests.GreaterThan" storage="c:\users\dt-impact\ftsubs\mstest\kevin-montrose_jil-8a5af0f\jiltests\bin\debug\net452\jiltests.dll" id="2d029237-e721-404e-9f91-7eb46a889bd9"><Execution id="bfa4f08a-ed78-4fea-9d17-bfb6b8109294" /><TestMethod codeBase="C:\Users\dt-impact\ftsubs\mstest\kevin-montrose_Jil-8a5af0f\JilTests\bin\Debug\net452\JilTests.dll" adapterTypeName="executor://xunit/VsTestRunner2/desktop_and_uap" className="JilTests.DeserializeDynamicTests" name="JilTests.DeserializeDynamicTests.GreaterThan" /></UnitTest><UnitTest name="JilTests.SerializeTests.Issue147" storage="c:\users\dt-impact\ftsubs\mstest\kevin-montrose_jil-8a5af0f\jiltests\bin\debug\net452\jiltests.dll" id="02bb1a11-51f1-4fdd-a1fe-9b345cc285ef"><Execution id="42fa2287-83c2-4f9b-a377-a27f56fdaad1" /><TestMethod codeBase="C:\Users\dt-impact\ftsubs\mstest\kevin-montrose_Jil-8a5af0f\JilTests\bin\Debug\net452\JilTests.dll" adapterTypeName="executor://xunit/VsTestRunner2/desktop_and_uap" className="JilTests.SerializeTests" name="JilTests.SerializeTests.Issue147" /></UnitTest><UnitTest name="JilTests.DeserializeDynamicTests.EqualsTest" storage="c:\users\dt-impact\ftsubs\mstest\kevin-montrose_jil-8a5af0f\jiltests\bin\debug\net452\jiltests.dll" id="5f78a49a-f7d1-40a5-9416-8a8feec3f32a"><Execution id="7f4d996e-36b1-4924-8647-76683af29a0a" /><TestMethod codeBase="C:\Users\dt-impact\ftsubs\mstest\kevin-montrose_Jil-8a5af0f\JilTests\bin\Debug\net452\JilTests.dll" adapterTypeName="executor://xunit/VsTestRunner2/desktop_and_uap" className="JilTests.DeserializeDynamicTests" name="JilTests.DeserializeDynamicTests.EqualsTest" /></UnitTest><UnitTest name="JilTests.DeserializeTests.MalformedISO8601(dateString: &quot;\&quot;1999-W54\&quot;&quot;, expectedError: &quot;Expected week to be between 01 and 53&quot;)" storage="c:\users\dt-impact\ftsubs\mstest\kevin-montrose_jil-8a5af0f\jiltests\bin\debug\net452\jiltests.dll" id="67860690-6b63-4efb-9921-958b6c1f37e9"><Execution id="05ab29e5-bff9-47d4-a55e-301374345fc4" /><TestMethod codeBase="C:\Users\dt-impact\ftsubs\mstest\kevin-montrose_Jil-8a5af0f\JilTests\bin\Debug\net452\JilTests.dll" adapterTypeName="executor://xunit/VsTestRunner2/desktop_and_uap" className="JilTests.DeserializeTests" name="JilTests.DeserializeTests.MalformedISO8601(dateString: &quot;\&quot;1999-W54\&quot;&quot;, expectedError: &quot;Expected week to be between 01 and 53&quot;)" /></UnitTest><UnitTest name="JilTests.SerializeTests.StringEscapes" storage="c:\users\dt-impact\ftsubs\mstest\kevin-montrose_jil-8a5af0f\jiltests\bin\debug\net452\jiltests.dll" id="018afb13-86c0-4292-9e09-8222f8618213"><Execution id="9da908a5-8294-447a-9ddc-51232b704a38" /><TestMethod codeBase="C:\Users\dt-impact\ftsubs\mstest\kevin-montrose_Jil-8a5af0f\JilTests\bin\Debug\net452\JilTests.dll" adapterTypeName="executor://xunit/VsTestRunner2/desktop_and_uap" className="JilTests.SerializeTests" name="JilTests.SerializeTests.StringEscapes" /></UnitTest><UnitTest name="JilTests.DeserializeTests.Issue117_Decimal" storage="c:\users\dt-impact\ftsubs\mstest\kevin-montrose_jil-8a5af0f\jiltests\bin\debug\net452\jiltests.dll" id="ab241326-b994-411b-95f8-2119906d615b"><Execution id="ed160453-6424-4d7d-99ad-6831ebf3e07e" /><TestMethod codeBase="C:\Users\dt-impact\ftsubs\mstest\kevin-montrose_Jil-8a5af0f\JilTests\bin\Debug\net452\JilTests.dll" adapterTypeName="executor://xunit/VsTestRunner2/desktop_and_uap" className="JilTests.DeserializeTests" name="JilTests.DeserializeTests.Issue117_Decimal" /></UnitTest><UnitTest name="JilTests.SerializeTests.StringsAndChars" storage="c:\users\dt-impact\ftsubs\mstest\kevin-montrose_jil-8a5af0f\jiltests\bin\debug\net452\jiltests.dll" id="32ed176d-d554-40ac-b2f9-5ac4b02a6607"><Execution id="294dd9a7-4321-4ec8-b002-a3a6594d0fbd" /><TestMethod codeBase="C:\Users\dt-impact\ftsubs\mstest\kevin-montrose_Jil-8a5af0f\JilTests\bin\Debug\net452\JilTests.dll" adapterTypeName="executor://xunit/VsTestRunner2/desktop_and_uap" className="JilTests.SerializeTests" name="JilTests.SerializeTests.StringsAndChars" /></UnitTest><UnitTest name="JilTests.DeserializeTests.MalformedISO8601(dateString: &quot;\&quot;1900-000\&quot;&quot;, expectedError: &quot;Expected ordinal day to be between 001 and 366&quot;)" storage="c:\users\dt-impact\ftsubs\mstest\kevin-montrose_jil-8a5af0f\jiltests\bin\debug\net452\jiltests.dll" id="72a77ef3-c2a7-4146-a6b4-edac3211baa3"><Execution id="58c07260-6b85-4611-b796-3c1a2c06309b" /><TestMethod codeBase="C:\Users\dt-impact\ftsubs\mstest\kevin-montrose_Jil-8a5af0f\JilTests\bin\Debug\net452\JilTests.dll" adapterTypeName="executor://xunit/VsTestRunner2/desktop_and_uap" className="JilTests.DeserializeTests" name="JilTests.DeserializeTests.MalformedISO8601(dateString: &quot;\&quot;1900-000\&quot;&quot;, expectedError: &quot;Expected ordinal day to be between 001 and 366&quot;)" /></UnitTest><UnitTest name="JilTests.SerializeTests.PrettyPrint" storage="c:\users\dt-impact\ftsubs\mstest\kevin-montrose_jil-8a5af0f\jiltests\bin\debug\net452\jiltests.dll" id="42301be7-d437-4d69-8e24-d3c44c89e756"><Execution id="a2d8b005-81e4-4944-9bb4-b2798e147e66" /><TestMethod codeBase="C:\Users\dt-impact\ftsubs\mstest\kevin-montrose_Jil-8a5af0f\JilTests\bin\Debug\net452\JilTests.dll" adapterTypeName="executor://xunit/VsTestRunner2/desktop_and_uap" className="JilTests.SerializeTests" name="JilTests.SerializeTests.PrettyPrint" /></UnitTest><UnitTest name="JilTests.DeserializeTests.EnumEscapes" storage="c:\users\dt-impact\ftsubs\mstest\kevin-montrose_jil-8a5af0f\jiltests\bin\debug\net452\jiltests.dll" id="5c8def63-9852-4e6e-b5d0-1f7b00e7d04a"><Execution id="2716dc6c-8746-4f8c-a624-9206f9a3bfe1" /><TestMethod codeBase="C:\Users\dt-impact\ftsubs\mstest\kevin-montrose_Jil-8a5af0f\JilTests\bin\Debug\net452\JilTests.dll" adapterTypeName="executor://xunit/VsTestRunner2/desktop_and_uap" className="JilTests.DeserializeTests" name="JilTests.DeserializeTests.EnumEscapes" /></UnitTest><UnitTest name="JilTests.SerializeTests.MicrosoftDateTimeOffsets" storage="c:\users\dt-impact\ftsubs\mstest\kevin-montrose_jil-8a5af0f\jiltests\bin\debug\net452\jiltests.dll" id="860342b5-753e-444e-add3-059b424451b4"><Execution id="046e9869-02a6-4ebb-bbee-85657c5ebe9c" /><TestMethod codeBase="C:\Users\dt-impact\ftsubs\mstest\kevin-montrose_Jil-8a5af0f\JilTests\bin\Debug\net452\JilTests.dll" adapterTypeName="executor://xunit/VsTestRunner2/desktop_and_uap" className="JilTests.SerializeTests" name="JilTests.SerializeTests.MicrosoftDateTimeOffsets" /></UnitTest><UnitTest name="JilTests.DeserializeTests.MalformedISO8601(dateString: &quot;\&quot;1999W54\&quot;&quot;, expectedError: &quot;Expected week to be between 01 and 53&quot;)" storage="c:\users\dt-impact\ftsubs\mstest\kevin-montrose_jil-8a5af0f\jiltests\bin\debug\net452\jiltests.dll" id="94d80bee-bce8-459a-a63a-7964e1c411cf"><Execution id="39fb652c-2d3e-4f60-8cfb-b1f15fa71b84" /><TestMethod codeBase="C:\Users\dt-impact\ftsubs\mstest\kevin-montrose_Jil-8a5af0f\JilTests\bin\Debug\net452\JilTests.dll" adapterTypeName="executor://xunit/VsTestRunner2/desktop_and_uap" className="JilTests.DeserializeTests" name="JilTests.DeserializeTests.MalformedISO8601(dateString: &quot;\&quot;1999W54\&quot;&quot;, expectedError: &quot;Expected week to be between 01 and 53&quot;)" /></UnitTest><UnitTest name="JilTests.DeserializeTests.Issue227" storage="c:\users\dt-impact\ftsubs\mstest\kevin-montrose_jil-8a5af0f\jiltests\bin\debug\net452\jiltests.dll" id="02d0c886-53b5-4015-bf61-747ed83d4fa5"><Execution id="6810145e-b0ca-4f6d-81e2-a3998c1d1e6b" /><TestMethod codeBase="C:\Users\dt-impact\ftsubs\mstest\kevin-montrose_Jil-8a5af0f\JilTests\bin\Debug\net452\JilTests.dll" adapterTypeName="executor://xunit/VsTestRunner2/desktop_and_uap" className="JilTests.DeserializeTests" name="JilTests.DeserializeTests.Issue227" /></UnitTest><UnitTest name="JilTests.DynamicSerializationTests.MillsecondsTimeSpans" storage="c:\users\dt-impact\ftsubs\mstest\kevin-montrose_jil-8a5af0f\jiltests\bin\debug\net452\jiltests.dll" id="299b0d66-896f-455b-9a28-3921219df741"><Execution id="ee3d75b7-06db-4653-b971-3a94944fdd78" /><TestMethod codeBase="C:\Users\dt-impact\ftsubs\mstest\kevin-montrose_Jil-8a5af0f\JilTests\bin\Debug\net452\JilTests.dll" adapterTypeName="executor://xunit/VsTestRunner2/desktop_and_uap" className="JilTests.DynamicSerializationTests" name="JilTests.DynamicSerializationTests.MillsecondsTimeSpans" /></UnitTest><UnitTest name="JilTests.DeserializeTests.MalformedISO8601(dateString: &quot;\&quot;1900000\&quot;&quot;, expectedError: &quot;Expected ordinal day to be between 001 and 366&quot;)" storage="c:\users\dt-impact\ftsubs\mstest\kevin-montrose_jil-8a5af0f\jiltests\bin\debug\net452\jiltests.dll" id="c1b265a1-a4d2-47ca-a940-1c15920c6a7c"><Execution id="c246a7cb-27e9-4e3d-b83a-b0091abcb4e4" /><TestMethod codeBase="C:\Users\dt-impact\ftsubs\mstest\kevin-montrose_Jil-8a5af0f\JilTests\bin\Debug\net452\JilTests.dll" adapterTypeName="executor://xunit/VsTestRunner2/desktop_and_uap" className="JilTests.DeserializeTests" name="JilTests.DeserializeTests.MalformedISO8601(dateString: &quot;\&quot;1900000\&quot;&quot;, expectedError: &quot;Expected ordinal day to be between 001 and 366&quot;)" /></UnitTest><UnitTest name="JilTests.DeserializeDynamicTests.UnsignedSmallNumberTests" storage="c:\users\dt-impact\ftsubs\mstest\kevin-montrose_jil-8a5af0f\jiltests\bin\debug\net452\jiltests.dll" id="3e6aad9a-6652-4a66-9323-199449150ff2"><Execution id="95f642a7-f2bd-4fba-b8c4-a66d9d91db81" /><TestMethod codeBase="C:\Users\dt-impact\ftsubs\mstest\kevin-montrose_Jil-8a5af0f\JilTests\bin\Debug\net452\JilTests.dll" adapterTypeName="executor://xunit/VsTestRunner2/desktop_and_uap" className="JilTests.DeserializeDynamicTests" name="JilTests.DeserializeDynamicTests.UnsignedSmallNumberTests" /></UnitTest><UnitTest name="JilTests.DeserializeTests.MalformedISO8601(dateString: &quot;\&quot;1999W018\&quot;&quot;, expectedError: &quot;Expected day to be a digit between 1 and 7&quot;)" storage="c:\users\dt-impact\ftsubs\mstest\kevin-montrose_jil-8a5af0f\jiltests\bin\debug\net452\jiltests.dll" id="8ea5a281-36cd-416a-907e-b6fb4bdc7278"><Execution id="6dbc3735-a207-4fd9-aeb2-5df9000e58b4" /><TestMethod codeBase="C:\Users\dt-impact\ftsubs\mstest\kevin-montrose_Jil-8a5af0f\JilTests\bin\Debug\net452\JilTests.dll" adapterTypeName="executor://xunit/VsTestRunner2/desktop_and_uap" className="JilTests.DeserializeTests" name="JilTests.DeserializeTests.MalformedISO8601(dateString: &quot;\&quot;1999W018\&quot;&quot;, expectedError: &quot;Expected day to be a digit between 1 and 7&quot;)" /></UnitTest><UnitTest name="JilTests.DynamicSerializationTests.Issue224" storage="c:\users\dt-impact\ftsubs\mstest\kevin-montrose_jil-8a5af0f\jiltests\bin\debug\net452\jiltests.dll" id="c22a836f-5dd6-4700-95b0-6a52a31fbe56"><Execution id="30336087-659c-44bc-a5e6-ce4f475cad64" /><TestMethod codeBase="C:\Users\dt-impact\ftsubs\mstest\kevin-montrose_Jil-8a5af0f\JilTests\bin\Debug\net452\JilTests.dll" adapterTypeName="executor://xunit/VsTestRunner2/desktop_and_uap" className="JilTests.DynamicSerializationTests" name="JilTests.DynamicSerializationTests.Issue224" /></UnitTest><UnitTest name="JilTests.DeserializeTests.MalformedISO8601(dateString: &quot;\&quot;0000\&quot;&quot;, expectedError: &quot;ISO8601 year 0000 cannot be converted to a DateTim&quot;...)" storage="c:\users\dt-impact\ftsubs\mstest\kevin-montrose_jil-8a5af0f\jiltests\bin\debug\net452\jiltests.dll" id="535cc6c2-14bd-4e96-859f-573faf5ab0d4"><Execution id="0ea1697e-3e6f-4bcb-9059-21bc36f5a1b9" /><TestMethod codeBase="C:\Users\dt-impact\ftsubs\mstest\kevin-montrose_Jil-8a5af0f\JilTests\bin\Debug\net452\JilTests.dll" adapterTypeName="executor://xunit/VsTestRunner2/desktop_and_uap" className="JilTests.DeserializeTests" name="JilTests.DeserializeTests.MalformedISO8601(dateString: &quot;\&quot;0000\&quot;&quot;, expectedError: &quot;ISO8601 year 0000 cannot be converted to a DateTim&quot;...)" /></UnitTest><UnitTest name="JilTests.SerializeTests.Primitive" storage="c:\users\dt-impact\ftsubs\mstest\kevin-montrose_jil-8a5af0f\jiltests\bin\debug\net452\jiltests.dll" id="a1d46285-e768-4773-8b64-13391f285443"><Execution id="ccc2004d-895d-4784-a266-2b278d6f7b70" /><TestMethod codeBase="C:\Users\dt-impact\ftsubs\mstest\kevin-montrose_Jil-8a5af0f\JilTests\bin\Debug\net452\JilTests.dll" adapterTypeName="executor://xunit/VsTestRunner2/desktop_and_uap" className="JilTests.SerializeTests" name="JilTests.SerializeTests.Primitive" /></UnitTest><UnitTest name="JilTests.DynamicSerializationTests.MicrosoftDateTimeOffsetSelfRoundtrip" storage="c:\users\dt-impact\ftsubs\mstest\kevin-montrose_jil-8a5af0f\jiltests\bin\debug\net452\jiltests.dll" id="9fd2309b-37cc-4cfe-8e0c-781bd0ce994b"><Execution id="b1d8ead2-bbf1-4984-bd85-0b4173369526" /><TestMethod codeBase="C:\Users\dt-impact\ftsubs\mstest\kevin-montrose_Jil-8a5af0f\JilTests\bin\Debug\net452\JilTests.dll" adapterTypeName="executor://xunit/VsTestRunner2/desktop_and_uap" className="JilTests.DynamicSerializationTests" name="JilTests.DynamicSerializationTests.MicrosoftDateTimeOffsetSelfRoundtrip" /></UnitTest><UnitTest name="JilTests.SerializeTests.Issue95" storage="c:\users\dt-impact\ftsubs\mstest\kevin-montrose_jil-8a5af0f\jiltests\bin\debug\net452\jiltests.dll" id="189a782e-f4eb-4e17-867c-07b915258ef3"><Execution id="873ba78e-ad52-496a-b482-858db5b20434" /><TestMethod codeBase="C:\Users\dt-impact\ftsubs\mstest\kevin-montrose_Jil-8a5af0f\JilTests\bin\Debug\net452\JilTests.dll" adapterTypeName="executor://xunit/VsTestRunner2/desktop_and_uap" className="JilTests.SerializeTests" name="JilTests.SerializeTests.Issue95" /></UnitTest><UnitTest name="JilTests.DeserializeTests.Issue117_Byte" storage="c:\users\dt-impact\ftsubs\mstest\kevin-montrose_jil-8a5af0f\jiltests\bin\debug\net452\jiltests.dll" id="0732ee22-7363-40a9-a3bd-6b1421d77eba"><Execution id="54e19dfc-5777-4809-85ec-198a574845dd" /><TestMethod codeBase="C:\Users\dt-impact\ftsubs\mstest\kevin-montrose_Jil-8a5af0f\JilTests\bin\Debug\net452\JilTests.dll" adapterTypeName="executor://xunit/VsTestRunner2/desktop_and_uap" className="JilTests.DeserializeTests" name="JilTests.DeserializeTests.Issue117_Byte" /></UnitTest><UnitTest name="JilTests.EnumFlagsTest.TestEnumFlagsSerialize" storage="c:\users\dt-impact\ftsubs\mstest\kevin-montrose_jil-8a5af0f\jiltests\bin\debug\net452\jiltests.dll" id="e518cc9f-be4b-4c75-9a9c-d7c74fdccc32"><Execution id="8a9b849d-ff42-4e12-ba79-c73de2d63c53" /><TestMethod codeBase="C:\Users\dt-impact\ftsubs\mstest\kevin-montrose_Jil-8a5af0f\JilTests\bin\Debug\net452\JilTests.dll" adapterTypeName="executor://xunit/VsTestRunner2/desktop_and_uap" className="JilTests.EnumFlagsTest" name="JilTests.EnumFlagsTest.TestEnumFlagsSerialize" /></UnitTest><UnitTest name="JilTests.DeserializeDynamicTests.EmptyArrayWithSpace" storage="c:\users\dt-impact\ftsubs\mstest\kevin-montrose_jil-8a5af0f\jiltests\bin\debug\net452\jiltests.dll" id="7f398339-b2c6-4225-9138-63572a010553"><Execution id="fdfa5a06-1c5b-4872-9c5f-c64176eba09f" /><TestMethod codeBase="C:\Users\dt-impact\ftsubs\mstest\kevin-montrose_Jil-8a5af0f\JilTests\bin\Debug\net452\JilTests.dll" adapterTypeName="executor://xunit/VsTestRunner2/desktop_and_uap" className="JilTests.DeserializeDynamicTests" name="JilTests.DeserializeDynamicTests.EmptyArrayWithSpace" /></UnitTest><UnitTest name="JilTests.DeserializeTests.UnionAttributeError" storage="c:\users\dt-impact\ftsubs\mstest\kevin-montrose_jil-8a5af0f\jiltests\bin\debug\net452\jiltests.dll" id="c903dd96-617b-442b-a8a3-25e3e3bc242a"><Execution id="b5c94375-3a48-4cf2-b321-d6a9641a3068" /><TestMethod codeBase="C:\Users\dt-impact\ftsubs\mstest\kevin-montrose_Jil-8a5af0f\JilTests\bin\Debug\net452\JilTests.dll" adapterTypeName="executor://xunit/VsTestRunner2/desktop_and_uap" className="JilTests.DeserializeTests" name="JilTests.DeserializeTests.UnionAttributeError" /></UnitTest><UnitTest name="JilTests.DeserializeTests.IDictionaryIntToInt" storage="c:\users\dt-impact\ftsubs\mstest\kevin-montrose_jil-8a5af0f\jiltests\bin\debug\net452\jiltests.dll" id="237c35df-abf0-4f7b-9a8d-56c8893704f4"><Execution id="9bc56757-82ed-4009-ac58-9ece9854161f" /><TestMethod codeBase="C:\Users\dt-impact\ftsubs\mstest\kevin-montrose_Jil-8a5af0f\JilTests\bin\Debug\net452\JilTests.dll" adapterTypeName="executor://xunit/VsTestRunner2/desktop_and_uap" className="JilTests.DeserializeTests" name="JilTests.DeserializeTests.IDictionaryIntToInt" /></UnitTest><UnitTest name="JilTests.SerializeTests.ValueTypes" storage="c:\users\dt-impact\ftsubs\mstest\kevin-montrose_jil-8a5af0f\jiltests\bin\debug\net452\jiltests.dll" id="8a49a504-dae7-4014-b170-c6d16fc8a77c"><Execution id="59827e0b-ab31-4176-b311-71ecc7cd10d8" /><TestMethod codeBase="C:\Users\dt-impact\ftsubs\mstest\kevin-montrose_Jil-8a5af0f\JilTests\bin\Debug\net452\JilTests.dll" adapterTypeName="executor://xunit/VsTestRunner2/desktop_and_uap" className="JilTests.SerializeTests" name="JilTests.SerializeTests.ValueTypes" /></UnitTest><UnitTest name="JilTests.SerializeTests.ISO8601TimeSpans" storage="c:\users\dt-impact\ftsubs\mstest\kevin-montrose_jil-8a5af0f\jiltests\bin\debug\net452\jiltests.dll" id="e22b6fd4-5e19-4c37-a9c7-17ae6a9c21da"><Execution id="2761a79d-d812-43f9-b02f-f123812c226d" /><TestMethod codeBase="C:\Users\dt-impact\ftsubs\mstest\kevin-montrose_Jil-8a5af0f\JilTests\bin\Debug\net452\JilTests.dll" adapterTypeName="executor://xunit/VsTestRunner2/desktop_and_uap" className="JilTests.SerializeTests" name="JilTests.SerializeTests.ISO8601TimeSpans" /></UnitTest><UnitTest name="JilTests.DeserializeDynamicTests.RFC1123" storage="c:\users\dt-impact\ftsubs\mstest\kevin-montrose_jil-8a5af0f\jiltests\bin\debug\net452\jiltests.dll" id="66e9665d-683f-4cae-a719-fefb91b8e45b"><Execution id="a751c45a-43c9-406c-a3db-6557348191e3" /><TestMethod codeBase="C:\Users\dt-impact\ftsubs\mstest\kevin-montrose_Jil-8a5af0f\JilTests\bin\Debug\net452\JilTests.dll" adapterTypeName="executor://xunit/VsTestRunner2/desktop_and_uap" className="JilTests.DeserializeDynamicTests" name="JilTests.DeserializeDynamicTests.RFC1123" /></UnitTest><UnitTest name="JilTests.DeserializeTests.MillisecondsTimeSpan" storage="c:\users\dt-impact\ftsubs\mstest\kevin-montrose_jil-8a5af0f\jiltests\bin\debug\net452\jiltests.dll" id="e07e02a0-c9e7-4527-b6c3-00a28576dcfb"><Execution id="14749df9-5749-4118-a119-3a773d49f280" /><TestMethod codeBase="C:\Users\dt-impact\ftsubs\mstest\kevin-montrose_Jil-8a5af0f\JilTests\bin\Debug\net452\JilTests.dll" adapterTypeName="executor://xunit/VsTestRunner2/desktop_and_uap" className="JilTests.DeserializeTests" name="JilTests.DeserializeTests.MillisecondsTimeSpan" /></UnitTest><UnitTest name="JilTests.DeserializeTests.BadDouble(input: &quot;1.2.3.4.5.6&quot;, expectedSnippetAfter: &quot;.3.4.5.6&quot;)" storage="c:\users\dt-impact\ftsubs\mstest\kevin-montrose_jil-8a5af0f\jiltests\bin\debug\net452\jiltests.dll" id="c6c3b2e2-15d9-4193-9ae2-ea146a2171ad"><Execution id="57f6f169-adcd-4627-a328-4eaf0832a6e2" /><TestMethod codeBase="C:\Users\dt-impact\ftsubs\mstest\kevin-montrose_Jil-8a5af0f\JilTests\bin\Debug\net452\JilTests.dll" adapterTypeName="executor://xunit/VsTestRunner2/desktop_and_uap" className="JilTests.DeserializeTests" name="JilTests.DeserializeTests.BadDouble(input: &quot;1.2.3.4.5.6&quot;, expectedSnippetAfter: &quot;.3.4.5.6&quot;)" /></UnitTest><UnitTest name="JilTests.DeserializeTests.DateTimeOffsets" storage="c:\users\dt-impact\ftsubs\mstest\kevin-montrose_jil-8a5af0f\jiltests\bin\debug\net452\jiltests.dll" id="9a0acc6d-5d46-4080-ac24-30ecd1f53121"><Execution id="4b8dd92d-8bdf-47be-9794-963db1dc1d48" /><TestMethod codeBase="C:\Users\dt-impact\ftsubs\mstest\kevin-montrose_Jil-8a5af0f\JilTests\bin\Debug\net452\JilTests.dll" adapterTypeName="executor://xunit/VsTestRunner2/desktop_and_uap" className="JilTests.DeserializeTests" name="JilTests.DeserializeTests.DateTimeOffsets" /></UnitTest><UnitTest name="JilTests.DeserializeTests.Ints" storage="c:\users\dt-impact\ftsubs\mstest\kevin-montrose_jil-8a5af0f\jiltests\bin\debug\net452\jiltests.dll" id="304a128e-de39-41b2-b0c0-d46b5c0a8266"><Execution id="be2dfb8f-3c60-495d-ae9d-010e6a22cc00" /><TestMethod codeBase="C:\Users\dt-impact\ftsubs\mstest\kevin-montrose_Jil-8a5af0f\JilTests\bin\Debug\net452\JilTests.dll" adapterTypeName="executor://xunit/VsTestRunner2/desktop_and_uap" className="JilTests.DeserializeTests" name="JilTests.DeserializeTests.Ints" /></UnitTest><UnitTest name="JilTests.DeserializeDynamicTests.TimeSpans_Milliseconds" storage="c:\users\dt-impact\ftsubs\mstest\kevin-montrose_jil-8a5af0f\jiltests\bin\debug\net452\jiltests.dll" id="ae88577e-da1a-4de1-976b-a59ec50db314"><Execution id="95a24b3e-5232-4038-b328-5ebe170a62fc" /><TestMethod codeBase="C:\Users\dt-impact\ftsubs\mstest\kevin-montrose_Jil-8a5af0f\JilTests\bin\Debug\net452\JilTests.dll" adapterTypeName="executor://xunit/VsTestRunner2/desktop_and_uap" className="JilTests.DeserializeDynamicTests" name="JilTests.DeserializeDynamicTests.TimeSpans_Milliseconds" /></UnitTest><UnitTest name="JilTests.DeserializeTests.Issue117_Double" storage="c:\users\dt-impact\ftsubs\mstest\kevin-montrose_jil-8a5af0f\jiltests\bin\debug\net452\jiltests.dll" id="39be32f8-dc9f-425b-8453-140afc9f285c"><Execution id="2d226ace-8c7f-42e2-9935-0d01274c860b" /><TestMethod codeBase="C:\Users\dt-impact\ftsubs\mstest\kevin-montrose_Jil-8a5af0f\JilTests\bin\Debug\net452\JilTests.dll" adapterTypeName="executor://xunit/VsTestRunner2/desktop_and_uap" className="JilTests.DeserializeTests" name="JilTests.DeserializeTests.Issue117_Double" /></UnitTest><UnitTest name="JilTests.DeserializeTests.BadFloat(input: &quot;1.2E10E10&quot;, expectedSnippetAfter: &quot;E10&quot;)" storage="c:\users\dt-impact\ftsubs\mstest\kevin-montrose_jil-8a5af0f\jiltests\bin\debug\net452\jiltests.dll" id="240b94e9-6ce0-43f6-978d-bc5ded581a59"><Execution id="c1cb6f16-fd3b-4031-bca7-28ab5a6a7023" /><TestMethod codeBase="C:\Users\dt-impact\ftsubs\mstest\kevin-montrose_Jil-8a5af0f\JilTests\bin\Debug\net452\JilTests.dll" adapterTypeName="executor://xunit/VsTestRunner2/desktop_and_uap" className="JilTests.DeserializeTests" name="JilTests.DeserializeTests.BadFloat(input: &quot;1.2E10E10&quot;, expectedSnippetAfter: &quot;E10&quot;)" /></UnitTest><UnitTest name="JilTests.DeserializeDynamicTests.Issue143TimeSpanFractionOverflow" storage="c:\users\dt-impact\ftsubs\mstest\kevin-montrose_jil-8a5af0f\jiltests\bin\debug\net452\jiltests.dll" id="e249437d-105f-49e3-a306-c219d09496d4"><Execution id="36734e93-ad01-4296-b53a-69c007305991" /><TestMethod codeBase="C:\Users\dt-impact\ftsubs\mstest\kevin-montrose_Jil-8a5af0f\JilTests\bin\Debug\net452\JilTests.dll" adapterTypeName="executor://xunit/VsTestRunner2/desktop_and_uap" className="JilTests.DeserializeDynamicTests" name="JilTests.DeserializeDynamicTests.Issue143TimeSpanFractionOverflow" /></UnitTest><UnitTest name="JilTests.SerializeTests.Issue127" storage="c:\users\dt-impact\ftsubs\mstest\kevin-montrose_jil-8a5af0f\jiltests\bin\debug\net452\jiltests.dll" id="fcd6a0aa-bbb6-45f4-974f-82519d11ebd4"><Execution id="7f43b492-3ec2-45ac-978c-9754d6458a69" /><TestMethod codeBase="C:\Users\dt-impact\ftsubs\mstest\kevin-montrose_Jil-8a5af0f\JilTests\bin\Debug\net452\JilTests.dll" adapterTypeName="executor://xunit/VsTestRunner2/desktop_and_uap" className="JilTests.SerializeTests" name="JilTests.SerializeTests.Issue127" /></UnitTest><UnitTest name="JilTests.DeserializeDynamicTests.Number" storage="c:\users\dt-impact\ftsubs\mstest\kevin-montrose_jil-8a5af0f\jiltests\bin\debug\net452\jiltests.dll" id="fe99d31c-17f3-48d4-ab86-184d39e9e95f"><Execution id="933bb1c7-a779-439f-a827-027a5b993afe" /><TestMethod codeBase="C:\Users\dt-impact\ftsubs\mstest\kevin-montrose_Jil-8a5af0f\JilTests\bin\Debug\net452\JilTests.dll" adapterTypeName="executor://xunit/VsTestRunner2/desktop_and_uap" className="JilTests.DeserializeDynamicTests" name="JilTests.DeserializeDynamicTests.Number" /></UnitTest><UnitTest name="JilTests.DeserializeTests.MicrosoftDateTimeOffsets" storage="c:\users\dt-impact\ftsubs\mstest\kevin-montrose_jil-8a5af0f\jiltests\bin\debug\net452\jiltests.dll" id="6c2394cb-f36e-437e-88e5-c7fd2406b974"><Execution id="262b1ca0-2cba-4575-a980-08f73c27cb80" /><TestMethod codeBase="C:\Users\dt-impact\ftsubs\mstest\kevin-montrose_Jil-8a5af0f\JilTests\bin\Debug\net452\JilTests.dll" adapterTypeName="executor://xunit/VsTestRunner2/desktop_and_uap" className="JilTests.DeserializeTests" name="JilTests.DeserializeTests.MicrosoftDateTimeOffsets" /></UnitTest><UnitTest name="JilTests.SerializeTests.LotsOfStrings" storage="c:\users\dt-impact\ftsubs\mstest\kevin-montrose_jil-8a5af0f\jiltests\bin\debug\net452\jiltests.dll" id="84057158-b250-46b2-9e0a-036a80789046"><Execution id="89c688f8-13af-4da8-8bf9-3647f7191d0d" /><TestMethod codeBase="C:\Users\dt-impact\ftsubs\mstest\kevin-montrose_Jil-8a5af0f\JilTests\bin\Debug\net452\JilTests.dll" adapterTypeName="executor://xunit/VsTestRunner2/desktop_and_uap" className="JilTests.SerializeTests" name="JilTests.SerializeTests.LotsOfStrings" /></UnitTest><UnitTest name="JilTests.DeserializeTests.NewtsoftDateTimes" storage="c:\users\dt-impact\ftsubs\mstest\kevin-montrose_jil-8a5af0f\jiltests\bin\debug\net452\jiltests.dll" id="22c359ad-4a89-4005-99c4-158339f9fdf3"><Execution id="28709840-7b20-42a4-89b1-5a67cd691efa" /><TestMethod codeBase="C:\Users\dt-impact\ftsubs\mstest\kevin-montrose_Jil-8a5af0f\JilTests\bin\Debug\net452\JilTests.dll" adapterTypeName="executor://xunit/VsTestRunner2/desktop_and_uap" className="JilTests.DeserializeTests" name="JilTests.DeserializeTests.NewtsoftDateTimes" /></UnitTest><UnitTest name="JilTests.DeserializeDynamicTests.TimeSpans_Seconds" storage="c:\users\dt-impact\ftsubs\mstest\kevin-montrose_jil-8a5af0f\jiltests\bin\debug\net452\jiltests.dll" id="440cf48b-6d8f-474f-8fc4-2fb89f9b64a6"><Execution id="d79d7bd1-a013-4e14-8441-3553e72f653d" /><TestMethod codeBase="C:\Users\dt-impact\ftsubs\mstest\kevin-montrose_Jil-8a5af0f\JilTests\bin\Debug\net452\JilTests.dll" adapterTypeName="executor://xunit/VsTestRunner2/desktop_and_uap" className="JilTests.DeserializeDynamicTests" name="JilTests.DeserializeDynamicTests.TimeSpans_Seconds" /></UnitTest><UnitTest name="JilTests.DeserializeTests.Issue117_Int" storage="c:\users\dt-impact\ftsubs\mstest\kevin-montrose_jil-8a5af0f\jiltests\bin\debug\net452\jiltests.dll" id="fd649b96-ff3a-48c3-a773-f22409ce602c"><Execution id="f9306a98-71c0-44bd-901b-f24cf2a5ab0e" /><TestMethod codeBase="C:\Users\dt-impact\ftsubs\mstest\kevin-montrose_Jil-8a5af0f\JilTests\bin\Debug\net452\JilTests.dll" adapterTypeName="executor://xunit/VsTestRunner2/desktop_and_uap" className="JilTests.DeserializeTests" name="JilTests.DeserializeTests.Issue117_Int" /></UnitTest><UnitTest name="JilTests.DeserializeDynamicTests.Issue143TimeSpan" storage="c:\users\dt-impact\ftsubs\mstest\kevin-montrose_jil-8a5af0f\jiltests\bin\debug\net452\jiltests.dll" id="a8cab33a-b25c-4d8d-8846-953b81eef2bf"><Execution id="b407a68e-7c4e-41e4-9dae-061cf5770e49" /><TestMethod codeBase="C:\Users\dt-impact\ftsubs\mstest\kevin-montrose_Jil-8a5af0f\JilTests\bin\Debug\net452\JilTests.dll" adapterTypeName="executor://xunit/VsTestRunner2/desktop_and_uap" className="JilTests.DeserializeDynamicTests" name="JilTests.DeserializeDynamicTests.Issue143TimeSpan" /></UnitTest><UnitTest name="JilTests.SerializeTests.FlagsEnumWithZero" storage="c:\users\dt-impact\ftsubs\mstest\kevin-montrose_jil-8a5af0f\jiltests\bin\debug\net452\jiltests.dll" id="03c62f89-e4ee-4938-b62d-06e21397ccfd"><Execution id="546a135c-a760-46eb-ae07-ff62280f166e" /><TestMethod codeBase="C:\Users\dt-impact\ftsubs\mstest\kevin-montrose_Jil-8a5af0f\JilTests\bin\Debug\net452\JilTests.dll" adapterTypeName="executor://xunit/VsTestRunner2/desktop_and_uap" className="JilTests.SerializeTests" name="JilTests.SerializeTests.FlagsEnumWithZero" /></UnitTest><UnitTest name="JilTests.DeserializeDynamicTests.Divide" storage="c:\users\dt-impact\ftsubs\mstest\kevin-montrose_jil-8a5af0f\jiltests\bin\debug\net452\jiltests.dll" id="0d36fdf3-8f44-47b6-b9ad-ac6754c4171d"><Execution id="fc12fc33-c434-4c48-b036-da33e13d1289" /><TestMethod codeBase="C:\Users\dt-impact\ftsubs\mstest\kevin-montrose_Jil-8a5af0f\JilTests\bin\Debug\net452\JilTests.dll" adapterTypeName="executor://xunit/VsTestRunner2/desktop_and_uap" className="JilTests.DeserializeDynamicTests" name="JilTests.DeserializeDynamicTests.Divide" /></UnitTest><UnitTest name="JilTests.DeserializeDynamicTests.TimeSpans_ISO8601" storage="c:\users\dt-impact\ftsubs\mstest\kevin-montrose_jil-8a5af0f\jiltests\bin\debug\net452\jiltests.dll" id="c4bc8ea9-a24c-4bdd-a844-8608ebce4074"><Execution id="deeec965-ad12-4551-910d-bd62b7fb3386" /><TestMethod codeBase="C:\Users\dt-impact\ftsubs\mstest\kevin-montrose_Jil-8a5af0f\JilTests\bin\Debug\net452\JilTests.dll" adapterTypeName="executor://xunit/VsTestRunner2/desktop_and_uap" className="JilTests.DeserializeDynamicTests" name="JilTests.DeserializeDynamicTests.TimeSpans_ISO8601" /></UnitTest><UnitTest name="JilTests.SerializeTests.DiscriminantUnionsWithUnionType" storage="c:\users\dt-impact\ftsubs\mstest\kevin-montrose_jil-8a5af0f\jiltests\bin\debug\net452\jiltests.dll" id="9834bb19-c663-4619-866e-55702a3fbdf4"><Execution id="44a8783d-eac4-454e-a153-ae014e8c2da0" /><TestMethod codeBase="C:\Users\dt-impact\ftsubs\mstest\kevin-montrose_Jil-8a5af0f\JilTests\bin\Debug\net452\JilTests.dll" adapterTypeName="executor://xunit/VsTestRunner2/desktop_and_uap" className="JilTests.SerializeTests" name="JilTests.SerializeTests.DiscriminantUnionsWithUnionType" /></UnitTest><UnitTest name="JilTests.DeserializeTests.Arrays" storage="c:\users\dt-impact\ftsubs\mstest\kevin-montrose_jil-8a5af0f\jiltests\bin\debug\net452\jiltests.dll" id="2fac66f7-9086-4bc1-9c9f-5b7667dbb3c5"><Execution id="083ea5e5-c5e5-45ab-8a48-f750e7c0348a" /><TestMethod codeBase="C:\Users\dt-impact\ftsubs\mstest\kevin-montrose_Jil-8a5af0f\JilTests\bin\Debug\net452\JilTests.dll" adapterTypeName="executor://xunit/VsTestRunner2/desktop_and_uap" className="JilTests.DeserializeTests" name="JilTests.DeserializeTests.Arrays" /></UnitTest><UnitTest name="JilTests.SerializeTests.DoubleWeirdCulture" storage="c:\users\dt-impact\ftsubs\mstest\kevin-montrose_jil-8a5af0f\jiltests\bin\debug\net452\jiltests.dll" id="b82e43b6-c0c5-4505-a037-e7d2761f77ed"><Execution id="401b5670-740d-4991-9983-5adacf9e019f" /><TestMethod codeBase="C:\Users\dt-impact\ftsubs\mstest\kevin-montrose_Jil-8a5af0f\JilTests\bin\Debug\net452\JilTests.dll" adapterTypeName="executor://xunit/VsTestRunner2/desktop_and_uap" className="JilTests.SerializeTests" name="JilTests.SerializeTests.DoubleWeirdCulture" /></UnitTest><UnitTest name="JilTests.DeserializeTests.BadDecimal(input: &quot;1.2E10E10&quot;, expectedSnippetAfter: &quot;E10&quot;)" storage="c:\users\dt-impact\ftsubs\mstest\kevin-montrose_jil-8a5af0f\jiltests\bin\debug\net452\jiltests.dll" id="3d39353f-d6a3-4730-ab84-f978001402ed"><Execution id="6d8346f6-ffc1-49e5-a868-dd9a389f942a" /><TestMethod codeBase="C:\Users\dt-impact\ftsubs\mstest\kevin-montrose_Jil-8a5af0f\JilTests\bin\Debug\net452\JilTests.dll" adapterTypeName="executor://xunit/VsTestRunner2/desktop_and_uap" className="JilTests.DeserializeTests" name="JilTests.DeserializeTests.BadDecimal(input: &quot;1.2E10E10&quot;, expectedSnippetAfter: &quot;E10&quot;)" /></UnitTest><UnitTest name="JilTests.SerializeTests.Issue159" storage="c:\users\dt-impact\ftsubs\mstest\kevin-montrose_jil-8a5af0f\jiltests\bin\debug\net452\jiltests.dll" id="d720573e-1e5a-4e75-8381-62b26365e0bc"><Execution id="6210a9af-cb9e-4351-8fe5-e4ead37de4e8" /><TestMethod codeBase="C:\Users\dt-impact\ftsubs\mstest\kevin-montrose_Jil-8a5af0f\JilTests\bin\Debug\net452\JilTests.dll" adapterTypeName="executor://xunit/VsTestRunner2/desktop_and_uap" className="JilTests.SerializeTests" name="JilTests.SerializeTests.Issue159" /></UnitTest><UnitTest name="JilTests.DeserializeDynamicTests.ISO8601DateTimeOffsets" storage="c:\users\dt-impact\ftsubs\mstest\kevin-montrose_jil-8a5af0f\jiltests\bin\debug\net452\jiltests.dll" id="e914489d-7013-491a-ac26-009eaf31167d"><Execution id="cfbf75c9-0231-421b-874e-0dde1558a504" /><TestMethod codeBase="C:\Users\dt-impact\ftsubs\mstest\kevin-montrose_Jil-8a5af0f\JilTests\bin\Debug\net452\JilTests.dll" adapterTypeName="executor://xunit/VsTestRunner2/desktop_and_uap" className="JilTests.DeserializeDynamicTests" name="JilTests.DeserializeDynamicTests.ISO8601DateTimeOffsets" /></UnitTest><UnitTest name="JilTests.SerializeTests.CyclicalValueTypes" storage="c:\users\dt-impact\ftsubs\mstest\kevin-montrose_jil-8a5af0f\jiltests\bin\debug\net452\jiltests.dll" id="e47003df-818b-4c0f-af4b-3a7f2daf02d8"><Execution id="8e63358a-c50a-4143-919e-e003f479eadf" /><TestMethod codeBase="C:\Users\dt-impact\ftsubs\mstest\kevin-montrose_Jil-8a5af0f\JilTests\bin\Debug\net452\JilTests.dll" adapterTypeName="executor://xunit/VsTestRunner2/desktop_and_uap" className="JilTests.SerializeTests" name="JilTests.SerializeTests.CyclicalValueTypes" /></UnitTest><UnitTest name="JilTests.SerializeTests.Issue189" storage="c:\users\dt-impact\ftsubs\mstest\kevin-montrose_jil-8a5af0f\jiltests\bin\debug\net452\jiltests.dll" id="748a191f-6d58-469f-bd9e-dfeb05815e94"><Execution id="871ece8d-c66e-43ae-a55e-e9134b31395c" /><TestMethod codeBase="C:\Users\dt-impact\ftsubs\mstest\kevin-montrose_Jil-8a5af0f\JilTests\bin\Debug\net452\JilTests.dll" adapterTypeName="executor://xunit/VsTestRunner2/desktop_and_uap" className="JilTests.SerializeTests" name="JilTests.SerializeTests.Issue189" /></UnitTest><UnitTest name="JilTests.SerializeTests.InfiniteRecursion" storage="c:\users\dt-impact\ftsubs\mstest\kevin-montrose_jil-8a5af0f\jiltests\bin\debug\net452\jiltests.dll" id="b4d7c2ce-254d-46c4-a2a9-c31a7caf3f3e"><Execution id="0a1803db-ae56-4f0f-b4df-70ad37e2e2dd" /><TestMethod codeBase="C:\Users\dt-impact\ftsubs\mstest\kevin-montrose_Jil-8a5af0f\JilTests\bin\Debug\net452\JilTests.dll" adapterTypeName="executor://xunit/VsTestRunner2/desktop_and_uap" className="JilTests.SerializeTests" name="JilTests.SerializeTests.InfiniteRecursion" /></UnitTest><UnitTest name="JilTests.SerializeTests.UnspecifiedToUtc" storage="c:\users\dt-impact\ftsubs\mstest\kevin-montrose_jil-8a5af0f\jiltests\bin\debug\net452\jiltests.dll" id="f75017e0-ccef-4abb-bf1e-ff64c451c5f2"><Execution id="a8ef16eb-4a88-43eb-a036-81d0027fd443" /><TestMethod codeBase="C:\Users\dt-impact\ftsubs\mstest\kevin-montrose_Jil-8a5af0f\JilTests\bin\Debug\net452\JilTests.dll" adapterTypeName="executor://xunit/VsTestRunner2/desktop_and_uap" className="JilTests.SerializeTests" name="JilTests.SerializeTests.UnspecifiedToUtc" /></UnitTest><UnitTest name="JilTests.DeserializeDynamicTests.DynamicTypeConverter" storage="c:\users\dt-impact\ftsubs\mstest\kevin-montrose_jil-8a5af0f\jiltests\bin\debug\net452\jiltests.dll" id="f3980254-b764-4d3a-8060-6912f0408667"><Execution id="ae82867a-0b96-4a4f-877c-bc1e5f99e764" /><TestMethod codeBase="C:\Users\dt-impact\ftsubs\mstest\kevin-montrose_Jil-8a5af0f\JilTests\bin\Debug\net452\JilTests.dll" adapterTypeName="executor://xunit/VsTestRunner2/desktop_and_uap" className="JilTests.DeserializeDynamicTests" name="JilTests.DeserializeDynamicTests.DynamicTypeConverter" /></UnitTest><UnitTest name="JilTests.DeserializeTests.Bytes" storage="c:\users\dt-impact\ftsubs\mstest\kevin-montrose_jil-8a5af0f\jiltests\bin\debug\net452\jiltests.dll" id="da54450a-8e5c-40bb-b5b6-4c5c0b6b5c65"><Execution id="d19ab3ee-a469-4ea1-b02b-766e4b3c46fa" /><TestMethod codeBase="C:\Users\dt-impact\ftsubs\mstest\kevin-montrose_Jil-8a5af0f\JilTests\bin\Debug\net452\JilTests.dll" adapterTypeName="executor://xunit/VsTestRunner2/desktop_and_uap" className="JilTests.DeserializeTests" name="JilTests.DeserializeTests.Bytes" /></UnitTest><UnitTest name="JilTests.DeserializeTests.AnonObjects" storage="c:\users\dt-impact\ftsubs\mstest\kevin-montrose_jil-8a5af0f\jiltests\bin\debug\net452\jiltests.dll" id="588ec5c8-151f-4fd5-9926-243715ac0e3b"><Execution id="705c9155-399d-43f8-a1ed-8dd1bdd81f88" /><TestMethod codeBase="C:\Users\dt-impact\ftsubs\mstest\kevin-montrose_Jil-8a5af0f\JilTests\bin\Debug\net452\JilTests.dll" adapterTypeName="executor://xunit/VsTestRunner2/desktop_and_uap" className="JilTests.DeserializeTests" name="JilTests.DeserializeTests.AnonObjects" /></UnitTest><UnitTest name="JilTests.DeserializeTests.SystemObject" storage="c:\users\dt-impact\ftsubs\mstest\kevin-montrose_jil-8a5af0f\jiltests\bin\debug\net452\jiltests.dll" id="0a87232a-a21a-44f5-931e-9f4e682e1e66"><Execution id="57063bd5-f8bd-4db0-a4c1-49b0330dab83" /><TestMethod codeBase="C:\Users\dt-impact\ftsubs\mstest\kevin-montrose_Jil-8a5af0f\JilTests\bin\Debug\net452\JilTests.dll" adapterTypeName="executor://xunit/VsTestRunner2/desktop_and_uap" className="JilTests.DeserializeTests" name="JilTests.DeserializeTests.SystemObject" /></UnitTest><UnitTest name="JilTests.DeserializeTests.Issue143TimeSpan" storage="c:\users\dt-impact\ftsubs\mstest\kevin-montrose_jil-8a5af0f\jiltests\bin\debug\net452\jiltests.dll" id="8cb683b2-501b-410d-98c9-da389971037d"><Execution id="752b0477-a617-4c13-9ec0-8c46b5324a63" /><TestMethod codeBase="C:\Users\dt-impact\ftsubs\mstest\kevin-montrose_Jil-8a5af0f\JilTests\bin\Debug\net452\JilTests.dll" adapterTypeName="executor://xunit/VsTestRunner2/desktop_and_uap" className="JilTests.DeserializeTests" name="JilTests.DeserializeTests.Issue143TimeSpan" /></UnitTest><UnitTest name="JilTests.DeserializeTests.Issue270" storage="c:\users\dt-impact\ftsubs\mstest\kevin-montrose_jil-8a5af0f\jiltests\bin\debug\net452\jiltests.dll" id="28fa0271-a783-41a9-b2b5-54a1dd3cebb7"><Execution id="a780d72d-510f-4432-afaa-20836f713bbe" /><TestMethod codeBase="C:\Users\dt-impact\ftsubs\mstest\kevin-montrose_Jil-8a5af0f\JilTests\bin\Debug\net452\JilTests.dll" adapterTypeName="executor://xunit/VsTestRunner2/desktop_and_uap" className="JilTests.DeserializeTests" name="JilTests.DeserializeTests.Issue270" /></UnitTest><UnitTest name="JilTests.DeserializeTests.Objects" storage="c:\users\dt-impact\ftsubs\mstest\kevin-montrose_jil-8a5af0f\jiltests\bin\debug\net452\jiltests.dll" id="9d0821a6-6f69-4443-b707-fa9fdbf63b9c"><Execution id="f182ab6d-5dd5-4707-a8c8-50f53258d169" /><TestMethod codeBase="C:\Users\dt-impact\ftsubs\mstest\kevin-montrose_Jil-8a5af0f\JilTests\bin\Debug\net452\JilTests.dll" adapterTypeName="executor://xunit/VsTestRunner2/desktop_and_uap" className="JilTests.DeserializeTests" name="JilTests.DeserializeTests.Objects" /></UnitTest><UnitTest name="JilTests.UtilsTests.Issue119" storage="c:\users\dt-impact\ftsubs\mstest\kevin-montrose_jil-8a5af0f\jiltests\bin\debug\net452\jiltests.dll" id="c2add2f1-bd29-4f9a-8ad0-6a04541583c5"><Execution id="baa2ca0b-4813-4815-a0ad-88e3df797dce" /><TestMethod codeBase="C:\Users\dt-impact\ftsubs\mstest\kevin-montrose_Jil-8a5af0f\JilTests\bin\Debug\net452\JilTests.dll" adapterTypeName="executor://xunit/VsTestRunner2/desktop_and_uap" className="JilTests.UtilsTests" name="JilTests.UtilsTests.Issue119" /></UnitTest><UnitTest name="JilTests.SerializeTests.TopLevelNulls" storage="c:\users\dt-impact\ftsubs\mstest\kevin-montrose_jil-8a5af0f\jiltests\bin\debug\net452\jiltests.dll" id="0c07f832-aaa3-4da1-8644-e81d8ea91179"><Execution id="2861a2d9-4518-4a63-b35a-a7e206822255" /><TestMethod codeBase="C:\Users\dt-impact\ftsubs\mstest\kevin-montrose_Jil-8a5af0f\JilTests\bin\Debug\net452\JilTests.dll" adapterTypeName="executor://xunit/VsTestRunner2/desktop_and_uap" className="JilTests.SerializeTests" name="JilTests.SerializeTests.TopLevelNulls" /></UnitTest><UnitTest name="JilTests.DeserializeTests.MalformedISO8601(dateString: &quot;\&quot;1900-999\&quot;&quot;, expectedError: &quot;Expected ordinal day to be between 001 and 366&quot;)" storage="c:\users\dt-impact\ftsubs\mstest\kevin-montrose_jil-8a5af0f\jiltests\bin\debug\net452\jiltests.dll" id="0861ee73-8dc6-41df-8071-24860f67cb2f"><Execution id="f0e1ab2b-e1bd-46a3-ba69-63d39c57ecd6" /><TestMethod codeBase="C:\Users\dt-impact\ftsubs\mstest\kevin-montrose_Jil-8a5af0f\JilTests\bin\Debug\net452\JilTests.dll" adapterTypeName="executor://xunit/VsTestRunner2/desktop_and_uap" className="JilTests.DeserializeTests" name="JilTests.DeserializeTests.MalformedISO8601(dateString: &quot;\&quot;1900-999\&quot;&quot;, expectedError: &quot;Expected ordinal day to be between 001 and 366&quot;)" /></UnitTest><UnitTest name="JilTests.DeserializeDynamicTests.Issue143DateTime" storage="c:\users\dt-impact\ftsubs\mstest\kevin-montrose_jil-8a5af0f\jiltests\bin\debug\net452\jiltests.dll" id="78b601a3-e084-4471-ac4b-bc9a9f4ef7be"><Execution id="105abd54-11b1-4ac2-be0c-ce9166f57dfc" /><TestMethod codeBase="C:\Users\dt-impact\ftsubs\mstest\kevin-montrose_Jil-8a5af0f\JilTests\bin\Debug\net452\JilTests.dll" adapterTypeName="executor://xunit/VsTestRunner2/desktop_and_uap" className="JilTests.DeserializeDynamicTests" name="JilTests.DeserializeDynamicTests.Issue143DateTime" /></UnitTest><UnitTest name="JilTests.DeserializeDynamicTests.And" storage="c:\users\dt-impact\ftsubs\mstest\kevin-montrose_jil-8a5af0f\jiltests\bin\debug\net452\jiltests.dll" id="c6f227f7-88ba-44e3-9ae2-03afea0b9364"><Execution id="1ee5aa2c-53a2-458d-a00b-4e07d9cc8b07" /><TestMethod codeBase="C:\Users\dt-impact\ftsubs\mstest\kevin-montrose_Jil-8a5af0f\JilTests\bin\Debug\net452\JilTests.dll" adapterTypeName="executor://xunit/VsTestRunner2/desktop_and_uap" className="JilTests.DeserializeDynamicTests" name="JilTests.DeserializeDynamicTests.And" /></UnitTest><UnitTest name="JilTests.DeserializeTests.UnionTypeIndication" storage="c:\users\dt-impact\ftsubs\mstest\kevin-montrose_jil-8a5af0f\jiltests\bin\debug\net452\jiltests.dll" id="49b06811-4f4d-4542-89a1-3f912c22f99c"><Execution id="a2ecce65-1765-4e3c-9af2-276d9e5843ee" /><TestMethod codeBase="C:\Users\dt-impact\ftsubs\mstest\kevin-montrose_Jil-8a5af0f\JilTests\bin\Debug\net452\JilTests.dll" adapterTypeName="executor://xunit/VsTestRunner2/desktop_and_uap" className="JilTests.DeserializeTests" name="JilTests.DeserializeTests.UnionTypeIndication" /></UnitTest><UnitTest name="JilTests.DeserializeTests.Issue193" storage="c:\users\dt-impact\ftsubs\mstest\kevin-montrose_jil-8a5af0f\jiltests\bin\debug\net452\jiltests.dll" id="2b8ef202-7028-4aa0-b8ce-4eb61e570c04"><Execution id="ea05a12f-cd9a-4ddc-84d4-2bb73f5b5b06" /><TestMethod codeBase="C:\Users\dt-impact\ftsubs\mstest\kevin-montrose_Jil-8a5af0f\JilTests\bin\Debug\net452\JilTests.dll" adapterTypeName="executor://xunit/VsTestRunner2/desktop_and_uap" className="JilTests.DeserializeTests" name="JilTests.DeserializeTests.Issue193" /></UnitTest><UnitTest name="JilTests.DeserializeDynamicTests.FlagsEnum" storage="c:\users\dt-impact\ftsubs\mstest\kevin-montrose_jil-8a5af0f\jiltests\bin\debug\net452\jiltests.dll" id="551f31a8-c5b4-4b3d-aa87-31adf1ba2b20"><Execution id="69e5eae2-5d94-47d9-b9ca-3622ea3e7462" /><TestMethod codeBase="C:\Users\dt-impact\ftsubs\mstest\kevin-montrose_Jil-8a5af0f\JilTests\bin\Debug\net452\JilTests.dll" adapterTypeName="executor://xunit/VsTestRunner2/desktop_and_uap" className="JilTests.DeserializeDynamicTests" name="JilTests.DeserializeDynamicTests.FlagsEnum" /></UnitTest><UnitTest name="JilTests.DeserializeTests.Floats" storage="c:\users\dt-impact\ftsubs\mstest\kevin-montrose_jil-8a5af0f\jiltests\bin\debug\net452\jiltests.dll" id="f7c2d1e9-b8da-4955-975a-5d02263f290f"><Execution id="35a274cf-2fb8-44c3-9d38-047560b672fc" /><TestMethod codeBase="C:\Users\dt-impact\ftsubs\mstest\kevin-montrose_Jil-8a5af0f\JilTests\bin\Debug\net452\JilTests.dll" adapterTypeName="executor://xunit/VsTestRunner2/desktop_and_uap" className="JilTests.DeserializeTests" name="JilTests.DeserializeTests.Floats" /></UnitTest><UnitTest name="JilTests.SerializeTests.ExcludeNulls" storage="c:\users\dt-impact\ftsubs\mstest\kevin-montrose_jil-8a5af0f\jiltests\bin\debug\net452\jiltests.dll" id="ca117ea4-5e56-4b2b-ad67-7ddeaf5b1e23"><Execution id="98756ef3-b81f-4a48-a587-14fd860d9159" /><TestMethod codeBase="C:\Users\dt-impact\ftsubs\mstest\kevin-montrose_Jil-8a5af0f\JilTests\bin\Debug\net452\JilTests.dll" adapterTypeName="executor://xunit/VsTestRunner2/desktop_and_uap" className="JilTests.SerializeTests" name="JilTests.SerializeTests.ExcludeNulls" /></UnitTest><UnitTest name="JilTests.SerializeTests.Issue89" storage="c:\users\dt-impact\ftsubs\mstest\kevin-montrose_jil-8a5af0f\jiltests\bin\debug\net452\jiltests.dll" id="ccfce602-3a1a-4fb8-8604-c0fce474c608"><Execution id="021cb806-73e2-47f8-bb27-1f0e0e2a426d" /><TestMethod codeBase="C:\Users\dt-impact\ftsubs\mstest\kevin-montrose_Jil-8a5af0f\JilTests\bin\Debug\net452\JilTests.dll" adapterTypeName="executor://xunit/VsTestRunner2/desktop_and_uap" className="JilTests.SerializeTests" name="JilTests.SerializeTests.Issue89" /></UnitTest><UnitTest name="JilTests.SerializeTests.DoubleConstantWeirdCulture" storage="c:\users\dt-impact\ftsubs\mstest\kevin-montrose_jil-8a5af0f\jiltests\bin\debug\net452\jiltests.dll" id="05e4fe6a-dc2e-45d1-911d-5f8200eadb11"><Execution id="5742265b-5923-449c-b595-001a6e07e5ea" /><TestMethod codeBase="C:\Users\dt-impact\ftsubs\mstest\kevin-montrose_Jil-8a5af0f\JilTests\bin\Debug\net452\JilTests.dll" adapterTypeName="executor://xunit/VsTestRunner2/desktop_and_uap" className="JilTests.SerializeTests" name="JilTests.SerializeTests.DoubleConstantWeirdCulture" /></UnitTest><UnitTest name="JilTests.DeserializeDynamicTests.Issue143DateTimeFractionOverflow" storage="c:\users\dt-impact\ftsubs\mstest\kevin-montrose_jil-8a5af0f\jiltests\bin\debug\net452\jiltests.dll" id="6a9943f4-8ad8-47dc-b48d-931c2c503e61"><Execution id="dfdc1d4a-76d9-4223-9e78-87ae567e6ced" /><TestMethod codeBase="C:\Users\dt-impact\ftsubs\mstest\kevin-montrose_Jil-8a5af0f\JilTests\bin\Debug\net452\JilTests.dll" adapterTypeName="executor://xunit/VsTestRunner2/desktop_and_uap" className="JilTests.DeserializeDynamicTests" name="JilTests.DeserializeDynamicTests.Issue143DateTimeFractionOverflow" /></UnitTest><UnitTest name="JilTests.DeserializeTests.CaseInsensitiveEnums" storage="c:\users\dt-impact\ftsubs\mstest\kevin-montrose_jil-8a5af0f\jiltests\bin\debug\net452\jiltests.dll" id="6a315279-005b-4315-9904-becd029fcedb"><Execution id="81769ec1-7c4d-487e-9967-8f218d48db45" /><TestMethod codeBase="C:\Users\dt-impact\ftsubs\mstest\kevin-montrose_Jil-8a5af0f\JilTests\bin\Debug\net452\JilTests.dll" adapterTypeName="executor://xunit/VsTestRunner2/desktop_and_uap" className="JilTests.DeserializeTests" name="JilTests.DeserializeTests.CaseInsensitiveEnums" /></UnitTest><UnitTest name="JilTests.DeserializeTests.MalformedISO8601(dateString: &quot;\&quot;1900-01-\&quot;&quot;, expectedError: &quot;Expected digit&quot;)" storage="c:\users\dt-impact\ftsubs\mstest\kevin-montrose_jil-8a5af0f\jiltests\bin\debug\net452\jiltests.dll" id="ae3bd153-217e-4e42-af71-04d86002b467"><Execution id="7e2feb49-ca33-4415-87ab-d0d3f17c2001" /><TestMethod codeBase="C:\Users\dt-impact\ftsubs\mstest\kevin-montrose_Jil-8a5af0f\JilTests\bin\Debug\net452\JilTests.dll" adapterTypeName="executor://xunit/VsTestRunner2/desktop_and_uap" className="JilTests.DeserializeTests" name="JilTests.DeserializeTests.MalformedISO8601(dateString: &quot;\&quot;1900-01-\&quot;&quot;, expectedError: &quot;Expected digit&quot;)" /></UnitTest><UnitTest name="JilTests.SerializeTests.PrimitiveWrappers" storage="c:\users\dt-impact\ftsubs\mstest\kevin-montrose_jil-8a5af0f\jiltests\bin\debug\net452\jiltests.dll" id="c24db671-8a22-465f-9c9f-87c1fa80a4f5"><Execution id="9acd76ff-fe97-4a2c-a55f-06a5e7cb36ab" /><TestMethod codeBase="C:\Users\dt-impact\ftsubs\mstest\kevin-montrose_Jil-8a5af0f\JilTests\bin\Debug\net452\JilTests.dll" adapterTypeName="executor://xunit/VsTestRunner2/desktop_and_uap" className="JilTests.SerializeTests" name="JilTests.SerializeTests.PrimitiveWrappers" /></UnitTest><UnitTest name="JilTests.SerializeTests.LessThan100" storage="c:\users\dt-impact\ftsubs\mstest\kevin-montrose_jil-8a5af0f\jiltests\bin\debug\net452\jiltests.dll" id="a882472f-5882-4cef-911a-00653b5c3245"><Execution id="180ba8fc-a1bc-4088-9cb2-d6bb35bfeb10" /><TestMethod codeBase="C:\Users\dt-impact\ftsubs\mstest\kevin-montrose_Jil-8a5af0f\JilTests\bin\Debug\net452\JilTests.dll" adapterTypeName="executor://xunit/VsTestRunner2/desktop_and_uap" className="JilTests.SerializeTests" name="JilTests.SerializeTests.LessThan100" /></UnitTest><UnitTest name="JilTests.SerializeTests.ConfigDefaultOptions" storage="c:\users\dt-impact\ftsubs\mstest\kevin-montrose_jil-8a5af0f\jiltests\bin\debug\net452\jiltests.dll" id="504c8e9e-af2e-4452-9f42-777464e84b7c"><Execution id="e110e005-9233-40b7-a711-d488f6047129" /><TestMethod codeBase="C:\Users\dt-impact\ftsubs\mstest\kevin-montrose_Jil-8a5af0f\JilTests\bin\Debug\net452\JilTests.dll" adapterTypeName="executor://xunit/VsTestRunner2/desktop_and_uap" className="JilTests.SerializeTests" name="JilTests.SerializeTests.ConfigDefaultOptions" /></UnitTest><UnitTest name="JilTests.DeserializeTests.Issue151" storage="c:\users\dt-impact\ftsubs\mstest\kevin-montrose_jil-8a5af0f\jiltests\bin\debug\net452\jiltests.dll" id="8440b604-ee9d-46d7-94ae-0f6b4ec0da9e"><Execution id="34c57bd1-2073-420c-bb1b-ea0d5f8a65a7" /><TestMethod codeBase="C:\Users\dt-impact\ftsubs\mstest\kevin-montrose_Jil-8a5af0f\JilTests\bin\Debug\net452\JilTests.dll" adapterTypeName="executor://xunit/VsTestRunner2/desktop_and_uap" className="JilTests.DeserializeTests" name="JilTests.DeserializeTests.Issue151" /></UnitTest><UnitTest name="JilTests.DeserializeTests.EnumMemberAttributeOverride" storage="c:\users\dt-impact\ftsubs\mstest\kevin-montrose_jil-8a5af0f\jiltests\bin\debug\net452\jiltests.dll" id="f298590a-3ab3-449b-8a1c-d85ce94a3a19"><Execution id="e97dd185-b76d-4a51-8e79-5240875dde79" /><TestMethod codeBase="C:\Users\dt-impact\ftsubs\mstest\kevin-montrose_Jil-8a5af0f\JilTests\bin\Debug\net452\JilTests.dll" adapterTypeName="executor://xunit/VsTestRunner2/desktop_and_uap" className="JilTests.DeserializeTests" name="JilTests.DeserializeTests.EnumMemberAttributeOverride" /></UnitTest><UnitTest name="JilTests.SerializeTests.RFC1123TimeSpans" storage="c:\users\dt-impact\ftsubs\mstest\kevin-montrose_jil-8a5af0f\jiltests\bin\debug\net452\jiltests.dll" id="dc0562d4-b4af-49ce-abe2-476358a25426"><Execution id="fae125bf-9269-4b3b-b84e-c00e5b785373" /><TestMethod codeBase="C:\Users\dt-impact\ftsubs\mstest\kevin-montrose_Jil-8a5af0f\JilTests\bin\Debug\net452\JilTests.dll" adapterTypeName="executor://xunit/VsTestRunner2/desktop_and_uap" className="JilTests.SerializeTests" name="JilTests.SerializeTests.RFC1123TimeSpans" /></UnitTest><UnitTest name="JilTests.DeserializeTests.MalformedISO8601(dateString: &quot;\&quot;1900-01-01T19:19+00:\&quot;&quot;, expectedError: &quot;Not enough character for ISO8601 timezone offset&quot;)" storage="c:\users\dt-impact\ftsubs\mstest\kevin-montrose_jil-8a5af0f\jiltests\bin\debug\net452\jiltests.dll" id="ec03cddd-fb03-4fb1-962a-7ff8a9abc62f"><Execution id="1a91b50f-3313-4e90-a516-fa9a21f41137" /><TestMethod codeBase="C:\Users\dt-impact\ftsubs\mstest\kevin-montrose_Jil-8a5af0f\JilTests\bin\Debug\net452\JilTests.dll" adapterTypeName="executor://xunit/VsTestRunner2/desktop_and_uap" className="JilTests.DeserializeTests" name="JilTests.DeserializeTests.MalformedISO8601(dateString: &quot;\&quot;1900-01-01T19:19+00:\&quot;&quot;, expectedError: &quot;Not enough character for ISO8601 timezone offset&quot;)" /></UnitTest><UnitTest name="JilTests.DeserializeTests.MalformedISO8601(dateString: &quot;\&quot;1999W1\&quot;&quot;, expectedError: &quot;Unexpected date string length&quot;)" storage="c:\users\dt-impact\ftsubs\mstest\kevin-montrose_jil-8a5af0f\jiltests\bin\debug\net452\jiltests.dll" id="5d3354c4-02bd-4121-a8b0-6eea39f1586d"><Execution id="832c865c-dbfe-4be3-adc2-a59a6cd17990" /><TestMethod codeBase="C:\Users\dt-impact\ftsubs\mstest\kevin-montrose_Jil-8a5af0f\JilTests\bin\Debug\net452\JilTests.dll" adapterTypeName="executor://xunit/VsTestRunner2/desktop_and_uap" className="JilTests.DeserializeTests" name="JilTests.DeserializeTests.MalformedISO8601(dateString: &quot;\&quot;1999W1\&quot;&quot;, expectedError: &quot;Unexpected date string length&quot;)" /></UnitTest><UnitTest name="JilTests.DeserializeDynamicTests.Issue117(input: &quot;01&quot;, expectedError: &quot;Number cannot have leading zeros&quot;)" storage="c:\users\dt-impact\ftsubs\mstest\kevin-montrose_jil-8a5af0f\jiltests\bin\debug\net452\jiltests.dll" id="44efc72a-1810-4b1b-a450-b8c07708e29b"><Execution id="8c57b7a9-c8ce-4f84-b1e8-c517bbe117ab" /><TestMethod codeBase="C:\Users\dt-impact\ftsubs\mstest\kevin-montrose_Jil-8a5af0f\JilTests\bin\Debug\net452\JilTests.dll" adapterTypeName="executor://xunit/VsTestRunner2/desktop_and_uap" className="JilTests.DeserializeDynamicTests" name="JilTests.DeserializeDynamicTests.Issue117(input: &quot;01&quot;, expectedError: &quot;Number cannot have leading zeros&quot;)" /></UnitTest><UnitTest name="JilTests.DeserializeTests.SecondDateTimes" storage="c:\users\dt-impact\ftsubs\mstest\kevin-montrose_jil-8a5af0f\jiltests\bin\debug\net452\jiltests.dll" id="70e37fc0-4b49-4915-ab1f-3bf9c8f903d2"><Execution id="64535b11-a91a-4551-bcde-1955be6fef75" /><TestMethod codeBase="C:\Users\dt-impact\ftsubs\mstest\kevin-montrose_Jil-8a5af0f\JilTests\bin\Debug\net452\JilTests.dll" adapterTypeName="executor://xunit/VsTestRunner2/desktop_and_uap" className="JilTests.DeserializeTests" name="JilTests.DeserializeTests.SecondDateTimes" /></UnitTest><UnitTest name="JilTests.BadlySpecifiedTypeTests.DeserializeString" storage="c:\users\dt-impact\ftsubs\mstest\kevin-montrose_jil-8a5af0f\jiltests\bin\debug\net452\jiltests.dll" id="d0899f28-be26-49a4-8b12-da5e1d22a365"><Execution id="fa2f4dc5-fd4f-4121-9ebb-68a1dacf3a3a" /><TestMethod codeBase="C:\Users\dt-impact\ftsubs\mstest\kevin-montrose_Jil-8a5af0f\JilTests\bin\Debug\net452\JilTests.dll" adapterTypeName="executor://xunit/VsTestRunner2/desktop_and_uap" className="JilTests.BadlySpecifiedTypeTests" name="JilTests.BadlySpecifiedTypeTests.DeserializeString" /></UnitTest><UnitTest name="JilTests.DeserializeTests.ILists" storage="c:\users\dt-impact\ftsubs\mstest\kevin-montrose_jil-8a5af0f\jiltests\bin\debug\net452\jiltests.dll" id="03d4dbf1-7ebc-4864-a3b9-03660516d51d"><Execution id="07b7a922-33bc-4b1f-be12-11a003765b13" /><TestMethod codeBase="C:\Users\dt-impact\ftsubs\mstest\kevin-montrose_Jil-8a5af0f\JilTests\bin\Debug\net452\JilTests.dll" adapterTypeName="executor://xunit/VsTestRunner2/desktop_and_uap" className="JilTests.DeserializeTests" name="JilTests.DeserializeTests.ILists" /></UnitTest><UnitTest name="JilTests.DeserializeTests.ValueTypes" storage="c:\users\dt-impact\ftsubs\mstest\kevin-montrose_jil-8a5af0f\jiltests\bin\debug\net452\jiltests.dll" id="881cd49e-6f95-40b2-b880-d653a0b20283"><Execution id="f50eaaca-9b13-4244-a65a-df2bc1611cc5" /><TestMethod codeBase="C:\Users\dt-impact\ftsubs\mstest\kevin-montrose_Jil-8a5af0f\JilTests\bin\Debug\net452\JilTests.dll" adapterTypeName="executor://xunit/VsTestRunner2/desktop_and_uap" className="JilTests.DeserializeTests" name="JilTests.DeserializeTests.ValueTypes" /></UnitTest><UnitTest name="JilTests.DeserializeTests.MalformedISO8601(dateString: &quot;\&quot;1900999\&quot;&quot;, expectedError: &quot;Expected ordinal day to be between 001 and 366&quot;)" storage="c:\users\dt-impact\ftsubs\mstest\kevin-montrose_jil-8a5af0f\jiltests\bin\debug\net452\jiltests.dll" id="d6e432cb-2a3c-42b9-ba50-82376f0d741c"><Execution id="15f8adc1-bbb1-41ec-beb9-b93796ab12d0" /><TestMethod codeBase="C:\Users\dt-impact\ftsubs\mstest\kevin-montrose_Jil-8a5af0f\JilTests\bin\Debug\net452\JilTests.dll" adapterTypeName="executor://xunit/VsTestRunner2/desktop_and_uap" className="JilTests.DeserializeTests" name="JilTests.DeserializeTests.MalformedISO8601(dateString: &quot;\&quot;1900999\&quot;&quot;, expectedError: &quot;Expected ordinal day to be between 001 and 366&quot;)" /></UnitTest><UnitTest name="JilTests.DeserializeTests.BadEnum" storage="c:\users\dt-impact\ftsubs\mstest\kevin-montrose_jil-8a5af0f\jiltests\bin\debug\net452\jiltests.dll" id="56d5cae8-cc1e-4e6a-b8a5-f479464b8806"><Execution id="7330dbf7-c37d-4f4a-a36b-5191c485ac5b" /><TestMethod codeBase="C:\Users\dt-impact\ftsubs\mstest\kevin-montrose_Jil-8a5af0f\JilTests\bin\Debug\net452\JilTests.dll" adapterTypeName="executor://xunit/VsTestRunner2/desktop_and_uap" className="JilTests.DeserializeTests" name="JilTests.DeserializeTests.BadEnum" /></UnitTest><UnitTest name="JilTests.UtilsTests.PublicInterfaces" storage="c:\users\dt-impact\ftsubs\mstest\kevin-montrose_jil-8a5af0f\jiltests\bin\debug\net452\jiltests.dll" id="3c5e8ba8-5666-4034-85ed-02256b3d8002"><Execution id="c78c556b-62b1-4128-aa46-a788b6e07de7" /><TestMethod codeBase="C:\Users\dt-impact\ftsubs\mstest\kevin-montrose_Jil-8a5af0f\JilTests\bin\Debug\net452\JilTests.dll" adapterTypeName="executor://xunit/VsTestRunner2/desktop_and_uap" className="JilTests.UtilsTests" name="JilTests.UtilsTests.PublicInterfaces" /></UnitTest><UnitTest name="JilTests.DeserializeDynamicTests.MicrosoftDateTimesWithTimeZones" storage="c:\users\dt-impact\ftsubs\mstest\kevin-montrose_jil-8a5af0f\jiltests\bin\debug\net452\jiltests.dll" id="00c1dc68-8fff-43af-8cf6-a013fbc0bbdb"><Execution id="1750332c-8edb-4a1a-9b70-d2052a7f97ff" /><TestMethod codeBase="C:\Users\dt-impact\ftsubs\mstest\kevin-montrose_Jil-8a5af0f\JilTests\bin\Debug\net452\JilTests.dll" adapterTypeName="executor://xunit/VsTestRunner2/desktop_and_uap" className="JilTests.DeserializeDynamicTests" name="JilTests.DeserializeDynamicTests.MicrosoftDateTimesWithTimeZones" /></UnitTest><UnitTest name="JilTests.DeserializeDynamicTests.Issue61" storage="c:\users\dt-impact\ftsubs\mstest\kevin-montrose_jil-8a5af0f\jiltests\bin\debug\net452\jiltests.dll" id="e5c823de-c0e7-4b25-9ab6-7ecd4c0f65da"><Execution id="e95cc5bd-212f-4884-ba3b-c5d025ae891b" /><TestMethod codeBase="C:\Users\dt-impact\ftsubs\mstest\kevin-montrose_Jil-8a5af0f\JilTests\bin\Debug\net452\JilTests.dll" adapterTypeName="executor://xunit/VsTestRunner2/desktop_and_uap" className="JilTests.DeserializeDynamicTests" name="JilTests.DeserializeDynamicTests.Issue61" /></UnitTest><UnitTest name="JilTests.DynamicSerializationTests.Objects" storage="c:\users\dt-impact\ftsubs\mstest\kevin-montrose_jil-8a5af0f\jiltests\bin\debug\net452\jiltests.dll" id="8cc6e659-968c-454e-9649-6823afea09a1"><Execution id="cbc0792c-cd3e-463e-b06c-79a51da3ed07" /><TestMethod codeBase="C:\Users\dt-impact\ftsubs\mstest\kevin-montrose_Jil-8a5af0f\JilTests\bin\Debug\net452\JilTests.dll" adapterTypeName="executor://xunit/VsTestRunner2/desktop_and_uap" className="JilTests.DynamicSerializationTests" name="JilTests.DynamicSerializationTests.Objects" /></UnitTest><UnitTest name="JilTests.SerializeTests.TestSerializationNameFormatsSerialization" storage="c:\users\dt-impact\ftsubs\mstest\kevin-montrose_jil-8a5af0f\jiltests\bin\debug\net452\jiltests.dll" id="98193ecc-152d-428b-8c5e-011984a94d58"><Execution id="d40c7625-a8d7-424f-9a2c-ed8151bf847f" /><TestMethod codeBase="C:\Users\dt-impact\ftsubs\mstest\kevin-montrose_Jil-8a5af0f\JilTests\bin\Debug\net452\JilTests.dll" adapterTypeName="executor://xunit/VsTestRunner2/desktop_and_uap" className="JilTests.SerializeTests" name="JilTests.SerializeTests.TestSerializationNameFormatsSerialization" /></UnitTest><UnitTest name="JilTests.DeserializeTests.BadDecimal(input: &quot;1.2.3.4.5.6&quot;, expectedSnippetAfter: &quot;.3.4.5.6&quot;)" storage="c:\users\dt-impact\ftsubs\mstest\kevin-montrose_jil-8a5af0f\jiltests\bin\debug\net452\jiltests.dll" id="4266c89d-4cf0-47a2-8fbb-8d8bda208618"><Execution id="441ed364-45f5-4d94-aeb5-f112fbdddf76" /><TestMethod codeBase="C:\Users\dt-impact\ftsubs\mstest\kevin-montrose_Jil-8a5af0f\JilTests\bin\Debug\net452\JilTests.dll" adapterTypeName="executor://xunit/VsTestRunner2/desktop_and_uap" className="JilTests.DeserializeTests" name="JilTests.DeserializeTests.BadDecimal(input: &quot;1.2.3.4.5.6&quot;, expectedSnippetAfter: &quot;.3.4.5.6&quot;)" /></UnitTest><UnitTest name="JilTests.SerializeTests.ExcludingNulls" storage="c:\users\dt-impact\ftsubs\mstest\kevin-montrose_jil-8a5af0f\jiltests\bin\debug\net452\jiltests.dll" id="96c5f2d2-a418-49f3-852f-4fb04f9ac381"><Execution id="c27f92e8-a04a-4956-8275-2f2c9d6c53e5" /><TestMethod codeBase="C:\Users\dt-impact\ftsubs\mstest\kevin-montrose_Jil-8a5af0f\JilTests\bin\Debug\net452\JilTests.dll" adapterTypeName="executor://xunit/VsTestRunner2/desktop_and_uap" className="JilTests.SerializeTests" name="JilTests.SerializeTests.ExcludingNulls" /></UnitTest><UnitTest name="JilTests.DeserializeTests.EnumMemberAttributeOverrideFlags" storage="c:\users\dt-impact\ftsubs\mstest\kevin-montrose_jil-8a5af0f\jiltests\bin\debug\net452\jiltests.dll" id="4e49160c-a4df-41cd-b372-d098a11867d6"><Execution id="145ac2af-1fbe-40b9-b3dc-4a9c291055e0" /><TestMethod codeBase="C:\Users\dt-impact\ftsubs\mstest\kevin-montrose_Jil-8a5af0f\JilTests\bin\Debug\net452\JilTests.dll" adapterTypeName="executor://xunit/VsTestRunner2/desktop_and_uap" className="JilTests.DeserializeTests" name="JilTests.DeserializeTests.EnumMemberAttributeOverrideFlags" /></UnitTest><UnitTest name="JilTests.DeserializeTests.Enums" storage="c:\users\dt-impact\ftsubs\mstest\kevin-montrose_jil-8a5af0f\jiltests\bin\debug\net452\jiltests.dll" id="26b4f187-537a-40db-92d0-6a7ebee749cf"><Execution id="392e3d00-86e1-402e-93c5-3acaf4209231" /><TestMethod codeBase="C:\Users\dt-impact\ftsubs\mstest\kevin-montrose_Jil-8a5af0f\JilTests\bin\Debug\net452\JilTests.dll" adapterTypeName="executor://xunit/VsTestRunner2/desktop_and_uap" className="JilTests.DeserializeTests" name="JilTests.DeserializeTests.Enums" /></UnitTest><UnitTest name="JilTests.SerializeTests.NaNFails" storage="c:\users\dt-impact\ftsubs\mstest\kevin-montrose_jil-8a5af0f\jiltests\bin\debug\net452\jiltests.dll" id="f78834e4-4621-449f-98d6-c08f0190e0b7"><Execution id="886e3f16-2474-4362-9628-58b85c16013b" /><TestMethod codeBase="C:\Users\dt-impact\ftsubs\mstest\kevin-montrose_Jil-8a5af0f\JilTests\bin\Debug\net452\JilTests.dll" adapterTypeName="executor://xunit/VsTestRunner2/desktop_and_uap" className="JilTests.SerializeTests" name="JilTests.SerializeTests.NaNFails" /></UnitTest><UnitTest name="JilTests.SerializeTests.EnumDictionaryKeys" storage="c:\users\dt-impact\ftsubs\mstest\kevin-montrose_jil-8a5af0f\jiltests\bin\debug\net452\jiltests.dll" id="f46a025e-993e-494a-aae4-c92df87506f4"><Execution id="ea5e4f62-26aa-4d45-8831-24a7300ea7fd" /><TestMethod codeBase="C:\Users\dt-impact\ftsubs\mstest\kevin-montrose_Jil-8a5af0f\JilTests\bin\Debug\net452\JilTests.dll" adapterTypeName="executor://xunit/VsTestRunner2/desktop_and_uap" className="JilTests.SerializeTests" name="JilTests.SerializeTests.EnumDictionaryKeys" /></UnitTest><UnitTest name="JilTests.SerializeTests.Issue272" storage="c:\users\dt-impact\ftsubs\mstest\kevin-montrose_jil-8a5af0f\jiltests\bin\debug\net452\jiltests.dll" id="237dcf59-2e91-4d8e-a787-7039aa958e4d"><Execution id="41115ede-c672-41e5-90c8-b6e3de4233d2" /><TestMethod codeBase="C:\Users\dt-impact\ftsubs\mstest\kevin-montrose_Jil-8a5af0f\JilTests\bin\Debug\net452\JilTests.dll" adapterTypeName="executor://xunit/VsTestRunner2/desktop_and_uap" className="JilTests.SerializeTests" name="JilTests.SerializeTests.Issue272" /></UnitTest><UnitTest name="JilTests.DeserializeTests.Issue126" storage="c:\users\dt-impact\ftsubs\mstest\kevin-montrose_jil-8a5af0f\jiltests\bin\debug\net452\jiltests.dll" id="71b1627a-e11c-48ff-9733-39b7f36cd860"><Execution id="5956619d-a433-43b8-b066-2a514331afda" /><TestMethod codeBase="C:\Users\dt-impact\ftsubs\mstest\kevin-montrose_Jil-8a5af0f\JilTests\bin\Debug\net452\JilTests.dll" adapterTypeName="executor://xunit/VsTestRunner2/desktop_and_uap" className="JilTests.DeserializeTests" name="JilTests.DeserializeTests.Issue126" /></UnitTest><UnitTest name="JilTests.SerializeTests.UnspecifiedToLocal" storage="c:\users\dt-impact\ftsubs\mstest\kevin-montrose_jil-8a5af0f\jiltests\bin\debug\net452\jiltests.dll" id="ceb136d0-9443-4cf4-abc0-4c541974eb9f"><Execution id="7473f2b0-97c8-4302-b554-9f6c0e48c459" /><TestMethod codeBase="C:\Users\dt-impact\ftsubs\mstest\kevin-montrose_Jil-8a5af0f\JilTests\bin\Debug\net452\JilTests.dll" adapterTypeName="executor://xunit/VsTestRunner2/desktop_and_uap" className="JilTests.SerializeTests" name="JilTests.SerializeTests.UnspecifiedToLocal" /></UnitTest><UnitTest name="JilTests.DeserializeTests.FlagsEnum" storage="c:\users\dt-impact\ftsubs\mstest\kevin-montrose_jil-8a5af0f\jiltests\bin\debug\net452\jiltests.dll" id="f63c46c4-7718-428c-b110-4be0c5f7c5c8"><Execution id="615e7e56-40af-467b-9806-b45ede630267" /><TestMethod codeBase="C:\Users\dt-impact\ftsubs\mstest\kevin-montrose_Jil-8a5af0f\JilTests\bin\Debug\net452\JilTests.dll" adapterTypeName="executor://xunit/VsTestRunner2/desktop_and_uap" className="JilTests.DeserializeTests" name="JilTests.DeserializeTests.FlagsEnum" /></UnitTest><UnitTest name="JilTests.DynamicSerializationTests.TopLevelNulls" storage="c:\users\dt-impact\ftsubs\mstest\kevin-montrose_jil-8a5af0f\jiltests\bin\debug\net452\jiltests.dll" id="20ef5559-cf6f-4582-9054-deac85254045"><Execution id="961315a4-9824-4823-b8cb-056774152a02" /><TestMethod codeBase="C:\Users\dt-impact\ftsubs\mstest\kevin-montrose_Jil-8a5af0f\JilTests\bin\Debug\net452\JilTests.dll" adapterTypeName="executor://xunit/VsTestRunner2/desktop_and_uap" className="JilTests.DynamicSerializationTests" name="JilTests.DynamicSerializationTests.TopLevelNulls" /></UnitTest><UnitTest name="JilTests.DeserializeTests.Bools" storage="c:\users\dt-impact\ftsubs\mstest\kevin-montrose_jil-8a5af0f\jiltests\bin\debug\net452\jiltests.dll" id="dcd514b5-2652-4913-9c0b-0111820492b6"><Execution id="ceffea81-b0a2-42e5-9062-5a3f9fdf41e2" /><TestMethod codeBase="C:\Users\dt-impact\ftsubs\mstest\kevin-montrose_Jil-8a5af0f\JilTests\bin\Debug\net452\JilTests.dll" adapterTypeName="executor://xunit/VsTestRunner2/desktop_and_uap" className="JilTests.DeserializeTests" name="JilTests.DeserializeTests.Bools" /></UnitTest><UnitTest name="JilTests.DeserializeDynamicTests.ObjectEnumeration" storage="c:\users\dt-impact\ftsubs\mstest\kevin-montrose_jil-8a5af0f\jiltests\bin\debug\net452\jiltests.dll" id="0145753c-37d3-45b9-8cf2-c6a3cec8b8c8"><Execution id="96c91898-5b5f-4308-8d3a-6f061181e3ae" /><TestMethod codeBase="C:\Users\dt-impact\ftsubs\mstest\kevin-montrose_Jil-8a5af0f\JilTests\bin\Debug\net452\JilTests.dll" adapterTypeName="executor://xunit/VsTestRunner2/desktop_and_uap" className="JilTests.DeserializeDynamicTests" name="JilTests.DeserializeDynamicTests.ObjectEnumeration" /></UnitTest><UnitTest name="JilTests.DeserializeTests.MalformedISO8601(dateString: &quot;\&quot;1999-W01-8\&quot;&quot;, expectedError: &quot;Expected day to be a digit between 1 and 7&quot;)" storage="c:\users\dt-impact\ftsubs\mstest\kevin-montrose_jil-8a5af0f\jiltests\bin\debug\net452\jiltests.dll" id="480b2a4d-02ec-4cb5-800c-b5b8120ed780"><Execution id="aad57b6b-46f0-451e-a63d-8cf54adda775" /><TestMethod codeBase="C:\Users\dt-impact\ftsubs\mstest\kevin-montrose_Jil-8a5af0f\JilTests\bin\Debug\net452\JilTests.dll" adapterTypeName="executor://xunit/VsTestRunner2/desktop_and_uap" className="JilTests.DeserializeTests" name="JilTests.DeserializeTests.MalformedISO8601(dateString: &quot;\&quot;1999-W01-8\&quot;&quot;, expectedError: &quot;Expected day to be a digit between 1 and 7&quot;)" /></UnitTest><UnitTest name="JilTests.DeserializeDynamicTests.Negate" storage="c:\users\dt-impact\ftsubs\mstest\kevin-montrose_jil-8a5af0f\jiltests\bin\debug\net452\jiltests.dll" id="a015da14-3a6a-4185-9b2b-6cecbdbf534e"><Execution id="aa88f6e6-238d-4be6-b95a-c46ff2145a65" /><TestMethod codeBase="C:\Users\dt-impact\ftsubs\mstest\kevin-montrose_Jil-8a5af0f\JilTests\bin\Debug\net452\JilTests.dll" adapterTypeName="executor://xunit/VsTestRunner2/desktop_and_uap" className="JilTests.DeserializeDynamicTests" name="JilTests.DeserializeDynamicTests.Negate" /></UnitTest><UnitTest name="JilTests.SerializeTests.ISO8601WithOffset" storage="c:\users\dt-impact\ftsubs\mstest\kevin-montrose_jil-8a5af0f\jiltests\bin\debug\net452\jiltests.dll" id="a200a0ba-6a00-4ed1-b632-69a77be427dc"><Execution id="b55d7888-51cc-4c52-87cd-09e0931840c3" /><TestMethod codeBase="C:\Users\dt-impact\ftsubs\mstest\kevin-montrose_Jil-8a5af0f\JilTests\bin\Debug\net452\JilTests.dll" adapterTypeName="executor://xunit/VsTestRunner2/desktop_and_uap" className="JilTests.SerializeTests" name="JilTests.SerializeTests.ISO8601WithOffset" /></UnitTest><UnitTest name="JilTests.DeserializeTests.Issue128" storage="c:\users\dt-impact\ftsubs\mstest\kevin-montrose_jil-8a5af0f\jiltests\bin\debug\net452\jiltests.dll" id="52414869-90c5-40ad-a18d-f93596c51364"><Execution id="2a06e587-11a5-4999-a4ff-2c8e72bccdf8" /><TestMethod codeBase="C:\Users\dt-impact\ftsubs\mstest\kevin-montrose_Jil-8a5af0f\JilTests\bin\Debug\net452\JilTests.dll" adapterTypeName="executor://xunit/VsTestRunner2/desktop_and_uap" className="JilTests.DeserializeTests" name="JilTests.DeserializeTests.Issue128" /></UnitTest><UnitTest name="JilTests.SerializeTests.MillsecondsTimeSpans" storage="c:\users\dt-impact\ftsubs\mstest\kevin-montrose_jil-8a5af0f\jiltests\bin\debug\net452\jiltests.dll" id="2dd9d97a-9de5-432e-86e7-4b85eb5179ff"><Execution id="02d3a3fd-12f4-46f2-ba52-33887bd2403b" /><TestMethod codeBase="C:\Users\dt-impact\ftsubs\mstest\kevin-montrose_Jil-8a5af0f\JilTests\bin\Debug\net452\JilTests.dll" adapterTypeName="executor://xunit/VsTestRunner2/desktop_and_uap" className="JilTests.SerializeTests" name="JilTests.SerializeTests.MillsecondsTimeSpans" /></UnitTest><UnitTest name="JilTests.DeserializeTests.Issue117_UInt" storage="c:\users\dt-impact\ftsubs\mstest\kevin-montrose_jil-8a5af0f\jiltests\bin\debug\net452\jiltests.dll" id="4ff0f8b3-4930-4a64-a177-1a1bd9889ea9"><Execution id="d65baca0-cf95-42ea-ba79-1b3e4d1d9536" /><TestMethod codeBase="C:\Users\dt-impact\ftsubs\mstest\kevin-montrose_Jil-8a5af0f\JilTests\bin\Debug\net452\JilTests.dll" adapterTypeName="executor://xunit/VsTestRunner2/desktop_and_uap" className="JilTests.DeserializeTests" name="JilTests.DeserializeTests.Issue117_UInt" /></UnitTest><UnitTest name="JilTests.DeserializeTests.MalformedISO8601(dateString: &quot;\&quot;1999-12-00\&quot;&quot;, expectedError: &quot;Expected day to be between 01 and 31&quot;)" storage="c:\users\dt-impact\ftsubs\mstest\kevin-montrose_jil-8a5af0f\jiltests\bin\debug\net452\jiltests.dll" id="3ec4a702-eb09-4008-b016-46b603fce565"><Execution id="95486879-c19d-4994-a931-881a71296b7f" /><TestMethod codeBase="C:\Users\dt-impact\ftsubs\mstest\kevin-montrose_Jil-8a5af0f\JilTests\bin\Debug\net452\JilTests.dll" adapterTypeName="executor://xunit/VsTestRunner2/desktop_and_uap" className="JilTests.DeserializeTests" name="JilTests.DeserializeTests.MalformedISO8601(dateString: &quot;\&quot;1999-12-00\&quot;&quot;, expectedError: &quot;Expected day to be between 01 and 31&quot;)" /></UnitTest><UnitTest name="JilTests.DeserializeTests.Strings" storage="c:\users\dt-impact\ftsubs\mstest\kevin-montrose_jil-8a5af0f\jiltests\bin\debug\net452\jiltests.dll" id="a3d9308a-d2f8-4dd0-afc8-9bceeb7f5ccd"><Execution id="c9d18edd-a336-411a-97ef-b4a39db49194" /><TestMethod codeBase="C:\Users\dt-impact\ftsubs\mstest\kevin-montrose_Jil-8a5af0f\JilTests\bin\Debug\net452\JilTests.dll" adapterTypeName="executor://xunit/VsTestRunner2/desktop_and_uap" className="JilTests.DeserializeTests" name="JilTests.DeserializeTests.Strings" /></UnitTest><UnitTest name="JilTests.UtilsTests.FindRecursiveTypes_DictDict" storage="c:\users\dt-impact\ftsubs\mstest\kevin-montrose_jil-8a5af0f\jiltests\bin\debug\net452\jiltests.dll" id="04c43196-8ccd-4327-9c03-f0efa71be6ff"><Execution id="08bd26d0-c5c0-494b-b15e-5216b6d0c1b3" /><TestMethod codeBase="C:\Users\dt-impact\ftsubs\mstest\kevin-montrose_Jil-8a5af0f\JilTests\bin\Debug\net452\JilTests.dll" adapterTypeName="executor://xunit/VsTestRunner2/desktop_and_uap" className="JilTests.UtilsTests" name="JilTests.UtilsTests.FindRecursiveTypes_DictDict" /></UnitTest><UnitTest name="JilTests.DeserializeTests.IReadOnlyDictionaryNumberKeys" storage="c:\users\dt-impact\ftsubs\mstest\kevin-montrose_jil-8a5af0f\jiltests\bin\debug\net452\jiltests.dll" id="28e815fd-cf02-4210-b0f6-bd6c04e33d21"><Execution id="474ab352-58c9-4bfe-b8e0-6a14a75f57c5" /><TestMethod codeBase="C:\Users\dt-impact\ftsubs\mstest\kevin-montrose_Jil-8a5af0f\JilTests\bin\Debug\net452\JilTests.dll" adapterTypeName="executor://xunit/VsTestRunner2/desktop_and_uap" className="JilTests.DeserializeTests" name="JilTests.DeserializeTests.IReadOnlyDictionaryNumberKeys" /></UnitTest><UnitTest name="JilTests.DeserializeDynamicTests.IEnumerableDynamic" storage="c:\users\dt-impact\ftsubs\mstest\kevin-montrose_jil-8a5af0f\jiltests\bin\debug\net452\jiltests.dll" id="8aae11bd-bab3-4a51-a2f1-a933a6c85dba"><Execution id="bb0f54f5-bf21-4a3a-9e7b-ad0f07c6d2e2" /><TestMethod codeBase="C:\Users\dt-impact\ftsubs\mstest\kevin-montrose_Jil-8a5af0f\JilTests\bin\Debug\net452\JilTests.dll" adapterTypeName="executor://xunit/VsTestRunner2/desktop_and_uap" className="JilTests.DeserializeDynamicTests" name="JilTests.DeserializeDynamicTests.IEnumerableDynamic" /></UnitTest><UnitTest name="JilTests.DeserializeTests.InfoFailure" storage="c:\users\dt-impact\ftsubs\mstest\kevin-montrose_jil-8a5af0f\jiltests\bin\debug\net452\jiltests.dll" id="c8d7ecbe-abb1-49a4-894c-bf9ffe217159"><Execution id="89a15596-cc69-4db9-95e9-156b98feef0a" /><TestMethod codeBase="C:\Users\dt-impact\ftsubs\mstest\kevin-montrose_Jil-8a5af0f\JilTests\bin\Debug\net452\JilTests.dll" adapterTypeName="executor://xunit/VsTestRunner2/desktop_and_uap" className="JilTests.DeserializeTests" name="JilTests.DeserializeTests.InfoFailure" /></UnitTest><UnitTest name="JilTests.SerializeTests.Issue231" storage="c:\users\dt-impact\ftsubs\mstest\kevin-montrose_jil-8a5af0f\jiltests\bin\debug\net452\jiltests.dll" id="34dacddd-e8aa-46c6-baf0-2996674a987f"><Execution id="26ea5e5c-97cd-4e03-afe1-c9d924d5015f" /><TestMethod codeBase="C:\Users\dt-impact\ftsubs\mstest\kevin-montrose_Jil-8a5af0f\JilTests\bin\Debug\net452\JilTests.dll" adapterTypeName="executor://xunit/VsTestRunner2/desktop_and_uap" className="JilTests.SerializeTests" name="JilTests.SerializeTests.Issue231" /></UnitTest><UnitTest name="JilTests.DeserializeDynamicTests.DictionaryCoercion" storage="c:\users\dt-impact\ftsubs\mstest\kevin-montrose_jil-8a5af0f\jiltests\bin\debug\net452\jiltests.dll" id="a0ea015d-3bf1-4e27-834e-8250e472fc5d"><Execution id="259b9fa2-0d3d-440d-81e3-b184cd28c4a9" /><TestMethod codeBase="C:\Users\dt-impact\ftsubs\mstest\kevin-montrose_Jil-8a5af0f\JilTests\bin\Debug\net452\JilTests.dll" adapterTypeName="executor://xunit/VsTestRunner2/desktop_and_uap" className="JilTests.DeserializeDynamicTests" name="JilTests.DeserializeDynamicTests.DictionaryCoercion" /></UnitTest><UnitTest name="JilTests.SerializeTests.AllOptions" storage="c:\users\dt-impact\ftsubs\mstest\kevin-montrose_jil-8a5af0f\jiltests\bin\debug\net452\jiltests.dll" id="5cbba7b6-95cd-479c-955e-0fa35a5de88a"><Execution id="f344a2b6-92bb-49e1-92be-e14755095596" /><TestMethod codeBase="C:\Users\dt-impact\ftsubs\mstest\kevin-montrose_Jil-8a5af0f\JilTests\bin\Debug\net452\JilTests.dll" adapterTypeName="executor://xunit/VsTestRunner2/desktop_and_uap" className="JilTests.SerializeTests" name="JilTests.SerializeTests.AllOptions" /></UnitTest><UnitTest name="JilTests.DeserializeDynamicTests.Array" storage="c:\users\dt-impact\ftsubs\mstest\kevin-montrose_jil-8a5af0f\jiltests\bin\debug\net452\jiltests.dll" id="73a48ae4-feec-4e32-a1d3-378245aa2de1"><Execution id="eff91ab5-b2e7-4ed6-ad5e-a31acc8c1874" /><TestMethod codeBase="C:\Users\dt-impact\ftsubs\mstest\kevin-montrose_Jil-8a5af0f\JilTests\bin\Debug\net452\JilTests.dll" adapterTypeName="executor://xunit/VsTestRunner2/desktop_and_uap" className="JilTests.DeserializeDynamicTests" name="JilTests.DeserializeDynamicTests.Array" /></UnitTest><UnitTest name="JilTests.DynamicSerializationTests.RecursiveObjects" storage="c:\users\dt-impact\ftsubs\mstest\kevin-montrose_jil-8a5af0f\jiltests\bin\debug\net452\jiltests.dll" id="e1a88c8f-9406-4bd5-869b-e8f20dd44d84"><Execution id="75471631-e66f-4457-aa9b-3e3113d6ba80" /><TestMethod codeBase="C:\Users\dt-impact\ftsubs\mstest\kevin-montrose_Jil-8a5af0f\JilTests\bin\Debug\net452\JilTests.dll" adapterTypeName="executor://xunit/VsTestRunner2/desktop_and_uap" className="JilTests.DynamicSerializationTests" name="JilTests.DynamicSerializationTests.RecursiveObjects" /></UnitTest><UnitTest name="JilTests.DeserializeTests.SmallCharBuffer" storage="c:\users\dt-impact\ftsubs\mstest\kevin-montrose_jil-8a5af0f\jiltests\bin\debug\net452\jiltests.dll" id="2abd1c40-2e2c-4acb-9a94-73f9780b82dc"><Execution id="84a20a70-429e-4746-a294-f490f65225ba" /><TestMethod codeBase="C:\Users\dt-impact\ftsubs\mstest\kevin-montrose_Jil-8a5af0f\JilTests\bin\Debug\net452\JilTests.dll" adapterTypeName="executor://xunit/VsTestRunner2/desktop_and_uap" className="JilTests.DeserializeTests" name="JilTests.DeserializeTests.SmallCharBuffer" /></UnitTest><UnitTest name="JilTests.DeserializeTests.IReadOnlyListMember" storage="c:\users\dt-impact\ftsubs\mstest\kevin-montrose_jil-8a5af0f\jiltests\bin\debug\net452\jiltests.dll" id="30aa9bdc-da71-4a5a-8364-dfa7ed4abe2a"><Execution id="64a776d8-e840-4ac1-8332-ce35b435be34" /><TestMethod codeBase="C:\Users\dt-impact\ftsubs\mstest\kevin-montrose_Jil-8a5af0f\JilTests\bin\Debug\net452\JilTests.dll" adapterTypeName="executor://xunit/VsTestRunner2/desktop_and_uap" className="JilTests.DeserializeTests" name="JilTests.DeserializeTests.IReadOnlyListMember" /></UnitTest><UnitTest name="JilTests.DeserializeTests.Issue225" storage="c:\users\dt-impact\ftsubs\mstest\kevin-montrose_jil-8a5af0f\jiltests\bin\debug\net452\jiltests.dll" id="e2d1cdcd-0ccc-47f0-8b64-c15a7f8faa1e"><Execution id="a7157d33-f440-4304-a964-8bbe95d3584c" /><TestMethod codeBase="C:\Users\dt-impact\ftsubs\mstest\kevin-montrose_Jil-8a5af0f\JilTests\bin\Debug\net452\JilTests.dll" adapterTypeName="executor://xunit/VsTestRunner2/desktop_and_uap" className="JilTests.DeserializeTests" name="JilTests.DeserializeTests.Issue225" /></UnitTest><UnitTest name="JilTests.DynamicSerializationTests.DynamicObject" storage="c:\users\dt-impact\ftsubs\mstest\kevin-montrose_jil-8a5af0f\jiltests\bin\debug\net452\jiltests.dll" id="b73f1055-b932-49ff-a634-e87188e83e07"><Execution id="80eeff9f-f9ea-485d-aba7-567913cf3ef0" /><TestMethod codeBase="C:\Users\dt-impact\ftsubs\mstest\kevin-montrose_Jil-8a5af0f\JilTests\bin\Debug\net452\JilTests.dll" adapterTypeName="executor://xunit/VsTestRunner2/desktop_and_uap" className="JilTests.DynamicSerializationTests" name="JilTests.DynamicSerializationTests.DynamicObject" /></UnitTest><UnitTest name="JilTests.DynamicSerializationTests.Issue158" storage="c:\users\dt-impact\ftsubs\mstest\kevin-montrose_jil-8a5af0f\jiltests\bin\debug\net452\jiltests.dll" id="107614e4-2e6f-4c21-93ba-1e97c43fa283"><Execution id="440ff9a6-f78c-44f7-b36e-ff90bad0e056" /><TestMethod codeBase="C:\Users\dt-impact\ftsubs\mstest\kevin-montrose_Jil-8a5af0f\JilTests\bin\Debug\net452\JilTests.dll" adapterTypeName="executor://xunit/VsTestRunner2/desktop_and_uap" className="JilTests.DynamicSerializationTests" name="JilTests.DynamicSerializationTests.Issue158" /></UnitTest><UnitTest name="JilTests.DeserializeDynamicTests.Issue143DateTimeOffsetFractionOverflow" storage="c:\users\dt-impact\ftsubs\mstest\kevin-montrose_jil-8a5af0f\jiltests\bin\debug\net452\jiltests.dll" id="5cdf2edd-3bce-43f1-a377-dab9ad184f21"><Execution id="275b67a2-5fd0-410b-a9ad-99c377984ace" /><TestMethod codeBase="C:\Users\dt-impact\ftsubs\mstest\kevin-montrose_Jil-8a5af0f\JilTests\bin\Debug\net452\JilTests.dll" adapterTypeName="executor://xunit/VsTestRunner2/desktop_and_uap" className="JilTests.DeserializeDynamicTests" name="JilTests.DeserializeDynamicTests.Issue143DateTimeOffsetFractionOverflow" /></UnitTest><UnitTest name="JilTests.DeserializeDynamicTests.NewtsoftDateTimeOffsets" storage="c:\users\dt-impact\ftsubs\mstest\kevin-montrose_jil-8a5af0f\jiltests\bin\debug\net452\jiltests.dll" id="fc009ac5-71c5-41f8-a901-6ba91918522e"><Execution id="31632a38-10f7-4145-a559-2ec7b187974d" /><TestMethod codeBase="C:\Users\dt-impact\ftsubs\mstest\kevin-montrose_Jil-8a5af0f\JilTests\bin\Debug\net452\JilTests.dll" adapterTypeName="executor://xunit/VsTestRunner2/desktop_and_uap" className="JilTests.DeserializeDynamicTests" name="JilTests.DeserializeDynamicTests.NewtsoftDateTimeOffsets" /></UnitTest><UnitTest name="JilTests.DeserializeTests.MalformedISO8601(dateString: &quot;\&quot;1900-01-01T19:19+\&quot;&quot;, expectedError: &quot;Expected hour part of ISO8601 timezone offset&quot;)" storage="c:\users\dt-impact\ftsubs\mstest\kevin-montrose_jil-8a5af0f\jiltests\bin\debug\net452\jiltests.dll" id="9fd834b4-433a-48ac-b367-00e92bcf040c"><Execution id="d87b34d9-8a43-4a34-ab90-4edf56cafc64" /><TestMethod codeBase="C:\Users\dt-impact\ftsubs\mstest\kevin-montrose_Jil-8a5af0f\JilTests\bin\Debug\net452\JilTests.dll" adapterTypeName="executor://xunit/VsTestRunner2/desktop_and_uap" className="JilTests.DeserializeTests" name="JilTests.DeserializeTests.MalformedISO8601(dateString: &quot;\&quot;1900-01-01T19:19+\&quot;&quot;, expectedError: &quot;Expected hour part of ISO8601 timezone offset&quot;)" /></UnitTest><UnitTest name="JilTests.DynamicSerializationTests.Issue87" storage="c:\users\dt-impact\ftsubs\mstest\kevin-montrose_jil-8a5af0f\jiltests\bin\debug\net452\jiltests.dll" id="45d46ac9-8c05-43f7-83c7-9bfebabbf526"><Execution id="93d9a36f-ce4e-4530-b46f-6d0664b39dd5" /><TestMethod codeBase="C:\Users\dt-impact\ftsubs\mstest\kevin-montrose_Jil-8a5af0f\JilTests\bin\Debug\net452\JilTests.dll" adapterTypeName="executor://xunit/VsTestRunner2/desktop_and_uap" className="JilTests.DynamicSerializationTests" name="JilTests.DynamicSerializationTests.Issue87" /></UnitTest><UnitTest name="JilTests.DeserializeDynamicTests.NotEquals" storage="c:\users\dt-impact\ftsubs\mstest\kevin-montrose_jil-8a5af0f\jiltests\bin\debug\net452\jiltests.dll" id="b6336469-9a5e-48b4-ae9d-8ff963275f98"><Execution id="0931f562-a530-4bad-9747-867adddeddb2" /><TestMethod codeBase="C:\Users\dt-impact\ftsubs\mstest\kevin-montrose_Jil-8a5af0f\JilTests\bin\Debug\net452\JilTests.dll" adapterTypeName="executor://xunit/VsTestRunner2/desktop_and_uap" className="JilTests.DeserializeDynamicTests" name="JilTests.DeserializeDynamicTests.NotEquals" /></UnitTest><UnitTest name="JilTests.DeserializeTests.Issue176" storage="c:\users\dt-impact\ftsubs\mstest\kevin-montrose_jil-8a5af0f\jiltests\bin\debug\net452\jiltests.dll" id="e3bea424-b51a-42df-965c-d9157c69e609"><Execution id="db20cce1-3b38-4cab-814e-b1fcb2bff527" /><TestMethod codeBase="C:\Users\dt-impact\ftsubs\mstest\kevin-montrose_Jil-8a5af0f\JilTests\bin\Debug\net452\JilTests.dll" adapterTypeName="executor://xunit/VsTestRunner2/desktop_and_uap" className="JilTests.DeserializeTests" name="JilTests.DeserializeTests.Issue176" /></UnitTest><UnitTest name="JilTests.DeserializeTests.Issue229" storage="c:\users\dt-impact\ftsubs\mstest\kevin-montrose_jil-8a5af0f\jiltests\bin\debug\net452\jiltests.dll" id="6d8585c5-b471-4a7c-8fa4-fb85a841c440"><Execution id="3db33049-3bfe-4ca9-a225-7c0e54c7d70f" /><TestMethod codeBase="C:\Users\dt-impact\ftsubs\mstest\kevin-montrose_Jil-8a5af0f\JilTests\bin\Debug\net452\JilTests.dll" adapterTypeName="executor://xunit/VsTestRunner2/desktop_and_uap" className="JilTests.DeserializeTests" name="JilTests.DeserializeTests.Issue229" /></UnitTest><UnitTest name="JilTests.DeserializeTests.Issue86" storage="c:\users\dt-impact\ftsubs\mstest\kevin-montrose_jil-8a5af0f\jiltests\bin\debug\net452\jiltests.dll" id="cfba9f7f-c932-4377-bd52-05daf38a6e79"><Execution id="1892b395-c449-4ffc-8471-64d04be36f35" /><TestMethod codeBase="C:\Users\dt-impact\ftsubs\mstest\kevin-montrose_Jil-8a5af0f\JilTests\bin\Debug\net452\JilTests.dll" adapterTypeName="executor://xunit/VsTestRunner2/desktop_and_uap" className="JilTests.DeserializeTests" name="JilTests.DeserializeTests.Issue86" /></UnitTest><UnitTest name="JilTests.DeserializeTests.DataMemberName" storage="c:\users\dt-impact\ftsubs\mstest\kevin-montrose_jil-8a5af0f\jiltests\bin\debug\net452\jiltests.dll" id="daad5d61-f787-44be-9a83-dcb7e01a5501"><Execution id="1e72692c-e850-4357-b048-a2ee318c581f" /><TestMethod codeBase="C:\Users\dt-impact\ftsubs\mstest\kevin-montrose_Jil-8a5af0f\JilTests\bin\Debug\net452\JilTests.dll" adapterTypeName="executor://xunit/VsTestRunner2/desktop_and_uap" className="JilTests.DeserializeTests" name="JilTests.DeserializeTests.DataMemberName" /></UnitTest><UnitTest name="JilTests.DeserializeTests.MalformedISO8601(dateString: &quot;\&quot;1999-13\&quot;&quot;, expectedError: &quot;Expected month to be between 01 and 12&quot;)" storage="c:\users\dt-impact\ftsubs\mstest\kevin-montrose_jil-8a5af0f\jiltests\bin\debug\net452\jiltests.dll" id="d7dddae2-424e-43ec-9808-3d2788ef5890"><Execution id="87af5c56-b74b-4c56-ab15-73dc6c228d50" /><TestMethod codeBase="C:\Users\dt-impact\ftsubs\mstest\kevin-montrose_Jil-8a5af0f\JilTests\bin\Debug\net452\JilTests.dll" adapterTypeName="executor://xunit/VsTestRunner2/desktop_and_uap" className="JilTests.DeserializeTests" name="JilTests.DeserializeTests.MalformedISO8601(dateString: &quot;\&quot;1999-13\&quot;&quot;, expectedError: &quot;Expected month to be between 01 and 12&quot;)" /></UnitTest><UnitTest name="JilTests.DeserializeTests.Shorts" storage="c:\users\dt-impact\ftsubs\mstest\kevin-montrose_jil-8a5af0f\jiltests\bin\debug\net452\jiltests.dll" id="b3835d4a-42a2-401a-9cf8-ae840296e403"><Execution id="7f75649e-3a56-4913-9fdd-43a0aa32a2a8" /><TestMethod codeBase="C:\Users\dt-impact\ftsubs\mstest\kevin-montrose_Jil-8a5af0f\JilTests\bin\Debug\net452\JilTests.dll" adapterTypeName="executor://xunit/VsTestRunner2/desktop_and_uap" className="JilTests.DeserializeTests" name="JilTests.DeserializeTests.Shorts" /></UnitTest><UnitTest name="JilTests.SerializeTests.NullArrayElements" storage="c:\users\dt-impact\ftsubs\mstest\kevin-montrose_jil-8a5af0f\jiltests\bin\debug\net452\jiltests.dll" id="d2fe4122-6924-4487-bd90-d2fbe7d41929"><Execution id="71befeb8-6869-4b32-91dc-17c75104233a" /><TestMethod codeBase="C:\Users\dt-impact\ftsubs\mstest\kevin-montrose_Jil-8a5af0f\JilTests\bin\Debug\net452\JilTests.dll" adapterTypeName="executor://xunit/VsTestRunner2/desktop_and_uap" className="JilTests.SerializeTests" name="JilTests.SerializeTests.NullArrayElements" /></UnitTest><UnitTest name="JilTests.DeserializeTests.Issue143TimeSpanFractionOverflow" storage="c:\users\dt-impact\ftsubs\mstest\kevin-montrose_jil-8a5af0f\jiltests\bin\debug\net452\jiltests.dll" id="8463c366-18e5-4988-a16e-5b7a7d0b949a"><Execution id="6f23c334-6d5f-4cc5-9201-845e4a671520" /><TestMethod codeBase="C:\Users\dt-impact\ftsubs\mstest\kevin-montrose_Jil-8a5af0f\JilTests\bin\Debug\net452\JilTests.dll" adapterTypeName="executor://xunit/VsTestRunner2/desktop_and_uap" className="JilTests.DeserializeTests" name="JilTests.DeserializeTests.Issue143TimeSpanFractionOverflow" /></UnitTest><UnitTest name="JilTests.DeserializeTests.MalformedISO8601(dateString: &quot;\&quot;1900-01-01T12:34:56.123456789+00:00\&quot;&quot;, expectedError: &quot;ISO8601 date is too long, expected 33 characters o&quot;...)" storage="c:\users\dt-impact\ftsubs\mstest\kevin-montrose_jil-8a5af0f\jiltests\bin\debug\net452\jiltests.dll" id="8ff01d35-8e93-4197-8dde-e7d14fc05f5d"><Execution id="fdf8c523-12e6-4701-bf86-6c348ff1bfa7" /><TestMethod codeBase="C:\Users\dt-impact\ftsubs\mstest\kevin-montrose_Jil-8a5af0f\JilTests\bin\Debug\net452\JilTests.dll" adapterTypeName="executor://xunit/VsTestRunner2/desktop_and_uap" className="JilTests.DeserializeTests" name="JilTests.DeserializeTests.MalformedISO8601(dateString: &quot;\&quot;1900-01-01T12:34:56.123456789+00:00\&quot;&quot;, expectedError: &quot;ISO8601 date is too long, expected 33 characters o&quot;...)" /></UnitTest><UnitTest name="JilTests.DynamicSerializationTests.Issue150" storage="c:\users\dt-impact\ftsubs\mstest\kevin-montrose_jil-8a5af0f\jiltests\bin\debug\net452\jiltests.dll" id="be2ec123-c4f2-4981-9f7e-0c5ddd67abab"><Execution id="a8c47a55-35ed-4a5a-8ef6-a31b2e927033" /><TestMethod codeBase="C:\Users\dt-impact\ftsubs\mstest\kevin-montrose_Jil-8a5af0f\JilTests\bin\Debug\net452\JilTests.dll" adapterTypeName="executor://xunit/VsTestRunner2/desktop_and_uap" className="JilTests.DynamicSerializationTests" name="JilTests.DynamicSerializationTests.Issue150" /></UnitTest><UnitTest name="JilTests.SerializeTests.SerializeToString" storage="c:\users\dt-impact\ftsubs\mstest\kevin-montrose_jil-8a5af0f\jiltests\bin\debug\net452\jiltests.dll" id="efd86d8b-e53d-4c93-b621-44bc44d1d980"><Execution id="ff1e5ab6-03b1-44c4-a224-4e84a0fd91b7" /><TestMethod codeBase="C:\Users\dt-impact\ftsubs\mstest\kevin-montrose_Jil-8a5af0f\JilTests\bin\Debug\net452\JilTests.dll" adapterTypeName="executor://xunit/VsTestRunner2/desktop_and_uap" className="JilTests.SerializeTests" name="JilTests.SerializeTests.SerializeToString" /></UnitTest><UnitTest name="JilTests.SerializeTests.InnerLists" storage="c:\users\dt-impact\ftsubs\mstest\kevin-montrose_jil-8a5af0f\jiltests\bin\debug\net452\jiltests.dll" id="8d8d8786-8e25-4d01-ae50-6c8cab0a03bf"><Execution id="33272996-e78a-4924-9a52-4bc644d755b7" /><TestMethod codeBase="C:\Users\dt-impact\ftsubs\mstest\kevin-montrose_Jil-8a5af0f\JilTests\bin\Debug\net452\JilTests.dll" adapterTypeName="executor://xunit/VsTestRunner2/desktop_and_uap" className="JilTests.SerializeTests" name="JilTests.SerializeTests.InnerLists" /></UnitTest><UnitTest name="JilTests.SerializeTests.SecondsTimeSpans" storage="c:\users\dt-impact\ftsubs\mstest\kevin-montrose_jil-8a5af0f\jiltests\bin\debug\net452\jiltests.dll" id="01966e49-ff60-41e1-a93e-2a2afe88498a"><Execution id="034aa4c7-15b7-415e-83e4-5c7403145042" /><TestMethod codeBase="C:\Users\dt-impact\ftsubs\mstest\kevin-montrose_Jil-8a5af0f\JilTests\bin\Debug\net452\JilTests.dll" adapterTypeName="executor://xunit/VsTestRunner2/desktop_and_uap" className="JilTests.SerializeTests" name="JilTests.SerializeTests.SecondsTimeSpans" /></UnitTest><UnitTest name="JilTests.SerializeTests.PrimitiveWrapperMembers" storage="c:\users\dt-impact\ftsubs\mstest\kevin-montrose_jil-8a5af0f\jiltests\bin\debug\net452\jiltests.dll" id="14f601f3-8a46-44e9-a369-ed29c8b90c69"><Execution id="a836fb36-69d1-4c1e-98fc-1f67048b118a" /><TestMethod codeBase="C:\Users\dt-impact\ftsubs\mstest\kevin-montrose_Jil-8a5af0f\JilTests\bin\Debug\net452\JilTests.dll" adapterTypeName="executor://xunit/VsTestRunner2/desktop_and_uap" className="JilTests.SerializeTests" name="JilTests.SerializeTests.PrimitiveWrapperMembers" /></UnitTest><UnitTest name="JilTests.DynamicSerializationTests.RecursiveDynamic" storage="c:\users\dt-impact\ftsubs\mstest\kevin-montrose_jil-8a5af0f\jiltests\bin\debug\net452\jiltests.dll" id="47bfb3b9-5bcd-4ff7-bd99-742e9069832f"><Execution id="abf66c80-3821-4a62-98d6-10db967a9cb2" /><TestMethod codeBase="C:\Users\dt-impact\ftsubs\mstest\kevin-montrose_Jil-8a5af0f\JilTests\bin\Debug\net452\JilTests.dll" adapterTypeName="executor://xunit/VsTestRunner2/desktop_and_uap" className="JilTests.DynamicSerializationTests" name="JilTests.DynamicSerializationTests.RecursiveDynamic" /></UnitTest><UnitTest name="JilTests.SerializeTests.SerializeDynamic" storage="c:\users\dt-impact\ftsubs\mstest\kevin-montrose_jil-8a5af0f\jiltests\bin\debug\net452\jiltests.dll" id="b675c567-6809-4082-8354-657fbc5236cd"><Execution id="eb724b9c-87c0-412e-9e20-cd9c5a21f036" /><TestMethod codeBase="C:\Users\dt-impact\ftsubs\mstest\kevin-montrose_Jil-8a5af0f\JilTests\bin\Debug\net452\JilTests.dll" adapterTypeName="executor://xunit/VsTestRunner2/desktop_and_uap" className="JilTests.SerializeTests" name="JilTests.SerializeTests.SerializeDynamic" /></UnitTest><UnitTest name="JilTests.DeserializeTests.NoNameDataMember" storage="c:\users\dt-impact\ftsubs\mstest\kevin-montrose_jil-8a5af0f\jiltests\bin\debug\net452\jiltests.dll" id="ff04cec0-028e-4bbd-91c0-11ab69cc57db"><Execution id="930b2c75-6897-4772-a67d-81b43b06cc71" /><TestMethod codeBase="C:\Users\dt-impact\ftsubs\mstest\kevin-montrose_Jil-8a5af0f\JilTests\bin\Debug\net452\JilTests.dll" adapterTypeName="executor://xunit/VsTestRunner2/desktop_and_uap" className="JilTests.DeserializeTests" name="JilTests.DeserializeTests.NoNameDataMember" /></UnitTest><UnitTest name="JilTests.DeserializeDynamicTests.ArrayCoercion" storage="c:\users\dt-impact\ftsubs\mstest\kevin-montrose_jil-8a5af0f\jiltests\bin\debug\net452\jiltests.dll" id="a7544dd0-2025-4e43-9292-12f8ab59916d"><Execution id="8c0bc567-e3b4-40ee-89c0-cc8af81426c9" /><TestMethod codeBase="C:\Users\dt-impact\ftsubs\mstest\kevin-montrose_Jil-8a5af0f\JilTests\bin\Debug\net452\JilTests.dll" adapterTypeName="executor://xunit/VsTestRunner2/desktop_and_uap" className="JilTests.DeserializeDynamicTests" name="JilTests.DeserializeDynamicTests.ArrayCoercion" /></UnitTest><UnitTest name="JilTests.DeserializeTests.Issue203" storage="c:\users\dt-impact\ftsubs\mstest\kevin-montrose_jil-8a5af0f\jiltests\bin\debug\net452\jiltests.dll" id="7ca14811-e3af-4220-9fed-2099b4336e4a"><Execution id="050f87ae-32fe-4cc5-8781-c9b23fe566b2" /><TestMethod codeBase="C:\Users\dt-impact\ftsubs\mstest\kevin-montrose_Jil-8a5af0f\JilTests\bin\Debug\net452\JilTests.dll" adapterTypeName="executor://xunit/VsTestRunner2/desktop_and_uap" className="JilTests.DeserializeTests" name="JilTests.DeserializeTests.Issue203" /></UnitTest><UnitTest name="JilTests.DeserializeTests.ObjectsSkipMembers" storage="c:\users\dt-impact\ftsubs\mstest\kevin-montrose_jil-8a5af0f\jiltests\bin\debug\net452\jiltests.dll" id="e65efee7-7bf3-4460-83a3-3f538b2cb355"><Execution id="b112c6ae-5417-4e7f-a4f6-2e147846ad22" /><TestMethod codeBase="C:\Users\dt-impact\ftsubs\mstest\kevin-montrose_Jil-8a5af0f\JilTests\bin\Debug\net452\JilTests.dll" adapterTypeName="executor://xunit/VsTestRunner2/desktop_and_uap" className="JilTests.DeserializeTests" name="JilTests.DeserializeTests.ObjectsSkipMembers" /></UnitTest><UnitTest name="JilTests.DynamicSerializationTests.ToStringJSON" storage="c:\users\dt-impact\ftsubs\mstest\kevin-montrose_jil-8a5af0f\jiltests\bin\debug\net452\jiltests.dll" id="b8039d5d-9edf-445e-9ff1-7a38cd141ff7"><Execution id="bd523d31-81fc-450d-a0d3-9414f9809e78" /><TestMethod codeBase="C:\Users\dt-impact\ftsubs\mstest\kevin-montrose_Jil-8a5af0f\JilTests\bin\Debug\net452\JilTests.dll" adapterTypeName="executor://xunit/VsTestRunner2/desktop_and_uap" className="JilTests.DynamicSerializationTests" name="JilTests.DynamicSerializationTests.ToStringJSON" /></UnitTest><UnitTest name="JilTests.DeserializeTests.Issue117_Float" storage="c:\users\dt-impact\ftsubs\mstest\kevin-montrose_jil-8a5af0f\jiltests\bin\debug\net452\jiltests.dll" id="e05d64eb-f553-4b89-9511-826769ea8c44"><Execution id="58ae22f8-aeb2-4754-ab5f-be28cc4eab93" /><TestMethod codeBase="C:\Users\dt-impact\ftsubs\mstest\kevin-montrose_Jil-8a5af0f\JilTests\bin\Debug\net452\JilTests.dll" adapterTypeName="executor://xunit/VsTestRunner2/desktop_and_uap" className="JilTests.DeserializeTests" name="JilTests.DeserializeTests.Issue117_Float" /></UnitTest><UnitTest name="JilTests.SerializeTests.Dictionary" storage="c:\users\dt-impact\ftsubs\mstest\kevin-montrose_jil-8a5af0f\jiltests\bin\debug\net452\jiltests.dll" id="0253553b-b66b-4ab6-a57a-f6e7d23aaac5"><Execution id="5d5fed40-3947-427d-bc3e-4dc641f4a41d" /><TestMethod codeBase="C:\Users\dt-impact\ftsubs\mstest\kevin-montrose_Jil-8a5af0f\JilTests\bin\Debug\net452\JilTests.dll" adapterTypeName="executor://xunit/VsTestRunner2/desktop_and_uap" className="JilTests.SerializeTests" name="JilTests.SerializeTests.Dictionary" /></UnitTest><UnitTest name="JilTests.DeserializeTests.Guids" storage="c:\users\dt-impact\ftsubs\mstest\kevin-montrose_jil-8a5af0f\jiltests\bin\debug\net452\jiltests.dll" id="250e33dd-7427-42fb-8c70-52e935ef9e46"><Execution id="2cfcdb4f-66be-414d-8c3c-d5d828ca0a2a" /><TestMethod codeBase="C:\Users\dt-impact\ftsubs\mstest\kevin-montrose_Jil-8a5af0f\JilTests\bin\Debug\net452\JilTests.dll" adapterTypeName="executor://xunit/VsTestRunner2/desktop_and_uap" className="JilTests.DeserializeTests" name="JilTests.DeserializeTests.Guids" /></UnitTest><UnitTest name="JilTests.DeserializeDynamicTests.Issue117(input: &quot;-1.&quot;, expectedError: &quot;Expected digit&quot;)" storage="c:\users\dt-impact\ftsubs\mstest\kevin-montrose_jil-8a5af0f\jiltests\bin\debug\net452\jiltests.dll" id="4c9a8a34-d999-4ea4-b02a-11cc4122709e"><Execution id="f896925b-5ae5-49e9-b560-677679a6b6ba" /><TestMethod codeBase="C:\Users\dt-impact\ftsubs\mstest\kevin-montrose_Jil-8a5af0f\JilTests\bin\Debug\net452\JilTests.dll" adapterTypeName="executor://xunit/VsTestRunner2/desktop_and_uap" className="JilTests.DeserializeDynamicTests" name="JilTests.DeserializeDynamicTests.Issue117(input: &quot;-1.&quot;, expectedError: &quot;Expected digit&quot;)" /></UnitTest><UnitTest name="JilTests.SerializeTests.BadPrimitiveWrapper" storage="c:\users\dt-impact\ftsubs\mstest\kevin-montrose_jil-8a5af0f\jiltests\bin\debug\net452\jiltests.dll" id="44529866-2b60-434c-9a1e-130e33514068"><Execution id="9e4235d3-ebc3-46c4-a8d9-bed295a809af" /><TestMethod codeBase="C:\Users\dt-impact\ftsubs\mstest\kevin-montrose_Jil-8a5af0f\JilTests\bin\Debug\net452\JilTests.dll" adapterTypeName="executor://xunit/VsTestRunner2/desktop_and_uap" className="JilTests.SerializeTests" name="JilTests.SerializeTests.BadPrimitiveWrapper" /></UnitTest><UnitTest name="JilTests.DeserializeTests.DeserializeNonGeneric" storage="c:\users\dt-impact\ftsubs\mstest\kevin-montrose_jil-8a5af0f\jiltests\bin\debug\net452\jiltests.dll" id="a1b445ce-d17f-49b8-b76e-f381d02d2634"><Execution id="b79edd60-5147-4351-870c-f56629541cb8" /><TestMethod codeBase="C:\Users\dt-impact\ftsubs\mstest\kevin-montrose_Jil-8a5af0f\JilTests\bin\Debug\net452\JilTests.dll" adapterTypeName="executor://xunit/VsTestRunner2/desktop_and_uap" className="JilTests.DeserializeTests" name="JilTests.DeserializeTests.DeserializeNonGeneric" /></UnitTest><UnitTest name="JilTests.DeserializeTests.Issue143DateTime" storage="c:\users\dt-impact\ftsubs\mstest\kevin-montrose_jil-8a5af0f\jiltests\bin\debug\net452\jiltests.dll" id="f12edbf1-837f-4f0c-b45d-01108c75c8b7"><Execution id="6a890b1c-d0a8-47a0-a73a-b880289ed6fd" /><TestMethod codeBase="C:\Users\dt-impact\ftsubs\mstest\kevin-montrose_Jil-8a5af0f\JilTests\bin\Debug\net452\JilTests.dll" adapterTypeName="executor://xunit/VsTestRunner2/desktop_and_uap" className="JilTests.DeserializeTests" name="JilTests.DeserializeTests.Issue143DateTime" /></UnitTest><UnitTest name="JilTests.DeserializeTests.EarlyStreamEnds" storage="c:\users\dt-impact\ftsubs\mstest\kevin-montrose_jil-8a5af0f\jiltests\bin\debug\net452\jiltests.dll" id="1fdb6f6b-a011-4845-aa2f-5f0b20936f59"><Execution id="951d3e1c-757a-4994-af86-5384ef06d188" /><TestMethod codeBase="C:\Users\dt-impact\ftsubs\mstest\kevin-montrose_Jil-8a5af0f\JilTests\bin\Debug\net452\JilTests.dll" adapterTypeName="executor://xunit/VsTestRunner2/desktop_and_uap" className="JilTests.DeserializeTests" name="JilTests.DeserializeTests.EarlyStreamEnds" /></UnitTest><UnitTest name="JilTests.DeserializeTests.DateTimeOffsetPreservesOffset" storage="c:\users\dt-impact\ftsubs\mstest\kevin-montrose_jil-8a5af0f\jiltests\bin\debug\net452\jiltests.dll" id="c6258512-4128-48bd-84e5-17b08b11c74f"><Execution id="70ba6c21-a55b-4b12-98a9-2770816ba04a" /><TestMethod codeBase="C:\Users\dt-impact\ftsubs\mstest\kevin-montrose_Jil-8a5af0f\JilTests\bin\Debug\net452\JilTests.dll" adapterTypeName="executor://xunit/VsTestRunner2/desktop_and_uap" className="JilTests.DeserializeTests" name="JilTests.DeserializeTests.DateTimeOffsetPreservesOffset" /></UnitTest><UnitTest name="JilTests.DeserializeTests.Dictionaries" storage="c:\users\dt-impact\ftsubs\mstest\kevin-montrose_jil-8a5af0f\jiltests\bin\debug\net452\jiltests.dll" id="d0b24e80-5814-4a92-999e-9afc1235b646"><Execution id="1e35c419-9fb6-4811-b5fc-3dda8d44fee9" /><TestMethod codeBase="C:\Users\dt-impact\ftsubs\mstest\kevin-montrose_Jil-8a5af0f\JilTests\bin\Debug\net452\JilTests.dll" adapterTypeName="executor://xunit/VsTestRunner2/desktop_and_uap" className="JilTests.DeserializeTests" name="JilTests.DeserializeTests.Dictionaries" /></UnitTest><UnitTest name="JilTests.DeserializeTests.SBytes" storage="c:\users\dt-impact\ftsubs\mstest\kevin-montrose_jil-8a5af0f\jiltests\bin\debug\net452\jiltests.dll" id="e4641dfa-ddc4-4d51-bba9-555348bf09aa"><Execution id="c7bc8ff6-a37d-4476-a511-2bd8613648d4" /><TestMethod codeBase="C:\Users\dt-impact\ftsubs\mstest\kevin-montrose_Jil-8a5af0f\JilTests\bin\Debug\net452\JilTests.dll" adapterTypeName="executor://xunit/VsTestRunner2/desktop_and_uap" className="JilTests.DeserializeTests" name="JilTests.DeserializeTests.SBytes" /></UnitTest><UnitTest name="JilTests.SerializeTests.Issue151" storage="c:\users\dt-impact\ftsubs\mstest\kevin-montrose_jil-8a5af0f\jiltests\bin\debug\net452\jiltests.dll" id="77939ef1-b3fc-40a4-9cc9-4b351ece55f2"><Execution id="29d99b17-4c32-4cfe-a7db-aa1e96c182e8" /><TestMethod codeBase="C:\Users\dt-impact\ftsubs\mstest\kevin-montrose_Jil-8a5af0f\JilTests\bin\Debug\net452\JilTests.dll" adapterTypeName="executor://xunit/VsTestRunner2/desktop_and_uap" className="JilTests.SerializeTests" name="JilTests.SerializeTests.Issue151" /></UnitTest><UnitTest name="JilTests.DeserializeDynamicTests.Issue117(input: &quot;-123.&quot;, expectedError: &quot;Expected digit&quot;)" storage="c:\users\dt-impact\ftsubs\mstest\kevin-montrose_jil-8a5af0f\jiltests\bin\debug\net452\jiltests.dll" id="6f755316-d29e-4350-91a5-1f212927d1ac"><Execution id="0fd07585-f3b4-4936-82af-930e146e009e" /><TestMethod codeBase="C:\Users\dt-impact\ftsubs\mstest\kevin-montrose_Jil-8a5af0f\JilTests\bin\Debug\net452\JilTests.dll" adapterTypeName="executor://xunit/VsTestRunner2/desktop_and_uap" className="JilTests.DeserializeDynamicTests" name="JilTests.DeserializeDynamicTests.Issue117(input: &quot;-123.&quot;, expectedError: &quot;Expected digit&quot;)" /></UnitTest><UnitTest name="JilTests.EnumFlagsTest.TestEnumFlagsDeserialize3" storage="c:\users\dt-impact\ftsubs\mstest\kevin-montrose_jil-8a5af0f\jiltests\bin\debug\net452\jiltests.dll" id="8c168b63-7f91-46bf-874a-22487a1444fd"><Execution id="a1d76701-c61e-4ab2-8d7a-89cd8f47998d" /><TestMethod codeBase="C:\Users\dt-impact\ftsubs\mstest\kevin-montrose_Jil-8a5af0f\JilTests\bin\Debug\net452\JilTests.dll" adapterTypeName="executor://xunit/VsTestRunner2/desktop_and_uap" className="JilTests.EnumFlagsTest" name="JilTests.EnumFlagsTest.TestEnumFlagsDeserialize3" /></UnitTest><UnitTest name="JilTests.DeserializeDynamicTests.Issue117(input: &quot;-001&quot;, expectedError: &quot;Number cannot have leading zeros&quot;)" storage="c:\users\dt-impact\ftsubs\mstest\kevin-montrose_jil-8a5af0f\jiltests\bin\debug\net452\jiltests.dll" id="d8e9cc50-8188-4806-b521-b5047df2a350"><Execution id="d46e1b4c-3099-455f-9946-65f0d2cfb147" /><TestMethod codeBase="C:\Users\dt-impact\ftsubs\mstest\kevin-montrose_Jil-8a5af0f\JilTests\bin\Debug\net452\JilTests.dll" adapterTypeName="executor://xunit/VsTestRunner2/desktop_and_uap" className="JilTests.DeserializeDynamicTests" name="JilTests.DeserializeDynamicTests.Issue117(input: &quot;-001&quot;, expectedError: &quot;Number cannot have leading zeros&quot;)" /></UnitTest><UnitTest name="JilTests.DeserializeTests.Issue19" storage="c:\users\dt-impact\ftsubs\mstest\kevin-montrose_jil-8a5af0f\jiltests\bin\debug\net452\jiltests.dll" id="a6f0d568-f0d9-470e-afa8-c95581f58d32"><Execution id="1d813443-8e1f-4f45-a16e-7fd15c71c737" /><TestMethod codeBase="C:\Users\dt-impact\ftsubs\mstest\kevin-montrose_Jil-8a5af0f\JilTests\bin\Debug\net452\JilTests.dll" adapterTypeName="executor://xunit/VsTestRunner2/desktop_and_uap" className="JilTests.DeserializeTests" name="JilTests.DeserializeTests.Issue19" /></UnitTest><UnitTest name="JilTests.SerializeTests.Issue257" storage="c:\users\dt-impact\ftsubs\mstest\kevin-montrose_jil-8a5af0f\jiltests\bin\debug\net452\jiltests.dll" id="7f6e32e6-6772-4d72-abc6-169712300f9b"><Execution id="e53403d9-a77d-4731-ac94-736aebf96f10" /><TestMethod codeBase="C:\Users\dt-impact\ftsubs\mstest\kevin-montrose_Jil-8a5af0f\JilTests\bin\Debug\net452\JilTests.dll" adapterTypeName="executor://xunit/VsTestRunner2/desktop_and_uap" className="JilTests.SerializeTests" name="JilTests.SerializeTests.Issue257" /></UnitTest><UnitTest name="JilTests.DeserializeTests.Issue43" storage="c:\users\dt-impact\ftsubs\mstest\kevin-montrose_jil-8a5af0f\jiltests\bin\debug\net452\jiltests.dll" id="5cc82384-a4d1-4c50-aa4a-437ebe74f346"><Execution id="c591ef1f-e5a9-4bbe-bba9-25a2c8557922" /><TestMethod codeBase="C:\Users\dt-impact\ftsubs\mstest\kevin-montrose_Jil-8a5af0f\JilTests\bin\Debug\net452\JilTests.dll" adapterTypeName="executor://xunit/VsTestRunner2/desktop_and_uap" className="JilTests.DeserializeTests" name="JilTests.DeserializeTests.Issue43" /></UnitTest><UnitTest name="JilTests.DeserializeTests.MalformedISO8601(dateString: &quot;\&quot;1900-\&quot;&quot;, expectedError: &quot;Unexpected date string length&quot;)" storage="c:\users\dt-impact\ftsubs\mstest\kevin-montrose_jil-8a5af0f\jiltests\bin\debug\net452\jiltests.dll" id="e54be728-854d-4a13-8b44-ff78dc951814"><Execution id="af276e94-b0a7-4d07-ad28-7a17c47b9be8" /><TestMethod codeBase="C:\Users\dt-impact\ftsubs\mstest\kevin-montrose_Jil-8a5af0f\JilTests\bin\Debug\net452\JilTests.dll" adapterTypeName="executor://xunit/VsTestRunner2/desktop_and_uap" className="JilTests.DeserializeTests" name="JilTests.DeserializeTests.MalformedISO8601(dateString: &quot;\&quot;1900-\&quot;&quot;, expectedError: &quot;Unexpected date string length&quot;)" /></UnitTest><UnitTest name="JilTests.SerializeTests.IReadOnlyList" storage="c:\users\dt-impact\ftsubs\mstest\kevin-montrose_jil-8a5af0f\jiltests\bin\debug\net452\jiltests.dll" id="cf027dc9-2f00-45a0-90ad-92f0d0254636"><Execution id="d5423e4b-4ab3-486e-bc6c-022a9ea7b17d" /><TestMethod codeBase="C:\Users\dt-impact\ftsubs\mstest\kevin-montrose_Jil-8a5af0f\JilTests\bin\Debug\net452\JilTests.dll" adapterTypeName="executor://xunit/VsTestRunner2/desktop_and_uap" className="JilTests.SerializeTests" name="JilTests.SerializeTests.IReadOnlyList" /></UnitTest><UnitTest name="JilTests.SerializeTests.EnumVariations" storage="c:\users\dt-impact\ftsubs\mstest\kevin-montrose_jil-8a5af0f\jiltests\bin\debug\net452\jiltests.dll" id="43aaf086-4cbb-475c-aa45-adb14f080412"><Execution id="fc2db22a-1ecb-490f-875a-420b3e7a9891" /><TestMethod codeBase="C:\Users\dt-impact\ftsubs\mstest\kevin-montrose_Jil-8a5af0f\JilTests\bin\Debug\net452\JilTests.dll" adapterTypeName="executor://xunit/VsTestRunner2/desktop_and_uap" className="JilTests.SerializeTests" name="JilTests.SerializeTests.EnumVariations" /></UnitTest><UnitTest name="JilTests.SerializeTests.IReadOnlyDictionary" storage="c:\users\dt-impact\ftsubs\mstest\kevin-montrose_jil-8a5af0f\jiltests\bin\debug\net452\jiltests.dll" id="4cc57edf-0afe-4fe6-8c23-4db23ab5a6bd"><Execution id="6b9ee2ed-ea9a-4c01-ae60-68de957aa059" /><TestMethod codeBase="C:\Users\dt-impact\ftsubs\mstest\kevin-montrose_Jil-8a5af0f\JilTests\bin\Debug\net452\JilTests.dll" adapterTypeName="executor://xunit/VsTestRunner2/desktop_and_uap" className="JilTests.SerializeTests" name="JilTests.SerializeTests.IReadOnlyDictionary" /></UnitTest><UnitTest name="JilTests.DeserializeDynamicTests.ParseISO8601" storage="c:\users\dt-impact\ftsubs\mstest\kevin-montrose_jil-8a5af0f\jiltests\bin\debug\net452\jiltests.dll" id="87ba74ae-b890-4e07-b2da-50e039295db8"><Execution id="f5cbf6ea-6fff-4b4a-9ee2-0299227d56d6" /><TestMethod codeBase="C:\Users\dt-impact\ftsubs\mstest\kevin-montrose_Jil-8a5af0f\JilTests\bin\Debug\net452\JilTests.dll" adapterTypeName="executor://xunit/VsTestRunner2/desktop_and_uap" className="JilTests.DeserializeDynamicTests" name="JilTests.DeserializeDynamicTests.ParseISO8601" /></UnitTest><UnitTest name="JilTests.DeserializeTests.MalformedISO8601(dateString: &quot;\&quot;99\&quot;&quot;, expectedError: &quot;ISO8601 date must begin with a 4 character year&quot;)" storage="c:\users\dt-impact\ftsubs\mstest\kevin-montrose_jil-8a5af0f\jiltests\bin\debug\net452\jiltests.dll" id="089625f5-7f55-474d-a5d0-b2ece3a40b1f"><Execution id="725dde5a-ad3d-4669-957d-eb4d7055f21c" /><TestMethod codeBase="C:\Users\dt-impact\ftsubs\mstest\kevin-montrose_Jil-8a5af0f\JilTests\bin\Debug\net452\JilTests.dll" adapterTypeName="executor://xunit/VsTestRunner2/desktop_and_uap" className="JilTests.DeserializeTests" name="JilTests.DeserializeTests.MalformedISO8601(dateString: &quot;\&quot;99\&quot;&quot;, expectedError: &quot;ISO8601 date must begin with a 4 character year&quot;)" /></UnitTest><UnitTest name="JilTests.DeserializeDynamicTests.NewtsoftDateTimes" storage="c:\users\dt-impact\ftsubs\mstest\kevin-montrose_jil-8a5af0f\jiltests\bin\debug\net452\jiltests.dll" id="60a06c7c-2387-4b63-bc5e-b345645f5a56"><Execution id="e3ac4937-b36e-4daa-9880-310b96d36d29" /><TestMethod codeBase="C:\Users\dt-impact\ftsubs\mstest\kevin-montrose_Jil-8a5af0f\JilTests\bin\Debug\net452\JilTests.dll" adapterTypeName="executor://xunit/VsTestRunner2/desktop_and_uap" className="JilTests.DeserializeDynamicTests" name="JilTests.DeserializeDynamicTests.NewtsoftDateTimes" /></UnitTest><UnitTest name="JilTests.SerializeTests.Guids" storage="c:\users\dt-impact\ftsubs\mstest\kevin-montrose_jil-8a5af0f\jiltests\bin\debug\net452\jiltests.dll" id="023b6abb-26e7-4af2-b56b-9b4a1d0d88d6"><Execution id="34803730-e1c3-47d2-bfd5-fe1305c5579a" /><TestMethod codeBase="C:\Users\dt-impact\ftsubs\mstest\kevin-montrose_Jil-8a5af0f\JilTests\bin\Debug\net452\JilTests.dll" adapterTypeName="executor://xunit/VsTestRunner2/desktop_and_uap" className="JilTests.SerializeTests" name="JilTests.SerializeTests.Guids" /></UnitTest><UnitTest name="JilTests.DeserializeTests.NonDiscriminantUnion" storage="c:\users\dt-impact\ftsubs\mstest\kevin-montrose_jil-8a5af0f\jiltests\bin\debug\net452\jiltests.dll" id="82740498-47ba-455d-8e72-5de0c0432aa3"><Execution id="0a6a0023-68d7-4cf5-ad89-db5a02d6c370" /><TestMethod codeBase="C:\Users\dt-impact\ftsubs\mstest\kevin-montrose_Jil-8a5af0f\JilTests\bin\Debug\net452\JilTests.dll" adapterTypeName="executor://xunit/VsTestRunner2/desktop_and_uap" className="JilTests.DeserializeTests" name="JilTests.DeserializeTests.NonDiscriminantUnion" /></UnitTest><UnitTest name="JilTests.DynamicSerializationTests.MicrosoftTimeSpans" storage="c:\users\dt-impact\ftsubs\mstest\kevin-montrose_jil-8a5af0f\jiltests\bin\debug\net452\jiltests.dll" id="6b3f12be-8771-4a19-b073-1fdd1b8f6d8e"><Execution id="3f14e4bb-f7af-4fe0-9542-f1dfb58f0a70" /><TestMethod codeBase="C:\Users\dt-impact\ftsubs\mstest\kevin-montrose_Jil-8a5af0f\JilTests\bin\Debug\net452\JilTests.dll" adapterTypeName="executor://xunit/VsTestRunner2/desktop_and_uap" className="JilTests.DynamicSerializationTests" name="JilTests.DynamicSerializationTests.MicrosoftTimeSpans" /></UnitTest><UnitTest name="JilTests.UtilsTests.FieldOffsetsInMemory" storage="c:\users\dt-impact\ftsubs\mstest\kevin-montrose_jil-8a5af0f\jiltests\bin\debug\net452\jiltests.dll" id="f26899a0-180d-49c5-9625-2c723fa5ddfe"><Execution id="a08c7954-befd-442e-a992-6b40f09cbf90" /><TestMethod codeBase="C:\Users\dt-impact\ftsubs\mstest\kevin-montrose_Jil-8a5af0f\JilTests\bin\Debug\net452\JilTests.dll" adapterTypeName="executor://xunit/VsTestRunner2/desktop_and_uap" className="JilTests.UtilsTests" name="JilTests.UtilsTests.FieldOffsetsInMemory" /></UnitTest><UnitTest name="JilTests.SerializeTests.MicrosoftTimeSpans" storage="c:\users\dt-impact\ftsubs\mstest\kevin-montrose_jil-8a5af0f\jiltests\bin\debug\net452\jiltests.dll" id="fef5b9d3-0bc2-4f59-824d-08de6e8ac9d6"><Execution id="e212596a-e4ef-4180-831d-c493eda2b7af" /><TestMethod codeBase="C:\Users\dt-impact\ftsubs\mstest\kevin-montrose_Jil-8a5af0f\JilTests\bin\Debug\net452\JilTests.dll" adapterTypeName="executor://xunit/VsTestRunner2/desktop_and_uap" className="JilTests.SerializeTests" name="JilTests.SerializeTests.MicrosoftTimeSpans" /></UnitTest><UnitTest name="JilTests.DeserializeTests.LargeCharBuffer" storage="c:\users\dt-impact\ftsubs\mstest\kevin-montrose_jil-8a5af0f\jiltests\bin\debug\net452\jiltests.dll" id="28505b6c-b6b3-4e27-abe3-7b8dc2183fbd"><Execution id="74114748-86e6-44fd-a916-d335d0202a89" /><TestMethod codeBase="C:\Users\dt-impact\ftsubs\mstest\kevin-montrose_Jil-8a5af0f\JilTests\bin\Debug\net452\JilTests.dll" adapterTypeName="executor://xunit/VsTestRunner2/desktop_and_uap" className="JilTests.DeserializeTests" name="JilTests.DeserializeTests.LargeCharBuffer" /></UnitTest><UnitTest name="JilTests.SerializeTests.EnumMembers" storage="c:\users\dt-impact\ftsubs\mstest\kevin-montrose_jil-8a5af0f\jiltests\bin\debug\net452\jiltests.dll" id="a814e7e3-8bc4-408d-af6a-c69bc6b029ef"><Execution id="fcd3a27d-647e-461f-9543-56cde8896f49" /><TestMethod codeBase="C:\Users\dt-impact\ftsubs\mstest\kevin-montrose_Jil-8a5af0f\JilTests\bin\Debug\net452\JilTests.dll" adapterTypeName="executor://xunit/VsTestRunner2/desktop_and_uap" className="JilTests.SerializeTests" name="JilTests.SerializeTests.EnumMembers" /></UnitTest><UnitTest name="JilTests.SerializeTests.Cyclical" storage="c:\users\dt-impact\ftsubs\mstest\kevin-montrose_jil-8a5af0f\jiltests\bin\debug\net452\jiltests.dll" id="fc3d16fe-223c-496b-9c33-0add59c09b51"><Execution id="68fbb1fd-efa0-4e51-9470-51ebf040ed06" /><TestMethod codeBase="C:\Users\dt-impact\ftsubs\mstest\kevin-montrose_Jil-8a5af0f\JilTests\bin\Debug\net452\JilTests.dll" adapterTypeName="executor://xunit/VsTestRunner2/desktop_and_uap" className="JilTests.SerializeTests" name="JilTests.SerializeTests.Cyclical" /></UnitTest><UnitTest name="JilTests.DeserializeTests.Issue210" storage="c:\users\dt-impact\ftsubs\mstest\kevin-montrose_jil-8a5af0f\jiltests\bin\debug\net452\jiltests.dll" id="5cdb2a8e-0b8f-4296-83d3-15bae9c8325f"><Execution id="e50ab850-a0b0-4571-bc01-dda48cf6400b" /><TestMethod codeBase="C:\Users\dt-impact\ftsubs\mstest\kevin-montrose_Jil-8a5af0f\JilTests\bin\Debug\net452\JilTests.dll" adapterTypeName="executor://xunit/VsTestRunner2/desktop_and_uap" className="JilTests.DeserializeTests" name="JilTests.DeserializeTests.Issue210" /></UnitTest><UnitTest name="JilTests.DeserializeDynamicTests.UnaryPlus" storage="c:\users\dt-impact\ftsubs\mstest\kevin-montrose_jil-8a5af0f\jiltests\bin\debug\net452\jiltests.dll" id="2cf941ae-706b-45c2-a589-872ee0ac713e"><Execution id="6f92f087-744c-466a-b5da-d74eea2d0159" /><TestMethod codeBase="C:\Users\dt-impact\ftsubs\mstest\kevin-montrose_Jil-8a5af0f\JilTests\bin\Debug\net452\JilTests.dll" adapterTypeName="executor://xunit/VsTestRunner2/desktop_and_uap" className="JilTests.DeserializeDynamicTests" name="JilTests.DeserializeDynamicTests.UnaryPlus" /></UnitTest><UnitTest name="JilTests.DeserializeTests.MalformedISO8601(dateString: &quot;\&quot;1900366\&quot;&quot;, expectedError: &quot;Ordinal day can only be 366 in a leap year&quot;)" storage="c:\users\dt-impact\ftsubs\mstest\kevin-montrose_jil-8a5af0f\jiltests\bin\debug\net452\jiltests.dll" id="4ba27865-a032-4280-b281-569c1c6e7beb"><Execution id="a2ed1263-d2ea-4833-b0a6-d7ee057de509" /><TestMethod codeBase="C:\Users\dt-impact\ftsubs\mstest\kevin-montrose_Jil-8a5af0f\JilTests\bin\Debug\net452\JilTests.dll" adapterTypeName="executor://xunit/VsTestRunner2/desktop_and_uap" className="JilTests.DeserializeTests" name="JilTests.DeserializeTests.MalformedISO8601(dateString: &quot;\&quot;1900366\&quot;&quot;, expectedError: &quot;Ordinal day can only be 366 in a leap year&quot;)" /></UnitTest><UnitTest name="JilTests.SerializeTests.List" storage="c:\users\dt-impact\ftsubs\mstest\kevin-montrose_jil-8a5af0f\jiltests\bin\debug\net452\jiltests.dll" id="66b3a85b-cca0-4539-873c-4864137e12f5"><Execution id="db070ef8-8cdb-4eaf-9a79-d4ba82953fdb" /><TestMethod codeBase="C:\Users\dt-impact\ftsubs\mstest\kevin-montrose_Jil-8a5af0f\JilTests\bin\Debug\net452\JilTests.dll" adapterTypeName="executor://xunit/VsTestRunner2/desktop_and_uap" className="JilTests.SerializeTests" name="JilTests.SerializeTests.List" /></UnitTest><UnitTest name="JilTests.DeserializeDynamicTests.DateTimeOffsets" storage="c:\users\dt-impact\ftsubs\mstest\kevin-montrose_jil-8a5af0f\jiltests\bin\debug\net452\jiltests.dll" id="22b2f2eb-aa5f-47d0-a50e-59a066007ffe"><Execution id="25d99e03-14eb-488f-ad86-fa2c0852cb12" /><TestMethod codeBase="C:\Users\dt-impact\ftsubs\mstest\kevin-montrose_Jil-8a5af0f\JilTests\bin\Debug\net452\JilTests.dll" adapterTypeName="executor://xunit/VsTestRunner2/desktop_and_uap" className="JilTests.DeserializeDynamicTests" name="JilTests.DeserializeDynamicTests.DateTimeOffsets" /></UnitTest><UnitTest name="JilTests.EnumFlagsTest.TestEnumFlagsDeserialize" storage="c:\users\dt-impact\ftsubs\mstest\kevin-montrose_jil-8a5af0f\jiltests\bin\debug\net452\jiltests.dll" id="2c827dd0-8c87-4b4d-b691-92f719922b7c"><Execution id="4ef60a21-65a8-4c85-a4e5-a16c65d889ec" /><TestMethod codeBase="C:\Users\dt-impact\ftsubs\mstest\kevin-montrose_Jil-8a5af0f\JilTests\bin\Debug\net452\JilTests.dll" adapterTypeName="executor://xunit/VsTestRunner2/desktop_and_uap" className="JilTests.EnumFlagsTest" name="JilTests.EnumFlagsTest.TestEnumFlagsDeserialize" /></UnitTest><UnitTest name="JilTests.SerializeTests.EnumMemberAttributeOverrideFlags" storage="c:\users\dt-impact\ftsubs\mstest\kevin-montrose_jil-8a5af0f\jiltests\bin\debug\net452\jiltests.dll" id="7bede591-2dee-4269-ad62-1703d9afbfc9"><Execution id="9b963ee1-1cf1-4499-91ee-34dedf674d48" /><TestMethod codeBase="C:\Users\dt-impact\ftsubs\mstest\kevin-montrose_Jil-8a5af0f\JilTests\bin\Debug\net452\JilTests.dll" adapterTypeName="executor://xunit/VsTestRunner2/desktop_and_uap" className="JilTests.SerializeTests" name="JilTests.SerializeTests.EnumMemberAttributeOverrideFlags" /></UnitTest><UnitTest name="JilTests.DeserializeDynamicTests.Object" storage="c:\users\dt-impact\ftsubs\mstest\kevin-montrose_jil-8a5af0f\jiltests\bin\debug\net452\jiltests.dll" id="1da120ce-f18a-49c1-b78e-dca3ac1b8911"><Execution id="89bafc89-a123-4e47-ab78-6c87973460aa" /><TestMethod codeBase="C:\Users\dt-impact\ftsubs\mstest\kevin-montrose_Jil-8a5af0f\JilTests\bin\Debug\net452\JilTests.dll" adapterTypeName="executor://xunit/VsTestRunner2/desktop_and_uap" className="JilTests.DeserializeDynamicTests" name="JilTests.DeserializeDynamicTests.Object" /></UnitTest><UnitTest name="JilTests.UtilsTests.FindRecursiveTypes" storage="c:\users\dt-impact\ftsubs\mstest\kevin-montrose_jil-8a5af0f\jiltests\bin\debug\net452\jiltests.dll" id="62b07247-68f5-405f-954d-efe601485f0c"><Execution id="cce3d59f-469a-4084-9565-15c4db6b5346" /><TestMethod codeBase="C:\Users\dt-impact\ftsubs\mstest\kevin-montrose_Jil-8a5af0f\JilTests\bin\Debug\net452\JilTests.dll" adapterTypeName="executor://xunit/VsTestRunner2/desktop_and_uap" className="JilTests.UtilsTests" name="JilTests.UtilsTests.FindRecursiveTypes" /></UnitTest><UnitTest name="JilTests.DeserializeTests.Overflow" storage="c:\users\dt-impact\ftsubs\mstest\kevin-montrose_jil-8a5af0f\jiltests\bin\debug\net452\jiltests.dll" id="1a48d7f8-d0b1-491c-ab32-f6bf0cb6e922"><Execution id="6db552a4-b06d-464a-a4fa-c30a35e67c0f" /><TestMethod codeBase="C:\Users\dt-impact\ftsubs\mstest\kevin-montrose_Jil-8a5af0f\JilTests\bin\Debug\net452\JilTests.dll" adapterTypeName="executor://xunit/VsTestRunner2/desktop_and_uap" className="JilTests.DeserializeTests" name="JilTests.DeserializeTests.Overflow" /></UnitTest><UnitTest name="JilTests.DeserializeTests.Issue143DateTimeOffsetFractionOverflow" storage="c:\users\dt-impact\ftsubs\mstest\kevin-montrose_jil-8a5af0f\jiltests\bin\debug\net452\jiltests.dll" id="836efef4-5f9f-4e52-af0f-61d680566b8f"><Execution id="68230317-4bdb-4828-8475-35a2607ffb51" /><TestMethod codeBase="C:\Users\dt-impact\ftsubs\mstest\kevin-montrose_Jil-8a5af0f\JilTests\bin\Debug\net452\JilTests.dll" adapterTypeName="executor://xunit/VsTestRunner2/desktop_and_uap" className="JilTests.DeserializeTests" name="JilTests.DeserializeTests.Issue143DateTimeOffsetFractionOverflow" /></UnitTest><UnitTest name="JilTests.SerializeTests.RFC1123DateTimes" storage="c:\users\dt-impact\ftsubs\mstest\kevin-montrose_jil-8a5af0f\jiltests\bin\debug\net452\jiltests.dll" id="7426a749-6817-4238-928d-802333130ca0"><Execution id="714198e3-6284-414c-a473-cbb22e31d3eb" /><TestMethod codeBase="C:\Users\dt-impact\ftsubs\mstest\kevin-montrose_Jil-8a5af0f\JilTests\bin\Debug\net452\JilTests.dll" adapterTypeName="executor://xunit/VsTestRunner2/desktop_and_uap" className="JilTests.SerializeTests" name="JilTests.SerializeTests.RFC1123DateTimes" /></UnitTest><UnitTest name="JilTests.SerializeTests.SimpleObject" storage="c:\users\dt-impact\ftsubs\mstest\kevin-montrose_jil-8a5af0f\jiltests\bin\debug\net452\jiltests.dll" id="ade5271f-897f-4b4c-9184-d8419f302b6a"><Execution id="d11659eb-fad3-4f87-a898-8a01991ba0da" /><TestMethod codeBase="C:\Users\dt-impact\ftsubs\mstest\kevin-montrose_Jil-8a5af0f\JilTests\bin\Debug\net452\JilTests.dll" adapterTypeName="executor://xunit/VsTestRunner2/desktop_and_uap" className="JilTests.SerializeTests" name="JilTests.SerializeTests.SimpleObject" /></UnitTest><UnitTest name="JilTests.SerializeTests.Issue150" storage="c:\users\dt-impact\ftsubs\mstest\kevin-montrose_jil-8a5af0f\jiltests\bin\debug\net452\jiltests.dll" id="00087b50-5330-4f33-9b48-00de052c5055"><Execution id="665cee37-64b5-4654-bf5b-31973b475a52" /><TestMethod codeBase="C:\Users\dt-impact\ftsubs\mstest\kevin-montrose_Jil-8a5af0f\JilTests\bin\Debug\net452\JilTests.dll" adapterTypeName="executor://xunit/VsTestRunner2/desktop_and_uap" className="JilTests.SerializeTests" name="JilTests.SerializeTests.Issue150" /></UnitTest><UnitTest name="JilTests.DeserializeTests.MalformedISO8601(dateString: &quot;\&quot;1999W00\&quot;&quot;, expectedError: &quot;Expected week to be between 01 and 53&quot;)" storage="c:\users\dt-impact\ftsubs\mstest\kevin-montrose_jil-8a5af0f\jiltests\bin\debug\net452\jiltests.dll" id="8f7280e0-262b-4e8a-8865-c11789618b11"><Execution id="7cbf3839-b5c8-4a7f-98ae-29119f658f09" /><TestMethod codeBase="C:\Users\dt-impact\ftsubs\mstest\kevin-montrose_Jil-8a5af0f\JilTests\bin\Debug\net452\JilTests.dll" adapterTypeName="executor://xunit/VsTestRunner2/desktop_and_uap" className="JilTests.DeserializeTests" name="JilTests.DeserializeTests.MalformedISO8601(dateString: &quot;\&quot;1999W00\&quot;&quot;, expectedError: &quot;Expected week to be between 01 and 53&quot;)" /></UnitTest><UnitTest name="JilTests.DeserializeTests.Doubles" storage="c:\users\dt-impact\ftsubs\mstest\kevin-montrose_jil-8a5af0f\jiltests\bin\debug\net452\jiltests.dll" id="14c7244f-1def-4045-87fa-398ff255de61"><Execution id="658cc61d-a87e-44c9-912a-78aaa7219728" /><TestMethod codeBase="C:\Users\dt-impact\ftsubs\mstest\kevin-montrose_Jil-8a5af0f\JilTests\bin\Debug\net452\JilTests.dll" adapterTypeName="executor://xunit/VsTestRunner2/desktop_and_uap" className="JilTests.DeserializeTests" name="JilTests.DeserializeTests.Doubles" /></UnitTest><UnitTest name="JilTests.SerializeTests.FlagOption" storage="c:\users\dt-impact\ftsubs\mstest\kevin-montrose_jil-8a5af0f\jiltests\bin\debug\net452\jiltests.dll" id="58768ae1-75ed-48e0-815a-4800cd959891"><Execution id="00a64588-c4b5-4333-99b4-a83d4a0842ed" /><TestMethod codeBase="C:\Users\dt-impact\ftsubs\mstest\kevin-montrose_Jil-8a5af0f\JilTests\bin\Debug\net452\JilTests.dll" adapterTypeName="executor://xunit/VsTestRunner2/desktop_and_uap" className="JilTests.SerializeTests" name="JilTests.SerializeTests.FlagOption" /></UnitTest><UnitTest name="JilTests.SerializeTests.SerializeNestedDictionary" storage="c:\users\dt-impact\ftsubs\mstest\kevin-montrose_jil-8a5af0f\jiltests\bin\debug\net452\jiltests.dll" id="7a6365c9-d068-4457-9393-e678c1886325"><Execution id="db199837-68e3-45c3-ae0d-a4c60d8f3705" /><TestMethod codeBase="C:\Users\dt-impact\ftsubs\mstest\kevin-montrose_Jil-8a5af0f\JilTests\bin\Debug\net452\JilTests.dll" adapterTypeName="executor://xunit/VsTestRunner2/desktop_and_uap" className="JilTests.SerializeTests" name="JilTests.SerializeTests.SerializeNestedDictionary" /></UnitTest><UnitTest name="JilTests.DeserializeDynamicTests.Indexer" storage="c:\users\dt-impact\ftsubs\mstest\kevin-montrose_jil-8a5af0f\jiltests\bin\debug\net452\jiltests.dll" id="5e4588c4-64c6-4d72-ab10-3279a95bbe88"><Execution id="89bf0889-8b73-4a21-bbb5-a56013563325" /><TestMethod codeBase="C:\Users\dt-impact\ftsubs\mstest\kevin-montrose_Jil-8a5af0f\JilTests\bin\Debug\net452\JilTests.dll" adapterTypeName="executor://xunit/VsTestRunner2/desktop_and_uap" className="JilTests.DeserializeDynamicTests" name="JilTests.DeserializeDynamicTests.Indexer" /></UnitTest><UnitTest name="JilTests.SerializeTests.JilDirectiveAttributeTest" storage="c:\users\dt-impact\ftsubs\mstest\kevin-montrose_jil-8a5af0f\jiltests\bin\debug\net452\jiltests.dll" id="bae2c743-9256-4492-b1ab-e23ef80aaecc"><Execution id="ba2ad6ed-aeb6-4fb2-ab62-cee2959c8517" /><TestMethod codeBase="C:\Users\dt-impact\ftsubs\mstest\kevin-montrose_Jil-8a5af0f\JilTests\bin\Debug\net452\JilTests.dll" adapterTypeName="executor://xunit/VsTestRunner2/desktop_and_uap" className="JilTests.SerializeTests" name="JilTests.SerializeTests.JilDirectiveAttributeTest" /></UnitTest><UnitTest name="JilTests.SerializeTests.Issue238" storage="c:\users\dt-impact\ftsubs\mstest\kevin-montrose_jil-8a5af0f\jiltests\bin\debug\net452\jiltests.dll" id="0b58cce3-b1dc-4f05-ac1b-d636ed8c5be4"><Execution id="9ff7c495-d708-4034-a507-dfc6ec911562" /><TestMethod codeBase="C:\Users\dt-impact\ftsubs\mstest\kevin-montrose_Jil-8a5af0f\JilTests\bin\Debug\net452\JilTests.dll" adapterTypeName="executor://xunit/VsTestRunner2/desktop_and_uap" className="JilTests.SerializeTests" name="JilTests.SerializeTests.Issue238" /></UnitTest><UnitTest name="JilTests.DeserializeTests.MalformedISO8601(dateString: &quot;\&quot;19000101T1234:56\&quot;&quot;, expectedError: &quot;Unexpected separator in ISO8601 time&quot;)" storage="c:\users\dt-impact\ftsubs\mstest\kevin-montrose_jil-8a5af0f\jiltests\bin\debug\net452\jiltests.dll" id="23ded3bb-da8a-4727-9934-263be1ac68a8"><Execution id="1d0e6fde-6801-43da-b53d-037091a8643d" /><TestMethod codeBase="C:\Users\dt-impact\ftsubs\mstest\kevin-montrose_Jil-8a5af0f\JilTests\bin\Debug\net452\JilTests.dll" adapterTypeName="executor://xunit/VsTestRunner2/desktop_and_uap" className="JilTests.DeserializeTests" name="JilTests.DeserializeTests.MalformedISO8601(dateString: &quot;\&quot;19000101T1234:56\&quot;&quot;, expectedError: &quot;Unexpected separator in ISO8601 time&quot;)" /></UnitTest><UnitTest name="JilTests.DeserializeTests.IReadOnlyDictionaryEnumKeys" storage="c:\users\dt-impact\ftsubs\mstest\kevin-montrose_jil-8a5af0f\jiltests\bin\debug\net452\jiltests.dll" id="83c3fc49-74b1-46c0-871a-c650d2cd881a"><Execution id="8e214f10-f61a-4bab-9df3-bfec58ccbcbd" /><TestMethod codeBase="C:\Users\dt-impact\ftsubs\mstest\kevin-montrose_Jil-8a5af0f\JilTests\bin\Debug\net452\JilTests.dll" adapterTypeName="executor://xunit/VsTestRunner2/desktop_and_uap" className="JilTests.DeserializeTests" name="JilTests.DeserializeTests.IReadOnlyDictionaryEnumKeys" /></UnitTest><UnitTest name="JilTests.DynamicSerializationTests.RFC1123" storage="c:\users\dt-impact\ftsubs\mstest\kevin-montrose_jil-8a5af0f\jiltests\bin\debug\net452\jiltests.dll" id="e2fc4918-0cb5-430e-bddc-e582bc0dae68"><Execution id="3dfe7a16-0318-4dfa-aa63-b797cf97a38b" /><TestMethod codeBase="C:\Users\dt-impact\ftsubs\mstest\kevin-montrose_Jil-8a5af0f\JilTests\bin\Debug\net452\JilTests.dll" adapterTypeName="executor://xunit/VsTestRunner2/desktop_and_uap" className="JilTests.DynamicSerializationTests" name="JilTests.DynamicSerializationTests.RFC1123" /></UnitTest><UnitTest name="JilTests.DeserializeDynamicTests.Bool" storage="c:\users\dt-impact\ftsubs\mstest\kevin-montrose_jil-8a5af0f\jiltests\bin\debug\net452\jiltests.dll" id="bd0421f2-4c4e-46ec-bc40-0f75e481ffba"><Execution id="f6ac2ebf-dfae-4795-8737-5c1e136199a3" /><TestMethod codeBase="C:\Users\dt-impact\ftsubs\mstest\kevin-montrose_Jil-8a5af0f\JilTests\bin\Debug\net452\JilTests.dll" adapterTypeName="executor://xunit/VsTestRunner2/desktop_and_uap" className="JilTests.DeserializeDynamicTests" name="JilTests.DeserializeDynamicTests.Bool" /></UnitTest><UnitTest name="JilTests.DeserializeDynamicTests.Nullables" storage="c:\users\dt-impact\ftsubs\mstest\kevin-montrose_jil-8a5af0f\jiltests\bin\debug\net452\jiltests.dll" id="538dda9a-c866-4d23-83f2-073d54a687aa"><Execution id="c2b75b00-0f42-401f-97e4-f589478022cf" /><TestMethod codeBase="C:\Users\dt-impact\ftsubs\mstest\kevin-montrose_Jil-8a5af0f\JilTests\bin\Debug\net452\JilTests.dll" adapterTypeName="executor://xunit/VsTestRunner2/desktop_and_uap" className="JilTests.DeserializeDynamicTests" name="JilTests.DeserializeDynamicTests.Nullables" /></UnitTest><UnitTest name="JilTests.SerializeTests.ReuseTypeSerializers" storage="c:\users\dt-impact\ftsubs\mstest\kevin-montrose_jil-8a5af0f\jiltests\bin\debug\net452\jiltests.dll" id="59499d9a-6db1-4051-aaf4-624c8e7a52d2"><Execution id="4b4e211c-f52e-45bb-83d0-7a2ed1cf3646" /><TestMethod codeBase="C:\Users\dt-impact\ftsubs\mstest\kevin-montrose_Jil-8a5af0f\JilTests\bin\Debug\net452\JilTests.dll" adapterTypeName="executor://xunit/VsTestRunner2/desktop_and_uap" className="JilTests.SerializeTests" name="JilTests.SerializeTests.ReuseTypeSerializers" /></UnitTest><UnitTest name="JilTests.DeepObjectGraphTests.DeepObjectGraphShouldNotBeEmpty" storage="c:\users\dt-impact\ftsubs\mstest\kevin-montrose_jil-8a5af0f\jiltests\bin\debug\net452\jiltests.dll" id="cd885a82-7a47-431a-999e-5ae435cbc422"><Execution id="a7e597c9-e99b-406c-ac43-4630d768937d" /><TestMethod codeBase="C:\Users\dt-impact\ftsubs\mstest\kevin-montrose_Jil-8a5af0f\JilTests\bin\Debug\net452\JilTests.dll" adapterTypeName="executor://xunit/VsTestRunner2/desktop_and_uap" className="JilTests.DeepObjectGraphTests" name="JilTests.DeepObjectGraphTests.DeepObjectGraphShouldNotBeEmpty" /></UnitTest><UnitTest name="JilTests.SerializeTests.EnumMemberAttributeOverride" storage="c:\users\dt-impact\ftsubs\mstest\kevin-montrose_jil-8a5af0f\jiltests\bin\debug\net452\jiltests.dll" id="037fbe89-a977-4fd0-97f7-7dbf541664bd"><Execution id="7181070f-6218-4d81-b667-01d4c207c105" /><TestMethod codeBase="C:\Users\dt-impact\ftsubs\mstest\kevin-montrose_Jil-8a5af0f\JilTests\bin\Debug\net452\JilTests.dll" adapterTypeName="executor://xunit/VsTestRunner2/desktop_and_uap" className="JilTests.SerializeTests" name="JilTests.SerializeTests.EnumMemberAttributeOverride" /></UnitTest><UnitTest name="JilTests.DeserializeTests.IEnumerableMember" storage="c:\users\dt-impact\ftsubs\mstest\kevin-montrose_jil-8a5af0f\jiltests\bin\debug\net452\jiltests.dll" id="99719cf9-1f38-4d58-9a34-2bf3ed8cb2fe"><Execution id="eac5c2a5-a8f1-41b0-ae36-c81a7ff1ae6b" /><TestMethod codeBase="C:\Users\dt-impact\ftsubs\mstest\kevin-montrose_Jil-8a5af0f\JilTests\bin\Debug\net452\JilTests.dll" adapterTypeName="executor://xunit/VsTestRunner2/desktop_and_uap" className="JilTests.DeserializeTests" name="JilTests.DeserializeTests.IEnumerableMember" /></UnitTest><UnitTest name="JilTests.SerializeTests.Issue165" storage="c:\users\dt-impact\ftsubs\mstest\kevin-montrose_jil-8a5af0f\jiltests\bin\debug\net452\jiltests.dll" id="72164e7f-b952-4a3f-9304-31da63e0e32b"><Execution id="f9bf1100-f1e9-4e8e-931c-bb81296aa83f" /><TestMethod codeBase="C:\Users\dt-impact\ftsubs\mstest\kevin-montrose_Jil-8a5af0f\JilTests\bin\Debug\net452\JilTests.dll" adapterTypeName="executor://xunit/VsTestRunner2/desktop_and_uap" className="JilTests.SerializeTests" name="JilTests.SerializeTests.Issue165" /></UnitTest><UnitTest name="JilTests.DynamicSerializationTests.SecondsTimeSpans" storage="c:\users\dt-impact\ftsubs\mstest\kevin-montrose_jil-8a5af0f\jiltests\bin\debug\net452\jiltests.dll" id="3a801021-50f9-4677-a00f-423f56f54ca8"><Execution id="252ac74e-87ef-4492-8b8a-05207a73da95" /><TestMethod codeBase="C:\Users\dt-impact\ftsubs\mstest\kevin-montrose_Jil-8a5af0f\JilTests\bin\Debug\net452\JilTests.dll" adapterTypeName="executor://xunit/VsTestRunner2/desktop_and_uap" className="JilTests.DynamicSerializationTests" name="JilTests.DynamicSerializationTests.SecondsTimeSpans" /></UnitTest><UnitTest name="JilTests.BadlySpecifiedTypeTests.SerializeWriter" storage="c:\users\dt-impact\ftsubs\mstest\kevin-montrose_jil-8a5af0f\jiltests\bin\debug\net452\jiltests.dll" id="8139cd85-3945-4602-8cf1-55a3cd7cba81"><Execution id="0f85de4d-d45a-4de6-aa4a-e1fe919ddd13" /><TestMethod codeBase="C:\Users\dt-impact\ftsubs\mstest\kevin-montrose_Jil-8a5af0f\JilTests\bin\Debug\net452\JilTests.dll" adapterTypeName="executor://xunit/VsTestRunner2/desktop_and_uap" className="JilTests.BadlySpecifiedTypeTests" name="JilTests.BadlySpecifiedTypeTests.SerializeWriter" /></UnitTest><UnitTest name="JilTests.DeserializeTests.MalformedISO8601(dateString: &quot;\&quot;1900-01-01T\&quot;&quot;, expectedError: &quot;ISO8601 time must begin with a 2 character hour&quot;)" storage="c:\users\dt-impact\ftsubs\mstest\kevin-montrose_jil-8a5af0f\jiltests\bin\debug\net452\jiltests.dll" id="4f3fd793-e6b7-4b92-885b-5180a9043236"><Execution id="54dac31b-128b-48e5-bcd3-1a34e31e273c" /><TestMethod codeBase="C:\Users\dt-impact\ftsubs\mstest\kevin-montrose_Jil-8a5af0f\JilTests\bin\Debug\net452\JilTests.dll" adapterTypeName="executor://xunit/VsTestRunner2/desktop_and_uap" className="JilTests.DeserializeTests" name="JilTests.DeserializeTests.MalformedISO8601(dateString: &quot;\&quot;1900-01-01T\&quot;&quot;, expectedError: &quot;ISO8601 time must begin with a 2 character hour&quot;)" /></UnitTest><UnitTest name="JilTests.DeserializeTests.Issue162" storage="c:\users\dt-impact\ftsubs\mstest\kevin-montrose_jil-8a5af0f\jiltests\bin\debug\net452\jiltests.dll" id="a041c9fe-0cdf-428f-9af8-7edd12140891"><Execution id="769a530c-f18d-4ffc-800f-909e72f436f2" /><TestMethod codeBase="C:\Users\dt-impact\ftsubs\mstest\kevin-montrose_Jil-8a5af0f\JilTests\bin\Debug\net452\JilTests.dll" adapterTypeName="executor://xunit/VsTestRunner2/desktop_and_uap" className="JilTests.DeserializeTests" name="JilTests.DeserializeTests.Issue162" /></UnitTest><UnitTest name="JilTests.DeserializeTests.ParseISO8601" storage="c:\users\dt-impact\ftsubs\mstest\kevin-montrose_jil-8a5af0f\jiltests\bin\debug\net452\jiltests.dll" id="6e4aa0ab-e56c-41c9-98b1-ebcc5700646a"><Execution id="6a5b255b-f342-4cb2-9e21-89552265a035" /><TestMethod codeBase="C:\Users\dt-impact\ftsubs\mstest\kevin-montrose_Jil-8a5af0f\JilTests\bin\Debug\net452\JilTests.dll" adapterTypeName="executor://xunit/VsTestRunner2/desktop_and_uap" className="JilTests.DeserializeTests" name="JilTests.DeserializeTests.ParseISO8601" /></UnitTest><UnitTest name="JilTests.BadlySpecifiedTypeTests.SerializeString" storage="c:\users\dt-impact\ftsubs\mstest\kevin-montrose_jil-8a5af0f\jiltests\bin\debug\net452\jiltests.dll" id="e0b56e54-8d0d-41d1-ad43-9d7f0cd3ace2"><Execution id="c1575e81-18cd-46c8-9f21-803d9828d413" /><TestMethod codeBase="C:\Users\dt-impact\ftsubs\mstest\kevin-montrose_Jil-8a5af0f\JilTests\bin\Debug\net452\JilTests.dll" adapterTypeName="executor://xunit/VsTestRunner2/desktop_and_uap" className="JilTests.BadlySpecifiedTypeTests" name="JilTests.BadlySpecifiedTypeTests.SerializeString" /></UnitTest><UnitTest name="JilTests.SerializeTests.DictionaryDictionary" storage="c:\users\dt-impact\ftsubs\mstest\kevin-montrose_jil-8a5af0f\jiltests\bin\debug\net452\jiltests.dll" id="ce6baa37-10e9-4360-8868-cb8cb519a615"><Execution id="68abbeb2-c624-4366-9d59-cd1906406ec8" /><TestMethod codeBase="C:\Users\dt-impact\ftsubs\mstest\kevin-montrose_Jil-8a5af0f\JilTests\bin\Debug\net452\JilTests.dll" adapterTypeName="executor://xunit/VsTestRunner2/desktop_and_uap" className="JilTests.SerializeTests" name="JilTests.SerializeTests.DictionaryDictionary" /></UnitTest><UnitTest name="JilTests.UtilsTests.ConstantFields" storage="c:\users\dt-impact\ftsubs\mstest\kevin-montrose_jil-8a5af0f\jiltests\bin\debug\net452\jiltests.dll" id="46676c5b-2f40-4986-a242-035855fbd5c1"><Execution id="ec7ba486-1fb0-442e-b6a7-d97cef36fbb0" /><TestMethod codeBase="C:\Users\dt-impact\ftsubs\mstest\kevin-montrose_Jil-8a5af0f\JilTests\bin\Debug\net452\JilTests.dll" adapterTypeName="executor://xunit/VsTestRunner2/desktop_and_uap" className="JilTests.UtilsTests" name="JilTests.UtilsTests.ConstantFields" /></UnitTest><UnitTest name="JilTests.DeserializeDynamicTests.LessThanOrEquals" storage="c:\users\dt-impact\ftsubs\mstest\kevin-montrose_jil-8a5af0f\jiltests\bin\debug\net452\jiltests.dll" id="075b5eb4-02a7-4848-97b0-27a90691415f"><Execution id="c202a4a5-5094-4571-827b-214f8e107716" /><TestMethod codeBase="C:\Users\dt-impact\ftsubs\mstest\kevin-montrose_Jil-8a5af0f\JilTests\bin\Debug\net452\JilTests.dll" adapterTypeName="executor://xunit/VsTestRunner2/desktop_and_uap" className="JilTests.DeserializeDynamicTests" name="JilTests.DeserializeDynamicTests.LessThanOrEquals" /></UnitTest></TestDefinitions><TestEntries><TestEntry testId="fcd6a0aa-bbb6-45f4-974f-82519d11ebd4" executionId="7f43b492-3ec2-45ac-978c-9754d6458a69" testListId="8c84fa94-04c1-424b-9868-57a2d4851a1d" /><TestEntry testId="ab241326-b994-411b-95f8-2119906d615b" executionId="ed160453-6424-4d7d-99ad-6831ebf3e07e" testListId="8c84fa94-04c1-424b-9868-57a2d4851a1d" /><TestEntry testId="73a48ae4-feec-4e32-a1d3-378245aa2de1" executionId="eff91ab5-b2e7-4ed6-ad5e-a31acc8c1874" testListId="8c84fa94-04c1-424b-9868-57a2d4851a1d" /><TestEntry testId="e05d64eb-f553-4b89-9511-826769ea8c44" executionId="58ae22f8-aeb2-4754-ab5f-be28cc4eab93" testListId="8c84fa94-04c1-424b-9868-57a2d4851a1d" /><TestEntry testId="2fac66f7-9086-4bc1-9c9f-5b7667dbb3c5" executionId="083ea5e5-c5e5-45ab-8a48-f750e7c0348a" testListId="8c84fa94-04c1-424b-9868-57a2d4851a1d" /><TestEntry testId="1c82867a-595a-4240-8891-3109d89e4e4f" executionId="3da94e21-f92e-4571-9065-a0f0f074f4f9" testListId="8c84fa94-04c1-424b-9868-57a2d4851a1d" /><TestEntry testId="075b5eb4-02a7-4848-97b0-27a90691415f" executionId="c202a4a5-5094-4571-827b-214f8e107716" testListId="8c84fa94-04c1-424b-9868-57a2d4851a1d" /><TestEntry testId="a814e7e3-8bc4-408d-af6a-c69bc6b029ef" executionId="fcd3a27d-647e-461f-9543-56cde8896f49" testListId="8c84fa94-04c1-424b-9868-57a2d4851a1d" /><TestEntry testId="99719cf9-1f38-4d58-9a34-2bf3ed8cb2fe" executionId="eac5c2a5-a8f1-41b0-ae36-c81a7ff1ae6b" testListId="8c84fa94-04c1-424b-9868-57a2d4851a1d" /><TestEntry testId="5187a399-b1db-4718-be61-f2a3c033eb30" executionId="952f0578-3bc2-4f1b-a701-5d04ab68e251" testListId="8c84fa94-04c1-424b-9868-57a2d4851a1d" /><TestEntry testId="b7b8f364-d01c-4fc0-8e40-78d5dc73d710" executionId="40eaee84-c997-469d-b7e9-749af4064421" testListId="8c84fa94-04c1-424b-9868-57a2d4851a1d" /><TestEntry testId="5c8def63-9852-4e6e-b5d0-1f7b00e7d04a" executionId="2716dc6c-8746-4f8c-a624-9206f9a3bfe1" testListId="8c84fa94-04c1-424b-9868-57a2d4851a1d" /><TestEntry testId="250e33dd-7427-42fb-8c70-52e935ef9e46" executionId="2cfcdb4f-66be-414d-8c3c-d5d828ca0a2a" testListId="8c84fa94-04c1-424b-9868-57a2d4851a1d" /><TestEntry testId="e5c823de-c0e7-4b25-9ab6-7ecd4c0f65da" executionId="e95cc5bd-212f-4884-ba3b-c5d025ae891b" testListId="8c84fa94-04c1-424b-9868-57a2d4851a1d" /><TestEntry testId="c50c4655-52c1-4b82-98a7-7f265644d0b7" executionId="f2dc5787-ec30-4139-807d-4dc463a1ac1b" testListId="8c84fa94-04c1-424b-9868-57a2d4851a1d" /><TestEntry testId="7214bb37-a8fc-4976-b818-80c0c41a3cd6" executionId="d2f0362b-db2d-428f-b3df-9edf3571e2b4" testListId="8c84fa94-04c1-424b-9868-57a2d4851a1d" /><TestEntry testId="4ab7a0ea-2bf7-432d-ac48-4c524bc6637b" executionId="7a14d495-94de-43b2-b5b9-40c0ae768cde" testListId="8c84fa94-04c1-424b-9868-57a2d4851a1d" /><TestEntry testId="018afb13-86c0-4292-9e09-8222f8618213" executionId="9da908a5-8294-447a-9ddc-51232b704a38" testListId="8c84fa94-04c1-424b-9868-57a2d4851a1d" /><TestEntry testId="748a191f-6d58-469f-bd9e-dfeb05815e94" executionId="871ece8d-c66e-43ae-a55e-e9134b31395c" testListId="8c84fa94-04c1-424b-9868-57a2d4851a1d" /><TestEntry testId="3c6a1504-671e-4bd5-9919-3aa961d95eb5" executionId="901f5fc1-3f02-4c47-a2a3-9be83973f74b" testListId="8c84fa94-04c1-424b-9868-57a2d4851a1d" /><TestEntry testId="d2fe4122-6924-4487-bd90-d2fbe7d41929" executionId="71befeb8-6869-4b32-91dc-17c75104233a" testListId="8c84fa94-04c1-424b-9868-57a2d4851a1d" /><TestEntry testId="b82e43b6-c0c5-4505-a037-e7d2761f77ed" executionId="401b5670-740d-4991-9983-5adacf9e019f" testListId="8c84fa94-04c1-424b-9868-57a2d4851a1d" /><TestEntry testId="66e9665d-683f-4cae-a719-fefb91b8e45b" executionId="a751c45a-43c9-406c-a3db-6557348191e3" testListId="8c84fa94-04c1-424b-9868-57a2d4851a1d" /><TestEntry testId="d7dddae2-424e-43ec-9808-3d2788ef5890" executionId="87af5c56-b74b-4c56-ab15-73dc6c228d50" testListId="8c84fa94-04c1-424b-9868-57a2d4851a1d" /><TestEntry testId="d9020617-581a-433a-a4ab-ef36d8bb8472" executionId="723049a2-c921-4479-80d8-fd8677080da5" testListId="8c84fa94-04c1-424b-9868-57a2d4851a1d" /><TestEntry testId="9fd2309b-37cc-4cfe-8e0c-781bd0ce994b" executionId="b1d8ead2-bbf1-4984-bd85-0b4173369526" testListId="8c84fa94-04c1-424b-9868-57a2d4851a1d" /><TestEntry testId="b187fc58-588d-4238-98b6-c03f10983982" executionId="a2a02f60-a481-4e91-9ca3-3a6b64665930" testListId="8c84fa94-04c1-424b-9868-57a2d4851a1d" /><TestEntry testId="02a64066-1f4d-4c7a-84fa-3fff1aabd5c0" executionId="f064cef3-bf4a-4c35-abec-fa7da9985f0f" testListId="8c84fa94-04c1-424b-9868-57a2d4851a1d" /><TestEntry testId="6940abcc-acfc-466a-ada5-377595ed4564" executionId="8e808185-2f8b-4c0c-b71b-f7f8d7e07679" testListId="8c84fa94-04c1-424b-9868-57a2d4851a1d" /><TestEntry testId="4f3fd793-e6b7-4b92-885b-5180a9043236" executionId="54dac31b-128b-48e5-bcd3-1a34e31e273c" testListId="8c84fa94-04c1-424b-9868-57a2d4851a1d" /><TestEntry testId="9f162d32-6f90-498a-a0fa-6fa5cda46a27" executionId="efa762fd-0cb8-4680-9c49-ba349ebf50cd" testListId="8c84fa94-04c1-424b-9868-57a2d4851a1d" /><TestEntry testId="791ec1ba-a3ed-4e87-bde9-bd8c54615dc7" executionId="4cbb6c99-a36c-415c-9f8a-0fe90fbee873" testListId="8c84fa94-04c1-424b-9868-57a2d4851a1d" /><TestEntry testId="9b00a29e-f6d3-4f14-b5a4-f0ae03315c13" executionId="447e776b-60b2-4fc1-b447-927f5760e5c3" testListId="8c84fa94-04c1-424b-9868-57a2d4851a1d" /><TestEntry testId="0bf2d420-8757-4901-a1ef-e0ed5758856a" executionId="dfaff587-938a-4ddf-bd53-27e43c781ba4" testListId="8c84fa94-04c1-424b-9868-57a2d4851a1d" /><TestEntry testId="a1b445ce-d17f-49b8-b76e-f381d02d2634" executionId="b79edd60-5147-4351-870c-f56629541cb8" testListId="8c84fa94-04c1-424b-9868-57a2d4851a1d" /><TestEntry testId="535cc6c2-14bd-4e96-859f-573faf5ab0d4" executionId="0ea1697e-3e6f-4bcb-9059-21bc36f5a1b9" testListId="8c84fa94-04c1-424b-9868-57a2d4851a1d" /><TestEntry testId="a882472f-5882-4cef-911a-00653b5c3245" executionId="180ba8fc-a1bc-4088-9cb2-d6bb35bfeb10" testListId="8c84fa94-04c1-424b-9868-57a2d4851a1d" /><TestEntry testId="6f755316-d29e-4350-91a5-1f212927d1ac" executionId="0fd07585-f3b4-4936-82af-930e146e009e" testListId="8c84fa94-04c1-424b-9868-57a2d4851a1d" /><TestEntry testId="aa5a01d5-dc66-495b-8a2f-3622883ff5a2" executionId="68a05c94-f911-4418-aa7c-3ba8af7d46ad" testListId="8c84fa94-04c1-424b-9868-57a2d4851a1d" /><TestEntry testId="ec5a815f-20db-4dd9-a71c-5d89168af70c" executionId="a9721ddf-5bbf-4537-b588-dbb84916b3bd" testListId="8c84fa94-04c1-424b-9868-57a2d4851a1d" /><TestEntry testId="3ba0f484-77fb-40d9-a42a-1b75023eeb43" executionId="f332471f-4b93-47bf-8694-ec545c5a24ac" testListId="8c84fa94-04c1-424b-9868-57a2d4851a1d" /><TestEntry testId="56d5cae8-cc1e-4e6a-b8a5-f479464b8806" executionId="7330dbf7-c37d-4f4a-a36b-5191c485ac5b" testListId="8c84fa94-04c1-424b-9868-57a2d4851a1d" /><TestEntry testId="ec03cddd-fb03-4fb1-962a-7ff8a9abc62f" executionId="1a91b50f-3313-4e90-a516-fa9a21f41137" testListId="8c84fa94-04c1-424b-9868-57a2d4851a1d" /><TestEntry testId="42301be7-d437-4d69-8e24-d3c44c89e756" executionId="a2d8b005-81e4-4944-9bb4-b2798e147e66" testListId="8c84fa94-04c1-424b-9868-57a2d4851a1d" /><TestEntry testId="1d2d8f71-9f32-4c6d-8994-9f527b562f02" executionId="4c4cebf8-75d2-4079-88a8-fe7f1c843fce" testListId="8c84fa94-04c1-424b-9868-57a2d4851a1d" /><TestEntry testId="b73f1055-b932-49ff-a634-e87188e83e07" executionId="80eeff9f-f9ea-485d-aba7-567913cf3ef0" testListId="8c84fa94-04c1-424b-9868-57a2d4851a1d" /><TestEntry testId="5d3354c4-02bd-4121-a8b0-6eea39f1586d" executionId="832c865c-dbfe-4be3-adc2-a59a6cd17990" testListId="8c84fa94-04c1-424b-9868-57a2d4851a1d" /><TestEntry testId="958f0cec-4071-4844-83a9-ba669916a0cd" executionId="e5ae7d1f-8f69-4fca-96bf-27f75ca70b50" testListId="8c84fa94-04c1-424b-9868-57a2d4851a1d" /><TestEntry testId="e22b6fd4-5e19-4c37-a9c7-17ae6a9c21da" executionId="2761a79d-d812-43f9-b02f-f123812c226d" testListId="8c84fa94-04c1-424b-9868-57a2d4851a1d" /><TestEntry testId="3e6aad9a-6652-4a66-9323-199449150ff2" executionId="95f642a7-f2bd-4fba-b8c4-a66d9d91db81" testListId="8c84fa94-04c1-424b-9868-57a2d4851a1d" /><TestEntry testId="4e49160c-a4df-41cd-b372-d098a11867d6" executionId="145ac2af-1fbe-40b9-b3dc-4a9c291055e0" testListId="8c84fa94-04c1-424b-9868-57a2d4851a1d" /><TestEntry testId="758c8db7-69bc-4ba5-9e5c-38e7544e8305" executionId="44d2620a-6695-4266-aa84-8ff5dba1f52e" testListId="8c84fa94-04c1-424b-9868-57a2d4851a1d" /><TestEntry testId="c24db671-8a22-465f-9c9f-87c1fa80a4f5" executionId="9acd76ff-fe97-4a2c-a55f-06a5e7cb36ab" testListId="8c84fa94-04c1-424b-9868-57a2d4851a1d" /><TestEntry testId="cd885a82-7a47-431a-999e-5ae435cbc422" executionId="a7e597c9-e99b-406c-ac43-4630d768937d" testListId="8c84fa94-04c1-424b-9868-57a2d4851a1d" /><TestEntry testId="9fc378bb-53c2-466a-9110-f198ee8108af" executionId="21ef4cb4-705f-45de-9618-3a7b7fda8849" testListId="8c84fa94-04c1-424b-9868-57a2d4851a1d" /><TestEntry testId="66b3a85b-cca0-4539-873c-4864137e12f5" executionId="db070ef8-8cdb-4eaf-9a79-d4ba82953fdb" testListId="8c84fa94-04c1-424b-9868-57a2d4851a1d" /><TestEntry testId="1a48d7f8-d0b1-491c-ab32-f6bf0cb6e922" executionId="6db552a4-b06d-464a-a4fa-c30a35e67c0f" testListId="8c84fa94-04c1-424b-9868-57a2d4851a1d" /><TestEntry testId="3c23e706-e951-493e-892f-0cdf940dafd8" executionId="b3e4466c-b465-4086-a9b7-df2693b22587" testListId="8c84fa94-04c1-424b-9868-57a2d4851a1d" /><TestEntry testId="a8cab33a-b25c-4d8d-8846-953b81eef2bf" executionId="b407a68e-7c4e-41e4-9dae-061cf5770e49" testListId="8c84fa94-04c1-424b-9868-57a2d4851a1d" /><TestEntry testId="2c827dd0-8c87-4b4d-b691-92f719922b7c" executionId="4ef60a21-65a8-4c85-a4e5-a16c65d889ec" testListId="8c84fa94-04c1-424b-9868-57a2d4851a1d" /><TestEntry testId="0861ee73-8dc6-41df-8071-24860f67cb2f" executionId="f0e1ab2b-e1bd-46a3-ba69-63d39c57ecd6" testListId="8c84fa94-04c1-424b-9868-57a2d4851a1d" /><TestEntry testId="fb1f9c3a-e359-40c7-af31-bdc9d8339494" executionId="7104e381-1887-4afd-8de1-04aa573474b6" testListId="8c84fa94-04c1-424b-9868-57a2d4851a1d" /><TestEntry testId="bd0421f2-4c4e-46ec-bc40-0f75e481ffba" executionId="f6ac2ebf-dfae-4795-8737-5c1e136199a3" testListId="8c84fa94-04c1-424b-9868-57a2d4851a1d" /><TestEntry testId="684f3f0d-65a1-4fe2-b0a9-d859829d462a" executionId="157b3855-27b1-418d-b355-b1a2ab48194d" testListId="8c84fa94-04c1-424b-9868-57a2d4851a1d" /><TestEntry testId="0c2eab7b-d5d8-4d56-888d-3923dd3bbbde" executionId="ad84713b-9925-4070-9e03-b40a49886f13" testListId="8c84fa94-04c1-424b-9868-57a2d4851a1d" /><TestEntry testId="551f31a8-c5b4-4b3d-aa87-31adf1ba2b20" executionId="69e5eae2-5d94-47d9-b9ca-3622ea3e7462" testListId="8c84fa94-04c1-424b-9868-57a2d4851a1d" /><TestEntry testId="6b3f12be-8771-4a19-b073-1fdd1b8f6d8e" executionId="3f14e4bb-f7af-4fe0-9542-f1dfb58f0a70" testListId="8c84fa94-04c1-424b-9868-57a2d4851a1d" /><TestEntry testId="67362295-72c8-405a-83f0-feb6e2f17a75" executionId="56ae4ebf-73a1-4b4b-8ca9-6619bdf36b62" testListId="8c84fa94-04c1-424b-9868-57a2d4851a1d" /><TestEntry testId="5d9bfba2-be7e-423a-9060-ff6161f3e777" executionId="07eb66be-34ea-4bd7-a6b3-55b5b5f83d9c" testListId="8c84fa94-04c1-424b-9868-57a2d4851a1d" /><TestEntry testId="9a33c0e6-38a0-42ac-b80b-585995e70523" executionId="2684d966-a350-448d-b3c9-14559c03c171" testListId="8c84fa94-04c1-424b-9868-57a2d4851a1d" /><TestEntry testId="e518cc9f-be4b-4c75-9a9c-d7c74fdccc32" executionId="8a9b849d-ff42-4e12-ba79-c73de2d63c53" testListId="8c84fa94-04c1-424b-9868-57a2d4851a1d" /><TestEntry testId="7f43ec1e-c85b-4019-bb5a-dde621132589" executionId="f57d9981-1a65-4e9d-a5a3-262f551c94f0" testListId="8c84fa94-04c1-424b-9868-57a2d4851a1d" /><TestEntry testId="00c1dc68-8fff-43af-8cf6-a013fbc0bbdb" executionId="1750332c-8edb-4a1a-9b70-d2052a7f97ff" testListId="8c84fa94-04c1-424b-9868-57a2d4851a1d" /><TestEntry testId="c1b265a1-a4d2-47ca-a940-1c15920c6a7c" executionId="c246a7cb-27e9-4e3d-b83a-b0091abcb4e4" testListId="8c84fa94-04c1-424b-9868-57a2d4851a1d" /><TestEntry testId="90fc52fb-45f8-4710-b3e8-5c8778639e30" executionId="691757a1-1666-46d3-bbdd-ced66f46a117" testListId="8c84fa94-04c1-424b-9868-57a2d4851a1d" /><TestEntry testId="8a49a504-dae7-4014-b170-c6d16fc8a77c" executionId="59827e0b-ab31-4176-b311-71ecc7cd10d8" testListId="8c84fa94-04c1-424b-9868-57a2d4851a1d" /><TestEntry testId="a0ea015d-3bf1-4e27-834e-8250e472fc5d" executionId="259b9fa2-0d3d-440d-81e3-b184cd28c4a9" testListId="8c84fa94-04c1-424b-9868-57a2d4851a1d" /><TestEntry testId="6e4aa0ab-e56c-41c9-98b1-ebcc5700646a" executionId="6a5b255b-f342-4cb2-9e21-89552265a035" testListId="8c84fa94-04c1-424b-9868-57a2d4851a1d" /><TestEntry testId="8cb683b2-501b-410d-98c9-da389971037d" executionId="752b0477-a617-4c13-9ec0-8c46b5324a63" testListId="8c84fa94-04c1-424b-9868-57a2d4851a1d" /><TestEntry testId="b94751fd-f46e-4b9a-8e00-891a6f320d7d" executionId="57331bf3-2c3f-4db0-8d18-0ceffaf81990" testListId="8c84fa94-04c1-424b-9868-57a2d4851a1d" /><TestEntry testId="c903dd96-617b-442b-a8a3-25e3e3bc242a" executionId="b5c94375-3a48-4cf2-b321-d6a9641a3068" testListId="8c84fa94-04c1-424b-9868-57a2d4851a1d" /><TestEntry testId="e86a5011-b757-486e-be5b-2efdc1e2e6d0" executionId="2d9e9a6f-b486-4a7b-bab2-5c042ac84c7c" testListId="8c84fa94-04c1-424b-9868-57a2d4851a1d" /><TestEntry testId="66cd7baa-d0ab-462f-9b32-91fc02e1fdd9" executionId="8894ad07-262d-4cd3-910b-172a9d010f05" testListId="8c84fa94-04c1-424b-9868-57a2d4851a1d" /><TestEntry testId="e9ce5bd8-ab3b-434c-bf3b-d350c25df664" executionId="4b0d9f5d-ae77-4368-aabe-056558f0131b" testListId="8c84fa94-04c1-424b-9868-57a2d4851a1d" /><TestEntry testId="04c43196-8ccd-4327-9c03-f0efa71be6ff" executionId="08bd26d0-c5c0-494b-b15e-5216b6d0c1b3" testListId="8c84fa94-04c1-424b-9868-57a2d4851a1d" /><TestEntry testId="8440b604-ee9d-46d7-94ae-0f6b4ec0da9e" executionId="34c57bd1-2073-420c-bb1b-ea0d5f8a65a7" testListId="8c84fa94-04c1-424b-9868-57a2d4851a1d" /><TestEntry testId="8001df7f-7974-4fb6-89ca-ecf3d3feaca0" executionId="64cb2e70-87a2-4ed0-8db5-f807d6707f3a" testListId="8c84fa94-04c1-424b-9868-57a2d4851a1d" /><TestEntry testId="eaa25d61-eb2c-4672-ae43-140377f889b6" executionId="80857579-8623-47d4-8942-4298384eb51f" testListId="8c84fa94-04c1-424b-9868-57a2d4851a1d" /><TestEntry testId="349f6e64-e3a5-4b94-9153-3240c04eadbb" executionId="7076a7c5-dc95-4afa-a569-ffc40e4e318b" testListId="8c84fa94-04c1-424b-9868-57a2d4851a1d" /><TestEntry testId="0f968669-9f80-4cd2-a518-27e1aa1d7e49" executionId="a37a91a4-0892-4259-a46e-8463ff7a97c7" testListId="8c84fa94-04c1-424b-9868-57a2d4851a1d" /><TestEntry testId="d6da1148-3527-40cf-a94c-57553d8390bf" executionId="b284672d-9989-4abb-850a-e9756935a690" testListId="8c84fa94-04c1-424b-9868-57a2d4851a1d" /><TestEntry testId="ecac3b15-0c3d-4893-b543-9342dcff69c3" executionId="943f67e3-6adf-4355-81cc-fa7eb8441f3f" testListId="8c84fa94-04c1-424b-9868-57a2d4851a1d" /><TestEntry testId="14c7244f-1def-4045-87fa-398ff255de61" executionId="658cc61d-a87e-44c9-912a-78aaa7219728" testListId="8c84fa94-04c1-424b-9868-57a2d4851a1d" /><TestEntry testId="237dcf59-2e91-4d8e-a787-7039aa958e4d" executionId="41115ede-c672-41e5-90c8-b6e3de4233d2" testListId="8c84fa94-04c1-424b-9868-57a2d4851a1d" /><TestEntry testId="1dd602dd-4de9-4a14-ba05-afdd0720baa8" executionId="a3a20a79-ba36-45c1-819d-942db85eca39" testListId="8c84fa94-04c1-424b-9868-57a2d4851a1d" /><TestEntry testId="57b68bc1-6ccd-4a0a-a6cf-9a7d2e1b77ce" executionId="17e3c2c1-13a0-466f-8314-5b5c73a6fa35" testListId="8c84fa94-04c1-424b-9868-57a2d4851a1d" /><TestEntry testId="ac3f864c-c7d6-4939-a1f3-a3f95f068a51" executionId="1da38885-ea15-4dde-9622-da6c7cfc90c6" testListId="8c84fa94-04c1-424b-9868-57a2d4851a1d" /><TestEntry testId="59499d9a-6db1-4051-aaf4-624c8e7a52d2" executionId="4b4e211c-f52e-45bb-83d0-7a2ed1cf3646" testListId="8c84fa94-04c1-424b-9868-57a2d4851a1d" /><TestEntry testId="a3892e76-9b8b-4ce7-b1e3-d8485af671f5" executionId="3318a5fd-452a-4a57-ac4b-3b0148c32906" testListId="8c84fa94-04c1-424b-9868-57a2d4851a1d" /><TestEntry testId="427316eb-1db2-4179-99be-6f94c5978fc8" executionId="faca77d8-7c3a-4d8d-be8f-c28d3d872df7" testListId="8c84fa94-04c1-424b-9868-57a2d4851a1d" /><TestEntry testId="74d6824e-2662-4308-a478-29a7300ff436" executionId="2d52ea52-d9f8-4960-b1f3-041c58f6af19" testListId="8c84fa94-04c1-424b-9868-57a2d4851a1d" /><TestEntry testId="60a06c7c-2387-4b63-bc5e-b345645f5a56" executionId="e3ac4937-b36e-4daa-9880-310b96d36d29" testListId="8c84fa94-04c1-424b-9868-57a2d4851a1d" /><TestEntry testId="bce4795b-873f-4ed9-8e82-938e6ad59ac0" executionId="d7f2d90f-6ad8-49ef-8d9a-1ffdc33d17a4" testListId="8c84fa94-04c1-424b-9868-57a2d4851a1d" /><TestEntry testId="002f4ec9-b4fb-47a7-ba1c-a7b17edc6991" executionId="c3e97757-d7d5-4427-b20c-696e880edf14" testListId="8c84fa94-04c1-424b-9868-57a2d4851a1d" /><TestEntry testId="836efef4-5f9f-4e52-af0f-61d680566b8f" executionId="68230317-4bdb-4828-8475-35a2607ffb51" testListId="8c84fa94-04c1-424b-9868-57a2d4851a1d" /><TestEntry testId="22b2f2eb-aa5f-47d0-a50e-59a066007ffe" executionId="25d99e03-14eb-488f-ad86-fa2c0852cb12" testListId="8c84fa94-04c1-424b-9868-57a2d4851a1d" /><TestEntry testId="3a0a29f0-db59-49a4-acd4-299be1dfad0d" executionId="73d81a4d-f099-4544-8540-b54edc33a9df" testListId="8c84fa94-04c1-424b-9868-57a2d4851a1d" /><TestEntry testId="2dd9d97a-9de5-432e-86e7-4b85eb5179ff" executionId="02d3a3fd-12f4-46f2-ba52-33887bd2403b" testListId="8c84fa94-04c1-424b-9868-57a2d4851a1d" /><TestEntry testId="747b9026-a2ea-481e-8270-0d50e8787d44" executionId="f71b6b24-cb1a-43dc-afa1-c6716b139c4c" testListId="8c84fa94-04c1-424b-9868-57a2d4851a1d" /><TestEntry testId="6bd997b2-8dfc-456a-91af-ad237401a42e" executionId="456aa34d-62e8-430c-8936-a4b34243d922" testListId="8c84fa94-04c1-424b-9868-57a2d4851a1d" /><TestEntry testId="34fdba56-0915-4ac6-8ebc-7444985b1045" executionId="7d9330ed-027f-4ddc-81f5-13b4138e421b" testListId="8c84fa94-04c1-424b-9868-57a2d4851a1d" /><TestEntry testId="9a0acc6d-5d46-4080-ac24-30ecd1f53121" executionId="4b8dd92d-8bdf-47be-9794-963db1dc1d48" testListId="8c84fa94-04c1-424b-9868-57a2d4851a1d" /><TestEntry testId="71b1627a-e11c-48ff-9733-39b7f36cd860" executionId="5956619d-a433-43b8-b066-2a514331afda" testListId="8c84fa94-04c1-424b-9868-57a2d4851a1d" /><TestEntry testId="70e37fc0-4b49-4915-ab1f-3bf9c8f903d2" executionId="64535b11-a91a-4551-bcde-1955be6fef75" testListId="8c84fa94-04c1-424b-9868-57a2d4851a1d" /><TestEntry testId="f46a025e-993e-494a-aae4-c92df87506f4" executionId="ea5e4f62-26aa-4d45-8831-24a7300ea7fd" testListId="8c84fa94-04c1-424b-9868-57a2d4851a1d" /><TestEntry testId="f12edbf1-837f-4f0c-b45d-01108c75c8b7" executionId="6a890b1c-d0a8-47a0-a73a-b880289ed6fd" testListId="8c84fa94-04c1-424b-9868-57a2d4851a1d" /><TestEntry testId="0145753c-37d3-45b9-8cf2-c6a3cec8b8c8" executionId="96c91898-5b5f-4308-8d3a-6f061181e3ae" testListId="8c84fa94-04c1-424b-9868-57a2d4851a1d" /><TestEntry testId="329ad279-f397-49af-8211-0b56d1340d26" executionId="c07d91be-04b4-43a1-a0f0-1fdb1ca8d81f" testListId="8c84fa94-04c1-424b-9868-57a2d4851a1d" /><TestEntry testId="c4bc8ea9-a24c-4bdd-a844-8608ebce4074" executionId="deeec965-ad12-4551-910d-bd62b7fb3386" testListId="8c84fa94-04c1-424b-9868-57a2d4851a1d" /><TestEntry testId="d6e432cb-2a3c-42b9-ba50-82376f0d741c" executionId="15f8adc1-bbb1-41ec-beb9-b93796ab12d0" testListId="8c84fa94-04c1-424b-9868-57a2d4851a1d" /><TestEntry testId="481d368c-9a2c-4b2b-ab71-099a07459d9b" executionId="0d068e9a-0958-4d92-ac4d-1baef08c3c77" testListId="8c84fa94-04c1-424b-9868-57a2d4851a1d" /><TestEntry testId="f63c46c4-7718-428c-b110-4be0c5f7c5c8" executionId="615e7e56-40af-467b-9806-b45ede630267" testListId="8c84fa94-04c1-424b-9868-57a2d4851a1d" /><TestEntry testId="8e61ef91-35f2-43c0-977a-aa3785a9d5cf" executionId="2173bc89-9e5a-43e9-94b9-3a36609f237a" testListId="8c84fa94-04c1-424b-9868-57a2d4851a1d" /><TestEntry testId="d8e9cc50-8188-4806-b521-b5047df2a350" executionId="d46e1b4c-3099-455f-9946-65f0d2cfb147" testListId="8c84fa94-04c1-424b-9868-57a2d4851a1d" /><TestEntry testId="2cf941ae-706b-45c2-a589-872ee0ac713e" executionId="6f92f087-744c-466a-b5da-d74eea2d0159" testListId="8c84fa94-04c1-424b-9868-57a2d4851a1d" /><TestEntry testId="881cd49e-6f95-40b2-b880-d653a0b20283" executionId="f50eaaca-9b13-4244-a65a-df2bc1611cc5" testListId="8c84fa94-04c1-424b-9868-57a2d4851a1d" /><TestEntry testId="b6336469-9a5e-48b4-ae9d-8ff963275f98" executionId="0931f562-a530-4bad-9747-867adddeddb2" testListId="8c84fa94-04c1-424b-9868-57a2d4851a1d" /><TestEntry testId="fcd24897-9bf9-4774-b008-3c4cbe8638d3" executionId="b201c6b1-0f3c-4320-ab5e-4504981fe217" testListId="8c84fa94-04c1-424b-9868-57a2d4851a1d" /><TestEntry testId="82740498-47ba-455d-8e72-5de0c0432aa3" executionId="0a6a0023-68d7-4cf5-ad89-db5a02d6c370" testListId="8c84fa94-04c1-424b-9868-57a2d4851a1d" /><TestEntry testId="6e00b463-6657-4d44-afba-c295c318eed9" executionId="18313c7c-7782-47b0-9fad-2c27dcf0d36b" testListId="8c84fa94-04c1-424b-9868-57a2d4851a1d" /><TestEntry testId="9901c48c-3b2e-45a8-9e1a-4f0c91282517" executionId="6c076e02-6494-409b-89ba-d0b27be7b962" testListId="8c84fa94-04c1-424b-9868-57a2d4851a1d" /><TestEntry testId="7ca14811-e3af-4220-9fed-2099b4336e4a" executionId="050f87ae-32fe-4cc5-8781-c9b23fe566b2" testListId="8c84fa94-04c1-424b-9868-57a2d4851a1d" /><TestEntry testId="fc009ac5-71c5-41f8-a901-6ba91918522e" executionId="31632a38-10f7-4145-a559-2ec7b187974d" testListId="8c84fa94-04c1-424b-9868-57a2d4851a1d" /><TestEntry testId="f7c2d1e9-b8da-4955-975a-5d02263f290f" executionId="35a274cf-2fb8-44c3-9d38-047560b672fc" testListId="8c84fa94-04c1-424b-9868-57a2d4851a1d" /><TestEntry testId="1c075023-ce3d-4e4d-ab51-b0c03ac6beb3" executionId="b69b34ab-9d56-496f-808a-89b0082a8525" testListId="8c84fa94-04c1-424b-9868-57a2d4851a1d" /><TestEntry testId="480b2a4d-02ec-4cb5-800c-b5b8120ed780" executionId="aad57b6b-46f0-451e-a63d-8cf54adda775" testListId="8c84fa94-04c1-424b-9868-57a2d4851a1d" /><TestEntry testId="8ea5a281-36cd-416a-907e-b6fb4bdc7278" executionId="6dbc3735-a207-4fd9-aeb2-5df9000e58b4" testListId="8c84fa94-04c1-424b-9868-57a2d4851a1d" /><TestEntry testId="e2d1cdcd-0ccc-47f0-8b64-c15a7f8faa1e" executionId="a7157d33-f440-4304-a964-8bbe95d3584c" testListId="8c84fa94-04c1-424b-9868-57a2d4851a1d" /><TestEntry testId="ebaf8643-268b-4b1f-8154-b084e38e5f58" executionId="e658976a-990d-4c88-a763-3f1e11ca302a" testListId="8c84fa94-04c1-424b-9868-57a2d4851a1d" /><TestEntry testId="5aa6e53f-6bb4-4102-a067-ccca620e0ea1" executionId="42b61042-cd00-42d1-8dab-bbd405a2cea2" testListId="8c84fa94-04c1-424b-9868-57a2d4851a1d" /><TestEntry testId="ae88577e-da1a-4de1-976b-a59ec50db314" executionId="95a24b3e-5232-4038-b328-5ebe170a62fc" testListId="8c84fa94-04c1-424b-9868-57a2d4851a1d" /><TestEntry testId="23ded3bb-da8a-4727-9934-263be1ac68a8" executionId="1d0e6fde-6801-43da-b53d-037091a8643d" testListId="8c84fa94-04c1-424b-9868-57a2d4851a1d" /><TestEntry testId="8aae11bd-bab3-4a51-a2f1-a933a6c85dba" executionId="bb0f54f5-bf21-4a3a-9e7b-ad0f07c6d2e2" testListId="8c84fa94-04c1-424b-9868-57a2d4851a1d" /><TestEntry testId="34dacddd-e8aa-46c6-baf0-2996674a987f" executionId="26ea5e5c-97cd-4e03-afe1-c9d924d5015f" testListId="8c84fa94-04c1-424b-9868-57a2d4851a1d" /><TestEntry testId="a6b27658-b968-4532-bc66-f767cdba2c92" executionId="c9301696-8b67-4327-ae6a-2f49acede28f" testListId="8c84fa94-04c1-424b-9868-57a2d4851a1d" /><TestEntry testId="8ff01d35-8e93-4197-8dde-e7d14fc05f5d" executionId="fdf8c523-12e6-4701-bf86-6c348ff1bfa7" testListId="8c84fa94-04c1-424b-9868-57a2d4851a1d" /><TestEntry testId="c2add2f1-bd29-4f9a-8ad0-6a04541583c5" executionId="baa2ca0b-4813-4815-a0ad-88e3df797dce" testListId="8c84fa94-04c1-424b-9868-57a2d4851a1d" /><TestEntry testId="4cc57edf-0afe-4fe6-8c23-4db23ab5a6bd" executionId="6b9ee2ed-ea9a-4c01-ae60-68de957aa059" testListId="8c84fa94-04c1-424b-9868-57a2d4851a1d" /><TestEntry testId="e845cca4-cde6-4cdb-b919-574111e5176f" executionId="88090b16-d072-4f35-8076-b1de09d08770" testListId="8c84fa94-04c1-424b-9868-57a2d4851a1d" /><TestEntry testId="bea7cd04-8431-4cd7-bda2-415c2f840974" executionId="7db3bd35-7dc1-4b83-8243-29e6740973e1" testListId="8c84fa94-04c1-424b-9868-57a2d4851a1d" /><TestEntry testId="bab5cd4c-af2c-439f-acf9-0f3d468b4400" executionId="7f311676-14d9-4b39-ac5f-3f8f22b199ae" testListId="8c84fa94-04c1-424b-9868-57a2d4851a1d" /><TestEntry testId="2e770ece-25e0-49c3-b319-2bc86da0eb3a" executionId="0b82c2a9-4c95-4697-a555-9e2ae1741e00" testListId="8c84fa94-04c1-424b-9868-57a2d4851a1d" /><TestEntry testId="9fd834b4-433a-48ac-b367-00e92bcf040c" executionId="d87b34d9-8a43-4a34-ab90-4edf56cafc64" testListId="8c84fa94-04c1-424b-9868-57a2d4851a1d" /><TestEntry testId="8d8d8786-8e25-4d01-ae50-6c8cab0a03bf" executionId="33272996-e78a-4924-9a52-4bc644d755b7" testListId="8c84fa94-04c1-424b-9868-57a2d4851a1d" /><TestEntry testId="fd649b96-ff3a-48c3-a773-f22409ce602c" executionId="f9306a98-71c0-44bd-901b-f24cf2a5ab0e" testListId="8c84fa94-04c1-424b-9868-57a2d4851a1d" /><TestEntry testId="c6f227f7-88ba-44e3-9ae2-03afea0b9364" executionId="1ee5aa2c-53a2-458d-a00b-4e07d9cc8b07" testListId="8c84fa94-04c1-424b-9868-57a2d4851a1d" /><TestEntry testId="7b028710-1418-4fdb-8dfc-c152f6a1c689" executionId="2a88f914-29a0-423a-b316-ea9d086141a9" testListId="8c84fa94-04c1-424b-9868-57a2d4851a1d" /><TestEntry testId="00087b50-5330-4f33-9b48-00de052c5055" executionId="665cee37-64b5-4654-bf5b-31973b475a52" testListId="8c84fa94-04c1-424b-9868-57a2d4851a1d" /><TestEntry testId="98193ecc-152d-428b-8c5e-011984a94d58" executionId="d40c7625-a8d7-424f-9a2c-ed8151bf847f" testListId="8c84fa94-04c1-424b-9868-57a2d4851a1d" /><TestEntry testId="4a7583e6-469a-41c8-8630-0bafc222336e" executionId="9377dec7-2c0a-4bee-acdb-ec2d56825051" testListId="8c84fa94-04c1-424b-9868-57a2d4851a1d" /><TestEntry testId="f75017e0-ccef-4abb-bf1e-ff64c451c5f2" executionId="a8ef16eb-4a88-43eb-a036-81d0027fd443" testListId="8c84fa94-04c1-424b-9868-57a2d4851a1d" /><TestEntry testId="0a87232a-a21a-44f5-931e-9f4e682e1e66" executionId="57063bd5-f8bd-4db0-a4c1-49b0330dab83" testListId="8c84fa94-04c1-424b-9868-57a2d4851a1d" /><TestEntry testId="ae3bd153-217e-4e42-af71-04d86002b467" executionId="7e2feb49-ca33-4415-87ab-d0d3f17c2001" testListId="8c84fa94-04c1-424b-9868-57a2d4851a1d" /><TestEntry testId="22c359ad-4a89-4005-99c4-158339f9fdf3" executionId="28709840-7b20-42a4-89b1-5a67cd691efa" testListId="8c84fa94-04c1-424b-9868-57a2d4851a1d" /><TestEntry testId="49b06811-4f4d-4542-89a1-3f912c22f99c" executionId="a2ecce65-1765-4e3c-9af2-276d9e5843ee" testListId="8c84fa94-04c1-424b-9868-57a2d4851a1d" /><TestEntry testId="2abd1c40-2e2c-4acb-9a94-73f9780b82dc" executionId="84a20a70-429e-4746-a294-f490f65225ba" testListId="8c84fa94-04c1-424b-9868-57a2d4851a1d" /><TestEntry testId="07091572-1c96-48e6-9242-093d4647821a" executionId="3335171d-eaa7-4198-9a51-af3716a657b9" testListId="8c84fa94-04c1-424b-9868-57a2d4851a1d" /><TestEntry testId="b675c567-6809-4082-8354-657fbc5236cd" executionId="eb724b9c-87c0-412e-9e20-cd9c5a21f036" testListId="8c84fa94-04c1-424b-9868-57a2d4851a1d" /><TestEntry testId="e914489d-7013-491a-ac26-009eaf31167d" executionId="cfbf75c9-0231-421b-874e-0dde1558a504" testListId="8c84fa94-04c1-424b-9868-57a2d4851a1d" /><TestEntry testId="107614e4-2e6f-4c21-93ba-1e97c43fa283" executionId="440ff9a6-f78c-44f7-b36e-ff90bad0e056" testListId="8c84fa94-04c1-424b-9868-57a2d4851a1d" /><TestEntry testId="46676c5b-2f40-4986-a242-035855fbd5c1" executionId="ec7ba486-1fb0-442e-b6a7-d97cef36fbb0" testListId="8c84fa94-04c1-424b-9868-57a2d4851a1d" /><TestEntry testId="01966e49-ff60-41e1-a93e-2a2afe88498a" executionId="034aa4c7-15b7-415e-83e4-5c7403145042" testListId="8c84fa94-04c1-424b-9868-57a2d4851a1d" /><TestEntry testId="8463c366-18e5-4988-a16e-5b7a7d0b949a" executionId="6f23c334-6d5f-4cc5-9201-845e4a671520" testListId="8c84fa94-04c1-424b-9868-57a2d4851a1d" /><TestEntry testId="1da120ce-f18a-49c1-b78e-dca3ac1b8911" executionId="89bafc89-a123-4e47-ab78-6c87973460aa" testListId="8c84fa94-04c1-424b-9868-57a2d4851a1d" /><TestEntry testId="189a782e-f4eb-4e17-867c-07b915258ef3" executionId="873ba78e-ad52-496a-b482-858db5b20434" testListId="8c84fa94-04c1-424b-9868-57a2d4851a1d" /><TestEntry testId="15d5bda6-749d-4179-8672-57de0e0a3bf2" executionId="6378c825-35d8-4968-8a4e-eebe6d29352a" testListId="8c84fa94-04c1-424b-9868-57a2d4851a1d" /><TestEntry testId="6d8585c5-b471-4a7c-8fa4-fb85a841c440" executionId="3db33049-3bfe-4ca9-a225-7c0e54c7d70f" testListId="8c84fa94-04c1-424b-9868-57a2d4851a1d" /><TestEntry testId="f461264f-cbd1-4920-94e5-8c894ca2794e" executionId="b9f43fc9-ede8-4fdd-88bb-34c08274c1bf" testListId="8c84fa94-04c1-424b-9868-57a2d4851a1d" /><TestEntry testId="ce6baa37-10e9-4360-8868-cb8cb519a615" executionId="68abbeb2-c624-4366-9d59-cd1906406ec8" testListId="8c84fa94-04c1-424b-9868-57a2d4851a1d" /><TestEntry testId="b42644a2-2303-4966-9f94-75d52713e8e3" executionId="e26f2424-0ceb-40eb-aa00-4abf1f01be70" testListId="8c84fa94-04c1-424b-9868-57a2d4851a1d" /><TestEntry testId="304a128e-de39-41b2-b0c0-d46b5c0a8266" executionId="be2dfb8f-3c60-495d-ae9d-010e6a22cc00" testListId="8c84fa94-04c1-424b-9868-57a2d4851a1d" /><TestEntry testId="90b7f3a8-8f71-4343-85d9-b348ce472bac" executionId="47f455b4-e05e-4ef8-9d43-8b30801c1ae9" testListId="8c84fa94-04c1-424b-9868-57a2d4851a1d" /><TestEntry testId="03d4dbf1-7ebc-4864-a3b9-03660516d51d" executionId="07b7a922-33bc-4b1f-be12-11a003765b13" testListId="8c84fa94-04c1-424b-9868-57a2d4851a1d" /><TestEntry testId="e2fc4918-0cb5-430e-bddc-e582bc0dae68" executionId="3dfe7a16-0318-4dfa-aa63-b797cf97a38b" testListId="8c84fa94-04c1-424b-9868-57a2d4851a1d" /><TestEntry testId="8cc6e659-968c-454e-9649-6823afea09a1" executionId="cbc0792c-cd3e-463e-b06c-79a51da3ed07" testListId="8c84fa94-04c1-424b-9868-57a2d4851a1d" /><TestEntry testId="3ec4a702-eb09-4008-b016-46b603fce565" executionId="95486879-c19d-4994-a931-881a71296b7f" testListId="8c84fa94-04c1-424b-9868-57a2d4851a1d" /><TestEntry testId="001b0c6f-3e46-418d-b9fd-e04ecda19b6a" executionId="83cd4564-bd1a-406f-8569-d8d0dcee6829" testListId="8c84fa94-04c1-424b-9868-57a2d4851a1d" /><TestEntry testId="747fbdd3-ce98-440d-b32c-6c5e954e5720" executionId="ba09271f-950a-4d09-9311-735170410688" testListId="8c84fa94-04c1-424b-9868-57a2d4851a1d" /><TestEntry testId="c5908a17-9134-4d64-aaa3-d2106e58d62b" executionId="d662f2bd-0ceb-45b6-b3e8-7ebc381b2874" testListId="8c84fa94-04c1-424b-9868-57a2d4851a1d" /><TestEntry testId="8a970fc0-b2ee-4f9c-99e0-ac8b907d3de7" executionId="5b087601-8d2a-4651-9f32-793cb39d1464" testListId="8c84fa94-04c1-424b-9868-57a2d4851a1d" /><TestEntry testId="5d137457-c785-4d59-b2e4-e14fbb5ee4e0" executionId="d78ee78b-84ae-4fea-befa-f8f0d0770d60" testListId="8c84fa94-04c1-424b-9868-57a2d4851a1d" /><TestEntry testId="c00cfaac-61bf-4784-bd5b-daa8749188d9" executionId="62b7bfce-b75f-4a0f-a94d-7d11576ce344" testListId="8c84fa94-04c1-424b-9868-57a2d4851a1d" /><TestEntry testId="3981a244-5916-469a-91c0-530ef3879dc4" executionId="a551c9b4-d226-4f3a-9ede-e3211ad45c54" testListId="8c84fa94-04c1-424b-9868-57a2d4851a1d" /><TestEntry testId="5f78a49a-f7d1-40a5-9416-8a8feec3f32a" executionId="7f4d996e-36b1-4924-8647-76683af29a0a" testListId="8c84fa94-04c1-424b-9868-57a2d4851a1d" /><TestEntry testId="b57046a4-459c-4cf7-8262-943fc0c693eb" executionId="79c52585-3e4c-4816-9458-bc0f24180553" testListId="8c84fa94-04c1-424b-9868-57a2d4851a1d" /><TestEntry testId="e249437d-105f-49e3-a306-c219d09496d4" executionId="36734e93-ad01-4296-b53a-69c007305991" testListId="8c84fa94-04c1-424b-9868-57a2d4851a1d" /><TestEntry testId="316bc4fc-e4b6-44fd-8676-a86c4a707db8" executionId="17fa0a62-d94a-45d1-aaea-f6ccfef7e952" testListId="8c84fa94-04c1-424b-9868-57a2d4851a1d" /><TestEntry testId="0b58cce3-b1dc-4f05-ac1b-d636ed8c5be4" executionId="9ff7c495-d708-4034-a507-dfc6ec911562" testListId="8c84fa94-04c1-424b-9868-57a2d4851a1d" /><TestEntry testId="536238ba-50e3-42e4-9503-97e4d48bb991" executionId="e0281867-b97a-42dd-8ccc-1d41c5253886" testListId="8c84fa94-04c1-424b-9868-57a2d4851a1d" /><TestEntry testId="ee96c41d-6a16-4dae-922c-8725fa11a80e" executionId="e1dd929a-c5b2-4af3-bc10-2778c4562d6b" testListId="8c84fa94-04c1-424b-9868-57a2d4851a1d" /><TestEntry testId="e47003df-818b-4c0f-af4b-3a7f2daf02d8" executionId="8e63358a-c50a-4143-919e-e003f479eadf" testListId="8c84fa94-04c1-424b-9868-57a2d4851a1d" /><TestEntry testId="7a6365c9-d068-4457-9393-e678c1886325" executionId="db199837-68e3-45c3-ae0d-a4c60d8f3705" testListId="8c84fa94-04c1-424b-9868-57a2d4851a1d" /><TestEntry testId="6a315279-005b-4315-9904-becd029fcedb" executionId="81769ec1-7c4d-487e-9967-8f218d48db45" testListId="8c84fa94-04c1-424b-9868-57a2d4851a1d" /><TestEntry testId="26b4f187-537a-40db-92d0-6a7ebee749cf" executionId="392e3d00-86e1-402e-93c5-3acaf4209231" testListId="8c84fa94-04c1-424b-9868-57a2d4851a1d" /><TestEntry testId="62b07247-68f5-405f-954d-efe601485f0c" executionId="cce3d59f-469a-4084-9565-15c4db6b5346" testListId="8c84fa94-04c1-424b-9868-57a2d4851a1d" /><TestEntry testId="a5134351-8566-486f-a0a4-dc0447f6a136" executionId="3fb4864d-ee8d-49e5-aef4-242d311642ad" testListId="8c84fa94-04c1-424b-9868-57a2d4851a1d" /><TestEntry testId="b1b9245b-1a50-45c8-9037-de3cb3322d8b" executionId="b8138b05-61ad-47bf-a521-f4920b408dab" testListId="8c84fa94-04c1-424b-9868-57a2d4851a1d" /><TestEntry testId="0c07f832-aaa3-4da1-8644-e81d8ea91179" executionId="2861a2d9-4518-4a63-b35a-a7e206822255" testListId="8c84fa94-04c1-424b-9868-57a2d4851a1d" /><TestEntry testId="be2ec123-c4f2-4981-9f7e-0c5ddd67abab" executionId="a8c47a55-35ed-4a5a-8ef6-a31b2e927033" testListId="8c84fa94-04c1-424b-9868-57a2d4851a1d" /><TestEntry testId="17059102-fa0f-42f6-ac3e-d724b882437a" executionId="cbfebb24-c3d3-4afe-a1bf-5de4e410899c" testListId="8c84fa94-04c1-424b-9868-57a2d4851a1d" /><TestEntry testId="fadf1338-18fb-4a43-b43f-fe126175c195" executionId="038a3f75-9b8e-4987-a06f-ee4c011f3338" testListId="8c84fa94-04c1-424b-9868-57a2d4851a1d" /><TestEntry testId="a484a885-72cc-48b9-976e-bb1d5581a3e3" executionId="4779806b-863e-4a2c-b051-74281d74c1d8" testListId="8c84fa94-04c1-424b-9868-57a2d4851a1d" /><TestEntry testId="4ad63128-a3be-465e-9694-47496f57cd4a" executionId="789ac832-019b-4a98-9f96-6de45486ab88" testListId="8c84fa94-04c1-424b-9868-57a2d4851a1d" /><TestEntry testId="eec03a13-41dc-4d09-b313-35839a47d5b3" executionId="a2b1e56a-fa9d-4d9d-b37a-9997008a8a03" testListId="8c84fa94-04c1-424b-9868-57a2d4851a1d" /><TestEntry testId="47bfb3b9-5bcd-4ff7-bd99-742e9069832f" executionId="abf66c80-3821-4a62-98d6-10db967a9cb2" testListId="8c84fa94-04c1-424b-9868-57a2d4851a1d" /><TestEntry testId="ade5271f-897f-4b4c-9184-d8419f302b6a" executionId="d11659eb-fad3-4f87-a898-8a01991ba0da" testListId="8c84fa94-04c1-424b-9868-57a2d4851a1d" /><TestEntry testId="03c62f89-e4ee-4938-b62d-06e21397ccfd" executionId="546a135c-a760-46eb-ae07-ff62280f166e" testListId="8c84fa94-04c1-424b-9868-57a2d4851a1d" /><TestEntry testId="70a71413-b203-43a2-b95d-bf1e903057e9" executionId="7a9cde17-5eaf-412f-8de0-dff98cb6ca74" testListId="8c84fa94-04c1-424b-9868-57a2d4851a1d" /><TestEntry testId="31e436d6-3fbb-40b4-a591-0e597c7edcdc" executionId="d9e8b440-81d3-4ad2-a7c7-f8b9d6c20fe7" testListId="8c84fa94-04c1-424b-9868-57a2d4851a1d" /><TestEntry testId="fef5b9d3-0bc2-4f59-824d-08de6e8ac9d6" executionId="e212596a-e4ef-4180-831d-c493eda2b7af" testListId="8c84fa94-04c1-424b-9868-57a2d4851a1d" /><TestEntry testId="4f2a03d0-ca2e-414e-9a8a-7208daf8da72" executionId="3e5108bc-48a5-4bc0-a67a-2b81e4cce6dd" testListId="8c84fa94-04c1-424b-9868-57a2d4851a1d" /><TestEntry testId="84057158-b250-46b2-9e0a-036a80789046" executionId="89c688f8-13af-4da8-8bf9-3647f7191d0d" testListId="8c84fa94-04c1-424b-9868-57a2d4851a1d" /><TestEntry testId="a7544dd0-2025-4e43-9292-12f8ab59916d" executionId="8c0bc567-e3b4-40ee-89c0-cc8af81426c9" testListId="8c84fa94-04c1-424b-9868-57a2d4851a1d" /><TestEntry testId="3660778e-dbad-4b33-90e3-cfb80cf0a193" executionId="ce5f434f-68c7-4cbb-9ce3-9a4ec513e3e2" testListId="8c84fa94-04c1-424b-9868-57a2d4851a1d" /><TestEntry testId="efd86d8b-e53d-4c93-b621-44bc44d1d980" executionId="ff1e5ab6-03b1-44c4-a224-4e84a0fd91b7" testListId="8c84fa94-04c1-424b-9868-57a2d4851a1d" /><TestEntry testId="d5306a5d-0cad-44ce-adee-6019584aaf89" executionId="bdbbdca6-9f6a-4f99-9a02-9a2495a86d0c" testListId="8c84fa94-04c1-424b-9868-57a2d4851a1d" /><TestEntry testId="20ef5559-cf6f-4582-9054-deac85254045" executionId="961315a4-9824-4823-b8cb-056774152a02" testListId="8c84fa94-04c1-424b-9868-57a2d4851a1d" /><TestEntry testId="5b376228-8d70-4b1c-b853-ed48c89b0c29" executionId="0abc0b5a-f197-4557-8dcb-9a38bba2269f" testListId="8c84fa94-04c1-424b-9868-57a2d4851a1d" /><TestEntry testId="a1d46285-e768-4773-8b64-13391f285443" executionId="ccc2004d-895d-4784-a266-2b278d6f7b70" testListId="8c84fa94-04c1-424b-9868-57a2d4851a1d" /><TestEntry testId="0d36fdf3-8f44-47b6-b9ad-ac6754c4171d" executionId="fc12fc33-c434-4c48-b036-da33e13d1289" testListId="8c84fa94-04c1-424b-9868-57a2d4851a1d" /><TestEntry testId="ca117ea4-5e56-4b2b-ad67-7ddeaf5b1e23" executionId="98756ef3-b81f-4a48-a587-14fd860d9159" testListId="8c84fa94-04c1-424b-9868-57a2d4851a1d" /><TestEntry testId="94a5c7df-a6d3-48fc-8b83-748e43be111e" executionId="c6804d87-d215-4b57-8045-2904d8f27490" testListId="8c84fa94-04c1-424b-9868-57a2d4851a1d" /><TestEntry testId="08f2fa71-87f1-407b-b8af-7a38ecdaf55a" executionId="7626888f-2633-4ec2-b6ed-7f1dc8ee4fdd" testListId="8c84fa94-04c1-424b-9868-57a2d4851a1d" /><TestEntry testId="d720573e-1e5a-4e75-8381-62b26365e0bc" executionId="6210a9af-cb9e-4351-8fe5-e4ead37de4e8" testListId="8c84fa94-04c1-424b-9868-57a2d4851a1d" /><TestEntry testId="2b8ef202-7028-4aa0-b8ce-4eb61e570c04" executionId="ea05a12f-cd9a-4ddc-84d4-2bb73f5b5b06" testListId="8c84fa94-04c1-424b-9868-57a2d4851a1d" /><TestEntry testId="d06489b2-3bad-4906-84fb-5b14125946b0" executionId="3c77cdc1-664a-4f19-87a4-b83e2381f8d1" testListId="8c84fa94-04c1-424b-9868-57a2d4851a1d" /><TestEntry testId="860342b5-753e-444e-add3-059b424451b4" executionId="046e9869-02a6-4ebb-bbee-85657c5ebe9c" testListId="8c84fa94-04c1-424b-9868-57a2d4851a1d" /><TestEntry testId="037fbe89-a977-4fd0-97f7-7dbf541664bd" executionId="7181070f-6218-4d81-b667-01d4c207c105" testListId="8c84fa94-04c1-424b-9868-57a2d4851a1d" /><TestEntry testId="72164e7f-b952-4a3f-9304-31da63e0e32b" executionId="f9bf1100-f1e9-4e8e-931c-bb81296aa83f" testListId="8c84fa94-04c1-424b-9868-57a2d4851a1d" /><TestEntry testId="ca76e48e-9308-4861-b131-c562e30f9715" executionId="dde433b5-f311-467c-aeea-34fa293682c6" testListId="8c84fa94-04c1-424b-9868-57a2d4851a1d" /><TestEntry testId="79b16e4b-c4a2-4aa2-9a1b-261cc2454b64" executionId="c42b5919-8331-4d13-ac9a-39dec5549ec3" testListId="8c84fa94-04c1-424b-9868-57a2d4851a1d" /><TestEntry testId="9834bb19-c663-4619-866e-55702a3fbdf4" executionId="44a8783d-eac4-454e-a153-ae014e8c2da0" testListId="8c84fa94-04c1-424b-9868-57a2d4851a1d" /><TestEntry testId="cfba9f7f-c932-4377-bd52-05daf38a6e79" executionId="1892b395-c449-4ffc-8471-64d04be36f35" testListId="8c84fa94-04c1-424b-9868-57a2d4851a1d" /><TestEntry testId="c8d7ecbe-abb1-49a4-894c-bf9ffe217159" executionId="89a15596-cc69-4db9-95e9-156b98feef0a" testListId="8c84fa94-04c1-424b-9868-57a2d4851a1d" /><TestEntry testId="14f601f3-8a46-44e9-a369-ed29c8b90c69" executionId="a836fb36-69d1-4c1e-98fc-1f67048b118a" testListId="8c84fa94-04c1-424b-9868-57a2d4851a1d" /><TestEntry testId="dcd514b5-2652-4913-9c0b-0111820492b6" executionId="ceffea81-b0a2-42e5-9062-5a3f9fdf41e2" testListId="8c84fa94-04c1-424b-9868-57a2d4851a1d" /><TestEntry testId="71a88fc1-b204-4905-99d0-22fc2213b8b9" executionId="8ea1de96-9ba2-48ac-a4a3-0278d51fc8d2" testListId="8c84fa94-04c1-424b-9868-57a2d4851a1d" /><TestEntry testId="00cbfd3a-f4fd-4d1c-9993-132b28ab2010" executionId="9ffe6ee1-e4df-4535-b829-51af013fbdd7" testListId="8c84fa94-04c1-424b-9868-57a2d4851a1d" /><TestEntry testId="5e4588c4-64c6-4d72-ab10-3279a95bbe88" executionId="89bf0889-8b73-4a21-bbb5-a56013563325" testListId="8c84fa94-04c1-424b-9868-57a2d4851a1d" /><TestEntry testId="d56bd690-a4f9-4443-80aa-a73371a1779d" executionId="9964807b-e043-4670-9600-7f1eb2bc11c7" testListId="8c84fa94-04c1-424b-9868-57a2d4851a1d" /><TestEntry testId="b54acb21-937b-4a30-b168-117e36c3004c" executionId="5654390c-e00c-4269-baa6-2d86e9f24942" testListId="8c84fa94-04c1-424b-9868-57a2d4851a1d" /><TestEntry testId="7f398339-b2c6-4225-9138-63572a010553" executionId="fdfa5a06-1c5b-4872-9c5f-c64176eba09f" testListId="8c84fa94-04c1-424b-9868-57a2d4851a1d" /><TestEntry testId="bb93bed4-9deb-417d-ad6a-d186795d5d5b" executionId="fcb18b46-671a-4acd-ac75-01a9be3db668" testListId="8c84fa94-04c1-424b-9868-57a2d4851a1d" /><TestEntry testId="6c2394cb-f36e-437e-88e5-c7fd2406b974" executionId="262b1ca0-2cba-4575-a980-08f73c27cb80" testListId="8c84fa94-04c1-424b-9868-57a2d4851a1d" /><TestEntry testId="b3835d4a-42a2-401a-9cf8-ae840296e403" executionId="7f75649e-3a56-4913-9fdd-43a0aa32a2a8" testListId="8c84fa94-04c1-424b-9868-57a2d4851a1d" /><TestEntry testId="babea95e-1b6f-4e87-8ca6-af26040e2093" executionId="67bdff99-a228-4fb4-96b8-3e6be8a26a34" testListId="8c84fa94-04c1-424b-9868-57a2d4851a1d" /><TestEntry testId="62d2f751-c032-49a3-9cc9-db940214c618" executionId="c875f5b0-c232-4613-9c7d-d801e2fa6b60" testListId="8c84fa94-04c1-424b-9868-57a2d4851a1d" /><TestEntry testId="f38fdb66-e20a-433d-8498-7ce46c3da77a" executionId="32cce041-f0f5-491e-bda9-307fbe9e11c2" testListId="8c84fa94-04c1-424b-9868-57a2d4851a1d" /><TestEntry testId="eaf5afe9-1414-4208-82e1-e71dfea243b6" executionId="d2444e32-e63a-485d-9e8b-d41d7b79507a" testListId="8c84fa94-04c1-424b-9868-57a2d4851a1d" /><TestEntry testId="3d39353f-d6a3-4730-ab84-f978001402ed" executionId="6d8346f6-ffc1-49e5-a868-dd9a389f942a" testListId="8c84fa94-04c1-424b-9868-57a2d4851a1d" /><TestEntry testId="b4d7c2ce-254d-46c4-a2a9-c31a7caf3f3e" executionId="0a1803db-ae56-4f0f-b4df-70ad37e2e2dd" testListId="8c84fa94-04c1-424b-9868-57a2d4851a1d" /><TestEntry testId="b8039d5d-9edf-445e-9ff1-7a38cd141ff7" executionId="bd523d31-81fc-450d-a0d3-9414f9809e78" testListId="8c84fa94-04c1-424b-9868-57a2d4851a1d" /><TestEntry testId="fd58a417-9b4a-4312-aeca-2feeefe57c69" executionId="2c7a2a22-2887-4937-8d19-9ba51c5b09fd" testListId="8c84fa94-04c1-424b-9868-57a2d4851a1d" /><TestEntry testId="1fdb6f6b-a011-4845-aa2f-5f0b20936f59" executionId="951d3e1c-757a-4994-af86-5384ef06d188" testListId="8c84fa94-04c1-424b-9868-57a2d4851a1d" /><TestEntry testId="01d91bc9-2a33-4a4d-9f2e-6085575000ed" executionId="2f5bcdfd-d7ce-430a-b2d4-3632d2725d48" testListId="8c84fa94-04c1-424b-9868-57a2d4851a1d" /><TestEntry testId="46bc7e51-cdbb-4071-959f-6ef16370133f" executionId="d04a3af1-4f6d-4304-94b8-7361d7b2553d" testListId="8c84fa94-04c1-424b-9868-57a2d4851a1d" /><TestEntry testId="dd0288e0-9cdc-4f9e-bbda-e1f5eae055f1" executionId="47ddf180-1a12-4115-a13f-2abb2bca6b2a" testListId="8c84fa94-04c1-424b-9868-57a2d4851a1d" /><TestEntry testId="45d46ac9-8c05-43f7-83c7-9bfebabbf526" executionId="93d9a36f-ce4e-4530-b46f-6d0664b39dd5" testListId="8c84fa94-04c1-424b-9868-57a2d4851a1d" /><TestEntry testId="43aaf086-4cbb-475c-aa45-adb14f080412" executionId="fc2db22a-1ecb-490f-875a-420b3e7a9891" testListId="8c84fa94-04c1-424b-9868-57a2d4851a1d" /><TestEntry testId="78b601a3-e084-4471-ac4b-bc9a9f4ef7be" executionId="105abd54-11b1-4ac2-be0c-ce9166f57dfc" testListId="8c84fa94-04c1-424b-9868-57a2d4851a1d" /><TestEntry testId="75392e7e-3b4b-4c22-910a-2ec0edb67e21" executionId="858a8975-8887-4cab-9a62-0fb936052a82" testListId="8c84fa94-04c1-424b-9868-57a2d4851a1d" /><TestEntry testId="5cc82384-a4d1-4c50-aa4a-437ebe74f346" executionId="c591ef1f-e5a9-4bbe-bba9-25a2c8557922" testListId="8c84fa94-04c1-424b-9868-57a2d4851a1d" /><TestEntry testId="00a4545e-52bb-4afa-8096-52cbf90b919b" executionId="8dd128f8-e1dc-4ce2-8bec-4fbfa1dcd219" testListId="8c84fa94-04c1-424b-9868-57a2d4851a1d" /><TestEntry testId="fe409e74-bfaf-4dc3-9479-c02eb7b067af" executionId="967a4eec-da76-4c75-9655-08de05cbabd0" testListId="8c84fa94-04c1-424b-9868-57a2d4851a1d" /><TestEntry testId="bb43c5cc-be99-44b3-a41e-9e0677020e0a" executionId="ca7090d4-2390-484b-8922-43b91d0b3e16" testListId="8c84fa94-04c1-424b-9868-57a2d4851a1d" /><TestEntry testId="a015da14-3a6a-4185-9b2b-6cecbdbf534e" executionId="aa88f6e6-238d-4be6-b95a-c46ff2145a65" testListId="8c84fa94-04c1-424b-9868-57a2d4851a1d" /><TestEntry testId="96c5f2d2-a418-49f3-852f-4fb04f9ac381" executionId="c27f92e8-a04a-4956-8275-2f2c9d6c53e5" testListId="8c84fa94-04c1-424b-9868-57a2d4851a1d" /><TestEntry testId="f26899a0-180d-49c5-9625-2c723fa5ddfe" executionId="a08c7954-befd-442e-a992-6b40f09cbf90" testListId="8c84fa94-04c1-424b-9868-57a2d4851a1d" /><TestEntry testId="7f6e32e6-6772-4d72-abc6-169712300f9b" executionId="e53403d9-a77d-4731-ac94-736aebf96f10" testListId="8c84fa94-04c1-424b-9868-57a2d4851a1d" /><TestEntry testId="4c9a8a34-d999-4ea4-b02a-11cc4122709e" executionId="f896925b-5ae5-49e9-b560-677679a6b6ba" testListId="8c84fa94-04c1-424b-9868-57a2d4851a1d" /><TestEntry testId="eaba879d-d658-4dfb-820d-484919b9dbc7" executionId="5cd8f1f6-9d6d-438d-822b-f22b252d2e29" testListId="8c84fa94-04c1-424b-9868-57a2d4851a1d" /><TestEntry testId="d0899f28-be26-49a4-8b12-da5e1d22a365" executionId="fa2f4dc5-fd4f-4121-9ebb-68a1dacf3a3a" testListId="8c84fa94-04c1-424b-9868-57a2d4851a1d" /><TestEntry testId="588ec5c8-151f-4fd5-9926-243715ac0e3b" executionId="705c9155-399d-43f8-a1ed-8dd1bdd81f88" testListId="8c84fa94-04c1-424b-9868-57a2d4851a1d" /><TestEntry testId="e4641dfa-ddc4-4d51-bba9-555348bf09aa" executionId="c7bc8ff6-a37d-4476-a511-2bd8613648d4" testListId="8c84fa94-04c1-424b-9868-57a2d4851a1d" /><TestEntry testId="299b0d66-896f-455b-9a28-3921219df741" executionId="ee3d75b7-06db-4653-b971-3a94944fdd78" testListId="8c84fa94-04c1-424b-9868-57a2d4851a1d" /><TestEntry testId="6316f2a5-9eda-4c68-b2ae-06cdbbe3f082" executionId="aae407ea-f1df-4d58-aff0-547e632434bf" testListId="8c84fa94-04c1-424b-9868-57a2d4851a1d" /><TestEntry testId="bf611c6d-270b-4bc3-926a-865f1fc6e012" executionId="40150e92-f662-4f3a-aba9-27fb0773f462" testListId="8c84fa94-04c1-424b-9868-57a2d4851a1d" /><TestEntry testId="87ba74ae-b890-4e07-b2da-50e039295db8" executionId="f5cbf6ea-6fff-4b4a-9ee2-0299227d56d6" testListId="8c84fa94-04c1-424b-9868-57a2d4851a1d" /><TestEntry testId="13110eab-c5f2-4846-abe4-7a0fd0d54460" executionId="2f82631e-c25d-4030-a143-2d06bad1d23b" testListId="8c84fa94-04c1-424b-9868-57a2d4851a1d" /><TestEntry testId="ccfce602-3a1a-4fb8-8604-c0fce474c608" executionId="021cb806-73e2-47f8-bb27-1f0e0e2a426d" testListId="8c84fa94-04c1-424b-9868-57a2d4851a1d" /><TestEntry testId="4ba79096-9df7-42a1-82c4-200bfb9500cf" executionId="021ea747-6ca2-47c3-a52b-57d89dac3a2d" testListId="8c84fa94-04c1-424b-9868-57a2d4851a1d" /><TestEntry testId="39be32f8-dc9f-425b-8453-140afc9f285c" executionId="2d226ace-8c7f-42e2-9935-0d01274c860b" testListId="8c84fa94-04c1-424b-9868-57a2d4851a1d" /><TestEntry testId="e54be728-854d-4a13-8b44-ff78dc951814" executionId="af276e94-b0a7-4d07-ad28-7a17c47b9be8" testListId="8c84fa94-04c1-424b-9868-57a2d4851a1d" /><TestEntry testId="7426a749-6817-4238-928d-802333130ca0" executionId="714198e3-6284-414c-a473-cbb22e31d3eb" testListId="8c84fa94-04c1-424b-9868-57a2d4851a1d" /><TestEntry testId="f298590a-3ab3-449b-8a1c-d85ce94a3a19" executionId="e97dd185-b76d-4a51-8e79-5240875dde79" testListId="8c84fa94-04c1-424b-9868-57a2d4851a1d" /><TestEntry testId="d049ffa0-9096-461a-9845-58d54c4e585a" executionId="516b517d-8759-424c-9841-688bb212c7d2" testListId="8c84fa94-04c1-424b-9868-57a2d4851a1d" /><TestEntry testId="83c3fc49-74b1-46c0-871a-c650d2cd881a" executionId="8e214f10-f61a-4bab-9df3-bfec58ccbcbd" testListId="8c84fa94-04c1-424b-9868-57a2d4851a1d" /><TestEntry testId="4266c89d-4cf0-47a2-8fbb-8d8bda208618" executionId="441ed364-45f5-4d94-aeb5-f112fbdddf76" testListId="8c84fa94-04c1-424b-9868-57a2d4851a1d" /><TestEntry testId="72a77ef3-c2a7-4146-a6b4-edac3211baa3" executionId="58c07260-6b85-4611-b796-3c1a2c06309b" testListId="8c84fa94-04c1-424b-9868-57a2d4851a1d" /><TestEntry testId="605ea7c3-9284-41dc-a949-55f685774443" executionId="aa2658b0-ed77-4d3d-88be-3cca2d8bfea7" testListId="8c84fa94-04c1-424b-9868-57a2d4851a1d" /><TestEntry testId="3a801021-50f9-4677-a00f-423f56f54ca8" executionId="252ac74e-87ef-4492-8b8a-05207a73da95" testListId="8c84fa94-04c1-424b-9868-57a2d4851a1d" /><TestEntry testId="52414869-90c5-40ad-a18d-f93596c51364" executionId="2a06e587-11a5-4999-a4ff-2c8e72bccdf8" testListId="8c84fa94-04c1-424b-9868-57a2d4851a1d" /><TestEntry testId="76f6d3c4-dbbb-49e5-bd39-ca4fe5863d8e" executionId="8bd01baf-0c1d-40bf-b1fe-3d3950fa3bdb" testListId="8c84fa94-04c1-424b-9868-57a2d4851a1d" /><TestEntry testId="86974da9-e494-4933-b0a4-e71bfecc0e1c" executionId="f68a2c40-5654-4c5c-93fa-71349f246532" testListId="8c84fa94-04c1-424b-9868-57a2d4851a1d" /><TestEntry testId="99872699-80c8-45a3-a817-c9836e9349d6" executionId="0a030c39-f879-436d-b310-a35a0d5888c8" testListId="8c84fa94-04c1-424b-9868-57a2d4851a1d" /><TestEntry testId="8faad530-af01-4132-a061-71ade896145c" executionId="d67d57eb-5afd-40de-8860-060639f522de" testListId="8c84fa94-04c1-424b-9868-57a2d4851a1d" /><TestEntry testId="1fdfb46a-50f4-46cf-9545-65c3927df611" executionId="7f38724a-2e8e-473c-80c5-e84091936710" testListId="8c84fa94-04c1-424b-9868-57a2d4851a1d" /><TestEntry testId="e4831e3b-a90a-45b0-a1c1-0f51af8ed7d8" executionId="2f47a9fe-5f99-46dc-a25e-8f5e73e4af7b" testListId="8c84fa94-04c1-424b-9868-57a2d4851a1d" /><TestEntry testId="44529866-2b60-434c-9a1e-130e33514068" executionId="9e4235d3-ebc3-46c4-a8d9-bed295a809af" testListId="8c84fa94-04c1-424b-9868-57a2d4851a1d" /><TestEntry testId="de691fa7-8b9c-4d25-9676-9f8ecae86bff" executionId="acad5dea-5698-4530-8901-92c0b7b2d191" testListId="8c84fa94-04c1-424b-9868-57a2d4851a1d" /><TestEntry testId="1f780f3a-b038-4342-b50b-6ba72abd6f8b" executionId="2df6b73c-f6bd-4b12-a021-b9ebbe091f07" testListId="8c84fa94-04c1-424b-9868-57a2d4851a1d" /><TestEntry testId="fc3d16fe-223c-496b-9c33-0add59c09b51" executionId="68fbb1fd-efa0-4e51-9470-51ebf040ed06" testListId="8c84fa94-04c1-424b-9868-57a2d4851a1d" /><TestEntry testId="dc0562d4-b4af-49ce-abe2-476358a25426" executionId="fae125bf-9269-4b3b-b84e-c00e5b785373" testListId="8c84fa94-04c1-424b-9868-57a2d4851a1d" /><TestEntry testId="440cf48b-6d8f-474f-8fc4-2fb89f9b64a6" executionId="d79d7bd1-a013-4e14-8441-3553e72f653d" testListId="8c84fa94-04c1-424b-9868-57a2d4851a1d" /><TestEntry testId="7bede591-2dee-4269-ad62-1703d9afbfc9" executionId="9b963ee1-1cf1-4499-91ee-34dedf674d48" testListId="8c84fa94-04c1-424b-9868-57a2d4851a1d" /><TestEntry testId="4ba27865-a032-4280-b281-569c1c6e7beb" executionId="a2ed1263-d2ea-4833-b0a6-d7ee057de509" testListId="8c84fa94-04c1-424b-9868-57a2d4851a1d" /><TestEntry testId="e4a515d3-76f6-4edb-8181-796a5f455890" executionId="48aea768-ee20-41e8-a671-36166038c271" testListId="8c84fa94-04c1-424b-9868-57a2d4851a1d" /><TestEntry testId="bae2c743-9256-4492-b1ab-e23ef80aaecc" executionId="ba2ad6ed-aeb6-4fb2-ab62-cee2959c8517" testListId="8c84fa94-04c1-424b-9868-57a2d4851a1d" /><TestEntry testId="e1a88c8f-9406-4bd5-869b-e8f20dd44d84" executionId="75471631-e66f-4457-aa9b-3e3113d6ba80" testListId="8c84fa94-04c1-424b-9868-57a2d4851a1d" /><TestEntry testId="daad5d61-f787-44be-9a83-dcb7e01a5501" executionId="1e72692c-e850-4357-b048-a2ee318c581f" testListId="8c84fa94-04c1-424b-9868-57a2d4851a1d" /><TestEntry testId="80e2cf68-53c5-4c38-bd51-536aa98d9cc7" executionId="fdc431d0-7ecc-4851-bee3-0c14ba8d1388" testListId="8c84fa94-04c1-424b-9868-57a2d4851a1d" /><TestEntry testId="3602839a-ea02-4edc-9691-735fbdfd5bc3" executionId="3770559e-7b47-4b7b-8d08-6811809f65b3" testListId="8c84fa94-04c1-424b-9868-57a2d4851a1d" /><TestEntry testId="32ed176d-d554-40ac-b2f9-5ac4b02a6607" executionId="294dd9a7-4321-4ec8-b002-a3a6594d0fbd" testListId="8c84fa94-04c1-424b-9868-57a2d4851a1d" /><TestEntry testId="44efc72a-1810-4b1b-a450-b8c07708e29b" executionId="8c57b7a9-c8ce-4f84-b1e8-c517bbe117ab" testListId="8c84fa94-04c1-424b-9868-57a2d4851a1d" /><TestEntry testId="7904f66b-6e3d-4946-80f7-07df24560f2b" executionId="b25c4e06-be75-460c-bc1b-b02e15ea38fc" testListId="8c84fa94-04c1-424b-9868-57a2d4851a1d" /><TestEntry testId="5cdf2edd-3bce-43f1-a377-dab9ad184f21" executionId="275b67a2-5fd0-410b-a9ad-99c377984ace" testListId="8c84fa94-04c1-424b-9868-57a2d4851a1d" /><TestEntry testId="f6d133df-bf9d-4885-8b22-db43ef676277" executionId="39488bf8-48d4-4820-986b-014026d4ab03" testListId="8c84fa94-04c1-424b-9868-57a2d4851a1d" /><TestEntry testId="58ff4eeb-8e38-4fdc-827a-f5bf4b9ae57d" executionId="849d4c7b-91e6-49fc-bce5-c28a6b6efe5b" testListId="8c84fa94-04c1-424b-9868-57a2d4851a1d" /><TestEntry testId="0d81955e-ff91-4cc2-b57d-dbcc465bb693" executionId="f0f9f2be-c829-4242-abb7-1d4ecf6d764c" testListId="8c84fa94-04c1-424b-9868-57a2d4851a1d" /><TestEntry testId="5cbba7b6-95cd-479c-955e-0fa35a5de88a" executionId="f344a2b6-92bb-49e1-92be-e14755095596" testListId="8c84fa94-04c1-424b-9868-57a2d4851a1d" /><TestEntry testId="a200a0ba-6a00-4ed1-b632-69a77be427dc" executionId="b55d7888-51cc-4c52-87cd-09e0931840c3" testListId="8c84fa94-04c1-424b-9868-57a2d4851a1d" /><TestEntry testId="504c8e9e-af2e-4452-9f42-777464e84b7c" executionId="e110e005-9233-40b7-a711-d488f6047129" testListId="8c84fa94-04c1-424b-9868-57a2d4851a1d" /><TestEntry testId="240b94e9-6ce0-43f6-978d-bc5ded581a59" executionId="c1cb6f16-fd3b-4031-bca7-28ab5a6a7023" testListId="8c84fa94-04c1-424b-9868-57a2d4851a1d" /><TestEntry testId="fe99d31c-17f3-48d4-ab86-184d39e9e95f" executionId="933bb1c7-a779-439f-a827-027a5b993afe" testListId="8c84fa94-04c1-424b-9868-57a2d4851a1d" /><TestEntry testId="d9ef2d93-bcfc-495d-999a-a12c2e785f05" executionId="74ff906b-e9b6-4bcf-bf96-599fd55b3929" testListId="8c84fa94-04c1-424b-9868-57a2d4851a1d" /><TestEntry testId="28505b6c-b6b3-4e27-abe3-7b8dc2183fbd" executionId="74114748-86e6-44fd-a916-d335d0202a89" testListId="8c84fa94-04c1-424b-9868-57a2d4851a1d" /><TestEntry testId="dbbe54a5-7880-4f6e-9184-df0cb02e8d32" executionId="8f4ad936-3963-43e0-854a-c66a0ca180ba" testListId="8c84fa94-04c1-424b-9868-57a2d4851a1d" /><TestEntry testId="94d80bee-bce8-459a-a63a-7964e1c411cf" executionId="39fb652c-2d3e-4f60-8cfb-b1f15fa71b84" testListId="8c84fa94-04c1-424b-9868-57a2d4851a1d" /><TestEntry testId="7f2aa7b9-d04d-466a-82ce-d7896bba4975" executionId="1263c966-8fb2-40cf-a719-650cce4881e2" testListId="8c84fa94-04c1-424b-9868-57a2d4851a1d" /><TestEntry testId="fbad49a0-145f-40b0-8a89-b330e915e4ea" executionId="66cb3684-c5d6-46dd-905e-14cdd69c1b7e" testListId="8c84fa94-04c1-424b-9868-57a2d4851a1d" /><TestEntry testId="30aa9bdc-da71-4a5a-8364-dfa7ed4abe2a" executionId="64a776d8-e840-4ac1-8332-ce35b435be34" testListId="8c84fa94-04c1-424b-9868-57a2d4851a1d" /><TestEntry testId="be9aa9c7-2cb1-4be9-974d-a3bb21ff69c1" executionId="300cabec-c540-413e-b787-b3f2dc303f1e" testListId="8c84fa94-04c1-424b-9868-57a2d4851a1d" /><TestEntry testId="c22a836f-5dd6-4700-95b0-6a52a31fbe56" executionId="30336087-659c-44bc-a5e6-ce4f475cad64" testListId="8c84fa94-04c1-424b-9868-57a2d4851a1d" /><TestEntry testId="c6c3b2e2-15d9-4193-9ae2-ea146a2171ad" executionId="57f6f169-adcd-4627-a328-4eaf0832a6e2" testListId="8c84fa94-04c1-424b-9868-57a2d4851a1d" /><TestEntry testId="04d3a627-7edf-4bfc-baf7-a4043a60d5cb" executionId="4c6b9000-afb6-47c8-b8f2-da2b7699e669" testListId="8c84fa94-04c1-424b-9868-57a2d4851a1d" /><TestEntry testId="e07e02a0-c9e7-4527-b6c3-00a28576dcfb" executionId="14749df9-5749-4118-a119-3a773d49f280" testListId="8c84fa94-04c1-424b-9868-57a2d4851a1d" /><TestEntry testId="8c168b63-7f91-46bf-874a-22487a1444fd" executionId="a1d76701-c61e-4ab2-8d7a-89cd8f47998d" testListId="8c84fa94-04c1-424b-9868-57a2d4851a1d" /><TestEntry testId="023b6abb-26e7-4af2-b56b-9b4a1d0d88d6" executionId="34803730-e1c3-47d2-bfd5-fe1305c5579a" testListId="8c84fa94-04c1-424b-9868-57a2d4851a1d" /><TestEntry testId="e3bea424-b51a-42df-965c-d9157c69e609" executionId="db20cce1-3b38-4cab-814e-b1fcb2bff527" testListId="8c84fa94-04c1-424b-9868-57a2d4851a1d" /><TestEntry testId="8f7280e0-262b-4e8a-8865-c11789618b11" executionId="7cbf3839-b5c8-4a7f-98ae-29119f658f09" testListId="8c84fa94-04c1-424b-9868-57a2d4851a1d" /><TestEntry testId="e0b56e54-8d0d-41d1-ad43-9d7f0cd3ace2" executionId="c1575e81-18cd-46c8-9f21-803d9828d413" testListId="8c84fa94-04c1-424b-9868-57a2d4851a1d" /><TestEntry testId="c6258512-4128-48bd-84e5-17b08b11c74f" executionId="70ba6c21-a55b-4b12-98a9-2770816ba04a" testListId="8c84fa94-04c1-424b-9868-57a2d4851a1d" /><TestEntry testId="73927710-2273-4b55-882f-9e238e5a9ff6" executionId="34dfe228-79ed-4c32-ab4e-ed7906cfde10" testListId="8c84fa94-04c1-424b-9868-57a2d4851a1d" /><TestEntry testId="089625f5-7f55-474d-a5d0-b2ece3a40b1f" executionId="725dde5a-ad3d-4669-957d-eb4d7055f21c" testListId="8c84fa94-04c1-424b-9868-57a2d4851a1d" /><TestEntry testId="5cdb2a8e-0b8f-4296-83d3-15bae9c8325f" executionId="e50ab850-a0b0-4571-bc01-dda48cf6400b" testListId="8c84fa94-04c1-424b-9868-57a2d4851a1d" /><TestEntry testId="02bb1a11-51f1-4fdd-a1fe-9b345cc285ef" executionId="42fa2287-83c2-4f9b-a377-a27f56fdaad1" testListId="8c84fa94-04c1-424b-9868-57a2d4851a1d" /><TestEntry testId="28e815fd-cf02-4210-b0f6-bd6c04e33d21" executionId="474ab352-58c9-4bfe-b8e0-6a14a75f57c5" testListId="8c84fa94-04c1-424b-9868-57a2d4851a1d" /><TestEntry testId="6a9943f4-8ad8-47dc-b48d-931c2c503e61" executionId="dfdc1d4a-76d9-4223-9e78-87ae567e6ced" testListId="8c84fa94-04c1-424b-9868-57a2d4851a1d" /><TestEntry testId="cf027dc9-2f00-45a0-90ad-92f0d0254636" executionId="d5423e4b-4ab3-486e-bc6c-022a9ea7b17d" testListId="8c84fa94-04c1-424b-9868-57a2d4851a1d" /><TestEntry testId="0253553b-b66b-4ab6-a57a-f6e7d23aaac5" executionId="5d5fed40-3947-427d-bc3e-4dc641f4a41d" testListId="8c84fa94-04c1-424b-9868-57a2d4851a1d" /><TestEntry testId="c3292c27-420c-49b2-a7fd-50ce654d36e7" executionId="b89e00ee-f605-4875-8ad7-cacd4100f49a" testListId="8c84fa94-04c1-424b-9868-57a2d4851a1d" /><TestEntry testId="da54450a-8e5c-40bb-b5b6-4c5c0b6b5c65" executionId="d19ab3ee-a469-4ea1-b02b-766e4b3c46fa" testListId="8c84fa94-04c1-424b-9868-57a2d4851a1d" /><TestEntry testId="237c35df-abf0-4f7b-9a8d-56c8893704f4" executionId="9bc56757-82ed-4009-ac58-9ece9854161f" testListId="8c84fa94-04c1-424b-9868-57a2d4851a1d" /><TestEntry testId="3c5e8ba8-5666-4034-85ed-02256b3d8002" executionId="c78c556b-62b1-4128-aa46-a788b6e07de7" testListId="8c84fa94-04c1-424b-9868-57a2d4851a1d" /><TestEntry testId="e65efee7-7bf3-4460-83a3-3f538b2cb355" executionId="b112c6ae-5417-4e7f-a4f6-2e147846ad22" testListId="8c84fa94-04c1-424b-9868-57a2d4851a1d" /><TestEntry testId="fe5a425c-5375-4d12-aac6-50a11d751ca0" executionId="19d4cdd2-959e-4ac2-927b-3f4e0819d27c" testListId="8c84fa94-04c1-424b-9868-57a2d4851a1d" /><TestEntry testId="2786488c-c271-47a0-b6d6-83becfbabaee" executionId="a0912e75-e6a8-44b5-8605-8200b3d97b1d" testListId="8c84fa94-04c1-424b-9868-57a2d4851a1d" /><TestEntry testId="592c1b3e-00c6-430b-bd31-fe5c7540f398" executionId="cb74c02e-dc0a-4299-94bf-64d6d71c31db" testListId="8c84fa94-04c1-424b-9868-57a2d4851a1d" /><TestEntry testId="538dda9a-c866-4d23-83f2-073d54a687aa" executionId="c2b75b00-0f42-401f-97e4-f589478022cf" testListId="8c84fa94-04c1-424b-9868-57a2d4851a1d" /><TestEntry testId="67860690-6b63-4efb-9921-958b6c1f37e9" executionId="05ab29e5-bff9-47d4-a55e-301374345fc4" testListId="8c84fa94-04c1-424b-9868-57a2d4851a1d" /><TestEntry testId="e79315ec-25f4-4eb8-a228-431b3a77d813" executionId="9e5101f0-5b02-4f56-9765-a0664252e194" testListId="8c84fa94-04c1-424b-9868-57a2d4851a1d" /><TestEntry testId="f78834e4-4621-449f-98d6-c08f0190e0b7" executionId="886e3f16-2474-4362-9628-58b85c16013b" testListId="8c84fa94-04c1-424b-9868-57a2d4851a1d" /><TestEntry testId="2d029237-e721-404e-9f91-7eb46a889bd9" executionId="bfa4f08a-ed78-4fea-9d17-bfb6b8109294" testListId="8c84fa94-04c1-424b-9868-57a2d4851a1d" /><TestEntry testId="ff04cec0-028e-4bbd-91c0-11ab69cc57db" executionId="930b2c75-6897-4772-a67d-81b43b06cc71" testListId="8c84fa94-04c1-424b-9868-57a2d4851a1d" /><TestEntry testId="05e4fe6a-dc2e-45d1-911d-5f8200eadb11" executionId="5742265b-5923-449c-b595-001a6e07e5ea" testListId="8c84fa94-04c1-424b-9868-57a2d4851a1d" /><TestEntry testId="d93f81ba-1584-4aef-8c84-ae8c0ac1bbf3" executionId="5ad7c718-5cac-462d-b272-6662d0cae074" testListId="8c84fa94-04c1-424b-9868-57a2d4851a1d" /><TestEntry testId="a6f0d568-f0d9-470e-afa8-c95581f58d32" executionId="1d813443-8e1f-4f45-a16e-7fd15c71c737" testListId="8c84fa94-04c1-424b-9868-57a2d4851a1d" /><TestEntry testId="9d0821a6-6f69-4443-b707-fa9fdbf63b9c" executionId="f182ab6d-5dd5-4707-a8c8-50f53258d169" testListId="8c84fa94-04c1-424b-9868-57a2d4851a1d" /><TestEntry testId="7c3469d3-8140-40b0-98cc-f2ce652055f8" executionId="0505ecd6-766e-407a-9546-48251c1bee38" testListId="8c84fa94-04c1-424b-9868-57a2d4851a1d" /><TestEntry testId="be56b37a-f465-4c36-b490-01dfe3abe991" executionId="227bd306-8613-45e8-bd42-6ca13b864848" testListId="8c84fa94-04c1-424b-9868-57a2d4851a1d" /><TestEntry testId="0732ee22-7363-40a9-a3bd-6b1421d77eba" executionId="54e19dfc-5777-4809-85ec-198a574845dd" testListId="8c84fa94-04c1-424b-9868-57a2d4851a1d" /><TestEntry testId="a5d20af4-983f-494a-ae72-5197235d1f09" executionId="06336e3a-790c-4d68-9fb0-71cbd4b4affa" testListId="8c84fa94-04c1-424b-9868-57a2d4851a1d" /><TestEntry testId="6bdb9844-f142-4de6-a1a6-cef7ba062fc8" executionId="dbcb1d90-49d9-497d-913e-e47b42e16b02" testListId="8c84fa94-04c1-424b-9868-57a2d4851a1d" /><TestEntry testId="28fa0271-a783-41a9-b2b5-54a1dd3cebb7" executionId="a780d72d-510f-4432-afaa-20836f713bbe" testListId="8c84fa94-04c1-424b-9868-57a2d4851a1d" /><TestEntry testId="77939ef1-b3fc-40a4-9cc9-4b351ece55f2" executionId="29d99b17-4c32-4cfe-a7db-aa1e96c182e8" testListId="8c84fa94-04c1-424b-9868-57a2d4851a1d" /><TestEntry testId="58768ae1-75ed-48e0-815a-4800cd959891" executionId="00a64588-c4b5-4333-99b4-a83d4a0842ed" testListId="8c84fa94-04c1-424b-9868-57a2d4851a1d" /><TestEntry testId="bb077bb9-d3d0-4ac2-aff7-5f8b74eb3d79" executionId="d11bde65-5cfd-4a4d-b8c9-cac912b48bc5" testListId="8c84fa94-04c1-424b-9868-57a2d4851a1d" /><TestEntry testId="8139cd85-3945-4602-8cf1-55a3cd7cba81" executionId="0f85de4d-d45a-4de6-aa4a-e1fe919ddd13" testListId="8c84fa94-04c1-424b-9868-57a2d4851a1d" /><TestEntry testId="37a74254-e9f9-4528-88e9-183c8c7f45ed" executionId="3f0807cf-d2e5-4722-93c1-bb3207ca1bcb" testListId="8c84fa94-04c1-424b-9868-57a2d4851a1d" /><TestEntry testId="4ff0f8b3-4930-4a64-a177-1a1bd9889ea9" executionId="d65baca0-cf95-42ea-ba79-1b3e4d1d9536" testListId="8c84fa94-04c1-424b-9868-57a2d4851a1d" /><TestEntry testId="f3980254-b764-4d3a-8060-6912f0408667" executionId="ae82867a-0b96-4a4f-877c-bc1e5f99e764" testListId="8c84fa94-04c1-424b-9868-57a2d4851a1d" /><TestEntry testId="40f72425-a147-4ebf-bca0-3d1b5d774dce" executionId="298eae69-321c-4d43-ab7b-5a3dd34bb2ce" testListId="8c84fa94-04c1-424b-9868-57a2d4851a1d" /><TestEntry testId="a3d9308a-d2f8-4dd0-afc8-9bceeb7f5ccd" executionId="c9d18edd-a336-411a-97ef-b4a39db49194" testListId="8c84fa94-04c1-424b-9868-57a2d4851a1d" /><TestEntry testId="d0b24e80-5814-4a92-999e-9afc1235b646" executionId="1e35c419-9fb6-4811-b5fc-3dda8d44fee9" testListId="8c84fa94-04c1-424b-9868-57a2d4851a1d" /><TestEntry testId="02d0c886-53b5-4015-bf61-747ed83d4fa5" executionId="6810145e-b0ca-4f6d-81e2-a3998c1d1e6b" testListId="8c84fa94-04c1-424b-9868-57a2d4851a1d" /><TestEntry testId="dd17fa8c-abaa-4f71-b60a-c5b4d146b40d" executionId="f57b33ff-ee48-4e5d-8da6-242edb1a60ce" testListId="8c84fa94-04c1-424b-9868-57a2d4851a1d" /><TestEntry testId="ceb136d0-9443-4cf4-abc0-4c541974eb9f" executionId="7473f2b0-97c8-4302-b554-9f6c0e48c459" testListId="8c84fa94-04c1-424b-9868-57a2d4851a1d" /><TestEntry testId="791def74-a01b-44ee-af12-3a01599d225c" executionId="4371ebdc-3575-4046-ac2e-1ffeb1266297" testListId="8c84fa94-04c1-424b-9868-57a2d4851a1d" /><TestEntry testId="3630bf20-1f48-4f45-b4de-a043cab6fe9a" executionId="37bd928f-a2b9-4572-a123-cf9f0243dfee" testListId="8c84fa94-04c1-424b-9868-57a2d4851a1d" /><TestEntry testId="a041c9fe-0cdf-428f-9af8-7edd12140891" executionId="769a530c-f18d-4ffc-800f-909e72f436f2" testListId="8c84fa94-04c1-424b-9868-57a2d4851a1d" /></TestEntries><TestLists><TestList name="Results Not in a List" id="8c84fa94-04c1-424b-9868-57a2d4851a1d" /><TestList name="All Loaded Results" id="19431567-8539-422a-85d7-44ee4e166bda" /></TestLists><ResultSummary outcome="Failed"><Counters total="400" executed="400" passed="399" failed="1" error="0" timeout="0" aborted="0" inconclusive="0" passedButRunAborted="0" notRunnable="0" notExecuted="0" disconnected="0" warning="0" completed="0" inProgress="0" pending="0" /><Output><StdOut>[xUnit.net 00:00:00.0029663] xUnit.net VSTest Adapter v2.4.0-beta.1.build3958 (32-bit Desktop .NET 4.0.30319.42000)[xUnit.net 00:00:00.3003545]   Discovering: JilTests[xUnit.net 00:00:00.5463042]   Discovered:  JilTests[xUnit.net 00:00:00.5500635]   Starting:    JilTests[xUnit.net 00:00:11.5604167]       Assert.Equal() Failure[xUnit.net 00:00:11.5604620]                                 ↓ (pos 16)[xUnit.net 00:00:11.5605076]       Expected: P7541099DT23H34M[xUnit.net 00:00:11.5605523]       Actual:   P7541099DT23H34M0S[xUnit.net 00:00:11.5605954]                                 ↑ (pos 16)[xUnit.net 00:00:11.5613359]       Stack Trace:[xUnit.net 00:00:11.5620287]         C:\Users\dt-impact\ftsubs\mstest\kevin-montrose_Jil-8a5af0f\JilTests\SerializeTests.cs(7676,0): at JilTests.SerializeTests.ISO8601TimeSpans()[xUnit.net 00:00:19.9897382]   Finished:    JilTests</StdOut></Output><RunInfos><RunInfo computerName="SIEBL-4303-04" outcome="Error" timestamp="2018-11-11T16:40:08.1925609-06:00"><Text>[xUnit.net 00:00:11.5595404]     JilTests.SerializeTests.ISO8601TimeSpans [FAIL]</Text></RunInfo></RunInfos></ResultSummary></TestRun>