<?xml version="1.0" encoding="utf-8"?><TestRun id="f69f5650-e8d2-4ecd-b985-933c37c15dc5" name="dt-impact@SIEBL-4303-04 2018-11-13 01:06:49" runUser="SIEBL-4303-04\dt-impact" xmlns="http://microsoft.com/schemas/VisualStudio/TeamTest/2010"><Times creation="2018-11-13T01:06:49.4826847-06:00" queuing="2018-11-13T01:06:49.4826850-06:00" start="2018-11-13T01:06:48.1942575-06:00" finish="2018-11-13T01:07:08.6063937-06:00" /><TestSettings name="default" id="72086e5c-93c3-4e6d-bbf4-6187d65a890f"><Deployment runDeploymentRoot="dt-impact_SIEBL-4303-04_2018-11-13_01_06_49" /></TestSettings><Results><UnitTestResult executionId="654cb5e8-da03-4c20-acb3-5d446715bfa1" testId="f0708501-de4a-4da3-bd30-e5d0110ed381" testName="JilTests.SerializeTests.FlagsEnum" computerName="SIEBL-4303-04" duration="00:00:00.0400000" startTime="2018-11-13T01:06:57.2040273-06:00" endTime="2018-11-13T01:06:57.2040273-06:00" testType="13cdc9d9-ddb5-4fa4-a97d-d965ccfc6d4b" outcome="Passed" testListId="8c84fa94-04c1-424b-9868-57a2d4851a1d" relativeResultsDirectory="654cb5e8-da03-4c20-acb3-5d446715bfa1" /><UnitTestResult executionId="8a0ad433-5de9-4375-8cf4-59f41dedd708" testId="e74ea006-3a0a-4d0a-aa9c-b9d6e0ab905e" testName="JilTests.DeserializeTests.EmptyEnum" computerName="SIEBL-4303-04" duration="00:00:00.0760000" startTime="2018-11-13T01:07:06.8733040-06:00" endTime="2018-11-13T01:07:06.8733040-06:00" testType="13cdc9d9-ddb5-4fa4-a97d-d965ccfc6d4b" outcome="Passed" testListId="8c84fa94-04c1-424b-9868-57a2d4851a1d" relativeResultsDirectory="8a0ad433-5de9-4375-8cf4-59f41dedd708" /><UnitTestResult executionId="10e81737-5930-4abb-8e77-3564bfb4d5e1" testId="d8f2df25-ab47-4a53-b4c6-e49ca568f9c3" testName="JilTests.DynamicSerializationTests.ISO8601DateTimeOffsetSelfRoundtrip" computerName="SIEBL-4303-04" duration="00:00:00.0080000" startTime="2018-11-13T01:06:51.8119817-06:00" endTime="2018-11-13T01:06:51.8119817-06:00" testType="13cdc9d9-ddb5-4fa4-a97d-d965ccfc6d4b" outcome="Passed" testListId="8c84fa94-04c1-424b-9868-57a2d4851a1d" relativeResultsDirectory="10e81737-5930-4abb-8e77-3564bfb4d5e1" /><UnitTestResult executionId="f839c2a2-76a9-4eaa-84b4-c794aec28be3" testId="c52ed49f-2844-423b-98ad-7fb96ade9e0e" testName="JilTests.DeserializeTests.IReadOnlyDictionaryNumberKeys" computerName="SIEBL-4303-04" duration="00:00:00.2450000" startTime="2018-11-13T01:07:07.2775695-06:00" endTime="2018-11-13T01:07:07.2775695-06:00" testType="13cdc9d9-ddb5-4fa4-a97d-d965ccfc6d4b" outcome="Passed" testListId="8c84fa94-04c1-424b-9868-57a2d4851a1d" relativeResultsDirectory="f839c2a2-76a9-4eaa-84b4-c794aec28be3" /><UnitTestResult executionId="2563a056-19c3-4b4c-937d-ffa90e5126a8" testId="caafff78-7507-45e3-b096-c039044fe94d" testName="JilTests.DeserializeTests.SeekNotSupported" computerName="SIEBL-4303-04" duration="00:00:00.0380000" startTime="2018-11-13T01:06:55.3533272-06:00" endTime="2018-11-13T01:06:55.3533272-06:00" testType="13cdc9d9-ddb5-4fa4-a97d-d965ccfc6d4b" outcome="Passed" testListId="8c84fa94-04c1-424b-9868-57a2d4851a1d" relativeResultsDirectory="2563a056-19c3-4b4c-937d-ffa90e5126a8" /><UnitTestResult executionId="1c6d0003-f167-493c-b6c4-07b48b02b3b4" testId="d9e5a9e3-920f-49e0-b0d9-661fb7b66ef4" testName="JilTests.SerializeTests.NaNFails" computerName="SIEBL-4303-04" duration="00:00:00.0710000" startTime="2018-11-13T01:06:50.4892553-06:00" endTime="2018-11-13T01:06:50.4892553-06:00" testType="13cdc9d9-ddb5-4fa4-a97d-d965ccfc6d4b" outcome="Passed" testListId="8c84fa94-04c1-424b-9868-57a2d4851a1d" relativeResultsDirectory="1c6d0003-f167-493c-b6c4-07b48b02b3b4" /><UnitTestResult executionId="6c984139-1d8d-49f3-940d-19c58f2fc7ee" testId="2224e7c4-6cb8-4b35-9dd1-dc602f1cf280" testName="JilTests.SerializeTests.EnumMemberAttributeOverride" computerName="SIEBL-4303-04" duration="00:00:00.0310000" startTime="2018-11-13T01:07:00.0350288-06:00" endTime="2018-11-13T01:07:00.0350288-06:00" testType="13cdc9d9-ddb5-4fa4-a97d-d965ccfc6d4b" outcome="Passed" testListId="8c84fa94-04c1-424b-9868-57a2d4851a1d" relativeResultsDirectory="6c984139-1d8d-49f3-940d-19c58f2fc7ee" /><UnitTestResult executionId="461b3e4e-e1f2-4414-bf2d-e4da667a75cd" testId="db2b0d91-b877-471b-a167-da1b53e20e2d" testName="JilTests.UtilsTests.UnionConfigs" computerName="SIEBL-4303-04" duration="00:00:01.0580000" startTime="2018-11-13T01:06:50.4702423-06:00" endTime="2018-11-13T01:06:50.4702423-06:00" testType="13cdc9d9-ddb5-4fa4-a97d-d965ccfc6d4b" outcome="Passed" testListId="8c84fa94-04c1-424b-9868-57a2d4851a1d" relativeResultsDirectory="461b3e4e-e1f2-4414-bf2d-e4da667a75cd" /><UnitTestResult executionId="e391ec2d-db9e-4483-94f1-c5b8f86e34cd" testId="d6de7477-35da-42d6-8fbc-1fc39dc82719" testName="JilTests.DeserializeTests.BadDouble(input: &quot;1.2.3.4.5.6&quot;, expectedSnippetAfter: &quot;.3.4.5.6&quot;)" computerName="SIEBL-4303-04" duration="00:00:00.0010000" startTime="2018-11-13T01:07:06.6691636-06:00" endTime="2018-11-13T01:07:06.6691636-06:00" testType="13cdc9d9-ddb5-4fa4-a97d-d965ccfc6d4b" outcome="Passed" testListId="8c84fa94-04c1-424b-9868-57a2d4851a1d" relativeResultsDirectory="e391ec2d-db9e-4483-94f1-c5b8f86e34cd" /><UnitTestResult executionId="b2543be2-4005-4f27-b18c-90022f06e32b" testId="9be5a5ee-be82-4d08-97a2-d832cc909baa" testName="JilTests.DeserializeTests.MalformedISO8601(dateString: &quot;\&quot;1999W010\&quot;&quot;, expectedError: &quot;Expected day to be a digit between 1 and 7&quot;)" computerName="SIEBL-4303-04" duration="00:00:00.0010000" startTime="2018-11-13T01:06:49.6495976-06:00" endTime="2018-11-13T01:06:49.6495976-06:00" testType="13cdc9d9-ddb5-4fa4-a97d-d965ccfc6d4b" outcome="Passed" testListId="8c84fa94-04c1-424b-9868-57a2d4851a1d" relativeResultsDirectory="b2543be2-4005-4f27-b18c-90022f06e32b" /><UnitTestResult executionId="052de7d0-aee8-4116-8fad-6f297591fcd9" testId="1e725ddf-5032-4f1a-be47-4cfcc335deea" testName="JilTests.SerializeTests.TestSerializationNameFormatsSerialization" computerName="SIEBL-4303-04" duration="00:00:00.0100000" startTime="2018-11-13T01:07:03.7492309-06:00" endTime="2018-11-13T01:07:03.7492309-06:00" testType="13cdc9d9-ddb5-4fa4-a97d-d965ccfc6d4b" outcome="Passed" testListId="8c84fa94-04c1-424b-9868-57a2d4851a1d" relativeResultsDirectory="052de7d0-aee8-4116-8fad-6f297591fcd9" /><UnitTestResult executionId="5a822195-deee-4d40-80a6-f0beed3e3916" testId="225b44ae-8f47-4954-8e0b-afea2aa4a9a6" testName="JilTests.DeserializeDynamicTests.UnaryPlus" computerName="SIEBL-4303-04" duration="00:00:00.0120000" startTime="2018-11-13T01:06:53.3373407-06:00" endTime="2018-11-13T01:06:53.3373407-06:00" testType="13cdc9d9-ddb5-4fa4-a97d-d965ccfc6d4b" outcome="Passed" testListId="8c84fa94-04c1-424b-9868-57a2d4851a1d" relativeResultsDirectory="5a822195-deee-4d40-80a6-f0beed3e3916" /><UnitTestResult executionId="edd7e62b-e86e-42df-85f2-d0f2f35dfeec" testId="3cb3f473-5708-4881-a5e9-64bd772ec52d" testName="JilTests.DeserializeDynamicTests.Issue117(input: &quot;-1.&quot;, expectedError: &quot;Expected digit&quot;)" computerName="SIEBL-4303-04" duration="00:00:00.0010000" startTime="2018-11-13T01:06:49.9658080-06:00" endTime="2018-11-13T01:06:49.9658080-06:00" testType="13cdc9d9-ddb5-4fa4-a97d-d965ccfc6d4b" outcome="Passed" testListId="8c84fa94-04c1-424b-9868-57a2d4851a1d" relativeResultsDirectory="edd7e62b-e86e-42df-85f2-d0f2f35dfeec" /><UnitTestResult executionId="61c33a22-0ce9-43a5-86cf-a9ddb5c40eb0" testId="f528e064-19f2-4fd6-be3a-5908691ffa77" testName="JilTests.DeserializeDynamicTests.Issue143DateTimeOffset" computerName="SIEBL-4303-04" duration="00:00:00.0010000" startTime="2018-11-13T01:06:53.3343387-06:00" endTime="2018-11-13T01:06:53.3343387-06:00" testType="13cdc9d9-ddb5-4fa4-a97d-d965ccfc6d4b" outcome="Passed" testListId="8c84fa94-04c1-424b-9868-57a2d4851a1d" relativeResultsDirectory="61c33a22-0ce9-43a5-86cf-a9ddb5c40eb0" /><UnitTestResult executionId="2a1ab84c-fc7e-453d-a592-fa83c1081bbc" testId="ef05772f-14c7-4ce7-88c2-eadd9475888a" testName="JilTests.DeserializeDynamicTests.Not" computerName="SIEBL-4303-04" duration="00:00:00.0050000" startTime="2018-11-13T01:06:53.2562866-06:00" endTime="2018-11-13T01:06:53.2562866-06:00" testType="13cdc9d9-ddb5-4fa4-a97d-d965ccfc6d4b" outcome="Passed" testListId="8c84fa94-04c1-424b-9868-57a2d4851a1d" relativeResultsDirectory="2a1ab84c-fc7e-453d-a592-fa83c1081bbc" /><UnitTestResult executionId="5ed32941-a1fd-43c2-8cbb-4d04cc0e4390" testId="a4abfa02-7b49-4f02-80bf-f47b79a96573" testName="JilTests.DeserializeDynamicTests.Issue117(input: &quot;-01&quot;, expectedError: &quot;Number cannot have leading zeros&quot;)" computerName="SIEBL-4303-04" duration="00:00:00.0010000" startTime="2018-11-13T01:06:49.9527993-06:00" endTime="2018-11-13T01:06:49.9527993-06:00" testType="13cdc9d9-ddb5-4fa4-a97d-d965ccfc6d4b" outcome="Passed" testListId="8c84fa94-04c1-424b-9868-57a2d4851a1d" relativeResultsDirectory="5ed32941-a1fd-43c2-8cbb-4d04cc0e4390" /><UnitTestResult executionId="8b5dfa45-5352-40b0-92c1-5da5cb6ae0c8" testId="855966e8-7187-4fa7-85c4-51c6320c11a7" testName="JilTests.DeserializeDynamicTests.Negate" computerName="SIEBL-4303-04" duration="00:00:00.0030000" startTime="2018-11-13T01:06:52.2612812-06:00" endTime="2018-11-13T01:06:52.2612812-06:00" testType="13cdc9d9-ddb5-4fa4-a97d-d965ccfc6d4b" outcome="Passed" testListId="8c84fa94-04c1-424b-9868-57a2d4851a1d" relativeResultsDirectory="8b5dfa45-5352-40b0-92c1-5da5cb6ae0c8" /><UnitTestResult executionId="e1262b39-641f-4760-ac19-92ad87bd9a33" testId="39af8a30-95e5-4e3d-997a-86935506bab0" testName="JilTests.SerializeTests.ExcludingNulls" computerName="SIEBL-4303-04" duration="00:00:00.0350000" startTime="2018-11-13T01:07:03.1248157-06:00" endTime="2018-11-13T01:07:03.1248157-06:00" testType="13cdc9d9-ddb5-4fa4-a97d-d965ccfc6d4b" outcome="Passed" testListId="8c84fa94-04c1-424b-9868-57a2d4851a1d" relativeResultsDirectory="e1262b39-641f-4760-ac19-92ad87bd9a33" /><UnitTestResult executionId="6b521df1-0e2a-4354-ae25-300270669e2b" testId="25929a93-810a-43c4-8a12-58abdc2f35dc" testName="JilTests.DeserializeTests.ExpectedEndOfStream" computerName="SIEBL-4303-04" duration="00:00:00.0630000" startTime="2018-11-13T01:06:55.9584625-06:00" endTime="2018-11-13T01:06:55.9584625-06:00" testType="13cdc9d9-ddb5-4fa4-a97d-d965ccfc6d4b" outcome="Passed" testListId="8c84fa94-04c1-424b-9868-57a2d4851a1d" relativeResultsDirectory="6b521df1-0e2a-4354-ae25-300270669e2b" /><UnitTestResult executionId="04231543-6040-4890-8132-99efa1049ef0" testId="5d363e6a-aa6e-4cb6-8988-5a26d4182478" testName="JilTests.DeserializeTests.Issue117_Int" computerName="SIEBL-4303-04" duration="00:00:00.0040000" startTime="2018-11-13T01:07:04.6228144-06:00" endTime="2018-11-13T01:07:04.6228144-06:00" testType="13cdc9d9-ddb5-4fa4-a97d-d965ccfc6d4b" outcome="Passed" testListId="8c84fa94-04c1-424b-9868-57a2d4851a1d" relativeResultsDirectory="04231543-6040-4890-8132-99efa1049ef0" /><UnitTestResult executionId="ba8fdcac-8b8c-48e5-a45b-13cb2458cbc4" testId="c4bda080-dd18-4ccb-8ffb-0d8266bb7581" testName="JilTests.DeserializeTests.ISO8601TimeSpan" computerName="SIEBL-4303-04" duration="00:00:00.0530000" startTime="2018-11-13T01:06:56.0935542-06:00" endTime="2018-11-13T01:06:56.0935542-06:00" testType="13cdc9d9-ddb5-4fa4-a97d-d965ccfc6d4b" outcome="Passed" testListId="8c84fa94-04c1-424b-9868-57a2d4851a1d" relativeResultsDirectory="ba8fdcac-8b8c-48e5-a45b-13cb2458cbc4" /><UnitTestResult executionId="bd5921c7-3c43-401f-9287-82b34025e27e" testId="309b8e28-92bd-43a2-b6f3-98e9c78d6f8e" testName="JilTests.DynamicSerializationTests.NullArrayElements" computerName="SIEBL-4303-04" duration="00:00:00.0130000" startTime="2018-11-13T01:06:51.2063332-06:00" endTime="2018-11-13T01:06:51.2063332-06:00" testType="13cdc9d9-ddb5-4fa4-a97d-d965ccfc6d4b" outcome="Passed" testListId="8c84fa94-04c1-424b-9868-57a2d4851a1d" relativeResultsDirectory="bd5921c7-3c43-401f-9287-82b34025e27e" /><UnitTestResult executionId="9a651454-3169-4211-bbe2-74351f5d3715" testId="e1b720ba-a344-4e26-b881-1488e9e5d1ac" testName="JilTests.SerializeTests.EmptyEnum" computerName="SIEBL-4303-04" duration="00:00:00.0700000" startTime="2018-11-13T01:07:05.9412930-06:00" endTime="2018-11-13T01:07:05.9412930-06:00" testType="13cdc9d9-ddb5-4fa4-a97d-d965ccfc6d4b" outcome="Passed" testListId="8c84fa94-04c1-424b-9868-57a2d4851a1d" relativeResultsDirectory="9a651454-3169-4211-bbe2-74351f5d3715" /><UnitTestResult executionId="3899d93b-e728-444c-8ae3-c787ce260621" testId="6703dcae-4f19-4664-a935-939c553ba281" testName="JilTests.SerializeTests.SerializeDynamicToString" computerName="SIEBL-4303-04" duration="00:00:00.0010000" startTime="2018-11-13T01:07:03.7402264-06:00" endTime="2018-11-13T01:07:03.7402264-06:00" testType="13cdc9d9-ddb5-4fa4-a97d-d965ccfc6d4b" outcome="Passed" testListId="8c84fa94-04c1-424b-9868-57a2d4851a1d" relativeResultsDirectory="3899d93b-e728-444c-8ae3-c787ce260621" /><UnitTestResult executionId="ecea4638-81c2-4f30-a384-e69a24d92c9c" testId="e37a6b25-3fb2-4f71-a7f8-858db187e464" testName="JilTests.DeserializeDynamicTests.Issue117(input: &quot;-001&quot;, expectedError: &quot;Number cannot have leading zeros&quot;)" computerName="SIEBL-4303-04" duration="00:00:00.0010000" startTime="2018-11-13T01:06:49.9517986-06:00" endTime="2018-11-13T01:06:49.9517986-06:00" testType="13cdc9d9-ddb5-4fa4-a97d-d965ccfc6d4b" outcome="Passed" testListId="8c84fa94-04c1-424b-9868-57a2d4851a1d" relativeResultsDirectory="ecea4638-81c2-4f30-a384-e69a24d92c9c" /><UnitTestResult executionId="1cbe74e5-31af-4024-b77e-606d2e19f1d7" testId="e68d607d-785e-4f18-b4a8-8a8558c6a5e3" testName="JilTests.DeserializeTests.Longs" computerName="SIEBL-4303-04" duration="00:00:00.0010000" startTime="2018-11-13T01:06:58.5620964-06:00" endTime="2018-11-13T01:06:58.5620964-06:00" testType="13cdc9d9-ddb5-4fa4-a97d-d965ccfc6d4b" outcome="Passed" testListId="8c84fa94-04c1-424b-9868-57a2d4851a1d" relativeResultsDirectory="1cbe74e5-31af-4024-b77e-606d2e19f1d7" /><UnitTestResult executionId="da8f3077-4b30-47db-bdb2-9f5975402be8" testId="545649ef-9303-4749-9dab-c97f54eb3a78" testName="JilTests.DeserializeDynamicTests.Nullables" computerName="SIEBL-4303-04" duration="00:00:00.0630000" startTime="2018-11-13T01:06:53.3203290-06:00" endTime="2018-11-13T01:06:53.3203290-06:00" testType="13cdc9d9-ddb5-4fa4-a97d-d965ccfc6d4b" outcome="Passed" testListId="8c84fa94-04c1-424b-9868-57a2d4851a1d" relativeResultsDirectory="da8f3077-4b30-47db-bdb2-9f5975402be8" /><UnitTestResult executionId="71bf3cfc-dd4b-46e7-a215-62ad78162440" testId="abd18b4b-a9fc-4fa3-9af7-a76aded4ad55" testName="JilTests.DeserializeTests.UInts" computerName="SIEBL-4303-04" duration="00:00:00.0020000" startTime="2018-11-13T01:07:00.7921714-06:00" endTime="2018-11-13T01:07:00.7921714-06:00" testType="13cdc9d9-ddb5-4fa4-a97d-d965ccfc6d4b" outcome="Passed" testListId="8c84fa94-04c1-424b-9868-57a2d4851a1d" relativeResultsDirectory="71bf3cfc-dd4b-46e7-a215-62ad78162440" /><UnitTestResult executionId="921e1e45-a8a2-4bbf-9476-31f49ccdfdae" testId="ca446213-0686-4735-b100-56626a77e42e" testName="JilTests.DeserializeTests.BadFloat(input: &quot;1.2.3.4.5.6&quot;, expectedSnippetAfter: &quot;.3.4.5.6&quot;)" computerName="SIEBL-4303-04" duration="00:00:00.0010000" startTime="2018-11-13T01:07:00.7191227-06:00" endTime="2018-11-13T01:07:00.7191227-06:00" testType="13cdc9d9-ddb5-4fa4-a97d-d965ccfc6d4b" outcome="Passed" testListId="8c84fa94-04c1-424b-9868-57a2d4851a1d" relativeResultsDirectory="921e1e45-a8a2-4bbf-9476-31f49ccdfdae" /><UnitTestResult executionId="b2a62881-8431-4c3e-884d-f5a28e946397" testId="8b280018-74fe-4e6e-bdc3-55ea0d68ea20" testName="JilTests.DeserializeTests.MalformedISO8601(dateString: &quot;\&quot;1999-13\&quot;&quot;, expectedError: &quot;Expected month to be between 01 and 12&quot;)" computerName="SIEBL-4303-04" duration="00:00:00.0010000" startTime="2018-11-13T01:06:49.5925589-06:00" endTime="2018-11-13T01:06:49.5925589-06:00" testType="13cdc9d9-ddb5-4fa4-a97d-d965ccfc6d4b" outcome="Passed" testListId="8c84fa94-04c1-424b-9868-57a2d4851a1d" relativeResultsDirectory="b2a62881-8431-4c3e-884d-f5a28e946397" /><UnitTestResult executionId="359b02c9-2258-436a-a248-13e6f711227a" testId="d510b047-fdd0-4db5-91f5-09fa1bf94658" testName="JilTests.SerializeTests.IReadOnlyDictionary" computerName="SIEBL-4303-04" duration="00:00:00.0060000" startTime="2018-11-13T01:07:03.7552355-06:00" endTime="2018-11-13T01:07:03.7552355-06:00" testType="13cdc9d9-ddb5-4fa4-a97d-d965ccfc6d4b" outcome="Passed" testListId="8c84fa94-04c1-424b-9868-57a2d4851a1d" relativeResultsDirectory="359b02c9-2258-436a-a248-13e6f711227a" /><UnitTestResult executionId="9590e994-4830-4d0d-a389-ec8053299382" testId="92fb1a3a-bfc2-4210-b7e0-0604676c8eea" testName="JilTests.SerializeTests.Issue27" computerName="SIEBL-4303-04" duration="00:00:00.0120000" startTime="2018-11-13T01:06:57.5412529-06:00" endTime="2018-11-13T01:06:57.5412529-06:00" testType="13cdc9d9-ddb5-4fa4-a97d-d965ccfc6d4b" outcome="Passed" testListId="8c84fa94-04c1-424b-9868-57a2d4851a1d" relativeResultsDirectory="9590e994-4830-4d0d-a389-ec8053299382" /><UnitTestResult executionId="d790cf46-14ec-4f51-bd33-c3b7a49c2bfc" testId="c486760a-962b-4086-996f-63a9a34d5ac8" testName="JilTests.DeserializeTests.AnonObjects" computerName="SIEBL-4303-04" duration="00:00:00.4160000" startTime="2018-11-13T01:06:55.0274751-06:00" endTime="2018-11-13T01:06:55.0274751-06:00" testType="13cdc9d9-ddb5-4fa4-a97d-d965ccfc6d4b" outcome="Passed" testListId="8c84fa94-04c1-424b-9868-57a2d4851a1d" relativeResultsDirectory="d790cf46-14ec-4f51-bd33-c3b7a49c2bfc" /><UnitTestResult executionId="ba15e9ce-87b6-4ae4-8437-907bc7e7b54c" testId="bbff203c-a631-456f-9ff6-cf4fcd945490" testName="JilTests.SerializeTests.BadDictionaryType" computerName="SIEBL-4303-04" duration="00:00:00.0030000" startTime="2018-11-13T01:07:03.6761821-06:00" endTime="2018-11-13T01:07:03.6761821-06:00" testType="13cdc9d9-ddb5-4fa4-a97d-d965ccfc6d4b" outcome="Passed" testListId="8c84fa94-04c1-424b-9868-57a2d4851a1d" relativeResultsDirectory="ba15e9ce-87b6-4ae4-8437-907bc7e7b54c" /><UnitTestResult executionId="549a02c3-8d26-44be-be29-a6564ec6ff4e" testId="02160a7c-a9e6-460d-8f4c-afd0ce793b5c" testName="JilTests.SerializeTests.IntegerDictionaryKeys" computerName="SIEBL-4303-04" duration="00:00:00.0220000" startTime="2018-11-13T01:07:03.6301523-06:00" endTime="2018-11-13T01:07:03.6301523-06:00" testType="13cdc9d9-ddb5-4fa4-a97d-d965ccfc6d4b" outcome="Passed" testListId="8c84fa94-04c1-424b-9868-57a2d4851a1d" relativeResultsDirectory="549a02c3-8d26-44be-be29-a6564ec6ff4e" /><UnitTestResult executionId="0ef57bfe-f9ee-4815-b42a-596064cdb746" testId="9c397995-98fb-4e4b-a2a9-065f96e1e294" testName="JilTests.DeserializeTests.MissingConstructor" computerName="SIEBL-4303-04" duration="00:00:00.0110000" startTime="2018-11-13T01:06:52.5133353-06:00" endTime="2018-11-13T01:06:52.5133353-06:00" testType="13cdc9d9-ddb5-4fa4-a97d-d965ccfc6d4b" outcome="Passed" testListId="8c84fa94-04c1-424b-9868-57a2d4851a1d" relativeResultsDirectory="0ef57bfe-f9ee-4815-b42a-596064cdb746" /><UnitTestResult executionId="023b186c-15b0-4408-8be5-86040434ea5f" testId="3f4dfeb8-9faa-47a3-88b0-9d7bc2f955f9" testName="JilTests.DeserializeDynamicTests.EqualsTest" computerName="SIEBL-4303-04" duration="00:00:00.0680000" startTime="2018-11-13T01:06:52.3383320-06:00" endTime="2018-11-13T01:06:52.3383320-06:00" testType="13cdc9d9-ddb5-4fa4-a97d-d965ccfc6d4b" outcome="Passed" testListId="8c84fa94-04c1-424b-9868-57a2d4851a1d" relativeResultsDirectory="023b186c-15b0-4408-8be5-86040434ea5f" /><UnitTestResult executionId="a399e3f7-501a-4514-a628-3928b3d99488" testId="c530bfb5-26f7-4421-9cca-19b228cbd94e" testName="JilTests.DeserializeDynamicTests.Issue117(input: &quot;-123.&quot;, expectedError: &quot;Expected digit&quot;)" computerName="SIEBL-4303-04" duration="00:00:00.0010000" startTime="2018-11-13T01:06:49.9608046-06:00" endTime="2018-11-13T01:06:49.9608046-06:00" testType="13cdc9d9-ddb5-4fa4-a97d-d965ccfc6d4b" outcome="Passed" testListId="8c84fa94-04c1-424b-9868-57a2d4851a1d" relativeResultsDirectory="a399e3f7-501a-4514-a628-3928b3d99488" /><UnitTestResult executionId="418f2e9f-f059-476e-9c2a-ccea3273c2fa" testId="eb145a59-9193-49cb-ae49-c146a85ba6ca" testName="JilTests.DeserializeTests.BadDecimal(input: &quot;1.2E10E10&quot;, expectedSnippetAfter: &quot;E10&quot;)" computerName="SIEBL-4303-04" duration="00:00:00.0010000" startTime="2018-11-13T01:07:00.3678542-06:00" endTime="2018-11-13T01:07:00.3678542-06:00" testType="13cdc9d9-ddb5-4fa4-a97d-d965ccfc6d4b" outcome="Passed" testListId="8c84fa94-04c1-424b-9868-57a2d4851a1d" relativeResultsDirectory="418f2e9f-f059-476e-9c2a-ccea3273c2fa" /><UnitTestResult executionId="e047ba5e-2345-4e90-b0ac-096f636bdcc1" testId="1957d6eb-37f7-4591-ad38-0f016b4dfb3a" testName="JilTests.DeserializeDynamicTests.Issue117(input: &quot;01&quot;, expectedError: &quot;Number cannot have leading zeros&quot;)" computerName="SIEBL-4303-04" duration="00:00:00.0010000" startTime="2018-11-13T01:06:49.9578026-06:00" endTime="2018-11-13T01:06:49.9578026-06:00" testType="13cdc9d9-ddb5-4fa4-a97d-d965ccfc6d4b" outcome="Passed" testListId="8c84fa94-04c1-424b-9868-57a2d4851a1d" relativeResultsDirectory="e047ba5e-2345-4e90-b0ac-096f636bdcc1" /><UnitTestResult executionId="3aeb1fbf-a9b5-4493-b12e-00e372ef72e2" testId="591798d7-cd0a-45b2-aa44-e64e95b42053" testName="JilTests.DeserializeTests.PrimitiveWrappers" computerName="SIEBL-4303-04" duration="00:00:00.0120000" startTime="2018-11-13T01:07:06.8863085-06:00" endTime="2018-11-13T01:07:06.8863085-06:00" testType="13cdc9d9-ddb5-4fa4-a97d-d965ccfc6d4b" outcome="Passed" testListId="8c84fa94-04c1-424b-9868-57a2d4851a1d" relativeResultsDirectory="3aeb1fbf-a9b5-4493-b12e-00e372ef72e2" /><UnitTestResult executionId="0b644d0c-2fa9-4454-848b-00b4b8893707" testId="178dcb1e-a7ec-4dc5-9f52-599802f0c669" testName="JilTests.DeserializeTests.PrivateConstructor_List" computerName="SIEBL-4303-04" duration="00:00:00.0180000" startTime="2018-11-13T01:06:52.1321941-06:00" endTime="2018-11-13T01:06:52.1321941-06:00" testType="13cdc9d9-ddb5-4fa4-a97d-d965ccfc6d4b" outcome="Passed" testListId="8c84fa94-04c1-424b-9868-57a2d4851a1d" relativeResultsDirectory="0b644d0c-2fa9-4454-848b-00b4b8893707" /><UnitTestResult executionId="56979a87-f548-473f-84e1-8fbb5d3985e4" testId="c16b113d-e5b6-4292-a00b-6cb7af0efccd" testName="JilTests.DynamicSerializationTests.ExpandoObject" computerName="SIEBL-4303-04" duration="00:00:00.0140000" startTime="2018-11-13T01:06:51.0432243-06:00" endTime="2018-11-13T01:06:51.0432243-06:00" testType="13cdc9d9-ddb5-4fa4-a97d-d965ccfc6d4b" outcome="Passed" testListId="8c84fa94-04c1-424b-9868-57a2d4851a1d" relativeResultsDirectory="56979a87-f548-473f-84e1-8fbb5d3985e4" /><UnitTestResult executionId="c6700127-8f01-4c30-aee2-3fcb0cb905ea" testId="da71bc76-b3de-4f08-955c-4cef6542e4ec" testName="JilTests.DeserializeDynamicTests.Issue134" computerName="SIEBL-4303-04" duration="00:00:00.0090000" startTime="2018-11-13T01:06:53.0789535-06:00" endTime="2018-11-13T01:06:53.0789535-06:00" testType="13cdc9d9-ddb5-4fa4-a97d-d965ccfc6d4b" outcome="Passed" testListId="8c84fa94-04c1-424b-9868-57a2d4851a1d" relativeResultsDirectory="c6700127-8f01-4c30-aee2-3fcb0cb905ea" /><UnitTestResult executionId="f04a0534-51d8-459d-b5e3-8760d451ba3e" testId="d0192eae-3e94-446d-b88c-4eb3c8e2a8f0" testName="JilTests.DynamicSerializationTests.Issue150" computerName="SIEBL-4303-04" duration="00:00:00.1320000" startTime="2018-11-13T01:06:51.9760899-06:00" endTime="2018-11-13T01:06:51.9760899-06:00" testType="13cdc9d9-ddb5-4fa4-a97d-d965ccfc6d4b" outcome="Passed" testListId="8c84fa94-04c1-424b-9868-57a2d4851a1d" relativeResultsDirectory="f04a0534-51d8-459d-b5e3-8760d451ba3e" /><UnitTestResult executionId="8dd58973-6ed0-43f2-a682-68f41c504c73" testId="4c3c9c34-570d-4d07-8702-7a72b9a19304" testName="JilTests.DeserializeTests.InfoFailure" computerName="SIEBL-4303-04" duration="00:00:00.1870000" startTime="2018-11-13T01:06:55.2296090-06:00" endTime="2018-11-13T01:06:55.2296090-06:00" testType="13cdc9d9-ddb5-4fa4-a97d-d965ccfc6d4b" outcome="Passed" testListId="8c84fa94-04c1-424b-9868-57a2d4851a1d" relativeResultsDirectory="8dd58973-6ed0-43f2-a682-68f41c504c73" /><UnitTestResult executionId="659b12bc-e03c-44a6-a034-5e7ca80a226c" testId="b5935b30-c144-4ad8-b743-66929bf21fed" testName="JilTests.DeserializeDynamicTests.Issue143DateTimeOffsetFractionOverflow" computerName="SIEBL-4303-04" duration="00:00:00.0190000" startTime="2018-11-13T01:06:49.9357879-06:00" endTime="2018-11-13T01:06:49.9357879-06:00" testType="13cdc9d9-ddb5-4fa4-a97d-d965ccfc6d4b" outcome="Passed" testListId="8c84fa94-04c1-424b-9868-57a2d4851a1d" relativeResultsDirectory="659b12bc-e03c-44a6-a034-5e7ca80a226c" /><UnitTestResult executionId="85590f10-8ba4-41cb-8fea-ffbf6cdc886c" testId="27b90b8e-ffd2-4da0-82d2-bb2c8d6bdb2d" testName="JilTests.DeserializeDynamicTests.ObjectEnumeration" computerName="SIEBL-4303-04" duration="00:00:00.0040000" startTime="2018-11-13T01:06:52.6734425-06:00" endTime="2018-11-13T01:06:52.6734425-06:00" testType="13cdc9d9-ddb5-4fa4-a97d-d965ccfc6d4b" outcome="Passed" testListId="8c84fa94-04c1-424b-9868-57a2d4851a1d" relativeResultsDirectory="85590f10-8ba4-41cb-8fea-ffbf6cdc886c" /><UnitTestResult executionId="729aafd0-a61f-4429-93d7-eb1054462e99" testId="4e8dc0d4-f434-4233-9561-3967506e2b60" testName="JilTests.SerializeTests.IntegerDictionaryKeysWithoutNulls" computerName="SIEBL-4303-04" duration="00:00:00.0720000" startTime="2018-11-13T01:06:51.6584717-06:00" endTime="2018-11-13T01:06:51.6584717-06:00" testType="13cdc9d9-ddb5-4fa4-a97d-d965ccfc6d4b" outcome="Passed" testListId="8c84fa94-04c1-424b-9868-57a2d4851a1d" relativeResultsDirectory="729aafd0-a61f-4429-93d7-eb1054462e99" /><UnitTestResult executionId="104263b5-944a-4b6b-91b1-399e0abc24e3" testId="013ce11b-50a6-4d99-b201-21714ab060f0" testName="JilTests.SerializeTests.DictionaryEncoding" computerName="SIEBL-4303-04" duration="00:00:00.0070000" startTime="2018-11-13T01:06:50.2339869-06:00" endTime="2018-11-13T01:06:50.2339869-06:00" testType="13cdc9d9-ddb5-4fa4-a97d-d965ccfc6d4b" outcome="Passed" testListId="8c84fa94-04c1-424b-9868-57a2d4851a1d" relativeResultsDirectory="104263b5-944a-4b6b-91b1-399e0abc24e3" /><UnitTestResult executionId="3099ab2b-d16b-490e-a946-8154a7006a1b" testId="0441f4d3-df85-478e-a4a4-888aa6fc2cc4" testName="JilTests.DeserializeTests.MillisecondsTimeSpan" computerName="SIEBL-4303-04" duration="00:00:00.0200000" startTime="2018-11-13T01:07:04.2915943-06:00" endTime="2018-11-13T01:07:04.2915943-06:00" testType="13cdc9d9-ddb5-4fa4-a97d-d965ccfc6d4b" outcome="Passed" testListId="8c84fa94-04c1-424b-9868-57a2d4851a1d" relativeResultsDirectory="3099ab2b-d16b-490e-a946-8154a7006a1b" /><UnitTestResult executionId="37fb6b5a-1a97-45e9-af1a-02bdf02a28b5" testId="79256b3e-ae0b-43da-91fb-036c66454e62" testName="JilTests.DynamicSerializationTests.TopLevelNulls" computerName="SIEBL-4303-04" duration="00:00:00.0520000" startTime="2018-11-13T01:06:51.1352861-06:00" endTime="2018-11-13T01:06:51.1352861-06:00" testType="13cdc9d9-ddb5-4fa4-a97d-d965ccfc6d4b" outcome="Passed" testListId="8c84fa94-04c1-424b-9868-57a2d4851a1d" relativeResultsDirectory="37fb6b5a-1a97-45e9-af1a-02bdf02a28b5" /><UnitTestResult executionId="9636e8ab-044c-48fa-8205-7f24c0605011" testId="050fdcbc-7c21-49a7-bfcc-1380e64a036d" testName="JilTests.UtilsTests.PublicInterfaces" computerName="SIEBL-4303-04" duration="00:00:00.0060000" startTime="2018-11-13T01:06:49.4384561-06:00" endTime="2018-11-13T01:06:49.4384561-06:00" testType="13cdc9d9-ddb5-4fa4-a97d-d965ccfc6d4b" outcome="Passed" testListId="8c84fa94-04c1-424b-9868-57a2d4851a1d" relativeResultsDirectory="9636e8ab-044c-48fa-8205-7f24c0605011" /><UnitTestResult executionId="c2acf2fc-b1dd-4797-afd4-67b1c14cf0ac" testId="368260c2-cd79-400f-a195-623f780ec2b5" testName="JilTests.SerializeTests.Issue42" computerName="SIEBL-4303-04" duration="00:00:00.0460000" startTime="2018-11-13T01:06:50.2820196-06:00" endTime="2018-11-13T01:06:50.2820196-06:00" testType="13cdc9d9-ddb5-4fa4-a97d-d965ccfc6d4b" outcome="Passed" testListId="8c84fa94-04c1-424b-9868-57a2d4851a1d" relativeResultsDirectory="c2acf2fc-b1dd-4797-afd4-67b1c14cf0ac" /><UnitTestResult executionId="e38b7da1-0e29-4ae5-a256-98ffa4f75bef" testId="10f927db-ce3b-40f3-b3e3-49c37276bb53" testName="JilTests.DeserializeTests.UnionTypeIndication" computerName="SIEBL-4303-04" duration="00:00:00.0940000" startTime="2018-11-13T01:06:55.5524589-06:00" endTime="2018-11-13T01:06:55.5524589-06:00" testType="13cdc9d9-ddb5-4fa4-a97d-d965ccfc6d4b" outcome="Passed" testListId="8c84fa94-04c1-424b-9868-57a2d4851a1d" relativeResultsDirectory="e38b7da1-0e29-4ae5-a256-98ffa4f75bef" /><UnitTestResult executionId="d30b5bd2-64a3-4cc3-9dde-b464deb361f0" testId="2b088dcb-3a2d-47ab-9797-7e3096ba914a" testName="JilTests.DeserializeTests.Guids" computerName="SIEBL-4303-04" duration="00:00:00.0010000" startTime="2018-11-13T01:06:55.9674685-06:00" endTime="2018-11-13T01:06:55.9674685-06:00" testType="13cdc9d9-ddb5-4fa4-a97d-d965ccfc6d4b" outcome="Passed" testListId="8c84fa94-04c1-424b-9868-57a2d4851a1d" relativeResultsDirectory="d30b5bd2-64a3-4cc3-9dde-b464deb361f0" /><UnitTestResult executionId="ff71f69b-74ee-4b3f-8d7a-003b0c127fca" testId="3006e2d4-d5bd-4c25-a1d2-5f4e9660b914" testName="JilTests.UtilsTests.FindReusedTypes_ListList" computerName="SIEBL-4303-04" duration="00:00:00.0020000" startTime="2018-11-13T01:06:49.4364548-06:00" endTime="2018-11-13T01:06:49.4364548-06:00" testType="13cdc9d9-ddb5-4fa4-a97d-d965ccfc6d4b" outcome="Passed" testListId="8c84fa94-04c1-424b-9868-57a2d4851a1d" relativeResultsDirectory="ff71f69b-74ee-4b3f-8d7a-003b0c127fca" /><UnitTestResult executionId="d47484b1-e2ae-4b94-a5e7-c4d6d69f25de" testId="cd45cc48-f609-4493-9e0a-c19313a65c40" testName="JilTests.SerializeTests.DoubleConstantWeirdCulture" computerName="SIEBL-4303-04" duration="00:00:00.0030000" startTime="2018-11-13T01:07:05.8342215-06:00" endTime="2018-11-13T01:07:05.8342215-06:00" testType="13cdc9d9-ddb5-4fa4-a97d-d965ccfc6d4b" outcome="Passed" testListId="8c84fa94-04c1-424b-9868-57a2d4851a1d" relativeResultsDirectory="d47484b1-e2ae-4b94-a5e7-c4d6d69f25de" /><UnitTestResult executionId="af73723e-8159-4ca1-ba51-1b2ced648f8d" testId="5226cb5f-3aef-468e-9039-2bdfc316c60c" testName="JilTests.SerializeTests.AllocationlessVsNormalDictionaries" computerName="SIEBL-4303-04" duration="00:00:00.0200000" startTime="2018-11-13T01:07:06.4570226-06:00" endTime="2018-11-13T01:07:06.4570226-06:00" testType="13cdc9d9-ddb5-4fa4-a97d-d965ccfc6d4b" outcome="Passed" testListId="8c84fa94-04c1-424b-9868-57a2d4851a1d" relativeResultsDirectory="af73723e-8159-4ca1-ba51-1b2ced648f8d" /><UnitTestResult executionId="d286ce2c-1f45-4cbb-9d00-72a089937021" testId="c69ae0c5-8fb2-4a04-af7f-bd34be711f37" testName="JilTests.SerializeTests.ConfigDefaultOptions" computerName="SIEBL-4303-04" duration="00:00:00.0080000" startTime="2018-11-13T01:07:06.3035347-06:00" endTime="2018-11-13T01:07:06.3035347-06:00" testType="13cdc9d9-ddb5-4fa4-a97d-d965ccfc6d4b" outcome="Passed" testListId="8c84fa94-04c1-424b-9868-57a2d4851a1d" relativeResultsDirectory="d286ce2c-1f45-4cbb-9d00-72a089937021" /><UnitTestResult executionId="588faf31-5c2d-4de9-a03d-ed72dd390ab4" testId="f6b3c0c0-08a4-4d1d-aca9-70ae5bb5dec5" testName="JilTests.DeserializeTests.MalformedISO8601(dateString: &quot;\&quot;1900999\&quot;&quot;, expectedError: &quot;Expected ordinal day to be between 001 and 366&quot;)" computerName="SIEBL-4303-04" duration="00:00:00.0010000" startTime="2018-11-13T01:06:49.5605376-06:00" endTime="2018-11-13T01:06:49.5605376-06:00" testType="13cdc9d9-ddb5-4fa4-a97d-d965ccfc6d4b" outcome="Passed" testListId="8c84fa94-04c1-424b-9868-57a2d4851a1d" relativeResultsDirectory="588faf31-5c2d-4de9-a03d-ed72dd390ab4" /><UnitTestResult executionId="12526e19-55cd-4ac9-a1b8-1123bea498a0" testId="2f618f18-3912-4e0b-b00c-32ff61ef7785" testName="JilTests.DeserializeTests.Issue48" computerName="SIEBL-4303-04" duration="00:00:00.0270000" startTime="2018-11-13T01:07:01.1107774-06:00" endTime="2018-11-13T01:07:01.1107774-06:00" testType="13cdc9d9-ddb5-4fa4-a97d-d965ccfc6d4b" outcome="Passed" testListId="8c84fa94-04c1-424b-9868-57a2d4851a1d" relativeResultsDirectory="12526e19-55cd-4ac9-a1b8-1123bea498a0" /><UnitTestResult executionId="61610704-0789-480c-907c-d77f1523c84b" testId="96213a74-71b7-42d0-9656-8a2c6166de0b" testName="JilTests.DeserializeTests.MultipleNullableDiscriminantUnion" computerName="SIEBL-4303-04" duration="00:00:01.0610000" startTime="2018-11-13T01:06:53.5746655-06:00" endTime="2018-11-13T01:06:53.5746655-06:00" testType="13cdc9d9-ddb5-4fa4-a97d-d965ccfc6d4b" outcome="Passed" testListId="8c84fa94-04c1-424b-9868-57a2d4851a1d" relativeResultsDirectory="61610704-0789-480c-907c-d77f1523c84b" /><UnitTestResult executionId="ebad6077-73e4-4c9f-81c1-cdccfbe3a26c" testId="979d440b-07cc-46ef-8e99-de09109d9ab7" testName="JilTests.DeserializeTests.Overflow" computerName="SIEBL-4303-04" duration="00:00:00.0630000" startTime="2018-11-13T01:06:53.6377073-06:00" endTime="2018-11-13T01:06:53.6377073-06:00" testType="13cdc9d9-ddb5-4fa4-a97d-d965ccfc6d4b" outcome="Passed" testListId="8c84fa94-04c1-424b-9868-57a2d4851a1d" relativeResultsDirectory="ebad6077-73e4-4c9f-81c1-cdccfbe3a26c" /><UnitTestResult executionId="c52b9cb4-e1a9-4450-9248-ef0785ac9230" testId="9602fd1b-8c6e-4641-b8b9-ebe8ada88e77" testName="JilTests.DeserializeDynamicTests.GreaterThanOrEquals" computerName="SIEBL-4303-04" duration="00:00:00.0090000" startTime="2018-11-13T01:06:53.3453463-06:00" endTime="2018-11-13T01:06:53.3453463-06:00" testType="13cdc9d9-ddb5-4fa4-a97d-d965ccfc6d4b" outcome="Passed" testListId="8c84fa94-04c1-424b-9868-57a2d4851a1d" relativeResultsDirectory="c52b9cb4-e1a9-4450-9248-ef0785ac9230" /><UnitTestResult executionId="b55037f8-267f-4e73-a428-2dc85ca13975" testId="376caebc-a1d8-4c46-8a3d-ebb7119bfa62" testName="JilTests.DeserializeTests.Issue203" computerName="SIEBL-4303-04" duration="00:00:00.1070000" startTime="2018-11-13T01:06:52.2412675-06:00" endTime="2018-11-13T01:06:52.2412675-06:00" testType="13cdc9d9-ddb5-4fa4-a97d-d965ccfc6d4b" outcome="Passed" testListId="8c84fa94-04c1-424b-9868-57a2d4851a1d" relativeResultsDirectory="b55037f8-267f-4e73-a428-2dc85ca13975" /><UnitTestResult executionId="47132951-03b4-4fdc-8881-9a0e590860df" testId="e5a2afa0-1c2d-40b5-96bb-5ef1a02a1f66" testName="JilTests.SerializeTests.BadUnions" computerName="SIEBL-4303-04" duration="00:00:00.0290000" startTime="2018-11-13T01:07:05.8632415-06:00" endTime="2018-11-13T01:07:05.8632415-06:00" testType="13cdc9d9-ddb5-4fa4-a97d-d965ccfc6d4b" outcome="Passed" testListId="8c84fa94-04c1-424b-9868-57a2d4851a1d" relativeResultsDirectory="47132951-03b4-4fdc-8881-9a0e590860df" /><UnitTestResult executionId="c7ee9baf-0a24-43cc-bd5f-6bbf636659de" testId="3bff02a9-13bd-460a-92b1-2c270cdc3a5d" testName="JilTests.DeserializeTests.Issue86" computerName="SIEBL-4303-04" duration="00:00:00.0120000" startTime="2018-11-13T01:07:04.3876581-06:00" endTime="2018-11-13T01:07:04.3876581-06:00" testType="13cdc9d9-ddb5-4fa4-a97d-d965ccfc6d4b" outcome="Passed" testListId="8c84fa94-04c1-424b-9868-57a2d4851a1d" relativeResultsDirectory="c7ee9baf-0a24-43cc-bd5f-6bbf636659de" /><UnitTestResult executionId="9a17cb76-a0b8-42ea-b312-70495b302957" testId="5cb26d87-db5b-4375-a712-e1634c0e8d36" testName="JilTests.DeserializeTests.MalformedISO8601(dateString: &quot;\&quot;1900-999\&quot;&quot;, expectedError: &quot;Expected ordinal day to be between 001 and 366&quot;)" computerName="SIEBL-4303-04" duration="00:00:00.0010000" startTime="2018-11-13T01:06:49.6405910-06:00" endTime="2018-11-13T01:06:49.6405910-06:00" testType="13cdc9d9-ddb5-4fa4-a97d-d965ccfc6d4b" outcome="Passed" testListId="8c84fa94-04c1-424b-9868-57a2d4851a1d" relativeResultsDirectory="9a17cb76-a0b8-42ea-b312-70495b302957" /><UnitTestResult executionId="6cfd20a2-27ff-4148-9a2d-26b6895010ef" testId="613eb5cb-0948-4c19-b7aa-ff22301c564d" testName="JilTests.DeserializeDynamicTests.NewtsoftDateTimeOffsets" computerName="SIEBL-4303-04" duration="00:00:00.0020000" startTime="2018-11-13T01:06:53.2492816-06:00" endTime="2018-11-13T01:06:53.2492816-06:00" testType="13cdc9d9-ddb5-4fa4-a97d-d965ccfc6d4b" outcome="Passed" testListId="8c84fa94-04c1-424b-9868-57a2d4851a1d" relativeResultsDirectory="6cfd20a2-27ff-4148-9a2d-26b6895010ef" /><UnitTestResult executionId="73074311-cc43-4b7a-9508-689730ed1d69" testId="1ae727bd-2a56-4ac9-9c20-6bb693d263c9" testName="JilTests.DeserializeDynamicTests.Indexer" computerName="SIEBL-4303-04" duration="00:00:00.0110000" startTime="2018-11-13T01:06:52.1391991-06:00" endTime="2018-11-13T01:06:52.1391991-06:00" testType="13cdc9d9-ddb5-4fa4-a97d-d965ccfc6d4b" outcome="Passed" testListId="8c84fa94-04c1-424b-9868-57a2d4851a1d" relativeResultsDirectory="73074311-cc43-4b7a-9508-689730ed1d69" /><UnitTestResult executionId="aab50f68-e90f-4b50-a7f0-6584a94e79fb" testId="67ae965b-0b8a-47f5-84fb-7f3414878010" testName="JilTests.DeserializeTests.Issue143DateTimeFractionOverflow" computerName="SIEBL-4303-04" duration="00:00:00.0010000" startTime="2018-11-13T01:07:02.0557054-06:00" endTime="2018-11-13T01:07:02.0557054-06:00" testType="13cdc9d9-ddb5-4fa4-a97d-d965ccfc6d4b" outcome="Passed" testListId="8c84fa94-04c1-424b-9868-57a2d4851a1d" relativeResultsDirectory="aab50f68-e90f-4b50-a7f0-6584a94e79fb" /><UnitTestResult executionId="f145ebb8-d137-4920-8b12-09f0df09c651" testId="5aea8416-79b4-43fc-a96e-e076a4624a52" testName="JilTests.DeserializeTests.Issue53" computerName="SIEBL-4303-04" duration="00:00:00.0710000" startTime="2018-11-13T01:07:02.0547044-06:00" endTime="2018-11-13T01:07:02.0547044-06:00" testType="13cdc9d9-ddb5-4fa4-a97d-d965ccfc6d4b" outcome="Passed" testListId="8c84fa94-04c1-424b-9868-57a2d4851a1d" relativeResultsDirectory="f145ebb8-d137-4920-8b12-09f0df09c651" /><UnitTestResult executionId="11e1f765-8db1-4ac4-9a8a-04b1aa27ed85" testId="21d49288-f355-4646-800e-b44e2872f2e7" testName="JilTests.SerializeTests.ConditionalSerialization" computerName="SIEBL-4303-04" duration="00:00:00.0240000" startTime="2018-11-13T01:06:50.8931375-06:00" endTime="2018-11-13T01:06:50.8931375-06:00" testType="13cdc9d9-ddb5-4fa4-a97d-d965ccfc6d4b" outcome="Passed" testListId="8c84fa94-04c1-424b-9868-57a2d4851a1d" relativeResultsDirectory="11e1f765-8db1-4ac4-9a8a-04b1aa27ed85" /><UnitTestResult executionId="afeea966-6740-44a5-a631-3cad1712023b" testId="1fb18bce-8095-422b-b28b-a9bb01f75049" testName="JilTests.EnumFlagsTest.TestEnumFlagsDeserialize3" computerName="SIEBL-4303-04" duration="00:00:00.0010000" startTime="2018-11-13T01:06:50.0708781-06:00" endTime="2018-11-13T01:06:50.0708781-06:00" testType="13cdc9d9-ddb5-4fa4-a97d-d965ccfc6d4b" outcome="Passed" testListId="8c84fa94-04c1-424b-9868-57a2d4851a1d" relativeResultsDirectory="afeea966-6740-44a5-a631-3cad1712023b" /><UnitTestResult executionId="0b14135d-a520-44da-967d-9b34f0e175fb" testId="b1a708af-ded7-480d-ae13-fb851c4a8784" testName="JilTests.DeserializeTests.Shorts" computerName="SIEBL-4303-04" duration="00:00:01.4580000" startTime="2018-11-13T01:07:00.0410331-06:00" endTime="2018-11-13T01:07:00.0410331-06:00" testType="13cdc9d9-ddb5-4fa4-a97d-d965ccfc6d4b" outcome="Passed" testListId="8c84fa94-04c1-424b-9868-57a2d4851a1d" relativeResultsDirectory="0b14135d-a520-44da-967d-9b34f0e175fb" /><UnitTestResult executionId="b41c0a35-282a-437c-b387-08aa1ce981e8" testId="5ce854bc-d711-4366-9ada-f2f9dc4e8bdc" testName="JilTests.DeserializeTests.MalformedISO8601(dateString: &quot;\&quot;1900-366\&quot;&quot;, expectedError: &quot;Ordinal day can only be 366 in a leap year&quot;)" computerName="SIEBL-4303-04" duration="00:00:00.0010000" startTime="2018-11-13T01:06:49.6275829-06:00" endTime="2018-11-13T01:06:49.6275829-06:00" testType="13cdc9d9-ddb5-4fa4-a97d-d965ccfc6d4b" outcome="Passed" testListId="8c84fa94-04c1-424b-9868-57a2d4851a1d" relativeResultsDirectory="b41c0a35-282a-437c-b387-08aa1ce981e8" /><UnitTestResult executionId="634b3bf9-c0f7-4859-8190-996f3146a135" testId="211516a6-02e1-4c2c-99a6-56c2c86417cb" testName="JilTests.UtilsTests.ConstantProperties" computerName="SIEBL-4303-04" duration="00:00:00.0170000" startTime="2018-11-13T01:06:49.4504641-06:00" endTime="2018-11-13T01:06:49.4504641-06:00" testType="13cdc9d9-ddb5-4fa4-a97d-d965ccfc6d4b" outcome="Passed" testListId="8c84fa94-04c1-424b-9868-57a2d4851a1d" relativeResultsDirectory="634b3bf9-c0f7-4859-8190-996f3146a135" /><UnitTestResult executionId="62c33720-2cdb-4201-9171-207b9821b137" testId="ce9248e4-188f-403e-a90d-d4e3462c357e" testName="JilTests.DeserializeTests.Issue235" computerName="SIEBL-4303-04" duration="00:00:00.0010000" startTime="2018-11-13T01:07:08.3072569-06:00" endTime="2018-11-13T01:07:08.3072569-06:00" testType="13cdc9d9-ddb5-4fa4-a97d-d965ccfc6d4b" outcome="Passed" testListId="8c84fa94-04c1-424b-9868-57a2d4851a1d" relativeResultsDirectory="62c33720-2cdb-4201-9171-207b9821b137" /><UnitTestResult executionId="ea0d022d-3415-4f49-a77f-72ad6362c0c8" testId="93dfe8d4-0776-4ff5-a329-2803ffc7368c" testName="JilTests.DeserializeDynamicTests.Issue143DateTimeFractionOverflow" computerName="SIEBL-4303-04" duration="00:00:00.0010000" startTime="2018-11-13T01:06:53.3223306-06:00" endTime="2018-11-13T01:06:53.3223306-06:00" testType="13cdc9d9-ddb5-4fa4-a97d-d965ccfc6d4b" outcome="Passed" testListId="8c84fa94-04c1-424b-9868-57a2d4851a1d" relativeResultsDirectory="ea0d022d-3415-4f49-a77f-72ad6362c0c8" /><UnitTestResult executionId="8818de60-ed58-43dc-859e-f3161289fdd5" testId="f4e441b2-7088-4a50-8aef-8902496ea093" testName="JilTests.SerializeTests.ValueTypes" computerName="SIEBL-4303-04" duration="00:00:00.3940000" startTime="2018-11-13T01:06:51.4475201-06:00" endTime="2018-11-13T01:06:51.4475201-06:00" testType="13cdc9d9-ddb5-4fa4-a97d-d965ccfc6d4b" outcome="Passed" testListId="8c84fa94-04c1-424b-9868-57a2d4851a1d" relativeResultsDirectory="8818de60-ed58-43dc-859e-f3161289fdd5" /><UnitTestResult executionId="f095bc20-39b7-4b9e-9f0f-de8acda069da" testId="7c64698b-5b32-4800-b6a9-852c7ec846bd" testName="JilTests.DeserializeTests.ISets" computerName="SIEBL-4303-04" duration="00:00:00.1910000" startTime="2018-11-13T01:06:54.5430209-06:00" endTime="2018-11-13T01:06:54.5430209-06:00" testType="13cdc9d9-ddb5-4fa4-a97d-d965ccfc6d4b" outcome="Passed" testListId="8c84fa94-04c1-424b-9868-57a2d4851a1d" relativeResultsDirectory="f095bc20-39b7-4b9e-9f0f-de8acda069da" /><UnitTestResult executionId="076c4136-9853-432e-94db-8537237c3c65" testId="cc7dfe26-0b2e-4b3e-8e48-cf93d902c99f" testName="JilTests.DeserializeDynamicTests.EmptyArrayWithSpace" computerName="SIEBL-4303-04" duration="00:00:00.0020000" startTime="2018-11-13T01:06:53.0699474-06:00" endTime="2018-11-13T01:06:53.0699474-06:00" testType="13cdc9d9-ddb5-4fa4-a97d-d965ccfc6d4b" outcome="Passed" testListId="8c84fa94-04c1-424b-9868-57a2d4851a1d" relativeResultsDirectory="076c4136-9853-432e-94db-8537237c3c65" /><UnitTestResult executionId="4b4ccc56-3871-4475-a9a0-95beabd0ddb1" testId="7bf8978f-d1b8-4be1-b930-6d942a95fb6c" testName="JilTests.DeserializeTests.FlagsEnum" computerName="SIEBL-4303-04" duration="00:00:00.1040000" startTime="2018-11-13T01:07:04.6188111-06:00" endTime="2018-11-13T01:07:04.6188111-06:00" testType="13cdc9d9-ddb5-4fa4-a97d-d965ccfc6d4b" outcome="Passed" testListId="8c84fa94-04c1-424b-9868-57a2d4851a1d" relativeResultsDirectory="4b4ccc56-3871-4475-a9a0-95beabd0ddb1" /><UnitTestResult executionId="87154233-3942-41f9-bee6-af92651d42d4" testId="39a0c381-bd15-4405-8370-654fd1442cf2" testName="JilTests.DeserializeDynamicTests.TimeSpans_Seconds" computerName="SIEBL-4303-04" duration="00:00:00.6100000" startTime="2018-11-13T01:06:49.9157749-06:00" endTime="2018-11-13T01:06:49.9157749-06:00" testType="13cdc9d9-ddb5-4fa4-a97d-d965ccfc6d4b" outcome="Passed" testListId="8c84fa94-04c1-424b-9868-57a2d4851a1d" relativeResultsDirectory="87154233-3942-41f9-bee6-af92651d42d4" /><UnitTestResult executionId="1375b174-720b-4eb2-8b05-2fbcae488607" testId="123e1688-bd71-41a0-b1b1-99861bd91558" testName="JilTests.SerializeTests.EnumMemberAttributeOverrideFlags" computerName="SIEBL-4303-04" duration="00:00:00.0350000" startTime="2018-11-13T01:06:59.9970028-06:00" endTime="2018-11-13T01:06:59.9970028-06:00" testType="13cdc9d9-ddb5-4fa4-a97d-d965ccfc6d4b" outcome="Passed" testListId="8c84fa94-04c1-424b-9868-57a2d4851a1d" relativeResultsDirectory="1375b174-720b-4eb2-8b05-2fbcae488607" /><UnitTestResult executionId="86841448-cf20-4686-8a63-1bae0fac8908" testId="dce88beb-320e-4e95-95b5-cde79b1059cb" testName="JilTests.DeserializeDynamicTests.NotEquals" computerName="SIEBL-4303-04" duration="00:00:00.0320000" startTime="2018-11-13T01:06:53.1109751-06:00" endTime="2018-11-13T01:06:53.1109751-06:00" testType="13cdc9d9-ddb5-4fa4-a97d-d965ccfc6d4b" outcome="Passed" testListId="8c84fa94-04c1-424b-9868-57a2d4851a1d" relativeResultsDirectory="86841448-cf20-4686-8a63-1bae0fac8908" /><UnitTestResult executionId="d64c69a3-e3c6-4cad-8dd5-1ae7778ebc2b" testId="5f689a85-666d-4c1d-8016-f0134d978edd" testName="JilTests.DeserializeDynamicTests.And" computerName="SIEBL-4303-04" duration="00:00:00.0490000" startTime="2018-11-13T01:06:52.3883657-06:00" endTime="2018-11-13T01:06:52.3883657-06:00" testType="13cdc9d9-ddb5-4fa4-a97d-d965ccfc6d4b" outcome="Passed" testListId="8c84fa94-04c1-424b-9868-57a2d4851a1d" relativeResultsDirectory="d64c69a3-e3c6-4cad-8dd5-1ae7778ebc2b" /><UnitTestResult executionId="e0480fd7-d636-4332-91b5-dd93be088362" testId="62a7f1e3-e7a8-4790-8428-90ac57013e96" testName="JilTests.SerializeTests.SerializeToString" computerName="SIEBL-4303-04" duration="00:00:00.0020000" startTime="2018-11-13T01:06:57.6273082-06:00" endTime="2018-11-13T01:06:57.6273082-06:00" testType="13cdc9d9-ddb5-4fa4-a97d-d965ccfc6d4b" outcome="Passed" testListId="8c84fa94-04c1-424b-9868-57a2d4851a1d" relativeResultsDirectory="e0480fd7-d636-4332-91b5-dd93be088362" /><UnitTestResult executionId="6d92ab6a-e2cb-4037-a3b6-de1c5aa8d152" testId="eab596af-3186-4783-84e4-829168051ade" testName="JilTests.DeserializeTests.EmptyMembers" computerName="SIEBL-4303-04" duration="00:00:00.0210000" startTime="2018-11-13T01:07:01.0679642-06:00" endTime="2018-11-13T01:07:01.0679642-06:00" testType="13cdc9d9-ddb5-4fa4-a97d-d965ccfc6d4b" outcome="Passed" testListId="8c84fa94-04c1-424b-9868-57a2d4851a1d" relativeResultsDirectory="6d92ab6a-e2cb-4037-a3b6-de1c5aa8d152" /><UnitTestResult executionId="a27f44ed-9480-4a94-a359-f1456838a4a7" testId="a3644eb7-815e-4518-a0a8-c6be1c11c7c6" testName="JilTests.DeserializeDynamicTests.RFC1123" computerName="SIEBL-4303-04" duration="00:00:00.0060000" startTime="2018-11-13T01:06:52.1572108-06:00" endTime="2018-11-13T01:06:52.1572108-06:00" testType="13cdc9d9-ddb5-4fa4-a97d-d965ccfc6d4b" outcome="Passed" testListId="8c84fa94-04c1-424b-9868-57a2d4851a1d" relativeResultsDirectory="a27f44ed-9480-4a94-a359-f1456838a4a7" /><UnitTestResult executionId="a21bc53e-a130-4e5e-a06a-3cbab5b96aac" testId="5ba67794-dd33-46fc-9a22-3d1caa3a8e75" testName="JilTests.DeserializeTests.MalformedISO8601(dateString: &quot;\&quot;1900-01-01T19:19+\&quot;&quot;, expectedError: &quot;Expected hour part of ISO8601 timezone offset&quot;)" computerName="SIEBL-4303-04" duration="00:00:00.0010000" startTime="2018-11-13T01:06:49.5705442-06:00" endTime="2018-11-13T01:06:49.5705442-06:00" testType="13cdc9d9-ddb5-4fa4-a97d-d965ccfc6d4b" outcome="Passed" testListId="8c84fa94-04c1-424b-9868-57a2d4851a1d" relativeResultsDirectory="a21bc53e-a130-4e5e-a06a-3cbab5b96aac" /><UnitTestResult executionId="292cf6c0-79eb-40b0-96b7-bb8436684e6a" testId="c431c572-f1ed-45ab-8d98-7490a3544a5f" testName="JilTests.DeserializeTests.Issue143TimeSpan" computerName="SIEBL-4303-04" duration="00:00:00.0010000" startTime="2018-11-13T01:07:07.8199330-06:00" endTime="2018-11-13T01:07:07.8199330-06:00" testType="13cdc9d9-ddb5-4fa4-a97d-d965ccfc6d4b" outcome="Passed" testListId="8c84fa94-04c1-424b-9868-57a2d4851a1d" relativeResultsDirectory="292cf6c0-79eb-40b0-96b7-bb8436684e6a" /><UnitTestResult executionId="6aeb5ee1-2298-4464-b4a4-cf245aa4a1df" testId="f0ca917c-52cb-4e0e-865b-dd24c0168e04" testName="JilTests.DeserializeTests.Issue210" computerName="SIEBL-4303-04" duration="00:00:00.1320000" startTime="2018-11-13T01:07:06.7972496-06:00" endTime="2018-11-13T01:07:06.7972496-06:00" testType="13cdc9d9-ddb5-4fa4-a97d-d965ccfc6d4b" outcome="Passed" testListId="8c84fa94-04c1-424b-9868-57a2d4851a1d" relativeResultsDirectory="6aeb5ee1-2298-4464-b4a4-cf245aa4a1df" /><UnitTestResult executionId="b0fbd093-068d-4996-af9e-bcad276ad6a4" testId="a35e25cf-6ae1-427e-818d-5336c8a57cb6" testName="JilTests.DeserializeTests.MalformedISO8601(dateString: &quot;\&quot;1999W018\&quot;&quot;, expectedError: &quot;Expected day to be a digit between 1 and 7&quot;)" computerName="SIEBL-4303-04" duration="00:00:00.2380000" startTime="2018-11-13T01:06:49.5415246-06:00" endTime="2018-11-13T01:06:49.5415246-06:00" testType="13cdc9d9-ddb5-4fa4-a97d-d965ccfc6d4b" outcome="Passed" testListId="8c84fa94-04c1-424b-9868-57a2d4851a1d" relativeResultsDirectory="b0fbd093-068d-4996-af9e-bcad276ad6a4" /><UnitTestResult executionId="d252d0d7-6084-4320-90e6-04f1b303ab79" testId="80867401-df04-4862-98e6-328e3433bd2d" testName="JilTests.SerializeTests.Issue165_2" computerName="SIEBL-4303-04" duration="00:00:00.0010000" startTime="2018-11-13T01:07:03.5631076-06:00" endTime="2018-11-13T01:07:03.5631076-06:00" testType="13cdc9d9-ddb5-4fa4-a97d-d965ccfc6d4b" outcome="Passed" testListId="8c84fa94-04c1-424b-9868-57a2d4851a1d" relativeResultsDirectory="d252d0d7-6084-4320-90e6-04f1b303ab79" /><UnitTestResult executionId="e95f6791-7564-4e55-a181-4f74fba0f897" testId="c1bac2e7-465d-4661-ad52-1d7980497362" testName="JilTests.DeserializeTests.MalformedISO8601(dateString: &quot;\&quot;1999-W01-0\&quot;&quot;, expectedError: &quot;Expected day to be a digit between 1 and 7&quot;)" computerName="SIEBL-4303-04" duration="00:00:00.0010000" startTime="2018-11-13T01:06:49.6385896-06:00" endTime="2018-11-13T01:06:49.6385896-06:00" testType="13cdc9d9-ddb5-4fa4-a97d-d965ccfc6d4b" outcome="Passed" testListId="8c84fa94-04c1-424b-9868-57a2d4851a1d" relativeResultsDirectory="e95f6791-7564-4e55-a181-4f74fba0f897" /><UnitTestResult executionId="a6168c96-7ec0-4268-9798-608814ad38e6" testId="789a78a8-1997-458e-a602-9754c2ce164d" testName="JilTests.SerializeTests.EnumDictionaryKeys" computerName="SIEBL-4303-04" duration="00:00:00.2310000" startTime="2018-11-13T01:06:49.7806847-06:00" endTime="2018-11-13T01:06:49.7806847-06:00" testType="13cdc9d9-ddb5-4fa4-a97d-d965ccfc6d4b" outcome="Passed" testListId="8c84fa94-04c1-424b-9868-57a2d4851a1d" relativeResultsDirectory="a6168c96-7ec0-4268-9798-608814ad38e6" /><UnitTestResult executionId="e972419e-925e-454d-b906-8bfc0c1ac6bb" testId="9597ce31-c9cd-4b73-b2c1-07148b328308" testName="JilTests.SerializeTests.StringEscapes" computerName="SIEBL-4303-04" duration="00:00:00.0050000" startTime="2018-11-13T01:06:50.3390573-06:00" endTime="2018-11-13T01:06:50.3390573-06:00" testType="13cdc9d9-ddb5-4fa4-a97d-d965ccfc6d4b" outcome="Passed" testListId="8c84fa94-04c1-424b-9868-57a2d4851a1d" relativeResultsDirectory="e972419e-925e-454d-b906-8bfc0c1ac6bb" /><UnitTestResult executionId="ad7ca8ea-5574-462f-a925-4b9830acc744" testId="99711672-f08a-4173-b7f3-d29f40c5d9a6" testName="JilTests.SerializeTests.JilDirectiveAttributeTest" computerName="SIEBL-4303-04" duration="00:00:00.0020000" startTime="2018-11-13T01:07:03.5711120-06:00" endTime="2018-11-13T01:07:03.5711120-06:00" testType="13cdc9d9-ddb5-4fa4-a97d-d965ccfc6d4b" outcome="Passed" testListId="8c84fa94-04c1-424b-9868-57a2d4851a1d" relativeResultsDirectory="ad7ca8ea-5574-462f-a925-4b9830acc744" /><UnitTestResult executionId="3c10e9cb-28b5-49ec-99ca-799ec62a34ff" testId="407a9c15-a8d5-4059-b1b0-143dfbe16075" testName="JilTests.SerializeTests.RFC1123TimeSpans" computerName="SIEBL-4303-04" duration="00:00:00.0110000" startTime="2018-11-13T01:06:50.9071353-06:00" endTime="2018-11-13T01:06:50.9071353-06:00" testType="13cdc9d9-ddb5-4fa4-a97d-d965ccfc6d4b" outcome="Passed" testListId="8c84fa94-04c1-424b-9868-57a2d4851a1d" relativeResultsDirectory="3c10e9cb-28b5-49ec-99ca-799ec62a34ff" /><UnitTestResult executionId="c1700f71-6e83-40f5-bf4f-d7186758f526" testId="0f49a292-c8fa-466c-a9bf-6de1187812eb" testName="JilTests.DeserializeTests.Issue117_UInt" computerName="SIEBL-4303-04" duration="00:00:00.0030000" startTime="2018-11-13T01:07:07.0043888-06:00" endTime="2018-11-13T01:07:07.0043888-06:00" testType="13cdc9d9-ddb5-4fa4-a97d-d965ccfc6d4b" outcome="Passed" testListId="8c84fa94-04c1-424b-9868-57a2d4851a1d" relativeResultsDirectory="c1700f71-6e83-40f5-bf4f-d7186758f526" /><UnitTestResult executionId="256aee6b-9a5e-4230-80ca-72404d8550d8" testId="807fda15-34d5-41ed-bc50-6aea9abca1b9" testName="JilTests.DeserializeDynamicTests.DateTimeOffsets" computerName="SIEBL-4303-04" duration="00:00:00.0130000" startTime="2018-11-13T01:06:52.1522075-06:00" endTime="2018-11-13T01:06:52.1522075-06:00" testType="13cdc9d9-ddb5-4fa4-a97d-d965ccfc6d4b" outcome="Passed" testListId="8c84fa94-04c1-424b-9868-57a2d4851a1d" relativeResultsDirectory="256aee6b-9a5e-4230-80ca-72404d8550d8" /><UnitTestResult executionId="5f433972-ae8f-4b33-ab22-1266c028fd89" testId="1d363e2f-88e3-4321-9a61-6f282e662dcb" testName="JilTests.SerializeTests.ConvertEnumsToPrimitives" computerName="SIEBL-4303-04" duration="00:00:02.0760000" startTime="2018-11-13T01:07:05.8312195-06:00" endTime="2018-11-13T01:07:05.8312195-06:00" testType="13cdc9d9-ddb5-4fa4-a97d-d965ccfc6d4b" outcome="Passed" testListId="8c84fa94-04c1-424b-9868-57a2d4851a1d" relativeResultsDirectory="5f433972-ae8f-4b33-ab22-1266c028fd89" /><UnitTestResult executionId="162951b5-ad3c-4247-aac4-4b940800a8b8" testId="eae53097-2898-4e9d-b3b7-acacbf919a89" testName="JilTests.DeserializeTests.MalformedISO8601(dateString: &quot;\&quot;1900-01-01T12:34:56.123456789+00:00\&quot;&quot;, expectedError: &quot;ISO8601 date is too long, expected 33 characters o&quot;...)" computerName="SIEBL-4303-04" duration="00:00:00.0010000" startTime="2018-11-13T01:06:49.5905576-06:00" endTime="2018-11-13T01:06:49.5905576-06:00" testType="13cdc9d9-ddb5-4fa4-a97d-d965ccfc6d4b" outcome="Passed" testListId="8c84fa94-04c1-424b-9868-57a2d4851a1d" relativeResultsDirectory="162951b5-ad3c-4247-aac4-4b940800a8b8" /><UnitTestResult executionId="54555003-fde9-4680-b861-2d5c0dead38d" testId="8e9470d4-ba4b-4bdb-9228-097f98945139" testName="JilTests.SerializeTests.AllOptions" computerName="SIEBL-4303-04" duration="00:00:00.7440000" startTime="2018-11-13T01:07:03.0897906-06:00" endTime="2018-11-13T01:07:03.0897906-06:00" testType="13cdc9d9-ddb5-4fa4-a97d-d965ccfc6d4b" outcome="Passed" testListId="8c84fa94-04c1-424b-9868-57a2d4851a1d" relativeResultsDirectory="54555003-fde9-4680-b861-2d5c0dead38d" /><UnitTestResult executionId="c4fbe777-e32b-4c43-8090-998c8c74f843" testId="78713f15-f0fc-4230-80c6-4ba2ba8048aa" testName="JilTests.DeserializeTests.Nullables" computerName="SIEBL-4303-04" duration="00:00:00.0150000" startTime="2018-11-13T01:06:55.0424857-06:00" endTime="2018-11-13T01:06:55.0424857-06:00" testType="13cdc9d9-ddb5-4fa4-a97d-d965ccfc6d4b" outcome="Passed" testListId="8c84fa94-04c1-424b-9868-57a2d4851a1d" relativeResultsDirectory="c4fbe777-e32b-4c43-8090-998c8c74f843" /><UnitTestResult executionId="b671593d-cb32-4a45-a9ef-85a5a6ef38f6" testId="c121374c-914c-4adb-ad97-ba1cf54b1d07" testName="JilTests.DeserializeTests.Issue43" computerName="SIEBL-4303-04" duration="00:00:00.0020000" startTime="2018-11-13T01:06:55.3153003-06:00" endTime="2018-11-13T01:06:55.3153003-06:00" testType="13cdc9d9-ddb5-4fa4-a97d-d965ccfc6d4b" outcome="Passed" testListId="8c84fa94-04c1-424b-9868-57a2d4851a1d" relativeResultsDirectory="b671593d-cb32-4a45-a9ef-85a5a6ef38f6" /><UnitTestResult executionId="aa8fa81d-7b55-43c8-afdf-e26c21d052e0" testId="7c77f658-8dbd-49d3-b84c-6cdfead91170" testName="JilTests.DeserializeTests.Objects" computerName="SIEBL-4303-04" duration="00:00:00.1310000" startTime="2018-11-13T01:06:49.7586698-06:00" endTime="2018-11-13T01:06:49.7586698-06:00" testType="13cdc9d9-ddb5-4fa4-a97d-d965ccfc6d4b" outcome="Passed" testListId="8c84fa94-04c1-424b-9868-57a2d4851a1d" relativeResultsDirectory="aa8fa81d-7b55-43c8-afdf-e26c21d052e0" /><UnitTestResult executionId="1a4f8ac8-7ad9-4e0e-96e3-3a69de2dbdbd" testId="1ab69ba2-a51d-46a4-8482-e84726d27d7a" testName="JilTests.DeserializeTests.MalformedISO8601(dateString: &quot;\&quot;1900-01-01T19:19+00:\&quot;&quot;, expectedError: &quot;Not enough character for ISO8601 timezone offset&quot;)" computerName="SIEBL-4303-04" duration="00:00:00.0010000" startTime="2018-11-13T01:06:49.5725453-06:00" endTime="2018-11-13T01:06:49.5725453-06:00" testType="13cdc9d9-ddb5-4fa4-a97d-d965ccfc6d4b" outcome="Passed" testListId="8c84fa94-04c1-424b-9868-57a2d4851a1d" relativeResultsDirectory="1a4f8ac8-7ad9-4e0e-96e3-3a69de2dbdbd" /><UnitTestResult executionId="a8ee53d2-3a5c-47ab-b7ef-fef94fa29695" testId="2475c9d6-d06b-470e-b830-79664e356074" testName="JilTests.DeserializeTests.Issue126" computerName="SIEBL-4303-04" duration="00:00:00.0010000" startTime="2018-11-13T01:07:04.5147420-06:00" endTime="2018-11-13T01:07:04.5147420-06:00" testType="13cdc9d9-ddb5-4fa4-a97d-d965ccfc6d4b" outcome="Passed" testListId="8c84fa94-04c1-424b-9868-57a2d4851a1d" relativeResultsDirectory="a8ee53d2-3a5c-47ab-b7ef-fef94fa29695" /><UnitTestResult executionId="b2443456-baee-4ae2-95be-55d7c7c3dcb2" testId="5db498c4-dbd4-4cce-8b8a-d10c1e6be9ff" testName="JilTests.DynamicSerializationTests.Issue200" computerName="SIEBL-4303-04" duration="00:00:00.0230000" startTime="2018-11-13T01:06:51.0202096-06:00" endTime="2018-11-13T01:06:51.0202096-06:00" testType="13cdc9d9-ddb5-4fa4-a97d-d965ccfc6d4b" outcome="Passed" testListId="8c84fa94-04c1-424b-9868-57a2d4851a1d" relativeResultsDirectory="b2443456-baee-4ae2-95be-55d7c7c3dcb2" /><UnitTestResult executionId="45186ad9-9a32-4040-886b-0951dc3b751b" testId="b48517bd-6b50-4936-b50b-50bc46ac5402" testName="JilTests.DeserializeDynamicTests.DynamicTypeConverter" computerName="SIEBL-4303-04" duration="00:00:00.1790000" startTime="2018-11-13T01:06:52.6654359-06:00" endTime="2018-11-13T01:06:52.6654359-06:00" testType="13cdc9d9-ddb5-4fa4-a97d-d965ccfc6d4b" outcome="Passed" testListId="8c84fa94-04c1-424b-9868-57a2d4851a1d" relativeResultsDirectory="45186ad9-9a32-4040-886b-0951dc3b751b" /><UnitTestResult executionId="a93eb7ba-c34e-4f8e-97a2-e81006664504" testId="77a83cf4-53c2-4732-8fa8-858c7ca37a43" testName="JilTests.SerializeTests.OddNullRef" computerName="SIEBL-4303-04" duration="00:00:00.1390000" startTime="2018-11-13T01:06:51.5864236-06:00" endTime="2018-11-13T01:06:51.5864236-06:00" testType="13cdc9d9-ddb5-4fa4-a97d-d965ccfc6d4b" outcome="Passed" testListId="8c84fa94-04c1-424b-9868-57a2d4851a1d" relativeResultsDirectory="a93eb7ba-c34e-4f8e-97a2-e81006664504" /><UnitTestResult executionId="02709833-a66e-45c4-9b26-c95e203b2256" testId="56223933-6504-42dc-9b01-1bff3d990cae" testName="JilTests.DeserializeDynamicTests.Issue143TimeSpanFractionOverflow" computerName="SIEBL-4303-04" duration="00:00:00.0010000" startTime="2018-11-13T01:06:53.3473482-06:00" endTime="2018-11-13T01:06:53.3473482-06:00" testType="13cdc9d9-ddb5-4fa4-a97d-d965ccfc6d4b" outcome="Passed" testListId="8c84fa94-04c1-424b-9868-57a2d4851a1d" relativeResultsDirectory="02709833-a66e-45c4-9b26-c95e203b2256" /><UnitTestResult executionId="18d40cd1-75e6-4ea2-8bc4-772f94792529" testId="abf38161-6c81-4db0-a717-77249e00020b" testName="JilTests.DeserializeTests.DictionaryEnumKeys" computerName="SIEBL-4303-04" duration="00:00:00.2120000" startTime="2018-11-13T01:07:08.3062563-06:00" endTime="2018-11-13T01:07:08.3062563-06:00" testType="13cdc9d9-ddb5-4fa4-a97d-d965ccfc6d4b" outcome="Passed" testListId="8c84fa94-04c1-424b-9868-57a2d4851a1d" relativeResultsDirectory="18d40cd1-75e6-4ea2-8bc4-772f94792529" /><UnitTestResult executionId="6e0acbcd-7b74-4f8f-ae6f-ec2debcb97a2" testId="79579120-5dae-46d6-a0f2-44168c663a33" testName="JilTests.SerializeTests.MillsecondsTimeSpans" computerName="SIEBL-4303-04" duration="00:00:00.0030000" startTime="2018-11-13T01:06:59.9389638-06:00" endTime="2018-11-13T01:06:59.9389638-06:00" testType="13cdc9d9-ddb5-4fa4-a97d-d965ccfc6d4b" outcome="Passed" testListId="8c84fa94-04c1-424b-9868-57a2d4851a1d" relativeResultsDirectory="6e0acbcd-7b74-4f8f-ae6f-ec2debcb97a2" /><UnitTestResult executionId="029863fc-d41d-4064-8635-4e8e6d3308a2" testId="e305bddd-fff0-4ecd-b5b7-8a18b37e4831" testName="JilTests.UtilsTests.FieldOffsetsInMemory" computerName="SIEBL-4303-04" duration="00:00:00.0020000" startTime="2018-11-13T01:06:50.4772488-06:00" endTime="2018-11-13T01:06:50.4772488-06:00" testType="13cdc9d9-ddb5-4fa4-a97d-d965ccfc6d4b" outcome="Passed" testListId="8c84fa94-04c1-424b-9868-57a2d4851a1d" relativeResultsDirectory="029863fc-d41d-4064-8635-4e8e6d3308a2" /><UnitTestResult executionId="2247f940-d37f-4c93-805a-ef0f41d72b0d" testId="20f3ff85-cd6e-4185-b128-93801a4f4456" testName="JilTests.DeserializeTests.MalformedISO8601(dateString: &quot;\&quot;19000101T1234:56\&quot;&quot;, expectedError: &quot;Unexpected separator in ISO8601 time&quot;)" computerName="SIEBL-4303-04" duration="00:00:00.0030000" startTime="2018-11-13T01:06:49.5625389-06:00" endTime="2018-11-13T01:06:49.5625389-06:00" testType="13cdc9d9-ddb5-4fa4-a97d-d965ccfc6d4b" outcome="Passed" testListId="8c84fa94-04c1-424b-9868-57a2d4851a1d" relativeResultsDirectory="2247f940-d37f-4c93-805a-ef0f41d72b0d" /><UnitTestResult executionId="fc0b12ac-355d-4658-9260-480387a589ff" testId="5d6f36a3-fff0-4a13-a511-ef513e5215f2" testName="JilTests.DeserializeDynamicTests.Guids" computerName="SIEBL-4303-04" duration="00:00:00.0010000" startTime="2018-11-13T01:06:52.9673164-06:00" endTime="2018-11-13T01:06:52.9673164-06:00" testType="13cdc9d9-ddb5-4fa4-a97d-d965ccfc6d4b" outcome="Passed" testListId="8c84fa94-04c1-424b-9868-57a2d4851a1d" relativeResultsDirectory="fc0b12ac-355d-4658-9260-480387a589ff" /><UnitTestResult executionId="c684e291-2eb5-4852-9600-e7844eb06315" testId="fb898c1e-0559-480a-ae2f-649023e62bdc" testName="JilTests.DynamicSerializationTests.Issue224" computerName="SIEBL-4303-04" duration="00:00:00.1550000" startTime="2018-11-13T01:06:50.9881876-06:00" endTime="2018-11-13T01:06:50.9881876-06:00" testType="13cdc9d9-ddb5-4fa4-a97d-d965ccfc6d4b" outcome="Passed" testListId="8c84fa94-04c1-424b-9868-57a2d4851a1d" relativeResultsDirectory="c684e291-2eb5-4852-9600-e7844eb06315" /><UnitTestResult executionId="d6592f9e-d48e-4ba5-98b2-7345ff6215a7" testId="71137a76-c87e-4487-a8c1-12fea1259bd6" testName="JilTests.DynamicSerializationTests.Issue87" computerName="SIEBL-4303-04" duration="00:00:00.0140000" startTime="2018-11-13T01:06:51.4695369-06:00" endTime="2018-11-13T01:06:51.4695369-06:00" testType="13cdc9d9-ddb5-4fa4-a97d-d965ccfc6d4b" outcome="Passed" testListId="8c84fa94-04c1-424b-9868-57a2d4851a1d" relativeResultsDirectory="d6592f9e-d48e-4ba5-98b2-7345ff6215a7" /><UnitTestResult executionId="7b07a46f-7b1e-49cd-9534-8f1bcdbd9acc" testId="e8cf5d09-c241-43ae-a8cc-df837f326a43" testName="JilTests.DeserializeTests.AnonNulls" computerName="SIEBL-4303-04" duration="00:00:00.0650000" startTime="2018-11-13T01:07:00.9138596-06:00" endTime="2018-11-13T01:07:00.9138596-06:00" testType="13cdc9d9-ddb5-4fa4-a97d-d965ccfc6d4b" outcome="Passed" testListId="8c84fa94-04c1-424b-9868-57a2d4851a1d" relativeResultsDirectory="7b07a46f-7b1e-49cd-9534-8f1bcdbd9acc" /><UnitTestResult executionId="9b7d031b-e843-43c6-8b6b-b17a62c265ef" testId="9b8962ad-5008-413f-9d21-0853c5c98e97" testName="JilTests.DeserializeTests.Issue162" computerName="SIEBL-4303-04" duration="00:00:00.0070000" startTime="2018-11-13T01:07:00.3838622-06:00" endTime="2018-11-13T01:07:00.3838622-06:00" testType="13cdc9d9-ddb5-4fa4-a97d-d965ccfc6d4b" outcome="Passed" testListId="8c84fa94-04c1-424b-9868-57a2d4851a1d" relativeResultsDirectory="9b7d031b-e843-43c6-8b6b-b17a62c265ef" /><UnitTestResult executionId="08b0202e-c5d4-4499-a646-99b3af27811b" testId="d3376635-9a54-4ebd-989e-1017217fe723" testName="JilTests.EnumFlagsTest.TestEnumFlagsSerialize" computerName="SIEBL-4303-04" duration="00:00:00.0930000" startTime="2018-11-13T01:06:50.0668754-06:00" endTime="2018-11-13T01:06:50.0668754-06:00" testType="13cdc9d9-ddb5-4fa4-a97d-d965ccfc6d4b" outcome="Passed" testListId="8c84fa94-04c1-424b-9868-57a2d4851a1d" relativeResultsDirectory="08b0202e-c5d4-4499-a646-99b3af27811b" /><UnitTestResult executionId="a427d94a-bf6d-4a5a-abea-71e54608a25a" testId="d537d471-9125-45b1-a096-e124f1b930b4" testName="JilTests.SerializeTests.ExcludeNulls" computerName="SIEBL-4303-04" duration="00:00:00.0690000" startTime="2018-11-13T01:06:50.1039001-06:00" endTime="2018-11-13T01:06:50.1039001-06:00" testType="13cdc9d9-ddb5-4fa4-a97d-d965ccfc6d4b" outcome="Passed" testListId="8c84fa94-04c1-424b-9868-57a2d4851a1d" relativeResultsDirectory="a427d94a-bf6d-4a5a-abea-71e54608a25a" /><UnitTestResult executionId="a42b330a-787f-41b1-9d81-8c796a169206" testId="103c7f62-602c-4c7b-8b71-37ea2bc932d2" testName="JilTests.DeserializeTests.Floats" computerName="SIEBL-4303-04" duration="00:00:00.0120000" startTime="2018-11-13T01:06:55.2956543-06:00" endTime="2018-11-13T01:06:55.2956543-06:00" testType="13cdc9d9-ddb5-4fa4-a97d-d965ccfc6d4b" outcome="Passed" testListId="8c84fa94-04c1-424b-9868-57a2d4851a1d" relativeResultsDirectory="a42b330a-787f-41b1-9d81-8c796a169206" /><UnitTestResult executionId="d7a21973-93da-48b8-9f53-2603ce50c392" testId="184994f0-a737-4858-a0db-d672e1896ae5" testName="JilTests.DynamicSerializationTests.DynamicObject" computerName="SIEBL-4303-04" duration="00:00:00.0440000" startTime="2018-11-13T01:06:51.1793164-06:00" endTime="2018-11-13T01:06:51.1793164-06:00" testType="13cdc9d9-ddb5-4fa4-a97d-d965ccfc6d4b" outcome="Passed" testListId="8c84fa94-04c1-424b-9868-57a2d4851a1d" relativeResultsDirectory="d7a21973-93da-48b8-9f53-2603ce50c392" /><UnitTestResult executionId="4ab55866-fc9b-4767-8bf5-106df3a0574e" testId="3403c7bd-35c3-47d2-b91c-729fb46a11ab" testName="JilTests.DeserializeTests.ConvertEnumsToPrimitives" computerName="SIEBL-4303-04" duration="00:00:00.8750000" startTime="2018-11-13T01:06:57.0589295-06:00" endTime="2018-11-13T01:06:57.0589295-06:00" testType="13cdc9d9-ddb5-4fa4-a97d-d965ccfc6d4b" outcome="Passed" testListId="8c84fa94-04c1-424b-9868-57a2d4851a1d" relativeResultsDirectory="4ab55866-fc9b-4767-8bf5-106df3a0574e" /><UnitTestResult executionId="226e1109-2f75-463f-ac9d-089ef1752dd0" testId="7e214138-546a-4561-8051-81bf56762c36" testName="JilTests.DeserializeTests.Issue151" computerName="SIEBL-4303-04" duration="00:00:00.0430000" startTime="2018-11-13T01:06:57.9094742-06:00" endTime="2018-11-13T01:06:57.9094742-06:00" testType="13cdc9d9-ddb5-4fa4-a97d-d965ccfc6d4b" outcome="Passed" testListId="8c84fa94-04c1-424b-9868-57a2d4851a1d" relativeResultsDirectory="226e1109-2f75-463f-ac9d-089ef1752dd0" /><UnitTestResult executionId="5046cbd0-b96d-4954-9dda-3e9ca63bdc77" testId="05efba4c-0344-4aca-8481-34fc3789847a" testName="JilTests.SerializeTests.Issue176" computerName="SIEBL-4303-04" duration="00:00:00.0090000" startTime="2018-11-13T01:07:05.9553023-06:00" endTime="2018-11-13T01:07:05.9553023-06:00" testType="13cdc9d9-ddb5-4fa4-a97d-d965ccfc6d4b" outcome="Passed" testListId="8c84fa94-04c1-424b-9868-57a2d4851a1d" relativeResultsDirectory="5046cbd0-b96d-4954-9dda-3e9ca63bdc77" /><UnitTestResult executionId="0f2f4833-bbb2-48d1-899c-ae25ab1bee6b" testId="4887f4bf-c383-49d2-8555-a6543ff7f61c" testName="JilTests.DeserializeTests.IReadOnlyDictionaries" computerName="SIEBL-4303-04" duration="00:00:00.5220000" startTime="2018-11-13T01:07:07.8019197-06:00" endTime="2018-11-13T01:07:07.8019197-06:00" testType="13cdc9d9-ddb5-4fa4-a97d-d965ccfc6d4b" outcome="Passed" testListId="8c84fa94-04c1-424b-9868-57a2d4851a1d" relativeResultsDirectory="0f2f4833-bbb2-48d1-899c-ae25ab1bee6b" /><UnitTestResult executionId="5c2dbfcf-3dfa-4c93-9e53-3487fb96b7cd" testId="053e8c34-1c45-4ff4-b9e6-ea7c1f6304b2" testName="JilTests.DeserializeDynamicTests.TimeSpans_Milliseconds" computerName="SIEBL-4303-04" duration="00:00:00.0770000" startTime="2018-11-13T01:06:53.2482812-06:00" endTime="2018-11-13T01:06:53.2482812-06:00" testType="13cdc9d9-ddb5-4fa4-a97d-d965ccfc6d4b" outcome="Passed" testListId="8c84fa94-04c1-424b-9868-57a2d4851a1d" relativeResultsDirectory="5c2dbfcf-3dfa-4c93-9e53-3487fb96b7cd" /><UnitTestResult executionId="0ad8d67b-9ff6-412e-829e-b9b7380e67c5" testId="42ad8f24-ae2f-41c8-b14f-e4f431ff0b7a" testName="JilTests.DynamicSerializationTests.Issue230" computerName="SIEBL-4303-04" duration="00:00:00.0050000" startTime="2018-11-13T01:06:51.8039754-06:00" endTime="2018-11-13T01:06:51.8039754-06:00" testType="13cdc9d9-ddb5-4fa4-a97d-d965ccfc6d4b" outcome="Passed" testListId="8c84fa94-04c1-424b-9868-57a2d4851a1d" relativeResultsDirectory="0ad8d67b-9ff6-412e-829e-b9b7380e67c5" /><UnitTestResult executionId="d6ca88ac-4440-4f3b-b4be-5213ff793d8e" testId="a7c06ed9-4a4d-49b8-9071-a06bd7244c84" testName="JilTests.DynamicSerializationTests.ExcludingNulls" computerName="SIEBL-4303-04" duration="00:00:00.0410000" startTime="2018-11-13T01:06:50.3441585-06:00" endTime="2018-11-13T01:06:50.3441585-06:00" testType="13cdc9d9-ddb5-4fa4-a97d-d965ccfc6d4b" outcome="Passed" testListId="8c84fa94-04c1-424b-9868-57a2d4851a1d" relativeResultsDirectory="d6ca88ac-4440-4f3b-b4be-5213ff793d8e" /><UnitTestResult executionId="051d27d7-256e-4244-9f07-092f5d529257" testId="b32c8515-3c41-42d8-949c-13b0ecd16eaf" testName="JilTests.EnumFlagsTest.TestEnumFlagsDeserialize2" computerName="SIEBL-4303-04" duration="00:00:00.0010000" startTime="2018-11-13T01:06:50.0688767-06:00" endTime="2018-11-13T01:06:50.0688767-06:00" testType="13cdc9d9-ddb5-4fa4-a97d-d965ccfc6d4b" outcome="Passed" testListId="8c84fa94-04c1-424b-9868-57a2d4851a1d" relativeResultsDirectory="051d27d7-256e-4244-9f07-092f5d529257" /><UnitTestResult executionId="bc58de65-ae83-44a6-a23e-c7fe2253ee01" testId="a9339725-946f-46af-96c5-5c5797d7a51a" testName="JilTests.DeserializeTests.EmptyAnonymousObject" computerName="SIEBL-4303-04" duration="00:00:00.0090000" startTime="2018-11-13T01:07:08.4083259-06:00" endTime="2018-11-13T01:07:08.4083259-06:00" testType="13cdc9d9-ddb5-4fa4-a97d-d965ccfc6d4b" outcome="Passed" testListId="8c84fa94-04c1-424b-9868-57a2d4851a1d" relativeResultsDirectory="bc58de65-ae83-44a6-a23e-c7fe2253ee01" /><UnitTestResult executionId="a51856bf-3b18-48b0-896b-eae2cd746eb4" testId="4bf0750b-4fdb-4b59-96b2-a195cad1625d" testName="JilTests.SerializeTests.StringsAndChars" computerName="SIEBL-4303-04" duration="00:00:00.0070000" startTime="2018-11-13T01:07:00.0660489-06:00" endTime="2018-11-13T01:07:00.0660489-06:00" testType="13cdc9d9-ddb5-4fa4-a97d-d965ccfc6d4b" outcome="Passed" testListId="8c84fa94-04c1-424b-9868-57a2d4851a1d" relativeResultsDirectory="a51856bf-3b18-48b0-896b-eae2cd746eb4" /><UnitTestResult executionId="4a15146f-447c-4a99-ba16-b3ea6e9be3a0" testId="87f0360f-c862-4f63-9749-c5ca0829938f" testName="JilTests.DeserializeDynamicTests.SignedSmallNumberTests" computerName="SIEBL-4303-04" duration="00:00:00.0980000" startTime="2018-11-13T01:06:53.5706638-06:00" endTime="2018-11-13T01:06:53.5706638-06:00" testType="13cdc9d9-ddb5-4fa4-a97d-d965ccfc6d4b" outcome="Passed" testListId="8c84fa94-04c1-424b-9868-57a2d4851a1d" relativeResultsDirectory="4a15146f-447c-4a99-ba16-b3ea6e9be3a0" /><UnitTestResult executionId="180ff4f2-4e00-4995-a74e-683b501674f5" testId="93f72f70-f243-42a8-823a-38695f5d04fa" testName="JilTests.SerializeTests.Issue150" computerName="SIEBL-4303-04" duration="00:00:00.1040000" startTime="2018-11-13T01:06:51.0292168-06:00" endTime="2018-11-13T01:06:51.0292168-06:00" testType="13cdc9d9-ddb5-4fa4-a97d-d965ccfc6d4b" outcome="Passed" testListId="8c84fa94-04c1-424b-9868-57a2d4851a1d" relativeResultsDirectory="180ff4f2-4e00-4995-a74e-683b501674f5" /><UnitTestResult executionId="a792ae95-aa94-4cf4-9667-a3c39c34f259" testId="8e89aff2-2de5-4940-9955-df8793afcb49" testName="JilTests.SerializeTests.Issue275" computerName="SIEBL-4303-04" duration="00:00:00.0540000" startTime="2018-11-13T01:06:50.3350544-06:00" endTime="2018-11-13T01:06:50.3350544-06:00" testType="13cdc9d9-ddb5-4fa4-a97d-d965ccfc6d4b" outcome="Passed" testListId="8c84fa94-04c1-424b-9868-57a2d4851a1d" relativeResultsDirectory="a792ae95-aa94-4cf4-9667-a3c39c34f259" /><UnitTestResult executionId="2846eae8-dda5-4534-8037-d5af94c11970" testId="0ffa3859-72ac-4e95-b463-c440e8464a27" testName="JilTests.SerializeTests.EnumMemberAttributeOverrideWithNoneFlags" computerName="SIEBL-4303-04" duration="00:00:00.0410000" startTime="2018-11-13T01:07:06.4960481-06:00" endTime="2018-11-13T01:07:06.4960481-06:00" testType="13cdc9d9-ddb5-4fa4-a97d-d965ccfc6d4b" outcome="Passed" testListId="8c84fa94-04c1-424b-9868-57a2d4851a1d" relativeResultsDirectory="2846eae8-dda5-4534-8037-d5af94c11970" /><UnitTestResult executionId="4c1f4f43-01b4-4763-92ae-c7e7dcfe096e" testId="c01a4742-5bfe-4e1f-9441-48fddb21078a" testName="JilTests.DynamicSerializationTests.ElasticExampleFailure" computerName="SIEBL-4303-04" duration="00:00:00.4930000" startTime="2018-11-13T01:06:50.8330974-06:00" endTime="2018-11-13T01:06:50.8330974-06:00" testType="13cdc9d9-ddb5-4fa4-a97d-d965ccfc6d4b" outcome="Passed" testListId="8c84fa94-04c1-424b-9868-57a2d4851a1d" relativeResultsDirectory="4c1f4f43-01b4-4763-92ae-c7e7dcfe096e" /><UnitTestResult executionId="04399871-cbd9-4042-b573-a5e0ee06f90f" testId="bc44fd95-7e44-4fae-83bb-44ed2686e8ed" testName="JilTests.DeserializeTests.Enums" computerName="SIEBL-4303-04" duration="00:00:00.0750000" startTime="2018-11-13T01:06:54.1712199-06:00" endTime="2018-11-13T01:06:54.1712199-06:00" testType="13cdc9d9-ddb5-4fa4-a97d-d965ccfc6d4b" outcome="Passed" testListId="8c84fa94-04c1-424b-9868-57a2d4851a1d" relativeResultsDirectory="04399871-cbd9-4042-b573-a5e0ee06f90f" /><UnitTestResult executionId="283dbe21-dd8b-4769-9125-7d7f8e69e31b" testId="f04b39d4-e8c3-4f9a-bbd0-d0eb557b5665" testName="JilTests.DeserializeDynamicTests.Issue143TimeSpan" computerName="SIEBL-4303-04" duration="00:00:00.0040000" startTime="2018-11-13T01:06:52.4328113-06:00" endTime="2018-11-13T01:06:52.4328113-06:00" testType="13cdc9d9-ddb5-4fa4-a97d-d965ccfc6d4b" outcome="Passed" testListId="8c84fa94-04c1-424b-9868-57a2d4851a1d" relativeResultsDirectory="283dbe21-dd8b-4769-9125-7d7f8e69e31b" /><UnitTestResult executionId="83cf96f4-0aaa-435d-ab6d-1d3f06780fac" testId="a78c2cfa-af7d-42b9-b56e-1e03dc7f3ddb" testName="JilTests.DeserializeTests.IReadOnlyDictionaryEnumKeys" computerName="SIEBL-4303-04" duration="00:00:00.4640000" startTime="2018-11-13T01:06:58.3740279-06:00" endTime="2018-11-13T01:06:58.3740279-06:00" testType="13cdc9d9-ddb5-4fa4-a97d-d965ccfc6d4b" outcome="Passed" testListId="8c84fa94-04c1-424b-9868-57a2d4851a1d" relativeResultsDirectory="83cf96f4-0aaa-435d-ab6d-1d3f06780fac" /><UnitTestResult executionId="209ce72a-5549-45c1-b4f3-3351153155b5" testId="ca551964-12ec-49ed-9d33-242dc79c5f59" testName="JilTests.DeserializeTests.MalformedISO8601(dateString: &quot;\&quot;0000\&quot;&quot;, expectedError: &quot;ISO8601 year 0000 cannot be converted to a DateTim&quot;...)" computerName="SIEBL-4303-04" duration="00:00:00.0010000" startTime="2018-11-13T01:06:49.6345870-06:00" endTime="2018-11-13T01:06:49.6345870-06:00" testType="13cdc9d9-ddb5-4fa4-a97d-d965ccfc6d4b" outcome="Passed" testListId="8c84fa94-04c1-424b-9868-57a2d4851a1d" relativeResultsDirectory="209ce72a-5549-45c1-b4f3-3351153155b5" /><UnitTestResult executionId="f3d36a2e-5a18-43ab-9568-1cdbbba378a3" testId="7a9bd937-5e9a-4e06-984d-e9be0729848b" testName="JilTests.DeserializeTests.MalformedISO8601(dateString: &quot;\&quot;1999-12-00\&quot;&quot;, expectedError: &quot;Expected day to be between 01 and 31&quot;)" computerName="SIEBL-4303-04" duration="00:00:00.0010000" startTime="2018-11-13T01:06:49.5865549-06:00" endTime="2018-11-13T01:06:49.5865549-06:00" testType="13cdc9d9-ddb5-4fa4-a97d-d965ccfc6d4b" outcome="Passed" testListId="8c84fa94-04c1-424b-9868-57a2d4851a1d" relativeResultsDirectory="f3d36a2e-5a18-43ab-9568-1cdbbba378a3" /><UnitTestResult executionId="dcc82fef-3c80-46e2-966d-bf3d1599bf91" testId="b4a18e51-6bf1-4c40-8993-4784b25080ba" testName="JilTests.SerializeTests.Issue231" computerName="SIEBL-4303-04" duration="00:00:00.0080000" startTime="2018-11-13T01:07:05.8702459-06:00" endTime="2018-11-13T01:07:05.8702459-06:00" testType="13cdc9d9-ddb5-4fa4-a97d-d965ccfc6d4b" outcome="Passed" testListId="8c84fa94-04c1-424b-9868-57a2d4851a1d" relativeResultsDirectory="dcc82fef-3c80-46e2-966d-bf3d1599bf91" /><UnitTestResult executionId="8b6698b8-4a41-4db4-9cc6-43afbc831d76" testId="f7fb8a51-c961-4f19-99b3-c511584a2a6e" testName="JilTests.SerializeTests.DiscriminantUnionsWithUnionType" computerName="SIEBL-4303-04" duration="00:00:05.4260000" startTime="2018-11-13T01:06:57.1159688-06:00" endTime="2018-11-13T01:06:57.1159688-06:00" testType="13cdc9d9-ddb5-4fa4-a97d-d965ccfc6d4b" outcome="Passed" testListId="8c84fa94-04c1-424b-9868-57a2d4851a1d" relativeResultsDirectory="8b6698b8-4a41-4db4-9cc6-43afbc831d76" /><UnitTestResult executionId="f14c4998-14f6-42b6-b9a3-c77c10ecbd63" testId="6d6478ad-8b8d-49da-95a2-dd163baa16fe" testName="JilTests.SerializeTests.DictionaryValueType" computerName="SIEBL-4303-04" duration="00:00:00.0760000" startTime="2018-11-13T01:06:57.6173012-06:00" endTime="2018-11-13T01:06:57.6173012-06:00" testType="13cdc9d9-ddb5-4fa4-a97d-d965ccfc6d4b" outcome="Passed" testListId="8c84fa94-04c1-424b-9868-57a2d4851a1d" relativeResultsDirectory="f14c4998-14f6-42b6-b9a3-c77c10ecbd63" /><UnitTestResult executionId="77e5f0c2-861f-42fe-a35b-4c414ce6d946" testId="b36903e0-1bc9-4cd1-abcd-208b6d7f703c" testName="JilTests.DeserializeTests.Interface" computerName="SIEBL-4303-04" duration="00:00:00.1120000" startTime="2018-11-13T01:06:54.2832937-06:00" endTime="2018-11-13T01:06:54.2832937-06:00" testType="13cdc9d9-ddb5-4fa4-a97d-d965ccfc6d4b" outcome="Passed" testListId="8c84fa94-04c1-424b-9868-57a2d4851a1d" relativeResultsDirectory="77e5f0c2-861f-42fe-a35b-4c414ce6d946" /><UnitTestResult executionId="dcaf8b90-0b08-4b70-85b1-7186ca8e944e" testId="977a73e0-4fdd-4eec-b02c-926bb0139a24" testName="JilTests.SerializeTests.UnspecifiedToLocal" computerName="SIEBL-4303-04" duration="00:00:00.0070000" startTime="2018-11-13T01:06:51.6774877-06:00" endTime="2018-11-13T01:06:51.6774877-06:00" testType="13cdc9d9-ddb5-4fa4-a97d-d965ccfc6d4b" outcome="Passed" testListId="8c84fa94-04c1-424b-9868-57a2d4851a1d" relativeResultsDirectory="dcaf8b90-0b08-4b70-85b1-7186ca8e944e" /><UnitTestResult executionId="890a7d1e-4cae-4c5b-955a-2a0861f261e2" testId="680ebf4f-f069-47c0-9f49-f6a64a6a312a" testName="JilTests.DeserializeTests.CaseInsensitiveEnums" computerName="SIEBL-4303-04" duration="00:00:00.0740000" startTime="2018-11-13T01:07:00.7891697-06:00" endTime="2018-11-13T01:07:00.7891697-06:00" testType="13cdc9d9-ddb5-4fa4-a97d-d965ccfc6d4b" outcome="Passed" testListId="8c84fa94-04c1-424b-9868-57a2d4851a1d" relativeResultsDirectory="890a7d1e-4cae-4c5b-955a-2a0861f261e2" /><UnitTestResult executionId="396cea0c-8973-447f-8eb0-36860bb33865" testId="14692031-741c-4485-8141-7ad690b4ce95" testName="JilTests.DeserializeTests.ILists" computerName="SIEBL-4303-04" duration="00:00:00.1870000" startTime="2018-11-13T01:06:58.5610954-06:00" endTime="2018-11-13T01:06:58.5610954-06:00" testType="13cdc9d9-ddb5-4fa4-a97d-d965ccfc6d4b" outcome="Passed" testListId="8c84fa94-04c1-424b-9868-57a2d4851a1d" relativeResultsDirectory="396cea0c-8973-447f-8eb0-36860bb33865" /><UnitTestResult executionId="14b56480-42f5-45a1-b2ae-00eeb364323c" testId="8cfa03f5-d0d3-46e4-99cc-f0fc9d1bc160" testName="JilTests.SerializeTests.MicrosoftDateTimeOffsets" computerName="SIEBL-4303-04" duration="00:00:00.0020000" startTime="2018-11-13T01:07:02.1799971-06:00" endTime="2018-11-13T01:07:02.1799971-06:00" testType="13cdc9d9-ddb5-4fa4-a97d-d965ccfc6d4b" outcome="Passed" testListId="8c84fa94-04c1-424b-9868-57a2d4851a1d" relativeResultsDirectory="14b56480-42f5-45a1-b2ae-00eeb364323c" /><UnitTestResult executionId="2cdd737d-6f15-4549-b225-aa35cbe235e4" testId="3f39cfeb-f28d-4c27-83a4-0177d042ea5e" testName="JilTests.UtilsTests.ConstantFields" computerName="SIEBL-4303-04" duration="00:00:00.0040000" startTime="2018-11-13T01:06:49.4524654-06:00" endTime="2018-11-13T01:06:49.4524654-06:00" testType="13cdc9d9-ddb5-4fa4-a97d-d965ccfc6d4b" outcome="Passed" testListId="8c84fa94-04c1-424b-9868-57a2d4851a1d" relativeResultsDirectory="2cdd737d-6f15-4549-b225-aa35cbe235e4" /><UnitTestResult executionId="62e1fbc6-3a8f-49e9-a5bf-ae5720a2b043" testId="37cd614b-0f8b-4802-bfcf-2a1da189aa06" testName="JilTests.DeserializeTests.Decimals" computerName="SIEBL-4303-04" duration="00:00:00.0180000" startTime="2018-11-13T01:06:55.4583958-06:00" endTime="2018-11-13T01:06:55.4583958-06:00" testType="13cdc9d9-ddb5-4fa4-a97d-d965ccfc6d4b" outcome="Passed" testListId="8c84fa94-04c1-424b-9868-57a2d4851a1d" relativeResultsDirectory="62e1fbc6-3a8f-49e9-a5bf-ae5720a2b043" /><UnitTestResult executionId="fce1de9e-60ef-4bb3-882c-6fb53af82113" testId="d76313d9-3ea8-4ff1-948a-cacc1e146b56" testName="JilTests.DeserializeDynamicTests.MicrosoftDateTimesWithTimeZones" computerName="SIEBL-4303-04" duration="00:00:02.1550000" startTime="2018-11-13T01:06:52.1051767-06:00" endTime="2018-11-13T01:06:52.1051767-06:00" testType="13cdc9d9-ddb5-4fa4-a97d-d965ccfc6d4b" outcome="Passed" testListId="8c84fa94-04c1-424b-9868-57a2d4851a1d" relativeResultsDirectory="fce1de9e-60ef-4bb3-882c-6fb53af82113" /><UnitTestResult executionId="9d7bc750-2b1d-4103-a388-477842b9e9a5" testId="b3255743-2e16-4c01-bbf2-0aa2b66f8387" testName="JilTests.SerializeTests.Issue272" computerName="SIEBL-4303-04" duration="00:00:00.0250000" startTime="2018-11-13T01:06:51.0572346-06:00" endTime="2018-11-13T01:06:51.0572346-06:00" testType="13cdc9d9-ddb5-4fa4-a97d-d965ccfc6d4b" outcome="Passed" testListId="8c84fa94-04c1-424b-9868-57a2d4851a1d" relativeResultsDirectory="9d7bc750-2b1d-4103-a388-477842b9e9a5" /><UnitTestResult executionId="e0f2d395-3921-437c-9cad-f3b2e3976f94" testId="03cf2f41-a694-47c5-b9bb-16c8d1f5dce0" testName="JilTests.DeserializeTests.MalformedISO8601(dateString: &quot;\&quot;1999W1\&quot;&quot;, expectedError: &quot;Unexpected date string length&quot;)" computerName="SIEBL-4303-04" duration="00:00:00.0010000" startTime="2018-11-13T01:06:49.6035666-06:00" endTime="2018-11-13T01:06:49.6035666-06:00" testType="13cdc9d9-ddb5-4fa4-a97d-d965ccfc6d4b" outcome="Passed" testListId="8c84fa94-04c1-424b-9868-57a2d4851a1d" relativeResultsDirectory="e0f2d395-3921-437c-9cad-f3b2e3976f94" /><UnitTestResult executionId="8b65c40b-acf0-400d-9e62-77dec84a0688" testId="96e21a51-7cb5-42fb-afc8-d1690d92f744" testName="JilTests.DeserializeTests.ParseISO8601" computerName="SIEBL-4303-04" duration="00:00:00.0130000" startTime="2018-11-13T01:06:56.0365146-06:00" endTime="2018-11-13T01:06:56.0365146-06:00" testType="13cdc9d9-ddb5-4fa4-a97d-d965ccfc6d4b" outcome="Passed" testListId="8c84fa94-04c1-424b-9868-57a2d4851a1d" relativeResultsDirectory="8b65c40b-acf0-400d-9e62-77dec84a0688" /><UnitTestResult executionId="499c1930-867d-4e2a-94d9-83c05cfb8568" testId="3f6629be-b90e-48e5-b101-f98f77dd8476" testName="JilTests.DeserializeTests.DeserializeNonGeneric" computerName="SIEBL-4303-04" duration="00:00:00.1260000" startTime="2018-11-13T01:06:55.8954216-06:00" endTime="2018-11-13T01:06:55.8954216-06:00" testType="13cdc9d9-ddb5-4fa4-a97d-d965ccfc6d4b" outcome="Passed" testListId="8c84fa94-04c1-424b-9868-57a2d4851a1d" relativeResultsDirectory="499c1930-867d-4e2a-94d9-83c05cfb8568" /><UnitTestResult executionId="1bc87264-fde5-4efc-aea1-f1e9007d3871" testId="d5c57e23-4901-43ce-9c64-2e62aab133b9" testName="JilTests.DeserializeTests.IllegalUTF16Char" computerName="SIEBL-4303-04" duration="00:00:00.0010000" startTime="2018-11-13T01:06:54.3483371-06:00" endTime="2018-11-13T01:06:54.3483371-06:00" testType="13cdc9d9-ddb5-4fa4-a97d-d965ccfc6d4b" outcome="Passed" testListId="8c84fa94-04c1-424b-9868-57a2d4851a1d" relativeResultsDirectory="1bc87264-fde5-4efc-aea1-f1e9007d3871" /><UnitTestResult executionId="c25e7465-7df1-4077-a38f-2f09cebf108d" testId="62f65ea1-e80a-4fd5-8507-60ecd66e6eef" testName="JilTests.SerializeTests.DateTimeFormats" computerName="SIEBL-4303-04" duration="00:00:00.0300000" startTime="2018-11-13T01:06:57.5292434-06:00" endTime="2018-11-13T01:06:57.5292434-06:00" testType="13cdc9d9-ddb5-4fa4-a97d-d965ccfc6d4b" outcome="Passed" testListId="8c84fa94-04c1-424b-9868-57a2d4851a1d" relativeResultsDirectory="c25e7465-7df1-4077-a38f-2f09cebf108d" /><UnitTestResult executionId="15aff43f-b1f4-47a4-947d-8201ffe8c09f" testId="3e4956a4-4383-4b7a-a6f3-78b80adba082" testName="JilTests.DeserializeTests.MalformedISO8601(dateString: &quot;\&quot;1999-W1\&quot;&quot;, expectedError: &quot;Unexpected date string length&quot;)" computerName="SIEBL-4303-04" duration="00:00:00.0010000" startTime="2018-11-13T01:06:49.5455275-06:00" endTime="2018-11-13T01:06:49.5455275-06:00" testType="13cdc9d9-ddb5-4fa4-a97d-d965ccfc6d4b" outcome="Passed" testListId="8c84fa94-04c1-424b-9868-57a2d4851a1d" relativeResultsDirectory="15aff43f-b1f4-47a4-947d-8201ffe8c09f" /><UnitTestResult executionId="2e042c70-6100-4bbe-ac23-ed861c7448f4" testId="448d3124-10fe-4a53-91b7-1588ff693f2a" testName="JilTests.DeserializeTests.MalformedISO8601(dateString: &quot;\&quot;1900-01-01T\&quot;&quot;, expectedError: &quot;ISO8601 time must begin with a 2 character hour&quot;)" computerName="SIEBL-4303-04" duration="00:00:00.0010000" startTime="2018-11-13T01:06:49.5685429-06:00" endTime="2018-11-13T01:06:49.5685429-06:00" testType="13cdc9d9-ddb5-4fa4-a97d-d965ccfc6d4b" outcome="Passed" testListId="8c84fa94-04c1-424b-9868-57a2d4851a1d" relativeResultsDirectory="2e042c70-6100-4bbe-ac23-ed861c7448f4" /><UnitTestResult executionId="25faa3de-02a5-47e1-8081-44153f8b8862" testId="c8f7e94f-0586-401b-8480-aa01b7962672" testName="JilTests.SerializeTests.DoubleWeirdCulture" computerName="SIEBL-4303-04" duration="00:00:00.0490000" startTime="2018-11-13T01:06:57.2980900-06:00" endTime="2018-11-13T01:06:57.2980900-06:00" testType="13cdc9d9-ddb5-4fa4-a97d-d965ccfc6d4b" outcome="Passed" testListId="8c84fa94-04c1-424b-9868-57a2d4851a1d" relativeResultsDirectory="25faa3de-02a5-47e1-8081-44153f8b8862" /><UnitTestResult executionId="3c12ed29-08ec-4815-b7cd-5de64daf85d9" testId="44cfe14e-455a-42e2-8276-77645f031b92" testName="JilTests.SerializeTests.Issue151" computerName="SIEBL-4303-04" duration="00:00:00.0040000" startTime="2018-11-13T01:07:03.5621066-06:00" endTime="2018-11-13T01:07:03.5621066-06:00" testType="13cdc9d9-ddb5-4fa4-a97d-d965ccfc6d4b" outcome="Passed" testListId="8c84fa94-04c1-424b-9868-57a2d4851a1d" relativeResultsDirectory="3c12ed29-08ec-4815-b7cd-5de64daf85d9" /><UnitTestResult executionId="9b95701f-471a-47c2-9f12-bd0483a7ef80" testId="5b465565-5ff3-45d3-94cf-4d0faa0ca76f" testName="JilTests.DeserializeTests.Strings" computerName="SIEBL-4303-04" duration="00:00:00.0640000" startTime="2018-11-13T01:06:56.0235068-06:00" endTime="2018-11-13T01:06:56.0235068-06:00" testType="13cdc9d9-ddb5-4fa4-a97d-d965ccfc6d4b" outcome="Passed" testListId="8c84fa94-04c1-424b-9868-57a2d4851a1d" relativeResultsDirectory="9b95701f-471a-47c2-9f12-bd0483a7ef80" /><UnitTestResult executionId="e9141592-f4f1-4df9-9d41-a3e78bf02389" testId="5c4cd030-86db-4135-b58b-3fc8a5fd804b" testName="JilTests.DynamicSerializationTests.MicrosoftTimeSpans" computerName="SIEBL-4303-04" duration="00:00:00.0100000" startTime="2018-11-13T01:06:51.8229893-06:00" endTime="2018-11-13T01:06:51.8229893-06:00" testType="13cdc9d9-ddb5-4fa4-a97d-d965ccfc6d4b" outcome="Passed" testListId="8c84fa94-04c1-424b-9868-57a2d4851a1d" relativeResultsDirectory="e9141592-f4f1-4df9-9d41-a3e78bf02389" /><UnitTestResult executionId="acf0f22c-3ab7-45ae-85e2-dd8beaae7796" testId="230e66c6-a3ac-4bd2-af74-f68a4832b1bb" testName="JilTests.DeserializeTests.SecondDateTimes" computerName="SIEBL-4303-04" duration="00:00:00.0050000" startTime="2018-11-13T01:07:00.9949146-06:00" endTime="2018-11-13T01:07:00.9949146-06:00" testType="13cdc9d9-ddb5-4fa4-a97d-d965ccfc6d4b" outcome="Passed" testListId="8c84fa94-04c1-424b-9868-57a2d4851a1d" relativeResultsDirectory="acf0f22c-3ab7-45ae-85e2-dd8beaae7796" /><UnitTestResult executionId="f8304a1b-cef9-41f4-8431-04071679153a" testId="c7f857f8-5539-4cd7-8ef9-44c23402bd1f" testName="JilTests.SerializeTests.PrettyPrint" computerName="SIEBL-4303-04" duration="00:00:00.2440000" startTime="2018-11-13T01:07:03.3679774-06:00" endTime="2018-11-13T01:07:03.3679774-06:00" testType="13cdc9d9-ddb5-4fa4-a97d-d965ccfc6d4b" outcome="Passed" testListId="8c84fa94-04c1-424b-9868-57a2d4851a1d" relativeResultsDirectory="f8304a1b-cef9-41f4-8431-04071679153a" /><UnitTestResult executionId="3d49dbef-269a-49a2-b505-ca10e81431d5" testId="7395a20c-0cb9-44d0-af3b-3a1fc68565b1" testName="JilTests.DeserializeTests.IReadOnlyLists" computerName="SIEBL-4303-04" duration="00:00:00.1940000" startTime="2018-11-13T01:06:55.7703373-06:00" endTime="2018-11-13T01:06:55.7703373-06:00" testType="13cdc9d9-ddb5-4fa4-a97d-d965ccfc6d4b" outcome="Passed" testListId="8c84fa94-04c1-424b-9868-57a2d4851a1d" relativeResultsDirectory="3d49dbef-269a-49a2-b505-ca10e81431d5" /><UnitTestResult executionId="2418b246-2c8a-4a05-a060-586fdde6daff" testId="8d9af8a8-46af-4a0f-a4fd-802b13f33d58" testName="JilTests.SerializeTests.Issue159" computerName="SIEBL-4303-04" duration="00:00:00.1200000" startTime="2018-11-13T01:06:50.2269822-06:00" endTime="2018-11-13T01:06:50.2269822-06:00" testType="13cdc9d9-ddb5-4fa4-a97d-d965ccfc6d4b" outcome="Passed" testListId="8c84fa94-04c1-424b-9868-57a2d4851a1d" relativeResultsDirectory="2418b246-2c8a-4a05-a060-586fdde6daff" /><UnitTestResult executionId="8fec151a-992e-4e35-9f94-8b3644a67dc9" testId="281dfe1a-7cac-4738-b78e-fab5f4e81867" testName="JilTests.DeserializeTests.NonDiscriminantUnion" computerName="SIEBL-4303-04" duration="00:00:00.0270000" startTime="2018-11-13T01:07:02.0889360-06:00" endTime="2018-11-13T01:07:02.0889360-06:00" testType="13cdc9d9-ddb5-4fa4-a97d-d965ccfc6d4b" outcome="Passed" testListId="8c84fa94-04c1-424b-9868-57a2d4851a1d" relativeResultsDirectory="8fec151a-992e-4e35-9f94-8b3644a67dc9" /><UnitTestResult executionId="dfac3540-7cb1-40a6-b87a-deb54fc427a9" testId="6436278a-15eb-454e-aa67-27dd041d6bdd" testName="JilTests.DeserializeTests.Dictionaries" computerName="SIEBL-4303-04" duration="00:00:00.3250000" startTime="2018-11-13T01:07:00.3638488-06:00" endTime="2018-11-13T01:07:00.3638488-06:00" testType="13cdc9d9-ddb5-4fa4-a97d-d965ccfc6d4b" outcome="Passed" testListId="8c84fa94-04c1-424b-9868-57a2d4851a1d" relativeResultsDirectory="dfac3540-7cb1-40a6-b87a-deb54fc427a9" /><UnitTestResult executionId="c4ac4e89-258c-4927-aaea-bc511053e1a6" testId="61ca98d7-722a-4b15-bdc8-3116bfc34d88" testName="JilTests.DeserializeTests.Issue117_Double" computerName="SIEBL-4303-04" duration="00:00:00.0040000" startTime="2018-11-13T01:07:08.4123270-06:00" endTime="2018-11-13T01:07:08.4123270-06:00" testType="13cdc9d9-ddb5-4fa4-a97d-d965ccfc6d4b" outcome="Passed" testListId="8c84fa94-04c1-424b-9868-57a2d4851a1d" relativeResultsDirectory="c4ac4e89-258c-4927-aaea-bc511053e1a6" /><UnitTestResult executionId="acf6e6e5-007f-42e6-a621-c9af416c0e0b" testId="a5194eb2-cc5f-487d-99ac-424d7ce7cf81" testName="JilTests.SerializeTests.EnumVariations" computerName="SIEBL-4303-04" duration="00:00:02.2580000" startTime="2018-11-13T01:06:59.9239550-06:00" endTime="2018-11-13T01:06:59.9239550-06:00" testType="13cdc9d9-ddb5-4fa4-a97d-d965ccfc6d4b" outcome="Passed" testListId="8c84fa94-04c1-424b-9868-57a2d4851a1d" relativeResultsDirectory="acf6e6e5-007f-42e6-a621-c9af416c0e0b" /><UnitTestResult executionId="6ba4cc2b-5b11-4075-a218-d626aa3b0f19" testId="33f0109e-bdd4-42b1-82b9-0b0bf3fdccdc" testName="JilTests.SerializeTests.DiscriminantUnionWithoutUnionType" computerName="SIEBL-4303-04" duration="00:00:00.2300000" startTime="2018-11-13T01:07:01.9766526-06:00" endTime="2018-11-13T01:07:01.9766526-06:00" testType="13cdc9d9-ddb5-4fa4-a97d-d965ccfc6d4b" outcome="Passed" testListId="8c84fa94-04c1-424b-9868-57a2d4851a1d" relativeResultsDirectory="6ba4cc2b-5b11-4075-a218-d626aa3b0f19" /><UnitTestResult executionId="135bcb6d-2a71-4af0-9da9-9b8f7a36beba" testId="8d7d2259-077d-47e5-b613-51861cf6085d" testName="JilTests.DeserializeTests.Ints" computerName="SIEBL-4303-04" duration="00:00:00.0010000" startTime="2018-11-13T01:06:54.0981705-06:00" endTime="2018-11-13T01:06:54.0981705-06:00" testType="13cdc9d9-ddb5-4fa4-a97d-d965ccfc6d4b" outcome="Passed" testListId="8c84fa94-04c1-424b-9868-57a2d4851a1d" relativeResultsDirectory="135bcb6d-2a71-4af0-9da9-9b8f7a36beba" /><UnitTestResult executionId="c38d089a-07d7-4e4a-aa7b-22aafb9a0d2f" testId="8a771b5f-7038-48a3-995f-1ae3b57926ba" testName="JilTests.DeserializeTests.ULongs" computerName="SIEBL-4303-04" duration="00:00:00.0130000" startTime="2018-11-13T01:06:52.1141821-06:00" endTime="2018-11-13T01:06:52.1141821-06:00" testType="13cdc9d9-ddb5-4fa4-a97d-d965ccfc6d4b" outcome="Passed" testListId="8c84fa94-04c1-424b-9868-57a2d4851a1d" relativeResultsDirectory="c38d089a-07d7-4e4a-aa7b-22aafb9a0d2f" /><UnitTestResult executionId="8ed730c7-aa6a-46e0-974f-805d25dba2fe" testId="65abf4a9-3816-4614-b81a-017923b37140" testName="JilTests.DynamicSerializationTests.HeterogenousCollection" computerName="SIEBL-4303-04" duration="00:00:00.0080000" startTime="2018-11-13T01:06:51.0312181-06:00" endTime="2018-11-13T01:06:51.0312181-06:00" testType="13cdc9d9-ddb5-4fa4-a97d-d965ccfc6d4b" outcome="Passed" testListId="8c84fa94-04c1-424b-9868-57a2d4851a1d" relativeResultsDirectory="8ed730c7-aa6a-46e0-974f-805d25dba2fe" /><UnitTestResult executionId="94a162e1-9295-4792-a45d-33c105969cb6" testId="74df7bf9-087d-419d-b62b-aa716c4ff05f" testName="JilTests.DeserializeTests.Issue150" computerName="SIEBL-4303-04" duration="00:00:00.7350000" startTime="2018-11-13T01:06:57.8084067-06:00" endTime="2018-11-13T01:06:57.8084067-06:00" testType="13cdc9d9-ddb5-4fa4-a97d-d965ccfc6d4b" outcome="Passed" testListId="8c84fa94-04c1-424b-9868-57a2d4851a1d" relativeResultsDirectory="94a162e1-9295-4792-a45d-33c105969cb6" /><UnitTestResult executionId="41ae8d6d-c4d2-45d2-ac7d-babaadcd2f2a" testId="523c3e08-f7b5-41d0-903a-25d1144e6e0c" testName="JilTests.DeserializeDynamicTests.Issue117(input: &quot;1.&quot;, expectedError: &quot;Expected digit&quot;)" computerName="SIEBL-4303-04" duration="00:00:00.0010000" startTime="2018-11-13T01:06:49.9738133-06:00" endTime="2018-11-13T01:06:49.9738133-06:00" testType="13cdc9d9-ddb5-4fa4-a97d-d965ccfc6d4b" outcome="Passed" testListId="8c84fa94-04c1-424b-9868-57a2d4851a1d" relativeResultsDirectory="41ae8d6d-c4d2-45d2-ac7d-babaadcd2f2a" /><UnitTestResult executionId="ec94de99-c4da-434b-9b58-7897faf63e0a" testId="ba382c00-5229-4201-964d-7b20914b5741" testName="JilTests.DeserializeTests.Doubles" computerName="SIEBL-4303-04" duration="00:00:00.0170000" startTime="2018-11-13T01:06:55.3132990-06:00" endTime="2018-11-13T01:06:55.3132990-06:00" testType="13cdc9d9-ddb5-4fa4-a97d-d965ccfc6d4b" outcome="Passed" testListId="8c84fa94-04c1-424b-9868-57a2d4851a1d" relativeResultsDirectory="ec94de99-c4da-434b-9b58-7897faf63e0a" /><UnitTestResult executionId="b363836a-4040-46d4-955f-cdf38bb7de42" testId="3f846d0b-261e-429c-be83-3cb79c2c13ed" testName="JilTests.DeserializeTests.Issue117_UShort" computerName="SIEBL-4303-04" duration="00:00:00.0030000" startTime="2018-11-13T01:07:08.3572906-06:00" endTime="2018-11-13T01:07:08.3572906-06:00" testType="13cdc9d9-ddb5-4fa4-a97d-d965ccfc6d4b" outcome="Passed" testListId="8c84fa94-04c1-424b-9868-57a2d4851a1d" relativeResultsDirectory="b363836a-4040-46d4-955f-cdf38bb7de42" /><UnitTestResult executionId="d82e5556-4100-4248-90d2-dd3265e72511" testId="d8ccff14-14f0-4ed3-9a6e-ff5e55e89cc2" testName="JilTests.DeserializeTests.DynamicMembers" computerName="SIEBL-4303-04" duration="00:00:00.0490000" startTime="2018-11-13T01:06:52.1021744-06:00" endTime="2018-11-13T01:06:52.1021744-06:00" testType="13cdc9d9-ddb5-4fa4-a97d-d965ccfc6d4b" outcome="Passed" testListId="8c84fa94-04c1-424b-9868-57a2d4851a1d" relativeResultsDirectory="d82e5556-4100-4248-90d2-dd3265e72511" /><UnitTestResult executionId="ea0d5b17-8c29-4c6e-ba19-db32d44fc6e8" testId="3581ae29-6fb8-4af0-946c-ddf9ed857a62" testName="JilTests.DeserializeTests.BadPrimitiveWrapper" computerName="SIEBL-4303-04" duration="00:00:00.0040000" startTime="2018-11-13T01:07:04.3066034-06:00" endTime="2018-11-13T01:07:04.3066034-06:00" testType="13cdc9d9-ddb5-4fa4-a97d-d965ccfc6d4b" outcome="Passed" testListId="8c84fa94-04c1-424b-9868-57a2d4851a1d" relativeResultsDirectory="ea0d5b17-8c29-4c6e-ba19-db32d44fc6e8" /><UnitTestResult executionId="1fdc60dd-5597-4328-9c9f-bb4bf539c972" testId="3abc06da-bda0-4d09-971f-80362cd98daf" testName="JilTests.DeserializeTests.MalformedISO8601(dateString: &quot;\&quot;1900366\&quot;&quot;, expectedError: &quot;Ordinal day can only be 366 in a leap year&quot;)" computerName="SIEBL-4303-04" duration="00:00:00.0010000" startTime="2018-11-13T01:06:49.6075689-06:00" endTime="2018-11-13T01:06:49.6075689-06:00" testType="13cdc9d9-ddb5-4fa4-a97d-d965ccfc6d4b" outcome="Passed" testListId="8c84fa94-04c1-424b-9868-57a2d4851a1d" relativeResultsDirectory="1fdc60dd-5597-4328-9c9f-bb4bf539c972" /><UnitTestResult executionId="926cb077-6910-49b7-942d-74dcfac1dc32" testId="e0fcee64-5615-4e0c-b685-10c3b0bd0579" testName="JilTests.DeserializeDynamicTests.Issue117(input: &quot;12.&quot;, expectedError: &quot;Expected digit&quot;)" computerName="SIEBL-4303-04" duration="00:00:00.0010000" startTime="2018-11-13T01:06:49.9808180-06:00" endTime="2018-11-13T01:06:49.9808180-06:00" testType="13cdc9d9-ddb5-4fa4-a97d-d965ccfc6d4b" outcome="Passed" testListId="8c84fa94-04c1-424b-9868-57a2d4851a1d" relativeResultsDirectory="926cb077-6910-49b7-942d-74dcfac1dc32" /><UnitTestResult executionId="978c0033-3fe5-484e-a9fa-557134511714" testId="37ff3d1a-04b1-42c4-9172-e3bf8012fcbb" testName="JilTests.DeserializeTests.Issue25" computerName="SIEBL-4303-04" duration="00:00:00.1410000" startTime="2018-11-13T01:06:52.0521407-06:00" endTime="2018-11-13T01:06:52.0521407-06:00" testType="13cdc9d9-ddb5-4fa4-a97d-d965ccfc6d4b" outcome="Passed" testListId="8c84fa94-04c1-424b-9868-57a2d4851a1d" relativeResultsDirectory="978c0033-3fe5-484e-a9fa-557134511714" /><UnitTestResult executionId="d2fcea85-04fb-45f8-863b-f0e68b31ef39" testId="a4d52db0-dc6f-4d1a-864a-a07a984de361" testName="JilTests.SerializeTests.Guids" computerName="SIEBL-4303-04" duration="00:00:00.1900000" startTime="2018-11-13T01:07:03.5581040-06:00" endTime="2018-11-13T01:07:03.5581040-06:00" testType="13cdc9d9-ddb5-4fa4-a97d-d965ccfc6d4b" outcome="Passed" testListId="8c84fa94-04c1-424b-9868-57a2d4851a1d" relativeResultsDirectory="d2fcea85-04fb-45f8-863b-f0e68b31ef39" /><UnitTestResult executionId="b422a6ba-9a84-48c6-8ce6-aaef3b8fed16" testId="8b67c45e-a943-4a3e-a688-c71057c66d70" testName="JilTests.SerializeTests.Issue53" computerName="SIEBL-4303-04" duration="00:00:00.0030000" startTime="2018-11-13T01:06:57.2480566-06:00" endTime="2018-11-13T01:06:57.2480566-06:00" testType="13cdc9d9-ddb5-4fa4-a97d-d965ccfc6d4b" outcome="Passed" testListId="8c84fa94-04c1-424b-9868-57a2d4851a1d" relativeResultsDirectory="b422a6ba-9a84-48c6-8ce6-aaef3b8fed16" /><UnitTestResult executionId="89e0ceda-0236-486c-b4be-76b16585b5a3" testId="6a4c91a1-3aad-47ac-85ff-2ff4e7eb81da" testName="JilTests.DynamicSerializationTests.MillsecondsTimeSpans" computerName="SIEBL-4303-04" duration="00:00:00.0110000" startTime="2018-11-13T01:06:51.0532313-06:00" endTime="2018-11-13T01:06:51.0532313-06:00" testType="13cdc9d9-ddb5-4fa4-a97d-d965ccfc6d4b" outcome="Passed" testListId="8c84fa94-04c1-424b-9868-57a2d4851a1d" relativeResultsDirectory="89e0ceda-0236-486c-b4be-76b16585b5a3" /><UnitTestResult executionId="bc2eea57-bcbe-4b52-8510-2f510ba181dc" testId="747cf65c-d076-47c3-b907-4983a949e8f0" testName="JilTests.UtilsTests.FindRecursiveTypes" computerName="SIEBL-4303-04" duration="00:00:00.0010000" startTime="2018-11-13T01:06:50.4732443-06:00" endTime="2018-11-13T01:06:50.4732443-06:00" testType="13cdc9d9-ddb5-4fa4-a97d-d965ccfc6d4b" outcome="Passed" testListId="8c84fa94-04c1-424b-9868-57a2d4851a1d" relativeResultsDirectory="bc2eea57-bcbe-4b52-8510-2f510ba181dc" /><UnitTestResult executionId="e834c10a-9ea2-4da1-852f-d28c3c24ae06" testId="f8eaf25b-e692-4923-b6c3-a3dd5cde6518" testName="JilTests.DeserializeTests.MalformedISO8601(dateString: &quot;\&quot;1900-000\&quot;&quot;, expectedError: &quot;Expected ordinal day to be between 001 and 366&quot;)" computerName="SIEBL-4303-04" duration="00:00:00.0010000" startTime="2018-11-13T01:06:49.6125723-06:00" endTime="2018-11-13T01:06:49.6125723-06:00" testType="13cdc9d9-ddb5-4fa4-a97d-d965ccfc6d4b" outcome="Passed" testListId="8c84fa94-04c1-424b-9868-57a2d4851a1d" relativeResultsDirectory="e834c10a-9ea2-4da1-852f-d28c3c24ae06" /><UnitTestResult executionId="fbf947f7-1b57-443b-93e4-9f1ca919d373" testId="cbda9aff-54f5-4a50-9c59-771cdec1d9eb" testName="JilTests.DeserializeTests.SystemObject" computerName="SIEBL-4303-04" duration="00:00:00.0010000" startTime="2018-11-13T01:06:54.3463358-06:00" endTime="2018-11-13T01:06:54.3463358-06:00" testType="13cdc9d9-ddb5-4fa4-a97d-d965ccfc6d4b" outcome="Passed" testListId="8c84fa94-04c1-424b-9868-57a2d4851a1d" relativeResultsDirectory="fbf947f7-1b57-443b-93e4-9f1ca919d373" /><UnitTestResult executionId="f5a326f7-90c8-413b-93a2-2c487649c5bb" testId="b589112f-4425-4f2a-95df-9005018bcefe" testName="JilTests.DeserializeTests.MalformedISO8601(dateString: &quot;\&quot;1900-01-01+00:30\&quot;&quot;, expectedError: &quot;Unexpected date string length&quot;)" computerName="SIEBL-4303-04" duration="00:00:00.0010000" startTime="2018-11-13T01:06:49.5495311-06:00" endTime="2018-11-13T01:06:49.5495311-06:00" testType="13cdc9d9-ddb5-4fa4-a97d-d965ccfc6d4b" outcome="Passed" testListId="8c84fa94-04c1-424b-9868-57a2d4851a1d" relativeResultsDirectory="f5a326f7-90c8-413b-93a2-2c487649c5bb" /><UnitTestResult executionId="35ba8d82-fb2f-41c3-9166-48ad2747cfd0" testId="a30b8d55-9643-4e8a-9c47-3d0d96c4a25c" testName="JilTests.DeserializeDynamicTests.Issue117(input: &quot;-12.&quot;, expectedError: &quot;Expected digit&quot;)" computerName="SIEBL-4303-04" duration="00:00:00.0010000" startTime="2018-11-13T01:06:49.9678093-06:00" endTime="2018-11-13T01:06:49.9678093-06:00" testType="13cdc9d9-ddb5-4fa4-a97d-d965ccfc6d4b" outcome="Passed" testListId="8c84fa94-04c1-424b-9868-57a2d4851a1d" relativeResultsDirectory="35ba8d82-fb2f-41c3-9166-48ad2747cfd0" /><UnitTestResult executionId="a6b98b36-66ae-4668-9096-b4ef5df0c2b4" testId="94d49617-70b8-4e80-b72a-5aefc809c604" testName="JilTests.DeserializeTests.BadFloat(input: &quot;1.2E10E10&quot;, expectedSnippetAfter: &quot;E10&quot;)" computerName="SIEBL-4303-04" duration="00:00:00.0010000" startTime="2018-11-13T01:07:00.7181220-06:00" endTime="2018-11-13T01:07:00.7181220-06:00" testType="13cdc9d9-ddb5-4fa4-a97d-d965ccfc6d4b" outcome="Passed" testListId="8c84fa94-04c1-424b-9868-57a2d4851a1d" relativeResultsDirectory="a6b98b36-66ae-4668-9096-b4ef5df0c2b4" /><UnitTestResult executionId="75cbde54-286a-4c9d-8c21-13ec445365c3" testId="21df7d56-1e99-4af0-a6d5-4b80d88fc64e" testName="JilTests.DeserializeTests.ISO8601TimeSpan_YearsMonth" computerName="SIEBL-4303-04" duration="00:00:00.0020000" startTime="2018-11-13T01:07:04.4256835-06:00" endTime="2018-11-13T01:07:04.4256835-06:00" testType="13cdc9d9-ddb5-4fa4-a97d-d965ccfc6d4b" outcome="Passed" testListId="8c84fa94-04c1-424b-9868-57a2d4851a1d" relativeResultsDirectory="75cbde54-286a-4c9d-8c21-13ec445365c3" /><UnitTestResult executionId="7632ca03-705e-4f28-9b3e-06e2fa6901bd" testId="71c19f19-184c-4eeb-b15d-6f967f886b50" testName="JilTests.DeserializeTests.BadDouble(input: &quot;1.2E10E10&quot;, expectedSnippetAfter: &quot;E10&quot;)" computerName="SIEBL-4303-04" duration="00:00:00.0010000" startTime="2018-11-13T01:07:06.6671622-06:00" endTime="2018-11-13T01:07:06.6671622-06:00" testType="13cdc9d9-ddb5-4fa4-a97d-d965ccfc6d4b" outcome="Passed" testListId="8c84fa94-04c1-424b-9868-57a2d4851a1d" relativeResultsDirectory="7632ca03-705e-4f28-9b3e-06e2fa6901bd" /><UnitTestResult executionId="3bcf9d1f-f5b6-4ba0-8b1f-ffed6f70b6a1" testId="900281b0-e503-4f23-a5ac-8b14e796903e" testName="JilTests.SerializeTests.BadPrimitiveWrapper" computerName="SIEBL-4303-04" duration="00:00:00.0060000" startTime="2018-11-13T01:06:50.9131390-06:00" endTime="2018-11-13T01:06:50.9131390-06:00" testType="13cdc9d9-ddb5-4fa4-a97d-d965ccfc6d4b" outcome="Passed" testListId="8c84fa94-04c1-424b-9868-57a2d4851a1d" relativeResultsDirectory="3bcf9d1f-f5b6-4ba0-8b1f-ffed6f70b6a1" /><UnitTestResult executionId="8a0c95a9-b489-4315-aaf4-30fa1eb44ee2" testId="b1573ed3-0b8e-4023-a970-7a7825ff4cf2" testName="JilTests.SerializeTests.Issue258" computerName="SIEBL-4303-04" duration="00:00:00.0440000" startTime="2018-11-13T01:07:03.6741808-06:00" endTime="2018-11-13T01:07:03.6741808-06:00" testType="13cdc9d9-ddb5-4fa4-a97d-d965ccfc6d4b" outcome="Passed" testListId="8c84fa94-04c1-424b-9868-57a2d4851a1d" relativeResultsDirectory="8a0c95a9-b489-4315-aaf4-30fa1eb44ee2" /><UnitTestResult executionId="0b5083d0-d37c-4a55-a9ec-a6061441d382" testId="3d81a32c-bc0b-43bf-92d7-eb8043a66d4f" testName="JilTests.DeserializeDynamicTests.Issue117(input: &quot;001&quot;, expectedError: &quot;Number cannot have leading zeros&quot;)" computerName="SIEBL-4303-04" duration="00:00:00.0010000" startTime="2018-11-13T01:06:49.9718120-06:00" endTime="2018-11-13T01:06:49.9718120-06:00" testType="13cdc9d9-ddb5-4fa4-a97d-d965ccfc6d4b" outcome="Passed" testListId="8c84fa94-04c1-424b-9868-57a2d4851a1d" relativeResultsDirectory="0b5083d0-d37c-4a55-a9ec-a6061441d382" /><UnitTestResult executionId="63ea2ae8-e784-4338-bfa5-093ec50da070" testId="4ca5eaad-052c-4248-953f-30bca36e0b7e" testName="JilTests.SerializeTests.IReadOnlyList" computerName="SIEBL-4303-04" duration="00:00:00.0090000" startTime="2018-11-13T01:06:50.4952593-06:00" endTime="2018-11-13T01:06:50.4952593-06:00" testType="13cdc9d9-ddb5-4fa4-a97d-d965ccfc6d4b" outcome="Passed" testListId="8c84fa94-04c1-424b-9868-57a2d4851a1d" relativeResultsDirectory="63ea2ae8-e784-4338-bfa5-093ec50da070" /><UnitTestResult executionId="70e603a3-391c-4c3a-95bb-e98393fa25b1" testId="381abb74-bcdd-4e98-aa13-dd797099e392" testName="JilTests.SerializeTests.PrimitiveWrappers" computerName="SIEBL-4303-04" duration="00:00:00.0370000" startTime="2018-11-13T01:06:50.8671216-06:00" endTime="2018-11-13T01:06:50.8671216-06:00" testType="13cdc9d9-ddb5-4fa4-a97d-d965ccfc6d4b" outcome="Passed" testListId="8c84fa94-04c1-424b-9868-57a2d4851a1d" relativeResultsDirectory="70e603a3-391c-4c3a-95bb-e98393fa25b1" /><UnitTestResult executionId="224c5976-55b5-43a2-932a-26d4ddc386f6" testId="52ebae9d-b3d9-4962-bfc6-914c57efa84a" testName="JilTests.DynamicSerializationTests.MicrosoftDateTimeOffsetSelfRoundtrip" computerName="SIEBL-4303-04" duration="00:00:00.9610000" startTime="2018-11-13T01:06:50.2640073-06:00" endTime="2018-11-13T01:06:50.2640073-06:00" testType="13cdc9d9-ddb5-4fa4-a97d-d965ccfc6d4b" outcome="Passed" testListId="8c84fa94-04c1-424b-9868-57a2d4851a1d" relativeResultsDirectory="224c5976-55b5-43a2-932a-26d4ddc386f6" /><UnitTestResult executionId="274fa892-2183-4663-bd38-30b87f416b14" testId="034d5159-c6de-42e9-ad5b-bd3e543911c9" testName="JilTests.SerializeTests.DataMemberName" computerName="SIEBL-4303-04" duration="00:00:00.0090000" startTime="2018-11-13T01:07:02.3451069-06:00" endTime="2018-11-13T01:07:02.3451069-06:00" testType="13cdc9d9-ddb5-4fa4-a97d-d965ccfc6d4b" outcome="Passed" testListId="8c84fa94-04c1-424b-9868-57a2d4851a1d" relativeResultsDirectory="274fa892-2183-4663-bd38-30b87f416b14" /><UnitTestResult executionId="fa49539a-8fa5-4033-a56b-09f6f02d7a8b" testId="8965f6e9-7cdc-4844-bd1b-6f97e3afb81b" testName="JilTests.SerializeTests.Cyclical" computerName="SIEBL-4303-04" duration="00:00:00.0560000" startTime="2018-11-13T01:06:49.8377225-06:00" endTime="2018-11-13T01:06:49.8377225-06:00" testType="13cdc9d9-ddb5-4fa4-a97d-d965ccfc6d4b" outcome="Passed" testListId="8c84fa94-04c1-424b-9868-57a2d4851a1d" relativeResultsDirectory="fa49539a-8fa5-4033-a56b-09f6f02d7a8b" /><UnitTestResult executionId="0a737f38-7450-45f4-92f3-4cb613d3c2ee" testId="11d227d1-e2bf-44fc-8e7e-f30edbfbaf36" testName="JilTests.SerializeTests.TopLevelNulls" computerName="SIEBL-4303-04" duration="00:00:00.0730000" startTime="2018-11-13T01:06:50.4122039-06:00" endTime="2018-11-13T01:06:50.4122039-06:00" testType="13cdc9d9-ddb5-4fa4-a97d-d965ccfc6d4b" outcome="Passed" testListId="8c84fa94-04c1-424b-9868-57a2d4851a1d" relativeResultsDirectory="0a737f38-7450-45f4-92f3-4cb613d3c2ee" /><UnitTestResult executionId="0bbaaa17-c9f5-4395-9582-8f689a835d55" testId="e9ee25db-5c39-4ce6-bb0d-9bc0d4274d9c" testName="JilTests.SerializeTests.ISO8601TimeSpans" computerName="SIEBL-4303-04" duration="00:00:00.0060000" startTime="2018-11-13T01:07:00.0040081-06:00" endTime="2018-11-13T01:07:00.0040081-06:00" testType="13cdc9d9-ddb5-4fa4-a97d-d965ccfc6d4b" outcome="Passed" testListId="8c84fa94-04c1-424b-9868-57a2d4851a1d" relativeResultsDirectory="0bbaaa17-c9f5-4395-9582-8f689a835d55" /><UnitTestResult executionId="07151653-8224-4d85-ae90-bde41ca62843" testId="2679873e-1de9-4ba4-b77c-d1d038e3ffed" testName="JilTests.DeserializeTests.MalformedISO8601(dateString: &quot;\&quot;1999W54\&quot;&quot;, expectedError: &quot;Expected week to be between 01 and 53&quot;)" computerName="SIEBL-4303-04" duration="00:00:00.0010000" startTime="2018-11-13T01:06:49.6365883-06:00" endTime="2018-11-13T01:06:49.6365883-06:00" testType="13cdc9d9-ddb5-4fa4-a97d-d965ccfc6d4b" outcome="Passed" testListId="8c84fa94-04c1-424b-9868-57a2d4851a1d" relativeResultsDirectory="07151653-8224-4d85-ae90-bde41ca62843" /><UnitTestResult executionId="67e4fd1d-abeb-4815-ab77-2b62ec2ba8b4" testId="e325eac7-9aa5-4912-a993-80b9b3741080" testName="JilTests.DeserializeTests.PrivateConstructor_Dictionary" computerName="SIEBL-4303-04" duration="00:00:00.0270000" startTime="2018-11-13T01:07:02.4686714-06:00" endTime="2018-11-13T01:07:02.4686714-06:00" testType="13cdc9d9-ddb5-4fa4-a97d-d965ccfc6d4b" outcome="Passed" testListId="8c84fa94-04c1-424b-9868-57a2d4851a1d" relativeResultsDirectory="67e4fd1d-abeb-4815-ab77-2b62ec2ba8b4" /><UnitTestResult executionId="f8518104-0842-4592-95ae-eea909eb7df9" testId="8c2149d6-6439-4ded-96c0-3c98ec3db7c0" testName="JilTests.SerializeTests.Issue257" computerName="SIEBL-4303-04" duration="00:00:00.1340000" startTime="2018-11-13T01:07:02.3431056-06:00" endTime="2018-11-13T01:07:02.3431056-06:00" testType="13cdc9d9-ddb5-4fa4-a97d-d965ccfc6d4b" outcome="Passed" testListId="8c84fa94-04c1-424b-9868-57a2d4851a1d" relativeResultsDirectory="f8518104-0842-4592-95ae-eea909eb7df9" /><UnitTestResult executionId="be4148c3-7ce2-448f-a7c8-ae0d7bbc2409" testId="8a47c2d1-24be-43c5-b543-25995261d07f" testName="JilTests.DeserializeTests.Issue193" computerName="SIEBL-4303-04" duration="00:00:01.5260000" startTime="2018-11-13T01:07:06.6651609-06:00" endTime="2018-11-13T01:07:06.6651609-06:00" testType="13cdc9d9-ddb5-4fa4-a97d-d965ccfc6d4b" outcome="Passed" testListId="8c84fa94-04c1-424b-9868-57a2d4851a1d" relativeResultsDirectory="be4148c3-7ce2-448f-a7c8-ae0d7bbc2409" /><UnitTestResult executionId="f75637ba-aaca-428d-bd07-ae1e889465b4" testId="a27c99be-5439-447e-8343-6c4d9b344937" testName="JilTests.SerializeTests.SerializeNestedDictionary" computerName="SIEBL-4303-04" duration="00:00:00.0240000" startTime="2018-11-13T01:07:06.3279359-06:00" endTime="2018-11-13T01:07:06.3279359-06:00" testType="13cdc9d9-ddb5-4fa4-a97d-d965ccfc6d4b" outcome="Passed" testListId="8c84fa94-04c1-424b-9868-57a2d4851a1d" relativeResultsDirectory="f75637ba-aaca-428d-bd07-ae1e889465b4" /><UnitTestResult executionId="fe3e1d4b-b6ae-4a1f-bf78-fb49e1cc4670" testId="1cd8ed80-9e27-4cca-9c49-de3a3cec8390" testName="JilTests.SerializeTests.CharacterEncoding" computerName="SIEBL-4303-04" duration="00:00:00.0190000" startTime="2018-11-13T01:07:06.3469489-06:00" endTime="2018-11-13T01:07:06.3469489-06:00" testType="13cdc9d9-ddb5-4fa4-a97d-d965ccfc6d4b" outcome="Passed" testListId="8c84fa94-04c1-424b-9868-57a2d4851a1d" relativeResultsDirectory="fe3e1d4b-b6ae-4a1f-bf78-fb49e1cc4670" /><UnitTestResult executionId="0af22129-90f8-46c8-b308-d07c8380840b" testId="2e2c1eee-07fb-4162-bce8-35496a13bf26" testName="JilTests.BadlySpecifiedTypeTests.SerializeWriter" computerName="SIEBL-4303-04" duration="00:00:00.0010000" startTime="2018-11-13T01:06:49.8577359-06:00" endTime="2018-11-13T01:06:49.8577359-06:00" testType="13cdc9d9-ddb5-4fa4-a97d-d965ccfc6d4b" outcome="Passed" testListId="8c84fa94-04c1-424b-9868-57a2d4851a1d" relativeResultsDirectory="0af22129-90f8-46c8-b308-d07c8380840b" /><UnitTestResult executionId="64042173-f9e6-410b-b2a2-3f21218fd1f6" testId="aa5c48b0-fe4f-44bc-9710-1a878da630b2" testName="JilTests.DeserializeTests.SmallCharBuffer" computerName="SIEBL-4303-04" duration="00:00:00.0750000" startTime="2018-11-13T01:06:54.6110666-06:00" endTime="2018-11-13T01:06:54.6110666-06:00" testType="13cdc9d9-ddb5-4fa4-a97d-d965ccfc6d4b" outcome="Passed" testListId="8c84fa94-04c1-424b-9868-57a2d4851a1d" relativeResultsDirectory="64042173-f9e6-410b-b2a2-3f21218fd1f6" /><UnitTestResult executionId="6d94335e-e89a-4165-83c7-0ac1bbe72066" testId="08fffa2a-6188-4652-9b6f-4bbcecec04ef" testName="JilTests.DeserializeTests.ISO8601TimeSpan_Weeks" computerName="SIEBL-4303-04" duration="00:00:00.0010000" startTime="2018-11-13T01:07:07.0053894-06:00" endTime="2018-11-13T01:07:07.0053894-06:00" testType="13cdc9d9-ddb5-4fa4-a97d-d965ccfc6d4b" outcome="Passed" testListId="8c84fa94-04c1-424b-9868-57a2d4851a1d" relativeResultsDirectory="6d94335e-e89a-4165-83c7-0ac1bbe72066" /><UnitTestResult executionId="fb8f8847-dafe-4b16-9ee1-80404370008e" testId="e5fe4116-99b8-4c3a-bde9-f8b440ba7662" testName="JilTests.DeserializeTests.BadFloat(input: &quot;1.2E++10&quot;, expectedSnippetAfter: &quot;+10&quot;)" computerName="SIEBL-4303-04" duration="00:00:00.0010000" startTime="2018-11-13T01:07:00.7171214-06:00" endTime="2018-11-13T01:07:00.7171214-06:00" testType="13cdc9d9-ddb5-4fa4-a97d-d965ccfc6d4b" outcome="Passed" testListId="8c84fa94-04c1-424b-9868-57a2d4851a1d" relativeResultsDirectory="fb8f8847-dafe-4b16-9ee1-80404370008e" /><UnitTestResult executionId="31bddd62-8ef9-4305-b991-d21553abd9cc" testId="09a609c5-65de-4bf8-b511-7459b705ce1d" testName="JilTests.UtilsTests.FindRecursiveTypes_DictDict" computerName="SIEBL-4303-04" duration="00:00:00.0520000" startTime="2018-11-13T01:06:49.3654070-06:00" endTime="2018-11-13T01:06:49.3654070-06:00" testType="13cdc9d9-ddb5-4fa4-a97d-d965ccfc6d4b" outcome="Passed" testListId="8c84fa94-04c1-424b-9868-57a2d4851a1d" relativeResultsDirectory="31bddd62-8ef9-4305-b991-d21553abd9cc" /><UnitTestResult executionId="b702856d-3cf4-481c-934b-deb1c5b84897" testId="3dfc8114-5d34-48b4-9553-c30c5117c800" testName="JilTests.DeserializeTests.EmptyArrayWithSpace" computerName="SIEBL-4303-04" duration="00:00:00.0070000" startTime="2018-11-13T01:07:07.8189323-06:00" endTime="2018-11-13T01:07:07.8189323-06:00" testType="13cdc9d9-ddb5-4fa4-a97d-d965ccfc6d4b" outcome="Passed" testListId="8c84fa94-04c1-424b-9868-57a2d4851a1d" relativeResultsDirectory="b702856d-3cf4-481c-934b-deb1c5b84897" /><UnitTestResult executionId="cd046339-5eb6-4a4e-a85a-af5e59626cc1" testId="afc06b50-b42f-4414-932f-001e42805707" testName="JilTests.DeserializeDynamicTests.FlagsEnum" computerName="SIEBL-4303-04" duration="00:00:00.0650000" startTime="2018-11-13T01:06:52.8523851-06:00" endTime="2018-11-13T01:06:52.8523851-06:00" testType="13cdc9d9-ddb5-4fa4-a97d-d965ccfc6d4b" outcome="Passed" testListId="8c84fa94-04c1-424b-9868-57a2d4851a1d" relativeResultsDirectory="cd046339-5eb6-4a4e-a85a-af5e59626cc1" /><UnitTestResult executionId="43c1d512-ae9d-4a13-ab5b-2fd552f9352d" testId="0e7c57f6-bf58-4db1-9fb1-13cffbb4e107" testName="JilTests.UtilsTests.PropertyFieldUsage" computerName="SIEBL-4303-04" duration="00:00:00.0180000" startTime="2018-11-13T01:06:49.3814180-06:00" endTime="2018-11-13T01:06:49.3814180-06:00" testType="13cdc9d9-ddb5-4fa4-a97d-d965ccfc6d4b" outcome="Passed" testListId="8c84fa94-04c1-424b-9868-57a2d4851a1d" relativeResultsDirectory="43c1d512-ae9d-4a13-ab5b-2fd552f9352d" /><UnitTestResult executionId="bc32db43-212e-4e14-8b9c-21c5a8e82fa6" testId="2f408de9-0f41-4355-b168-8b48c55edeb3" testName="JilTests.SerializeTests.NullablePrimitives" computerName="SIEBL-4303-04" duration="00:00:00.3350000" startTime="2018-11-13T01:06:50.8300954-06:00" endTime="2018-11-13T01:06:50.8300954-06:00" testType="13cdc9d9-ddb5-4fa4-a97d-d965ccfc6d4b" outcome="Passed" testListId="8c84fa94-04c1-424b-9868-57a2d4851a1d" relativeResultsDirectory="bc32db43-212e-4e14-8b9c-21c5a8e82fa6" /><UnitTestResult executionId="92380d48-8f68-4fcc-b863-1be02e6ffc5f" testId="fee5b448-f4e1-45b0-a331-d59097a035ef" testName="JilTests.DynamicSerializationTests.RecursiveObjects" computerName="SIEBL-4303-04" duration="00:00:00.2430000" startTime="2018-11-13T01:06:51.4545253-06:00" endTime="2018-11-13T01:06:51.4545253-06:00" testType="13cdc9d9-ddb5-4fa4-a97d-d965ccfc6d4b" outcome="Passed" testListId="8c84fa94-04c1-424b-9868-57a2d4851a1d" relativeResultsDirectory="92380d48-8f68-4fcc-b863-1be02e6ffc5f" /><UnitTestResult executionId="fc9d0402-c0ad-4496-a5fc-309ef741c337" testId="3b2d59ad-a1ac-4dc0-8e42-d520f8c1e481" testName="JilTests.SerializeTests.LotsOfStrings" computerName="SIEBL-4303-04" duration="00:00:00.0050000" startTime="2018-11-13T01:07:05.9462963-06:00" endTime="2018-11-13T01:07:05.9462963-06:00" testType="13cdc9d9-ddb5-4fa4-a97d-d965ccfc6d4b" outcome="Passed" testListId="8c84fa94-04c1-424b-9868-57a2d4851a1d" relativeResultsDirectory="fc9d0402-c0ad-4496-a5fc-309ef741c337" /><UnitTestResult executionId="280358e8-2cc9-4f34-8d3d-c827ae29b421" testId="090bd5ca-a1c2-40ab-b1f8-58315717c104" testName="JilTests.DeserializeDynamicTests.ParseISO8601" computerName="SIEBL-4303-04" duration="00:00:00.0880000" startTime="2018-11-13T01:06:52.9354402-06:00" endTime="2018-11-13T01:06:52.9354402-06:00" testType="13cdc9d9-ddb5-4fa4-a97d-d965ccfc6d4b" outcome="Passed" testListId="8c84fa94-04c1-424b-9868-57a2d4851a1d" relativeResultsDirectory="280358e8-2cc9-4f34-8d3d-c827ae29b421" /><UnitTestResult executionId="4688e262-f1c5-48a7-9e7b-f572340baec3" testId="535207a3-a193-49b7-ba45-cc2284ec8b9f" testName="JilTests.DeserializeTests.EnumMemberAttributeOverrideFlags" computerName="SIEBL-4303-04" duration="00:00:00.0480000" startTime="2018-11-13T01:07:08.3542886-06:00" endTime="2018-11-13T01:07:08.3542886-06:00" testType="13cdc9d9-ddb5-4fa4-a97d-d965ccfc6d4b" outcome="Passed" testListId="8c84fa94-04c1-424b-9868-57a2d4851a1d" relativeResultsDirectory="4688e262-f1c5-48a7-9e7b-f572340baec3" /><UnitTestResult executionId="446f45a2-5b86-41e7-be7f-748148da8f02" testId="276cee72-fad8-4ea4-bf3b-53e9790a58fa" testName="JilTests.SerializeTests.ReadOnlyLists" computerName="SIEBL-4303-04" duration="00:00:00.0850000" startTime="2018-11-13T01:07:02.1779957-06:00" endTime="2018-11-13T01:07:02.1779957-06:00" testType="13cdc9d9-ddb5-4fa4-a97d-d965ccfc6d4b" outcome="Passed" testListId="8c84fa94-04c1-424b-9868-57a2d4851a1d" relativeResultsDirectory="446f45a2-5b86-41e7-be7f-748148da8f02" /><UnitTestResult executionId="696d0b65-db32-4ef0-a26d-1615a9efdaf7" testId="53b167b2-d0ac-49e7-b66d-0630273bbb11" testName="JilTests.SerializeTests.FlagOption" computerName="SIEBL-4303-04" duration="00:00:01.6340000" startTime="2018-11-13T01:07:01.7042355-06:00" endTime="2018-11-13T01:07:01.7042355-06:00" testType="13cdc9d9-ddb5-4fa4-a97d-d965ccfc6d4b" outcome="Passed" testListId="8c84fa94-04c1-424b-9868-57a2d4851a1d" relativeResultsDirectory="696d0b65-db32-4ef0-a26d-1615a9efdaf7" /><UnitTestResult executionId="0570ebab-aea0-44b7-9b01-4c79ec76c0f3" testId="1bf1cc98-4636-46b7-af5e-84baf3f47397" testName="JilTests.SerializeTests.InfiniteRecursion" computerName="SIEBL-4303-04" duration="00:00:00.0040000" startTime="2018-11-13T01:06:59.9359618-06:00" endTime="2018-11-13T01:06:59.9359618-06:00" testType="13cdc9d9-ddb5-4fa4-a97d-d965ccfc6d4b" outcome="Passed" testListId="8c84fa94-04c1-424b-9868-57a2d4851a1d" relativeResultsDirectory="0570ebab-aea0-44b7-9b01-4c79ec76c0f3" /><UnitTestResult executionId="b87e7539-1e99-4271-83b2-1da93475bfe5" testId="2740c007-582d-43af-a229-aac97aac36c5" testName="JilTests.DeserializeTests.Issue143DateTimeOffsetFractionOverflow" computerName="SIEBL-4303-04" duration="00:00:00.0010000" startTime="2018-11-13T01:07:04.4036685-06:00" endTime="2018-11-13T01:07:04.4036685-06:00" testType="13cdc9d9-ddb5-4fa4-a97d-d965ccfc6d4b" outcome="Passed" testListId="8c84fa94-04c1-424b-9868-57a2d4851a1d" relativeResultsDirectory="b87e7539-1e99-4271-83b2-1da93475bfe5" /><UnitTestResult executionId="0772a661-b566-4f2f-a64d-5f736004ec04" testId="df7897ff-e38a-4c18-a598-256fe2eeceb4" testName="JilTests.DeserializeTests.MalformedISO8601(dateString: &quot;\&quot;19991200\&quot;&quot;, expectedError: &quot;Expected day to be between 01 and 31&quot;)" computerName="SIEBL-4303-04" duration="00:00:00.0010000" startTime="2018-11-13T01:06:49.6295836-06:00" endTime="2018-11-13T01:06:49.6295836-06:00" testType="13cdc9d9-ddb5-4fa4-a97d-d965ccfc6d4b" outcome="Passed" testListId="8c84fa94-04c1-424b-9868-57a2d4851a1d" relativeResultsDirectory="0772a661-b566-4f2f-a64d-5f736004ec04" /><UnitTestResult executionId="99850cb2-c610-4096-b26a-8763d8d21128" testId="631036ba-3e21-4b8d-b8cd-f5fb4ce27d1e" testName="JilTests.DeserializeDynamicTests.DictionaryCoercion" computerName="SIEBL-4303-04" duration="00:00:00.0140000" startTime="2018-11-13T01:06:52.1191857-06:00" endTime="2018-11-13T01:06:52.1191857-06:00" testType="13cdc9d9-ddb5-4fa4-a97d-d965ccfc6d4b" outcome="Passed" testListId="8c84fa94-04c1-424b-9868-57a2d4851a1d" relativeResultsDirectory="99850cb2-c610-4096-b26a-8763d8d21128" /><UnitTestResult executionId="b15dde5d-02fe-45d4-8bb9-35c0c6a152e9" testId="d7954c48-3214-4543-b4d6-cdf119951f20" testName="JilTests.DeserializeTests.Issue225" computerName="SIEBL-4303-04" duration="00:00:00.0860000" startTime="2018-11-13T01:06:52.4053767-06:00" endTime="2018-11-13T01:06:52.4053767-06:00" testType="13cdc9d9-ddb5-4fa4-a97d-d965ccfc6d4b" outcome="Passed" testListId="8c84fa94-04c1-424b-9868-57a2d4851a1d" relativeResultsDirectory="b15dde5d-02fe-45d4-8bb9-35c0c6a152e9" /><UnitTestResult executionId="be12a70f-0334-4bfc-8ca5-d1a3abcc35c5" testId="d5f3533e-aa03-4412-99c2-5ce9242ee6f3" testName="JilTests.SerializeTests.NullArrayElements" computerName="SIEBL-4303-04" duration="00:00:00.0030000" startTime="2018-11-13T01:07:06.5000513-06:00" endTime="2018-11-13T01:07:06.5000513-06:00" testType="13cdc9d9-ddb5-4fa4-a97d-d965ccfc6d4b" outcome="Passed" testListId="8c84fa94-04c1-424b-9868-57a2d4851a1d" relativeResultsDirectory="be12a70f-0334-4bfc-8ca5-d1a3abcc35c5" /><UnitTestResult executionId="3435082f-dcfe-4983-abe1-03fc6c12a39d" testId="be5029cc-1522-40bb-887a-f215db9cbb64" testName="JilTests.DeserializeTests.Issue227" computerName="SIEBL-4303-04" duration="00:00:00.4450000" startTime="2018-11-13T01:06:54.0961692-06:00" endTime="2018-11-13T01:06:54.0961692-06:00" testType="13cdc9d9-ddb5-4fa4-a97d-d965ccfc6d4b" outcome="Passed" testListId="8c84fa94-04c1-424b-9868-57a2d4851a1d" relativeResultsDirectory="3435082f-dcfe-4983-abe1-03fc6c12a39d" /><UnitTestResult executionId="66175ab5-e03a-48fc-b900-0dd7318aea6f" testId="75e965e0-55bc-471c-8a0f-b2267e66b44c" testName="JilTests.DeserializeTests.SBytes" computerName="SIEBL-4303-04" duration="00:00:00.0070000" startTime="2018-11-13T01:07:04.3946631-06:00" endTime="2018-11-13T01:07:04.3946631-06:00" testType="13cdc9d9-ddb5-4fa4-a97d-d965ccfc6d4b" outcome="Passed" testListId="8c84fa94-04c1-424b-9868-57a2d4851a1d" relativeResultsDirectory="66175ab5-e03a-48fc-b900-0dd7318aea6f" /><UnitTestResult executionId="cfd85c9f-0225-4cbe-aaf9-f91b494194b8" testId="d8475160-d196-4a96-90fb-f2510e169a16" testName="JilTests.DeserializeDynamicTests.ArrayCoercion" computerName="SIEBL-4303-04" duration="00:00:00.0070000" startTime="2018-11-13T01:06:52.4528237-06:00" endTime="2018-11-13T01:06:52.4528237-06:00" testType="13cdc9d9-ddb5-4fa4-a97d-d965ccfc6d4b" outcome="Passed" testListId="8c84fa94-04c1-424b-9868-57a2d4851a1d" relativeResultsDirectory="cfd85c9f-0225-4cbe-aaf9-f91b494194b8" /><UnitTestResult executionId="079ff90c-4ef4-4fdf-b0fd-e8f70c3d18dd" testId="a9a8caa5-be81-4a3e-a7df-493225403811" testName="JilTests.DeserializeTests.SecondsTimeSpan" computerName="SIEBL-4303-04" duration="00:00:00.0160000" startTime="2018-11-13T01:07:01.0837594-06:00" endTime="2018-11-13T01:07:01.0837594-06:00" testType="13cdc9d9-ddb5-4fa4-a97d-d965ccfc6d4b" outcome="Passed" testListId="8c84fa94-04c1-424b-9868-57a2d4851a1d" relativeResultsDirectory="079ff90c-4ef4-4fdf-b0fd-e8f70c3d18dd" /><UnitTestResult executionId="aba86be1-dc8f-4968-8f6d-00cc08731627" testId="468f2e23-d539-45f7-b9bb-00b0eb0802d1" testName="JilTests.DeserializeTests.EnumMemberAttributeDefault" computerName="SIEBL-4303-04" duration="00:00:00.0640000" startTime="2018-11-13T01:06:52.3043108-06:00" endTime="2018-11-13T01:06:52.3043108-06:00" testType="13cdc9d9-ddb5-4fa4-a97d-d965ccfc6d4b" outcome="Passed" testListId="8c84fa94-04c1-424b-9868-57a2d4851a1d" relativeResultsDirectory="aba86be1-dc8f-4968-8f6d-00cc08731627" /><UnitTestResult executionId="439e2c76-a570-4ed1-b70b-161fce96f5a0" testId="e1acc4aa-26e2-494d-8674-61b4a016667e" testName="JilTests.DeserializeTests.UnionMisconfigured" computerName="SIEBL-4303-04" duration="00:00:00.3520000" startTime="2018-11-13T01:07:02.4406527-06:00" endTime="2018-11-13T01:07:02.4406527-06:00" testType="13cdc9d9-ddb5-4fa4-a97d-d965ccfc6d4b" outcome="Passed" testListId="8c84fa94-04c1-424b-9868-57a2d4851a1d" relativeResultsDirectory="439e2c76-a570-4ed1-b70b-161fce96f5a0" /><UnitTestResult executionId="2de3f99e-f49c-49ab-ad30-ceda753dab0a" testId="d32d3f3c-a956-468e-bdfd-6dbccef02be5" testName="JilTests.DeserializeTests.NewtsoftDateTimes" computerName="SIEBL-4303-04" duration="00:00:00.0010000" startTime="2018-11-13T01:07:07.0344088-06:00" endTime="2018-11-13T01:07:07.0344088-06:00" testType="13cdc9d9-ddb5-4fa4-a97d-d965ccfc6d4b" outcome="Passed" testListId="8c84fa94-04c1-424b-9868-57a2d4851a1d" relativeResultsDirectory="2de3f99e-f49c-49ab-ad30-ceda753dab0a" /><UnitTestResult executionId="44ecb22f-31b3-4ecc-8009-b8118bea9338" testId="84938e7b-7443-4c12-8bfa-4006563a095c" testName="JilTests.DeserializeTests.MalformedISO8601(dateString: &quot;\&quot;1900-01-01T19:\&quot;&quot;, expectedError: &quot;Expected minute part of ISO8601 time&quot;)" computerName="SIEBL-4303-04" duration="00:00:00.0010000" startTime="2018-11-13T01:06:49.6325856-06:00" endTime="2018-11-13T01:06:49.6325856-06:00" testType="13cdc9d9-ddb5-4fa4-a97d-d965ccfc6d4b" outcome="Passed" testListId="8c84fa94-04c1-424b-9868-57a2d4851a1d" relativeResultsDirectory="44ecb22f-31b3-4ecc-8009-b8118bea9338" /><UnitTestResult executionId="09435c9b-a536-4378-8cdf-6fca7ff271fd" testId="ccc9e90b-a8be-44d8-a103-1a746f782304" testName="JilTests.DynamicSerializationTests.ISO8601TimeSpans" computerName="SIEBL-4303-04" duration="00:00:00.0170000" startTime="2018-11-13T01:06:51.1933260-06:00" endTime="2018-11-13T01:06:51.1933260-06:00" testType="13cdc9d9-ddb5-4fa4-a97d-d965ccfc6d4b" outcome="Passed" testListId="8c84fa94-04c1-424b-9868-57a2d4851a1d" relativeResultsDirectory="09435c9b-a536-4378-8cdf-6fca7ff271fd" /><UnitTestResult executionId="4a94b080-8071-456e-b2db-a7120294f5f2" testId="c5ba20d8-1560-4219-8d07-b32c3e2ac22d" testName="JilTests.DeserializeDynamicTests.ArrayEnumerator" computerName="SIEBL-4303-04" duration="00:00:00.0030000" startTime="2018-11-13T01:06:52.6894534-06:00" endTime="2018-11-13T01:06:52.6894534-06:00" testType="13cdc9d9-ddb5-4fa4-a97d-d965ccfc6d4b" outcome="Passed" testListId="8c84fa94-04c1-424b-9868-57a2d4851a1d" relativeResultsDirectory="4a94b080-8071-456e-b2db-a7120294f5f2" /><UnitTestResult executionId="183076fb-ef37-49e6-9527-e2531b78817a" testId="703a9626-751f-4821-9709-9da9f4cfb7f0" testName="JilTests.DeserializeTests.UnionTypeMisconfiguration" computerName="SIEBL-4303-04" duration="00:00:00.0450000" startTime="2018-11-13T01:07:00.8482091-06:00" endTime="2018-11-13T01:07:00.8482091-06:00" testType="13cdc9d9-ddb5-4fa4-a97d-d965ccfc6d4b" outcome="Passed" testListId="8c84fa94-04c1-424b-9868-57a2d4851a1d" relativeResultsDirectory="183076fb-ef37-49e6-9527-e2531b78817a" /><UnitTestResult executionId="d9e8468d-0b2a-4342-8f7e-8050a18535ca" testId="e175fb52-7c2c-4c5f-ab15-b1b7f7da81c4" testName="JilTests.DeserializeTests.Issue176" computerName="SIEBL-4303-04" duration="00:00:00.0680000" startTime="2018-11-13T01:07:07.0003861-06:00" endTime="2018-11-13T01:07:07.0003861-06:00" testType="13cdc9d9-ddb5-4fa4-a97d-d965ccfc6d4b" outcome="Passed" testListId="8c84fa94-04c1-424b-9868-57a2d4851a1d" relativeResultsDirectory="d9e8468d-0b2a-4342-8f7e-8050a18535ca" /><UnitTestResult executionId="ddc4d577-17ad-46cb-9303-2ff1448bf355" testId="20fa94ab-788a-4331-8e70-85156beeb492" testName="JilTests.SerializeTests.SecondsTimeSpans" computerName="SIEBL-4303-04" duration="00:00:00.0060000" startTime="2018-11-13T01:07:03.5681100-06:00" endTime="2018-11-13T01:07:03.5681100-06:00" testType="13cdc9d9-ddb5-4fa4-a97d-d965ccfc6d4b" outcome="Passed" testListId="8c84fa94-04c1-424b-9868-57a2d4851a1d" relativeResultsDirectory="ddc4d577-17ad-46cb-9303-2ff1448bf355" /><UnitTestResult executionId="002067a6-f601-40fc-b7a3-20b65c78d8bb" testId="5de9d373-b2a7-42ba-a94c-0b07e1c2baea" testName="JilTests.DeserializeDynamicTests.NewtsoftDateTimes" computerName="SIEBL-4303-04" duration="00:00:00.0020000" startTime="2018-11-13T01:06:52.4348126-06:00" endTime="2018-11-13T01:06:52.4348126-06:00" testType="13cdc9d9-ddb5-4fa4-a97d-d965ccfc6d4b" outcome="Passed" testListId="8c84fa94-04c1-424b-9868-57a2d4851a1d" relativeResultsDirectory="002067a6-f601-40fc-b7a3-20b65c78d8bb" /><UnitTestResult executionId="4532f12f-b217-41bb-9aec-e88ce7e01ad3" testId="c6111948-419c-4a2c-b3f9-ab821d99e197" testName="JilTests.DeserializeTests.EnumMemberAttributeOverride" computerName="SIEBL-4303-04" duration="00:00:00.0590000" startTime="2018-11-13T01:07:04.3756501-06:00" endTime="2018-11-13T01:07:04.3756501-06:00" testType="13cdc9d9-ddb5-4fa4-a97d-d965ccfc6d4b" outcome="Passed" testListId="8c84fa94-04c1-424b-9868-57a2d4851a1d" relativeResultsDirectory="4532f12f-b217-41bb-9aec-e88ce7e01ad3" /><UnitTestResult executionId="e411e965-1b72-43c1-b157-e85373e6c775" testId="e9f7178b-9bd6-4406-8acd-0d0458cf6f2b" testName="JilTests.DeserializeTests.NaNFails" computerName="SIEBL-4303-04" duration="00:00:00.0110000" startTime="2018-11-13T01:07:00.8041795-06:00" endTime="2018-11-13T01:07:00.8041795-06:00" testType="13cdc9d9-ddb5-4fa4-a97d-d965ccfc6d4b" outcome="Passed" testListId="8c84fa94-04c1-424b-9868-57a2d4851a1d" relativeResultsDirectory="e411e965-1b72-43c1-b157-e85373e6c775" /><UnitTestResult executionId="b239555d-e1ba-470b-abc2-7d751515f580" testId="8ef1d644-6246-49fd-8b75-99f3adc4a70f" testName="JilTests.DeserializeTests.BadDouble(input: &quot;1.2E++10&quot;, expectedSnippetAfter: &quot;+10&quot;)" computerName="SIEBL-4303-04" duration="00:00:00.0010000" startTime="2018-11-13T01:07:06.6661616-06:00" endTime="2018-11-13T01:07:06.6661616-06:00" testType="13cdc9d9-ddb5-4fa4-a97d-d965ccfc6d4b" outcome="Passed" testListId="8c84fa94-04c1-424b-9868-57a2d4851a1d" relativeResultsDirectory="b239555d-e1ba-470b-abc2-7d751515f580" /><UnitTestResult executionId="145dd157-4d5c-4c77-b10d-858343b78c66" testId="8e1b3e78-896c-4b4d-b019-f7aa1791654e" testName="JilTests.SerializeTests.LessThan100" computerName="SIEBL-4303-04" duration="00:00:00.0010000" startTime="2018-11-13T01:07:00.0370311-06:00" endTime="2018-11-13T01:07:00.0370311-06:00" testType="13cdc9d9-ddb5-4fa4-a97d-d965ccfc6d4b" outcome="Passed" testListId="8c84fa94-04c1-424b-9868-57a2d4851a1d" relativeResultsDirectory="145dd157-4d5c-4c77-b10d-858343b78c66" /><UnitTestResult executionId="d0d3cbdd-dc52-4e9b-9225-5982173001ed" testId="77f65f0d-641e-4786-ba27-5ee898e5ce14" testName="JilTests.DeserializeTests.MalformedISO8601(dateString: &quot;\&quot;1999-W54\&quot;&quot;, expectedError: &quot;Expected week to be between 01 and 53&quot;)" computerName="SIEBL-4303-04" duration="00:00:00.0010000" startTime="2018-11-13T01:06:49.5585362-06:00" endTime="2018-11-13T01:06:49.5585362-06:00" testType="13cdc9d9-ddb5-4fa4-a97d-d965ccfc6d4b" outcome="Passed" testListId="8c84fa94-04c1-424b-9868-57a2d4851a1d" relativeResultsDirectory="d0d3cbdd-dc52-4e9b-9225-5982173001ed" /><UnitTestResult executionId="800f3aef-509e-494d-94dd-684d6b415492" testId="e5c617fc-c35a-4f72-a8a2-3ad161a0e383" testName="JilTests.SerializeTests.ReuseTypeSerializers" computerName="SIEBL-4303-04" duration="00:00:00.0090000" startTime="2018-11-13T01:06:51.6674780-06:00" endTime="2018-11-13T01:06:51.6674780-06:00" testType="13cdc9d9-ddb5-4fa4-a97d-d965ccfc6d4b" outcome="Passed" testListId="8c84fa94-04c1-424b-9868-57a2d4851a1d" relativeResultsDirectory="800f3aef-509e-494d-94dd-684d6b415492" /><UnitTestResult executionId="9bd85197-3bc9-4aaf-9b83-5266eb373431" testId="b8c32e31-fc2d-4577-90af-aa4f547631d1" testName="JilTests.DeserializeDynamicTests.LessThanOrEquals" computerName="SIEBL-4303-04" duration="00:00:00.0130000" startTime="2018-11-13T01:06:53.4735999-06:00" endTime="2018-11-13T01:06:53.4735999-06:00" testType="13cdc9d9-ddb5-4fa4-a97d-d965ccfc6d4b" outcome="Passed" testListId="8c84fa94-04c1-424b-9868-57a2d4851a1d" relativeResultsDirectory="9bd85197-3bc9-4aaf-9b83-5266eb373431" /><UnitTestResult executionId="fb666771-d512-42a1-857e-7282637be419" testId="32382bb8-ab6b-43fc-b762-899d0ad5b422" testName="JilTests.DeserializeDynamicTests.TimeSpans_Microsoft" computerName="SIEBL-4303-04" duration="00:00:00.1050000" startTime="2018-11-13T01:06:53.0609414-06:00" endTime="2018-11-13T01:06:53.0609414-06:00" testType="13cdc9d9-ddb5-4fa4-a97d-d965ccfc6d4b" outcome="Passed" testListId="8c84fa94-04c1-424b-9868-57a2d4851a1d" relativeResultsDirectory="fb666771-d512-42a1-857e-7282637be419" /><UnitTestResult executionId="e01aa59d-2f51-49de-a173-13c017af2038" testId="bb3a65c9-b151-4ea2-b3db-7cbe2c911bf9" testName="JilTests.SerializeTests.Issue165" computerName="SIEBL-4303-04" duration="00:00:00.0010000" startTime="2018-11-13T01:06:57.5002234-06:00" endTime="2018-11-13T01:06:57.5002234-06:00" testType="13cdc9d9-ddb5-4fa4-a97d-d965ccfc6d4b" outcome="Passed" testListId="8c84fa94-04c1-424b-9868-57a2d4851a1d" relativeResultsDirectory="e01aa59d-2f51-49de-a173-13c017af2038" /><UnitTestResult executionId="0ca7a1fa-1955-4fe7-99c8-02f892e63901" testId="0e886fc1-8c5f-418f-ad5b-a0b4c9b1407c" testName="JilTests.SerializeTests.Properties" computerName="SIEBL-4303-04" duration="00:00:00.0050000" startTime="2018-11-13T01:06:50.8961395-06:00" endTime="2018-11-13T01:06:50.8961395-06:00" testType="13cdc9d9-ddb5-4fa4-a97d-d965ccfc6d4b" outcome="Passed" testListId="8c84fa94-04c1-424b-9868-57a2d4851a1d" relativeResultsDirectory="0ca7a1fa-1955-4fe7-99c8-02f892e63901" /><UnitTestResult executionId="d8eea363-2d82-4341-af2c-7da292515f8c" testId="94439d11-b4c9-4e08-8970-6c018126e989" testName="JilTests.DeserializeDynamicTests.Issue143DateTime" computerName="SIEBL-4303-04" duration="00:00:00.0010000" startTime="2018-11-13T01:06:53.2532849-06:00" endTime="2018-11-13T01:06:53.2532849-06:00" testType="13cdc9d9-ddb5-4fa4-a97d-d965ccfc6d4b" outcome="Passed" testListId="8c84fa94-04c1-424b-9868-57a2d4851a1d" relativeResultsDirectory="d8eea363-2d82-4341-af2c-7da292515f8c" /><UnitTestResult executionId="427260f2-d3be-4ede-8382-53a6013dda55" testId="bc4baf69-4e2d-4ca3-b618-ff848e0616f5" testName="JilTests.DeserializeTests.IDictionaries" computerName="SIEBL-4303-04" duration="00:00:00.7350000" startTime="2018-11-13T01:07:01.8462944-06:00" endTime="2018-11-13T01:07:01.8462944-06:00" testType="13cdc9d9-ddb5-4fa4-a97d-d965ccfc6d4b" outcome="Passed" testListId="8c84fa94-04c1-424b-9868-57a2d4851a1d" relativeResultsDirectory="427260f2-d3be-4ede-8382-53a6013dda55" /><UnitTestResult executionId="2e6e1fa2-433f-4902-8f4b-57d61d372c3b" testId="2c91266f-0b1f-4f70-bdc7-c754d439756d" testName="JilTests.DeserializeTests.Surrogates" computerName="SIEBL-4303-04" duration="00:00:00.0010000" startTime="2018-11-13T01:07:07.8119276-06:00" endTime="2018-11-13T01:07:07.8119276-06:00" testType="13cdc9d9-ddb5-4fa4-a97d-d965ccfc6d4b" outcome="Passed" testListId="8c84fa94-04c1-424b-9868-57a2d4851a1d" relativeResultsDirectory="2e6e1fa2-433f-4902-8f4b-57d61d372c3b" /><UnitTestResult executionId="5b276808-ada0-4899-a565-cabeaa4b07d7" testId="df243c4c-6346-420e-b4d0-32aa9f485a96" testName="JilTests.DeserializeTests.MillisecondDateTimes" computerName="SIEBL-4303-04" duration="00:00:00.0020000" startTime="2018-11-13T01:07:04.4246816-06:00" endTime="2018-11-13T01:07:04.4246816-06:00" testType="13cdc9d9-ddb5-4fa4-a97d-d965ccfc6d4b" outcome="Passed" testListId="8c84fa94-04c1-424b-9868-57a2d4851a1d" relativeResultsDirectory="5b276808-ada0-4899-a565-cabeaa4b07d7" /><UnitTestResult executionId="d6c03d30-e913-4a7a-85c0-b096e65b919d" testId="250ca19d-7c81-4a52-9334-6557fc1725c5" testName="JilTests.DeserializeTests.IEnumerableMember" computerName="SIEBL-4303-04" duration="00:00:00.0470000" startTime="2018-11-13T01:07:06.9323407-06:00" endTime="2018-11-13T01:07:06.9323407-06:00" testType="13cdc9d9-ddb5-4fa4-a97d-d965ccfc6d4b" outcome="Passed" testListId="8c84fa94-04c1-424b-9868-57a2d4851a1d" relativeResultsDirectory="d6c03d30-e913-4a7a-85c0-b096e65b919d" /><UnitTestResult executionId="02242512-7db8-496d-a89f-de8680e9ed45" testId="42786b3d-abcd-4c57-9df6-42c4a6605118" testName="JilTests.DeserializeTests.LargeCharBuffer" computerName="SIEBL-4303-04" duration="00:00:00.0520000" startTime="2018-11-13T01:07:01.0459498-06:00" endTime="2018-11-13T01:07:01.0459498-06:00" testType="13cdc9d9-ddb5-4fa4-a97d-d965ccfc6d4b" outcome="Passed" testListId="8c84fa94-04c1-424b-9868-57a2d4851a1d" relativeResultsDirectory="02242512-7db8-496d-a89f-de8680e9ed45" /><UnitTestResult executionId="3189022a-174b-4c4c-af36-4080932dd483" testId="e80d4604-0086-4dfc-a1c3-1596fffc9c59" testName="JilTests.DeserializeDynamicTests.Array" computerName="SIEBL-4303-04" duration="00:00:00.0070000" startTime="2018-11-13T01:06:52.2512748-06:00" endTime="2018-11-13T01:06:52.2512748-06:00" testType="13cdc9d9-ddb5-4fa4-a97d-d965ccfc6d4b" outcome="Passed" testListId="8c84fa94-04c1-424b-9868-57a2d4851a1d" relativeResultsDirectory="3189022a-174b-4c4c-af36-4080932dd483" /><UnitTestResult executionId="8a32a724-ee11-4c19-a800-4bc3abc684eb" testId="926a6978-3ca8-477c-81e6-c730de4a5620" testName="JilTests.DeserializeDynamicTests.IEnumerableDynamic" computerName="SIEBL-4303-04" duration="00:00:00.0100000" startTime="2018-11-13T01:06:53.5806698-06:00" endTime="2018-11-13T01:06:53.5806698-06:00" testType="13cdc9d9-ddb5-4fa4-a97d-d965ccfc6d4b" outcome="Passed" testListId="8c84fa94-04c1-424b-9868-57a2d4851a1d" relativeResultsDirectory="8a32a724-ee11-4c19-a800-4bc3abc684eb" /><UnitTestResult executionId="52147679-f207-465e-b11e-63bf5898ce14" testId="b78bb3b4-cc63-4024-a524-b4fa0ad65c7b" testName="JilTests.DynamicSerializationTests.Issue139" computerName="SIEBL-4303-04" duration="00:00:00.0100000" startTime="2018-11-13T01:06:50.9981943-06:00" endTime="2018-11-13T01:06:50.9981943-06:00" testType="13cdc9d9-ddb5-4fa4-a97d-d965ccfc6d4b" outcome="Passed" testListId="8c84fa94-04c1-424b-9868-57a2d4851a1d" relativeResultsDirectory="52147679-f207-465e-b11e-63bf5898ce14" /><UnitTestResult executionId="9b7448ce-5b60-4480-8ab5-2bf1ec8d3799" testId="48da120c-aa36-458c-ac82-7c89295a62d6" testName="JilTests.DeserializeDynamicTests.ISO8601DateTimeOffsets" computerName="SIEBL-4303-04" duration="00:00:00.0820000" startTime="2018-11-13T01:06:52.2392665-06:00" endTime="2018-11-13T01:06:52.2392665-06:00" testType="13cdc9d9-ddb5-4fa4-a97d-d965ccfc6d4b" outcome="Passed" testListId="8c84fa94-04c1-424b-9868-57a2d4851a1d" relativeResultsDirectory="9b7448ce-5b60-4480-8ab5-2bf1ec8d3799" /><UnitTestResult executionId="2bfb725e-9422-4096-89fb-d66e09cc8aea" testId="05e36519-4584-4ccc-a807-0ff0099c933c" testName="JilTests.DeserializeTests.Issue19" computerName="SIEBL-4303-04" duration="00:00:00.0270000" startTime="2018-11-13T01:07:07.0324075-06:00" endTime="2018-11-13T01:07:07.0324075-06:00" testType="13cdc9d9-ddb5-4fa4-a97d-d965ccfc6d4b" outcome="Passed" testListId="8c84fa94-04c1-424b-9868-57a2d4851a1d" relativeResultsDirectory="2bfb725e-9422-4096-89fb-d66e09cc8aea" /><UnitTestResult executionId="290354f3-4543-43c7-956d-0a709d890bb9" testId="639b47fd-e25f-4ed3-8137-719fbefc50aa" testName="JilTests.DeserializeTests.BadDecimal(input: &quot;1.2.3.4.5.6&quot;, expectedSnippetAfter: &quot;.3.4.5.6&quot;)" computerName="SIEBL-4303-04" duration="00:00:00.0010000" startTime="2018-11-13T01:07:00.3708523-06:00" endTime="2018-11-13T01:07:00.3708523-06:00" testType="13cdc9d9-ddb5-4fa4-a97d-d965ccfc6d4b" outcome="Passed" testListId="8c84fa94-04c1-424b-9868-57a2d4851a1d" relativeResultsDirectory="290354f3-4543-43c7-956d-0a709d890bb9" /><UnitTestResult executionId="c5103c2a-48d3-431e-9e94-30e8141de384" testId="2d813826-1963-4e38-928b-aa3ad944cfc7" testName="JilTests.DeserializeTests.DictionaryNumberKeys" computerName="SIEBL-4303-04" duration="00:00:00.2380000" startTime="2018-11-13T01:07:08.0570900-06:00" endTime="2018-11-13T01:07:08.0570900-06:00" testType="13cdc9d9-ddb5-4fa4-a97d-d965ccfc6d4b" outcome="Passed" testListId="8c84fa94-04c1-424b-9868-57a2d4851a1d" relativeResultsDirectory="c5103c2a-48d3-431e-9e94-30e8141de384" /><UnitTestResult executionId="d6a5cb01-e980-4ebe-ad3f-6f64a544491d" testId="222bd388-f5f6-4c57-b3e3-d2303ee5ddd4" testName="JilTests.DeserializeTests.NoNameDataMember" computerName="SIEBL-4303-04" duration="00:00:00.0260000" startTime="2018-11-13T01:06:56.1836130-06:00" endTime="2018-11-13T01:06:56.1836130-06:00" testType="13cdc9d9-ddb5-4fa4-a97d-d965ccfc6d4b" outcome="Passed" testListId="8c84fa94-04c1-424b-9868-57a2d4851a1d" relativeResultsDirectory="d6a5cb01-e980-4ebe-ad3f-6f64a544491d" /><UnitTestResult executionId="2931f77c-1218-4cd4-a7f2-3ae8883a68fc" testId="2fa6903f-7888-4395-b621-2309930d80ee" testName="JilTests.DeepObjectGraphTests.DeepObjectGraphShouldNotBeEmpty" computerName="SIEBL-4303-04" duration="00:00:00.9690000" startTime="2018-11-13T01:06:50.2730130-06:00" endTime="2018-11-13T01:06:50.2730130-06:00" testType="13cdc9d9-ddb5-4fa4-a97d-d965ccfc6d4b" outcome="Passed" testListId="8c84fa94-04c1-424b-9868-57a2d4851a1d" relativeResultsDirectory="2931f77c-1218-4cd4-a7f2-3ae8883a68fc" /><UnitTestResult executionId="8c3b09fd-2b6c-43b4-9482-74f08d1ee4f9" testId="72458421-d2c0-450e-b8ef-e9637715c5a3" testName="JilTests.SerializeTests.Enumerables" computerName="SIEBL-4303-04" duration="00:00:00.1030000" startTime="2018-11-13T01:06:49.9838197-06:00" endTime="2018-11-13T01:06:49.9838197-06:00" testType="13cdc9d9-ddb5-4fa4-a97d-d965ccfc6d4b" outcome="Passed" testListId="8c84fa94-04c1-424b-9868-57a2d4851a1d" relativeResultsDirectory="8c3b09fd-2b6c-43b4-9482-74f08d1ee4f9" /><UnitTestResult executionId="fe3551ac-7797-4dc7-98fd-4c8a6caa7430" testId="0094112d-9750-436c-bb3b-6a3b43610f0c" testName="JilTests.DeserializeTests.MalformedISO8601(dateString: &quot;\&quot;1900-\&quot;&quot;, expectedError: &quot;Unexpected date string length&quot;)" computerName="SIEBL-4303-04" duration="00:00:00.0010000" startTime="2018-11-13T01:06:49.5665416-06:00" endTime="2018-11-13T01:06:49.5665416-06:00" testType="13cdc9d9-ddb5-4fa4-a97d-d965ccfc6d4b" outcome="Passed" testListId="8c84fa94-04c1-424b-9868-57a2d4851a1d" relativeResultsDirectory="fe3551ac-7797-4dc7-98fd-4c8a6caa7430" /><UnitTestResult executionId="d31acb61-4584-4ae8-8c1f-674ac2fd429e" testId="a8216a1b-7f8f-4ee8-8089-018a96a718e0" testName="JilTests.DeserializeTests.IReadOnlyListMember" computerName="SIEBL-4303-04" duration="00:00:00.0760000" startTime="2018-11-13T01:07:00.9899106-06:00" endTime="2018-11-13T01:07:00.9899106-06:00" testType="13cdc9d9-ddb5-4fa4-a97d-d965ccfc6d4b" outcome="Passed" testListId="8c84fa94-04c1-424b-9868-57a2d4851a1d" relativeResultsDirectory="d31acb61-4584-4ae8-8c1f-674ac2fd429e" /><UnitTestResult executionId="9ab2b43f-610f-492c-8f63-52b8ca17835b" testId="7b49f109-4e2b-4d7e-a4a7-1ff0072cce60" testName="JilTests.DeserializeDynamicTests.Divide" computerName="SIEBL-4303-04" duration="00:00:00.0080000" startTime="2018-11-13T01:06:52.4773101-06:00" endTime="2018-11-13T01:06:52.4773101-06:00" testType="13cdc9d9-ddb5-4fa4-a97d-d965ccfc6d4b" outcome="Passed" testListId="8c84fa94-04c1-424b-9868-57a2d4851a1d" relativeResultsDirectory="9ab2b43f-610f-492c-8f63-52b8ca17835b" /><UnitTestResult executionId="d7bdbe59-a91f-42dd-b02f-ef1ba99438cb" testId="aeb84ac8-c852-4b4d-b923-0aeb92f1b820" testName="JilTests.DeserializeTests.Issue117_Float" computerName="SIEBL-4303-04" duration="00:00:00.0130000" startTime="2018-11-13T01:06:53.6507160-06:00" endTime="2018-11-13T01:06:53.6507160-06:00" testType="13cdc9d9-ddb5-4fa4-a97d-d965ccfc6d4b" outcome="Passed" testListId="8c84fa94-04c1-424b-9868-57a2d4851a1d" relativeResultsDirectory="d7bdbe59-a91f-42dd-b02f-ef1ba99438cb" /><UnitTestResult executionId="0d7fb62a-1147-4207-a923-c65c94438bfb" testId="707b0f13-c998-4589-9ef9-9f49e21300cf" testName="JilTests.DeserializeTests.MicrosoftDateTimeOffsets" computerName="SIEBL-4303-04" duration="00:00:00.0670000" startTime="2018-11-13T01:06:56.1565950-06:00" endTime="2018-11-13T01:06:56.1565950-06:00" testType="13cdc9d9-ddb5-4fa4-a97d-d965ccfc6d4b" outcome="Passed" testListId="8c84fa94-04c1-424b-9868-57a2d4851a1d" relativeResultsDirectory="0d7fb62a-1147-4207-a923-c65c94438bfb" /><UnitTestResult executionId="49360528-7258-49c7-954c-c72d6b8b4f53" testId="ce8289be-2647-4c47-99de-8907381a54a7" testName="JilTests.DeserializeDynamicTests.UnsignedSmallNumberTests" computerName="SIEBL-4303-04" duration="00:00:00.1070000" startTime="2018-11-13T01:06:53.4535856-06:00" endTime="2018-11-13T01:06:53.4535856-06:00" testType="13cdc9d9-ddb5-4fa4-a97d-d965ccfc6d4b" outcome="Passed" testListId="8c84fa94-04c1-424b-9868-57a2d4851a1d" relativeResultsDirectory="49360528-7258-49c7-954c-c72d6b8b4f53" /><UnitTestResult executionId="d35a6cb5-0cdb-4668-94a7-e0265016ffec" testId="1e99afe6-3499-4184-a799-c89b20ae067e" testName="JilTests.DeserializeDynamicTests.Issue61" computerName="SIEBL-4303-04" duration="00:00:00.0120000" startTime="2018-11-13T01:06:52.2582795-06:00" endTime="2018-11-13T01:06:52.2582795-06:00" testType="13cdc9d9-ddb5-4fa4-a97d-d965ccfc6d4b" outcome="Passed" testListId="8c84fa94-04c1-424b-9868-57a2d4851a1d" relativeResultsDirectory="d35a6cb5-0cdb-4668-94a7-e0265016ffec" /><UnitTestResult executionId="96456f55-df72-4f41-80a9-8524819a2353" testId="a64138bf-9f93-4c9e-b462-85874142e58b" testName="JilTests.DeserializeTests.UShort" computerName="SIEBL-4303-04" duration="00:00:01.1720000" startTime="2018-11-13T01:07:03.6401584-06:00" endTime="2018-11-13T01:07:03.6401584-06:00" testType="13cdc9d9-ddb5-4fa4-a97d-d965ccfc6d4b" outcome="Passed" testListId="8c84fa94-04c1-424b-9868-57a2d4851a1d" relativeResultsDirectory="96456f55-df72-4f41-80a9-8524819a2353" /><UnitTestResult executionId="5bb400d9-408c-4e21-8020-a31cf36c678d" testId="803ba899-53a3-4b52-ad42-bb0d71a9fab0" testName="JilTests.SerializeTests.Issue270" computerName="SIEBL-4303-04" duration="00:00:00.0480000" startTime="2018-11-13T01:07:02.0236849-06:00" endTime="2018-11-13T01:07:02.0236849-06:00" testType="13cdc9d9-ddb5-4fa4-a97d-d965ccfc6d4b" outcome="Passed" testListId="8c84fa94-04c1-424b-9868-57a2d4851a1d" relativeResultsDirectory="5bb400d9-408c-4e21-8020-a31cf36c678d" /><UnitTestResult executionId="373db666-d548-4a09-8b59-ebd6ce8a6e99" testId="63d36f51-771f-4c73-94ee-c977e1475061" testName="JilTests.SerializeTests.MicrosoftTimeSpans" computerName="SIEBL-4303-04" duration="00:00:00.0620000" startTime="2018-11-13T01:06:50.0348540-06:00" endTime="2018-11-13T01:06:50.0348540-06:00" testType="13cdc9d9-ddb5-4fa4-a97d-d965ccfc6d4b" outcome="Passed" testListId="8c84fa94-04c1-424b-9868-57a2d4851a1d" relativeResultsDirectory="373db666-d548-4a09-8b59-ebd6ce8a6e99" /><UnitTestResult executionId="3a54b590-525b-4c2a-a263-b5d18f675e71" testId="c0384fc7-8ebe-4f4c-99c5-308f28355af0" testName="JilTests.DeserializeTests.MalformedISO8601(dateString: &quot;\&quot;1999-W01-8\&quot;&quot;, expectedError: &quot;Expected day to be a digit between 1 and 7&quot;)" computerName="SIEBL-4303-04" duration="00:00:00.0010000" startTime="2018-11-13T01:06:49.5645402-06:00" endTime="2018-11-13T01:06:49.5645402-06:00" testType="13cdc9d9-ddb5-4fa4-a97d-d965ccfc6d4b" outcome="Passed" testListId="8c84fa94-04c1-424b-9868-57a2d4851a1d" relativeResultsDirectory="3a54b590-525b-4c2a-a263-b5d18f675e71" /><UnitTestResult executionId="14d6687f-b73e-44fd-aba4-2d9901ff9539" testId="eb706267-8161-495c-8bc5-a65158a5facd" testName="JilTests.SerializeTests.Primitive" computerName="SIEBL-4303-04" duration="00:00:00.3410000" startTime="2018-11-13T01:07:06.2955306-06:00" endTime="2018-11-13T01:07:06.2955306-06:00" testType="13cdc9d9-ddb5-4fa4-a97d-d965ccfc6d4b" outcome="Passed" testListId="8c84fa94-04c1-424b-9868-57a2d4851a1d" relativeResultsDirectory="14d6687f-b73e-44fd-aba4-2d9901ff9539" /><UnitTestResult executionId="f6331feb-98a0-4f9c-8fa0-533b86ae088c" testId="4be1808f-6ba7-4f78-b99e-6275f10fd89c" testName="JilTests.DeserializeTests.Issue117_Long" computerName="SIEBL-4303-04" duration="00:00:00.0140000" startTime="2018-11-13T01:06:52.3183186-06:00" endTime="2018-11-13T01:06:52.3183186-06:00" testType="13cdc9d9-ddb5-4fa4-a97d-d965ccfc6d4b" outcome="Passed" testListId="8c84fa94-04c1-424b-9868-57a2d4851a1d" relativeResultsDirectory="f6331feb-98a0-4f9c-8fa0-533b86ae088c" /><UnitTestResult executionId="7ec15fa8-8f56-4393-b1ec-669c24c85346" testId="a0f16c7d-54b9-4b33-9a38-e50448795103" testName="JilTests.DeserializeTests.Issue143DateTimeOffset" computerName="SIEBL-4303-04" duration="00:00:00.0110000" startTime="2018-11-13T01:07:00.3768575-06:00" endTime="2018-11-13T01:07:00.3768575-06:00" testType="13cdc9d9-ddb5-4fa4-a97d-d965ccfc6d4b" outcome="Passed" testListId="8c84fa94-04c1-424b-9868-57a2d4851a1d" relativeResultsDirectory="7ec15fa8-8f56-4393-b1ec-669c24c85346" /><UnitTestResult executionId="d0967dbb-0404-456f-8f54-927005d0263f" testId="bd0c5c48-ca01-4376-ab88-81edf589f46d" testName="JilTests.DeserializeTests.EnumEscapes" computerName="SIEBL-4303-04" duration="00:00:00.0570000" startTime="2018-11-13T01:06:57.8664454-06:00" endTime="2018-11-13T01:06:57.8664454-06:00" testType="13cdc9d9-ddb5-4fa4-a97d-d965ccfc6d4b" outcome="Passed" testListId="8c84fa94-04c1-424b-9868-57a2d4851a1d" relativeResultsDirectory="d0967dbb-0404-456f-8f54-927005d0263f" /><UnitTestResult executionId="15d3493a-27a2-41f8-b896-fea9e7c6ad60" testId="44a23519-d237-4fc3-8dd3-76940f2d02a8" testName="JilTests.DynamicSerializationTests.Simple" computerName="SIEBL-4303-04" duration="00:00:00.0270000" startTime="2018-11-13T01:06:51.0812497-06:00" endTime="2018-11-13T01:06:51.0812497-06:00" testType="13cdc9d9-ddb5-4fa4-a97d-d965ccfc6d4b" outcome="Passed" testListId="8c84fa94-04c1-424b-9868-57a2d4851a1d" relativeResultsDirectory="15d3493a-27a2-41f8-b896-fea9e7c6ad60" /><UnitTestResult executionId="9393836f-8493-4443-a2fe-50febdd9aa84" testId="bbe5e0d3-afa7-49e9-984e-128592f48982" testName="JilTests.DeserializeDynamicTests.Subtract" computerName="SIEBL-4303-04" duration="00:00:00.0060000" startTime="2018-11-13T01:06:53.4605894-06:00" endTime="2018-11-13T01:06:53.4605894-06:00" testType="13cdc9d9-ddb5-4fa4-a97d-d965ccfc6d4b" outcome="Passed" testListId="8c84fa94-04c1-424b-9868-57a2d4851a1d" relativeResultsDirectory="9393836f-8493-4443-a2fe-50febdd9aa84" /><UnitTestResult executionId="8b80acc1-af2c-4abf-b13a-641aa47d99b4" testId="6a067884-b741-45e4-922e-5da9d1fabe06" testName="JilTests.DeserializeDynamicTests.Bool" computerName="SIEBL-4303-04" duration="00:00:00.0010000" startTime="2018-11-13T01:06:52.4023747-06:00" endTime="2018-11-13T01:06:52.4023747-06:00" testType="13cdc9d9-ddb5-4fa4-a97d-d965ccfc6d4b" outcome="Passed" testListId="8c84fa94-04c1-424b-9868-57a2d4851a1d" relativeResultsDirectory="8b80acc1-af2c-4abf-b13a-641aa47d99b4" /><UnitTestResult executionId="e3ecf8dc-a716-408a-977c-dfbb701530f1" testId="1b4c2f92-66a6-492a-9312-e211b77b4e6b" testName="JilTests.DeserializeTests.MalformedISO8601(dateString: &quot;\&quot;1999-W00\&quot;&quot;, expectedError: &quot;Expected week to be between 01 and 53&quot;)" computerName="SIEBL-4303-04" duration="00:00:00.0010000" startTime="2018-11-13T01:06:49.5795502-06:00" endTime="2018-11-13T01:06:49.5795502-06:00" testType="13cdc9d9-ddb5-4fa4-a97d-d965ccfc6d4b" outcome="Passed" testListId="8c84fa94-04c1-424b-9868-57a2d4851a1d" relativeResultsDirectory="e3ecf8dc-a716-408a-977c-dfbb701530f1" /><UnitTestResult executionId="e1c11a68-71df-4c03-a524-11833c2d0676" testId="6cf6b3f1-812a-4939-8c38-647db5b6594a" testName="JilTests.DeserializeDynamicTests.Object" computerName="SIEBL-4303-04" duration="00:00:00.0150000" startTime="2018-11-13T01:06:52.4733077-06:00" endTime="2018-11-13T01:06:52.4733077-06:00" testType="13cdc9d9-ddb5-4fa4-a97d-d965ccfc6d4b" outcome="Passed" testListId="8c84fa94-04c1-424b-9868-57a2d4851a1d" relativeResultsDirectory="e1c11a68-71df-4c03-a524-11833c2d0676" /><UnitTestResult executionId="dc7edbdb-97a7-440c-85dd-49b8d56a8a77" testId="99350d7c-b5d3-4eeb-a869-af00521b0e93" testName="JilTests.UtilsTests.Issue119" computerName="SIEBL-4303-04" duration="00:00:00.0010000" startTime="2018-11-13T01:06:49.4334528-06:00" endTime="2018-11-13T01:06:49.4334528-06:00" testType="13cdc9d9-ddb5-4fa4-a97d-d965ccfc6d4b" outcome="Passed" testListId="8c84fa94-04c1-424b-9868-57a2d4851a1d" relativeResultsDirectory="dc7edbdb-97a7-440c-85dd-49b8d56a8a77" /><UnitTestResult executionId="0b3bec18-5ec4-49f0-8f93-bf91950f72fe" testId="d331ac5f-98ca-4352-a0e3-f9b0d3f2b326" testName="JilTests.DeserializeTests.EarlyStreamEnds" computerName="SIEBL-4303-04" duration="00:00:00.0450000" startTime="2018-11-13T01:06:52.4488211-06:00" endTime="2018-11-13T01:06:52.4488211-06:00" testType="13cdc9d9-ddb5-4fa4-a97d-d965ccfc6d4b" outcome="Passed" testListId="8c84fa94-04c1-424b-9868-57a2d4851a1d" relativeResultsDirectory="0b3bec18-5ec4-49f0-8f93-bf91950f72fe" /><UnitTestResult executionId="11482f02-8213-4f97-ba59-07af1a6aa52e" testId="c956e6c1-bbaf-4f83-83e8-475fe619184b" testName="JilTests.DeserializeDynamicTests.GreaterThan" computerName="SIEBL-4303-04" duration="00:00:00.0040000" startTime="2018-11-13T01:06:52.3913680-06:00" endTime="2018-11-13T01:06:52.3913680-06:00" testType="13cdc9d9-ddb5-4fa4-a97d-d965ccfc6d4b" outcome="Passed" testListId="8c84fa94-04c1-424b-9868-57a2d4851a1d" relativeResultsDirectory="11482f02-8213-4f97-ba59-07af1a6aa52e" /><UnitTestResult executionId="200f4505-f61f-457a-9e13-08b6371dfd79" testId="10d8e601-ad48-4140-acd3-b7a56ed73d5c" testName="JilTests.SerializeTests.PrimitiveWrapperMembers" computerName="SIEBL-4303-04" duration="00:00:00.0130000" startTime="2018-11-13T01:06:51.6914952-06:00" endTime="2018-11-13T01:06:51.6914952-06:00" testType="13cdc9d9-ddb5-4fa4-a97d-d965ccfc6d4b" outcome="Passed" testListId="8c84fa94-04c1-424b-9868-57a2d4851a1d" relativeResultsDirectory="200f4505-f61f-457a-9e13-08b6371dfd79" /><UnitTestResult executionId="07193c75-e966-4995-a25f-20b45dda63e3" testId="1e354849-888d-43a2-a659-e8baab3ccbf3" testName="JilTests.DeserializeTests.Issue270" computerName="SIEBL-4303-04" duration="00:00:00.0180000" startTime="2018-11-13T01:06:55.5754748-06:00" endTime="2018-11-13T01:06:55.5754748-06:00" testType="13cdc9d9-ddb5-4fa4-a97d-d965ccfc6d4b" outcome="Passed" testListId="8c84fa94-04c1-424b-9868-57a2d4851a1d" relativeResultsDirectory="07193c75-e966-4995-a25f-20b45dda63e3" /><UnitTestResult executionId="97fb5548-5edc-4fd9-9c29-445fc2a9371f" testId="faaf48c9-8c01-4f3a-af5b-487e6fe5de9b" testName="JilTests.DeserializeDynamicTests.Null" computerName="SIEBL-4303-04" duration="00:00:00.0010000" startTime="2018-11-13T01:06:53.2622915-06:00" endTime="2018-11-13T01:06:53.2622915-06:00" testType="13cdc9d9-ddb5-4fa4-a97d-d965ccfc6d4b" outcome="Passed" testListId="8c84fa94-04c1-424b-9868-57a2d4851a1d" relativeResultsDirectory="97fb5548-5edc-4fd9-9c29-445fc2a9371f" /><UnitTestResult executionId="049f8984-92de-41dd-96ae-dca1824a48a8" testId="391954dc-7ba1-4db3-b11c-df9592422535" testName="JilTests.EnumFlagsTest.TestEnumFlagsDeserialize" computerName="SIEBL-4303-04" duration="00:00:00.6700000" startTime="2018-11-13T01:06:49.9858213-06:00" endTime="2018-11-13T01:06:49.9858213-06:00" testType="13cdc9d9-ddb5-4fa4-a97d-d965ccfc6d4b" outcome="Passed" testListId="8c84fa94-04c1-424b-9868-57a2d4851a1d" relativeResultsDirectory="049f8984-92de-41dd-96ae-dca1824a48a8" /><UnitTestResult executionId="de581a3e-03bc-4096-8f9d-6f2355c15b51" testId="b4297d36-6fdf-441f-84e1-0877e86c62e0" testName="JilTests.DeserializeDynamicTests.LongDateTimes" computerName="SIEBL-4303-04" duration="00:00:00.0160000" startTime="2018-11-13T01:06:49.9477960-06:00" endTime="2018-11-13T01:06:49.9477960-06:00" testType="13cdc9d9-ddb5-4fa4-a97d-d965ccfc6d4b" outcome="Passed" testListId="8c84fa94-04c1-424b-9868-57a2d4851a1d" relativeResultsDirectory="de581a3e-03bc-4096-8f9d-6f2355c15b51" /><UnitTestResult executionId="9f494066-7c4c-4972-bb93-5df0feb099c6" testId="00dfd8ef-2f4a-488d-b4e9-4dbd083163ec" testName="JilTests.DeserializeTests.Chars" computerName="SIEBL-4303-04" duration="00:00:00.0150000" startTime="2018-11-13T01:06:57.0739393-06:00" endTime="2018-11-13T01:06:57.0739393-06:00" testType="13cdc9d9-ddb5-4fa4-a97d-d965ccfc6d4b" outcome="Passed" testListId="8c84fa94-04c1-424b-9868-57a2d4851a1d" relativeResultsDirectory="9f494066-7c4c-4972-bb93-5df0feb099c6" /><UnitTestResult executionId="dbed5b31-41c6-49cb-8fdd-27c0d417c4d1" testId="cc961938-b98b-4fc6-9891-244e6505f24e" testName="JilTests.SerializeTests.Issue147" computerName="SIEBL-4303-04" duration="00:00:00.0200000" startTime="2018-11-13T01:07:06.3669619-06:00" endTime="2018-11-13T01:07:06.3669619-06:00" testType="13cdc9d9-ddb5-4fa4-a97d-d965ccfc6d4b" outcome="Passed" testListId="8c84fa94-04c1-424b-9868-57a2d4851a1d" relativeResultsDirectory="dbed5b31-41c6-49cb-8fdd-27c0d417c4d1" /><UnitTestResult executionId="8580b433-89da-41e7-93bf-1e904ebaf086" testId="c139b87f-afc6-404a-ba31-0e8180a4f662" testName="JilTests.DeserializeTests.MalformedISO8601(dateString: &quot;\&quot;1900-01-\&quot;&quot;, expectedError: &quot;Expected digit&quot;)" computerName="SIEBL-4303-04" duration="00:00:00.0010000" startTime="2018-11-13T01:06:49.5885562-06:00" endTime="2018-11-13T01:06:49.5885562-06:00" testType="13cdc9d9-ddb5-4fa4-a97d-d965ccfc6d4b" outcome="Passed" testListId="8c84fa94-04c1-424b-9868-57a2d4851a1d" relativeResultsDirectory="8580b433-89da-41e7-93bf-1e904ebaf086" /><UnitTestResult executionId="50a10d65-f96a-462b-a4ee-7edf6eb0fa91" testId="2e42f75b-2467-4119-90a7-4f9c95187458" testName="JilTests.SerializeTests.Issue101" computerName="SIEBL-4303-04" duration="00:00:00.0120000" startTime="2018-11-13T01:06:50.9251459-06:00" endTime="2018-11-13T01:06:50.9251459-06:00" testType="13cdc9d9-ddb5-4fa4-a97d-d965ccfc6d4b" outcome="Passed" testListId="8c84fa94-04c1-424b-9868-57a2d4851a1d" relativeResultsDirectory="50a10d65-f96a-462b-a4ee-7edf6eb0fa91" /><UnitTestResult executionId="4bfe09c0-b95c-436a-8678-05d6c157a24d" testId="f750cdbe-0fac-408f-8460-c823dfbba740" testName="JilTests.SerializeTests.Issue238" computerName="SIEBL-4303-04" duration="00:00:00.0210000" startTime="2018-11-13T01:07:01.7422612-06:00" endTime="2018-11-13T01:07:01.7422612-06:00" testType="13cdc9d9-ddb5-4fa4-a97d-d965ccfc6d4b" outcome="Passed" testListId="8c84fa94-04c1-424b-9868-57a2d4851a1d" relativeResultsDirectory="4bfe09c0-b95c-436a-8678-05d6c157a24d" /><UnitTestResult executionId="e279032d-5cf5-4eed-b2a4-85ae47b78d7b" testId="4abc3550-b2c4-4501-801f-5d948222ce4a" testName="JilTests.SerializeTests.CyclicalValueTypes" computerName="SIEBL-4303-04" duration="00:00:00.0480000" startTime="2018-11-13T01:06:57.1640003-06:00" endTime="2018-11-13T01:06:57.1640003-06:00" testType="13cdc9d9-ddb5-4fa4-a97d-d965ccfc6d4b" outcome="Passed" testListId="8c84fa94-04c1-424b-9868-57a2d4851a1d" relativeResultsDirectory="e279032d-5cf5-4eed-b2a4-85ae47b78d7b" /><UnitTestResult executionId="debdacd8-fd16-48f2-a7df-ab736d455bb4" testId="56c66e23-7a69-4584-8f64-6e96ecbc4494" testName="JilTests.DeserializeDynamicTests.Add" computerName="SIEBL-4303-04" duration="00:00:00.0090000" startTime="2018-11-13T01:06:52.4863182-06:00" endTime="2018-11-13T01:06:52.4863182-06:00" testType="13cdc9d9-ddb5-4fa4-a97d-d965ccfc6d4b" outcome="Passed" testListId="8c84fa94-04c1-424b-9868-57a2d4851a1d" relativeResultsDirectory="debdacd8-fd16-48f2-a7df-ab736d455bb4" /><UnitTestResult executionId="9e455691-5c58-49d8-ae9a-35f2fc2c12f1" testId="52f2ca8b-d34f-4d1b-aadf-b950ebcde1ff" testName="JilTests.DeserializeTests.MicrosoftTimeSpan" computerName="SIEBL-4303-04" duration="00:00:00.0080000" startTime="2018-11-13T01:07:07.8109266-06:00" endTime="2018-11-13T01:07:07.8109266-06:00" testType="13cdc9d9-ddb5-4fa4-a97d-d965ccfc6d4b" outcome="Passed" testListId="8c84fa94-04c1-424b-9868-57a2d4851a1d" relativeResultsDirectory="9e455691-5c58-49d8-ae9a-35f2fc2c12f1" /><UnitTestResult executionId="e284195e-43a6-46b1-8fce-da008a88da3b" testId="0002ae38-5938-47ba-a644-c7694b00ff71" testName="JilTests.DynamicSerializationTests.Issue158" computerName="SIEBL-4303-04" duration="00:00:00.0050000" startTime="2018-11-13T01:06:51.6444635-06:00" endTime="2018-11-13T01:06:51.6444635-06:00" testType="13cdc9d9-ddb5-4fa4-a97d-d965ccfc6d4b" outcome="Passed" testListId="8c84fa94-04c1-424b-9868-57a2d4851a1d" relativeResultsDirectory="e284195e-43a6-46b1-8fce-da008a88da3b" /><UnitTestResult executionId="1ee32287-cbc5-464b-b500-f2ec5e92f8e9" testId="bd6ef054-0fba-4656-8544-635bd42ae773" testName="JilTests.DeserializeTests.BadEnum" computerName="SIEBL-4303-04" duration="00:00:00.0380000" startTime="2018-11-13T01:07:08.3953172-06:00" endTime="2018-11-13T01:07:08.3953172-06:00" testType="13cdc9d9-ddb5-4fa4-a97d-d965ccfc6d4b" outcome="Passed" testListId="8c84fa94-04c1-424b-9868-57a2d4851a1d" relativeResultsDirectory="1ee32287-cbc5-464b-b500-f2ec5e92f8e9" /><UnitTestResult executionId="1ecef77e-e0e3-4e3b-8bb6-a481caed97bb" testId="df5f38c0-d08e-458f-a793-561883a8f0ec" testName="JilTests.SerializeTests.NullableMembers" computerName="SIEBL-4303-04" duration="00:00:00.0190000" startTime="2018-11-13T01:07:00.0540406-06:00" endTime="2018-11-13T01:07:00.0540406-06:00" testType="13cdc9d9-ddb5-4fa4-a97d-d965ccfc6d4b" outcome="Passed" testListId="8c84fa94-04c1-424b-9868-57a2d4851a1d" relativeResultsDirectory="1ecef77e-e0e3-4e3b-8bb6-a481caed97bb" /><UnitTestResult executionId="54ac0afe-c965-46f4-a968-892fdd488a4c" testId="d04efd7f-c398-445c-a18c-59388adda57d" testName="JilTests.DeserializeTests.Bools" computerName="SIEBL-4303-04" duration="00:00:00.0270000" startTime="2018-11-13T01:07:04.4226818-06:00" endTime="2018-11-13T01:07:04.4226818-06:00" testType="13cdc9d9-ddb5-4fa4-a97d-d965ccfc6d4b" outcome="Passed" testListId="8c84fa94-04c1-424b-9868-57a2d4851a1d" relativeResultsDirectory="54ac0afe-c965-46f4-a968-892fdd488a4c" /><UnitTestResult executionId="c2323537-76db-42d1-b6b3-452d7eaceee8" testId="87ff4070-1056-467e-ab54-539660c1365b" testName="JilTests.DeserializeTests.Issue143DateTime" computerName="SIEBL-4303-04" duration="00:00:00.0010000" startTime="2018-11-13T01:06:55.5584626-06:00" endTime="2018-11-13T01:06:55.5584626-06:00" testType="13cdc9d9-ddb5-4fa4-a97d-d965ccfc6d4b" outcome="Passed" testListId="8c84fa94-04c1-424b-9868-57a2d4851a1d" relativeResultsDirectory="c2323537-76db-42d1-b6b3-452d7eaceee8" /><UnitTestResult executionId="5a4addce-6abd-43b0-b5f0-8daff9c6b0e3" testId="2c32ab76-fd9f-4924-932f-0728f031ad1c" testName="JilTests.DeserializeTests.MalformedISO8601(dateString: &quot;\&quot;1999-02-29\&quot;&quot;, expectedError: &quot;ISO8601 date could not be mapped to DateTime&quot;)" computerName="SIEBL-4303-04" duration="00:00:00.0010000" startTime="2018-11-13T01:06:49.5815516-06:00" endTime="2018-11-13T01:06:49.5815516-06:00" testType="13cdc9d9-ddb5-4fa4-a97d-d965ccfc6d4b" outcome="Passed" testListId="8c84fa94-04c1-424b-9868-57a2d4851a1d" relativeResultsDirectory="5a4addce-6abd-43b0-b5f0-8daff9c6b0e3" /><UnitTestResult executionId="bc38ded5-34e3-46eb-ab79-06d70828e1e4" testId="347e88f7-6aa9-4063-a650-2eebe67a99fa" testName="JilTests.DeserializeDynamicTests.LessThan" computerName="SIEBL-4303-04" duration="00:00:00.0050000" startTime="2018-11-13T01:06:52.6694401-06:00" endTime="2018-11-13T01:06:52.6694401-06:00" testType="13cdc9d9-ddb5-4fa4-a97d-d965ccfc6d4b" outcome="Passed" testListId="8c84fa94-04c1-424b-9868-57a2d4851a1d" relativeResultsDirectory="bc38ded5-34e3-46eb-ab79-06d70828e1e4" /><UnitTestResult executionId="ec3891d9-1764-4e99-879c-670c76def124" testId="67d417d4-c4fb-4ffc-937e-7693cc310efb" testName="JilTests.BadlySpecifiedTypeTests.DeserializeReader" computerName="SIEBL-4303-04" duration="00:00:00.5250000" startTime="2018-11-13T01:06:49.8347205-06:00" endTime="2018-11-13T01:06:49.8347205-06:00" testType="13cdc9d9-ddb5-4fa4-a97d-d965ccfc6d4b" outcome="Passed" testListId="8c84fa94-04c1-424b-9868-57a2d4851a1d" relativeResultsDirectory="ec3891d9-1764-4e99-879c-670c76def124" /><UnitTestResult executionId="0f23de52-7d1f-433c-99b3-e9e7c3e0f7a3" testId="4ef0cdc8-70aa-4681-8460-de1206a2b307" testName="JilTests.DeserializeDynamicTests.MemberAccess" computerName="SIEBL-4303-04" duration="00:00:00.0040000" startTime="2018-11-13T01:06:52.6844501-06:00" endTime="2018-11-13T01:06:52.6844501-06:00" testType="13cdc9d9-ddb5-4fa4-a97d-d965ccfc6d4b" outcome="Passed" testListId="8c84fa94-04c1-424b-9868-57a2d4851a1d" relativeResultsDirectory="0f23de52-7d1f-433c-99b3-e9e7c3e0f7a3" /><UnitTestResult executionId="78b31c15-fbd6-42ba-8990-9944af9d0cb1" testId="be4c27d1-5b37-49c9-b85b-9940e6f842ca" testName="JilTests.DeserializeTests.Bytes" computerName="SIEBL-4303-04" duration="00:00:00.0070000" startTime="2018-11-13T01:07:02.0619180-06:00" endTime="2018-11-13T01:07:02.0619180-06:00" testType="13cdc9d9-ddb5-4fa4-a97d-d965ccfc6d4b" outcome="Passed" testListId="8c84fa94-04c1-424b-9868-57a2d4851a1d" relativeResultsDirectory="78b31c15-fbd6-42ba-8990-9944af9d0cb1" /><UnitTestResult executionId="46040f71-e60c-4e81-a78e-10cfb636927c" testId="ce2d03c6-970f-4a6c-9568-816189e323a7" testName="JilTests.DeserializeTests.IDictionaryIntToInt" computerName="SIEBL-4303-04" duration="00:00:00.0150000" startTime="2018-11-13T01:07:08.0941162-06:00" endTime="2018-11-13T01:07:08.0941162-06:00" testType="13cdc9d9-ddb5-4fa4-a97d-d965ccfc6d4b" outcome="Passed" testListId="8c84fa94-04c1-424b-9868-57a2d4851a1d" relativeResultsDirectory="46040f71-e60c-4e81-a78e-10cfb636927c" /><UnitTestResult executionId="3599d9c9-4f39-4b35-a34d-8c3b9a608118" testId="97613af3-a1a2-40b1-9274-591ec6569b4a" testName="JilTests.DeserializeTests.Issue117_Byte" computerName="SIEBL-4303-04" duration="00:00:00.0100000" startTime="2018-11-13T01:07:04.3026001-06:00" endTime="2018-11-13T01:07:04.3026001-06:00" testType="13cdc9d9-ddb5-4fa4-a97d-d965ccfc6d4b" outcome="Passed" testListId="8c84fa94-04c1-424b-9868-57a2d4851a1d" relativeResultsDirectory="3599d9c9-4f39-4b35-a34d-8c3b9a608118" /><UnitTestResult executionId="e7ff1447-b305-4e26-a988-ff437b56fb1a" testId="9ee996ff-4985-44bf-9da0-fa0961622157" testName="JilTests.DeserializeTests.Issue128" computerName="SIEBL-4303-04" duration="00:00:00.3310000" startTime="2018-11-13T01:07:00.7151200-06:00" endTime="2018-11-13T01:07:00.7151200-06:00" testType="13cdc9d9-ddb5-4fa4-a97d-d965ccfc6d4b" outcome="Passed" testListId="8c84fa94-04c1-424b-9868-57a2d4851a1d" relativeResultsDirectory="e7ff1447-b305-4e26-a988-ff437b56fb1a" /><UnitTestResult executionId="7657be5e-e006-47dd-bf40-dd2d83194fff" testId="241120a2-6bc1-4ce1-b74d-bd93b1dd0fd5" testName="JilTests.SerializeTests.Issue127" computerName="SIEBL-4303-04" duration="00:00:00.0230000" startTime="2018-11-13T01:07:02.2030121-06:00" endTime="2018-11-13T01:07:02.2030121-06:00" testType="13cdc9d9-ddb5-4fa4-a97d-d965ccfc6d4b" outcome="Passed" testListId="8c84fa94-04c1-424b-9868-57a2d4851a1d" relativeResultsDirectory="7657be5e-e006-47dd-bf40-dd2d83194fff" /><UnitTestResult executionId="e23ee04e-b48b-40f8-9995-7324d2a82fad" testId="ad4d9efe-7961-4bb6-baf5-d2f9ecfc5a7b" testName="JilTests.SerializeTests.Issue169" computerName="SIEBL-4303-04" duration="00:00:00.0160000" startTime="2018-11-13T01:07:01.7202462-06:00" endTime="2018-11-13T01:07:01.7202462-06:00" testType="13cdc9d9-ddb5-4fa4-a97d-d965ccfc6d4b" outcome="Passed" testListId="8c84fa94-04c1-424b-9868-57a2d4851a1d" relativeResultsDirectory="e23ee04e-b48b-40f8-9995-7324d2a82fad" /><UnitTestResult executionId="cf4a26a0-b6ad-4c51-b4a9-aacbdf675052" testId="86e6b71f-dc57-43c4-8448-19b216a376a7" testName="JilTests.SerializeTests.Enums" computerName="SIEBL-4303-04" duration="00:00:00.1670000" startTime="2018-11-13T01:06:57.4982221-06:00" endTime="2018-11-13T01:06:57.4982221-06:00" testType="13cdc9d9-ddb5-4fa4-a97d-d965ccfc6d4b" outcome="Passed" testListId="8c84fa94-04c1-424b-9868-57a2d4851a1d" relativeResultsDirectory="cf4a26a0-b6ad-4c51-b4a9-aacbdf675052" /><UnitTestResult executionId="94182f57-b6ee-43de-960f-ac8621f1919a" testId="cdb26b49-0e6f-492d-aa1c-8bb5a9e67071" testName="JilTests.SerializeTests.UnspecifiedToUtc" computerName="SIEBL-4303-04" duration="00:00:00.0050000" startTime="2018-11-13T01:06:59.9319594-06:00" endTime="2018-11-13T01:06:59.9319594-06:00" testType="13cdc9d9-ddb5-4fa4-a97d-d965ccfc6d4b" outcome="Passed" testListId="8c84fa94-04c1-424b-9868-57a2d4851a1d" relativeResultsDirectory="94182f57-b6ee-43de-960f-ac8621f1919a" /><UnitTestResult executionId="609bec7b-4a3e-4a41-8604-56252e64971e" testId="bc07f30f-5618-48ec-8063-e94a2bd470dd" testName="JilTests.SerializeTests.InnerLists" computerName="SIEBL-4303-04" duration="00:00:00.0080000" startTime="2018-11-13T01:06:57.6253081-06:00" endTime="2018-11-13T01:06:57.6253081-06:00" testType="13cdc9d9-ddb5-4fa4-a97d-d965ccfc6d4b" outcome="Passed" testListId="8c84fa94-04c1-424b-9868-57a2d4851a1d" relativeResultsDirectory="609bec7b-4a3e-4a41-8604-56252e64971e" /><UnitTestResult executionId="ed75ca68-4a5c-412f-9074-62a144d37498" testId="5350b61f-467d-4a0b-8821-389dad02cac6" testName="JilTests.SerializeTests.FlagsEnumWithZero" computerName="SIEBL-4303-04" duration="00:00:00.0380000" startTime="2018-11-13T01:07:03.6081373-06:00" endTime="2018-11-13T01:07:03.6081373-06:00" testType="13cdc9d9-ddb5-4fa4-a97d-d965ccfc6d4b" outcome="Passed" testListId="8c84fa94-04c1-424b-9868-57a2d4851a1d" relativeResultsDirectory="ed75ca68-4a5c-412f-9074-62a144d37498" /><UnitTestResult executionId="286a22dc-9d9c-4eae-99f1-9badbf00c181" testId="0f018871-488c-4f58-a4ef-79e6e0e6ee9f" testName="JilTests.SerializeTests.SimpleObject" computerName="SIEBL-4303-04" duration="00:00:00.2470000" startTime="2018-11-13T01:06:49.6055676-06:00" endTime="2018-11-13T01:06:49.6055676-06:00" testType="13cdc9d9-ddb5-4fa4-a97d-d965ccfc6d4b" outcome="Passed" testListId="8c84fa94-04c1-424b-9868-57a2d4851a1d" relativeResultsDirectory="286a22dc-9d9c-4eae-99f1-9badbf00c181" /><UnitTestResult executionId="c569f571-9c36-4abc-be25-842c36d4fb77" testId="09c7d1bf-e678-4b5d-a888-c2c7528e5404" testName="JilTests.UtilsTests.FindReusedTypes_DictDict" computerName="SIEBL-4303-04" duration="00:00:00.0010000" startTime="2018-11-13T01:06:50.4822509-06:00" endTime="2018-11-13T01:06:50.4822509-06:00" testType="13cdc9d9-ddb5-4fa4-a97d-d965ccfc6d4b" outcome="Passed" testListId="8c84fa94-04c1-424b-9868-57a2d4851a1d" relativeResultsDirectory="c569f571-9c36-4abc-be25-842c36d4fb77" /><UnitTestResult executionId="34bb7d6c-3d74-4480-9ccb-2f42566f2ec8" testId="2d23537c-9380-4e6a-b2d3-94e6594c3256" testName="JilTests.DynamicSerializationTests.ToStringJSON" computerName="SIEBL-4303-04" duration="00:00:00.1450000" startTime="2018-11-13T01:06:51.7989733-06:00" endTime="2018-11-13T01:06:51.7989733-06:00" testType="13cdc9d9-ddb5-4fa4-a97d-d965ccfc6d4b" outcome="Passed" testListId="8c84fa94-04c1-424b-9868-57a2d4851a1d" relativeResultsDirectory="34bb7d6c-3d74-4480-9ccb-2f42566f2ec8" /><UnitTestResult executionId="98925caf-b568-46bc-a7b4-b7c5bf2e47b0" testId="4309dab5-451b-486c-816f-58f841abc2f8" testName="JilTests.DeserializeDynamicTests.TrickyNumbers" computerName="SIEBL-4303-04" duration="00:00:00.0090000" startTime="2018-11-13T01:06:52.2702875-06:00" endTime="2018-11-13T01:06:52.2702875-06:00" testType="13cdc9d9-ddb5-4fa4-a97d-d965ccfc6d4b" outcome="Passed" testListId="8c84fa94-04c1-424b-9868-57a2d4851a1d" relativeResultsDirectory="98925caf-b568-46bc-a7b4-b7c5bf2e47b0" /><UnitTestResult executionId="153e84ff-f769-45e0-9d44-44a175e70278" testId="ac7f4e62-3ffa-4ffc-a1a9-fc6e7f9fc0b9" testName="JilTests.DeserializeTests.DataMemberName" computerName="SIEBL-4303-04" duration="00:00:00.1050000" startTime="2018-11-13T01:07:01.9826566-06:00" endTime="2018-11-13T01:07:01.9826566-06:00" testType="13cdc9d9-ddb5-4fa4-a97d-d965ccfc6d4b" outcome="Passed" testListId="8c84fa94-04c1-424b-9868-57a2d4851a1d" relativeResultsDirectory="153e84ff-f769-45e0-9d44-44a175e70278" /><UnitTestResult executionId="071eeb3c-6e69-4dc9-9ffc-61d0ba8a967d" testId="f0236ade-a880-4597-984f-31d7664f0b3f" testName="JilTests.DeserializeDynamicTests.Or" computerName="SIEBL-4303-04" duration="00:00:00.0270000" startTime="2018-11-13T01:06:52.4288071-06:00" endTime="2018-11-13T01:06:52.4288071-06:00" testType="13cdc9d9-ddb5-4fa4-a97d-d965ccfc6d4b" outcome="Passed" testListId="8c84fa94-04c1-424b-9868-57a2d4851a1d" relativeResultsDirectory="071eeb3c-6e69-4dc9-9ffc-61d0ba8a967d" /><UnitTestResult executionId="45b50d01-1a7b-41c3-a29f-32077f5df3cb" testId="783b42e8-fe08-4fd6-83b0-807257e753ff" testName="JilTests.DeserializeTests.ComplicatedDiscriminateUnion" computerName="SIEBL-4303-04" duration="00:00:00.4870000" startTime="2018-11-13T01:07:05.1097061-06:00" endTime="2018-11-13T01:07:05.1097061-06:00" testType="13cdc9d9-ddb5-4fa4-a97d-d965ccfc6d4b" outcome="Passed" testListId="8c84fa94-04c1-424b-9868-57a2d4851a1d" relativeResultsDirectory="45b50d01-1a7b-41c3-a29f-32077f5df3cb" /><UnitTestResult executionId="800c6d22-bc8f-4cb9-a2bc-cc0c6b5ab815" testId="85e2e1c3-e5cc-455f-82ce-835c80f0c094" testName="JilTests.DeserializeTests.DateTimeOffsetPreservesOffset" computerName="SIEBL-4303-04" duration="00:00:00.0110000" startTime="2018-11-13T01:07:03.6511657-06:00" endTime="2018-11-13T01:07:03.6511657-06:00" testType="13cdc9d9-ddb5-4fa4-a97d-d965ccfc6d4b" outcome="Passed" testListId="8c84fa94-04c1-424b-9868-57a2d4851a1d" relativeResultsDirectory="800c6d22-bc8f-4cb9-a2bc-cc0c6b5ab815" /><UnitTestResult executionId="e502d796-d37d-4ce5-a25c-ee946b942d98" testId="672d70d2-e818-490d-bf9a-f0addd884304" testName="JilTests.DeserializeTests.MicrosoftDateTimesWithTimeZones" computerName="SIEBL-4303-04" duration="00:00:02.1520000" startTime="2018-11-13T01:06:51.9110468-06:00" endTime="2018-11-13T01:06:51.9110468-06:00" testType="13cdc9d9-ddb5-4fa4-a97d-d965ccfc6d4b" outcome="Passed" testListId="8c84fa94-04c1-424b-9868-57a2d4851a1d" relativeResultsDirectory="e502d796-d37d-4ce5-a25c-ee946b942d98" /><UnitTestResult executionId="2dde87b7-0bf3-4905-946a-c8a113291185" testId="dd38a4fa-7220-4b81-9ea1-35d8bbb58772" testName="JilTests.SerializeTests.RFC1123DateTimes" computerName="SIEBL-4303-04" duration="00:00:00.0690000" startTime="2018-11-13T01:07:02.0929390-06:00" endTime="2018-11-13T01:07:02.0929390-06:00" testType="13cdc9d9-ddb5-4fa4-a97d-d965ccfc6d4b" outcome="Passed" testListId="8c84fa94-04c1-424b-9868-57a2d4851a1d" relativeResultsDirectory="2dde87b7-0bf3-4905-946a-c8a113291185" /><UnitTestResult executionId="06eafb2a-61f3-47bb-929d-33ef7211208e" testId="25abd38d-cd26-4a20-88c8-039d2cd56407" testName="JilTests.DeserializeTests.Arrays" computerName="SIEBL-4303-04" duration="00:00:00.0650000" startTime="2018-11-13T01:06:49.6525987-06:00" endTime="2018-11-13T01:06:49.6525987-06:00" testType="13cdc9d9-ddb5-4fa4-a97d-d965ccfc6d4b" outcome="Passed" testListId="8c84fa94-04c1-424b-9868-57a2d4851a1d" relativeResultsDirectory="06eafb2a-61f3-47bb-929d-33ef7211208e" /><UnitTestResult executionId="3f9116bb-69e9-4896-af47-8319f8cd2e46" testId="4feeaab8-bdb9-44ba-88c4-62b8303bccc5" testName="JilTests.SerializeTests.Issue89" computerName="SIEBL-4303-04" duration="00:00:00.0650000" startTime="2018-11-13T01:07:06.4340067-06:00" endTime="2018-11-13T01:07:06.4340067-06:00" testType="13cdc9d9-ddb5-4fa4-a97d-d965ccfc6d4b" outcome="Passed" testListId="8c84fa94-04c1-424b-9868-57a2d4851a1d" relativeResultsDirectory="3f9116bb-69e9-4896-af47-8319f8cd2e46" /><UnitTestResult executionId="324b8484-a81b-44f4-8530-6d56582e38f8" testId="04f25683-3060-4ce0-8502-b3afc935b0af" testName="JilTests.DeserializeTests.Issue117_SByte" computerName="SIEBL-4303-04" duration="00:00:00.0050000" startTime="2018-11-13T01:07:05.1387258-06:00" endTime="2018-11-13T01:07:05.1387258-06:00" testType="13cdc9d9-ddb5-4fa4-a97d-d965ccfc6d4b" outcome="Passed" testListId="8c84fa94-04c1-424b-9868-57a2d4851a1d" relativeResultsDirectory="324b8484-a81b-44f4-8530-6d56582e38f8" /><UnitTestResult executionId="897c7542-1d88-4f8a-b776-90562c2d2254" testId="c974673d-685c-48de-8d01-779bc936427f" testName="JilTests.DeserializeTests.ValueTypes" computerName="SIEBL-4303-04" duration="00:00:00.0540000" startTime="2018-11-13T01:06:55.2836451-06:00" endTime="2018-11-13T01:06:55.2836451-06:00" testType="13cdc9d9-ddb5-4fa4-a97d-d965ccfc6d4b" outcome="Passed" testListId="8c84fa94-04c1-424b-9868-57a2d4851a1d" relativeResultsDirectory="897c7542-1d88-4f8a-b776-90562c2d2254" /><UnitTestResult executionId="47a461ba-cc30-4ca6-9e5b-1034bc3e9b76" testId="3166b0c2-dc44-44a2-8656-7f97222b1ed0" testName="JilTests.DeserializeDynamicTests.Number" computerName="SIEBL-4303-04" duration="00:00:00.0070000" startTime="2018-11-13T01:06:52.6804474-06:00" endTime="2018-11-13T01:06:52.6804474-06:00" testType="13cdc9d9-ddb5-4fa4-a97d-d965ccfc6d4b" outcome="Passed" testListId="8c84fa94-04c1-424b-9868-57a2d4851a1d" relativeResultsDirectory="47a461ba-cc30-4ca6-9e5b-1034bc3e9b76" /><UnitTestResult executionId="00a7846f-4907-47c9-a2dc-e94ef2d0b2d8" testId="9467479c-3311-4821-a0b2-f7e72823ece0" testName="JilTests.DeserializeTests.Issue73" computerName="SIEBL-4303-04" duration="00:00:00.0870000" startTime="2018-11-13T01:06:55.4403835-06:00" endTime="2018-11-13T01:06:55.4403835-06:00" testType="13cdc9d9-ddb5-4fa4-a97d-d965ccfc6d4b" outcome="Passed" testListId="8c84fa94-04c1-424b-9868-57a2d4851a1d" relativeResultsDirectory="00a7846f-4907-47c9-a2dc-e94ef2d0b2d8" /><UnitTestResult executionId="0c82c555-f464-4eb5-83e3-157cc12e9c97" testId="e6ee3e69-c36b-4f51-a9fc-472ab5c64964" testName="JilTests.DeserializeTests.ObjectsSkipMembers" computerName="SIEBL-4303-04" duration="00:00:00.0100000" startTime="2018-11-13T01:07:04.3166101-06:00" endTime="2018-11-13T01:07:04.3166101-06:00" testType="13cdc9d9-ddb5-4fa4-a97d-d965ccfc6d4b" outcome="Passed" testListId="8c84fa94-04c1-424b-9868-57a2d4851a1d" relativeResultsDirectory="0c82c555-f464-4eb5-83e3-157cc12e9c97" /><UnitTestResult executionId="f1e46d67-7e02-49bc-813e-b79a8352997d" testId="86333e89-d82b-4438-a2db-0212722fe619" testName="JilTests.DeserializeTests.Lists" computerName="SIEBL-4303-04" duration="00:00:00.0130000" startTime="2018-11-13T01:07:05.1337224-06:00" endTime="2018-11-13T01:07:05.1337224-06:00" testType="13cdc9d9-ddb5-4fa4-a97d-d965ccfc6d4b" outcome="Passed" testListId="8c84fa94-04c1-424b-9868-57a2d4851a1d" relativeResultsDirectory="f1e46d67-7e02-49bc-813e-b79a8352997d" /><UnitTestResult executionId="8f69e79e-71cb-48f7-8ac3-e38918867e48" testId="ab4da737-a819-4a77-82d5-fe489cb9632a" testName="JilTests.DeserializeTests.MalformedISO8601(dateString: &quot;\&quot;1999W00\&quot;&quot;, expectedError: &quot;Expected week to be between 01 and 53&quot;)" computerName="SIEBL-4303-04" duration="00:00:00.0010000" startTime="2018-11-13T01:06:49.6105709-06:00" endTime="2018-11-13T01:06:49.6105709-06:00" testType="13cdc9d9-ddb5-4fa4-a97d-d965ccfc6d4b" outcome="Passed" testListId="8c84fa94-04c1-424b-9868-57a2d4851a1d" relativeResultsDirectory="8f69e79e-71cb-48f7-8ac3-e38918867e48" /><UnitTestResult executionId="94c1494f-daff-4b5b-8234-6d59a813b9ed" testId="fe8e0ce7-ff61-4c4e-a073-7dbf5b854c34" testName="JilTests.SerializeTests.Dictionary" computerName="SIEBL-4303-04" duration="00:00:00.0030000" startTime="2018-11-13T01:07:06.3699648-06:00" endTime="2018-11-13T01:07:06.3699648-06:00" testType="13cdc9d9-ddb5-4fa4-a97d-d965ccfc6d4b" outcome="Passed" testListId="8c84fa94-04c1-424b-9868-57a2d4851a1d" relativeResultsDirectory="94c1494f-daff-4b5b-8234-6d59a813b9ed" /><UnitTestResult executionId="94b2df1e-f80a-4533-aaaa-861132834430" testId="23ea7a78-24b6-4f95-8fb7-59b9b348e5cb" testName="JilTests.BadlySpecifiedTypeTests.SerializeString" computerName="SIEBL-4303-04" duration="00:00:00.0010000" startTime="2018-11-13T01:06:49.8547339-06:00" endTime="2018-11-13T01:06:49.8547339-06:00" testType="13cdc9d9-ddb5-4fa4-a97d-d965ccfc6d4b" outcome="Passed" testListId="8c84fa94-04c1-424b-9868-57a2d4851a1d" relativeResultsDirectory="94b2df1e-f80a-4533-aaaa-861132834430" /><UnitTestResult executionId="befed6e5-ba1a-4aac-a33a-b68df947e9da" testId="4cad912b-1829-4a03-a91e-3db73d45477b" testName="JilTests.DeserializeTests.MalformedISO8601(dateString: &quot;\&quot;1900000\&quot;&quot;, expectedError: &quot;Expected ordinal day to be between 001 and 366&quot;)" computerName="SIEBL-4303-04" duration="00:00:00.0010000" startTime="2018-11-13T01:06:49.5435262-06:00" endTime="2018-11-13T01:06:49.5435262-06:00" testType="13cdc9d9-ddb5-4fa4-a97d-d965ccfc6d4b" outcome="Passed" testListId="8c84fa94-04c1-424b-9868-57a2d4851a1d" relativeResultsDirectory="befed6e5-ba1a-4aac-a33a-b68df947e9da" /><UnitTestResult executionId="b41607ae-66eb-4988-b2a4-a207972ee0d1" testId="b5fc7a76-b7a5-4a66-b96f-7681a49fc0c4" testName="JilTests.DeserializeTests.SerializationNameFormatsDeserialization" computerName="SIEBL-4303-04" duration="00:00:00.6210000" startTime="2018-11-13T01:07:04.2715809-06:00" endTime="2018-11-13T01:07:04.2715809-06:00" testType="13cdc9d9-ddb5-4fa4-a97d-d965ccfc6d4b" outcome="Passed" testListId="8c84fa94-04c1-424b-9868-57a2d4851a1d" relativeResultsDirectory="b41607ae-66eb-4988-b2a4-a207972ee0d1" /><UnitTestResult executionId="7db9a7cd-e51c-4ae1-bb8b-a244543e8e1a" testId="1f12f1bc-b309-429e-9419-ea5f7236337b" testName="JilTests.DynamicSerializationTests.PersonElasticMigration" computerName="SIEBL-4303-04" duration="00:00:00.0220000" startTime="2018-11-13T01:06:51.8460047-06:00" endTime="2018-11-13T01:06:51.8460047-06:00" testType="13cdc9d9-ddb5-4fa4-a97d-d965ccfc6d4b" outcome="Passed" testListId="8c84fa94-04c1-424b-9868-57a2d4851a1d" relativeResultsDirectory="7db9a7cd-e51c-4ae1-bb8b-a244543e8e1a" /><UnitTestResult executionId="b0f402aa-46d7-4a89-a08d-85f59a8d16af" testId="1f312333-44ea-4d83-90a0-50355abbf151" testName="JilTests.DeserializeDynamicTests.Multiply" computerName="SIEBL-4303-04" duration="00:00:00.0120000" startTime="2018-11-13T01:06:52.4468197-06:00" endTime="2018-11-13T01:06:52.4468197-06:00" testType="13cdc9d9-ddb5-4fa4-a97d-d965ccfc6d4b" outcome="Passed" testListId="8c84fa94-04c1-424b-9868-57a2d4851a1d" relativeResultsDirectory="b0f402aa-46d7-4a89-a08d-85f59a8d16af" /><UnitTestResult executionId="36cae4dd-a580-4c20-8607-c1a995f9f704" testId="5fc3970d-e202-4164-95b1-34b37d45aa94" testName="JilTests.DynamicSerializationTests.SecondsTimeSpans" computerName="SIEBL-4303-04" duration="00:00:00.0090000" startTime="2018-11-13T01:06:51.6534683-06:00" endTime="2018-11-13T01:06:51.6534683-06:00" testType="13cdc9d9-ddb5-4fa4-a97d-d965ccfc6d4b" outcome="Passed" testListId="8c84fa94-04c1-424b-9868-57a2d4851a1d" relativeResultsDirectory="36cae4dd-a580-4c20-8607-c1a995f9f704" /><UnitTestResult executionId="b32d7861-9c22-4ad4-83fe-203f2d488437" testId="f4b92fe0-8e5a-4115-8b48-17d9af36b073" testName="JilTests.DeserializeDynamicTests.ShortCircuits" computerName="SIEBL-4303-04" duration="00:00:00.0080000" startTime="2018-11-13T01:06:52.1281914-06:00" endTime="2018-11-13T01:06:52.1281914-06:00" testType="13cdc9d9-ddb5-4fa4-a97d-d965ccfc6d4b" outcome="Passed" testListId="8c84fa94-04c1-424b-9868-57a2d4851a1d" relativeResultsDirectory="b32d7861-9c22-4ad4-83fe-203f2d488437" /><UnitTestResult executionId="4771b836-e2b0-4836-9677-ce74188ae086" testId="5d5f46b6-64c9-4fb2-ab1d-614bc0fab860" testName="JilTests.DynamicSerializationTests.RecursiveDynamic" computerName="SIEBL-4303-04" duration="00:00:00.1560000" startTime="2018-11-13T01:06:51.6254496-06:00" endTime="2018-11-13T01:06:51.6254496-06:00" testType="13cdc9d9-ddb5-4fa4-a97d-d965ccfc6d4b" outcome="Passed" testListId="8c84fa94-04c1-424b-9868-57a2d4851a1d" relativeResultsDirectory="4771b836-e2b0-4836-9677-ce74188ae086" /><UnitTestResult executionId="58cdd59a-dae7-46a8-b594-2521955d34e1" testId="f6bfaea5-7eb0-4e3e-a934-7cdebe626394" testName="JilTests.SerializeTests.Issue189" computerName="SIEBL-4303-04" duration="00:00:00.0020000" startTime="2018-11-13T01:06:59.9269567-06:00" endTime="2018-11-13T01:06:59.9269567-06:00" testType="13cdc9d9-ddb5-4fa4-a97d-d965ccfc6d4b" outcome="Passed" testListId="8c84fa94-04c1-424b-9868-57a2d4851a1d" relativeResultsDirectory="58cdd59a-dae7-46a8-b594-2521955d34e1" /><UnitTestResult executionId="a13cfd28-5894-449f-a134-cf8bbd3a6f09" testId="d49c3405-8239-4772-9785-aeecb0469dc3" testName="JilTests.DeserializeDynamicTests.TimeSpans_ISO8601" computerName="SIEBL-4303-04" duration="00:00:00.0800000" startTime="2018-11-13T01:06:52.7673283-06:00" endTime="2018-11-13T01:06:52.7673283-06:00" testType="13cdc9d9-ddb5-4fa4-a97d-d965ccfc6d4b" outcome="Passed" testListId="8c84fa94-04c1-424b-9868-57a2d4851a1d" relativeResultsDirectory="a13cfd28-5894-449f-a134-cf8bbd3a6f09" /><UnitTestResult executionId="7bdc472e-6bdd-4832-b611-b9371e3d28be" testId="a7582535-bae5-4bd1-8cff-211bc86ab8c2" testName="JilTests.SerializeTests.List" computerName="SIEBL-4303-04" duration="00:00:00.0090000" startTime="2018-11-13T01:07:00.0700513-06:00" endTime="2018-11-13T01:07:00.0700513-06:00" testType="13cdc9d9-ddb5-4fa4-a97d-d965ccfc6d4b" outcome="Passed" testListId="8c84fa94-04c1-424b-9868-57a2d4851a1d" relativeResultsDirectory="7bdc472e-6bdd-4832-b611-b9371e3d28be" /><UnitTestResult executionId="f89d34e8-dd54-4450-93ab-32e6f164b759" testId="79de9aab-ab6d-4520-9d4a-0c700b04fe5b" testName="JilTests.DeserializeTests.PrivateConstructor_Object" computerName="SIEBL-4303-04" duration="00:00:00.0220000" startTime="2018-11-13T01:07:08.0791062-06:00" endTime="2018-11-13T01:07:08.0791062-06:00" testType="13cdc9d9-ddb5-4fa4-a97d-d965ccfc6d4b" outcome="Passed" testListId="8c84fa94-04c1-424b-9868-57a2d4851a1d" relativeResultsDirectory="f89d34e8-dd54-4450-93ab-32e6f164b759" /><UnitTestResult executionId="b6ec7ed6-32cd-49ed-945b-89e1491bd2dd" testId="63f778e6-76cc-4ff4-b062-99f876241851" testName="JilTests.DeserializeDynamicTests.Issue117(input: &quot;123.&quot;, expectedError: &quot;Expected digit&quot;)" computerName="SIEBL-4303-04" duration="00:00:00.0010000" startTime="2018-11-13T01:06:49.9698106-06:00" endTime="2018-11-13T01:06:49.9698106-06:00" testType="13cdc9d9-ddb5-4fa4-a97d-d965ccfc6d4b" outcome="Passed" testListId="8c84fa94-04c1-424b-9868-57a2d4851a1d" relativeResultsDirectory="b6ec7ed6-32cd-49ed-945b-89e1491bd2dd" /><UnitTestResult executionId="f83c2cf2-213a-47d1-a347-7987691d8616" testId="3252f2aa-b0bb-41ea-bdad-747886803662" testName="JilTests.DeserializeTests.Zeros" computerName="SIEBL-4303-04" duration="00:00:00.0010000" startTime="2018-11-13T01:06:55.9614648-06:00" endTime="2018-11-13T01:06:55.9614648-06:00" testType="13cdc9d9-ddb5-4fa4-a97d-d965ccfc6d4b" outcome="Passed" testListId="8c84fa94-04c1-424b-9868-57a2d4851a1d" relativeResultsDirectory="f83c2cf2-213a-47d1-a347-7987691d8616" /><UnitTestResult executionId="8cd3dbc9-a806-4a78-8faa-280d86ee249a" testId="27a964d0-ca3b-42f2-9513-306a760fde78" testName="JilTests.SerializeTests.EnumMembers" computerName="SIEBL-4303-04" duration="00:00:00.0330000" startTime="2018-11-13T01:06:57.2360483-06:00" endTime="2018-11-13T01:06:57.2360483-06:00" testType="13cdc9d9-ddb5-4fa4-a97d-d965ccfc6d4b" outcome="Passed" testListId="8c84fa94-04c1-424b-9868-57a2d4851a1d" relativeResultsDirectory="8cd3dbc9-a806-4a78-8faa-280d86ee249a" /><UnitTestResult executionId="31526836-1bd5-4a66-aba3-840c8892bc07" testId="8135efa0-60aa-40da-a509-ad1752fdf076" testName="JilTests.DeserializeTests.Issue229" computerName="SIEBL-4303-04" duration="00:00:00.0530000" startTime="2018-11-13T01:06:52.5023280-06:00" endTime="2018-11-13T01:06:52.5023280-06:00" testType="13cdc9d9-ddb5-4fa4-a97d-d965ccfc6d4b" outcome="Passed" testListId="8c84fa94-04c1-424b-9868-57a2d4851a1d" relativeResultsDirectory="31526836-1bd5-4a66-aba3-840c8892bc07" /><UnitTestResult executionId="a07f0dfe-911c-4a11-a157-b59a2612cfb2" testId="62d6ea3c-1c47-449b-a1c6-87e66f7b616a" testName="JilTests.SerializeTests.DictionaryDictionary" computerName="SIEBL-4303-04" duration="00:00:00.0090000" startTime="2018-11-13T01:06:57.2460556-06:00" endTime="2018-11-13T01:06:57.2460556-06:00" testType="13cdc9d9-ddb5-4fa4-a97d-d965ccfc6d4b" outcome="Passed" testListId="8c84fa94-04c1-424b-9868-57a2d4851a1d" relativeResultsDirectory="a07f0dfe-911c-4a11-a157-b59a2612cfb2" /><UnitTestResult executionId="848751c5-39a1-49bc-9906-a87e908c8fd9" testId="6c592dd7-8634-4513-a62e-d40cf7f0694e" testName="JilTests.DeserializeTests.BadDecimal(input: &quot;1.2E++10&quot;, expectedSnippetAfter: &quot;+10&quot;)" computerName="SIEBL-4303-04" duration="00:00:00.0010000" startTime="2018-11-13T01:07:00.3688510-06:00" endTime="2018-11-13T01:07:00.3688510-06:00" testType="13cdc9d9-ddb5-4fa4-a97d-d965ccfc6d4b" outcome="Passed" testListId="8c84fa94-04c1-424b-9868-57a2d4851a1d" relativeResultsDirectory="848751c5-39a1-49bc-9906-a87e908c8fd9" /><UnitTestResult executionId="f9674336-6b8f-41c8-ade8-8e2e180afe17" testId="bf2fc541-3366-4ee9-939f-77c20dad6a7a" testName="JilTests.DeserializeTests.Issue117_ULong" computerName="SIEBL-4303-04" duration="00:00:00.0050000" startTime="2018-11-13T01:06:55.5564612-06:00" endTime="2018-11-13T01:06:55.5564612-06:00" testType="13cdc9d9-ddb5-4fa4-a97d-d965ccfc6d4b" outcome="Passed" testListId="8c84fa94-04c1-424b-9868-57a2d4851a1d" relativeResultsDirectory="f9674336-6b8f-41c8-ade8-8e2e180afe17" /><UnitTestResult executionId="7a7bcdfa-d18e-4e6a-8090-dd6d935cee78" testId="f0cfa33d-efde-4769-99be-1803bd3a4fb5" testName="JilTests.DeserializeTests.MalformedISO8601(dateString: &quot;\&quot;99\&quot;&quot;, expectedError: &quot;ISO8601 date must begin with a 4 character year&quot;)" computerName="SIEBL-4303-04" duration="00:00:00.0010000" startTime="2018-11-13T01:06:49.5945603-06:00" endTime="2018-11-13T01:06:49.5945603-06:00" testType="13cdc9d9-ddb5-4fa4-a97d-d965ccfc6d4b" outcome="Passed" testListId="8c84fa94-04c1-424b-9868-57a2d4851a1d" relativeResultsDirectory="7a7bcdfa-d18e-4e6a-8090-dd6d935cee78" /><UnitTestResult executionId="f569ce39-54af-475e-8aee-3ab55cdfb13c" testId="a00cda59-08d9-4d0f-b154-da528181709c" testName="JilTests.DeserializeTests.Issue143TimeSpanFractionOverflow" computerName="SIEBL-4303-04" duration="00:00:00.0120000" startTime="2018-11-13T01:07:04.5127406-06:00" endTime="2018-11-13T01:07:04.5127406-06:00" testType="13cdc9d9-ddb5-4fa4-a97d-d965ccfc6d4b" outcome="Passed" testListId="8c84fa94-04c1-424b-9868-57a2d4851a1d" relativeResultsDirectory="f569ce39-54af-475e-8aee-3ab55cdfb13c" /><UnitTestResult executionId="f5eb94c4-eac6-4798-a8d5-5395b67b58e5" testId="eec3f3a1-bcdc-4808-83e5-ad2cb2de0a21" testName="JilTests.DeserializeTests.DateTimeOffsets" computerName="SIEBL-4303-04" duration="00:00:00.0040000" startTime="2018-11-13T01:07:08.3993181-06:00" endTime="2018-11-13T01:07:08.3993181-06:00" testType="13cdc9d9-ddb5-4fa4-a97d-d965ccfc6d4b" outcome="Passed" testListId="8c84fa94-04c1-424b-9868-57a2d4851a1d" relativeResultsDirectory="f5eb94c4-eac6-4798-a8d5-5395b67b58e5" /><UnitTestResult executionId="33e03188-82de-494e-9834-c8de2b5742db" testId="b5683a36-ce3a-4904-beb2-2827ebbc9167" testName="JilTests.SerializeTests.ISODateTimes" computerName="SIEBL-4303-04" duration="00:00:00.0390000" startTime="2018-11-13T01:06:57.6663119-06:00" endTime="2018-11-13T01:06:57.6663119-06:00" testType="13cdc9d9-ddb5-4fa4-a97d-d965ccfc6d4b" outcome="Passed" testListId="8c84fa94-04c1-424b-9868-57a2d4851a1d" relativeResultsDirectory="33e03188-82de-494e-9834-c8de2b5742db" /><UnitTestResult executionId="651159cd-b6fe-4f75-913a-047e9cc73b57" testId="57705c2e-da17-42f3-a296-93c6e45e439c" testName="JilTests.SerializeTests.ISO8601WithOffset" computerName="SIEBL-4303-04" duration="00:00:00.0240000" startTime="2018-11-13T01:06:57.3411178-06:00" endTime="2018-11-13T01:06:57.3411178-06:00" testType="13cdc9d9-ddb5-4fa4-a97d-d965ccfc6d4b" outcome="Failed" testListId="8c84fa94-04c1-424b-9868-57a2d4851a1d" relativeResultsDirectory="651159cd-b6fe-4f75-913a-047e9cc73b57"><Output><ErrorInfo><Message>Assert.Equal() Failure&#xD;
                                 ↓ (pos 26)&#xD;
Expected: ···11-13T01:06:57.2980900-06:00"&#xD;
Actual:   ···11-13T01:06:57.29809-06:00"&#xD;
                                 ↑ (pos 26)</Message><StackTrace>   at JilTests.SerializeTests.ISO8601WithOffset() in C:\Users\dt-impact\ftsubs\mstest\kevin-montrose_Jil-8a5af0f\JilTests\SerializeTests.cs:line 8151</StackTrace></ErrorInfo></Output></UnitTestResult><UnitTestResult executionId="81ad7cdc-088b-4e00-8f86-23869e957dbd" testId="e7c454e8-2611-43c2-bc00-7ef54337f5fb" testName="JilTests.DynamicSerializationTests.Issue151" computerName="SIEBL-4303-04" duration="00:00:00.0060000" startTime="2018-11-13T01:06:51.2123390-06:00" endTime="2018-11-13T01:06:51.2123390-06:00" testType="13cdc9d9-ddb5-4fa4-a97d-d965ccfc6d4b" outcome="Passed" testListId="8c84fa94-04c1-424b-9868-57a2d4851a1d" relativeResultsDirectory="81ad7cdc-088b-4e00-8f86-23869e957dbd" /><UnitTestResult executionId="184241cf-b370-4b78-80f5-045fdefb4a84" testId="11642092-9430-41c3-800c-84cef26f1051" testName="JilTests.DeserializeDynamicTests.EnumMemberAttributeOverride" computerName="SIEBL-4303-04" duration="00:00:00.0150000" startTime="2018-11-13T01:06:52.7823383-06:00" endTime="2018-11-13T01:06:52.7823383-06:00" testType="13cdc9d9-ddb5-4fa4-a97d-d965ccfc6d4b" outcome="Passed" testListId="8c84fa94-04c1-424b-9868-57a2d4851a1d" relativeResultsDirectory="184241cf-b370-4b78-80f5-045fdefb4a84" /><UnitTestResult executionId="813e7eb8-55cb-433d-a8bc-50c9eab2f3af" testId="7ffac395-35b0-4b0f-abdf-4a5bc52b9a8b" testName="JilTests.DeserializeTests.Issue117_Decimal" computerName="SIEBL-4303-04" duration="00:00:00.0040000" startTime="2018-11-13T01:07:01.8492967-06:00" endTime="2018-11-13T01:07:01.8492967-06:00" testType="13cdc9d9-ddb5-4fa4-a97d-d965ccfc6d4b" outcome="Passed" testListId="8c84fa94-04c1-424b-9868-57a2d4851a1d" relativeResultsDirectory="813e7eb8-55cb-433d-a8bc-50c9eab2f3af" /><UnitTestResult executionId="8f199da4-a607-4668-9911-f9869ba4817b" testId="1cc53e60-8e4a-46d3-94e9-8b0c582f8cb8" testName="JilTests.DeserializeTests.UnionAttributeError" computerName="SIEBL-4303-04" duration="00:00:00.0190000" startTime="2018-11-13T01:06:58.5809092-06:00" endTime="2018-11-13T01:06:58.5809092-06:00" testType="13cdc9d9-ddb5-4fa4-a97d-d965ccfc6d4b" outcome="Passed" testListId="8c84fa94-04c1-424b-9868-57a2d4851a1d" relativeResultsDirectory="8f199da4-a607-4668-9911-f9869ba4817b" /><UnitTestResult executionId="5fa86b70-96f5-40a1-8a02-88a1b3ba0463" testId="93b73441-4558-4464-b22c-f567b971d5c5" testName="JilTests.DeserializeDynamicTests.Enums" computerName="SIEBL-4303-04" duration="00:00:00.0200000" startTime="2018-11-13T01:06:52.9554533-06:00" endTime="2018-11-13T01:06:52.9554533-06:00" testType="13cdc9d9-ddb5-4fa4-a97d-d965ccfc6d4b" outcome="Passed" testListId="8c84fa94-04c1-424b-9868-57a2d4851a1d" relativeResultsDirectory="5fa86b70-96f5-40a1-8a02-88a1b3ba0463" /><UnitTestResult executionId="da7a7a35-0eb7-4759-aea6-f8b948825c13" testId="bb98c01f-accb-4b3c-b180-056bd8769a68" testName="JilTests.DeserializeDynamicTests.SecondDateTimes" computerName="SIEBL-4303-04" duration="00:00:00.0020000" startTime="2018-11-13T01:06:53.3243320-06:00" endTime="2018-11-13T01:06:53.3243320-06:00" testType="13cdc9d9-ddb5-4fa4-a97d-d965ccfc6d4b" outcome="Passed" testListId="8c84fa94-04c1-424b-9868-57a2d4851a1d" relativeResultsDirectory="da7a7a35-0eb7-4759-aea6-f8b948825c13" /><UnitTestResult executionId="c7d68f42-71f4-435f-9a7b-b5ac657a87fa" testId="bf5189e4-3da7-454f-a22c-79d097f1d82e" testName="JilTests.DeserializeDynamicTests.EnumMemberAttributeOverrideFlags" computerName="SIEBL-4303-04" duration="00:00:00.0600000" startTime="2018-11-13T01:06:53.1710167-06:00" endTime="2018-11-13T01:06:53.1710167-06:00" testType="13cdc9d9-ddb5-4fa4-a97d-d965ccfc6d4b" outcome="Passed" testListId="8c84fa94-04c1-424b-9868-57a2d4851a1d" relativeResultsDirectory="c7d68f42-71f4-435f-9a7b-b5ac657a87fa" /><UnitTestResult executionId="a96f91aa-f3c3-4587-a5b0-9d365b1a63f8" testId="bedc7259-e258-4091-929e-445235b66357" testName="JilTests.DynamicSerializationTests.RFC1123" computerName="SIEBL-4303-04" duration="00:00:00.0140000" startTime="2018-11-13T01:06:51.6394590-06:00" endTime="2018-11-13T01:06:51.6394590-06:00" testType="13cdc9d9-ddb5-4fa4-a97d-d965ccfc6d4b" outcome="Passed" testListId="8c84fa94-04c1-424b-9868-57a2d4851a1d" relativeResultsDirectory="a96f91aa-f3c3-4587-a5b0-9d365b1a63f8" /><UnitTestResult executionId="3bc1e797-e99f-4c72-b43b-c91725da5b16" testId="bab2314a-ec53-4354-a7c0-8f64bad9d879" testName="JilTests.BadlySpecifiedTypeTests.DeserializeString" computerName="SIEBL-4303-04" duration="00:00:00.0140000" startTime="2018-11-13T01:06:49.8527325-06:00" endTime="2018-11-13T01:06:49.8527325-06:00" testType="13cdc9d9-ddb5-4fa4-a97d-d965ccfc6d4b" outcome="Passed" testListId="8c84fa94-04c1-424b-9868-57a2d4851a1d" relativeResultsDirectory="3bc1e797-e99f-4c72-b43b-c91725da5b16" /><UnitTestResult executionId="811278ba-71d1-404b-a8fd-018a5f0a84b4" testId="dd4845f7-5d3f-4026-9247-d8295f6325ae" testName="JilTests.DeserializeDynamicTests.MillisecondDateTimes" computerName="SIEBL-4303-04" duration="00:00:00.0080000" startTime="2018-11-13T01:06:52.3993727-06:00" endTime="2018-11-13T01:06:52.3993727-06:00" testType="13cdc9d9-ddb5-4fa4-a97d-d965ccfc6d4b" outcome="Passed" testListId="8c84fa94-04c1-424b-9868-57a2d4851a1d" relativeResultsDirectory="811278ba-71d1-404b-a8fd-018a5f0a84b4" /><UnitTestResult executionId="3d5c2327-02ff-4aeb-af69-bb2a7ddb05bc" testId="3aa4291f-ef75-4688-966c-9ea1ff035d81" testName="JilTests.DeserializeTests.Issue117_Short" computerName="SIEBL-4303-04" duration="00:00:00.0100000" startTime="2018-11-13T01:07:05.1207138-06:00" endTime="2018-11-13T01:07:05.1207138-06:00" testType="13cdc9d9-ddb5-4fa4-a97d-d965ccfc6d4b" outcome="Passed" testListId="8c84fa94-04c1-424b-9868-57a2d4851a1d" relativeResultsDirectory="3d5c2327-02ff-4aeb-af69-bb2a7ddb05bc" /><UnitTestResult executionId="bae44390-bbe6-4d8a-8c83-3a7326606132" testId="39c5ef77-74e5-4795-a8f0-803e994922dd" testName="JilTests.DeserializeTests.SimpleDiscriminateUnion" computerName="SIEBL-4303-04" duration="00:00:00.0740000" startTime="2018-11-13T01:07:04.5007338-06:00" endTime="2018-11-13T01:07:04.5007338-06:00" testType="13cdc9d9-ddb5-4fa4-a97d-d965ccfc6d4b" outcome="Passed" testListId="8c84fa94-04c1-424b-9868-57a2d4851a1d" relativeResultsDirectory="bae44390-bbe6-4d8a-8c83-3a7326606132" /><UnitTestResult executionId="34e92001-b8c4-4048-b343-3f03b5d54764" testId="a242063a-1354-4dfa-81e3-b46917e717a1" testName="JilTests.SerializeTests.SerializeDynamic" computerName="SIEBL-4303-04" duration="00:00:00.0230000" startTime="2018-11-13T01:06:59.9619792-06:00" endTime="2018-11-13T01:06:59.9619792-06:00" testType="13cdc9d9-ddb5-4fa4-a97d-d965ccfc6d4b" outcome="Passed" testListId="8c84fa94-04c1-424b-9868-57a2d4851a1d" relativeResultsDirectory="34e92001-b8c4-4048-b343-3f03b5d54764" /><UnitTestResult executionId="34a269ad-d688-4c47-a3fd-326d95081860" testId="b53e1d0a-b63f-449a-91e3-0090e178c39f" testName="JilTests.SerializeTests.NoNameDataMember" computerName="SIEBL-4303-04" duration="00:00:00.0330000" startTime="2018-11-13T01:06:49.8697439-06:00" endTime="2018-11-13T01:06:49.8697439-06:00" testType="13cdc9d9-ddb5-4fa4-a97d-d965ccfc6d4b" outcome="Passed" testListId="8c84fa94-04c1-424b-9868-57a2d4851a1d" relativeResultsDirectory="34a269ad-d688-4c47-a3fd-326d95081860" /><UnitTestResult executionId="08a41fa8-c1af-4e1d-94eb-9d89476fb19f" testId="ad566697-9ad2-4c84-b911-3a3d4c1457b3" testName="JilTests.SerializeTests.Issue95" computerName="SIEBL-4303-04" duration="00:00:00.0620000" startTime="2018-11-13T01:07:03.7392257-06:00" endTime="2018-11-13T01:07:03.7392257-06:00" testType="13cdc9d9-ddb5-4fa4-a97d-d965ccfc6d4b" outcome="Passed" testListId="8c84fa94-04c1-424b-9868-57a2d4851a1d" relativeResultsDirectory="08a41fa8-c1af-4e1d-94eb-9d89476fb19f" /><UnitTestResult executionId="71254d5e-59b4-41a5-ac75-2e42a29805bb" testId="82faf6b7-0ec6-486f-b6bf-98bbbd95669a" testName="JilTests.DynamicSerializationTests.Objects" computerName="SIEBL-4303-04" duration="00:00:00.0360000" startTime="2018-11-13T01:06:50.3000319-06:00" endTime="2018-11-13T01:06:50.3000319-06:00" testType="13cdc9d9-ddb5-4fa4-a97d-d965ccfc6d4b" outcome="Passed" testListId="8c84fa94-04c1-424b-9868-57a2d4851a1d" relativeResultsDirectory="71254d5e-59b4-41a5-ac75-2e42a29805bb" /><UnitTestResult executionId="5b301f52-55b5-4e98-9e17-20318010a690" testId="1028773a-8f63-4e40-a871-29ea77372222" testName="JilTests.UtilsTests.FindRecursiveTypes_ListList" computerName="SIEBL-4303-04" duration="00:00:00.0010000" startTime="2018-11-13T01:06:50.4872546-06:00" endTime="2018-11-13T01:06:50.4872546-06:00" testType="13cdc9d9-ddb5-4fa4-a97d-d965ccfc6d4b" outcome="Passed" testListId="8c84fa94-04c1-424b-9868-57a2d4851a1d" relativeResultsDirectory="5b301f52-55b5-4e98-9e17-20318010a690" /><UnitTestResult executionId="b404f7d3-8d3c-4a19-ac18-11140ec3e07c" testId="10dd0004-18f4-4e8a-8bb7-b8b549f0e6b1" testName="JilTests.DeserializeTests.ISO8601WeekDates" computerName="SIEBL-4303-04" duration="00:00:00.0030000" startTime="2018-11-13T01:07:07.8039223-06:00" endTime="2018-11-13T01:07:07.8039223-06:00" testType="13cdc9d9-ddb5-4fa4-a97d-d965ccfc6d4b" outcome="Passed" testListId="8c84fa94-04c1-424b-9868-57a2d4851a1d" relativeResultsDirectory="b404f7d3-8d3c-4a19-ac18-11140ec3e07c" /><UnitTestResult executionId="95d6c117-87f1-40f6-8bec-a7adf838bd43" testId="cbfd07df-f4cd-482e-9f5f-4ed3f8d0aae9" testName="JilTests.DeserializeTests.RecursiveObjects" computerName="SIEBL-4303-04" duration="00:00:00.0280000" startTime="2018-11-13T01:07:01.8805891-06:00" endTime="2018-11-13T01:07:01.8805891-06:00" testType="13cdc9d9-ddb5-4fa4-a97d-d965ccfc6d4b" outcome="Passed" testListId="8c84fa94-04c1-424b-9868-57a2d4851a1d" relativeResultsDirectory="95d6c117-87f1-40f6-8bec-a7adf838bd43" /><UnitTestResult executionId="5ae88980-6311-414d-9060-c2d8d147befd" testId="4e31120f-d8f7-4ba0-9420-03289ae9c3fd" testName="JilTests.DeserializeDynamicTests.String" computerName="SIEBL-4303-04" duration="00:00:00.0070000" startTime="2018-11-13T01:06:53.0679461-06:00" endTime="2018-11-13T01:06:53.0679461-06:00" testType="13cdc9d9-ddb5-4fa4-a97d-d965ccfc6d4b" outcome="Passed" testListId="8c84fa94-04c1-424b-9868-57a2d4851a1d" relativeResultsDirectory="5ae88980-6311-414d-9060-c2d8d147befd" /><UnitTestResult executionId="d6f95f60-802e-40ae-baf9-ba56c35b1b34" testId="b04657f5-4b16-45ff-8067-8d35bedfe6d0" testName="JilTests.DeserializeTests.NullEmptyMembers" computerName="SIEBL-4303-04" duration="00:00:00.0610000" startTime="2018-11-13T01:06:54.3443345-06:00" endTime="2018-11-13T01:06:54.3443345-06:00" testType="13cdc9d9-ddb5-4fa4-a97d-d965ccfc6d4b" outcome="Passed" testListId="8c84fa94-04c1-424b-9868-57a2d4851a1d" relativeResultsDirectory="d6f95f60-802e-40ae-baf9-ba56c35b1b34" /></Results><TestDefinitions><UnitTest name="JilTests.DeserializeTests.MalformedISO8601(dateString: &quot;\&quot;1999W018\&quot;&quot;, expectedError: &quot;Expected day to be a digit between 1 and 7&quot;)" storage="c:\users\dt-impact\ftsubs\mstest\kevin-montrose_jil-8a5af0f\jiltests\bin\debug\net452\jiltests.dll" id="a35e25cf-6ae1-427e-818d-5336c8a57cb6"><Execution id="b0fbd093-068d-4996-af9e-bcad276ad6a4" /><TestMethod codeBase="C:\Users\dt-impact\ftsubs\mstest\kevin-montrose_Jil-8a5af0f\JilTests\bin\Debug\net452\JilTests.dll" adapterTypeName="executor://xunit/VsTestRunner2/desktop_and_uap" className="JilTests.DeserializeTests" name="JilTests.DeserializeTests.MalformedISO8601(dateString: &quot;\&quot;1999W018\&quot;&quot;, expectedError: &quot;Expected day to be a digit between 1 and 7&quot;)" /></UnitTest><UnitTest name="JilTests.DeserializeTests.EmptyAnonymousObject" storage="c:\users\dt-impact\ftsubs\mstest\kevin-montrose_jil-8a5af0f\jiltests\bin\debug\net452\jiltests.dll" id="a9339725-946f-46af-96c5-5c5797d7a51a"><Execution id="bc58de65-ae83-44a6-a23e-c7fe2253ee01" /><TestMethod codeBase="C:\Users\dt-impact\ftsubs\mstest\kevin-montrose_Jil-8a5af0f\JilTests\bin\Debug\net452\JilTests.dll" adapterTypeName="executor://xunit/VsTestRunner2/desktop_and_uap" className="JilTests.DeserializeTests" name="JilTests.DeserializeTests.EmptyAnonymousObject" /></UnitTest><UnitTest name="JilTests.DeserializeTests.SecondsTimeSpan" storage="c:\users\dt-impact\ftsubs\mstest\kevin-montrose_jil-8a5af0f\jiltests\bin\debug\net452\jiltests.dll" id="a9a8caa5-be81-4a3e-a7df-493225403811"><Execution id="079ff90c-4ef4-4fdf-b0fd-e8f70c3d18dd" /><TestMethod codeBase="C:\Users\dt-impact\ftsubs\mstest\kevin-montrose_Jil-8a5af0f\JilTests\bin\Debug\net452\JilTests.dll" adapterTypeName="executor://xunit/VsTestRunner2/desktop_and_uap" className="JilTests.DeserializeTests" name="JilTests.DeserializeTests.SecondsTimeSpan" /></UnitTest><UnitTest name="JilTests.DeserializeDynamicTests.NewtsoftDateTimes" storage="c:\users\dt-impact\ftsubs\mstest\kevin-montrose_jil-8a5af0f\jiltests\bin\debug\net452\jiltests.dll" id="5de9d373-b2a7-42ba-a94c-0b07e1c2baea"><Execution id="002067a6-f601-40fc-b7a3-20b65c78d8bb" /><TestMethod codeBase="C:\Users\dt-impact\ftsubs\mstest\kevin-montrose_Jil-8a5af0f\JilTests\bin\Debug\net452\JilTests.dll" adapterTypeName="executor://xunit/VsTestRunner2/desktop_and_uap" className="JilTests.DeserializeDynamicTests" name="JilTests.DeserializeDynamicTests.NewtsoftDateTimes" /></UnitTest><UnitTest name="JilTests.DeserializeDynamicTests.Guids" storage="c:\users\dt-impact\ftsubs\mstest\kevin-montrose_jil-8a5af0f\jiltests\bin\debug\net452\jiltests.dll" id="5d6f36a3-fff0-4a13-a511-ef513e5215f2"><Execution id="fc0b12ac-355d-4658-9260-480387a589ff" /><TestMethod codeBase="C:\Users\dt-impact\ftsubs\mstest\kevin-montrose_Jil-8a5af0f\JilTests\bin\Debug\net452\JilTests.dll" adapterTypeName="executor://xunit/VsTestRunner2/desktop_and_uap" className="JilTests.DeserializeDynamicTests" name="JilTests.DeserializeDynamicTests.Guids" /></UnitTest><UnitTest name="JilTests.DeserializeTests.NullEmptyMembers" storage="c:\users\dt-impact\ftsubs\mstest\kevin-montrose_jil-8a5af0f\jiltests\bin\debug\net452\jiltests.dll" id="b04657f5-4b16-45ff-8067-8d35bedfe6d0"><Execution id="d6f95f60-802e-40ae-baf9-ba56c35b1b34" /><TestMethod codeBase="C:\Users\dt-impact\ftsubs\mstest\kevin-montrose_Jil-8a5af0f\JilTests\bin\Debug\net452\JilTests.dll" adapterTypeName="executor://xunit/VsTestRunner2/desktop_and_uap" className="JilTests.DeserializeTests" name="JilTests.DeserializeTests.NullEmptyMembers" /></UnitTest><UnitTest name="JilTests.SerializeTests.ReuseTypeSerializers" storage="c:\users\dt-impact\ftsubs\mstest\kevin-montrose_jil-8a5af0f\jiltests\bin\debug\net452\jiltests.dll" id="e5c617fc-c35a-4f72-a8a2-3ad161a0e383"><Execution id="800f3aef-509e-494d-94dd-684d6b415492" /><TestMethod codeBase="C:\Users\dt-impact\ftsubs\mstest\kevin-montrose_Jil-8a5af0f\JilTests\bin\Debug\net452\JilTests.dll" adapterTypeName="executor://xunit/VsTestRunner2/desktop_and_uap" className="JilTests.SerializeTests" name="JilTests.SerializeTests.ReuseTypeSerializers" /></UnitTest><UnitTest name="JilTests.SerializeTests.Issue27" storage="c:\users\dt-impact\ftsubs\mstest\kevin-montrose_jil-8a5af0f\jiltests\bin\debug\net452\jiltests.dll" id="92fb1a3a-bfc2-4210-b7e0-0604676c8eea"><Execution id="9590e994-4830-4d0d-a389-ec8053299382" /><TestMethod codeBase="C:\Users\dt-impact\ftsubs\mstest\kevin-montrose_Jil-8a5af0f\JilTests\bin\Debug\net452\JilTests.dll" adapterTypeName="executor://xunit/VsTestRunner2/desktop_and_uap" className="JilTests.SerializeTests" name="JilTests.SerializeTests.Issue27" /></UnitTest><UnitTest name="JilTests.DynamicSerializationTests.RecursiveObjects" storage="c:\users\dt-impact\ftsubs\mstest\kevin-montrose_jil-8a5af0f\jiltests\bin\debug\net452\jiltests.dll" id="fee5b448-f4e1-45b0-a331-d59097a035ef"><Execution id="92380d48-8f68-4fcc-b863-1be02e6ffc5f" /><TestMethod codeBase="C:\Users\dt-impact\ftsubs\mstest\kevin-montrose_Jil-8a5af0f\JilTests\bin\Debug\net452\JilTests.dll" adapterTypeName="executor://xunit/VsTestRunner2/desktop_and_uap" className="JilTests.DynamicSerializationTests" name="JilTests.DynamicSerializationTests.RecursiveObjects" /></UnitTest><UnitTest name="JilTests.DynamicSerializationTests.MicrosoftDateTimeOffsetSelfRoundtrip" storage="c:\users\dt-impact\ftsubs\mstest\kevin-montrose_jil-8a5af0f\jiltests\bin\debug\net452\jiltests.dll" id="52ebae9d-b3d9-4962-bfc6-914c57efa84a"><Execution id="224c5976-55b5-43a2-932a-26d4ddc386f6" /><TestMethod codeBase="C:\Users\dt-impact\ftsubs\mstest\kevin-montrose_Jil-8a5af0f\JilTests\bin\Debug\net452\JilTests.dll" adapterTypeName="executor://xunit/VsTestRunner2/desktop_and_uap" className="JilTests.DynamicSerializationTests" name="JilTests.DynamicSerializationTests.MicrosoftDateTimeOffsetSelfRoundtrip" /></UnitTest><UnitTest name="JilTests.DeserializeTests.Issue117_ULong" storage="c:\users\dt-impact\ftsubs\mstest\kevin-montrose_jil-8a5af0f\jiltests\bin\debug\net452\jiltests.dll" id="bf2fc541-3366-4ee9-939f-77c20dad6a7a"><Execution id="f9674336-6b8f-41c8-ade8-8e2e180afe17" /><TestMethod codeBase="C:\Users\dt-impact\ftsubs\mstest\kevin-montrose_Jil-8a5af0f\JilTests\bin\Debug\net452\JilTests.dll" adapterTypeName="executor://xunit/VsTestRunner2/desktop_and_uap" className="JilTests.DeserializeTests" name="JilTests.DeserializeTests.Issue117_ULong" /></UnitTest><UnitTest name="JilTests.DeserializeTests.IllegalUTF16Char" storage="c:\users\dt-impact\ftsubs\mstest\kevin-montrose_jil-8a5af0f\jiltests\bin\debug\net452\jiltests.dll" id="d5c57e23-4901-43ce-9c64-2e62aab133b9"><Execution id="1bc87264-fde5-4efc-aea1-f1e9007d3871" /><TestMethod codeBase="C:\Users\dt-impact\ftsubs\mstest\kevin-montrose_Jil-8a5af0f\JilTests\bin\Debug\net452\JilTests.dll" adapterTypeName="executor://xunit/VsTestRunner2/desktop_and_uap" className="JilTests.DeserializeTests" name="JilTests.DeserializeTests.IllegalUTF16Char" /></UnitTest><UnitTest name="JilTests.DeserializeTests.ObjectsSkipMembers" storage="c:\users\dt-impact\ftsubs\mstest\kevin-montrose_jil-8a5af0f\jiltests\bin\debug\net452\jiltests.dll" id="e6ee3e69-c36b-4f51-a9fc-472ab5c64964"><Execution id="0c82c555-f464-4eb5-83e3-157cc12e9c97" /><TestMethod codeBase="C:\Users\dt-impact\ftsubs\mstest\kevin-montrose_Jil-8a5af0f\JilTests\bin\Debug\net452\JilTests.dll" adapterTypeName="executor://xunit/VsTestRunner2/desktop_and_uap" className="JilTests.DeserializeTests" name="JilTests.DeserializeTests.ObjectsSkipMembers" /></UnitTest><UnitTest name="JilTests.DynamicSerializationTests.ToStringJSON" storage="c:\users\dt-impact\ftsubs\mstest\kevin-montrose_jil-8a5af0f\jiltests\bin\debug\net452\jiltests.dll" id="2d23537c-9380-4e6a-b2d3-94e6594c3256"><Execution id="34bb7d6c-3d74-4480-9ccb-2f42566f2ec8" /><TestMethod codeBase="C:\Users\dt-impact\ftsubs\mstest\kevin-montrose_Jil-8a5af0f\JilTests\bin\Debug\net452\JilTests.dll" adapterTypeName="executor://xunit/VsTestRunner2/desktop_and_uap" className="JilTests.DynamicSerializationTests" name="JilTests.DynamicSerializationTests.ToStringJSON" /></UnitTest><UnitTest name="JilTests.DeserializeTests.UShort" storage="c:\users\dt-impact\ftsubs\mstest\kevin-montrose_jil-8a5af0f\jiltests\bin\debug\net452\jiltests.dll" id="a64138bf-9f93-4c9e-b462-85874142e58b"><Execution id="96456f55-df72-4f41-80a9-8524819a2353" /><TestMethod codeBase="C:\Users\dt-impact\ftsubs\mstest\kevin-montrose_Jil-8a5af0f\JilTests\bin\Debug\net452\JilTests.dll" adapterTypeName="executor://xunit/VsTestRunner2/desktop_and_uap" className="JilTests.DeserializeTests" name="JilTests.DeserializeTests.UShort" /></UnitTest><UnitTest name="JilTests.DeserializeTests.Issue117_Float" storage="c:\users\dt-impact\ftsubs\mstest\kevin-montrose_jil-8a5af0f\jiltests\bin\debug\net452\jiltests.dll" id="aeb84ac8-c852-4b4d-b923-0aeb92f1b820"><Execution id="d7bdbe59-a91f-42dd-b02f-ef1ba99438cb" /><TestMethod codeBase="C:\Users\dt-impact\ftsubs\mstest\kevin-montrose_Jil-8a5af0f\JilTests\bin\Debug\net452\JilTests.dll" adapterTypeName="executor://xunit/VsTestRunner2/desktop_and_uap" className="JilTests.DeserializeTests" name="JilTests.DeserializeTests.Issue117_Float" /></UnitTest><UnitTest name="JilTests.SerializeTests.BadDictionaryType" storage="c:\users\dt-impact\ftsubs\mstest\kevin-montrose_jil-8a5af0f\jiltests\bin\debug\net452\jiltests.dll" id="bbff203c-a631-456f-9ff6-cf4fcd945490"><Execution id="ba15e9ce-87b6-4ae4-8437-907bc7e7b54c" /><TestMethod codeBase="C:\Users\dt-impact\ftsubs\mstest\kevin-montrose_Jil-8a5af0f\JilTests\bin\Debug\net452\JilTests.dll" adapterTypeName="executor://xunit/VsTestRunner2/desktop_and_uap" className="JilTests.SerializeTests" name="JilTests.SerializeTests.BadDictionaryType" /></UnitTest><UnitTest name="JilTests.SerializeTests.SecondsTimeSpans" storage="c:\users\dt-impact\ftsubs\mstest\kevin-montrose_jil-8a5af0f\jiltests\bin\debug\net452\jiltests.dll" id="20fa94ab-788a-4331-8e70-85156beeb492"><Execution id="ddc4d577-17ad-46cb-9303-2ff1448bf355" /><TestMethod codeBase="C:\Users\dt-impact\ftsubs\mstest\kevin-montrose_Jil-8a5af0f\JilTests\bin\Debug\net452\JilTests.dll" adapterTypeName="executor://xunit/VsTestRunner2/desktop_and_uap" className="JilTests.SerializeTests" name="JilTests.SerializeTests.SecondsTimeSpans" /></UnitTest><UnitTest name="JilTests.DeserializeTests.EnumMemberAttributeOverride" storage="c:\users\dt-impact\ftsubs\mstest\kevin-montrose_jil-8a5af0f\jiltests\bin\debug\net452\jiltests.dll" id="c6111948-419c-4a2c-b3f9-ab821d99e197"><Execution id="4532f12f-b217-41bb-9aec-e88ce7e01ad3" /><TestMethod codeBase="C:\Users\dt-impact\ftsubs\mstest\kevin-montrose_Jil-8a5af0f\JilTests\bin\Debug\net452\JilTests.dll" adapterTypeName="executor://xunit/VsTestRunner2/desktop_and_uap" className="JilTests.DeserializeTests" name="JilTests.DeserializeTests.EnumMemberAttributeOverride" /></UnitTest><UnitTest name="JilTests.DeserializeTests.LargeCharBuffer" storage="c:\users\dt-impact\ftsubs\mstest\kevin-montrose_jil-8a5af0f\jiltests\bin\debug\net452\jiltests.dll" id="42786b3d-abcd-4c57-9df6-42c4a6605118"><Execution id="02242512-7db8-496d-a89f-de8680e9ed45" /><TestMethod codeBase="C:\Users\dt-impact\ftsubs\mstest\kevin-montrose_Jil-8a5af0f\JilTests\bin\Debug\net452\JilTests.dll" adapterTypeName="executor://xunit/VsTestRunner2/desktop_and_uap" className="JilTests.DeserializeTests" name="JilTests.DeserializeTests.LargeCharBuffer" /></UnitTest><UnitTest name="JilTests.DeserializeTests.MalformedISO8601(dateString: &quot;\&quot;1999-W54\&quot;&quot;, expectedError: &quot;Expected week to be between 01 and 53&quot;)" storage="c:\users\dt-impact\ftsubs\mstest\kevin-montrose_jil-8a5af0f\jiltests\bin\debug\net452\jiltests.dll" id="77f65f0d-641e-4786-ba27-5ee898e5ce14"><Execution id="d0d3cbdd-dc52-4e9b-9225-5982173001ed" /><TestMethod codeBase="C:\Users\dt-impact\ftsubs\mstest\kevin-montrose_Jil-8a5af0f\JilTests\bin\Debug\net452\JilTests.dll" adapterTypeName="executor://xunit/VsTestRunner2/desktop_and_uap" className="JilTests.DeserializeTests" name="JilTests.DeserializeTests.MalformedISO8601(dateString: &quot;\&quot;1999-W54\&quot;&quot;, expectedError: &quot;Expected week to be between 01 and 53&quot;)" /></UnitTest><UnitTest name="JilTests.DeserializeTests.MalformedISO8601(dateString: &quot;\&quot;1900-\&quot;&quot;, expectedError: &quot;Unexpected date string length&quot;)" storage="c:\users\dt-impact\ftsubs\mstest\kevin-montrose_jil-8a5af0f\jiltests\bin\debug\net452\jiltests.dll" id="0094112d-9750-436c-bb3b-6a3b43610f0c"><Execution id="fe3551ac-7797-4dc7-98fd-4c8a6caa7430" /><TestMethod codeBase="C:\Users\dt-impact\ftsubs\mstest\kevin-montrose_Jil-8a5af0f\JilTests\bin\Debug\net452\JilTests.dll" adapterTypeName="executor://xunit/VsTestRunner2/desktop_and_uap" className="JilTests.DeserializeTests" name="JilTests.DeserializeTests.MalformedISO8601(dateString: &quot;\&quot;1900-\&quot;&quot;, expectedError: &quot;Unexpected date string length&quot;)" /></UnitTest><UnitTest name="JilTests.DeserializeTests.Issue162" storage="c:\users\dt-impact\ftsubs\mstest\kevin-montrose_jil-8a5af0f\jiltests\bin\debug\net452\jiltests.dll" id="9b8962ad-5008-413f-9d21-0853c5c98e97"><Execution id="9b7d031b-e843-43c6-8b6b-b17a62c265ef" /><TestMethod codeBase="C:\Users\dt-impact\ftsubs\mstest\kevin-montrose_Jil-8a5af0f\JilTests\bin\Debug\net452\JilTests.dll" adapterTypeName="executor://xunit/VsTestRunner2/desktop_and_uap" className="JilTests.DeserializeTests" name="JilTests.DeserializeTests.Issue162" /></UnitTest><UnitTest name="JilTests.DeserializeDynamicTests.ObjectEnumeration" storage="c:\users\dt-impact\ftsubs\mstest\kevin-montrose_jil-8a5af0f\jiltests\bin\debug\net452\jiltests.dll" id="27b90b8e-ffd2-4da0-82d2-bb2c8d6bdb2d"><Execution id="85590f10-8ba4-41cb-8fea-ffbf6cdc886c" /><TestMethod codeBase="C:\Users\dt-impact\ftsubs\mstest\kevin-montrose_Jil-8a5af0f\JilTests\bin\Debug\net452\JilTests.dll" adapterTypeName="executor://xunit/VsTestRunner2/desktop_and_uap" className="JilTests.DeserializeDynamicTests" name="JilTests.DeserializeDynamicTests.ObjectEnumeration" /></UnitTest><UnitTest name="JilTests.DeserializeTests.Guids" storage="c:\users\dt-impact\ftsubs\mstest\kevin-montrose_jil-8a5af0f\jiltests\bin\debug\net452\jiltests.dll" id="2b088dcb-3a2d-47ab-9797-7e3096ba914a"><Execution id="d30b5bd2-64a3-4cc3-9dde-b464deb361f0" /><TestMethod codeBase="C:\Users\dt-impact\ftsubs\mstest\kevin-montrose_Jil-8a5af0f\JilTests\bin\Debug\net452\JilTests.dll" adapterTypeName="executor://xunit/VsTestRunner2/desktop_and_uap" className="JilTests.DeserializeTests" name="JilTests.DeserializeTests.Guids" /></UnitTest><UnitTest name="JilTests.DeserializeDynamicTests.GreaterThan" storage="c:\users\dt-impact\ftsubs\mstest\kevin-montrose_jil-8a5af0f\jiltests\bin\debug\net452\jiltests.dll" id="c956e6c1-bbaf-4f83-83e8-475fe619184b"><Execution id="11482f02-8213-4f97-ba59-07af1a6aa52e" /><TestMethod codeBase="C:\Users\dt-impact\ftsubs\mstest\kevin-montrose_Jil-8a5af0f\JilTests\bin\Debug\net452\JilTests.dll" adapterTypeName="executor://xunit/VsTestRunner2/desktop_and_uap" className="JilTests.DeserializeDynamicTests" name="JilTests.DeserializeDynamicTests.GreaterThan" /></UnitTest><UnitTest name="JilTests.DeserializeTests.ComplicatedDiscriminateUnion" storage="c:\users\dt-impact\ftsubs\mstest\kevin-montrose_jil-8a5af0f\jiltests\bin\debug\net452\jiltests.dll" id="783b42e8-fe08-4fd6-83b0-807257e753ff"><Execution id="45b50d01-1a7b-41c3-a29f-32077f5df3cb" /><TestMethod codeBase="C:\Users\dt-impact\ftsubs\mstest\kevin-montrose_Jil-8a5af0f\JilTests\bin\Debug\net452\JilTests.dll" adapterTypeName="executor://xunit/VsTestRunner2/desktop_and_uap" className="JilTests.DeserializeTests" name="JilTests.DeserializeTests.ComplicatedDiscriminateUnion" /></UnitTest><UnitTest name="JilTests.UtilsTests.Issue119" storage="c:\users\dt-impact\ftsubs\mstest\kevin-montrose_jil-8a5af0f\jiltests\bin\debug\net452\jiltests.dll" id="99350d7c-b5d3-4eeb-a869-af00521b0e93"><Execution id="dc7edbdb-97a7-440c-85dd-49b8d56a8a77" /><TestMethod codeBase="C:\Users\dt-impact\ftsubs\mstest\kevin-montrose_Jil-8a5af0f\JilTests\bin\Debug\net452\JilTests.dll" adapterTypeName="executor://xunit/VsTestRunner2/desktop_and_uap" className="JilTests.UtilsTests" name="JilTests.UtilsTests.Issue119" /></UnitTest><UnitTest name="JilTests.SerializeTests.Issue89" storage="c:\users\dt-impact\ftsubs\mstest\kevin-montrose_jil-8a5af0f\jiltests\bin\debug\net452\jiltests.dll" id="4feeaab8-bdb9-44ba-88c4-62b8303bccc5"><Execution id="3f9116bb-69e9-4896-af47-8319f8cd2e46" /><TestMethod codeBase="C:\Users\dt-impact\ftsubs\mstest\kevin-montrose_Jil-8a5af0f\JilTests\bin\Debug\net452\JilTests.dll" adapterTypeName="executor://xunit/VsTestRunner2/desktop_and_uap" className="JilTests.SerializeTests" name="JilTests.SerializeTests.Issue89" /></UnitTest><UnitTest name="JilTests.DeserializeDynamicTests.Null" storage="c:\users\dt-impact\ftsubs\mstest\kevin-montrose_jil-8a5af0f\jiltests\bin\debug\net452\jiltests.dll" id="faaf48c9-8c01-4f3a-af5b-487e6fe5de9b"><Execution id="97fb5548-5edc-4fd9-9c29-445fc2a9371f" /><TestMethod codeBase="C:\Users\dt-impact\ftsubs\mstest\kevin-montrose_Jil-8a5af0f\JilTests\bin\Debug\net452\JilTests.dll" adapterTypeName="executor://xunit/VsTestRunner2/desktop_and_uap" className="JilTests.DeserializeDynamicTests" name="JilTests.DeserializeDynamicTests.Null" /></UnitTest><UnitTest name="JilTests.DeserializeDynamicTests.Negate" storage="c:\users\dt-impact\ftsubs\mstest\kevin-montrose_jil-8a5af0f\jiltests\bin\debug\net452\jiltests.dll" id="855966e8-7187-4fa7-85c4-51c6320c11a7"><Execution id="8b5dfa45-5352-40b0-92c1-5da5cb6ae0c8" /><TestMethod codeBase="C:\Users\dt-impact\ftsubs\mstest\kevin-montrose_Jil-8a5af0f\JilTests\bin\Debug\net452\JilTests.dll" adapterTypeName="executor://xunit/VsTestRunner2/desktop_and_uap" className="JilTests.DeserializeDynamicTests" name="JilTests.DeserializeDynamicTests.Negate" /></UnitTest><UnitTest name="JilTests.DeserializeTests.MalformedISO8601(dateString: &quot;\&quot;1999-12-00\&quot;&quot;, expectedError: &quot;Expected day to be between 01 and 31&quot;)" storage="c:\users\dt-impact\ftsubs\mstest\kevin-montrose_jil-8a5af0f\jiltests\bin\debug\net452\jiltests.dll" id="7a9bd937-5e9a-4e06-984d-e9be0729848b"><Execution id="f3d36a2e-5a18-43ab-9568-1cdbbba378a3" /><TestMethod codeBase="C:\Users\dt-impact\ftsubs\mstest\kevin-montrose_Jil-8a5af0f\JilTests\bin\Debug\net452\JilTests.dll" adapterTypeName="executor://xunit/VsTestRunner2/desktop_and_uap" className="JilTests.DeserializeTests" name="JilTests.DeserializeTests.MalformedISO8601(dateString: &quot;\&quot;1999-12-00\&quot;&quot;, expectedError: &quot;Expected day to be between 01 and 31&quot;)" /></UnitTest><UnitTest name="JilTests.DynamicSerializationTests.TopLevelNulls" storage="c:\users\dt-impact\ftsubs\mstest\kevin-montrose_jil-8a5af0f\jiltests\bin\debug\net452\jiltests.dll" id="79256b3e-ae0b-43da-91fb-036c66454e62"><Execution id="37fb6b5a-1a97-45e9-af1a-02bdf02a28b5" /><TestMethod codeBase="C:\Users\dt-impact\ftsubs\mstest\kevin-montrose_Jil-8a5af0f\JilTests\bin\Debug\net452\JilTests.dll" adapterTypeName="executor://xunit/VsTestRunner2/desktop_and_uap" className="JilTests.DynamicSerializationTests" name="JilTests.DynamicSerializationTests.TopLevelNulls" /></UnitTest><UnitTest name="JilTests.DeserializeTests.MalformedISO8601(dateString: &quot;\&quot;1900-01-01T19:19+00:\&quot;&quot;, expectedError: &quot;Not enough character for ISO8601 timezone offset&quot;)" storage="c:\users\dt-impact\ftsubs\mstest\kevin-montrose_jil-8a5af0f\jiltests\bin\debug\net452\jiltests.dll" id="1ab69ba2-a51d-46a4-8482-e84726d27d7a"><Execution id="1a4f8ac8-7ad9-4e0e-96e3-3a69de2dbdbd" /><TestMethod codeBase="C:\Users\dt-impact\ftsubs\mstest\kevin-montrose_Jil-8a5af0f\JilTests\bin\Debug\net452\JilTests.dll" adapterTypeName="executor://xunit/VsTestRunner2/desktop_and_uap" className="JilTests.DeserializeTests" name="JilTests.DeserializeTests.MalformedISO8601(dateString: &quot;\&quot;1900-01-01T19:19+00:\&quot;&quot;, expectedError: &quot;Not enough character for ISO8601 timezone offset&quot;)" /></UnitTest><UnitTest name="JilTests.DeserializeTests.IDictionaries" storage="c:\users\dt-impact\ftsubs\mstest\kevin-montrose_jil-8a5af0f\jiltests\bin\debug\net452\jiltests.dll" id="bc4baf69-4e2d-4ca3-b618-ff848e0616f5"><Execution id="427260f2-d3be-4ede-8382-53a6013dda55" /><TestMethod codeBase="C:\Users\dt-impact\ftsubs\mstest\kevin-montrose_Jil-8a5af0f\JilTests\bin\Debug\net452\JilTests.dll" adapterTypeName="executor://xunit/VsTestRunner2/desktop_and_uap" className="JilTests.DeserializeTests" name="JilTests.DeserializeTests.IDictionaries" /></UnitTest><UnitTest name="JilTests.DeserializeTests.Issue143DateTime" storage="c:\users\dt-impact\ftsubs\mstest\kevin-montrose_jil-8a5af0f\jiltests\bin\debug\net452\jiltests.dll" id="87ff4070-1056-467e-ab54-539660c1365b"><Execution id="c2323537-76db-42d1-b6b3-452d7eaceee8" /><TestMethod codeBase="C:\Users\dt-impact\ftsubs\mstest\kevin-montrose_Jil-8a5af0f\JilTests\bin\Debug\net452\JilTests.dll" adapterTypeName="executor://xunit/VsTestRunner2/desktop_and_uap" className="JilTests.DeserializeTests" name="JilTests.DeserializeTests.Issue143DateTime" /></UnitTest><UnitTest name="JilTests.DeserializeTests.Surrogates" storage="c:\users\dt-impact\ftsubs\mstest\kevin-montrose_jil-8a5af0f\jiltests\bin\debug\net452\jiltests.dll" id="2c91266f-0b1f-4f70-bdc7-c754d439756d"><Execution id="2e6e1fa2-433f-4902-8f4b-57d61d372c3b" /><TestMethod codeBase="C:\Users\dt-impact\ftsubs\mstest\kevin-montrose_Jil-8a5af0f\JilTests\bin\Debug\net452\JilTests.dll" adapterTypeName="executor://xunit/VsTestRunner2/desktop_and_uap" className="JilTests.DeserializeTests" name="JilTests.DeserializeTests.Surrogates" /></UnitTest><UnitTest name="JilTests.DeserializeTests.MalformedISO8601(dateString: &quot;\&quot;1999-W01-8\&quot;&quot;, expectedError: &quot;Expected day to be a digit between 1 and 7&quot;)" storage="c:\users\dt-impact\ftsubs\mstest\kevin-montrose_jil-8a5af0f\jiltests\bin\debug\net452\jiltests.dll" id="c0384fc7-8ebe-4f4c-99c5-308f28355af0"><Execution id="3a54b590-525b-4c2a-a263-b5d18f675e71" /><TestMethod codeBase="C:\Users\dt-impact\ftsubs\mstest\kevin-montrose_Jil-8a5af0f\JilTests\bin\Debug\net452\JilTests.dll" adapterTypeName="executor://xunit/VsTestRunner2/desktop_and_uap" className="JilTests.DeserializeTests" name="JilTests.DeserializeTests.MalformedISO8601(dateString: &quot;\&quot;1999-W01-8\&quot;&quot;, expectedError: &quot;Expected day to be a digit between 1 and 7&quot;)" /></UnitTest><UnitTest name="JilTests.SerializeTests.EnumMembers" storage="c:\users\dt-impact\ftsubs\mstest\kevin-montrose_jil-8a5af0f\jiltests\bin\debug\net452\jiltests.dll" id="27a964d0-ca3b-42f2-9513-306a760fde78"><Execution id="8cd3dbc9-a806-4a78-8faa-280d86ee249a" /><TestMethod codeBase="C:\Users\dt-impact\ftsubs\mstest\kevin-montrose_Jil-8a5af0f\JilTests\bin\Debug\net452\JilTests.dll" adapterTypeName="executor://xunit/VsTestRunner2/desktop_and_uap" className="JilTests.SerializeTests" name="JilTests.SerializeTests.EnumMembers" /></UnitTest><UnitTest name="JilTests.DeserializeTests.MalformedISO8601(dateString: &quot;\&quot;1999-W1\&quot;&quot;, expectedError: &quot;Unexpected date string length&quot;)" storage="c:\users\dt-impact\ftsubs\mstest\kevin-montrose_jil-8a5af0f\jiltests\bin\debug\net452\jiltests.dll" id="3e4956a4-4383-4b7a-a6f3-78b80adba082"><Execution id="15aff43f-b1f4-47a4-947d-8201ffe8c09f" /><TestMethod codeBase="C:\Users\dt-impact\ftsubs\mstest\kevin-montrose_Jil-8a5af0f\JilTests\bin\Debug\net452\JilTests.dll" adapterTypeName="executor://xunit/VsTestRunner2/desktop_and_uap" className="JilTests.DeserializeTests" name="JilTests.DeserializeTests.MalformedISO8601(dateString: &quot;\&quot;1999-W1\&quot;&quot;, expectedError: &quot;Unexpected date string length&quot;)" /></UnitTest><UnitTest name="JilTests.DeserializeTests.EmptyEnum" storage="c:\users\dt-impact\ftsubs\mstest\kevin-montrose_jil-8a5af0f\jiltests\bin\debug\net452\jiltests.dll" id="e74ea006-3a0a-4d0a-aa9c-b9d6e0ab905e"><Execution id="8a0ad433-5de9-4375-8cf4-59f41dedd708" /><TestMethod codeBase="C:\Users\dt-impact\ftsubs\mstest\kevin-montrose_Jil-8a5af0f\JilTests\bin\Debug\net452\JilTests.dll" adapterTypeName="executor://xunit/VsTestRunner2/desktop_and_uap" className="JilTests.DeserializeTests" name="JilTests.DeserializeTests.EmptyEnum" /></UnitTest><UnitTest name="JilTests.DeserializeTests.RecursiveObjects" storage="c:\users\dt-impact\ftsubs\mstest\kevin-montrose_jil-8a5af0f\jiltests\bin\debug\net452\jiltests.dll" id="cbfd07df-f4cd-482e-9f5f-4ed3f8d0aae9"><Execution id="95d6c117-87f1-40f6-8bec-a7adf838bd43" /><TestMethod codeBase="C:\Users\dt-impact\ftsubs\mstest\kevin-montrose_Jil-8a5af0f\JilTests\bin\Debug\net452\JilTests.dll" adapterTypeName="executor://xunit/VsTestRunner2/desktop_and_uap" className="JilTests.DeserializeTests" name="JilTests.DeserializeTests.RecursiveObjects" /></UnitTest><UnitTest name="JilTests.SerializeTests.FlagsEnum" storage="c:\users\dt-impact\ftsubs\mstest\kevin-montrose_jil-8a5af0f\jiltests\bin\debug\net452\jiltests.dll" id="f0708501-de4a-4da3-bd30-e5d0110ed381"><Execution id="654cb5e8-da03-4c20-acb3-5d446715bfa1" /><TestMethod codeBase="C:\Users\dt-impact\ftsubs\mstest\kevin-montrose_Jil-8a5af0f\JilTests\bin\Debug\net452\JilTests.dll" adapterTypeName="executor://xunit/VsTestRunner2/desktop_and_uap" className="JilTests.SerializeTests" name="JilTests.SerializeTests.FlagsEnum" /></UnitTest><UnitTest name="JilTests.DeserializeTests.CaseInsensitiveEnums" storage="c:\users\dt-impact\ftsubs\mstest\kevin-montrose_jil-8a5af0f\jiltests\bin\debug\net452\jiltests.dll" id="680ebf4f-f069-47c0-9f49-f6a64a6a312a"><Execution id="890a7d1e-4cae-4c5b-955a-2a0861f261e2" /><TestMethod codeBase="C:\Users\dt-impact\ftsubs\mstest\kevin-montrose_Jil-8a5af0f\JilTests\bin\Debug\net452\JilTests.dll" adapterTypeName="executor://xunit/VsTestRunner2/desktop_and_uap" className="JilTests.DeserializeTests" name="JilTests.DeserializeTests.CaseInsensitiveEnums" /></UnitTest><UnitTest name="JilTests.DeserializeDynamicTests.FlagsEnum" storage="c:\users\dt-impact\ftsubs\mstest\kevin-montrose_jil-8a5af0f\jiltests\bin\debug\net452\jiltests.dll" id="afc06b50-b42f-4414-932f-001e42805707"><Execution id="cd046339-5eb6-4a4e-a85a-af5e59626cc1" /><TestMethod codeBase="C:\Users\dt-impact\ftsubs\mstest\kevin-montrose_Jil-8a5af0f\JilTests\bin\Debug\net452\JilTests.dll" adapterTypeName="executor://xunit/VsTestRunner2/desktop_and_uap" className="JilTests.DeserializeDynamicTests" name="JilTests.DeserializeDynamicTests.FlagsEnum" /></UnitTest><UnitTest name="JilTests.SerializeTests.SerializeDynamicToString" storage="c:\users\dt-impact\ftsubs\mstest\kevin-montrose_jil-8a5af0f\jiltests\bin\debug\net452\jiltests.dll" id="6703dcae-4f19-4664-a935-939c553ba281"><Execution id="3899d93b-e728-444c-8ae3-c787ce260621" /><TestMethod codeBase="C:\Users\dt-impact\ftsubs\mstest\kevin-montrose_Jil-8a5af0f\JilTests\bin\Debug\net452\JilTests.dll" adapterTypeName="executor://xunit/VsTestRunner2/desktop_and_uap" className="JilTests.SerializeTests" name="JilTests.SerializeTests.SerializeDynamicToString" /></UnitTest><UnitTest name="JilTests.DeserializeTests.MalformedISO8601(dateString: &quot;\&quot;1900-01-01+00:30\&quot;&quot;, expectedError: &quot;Unexpected date string length&quot;)" storage="c:\users\dt-impact\ftsubs\mstest\kevin-montrose_jil-8a5af0f\jiltests\bin\debug\net452\jiltests.dll" id="b589112f-4425-4f2a-95df-9005018bcefe"><Execution id="f5a326f7-90c8-413b-93a2-2c487649c5bb" /><TestMethod codeBase="C:\Users\dt-impact\ftsubs\mstest\kevin-montrose_Jil-8a5af0f\JilTests\bin\Debug\net452\JilTests.dll" adapterTypeName="executor://xunit/VsTestRunner2/desktop_and_uap" className="JilTests.DeserializeTests" name="JilTests.DeserializeTests.MalformedISO8601(dateString: &quot;\&quot;1900-01-01+00:30\&quot;&quot;, expectedError: &quot;Unexpected date string length&quot;)" /></UnitTest><UnitTest name="JilTests.DeserializeTests.BadFloat(input: &quot;1.2.3.4.5.6&quot;, expectedSnippetAfter: &quot;.3.4.5.6&quot;)" storage="c:\users\dt-impact\ftsubs\mstest\kevin-montrose_jil-8a5af0f\jiltests\bin\debug\net452\jiltests.dll" id="ca446213-0686-4735-b100-56626a77e42e"><Execution id="921e1e45-a8a2-4bbf-9476-31f49ccdfdae" /><TestMethod codeBase="C:\Users\dt-impact\ftsubs\mstest\kevin-montrose_Jil-8a5af0f\JilTests\bin\Debug\net452\JilTests.dll" adapterTypeName="executor://xunit/VsTestRunner2/desktop_and_uap" className="JilTests.DeserializeTests" name="JilTests.DeserializeTests.BadFloat(input: &quot;1.2.3.4.5.6&quot;, expectedSnippetAfter: &quot;.3.4.5.6&quot;)" /></UnitTest><UnitTest name="JilTests.DeserializeTests.Issue117_SByte" storage="c:\users\dt-impact\ftsubs\mstest\kevin-montrose_jil-8a5af0f\jiltests\bin\debug\net452\jiltests.dll" id="04f25683-3060-4ce0-8502-b3afc935b0af"><Execution id="324b8484-a81b-44f4-8530-6d56582e38f8" /><TestMethod codeBase="C:\Users\dt-impact\ftsubs\mstest\kevin-montrose_Jil-8a5af0f\JilTests\bin\Debug\net452\JilTests.dll" adapterTypeName="executor://xunit/VsTestRunner2/desktop_and_uap" className="JilTests.DeserializeTests" name="JilTests.DeserializeTests.Issue117_SByte" /></UnitTest><UnitTest name="JilTests.SerializeTests.Issue189" storage="c:\users\dt-impact\ftsubs\mstest\kevin-montrose_jil-8a5af0f\jiltests\bin\debug\net452\jiltests.dll" id="f6bfaea5-7eb0-4e3e-a934-7cdebe626394"><Execution id="58cdd59a-dae7-46a8-b594-2521955d34e1" /><TestMethod codeBase="C:\Users\dt-impact\ftsubs\mstest\kevin-montrose_Jil-8a5af0f\JilTests\bin\Debug\net452\JilTests.dll" adapterTypeName="executor://xunit/VsTestRunner2/desktop_and_uap" className="JilTests.SerializeTests" name="JilTests.SerializeTests.Issue189" /></UnitTest><UnitTest name="JilTests.DeserializeTests.ISets" storage="c:\users\dt-impact\ftsubs\mstest\kevin-montrose_jil-8a5af0f\jiltests\bin\debug\net452\jiltests.dll" id="7c64698b-5b32-4800-b6a9-852c7ec846bd"><Execution id="f095bc20-39b7-4b9e-9f0f-de8acda069da" /><TestMethod codeBase="C:\Users\dt-impact\ftsubs\mstest\kevin-montrose_Jil-8a5af0f\JilTests\bin\Debug\net452\JilTests.dll" adapterTypeName="executor://xunit/VsTestRunner2/desktop_and_uap" className="JilTests.DeserializeTests" name="JilTests.DeserializeTests.ISets" /></UnitTest><UnitTest name="JilTests.SerializeTests.Issue95" storage="c:\users\dt-impact\ftsubs\mstest\kevin-montrose_jil-8a5af0f\jiltests\bin\debug\net452\jiltests.dll" id="ad566697-9ad2-4c84-b911-3a3d4c1457b3"><Execution id="08a41fa8-c1af-4e1d-94eb-9d89476fb19f" /><TestMethod codeBase="C:\Users\dt-impact\ftsubs\mstest\kevin-montrose_Jil-8a5af0f\JilTests\bin\Debug\net452\JilTests.dll" adapterTypeName="executor://xunit/VsTestRunner2/desktop_and_uap" className="JilTests.SerializeTests" name="JilTests.SerializeTests.Issue95" /></UnitTest><UnitTest name="JilTests.DeserializeTests.NaNFails" storage="c:\users\dt-impact\ftsubs\mstest\kevin-montrose_jil-8a5af0f\jiltests\bin\debug\net452\jiltests.dll" id="e9f7178b-9bd6-4406-8acd-0d0458cf6f2b"><Execution id="e411e965-1b72-43c1-b157-e85373e6c775" /><TestMethod codeBase="C:\Users\dt-impact\ftsubs\mstest\kevin-montrose_Jil-8a5af0f\JilTests\bin\Debug\net452\JilTests.dll" adapterTypeName="executor://xunit/VsTestRunner2/desktop_and_uap" className="JilTests.DeserializeTests" name="JilTests.DeserializeTests.NaNFails" /></UnitTest><UnitTest name="JilTests.SerializeTests.BadUnions" storage="c:\users\dt-impact\ftsubs\mstest\kevin-montrose_jil-8a5af0f\jiltests\bin\debug\net452\jiltests.dll" id="e5a2afa0-1c2d-40b5-96bb-5ef1a02a1f66"><Execution id="47132951-03b4-4fdc-8881-9a0e590860df" /><TestMethod codeBase="C:\Users\dt-impact\ftsubs\mstest\kevin-montrose_Jil-8a5af0f\JilTests\bin\Debug\net452\JilTests.dll" adapterTypeName="executor://xunit/VsTestRunner2/desktop_and_uap" className="JilTests.SerializeTests" name="JilTests.SerializeTests.BadUnions" /></UnitTest><UnitTest name="JilTests.DeserializeTests.MalformedISO8601(dateString: &quot;\&quot;1900366\&quot;&quot;, expectedError: &quot;Ordinal day can only be 366 in a leap year&quot;)" storage="c:\users\dt-impact\ftsubs\mstest\kevin-montrose_jil-8a5af0f\jiltests\bin\debug\net452\jiltests.dll" id="3abc06da-bda0-4d09-971f-80362cd98daf"><Execution id="1fdc60dd-5597-4328-9c9f-bb4bf539c972" /><TestMethod codeBase="C:\Users\dt-impact\ftsubs\mstest\kevin-montrose_Jil-8a5af0f\JilTests\bin\Debug\net452\JilTests.dll" adapterTypeName="executor://xunit/VsTestRunner2/desktop_and_uap" className="JilTests.DeserializeTests" name="JilTests.DeserializeTests.MalformedISO8601(dateString: &quot;\&quot;1900366\&quot;&quot;, expectedError: &quot;Ordinal day can only be 366 in a leap year&quot;)" /></UnitTest><UnitTest name="JilTests.DeserializeTests.MicrosoftTimeSpan" storage="c:\users\dt-impact\ftsubs\mstest\kevin-montrose_jil-8a5af0f\jiltests\bin\debug\net452\jiltests.dll" id="52f2ca8b-d34f-4d1b-aadf-b950ebcde1ff"><Execution id="9e455691-5c58-49d8-ae9a-35f2fc2c12f1" /><TestMethod codeBase="C:\Users\dt-impact\ftsubs\mstest\kevin-montrose_Jil-8a5af0f\JilTests\bin\Debug\net452\JilTests.dll" adapterTypeName="executor://xunit/VsTestRunner2/desktop_and_uap" className="JilTests.DeserializeTests" name="JilTests.DeserializeTests.MicrosoftTimeSpan" /></UnitTest><UnitTest name="JilTests.DeserializeTests.Issue117_Byte" storage="c:\users\dt-impact\ftsubs\mstest\kevin-montrose_jil-8a5af0f\jiltests\bin\debug\net452\jiltests.dll" id="97613af3-a1a2-40b1-9274-591ec6569b4a"><Execution id="3599d9c9-4f39-4b35-a34d-8c3b9a608118" /><TestMethod codeBase="C:\Users\dt-impact\ftsubs\mstest\kevin-montrose_Jil-8a5af0f\JilTests\bin\Debug\net452\JilTests.dll" adapterTypeName="executor://xunit/VsTestRunner2/desktop_and_uap" className="JilTests.DeserializeTests" name="JilTests.DeserializeTests.Issue117_Byte" /></UnitTest><UnitTest name="JilTests.DeserializeDynamicTests.Issue143DateTimeFractionOverflow" storage="c:\users\dt-impact\ftsubs\mstest\kevin-montrose_jil-8a5af0f\jiltests\bin\debug\net452\jiltests.dll" id="93dfe8d4-0776-4ff5-a329-2803ffc7368c"><Execution id="ea0d022d-3415-4f49-a77f-72ad6362c0c8" /><TestMethod codeBase="C:\Users\dt-impact\ftsubs\mstest\kevin-montrose_Jil-8a5af0f\JilTests\bin\Debug\net452\JilTests.dll" adapterTypeName="executor://xunit/VsTestRunner2/desktop_and_uap" className="JilTests.DeserializeDynamicTests" name="JilTests.DeserializeDynamicTests.Issue143DateTimeFractionOverflow" /></UnitTest><UnitTest name="JilTests.DeserializeTests.Issue151" storage="c:\users\dt-impact\ftsubs\mstest\kevin-montrose_jil-8a5af0f\jiltests\bin\debug\net452\jiltests.dll" id="7e214138-546a-4561-8051-81bf56762c36"><Execution id="226e1109-2f75-463f-ac9d-089ef1752dd0" /><TestMethod codeBase="C:\Users\dt-impact\ftsubs\mstest\kevin-montrose_Jil-8a5af0f\JilTests\bin\Debug\net452\JilTests.dll" adapterTypeName="executor://xunit/VsTestRunner2/desktop_and_uap" className="JilTests.DeserializeTests" name="JilTests.DeserializeTests.Issue151" /></UnitTest><UnitTest name="JilTests.DeserializeDynamicTests.Issue143TimeSpan" storage="c:\users\dt-impact\ftsubs\mstest\kevin-montrose_jil-8a5af0f\jiltests\bin\debug\net452\jiltests.dll" id="f04b39d4-e8c3-4f9a-bbd0-d0eb557b5665"><Execution id="283dbe21-dd8b-4769-9125-7d7f8e69e31b" /><TestMethod codeBase="C:\Users\dt-impact\ftsubs\mstest\kevin-montrose_Jil-8a5af0f\JilTests\bin\Debug\net452\JilTests.dll" adapterTypeName="executor://xunit/VsTestRunner2/desktop_and_uap" className="JilTests.DeserializeDynamicTests" name="JilTests.DeserializeDynamicTests.Issue143TimeSpan" /></UnitTest><UnitTest name="JilTests.DeserializeDynamicTests.Number" storage="c:\users\dt-impact\ftsubs\mstest\kevin-montrose_jil-8a5af0f\jiltests\bin\debug\net452\jiltests.dll" id="3166b0c2-dc44-44a2-8656-7f97222b1ed0"><Execution id="47a461ba-cc30-4ca6-9e5b-1034bc3e9b76" /><TestMethod codeBase="C:\Users\dt-impact\ftsubs\mstest\kevin-montrose_Jil-8a5af0f\JilTests\bin\Debug\net452\JilTests.dll" adapterTypeName="executor://xunit/VsTestRunner2/desktop_and_uap" className="JilTests.DeserializeDynamicTests" name="JilTests.DeserializeDynamicTests.Number" /></UnitTest><UnitTest name="JilTests.SerializeTests.TopLevelNulls" storage="c:\users\dt-impact\ftsubs\mstest\kevin-montrose_jil-8a5af0f\jiltests\bin\debug\net452\jiltests.dll" id="11d227d1-e2bf-44fc-8e7e-f30edbfbaf36"><Execution id="0a737f38-7450-45f4-92f3-4cb613d3c2ee" /><TestMethod codeBase="C:\Users\dt-impact\ftsubs\mstest\kevin-montrose_Jil-8a5af0f\JilTests\bin\Debug\net452\JilTests.dll" adapterTypeName="executor://xunit/VsTestRunner2/desktop_and_uap" className="JilTests.SerializeTests" name="JilTests.SerializeTests.TopLevelNulls" /></UnitTest><UnitTest name="JilTests.UtilsTests.FieldOffsetsInMemory" storage="c:\users\dt-impact\ftsubs\mstest\kevin-montrose_jil-8a5af0f\jiltests\bin\debug\net452\jiltests.dll" id="e305bddd-fff0-4ecd-b5b7-8a18b37e4831"><Execution id="029863fc-d41d-4064-8635-4e8e6d3308a2" /><TestMethod codeBase="C:\Users\dt-impact\ftsubs\mstest\kevin-montrose_Jil-8a5af0f\JilTests\bin\Debug\net452\JilTests.dll" adapterTypeName="executor://xunit/VsTestRunner2/desktop_and_uap" className="JilTests.UtilsTests" name="JilTests.UtilsTests.FieldOffsetsInMemory" /></UnitTest><UnitTest name="JilTests.DeserializeTests.DynamicMembers" storage="c:\users\dt-impact\ftsubs\mstest\kevin-montrose_jil-8a5af0f\jiltests\bin\debug\net452\jiltests.dll" id="d8ccff14-14f0-4ed3-9a6e-ff5e55e89cc2"><Execution id="d82e5556-4100-4248-90d2-dd3265e72511" /><TestMethod codeBase="C:\Users\dt-impact\ftsubs\mstest\kevin-montrose_Jil-8a5af0f\JilTests\bin\Debug\net452\JilTests.dll" adapterTypeName="executor://xunit/VsTestRunner2/desktop_and_uap" className="JilTests.DeserializeTests" name="JilTests.DeserializeTests.DynamicMembers" /></UnitTest><UnitTest name="JilTests.DeserializeTests.EmptyMembers" storage="c:\users\dt-impact\ftsubs\mstest\kevin-montrose_jil-8a5af0f\jiltests\bin\debug\net452\jiltests.dll" id="eab596af-3186-4783-84e4-829168051ade"><Execution id="6d92ab6a-e2cb-4037-a3b6-de1c5aa8d152" /><TestMethod codeBase="C:\Users\dt-impact\ftsubs\mstest\kevin-montrose_Jil-8a5af0f\JilTests\bin\Debug\net452\JilTests.dll" adapterTypeName="executor://xunit/VsTestRunner2/desktop_and_uap" className="JilTests.DeserializeTests" name="JilTests.DeserializeTests.EmptyMembers" /></UnitTest><UnitTest name="JilTests.DeserializeTests.Arrays" storage="c:\users\dt-impact\ftsubs\mstest\kevin-montrose_jil-8a5af0f\jiltests\bin\debug\net452\jiltests.dll" id="25abd38d-cd26-4a20-88c8-039d2cd56407"><Execution id="06eafb2a-61f3-47bb-929d-33ef7211208e" /><TestMethod codeBase="C:\Users\dt-impact\ftsubs\mstest\kevin-montrose_Jil-8a5af0f\JilTests\bin\Debug\net452\JilTests.dll" adapterTypeName="executor://xunit/VsTestRunner2/desktop_and_uap" className="JilTests.DeserializeTests" name="JilTests.DeserializeTests.Arrays" /></UnitTest><UnitTest name="JilTests.DynamicSerializationTests.MicrosoftTimeSpans" storage="c:\users\dt-impact\ftsubs\mstest\kevin-montrose_jil-8a5af0f\jiltests\bin\debug\net452\jiltests.dll" id="5c4cd030-86db-4135-b58b-3fc8a5fd804b"><Execution id="e9141592-f4f1-4df9-9d41-a3e78bf02389" /><TestMethod codeBase="C:\Users\dt-impact\ftsubs\mstest\kevin-montrose_Jil-8a5af0f\JilTests\bin\Debug\net452\JilTests.dll" adapterTypeName="executor://xunit/VsTestRunner2/desktop_and_uap" className="JilTests.DynamicSerializationTests" name="JilTests.DynamicSerializationTests.MicrosoftTimeSpans" /></UnitTest><UnitTest name="JilTests.DeserializeDynamicTests.IEnumerableDynamic" storage="c:\users\dt-impact\ftsubs\mstest\kevin-montrose_jil-8a5af0f\jiltests\bin\debug\net452\jiltests.dll" id="926a6978-3ca8-477c-81e6-c730de4a5620"><Execution id="8a32a724-ee11-4c19-a800-4bc3abc684eb" /><TestMethod codeBase="C:\Users\dt-impact\ftsubs\mstest\kevin-montrose_Jil-8a5af0f\JilTests\bin\Debug\net452\JilTests.dll" adapterTypeName="executor://xunit/VsTestRunner2/desktop_and_uap" className="JilTests.DeserializeDynamicTests" name="JilTests.DeserializeDynamicTests.IEnumerableDynamic" /></UnitTest><UnitTest name="JilTests.DeserializeTests.Issue86" storage="c:\users\dt-impact\ftsubs\mstest\kevin-montrose_jil-8a5af0f\jiltests\bin\debug\net452\jiltests.dll" id="3bff02a9-13bd-460a-92b1-2c270cdc3a5d"><Execution id="c7ee9baf-0a24-43cc-bd5f-6bbf636659de" /><TestMethod codeBase="C:\Users\dt-impact\ftsubs\mstest\kevin-montrose_Jil-8a5af0f\JilTests\bin\Debug\net452\JilTests.dll" adapterTypeName="executor://xunit/VsTestRunner2/desktop_and_uap" className="JilTests.DeserializeTests" name="JilTests.DeserializeTests.Issue86" /></UnitTest><UnitTest name="JilTests.DeserializeTests.BadFloat(input: &quot;1.2E10E10&quot;, expectedSnippetAfter: &quot;E10&quot;)" storage="c:\users\dt-impact\ftsubs\mstest\kevin-montrose_jil-8a5af0f\jiltests\bin\debug\net452\jiltests.dll" id="94d49617-70b8-4e80-b72a-5aefc809c604"><Execution id="a6b98b36-66ae-4668-9096-b4ef5df0c2b4" /><TestMethod codeBase="C:\Users\dt-impact\ftsubs\mstest\kevin-montrose_Jil-8a5af0f\JilTests\bin\Debug\net452\JilTests.dll" adapterTypeName="executor://xunit/VsTestRunner2/desktop_and_uap" className="JilTests.DeserializeTests" name="JilTests.DeserializeTests.BadFloat(input: &quot;1.2E10E10&quot;, expectedSnippetAfter: &quot;E10&quot;)" /></UnitTest><UnitTest name="JilTests.DeserializeTests.BadDecimal(input: &quot;1.2.3.4.5.6&quot;, expectedSnippetAfter: &quot;.3.4.5.6&quot;)" storage="c:\users\dt-impact\ftsubs\mstest\kevin-montrose_jil-8a5af0f\jiltests\bin\debug\net452\jiltests.dll" id="639b47fd-e25f-4ed3-8137-719fbefc50aa"><Execution id="290354f3-4543-43c7-956d-0a709d890bb9" /><TestMethod codeBase="C:\Users\dt-impact\ftsubs\mstest\kevin-montrose_Jil-8a5af0f\JilTests\bin\Debug\net452\JilTests.dll" adapterTypeName="executor://xunit/VsTestRunner2/desktop_and_uap" className="JilTests.DeserializeTests" name="JilTests.DeserializeTests.BadDecimal(input: &quot;1.2.3.4.5.6&quot;, expectedSnippetAfter: &quot;.3.4.5.6&quot;)" /></UnitTest><UnitTest name="JilTests.DeserializeDynamicTests.NotEquals" storage="c:\users\dt-impact\ftsubs\mstest\kevin-montrose_jil-8a5af0f\jiltests\bin\debug\net452\jiltests.dll" id="dce88beb-320e-4e95-95b5-cde79b1059cb"><Execution id="86841448-cf20-4686-8a63-1bae0fac8908" /><TestMethod codeBase="C:\Users\dt-impact\ftsubs\mstest\kevin-montrose_Jil-8a5af0f\JilTests\bin\Debug\net452\JilTests.dll" adapterTypeName="executor://xunit/VsTestRunner2/desktop_and_uap" className="JilTests.DeserializeDynamicTests" name="JilTests.DeserializeDynamicTests.NotEquals" /></UnitTest><UnitTest name="JilTests.DeserializeTests.Issue25" storage="c:\users\dt-impact\ftsubs\mstest\kevin-montrose_jil-8a5af0f\jiltests\bin\debug\net452\jiltests.dll" id="37ff3d1a-04b1-42c4-9172-e3bf8012fcbb"><Execution id="978c0033-3fe5-484e-a9fa-557134511714" /><TestMethod codeBase="C:\Users\dt-impact\ftsubs\mstest\kevin-montrose_Jil-8a5af0f\JilTests\bin\Debug\net452\JilTests.dll" adapterTypeName="executor://xunit/VsTestRunner2/desktop_and_uap" className="JilTests.DeserializeTests" name="JilTests.DeserializeTests.Issue25" /></UnitTest><UnitTest name="JilTests.DeserializeDynamicTests.ShortCircuits" storage="c:\users\dt-impact\ftsubs\mstest\kevin-montrose_jil-8a5af0f\jiltests\bin\debug\net452\jiltests.dll" id="f4b92fe0-8e5a-4115-8b48-17d9af36b073"><Execution id="b32d7861-9c22-4ad4-83fe-203f2d488437" /><TestMethod codeBase="C:\Users\dt-impact\ftsubs\mstest\kevin-montrose_Jil-8a5af0f\JilTests\bin\Debug\net452\JilTests.dll" adapterTypeName="executor://xunit/VsTestRunner2/desktop_and_uap" className="JilTests.DeserializeDynamicTests" name="JilTests.DeserializeDynamicTests.ShortCircuits" /></UnitTest><UnitTest name="JilTests.DeserializeTests.FlagsEnum" storage="c:\users\dt-impact\ftsubs\mstest\kevin-montrose_jil-8a5af0f\jiltests\bin\debug\net452\jiltests.dll" id="7bf8978f-d1b8-4be1-b930-6d942a95fb6c"><Execution id="4b4ccc56-3871-4475-a9a0-95beabd0ddb1" /><TestMethod codeBase="C:\Users\dt-impact\ftsubs\mstest\kevin-montrose_Jil-8a5af0f\JilTests\bin\Debug\net452\JilTests.dll" adapterTypeName="executor://xunit/VsTestRunner2/desktop_and_uap" className="JilTests.DeserializeTests" name="JilTests.DeserializeTests.FlagsEnum" /></UnitTest><UnitTest name="JilTests.DeserializeDynamicTests.Multiply" storage="c:\users\dt-impact\ftsubs\mstest\kevin-montrose_jil-8a5af0f\jiltests\bin\debug\net452\jiltests.dll" id="1f312333-44ea-4d83-90a0-50355abbf151"><Execution id="b0f402aa-46d7-4a89-a08d-85f59a8d16af" /><TestMethod codeBase="C:\Users\dt-impact\ftsubs\mstest\kevin-montrose_Jil-8a5af0f\JilTests\bin\Debug\net452\JilTests.dll" adapterTypeName="executor://xunit/VsTestRunner2/desktop_and_uap" className="JilTests.DeserializeDynamicTests" name="JilTests.DeserializeDynamicTests.Multiply" /></UnitTest><UnitTest name="JilTests.DeserializeTests.BadDouble(input: &quot;1.2E++10&quot;, expectedSnippetAfter: &quot;+10&quot;)" storage="c:\users\dt-impact\ftsubs\mstest\kevin-montrose_jil-8a5af0f\jiltests\bin\debug\net452\jiltests.dll" id="8ef1d644-6246-49fd-8b75-99f3adc4a70f"><Execution id="b239555d-e1ba-470b-abc2-7d751515f580" /><TestMethod codeBase="C:\Users\dt-impact\ftsubs\mstest\kevin-montrose_Jil-8a5af0f\JilTests\bin\Debug\net452\JilTests.dll" adapterTypeName="executor://xunit/VsTestRunner2/desktop_and_uap" className="JilTests.DeserializeTests" name="JilTests.DeserializeTests.BadDouble(input: &quot;1.2E++10&quot;, expectedSnippetAfter: &quot;+10&quot;)" /></UnitTest><UnitTest name="JilTests.DynamicSerializationTests.Objects" storage="c:\users\dt-impact\ftsubs\mstest\kevin-montrose_jil-8a5af0f\jiltests\bin\debug\net452\jiltests.dll" id="82faf6b7-0ec6-486f-b6bf-98bbbd95669a"><Execution id="71254d5e-59b4-41a5-ac75-2e42a29805bb" /><TestMethod codeBase="C:\Users\dt-impact\ftsubs\mstest\kevin-montrose_Jil-8a5af0f\JilTests\bin\Debug\net452\JilTests.dll" adapterTypeName="executor://xunit/VsTestRunner2/desktop_and_uap" className="JilTests.DynamicSerializationTests" name="JilTests.DynamicSerializationTests.Objects" /></UnitTest><UnitTest name="JilTests.DeserializeTests.SimpleDiscriminateUnion" storage="c:\users\dt-impact\ftsubs\mstest\kevin-montrose_jil-8a5af0f\jiltests\bin\debug\net452\jiltests.dll" id="39c5ef77-74e5-4795-a8f0-803e994922dd"><Execution id="bae44390-bbe6-4d8a-8c83-3a7326606132" /><TestMethod codeBase="C:\Users\dt-impact\ftsubs\mstest\kevin-montrose_Jil-8a5af0f\JilTests\bin\Debug\net452\JilTests.dll" adapterTypeName="executor://xunit/VsTestRunner2/desktop_and_uap" className="JilTests.DeserializeTests" name="JilTests.DeserializeTests.SimpleDiscriminateUnion" /></UnitTest><UnitTest name="JilTests.SerializeTests.DiscriminantUnionWithoutUnionType" storage="c:\users\dt-impact\ftsubs\mstest\kevin-montrose_jil-8a5af0f\jiltests\bin\debug\net452\jiltests.dll" id="33f0109e-bdd4-42b1-82b9-0b0bf3fdccdc"><Execution id="6ba4cc2b-5b11-4075-a218-d626aa3b0f19" /><TestMethod codeBase="C:\Users\dt-impact\ftsubs\mstest\kevin-montrose_Jil-8a5af0f\JilTests\bin\Debug\net452\JilTests.dll" adapterTypeName="executor://xunit/VsTestRunner2/desktop_and_uap" className="JilTests.SerializeTests" name="JilTests.SerializeTests.DiscriminantUnionWithoutUnionType" /></UnitTest><UnitTest name="JilTests.SerializeTests.TestSerializationNameFormatsSerialization" storage="c:\users\dt-impact\ftsubs\mstest\kevin-montrose_jil-8a5af0f\jiltests\bin\debug\net452\jiltests.dll" id="1e725ddf-5032-4f1a-be47-4cfcc335deea"><Execution id="052de7d0-aee8-4116-8fad-6f297591fcd9" /><TestMethod codeBase="C:\Users\dt-impact\ftsubs\mstest\kevin-montrose_Jil-8a5af0f\JilTests\bin\Debug\net452\JilTests.dll" adapterTypeName="executor://xunit/VsTestRunner2/desktop_and_uap" className="JilTests.SerializeTests" name="JilTests.SerializeTests.TestSerializationNameFormatsSerialization" /></UnitTest><UnitTest name="JilTests.DeserializeTests.ISO8601TimeSpan_Weeks" storage="c:\users\dt-impact\ftsubs\mstest\kevin-montrose_jil-8a5af0f\jiltests\bin\debug\net452\jiltests.dll" id="08fffa2a-6188-4652-9b6f-4bbcecec04ef"><Execution id="6d94335e-e89a-4165-83c7-0ac1bbe72066" /><TestMethod codeBase="C:\Users\dt-impact\ftsubs\mstest\kevin-montrose_Jil-8a5af0f\JilTests\bin\Debug\net452\JilTests.dll" adapterTypeName="executor://xunit/VsTestRunner2/desktop_and_uap" className="JilTests.DeserializeTests" name="JilTests.DeserializeTests.ISO8601TimeSpan_Weeks" /></UnitTest><UnitTest name="JilTests.SerializeTests.ExcludingNulls" storage="c:\users\dt-impact\ftsubs\mstest\kevin-montrose_jil-8a5af0f\jiltests\bin\debug\net452\jiltests.dll" id="39af8a30-95e5-4e3d-997a-86935506bab0"><Execution id="e1262b39-641f-4760-ac19-92ad87bd9a33" /><TestMethod codeBase="C:\Users\dt-impact\ftsubs\mstest\kevin-montrose_Jil-8a5af0f\JilTests\bin\Debug\net452\JilTests.dll" adapterTypeName="executor://xunit/VsTestRunner2/desktop_and_uap" className="JilTests.SerializeTests" name="JilTests.SerializeTests.ExcludingNulls" /></UnitTest><UnitTest name="JilTests.DeserializeDynamicTests.EqualsTest" storage="c:\users\dt-impact\ftsubs\mstest\kevin-montrose_jil-8a5af0f\jiltests\bin\debug\net452\jiltests.dll" id="3f4dfeb8-9faa-47a3-88b0-9d7bc2f955f9"><Execution id="023b186c-15b0-4408-8be5-86040434ea5f" /><TestMethod codeBase="C:\Users\dt-impact\ftsubs\mstest\kevin-montrose_Jil-8a5af0f\JilTests\bin\Debug\net452\JilTests.dll" adapterTypeName="executor://xunit/VsTestRunner2/desktop_and_uap" className="JilTests.DeserializeDynamicTests" name="JilTests.DeserializeDynamicTests.EqualsTest" /></UnitTest><UnitTest name="JilTests.EnumFlagsTest.TestEnumFlagsSerialize" storage="c:\users\dt-impact\ftsubs\mstest\kevin-montrose_jil-8a5af0f\jiltests\bin\debug\net452\jiltests.dll" id="d3376635-9a54-4ebd-989e-1017217fe723"><Execution id="08b0202e-c5d4-4499-a646-99b3af27811b" /><TestMethod codeBase="C:\Users\dt-impact\ftsubs\mstest\kevin-montrose_Jil-8a5af0f\JilTests\bin\Debug\net452\JilTests.dll" adapterTypeName="executor://xunit/VsTestRunner2/desktop_and_uap" className="JilTests.EnumFlagsTest" name="JilTests.EnumFlagsTest.TestEnumFlagsSerialize" /></UnitTest><UnitTest name="JilTests.SerializeTests.SimpleObject" storage="c:\users\dt-impact\ftsubs\mstest\kevin-montrose_jil-8a5af0f\jiltests\bin\debug\net452\jiltests.dll" id="0f018871-488c-4f58-a4ef-79e6e0e6ee9f"><Execution id="286a22dc-9d9c-4eae-99f1-9badbf00c181" /><TestMethod codeBase="C:\Users\dt-impact\ftsubs\mstest\kevin-montrose_Jil-8a5af0f\JilTests\bin\Debug\net452\JilTests.dll" adapterTypeName="executor://xunit/VsTestRunner2/desktop_and_uap" className="JilTests.SerializeTests" name="JilTests.SerializeTests.SimpleObject" /></UnitTest><UnitTest name="JilTests.SerializeTests.StringEscapes" storage="c:\users\dt-impact\ftsubs\mstest\kevin-montrose_jil-8a5af0f\jiltests\bin\debug\net452\jiltests.dll" id="9597ce31-c9cd-4b73-b2c1-07148b328308"><Execution id="e972419e-925e-454d-b906-8bfc0c1ac6bb" /><TestMethod codeBase="C:\Users\dt-impact\ftsubs\mstest\kevin-montrose_Jil-8a5af0f\JilTests\bin\Debug\net452\JilTests.dll" adapterTypeName="executor://xunit/VsTestRunner2/desktop_and_uap" className="JilTests.SerializeTests" name="JilTests.SerializeTests.StringEscapes" /></UnitTest><UnitTest name="JilTests.UtilsTests.FindReusedTypes_DictDict" storage="c:\users\dt-impact\ftsubs\mstest\kevin-montrose_jil-8a5af0f\jiltests\bin\debug\net452\jiltests.dll" id="09c7d1bf-e678-4b5d-a888-c2c7528e5404"><Execution id="c569f571-9c36-4abc-be25-842c36d4fb77" /><TestMethod codeBase="C:\Users\dt-impact\ftsubs\mstest\kevin-montrose_Jil-8a5af0f\JilTests\bin\Debug\net452\JilTests.dll" adapterTypeName="executor://xunit/VsTestRunner2/desktop_and_uap" className="JilTests.UtilsTests" name="JilTests.UtilsTests.FindReusedTypes_DictDict" /></UnitTest><UnitTest name="JilTests.DeserializeDynamicTests.TimeSpans_Microsoft" storage="c:\users\dt-impact\ftsubs\mstest\kevin-montrose_jil-8a5af0f\jiltests\bin\debug\net452\jiltests.dll" id="32382bb8-ab6b-43fc-b762-899d0ad5b422"><Execution id="fb666771-d512-42a1-857e-7282637be419" /><TestMethod codeBase="C:\Users\dt-impact\ftsubs\mstest\kevin-montrose_Jil-8a5af0f\JilTests\bin\Debug\net452\JilTests.dll" adapterTypeName="executor://xunit/VsTestRunner2/desktop_and_uap" className="JilTests.DeserializeDynamicTests" name="JilTests.DeserializeDynamicTests.TimeSpans_Microsoft" /></UnitTest><UnitTest name="JilTests.SerializeTests.NoNameDataMember" storage="c:\users\dt-impact\ftsubs\mstest\kevin-montrose_jil-8a5af0f\jiltests\bin\debug\net452\jiltests.dll" id="b53e1d0a-b63f-449a-91e3-0090e178c39f"><Execution id="34a269ad-d688-4c47-a3fd-326d95081860" /><TestMethod codeBase="C:\Users\dt-impact\ftsubs\mstest\kevin-montrose_Jil-8a5af0f\JilTests\bin\Debug\net452\JilTests.dll" adapterTypeName="executor://xunit/VsTestRunner2/desktop_and_uap" className="JilTests.SerializeTests" name="JilTests.SerializeTests.NoNameDataMember" /></UnitTest><UnitTest name="JilTests.DeserializeTests.Issue48" storage="c:\users\dt-impact\ftsubs\mstest\kevin-montrose_jil-8a5af0f\jiltests\bin\debug\net452\jiltests.dll" id="2f618f18-3912-4e0b-b00c-32ff61ef7785"><Execution id="12526e19-55cd-4ac9-a1b8-1123bea498a0" /><TestMethod codeBase="C:\Users\dt-impact\ftsubs\mstest\kevin-montrose_Jil-8a5af0f\JilTests\bin\Debug\net452\JilTests.dll" adapterTypeName="executor://xunit/VsTestRunner2/desktop_and_uap" className="JilTests.DeserializeTests" name="JilTests.DeserializeTests.Issue48" /></UnitTest><UnitTest name="JilTests.DeserializeTests.Issue227" storage="c:\users\dt-impact\ftsubs\mstest\kevin-montrose_jil-8a5af0f\jiltests\bin\debug\net452\jiltests.dll" id="be5029cc-1522-40bb-887a-f215db9cbb64"><Execution id="3435082f-dcfe-4983-abe1-03fc6c12a39d" /><TestMethod codeBase="C:\Users\dt-impact\ftsubs\mstest\kevin-montrose_Jil-8a5af0f\JilTests\bin\Debug\net452\JilTests.dll" adapterTypeName="executor://xunit/VsTestRunner2/desktop_and_uap" className="JilTests.DeserializeTests" name="JilTests.DeserializeTests.Issue227" /></UnitTest><UnitTest name="JilTests.DeserializeDynamicTests.ParseISO8601" storage="c:\users\dt-impact\ftsubs\mstest\kevin-montrose_jil-8a5af0f\jiltests\bin\debug\net452\jiltests.dll" id="090bd5ca-a1c2-40ab-b1f8-58315717c104"><Execution id="280358e8-2cc9-4f34-8d3d-c827ae29b421" /><TestMethod codeBase="C:\Users\dt-impact\ftsubs\mstest\kevin-montrose_Jil-8a5af0f\JilTests\bin\Debug\net452\JilTests.dll" adapterTypeName="executor://xunit/VsTestRunner2/desktop_and_uap" className="JilTests.DeserializeDynamicTests" name="JilTests.DeserializeDynamicTests.ParseISO8601" /></UnitTest><UnitTest name="JilTests.DeserializeDynamicTests.Divide" storage="c:\users\dt-impact\ftsubs\mstest\kevin-montrose_jil-8a5af0f\jiltests\bin\debug\net452\jiltests.dll" id="7b49f109-4e2b-4d7e-a4a7-1ff0072cce60"><Execution id="9ab2b43f-610f-492c-8f63-52b8ca17835b" /><TestMethod codeBase="C:\Users\dt-impact\ftsubs\mstest\kevin-montrose_Jil-8a5af0f\JilTests\bin\Debug\net452\JilTests.dll" adapterTypeName="executor://xunit/VsTestRunner2/desktop_and_uap" className="JilTests.DeserializeDynamicTests" name="JilTests.DeserializeDynamicTests.Divide" /></UnitTest><UnitTest name="JilTests.DeserializeDynamicTests.Issue117(input: &quot;01&quot;, expectedError: &quot;Number cannot have leading zeros&quot;)" storage="c:\users\dt-impact\ftsubs\mstest\kevin-montrose_jil-8a5af0f\jiltests\bin\debug\net452\jiltests.dll" id="1957d6eb-37f7-4591-ad38-0f016b4dfb3a"><Execution id="e047ba5e-2345-4e90-b0ac-096f636bdcc1" /><TestMethod codeBase="C:\Users\dt-impact\ftsubs\mstest\kevin-montrose_Jil-8a5af0f\JilTests\bin\Debug\net452\JilTests.dll" adapterTypeName="executor://xunit/VsTestRunner2/desktop_and_uap" className="JilTests.DeserializeDynamicTests" name="JilTests.DeserializeDynamicTests.Issue117(input: &quot;01&quot;, expectedError: &quot;Number cannot have leading zeros&quot;)" /></UnitTest><UnitTest name="JilTests.DeserializeTests.MultipleNullableDiscriminantUnion" storage="c:\users\dt-impact\ftsubs\mstest\kevin-montrose_jil-8a5af0f\jiltests\bin\debug\net452\jiltests.dll" id="96213a74-71b7-42d0-9656-8a2c6166de0b"><Execution id="61610704-0789-480c-907c-d77f1523c84b" /><TestMethod codeBase="C:\Users\dt-impact\ftsubs\mstest\kevin-montrose_Jil-8a5af0f\JilTests\bin\Debug\net452\JilTests.dll" adapterTypeName="executor://xunit/VsTestRunner2/desktop_and_uap" className="JilTests.DeserializeTests" name="JilTests.DeserializeTests.MultipleNullableDiscriminantUnion" /></UnitTest><UnitTest name="JilTests.DeserializeDynamicTests.SignedSmallNumberTests" storage="c:\users\dt-impact\ftsubs\mstest\kevin-montrose_jil-8a5af0f\jiltests\bin\debug\net452\jiltests.dll" id="87f0360f-c862-4f63-9749-c5ca0829938f"><Execution id="4a15146f-447c-4a99-ba16-b3ea6e9be3a0" /><TestMethod codeBase="C:\Users\dt-impact\ftsubs\mstest\kevin-montrose_Jil-8a5af0f\JilTests\bin\Debug\net452\JilTests.dll" adapterTypeName="executor://xunit/VsTestRunner2/desktop_and_uap" className="JilTests.DeserializeDynamicTests" name="JilTests.DeserializeDynamicTests.SignedSmallNumberTests" /></UnitTest><UnitTest name="JilTests.DeserializeTests.ISO8601TimeSpan" storage="c:\users\dt-impact\ftsubs\mstest\kevin-montrose_jil-8a5af0f\jiltests\bin\debug\net452\jiltests.dll" id="c4bda080-dd18-4ccb-8ffb-0d8266bb7581"><Execution id="ba8fdcac-8b8c-48e5-a45b-13cb2458cbc4" /><TestMethod codeBase="C:\Users\dt-impact\ftsubs\mstest\kevin-montrose_Jil-8a5af0f\JilTests\bin\Debug\net452\JilTests.dll" adapterTypeName="executor://xunit/VsTestRunner2/desktop_and_uap" className="JilTests.DeserializeTests" name="JilTests.DeserializeTests.ISO8601TimeSpan" /></UnitTest><UnitTest name="JilTests.DeserializeDynamicTests.Issue143DateTimeOffset" storage="c:\users\dt-impact\ftsubs\mstest\kevin-montrose_jil-8a5af0f\jiltests\bin\debug\net452\jiltests.dll" id="f528e064-19f2-4fd6-be3a-5908691ffa77"><Execution id="61c33a22-0ce9-43a5-86cf-a9ddb5c40eb0" /><TestMethod codeBase="C:\Users\dt-impact\ftsubs\mstest\kevin-montrose_Jil-8a5af0f\JilTests\bin\Debug\net452\JilTests.dll" adapterTypeName="executor://xunit/VsTestRunner2/desktop_and_uap" className="JilTests.DeserializeDynamicTests" name="JilTests.DeserializeDynamicTests.Issue143DateTimeOffset" /></UnitTest><UnitTest name="JilTests.DeserializeTests.Issue117_Decimal" storage="c:\users\dt-impact\ftsubs\mstest\kevin-montrose_jil-8a5af0f\jiltests\bin\debug\net452\jiltests.dll" id="7ffac395-35b0-4b0f-abdf-4a5bc52b9a8b"><Execution id="813e7eb8-55cb-433d-a8bc-50c9eab2f3af" /><TestMethod codeBase="C:\Users\dt-impact\ftsubs\mstest\kevin-montrose_Jil-8a5af0f\JilTests\bin\Debug\net452\JilTests.dll" adapterTypeName="executor://xunit/VsTestRunner2/desktop_and_uap" className="JilTests.DeserializeTests" name="JilTests.DeserializeTests.Issue117_Decimal" /></UnitTest><UnitTest name="JilTests.DeserializeTests.SerializationNameFormatsDeserialization" storage="c:\users\dt-impact\ftsubs\mstest\kevin-montrose_jil-8a5af0f\jiltests\bin\debug\net452\jiltests.dll" id="b5fc7a76-b7a5-4a66-b96f-7681a49fc0c4"><Execution id="b41607ae-66eb-4988-b2a4-a207972ee0d1" /><TestMethod codeBase="C:\Users\dt-impact\ftsubs\mstest\kevin-montrose_Jil-8a5af0f\JilTests\bin\Debug\net452\JilTests.dll" adapterTypeName="executor://xunit/VsTestRunner2/desktop_and_uap" className="JilTests.DeserializeTests" name="JilTests.DeserializeTests.SerializationNameFormatsDeserialization" /></UnitTest><UnitTest name="JilTests.DeserializeDynamicTests.MicrosoftDateTimesWithTimeZones" storage="c:\users\dt-impact\ftsubs\mstest\kevin-montrose_jil-8a5af0f\jiltests\bin\debug\net452\jiltests.dll" id="d76313d9-3ea8-4ff1-948a-cacc1e146b56"><Execution id="fce1de9e-60ef-4bb3-882c-6fb53af82113" /><TestMethod codeBase="C:\Users\dt-impact\ftsubs\mstest\kevin-montrose_Jil-8a5af0f\JilTests\bin\Debug\net452\JilTests.dll" adapterTypeName="executor://xunit/VsTestRunner2/desktop_and_uap" className="JilTests.DeserializeDynamicTests" name="JilTests.DeserializeDynamicTests.MicrosoftDateTimesWithTimeZones" /></UnitTest><UnitTest name="JilTests.DeserializeDynamicTests.Enums" storage="c:\users\dt-impact\ftsubs\mstest\kevin-montrose_jil-8a5af0f\jiltests\bin\debug\net452\jiltests.dll" id="93b73441-4558-4464-b22c-f567b971d5c5"><Execution id="5fa86b70-96f5-40a1-8a02-88a1b3ba0463" /><TestMethod codeBase="C:\Users\dt-impact\ftsubs\mstest\kevin-montrose_Jil-8a5af0f\JilTests\bin\Debug\net452\JilTests.dll" adapterTypeName="executor://xunit/VsTestRunner2/desktop_and_uap" className="JilTests.DeserializeDynamicTests" name="JilTests.DeserializeDynamicTests.Enums" /></UnitTest><UnitTest name="JilTests.DeserializeTests.Chars" storage="c:\users\dt-impact\ftsubs\mstest\kevin-montrose_jil-8a5af0f\jiltests\bin\debug\net452\jiltests.dll" id="00dfd8ef-2f4a-488d-b4e9-4dbd083163ec"><Execution id="9f494066-7c4c-4972-bb93-5df0feb099c6" /><TestMethod codeBase="C:\Users\dt-impact\ftsubs\mstest\kevin-montrose_Jil-8a5af0f\JilTests\bin\Debug\net452\JilTests.dll" adapterTypeName="executor://xunit/VsTestRunner2/desktop_and_uap" className="JilTests.DeserializeTests" name="JilTests.DeserializeTests.Chars" /></UnitTest><UnitTest name="JilTests.SerializeTests.EmptyEnum" storage="c:\users\dt-impact\ftsubs\mstest\kevin-montrose_jil-8a5af0f\jiltests\bin\debug\net452\jiltests.dll" id="e1b720ba-a344-4e26-b881-1488e9e5d1ac"><Execution id="9a651454-3169-4211-bbe2-74351f5d3715" /><TestMethod codeBase="C:\Users\dt-impact\ftsubs\mstest\kevin-montrose_Jil-8a5af0f\JilTests\bin\Debug\net452\JilTests.dll" adapterTypeName="executor://xunit/VsTestRunner2/desktop_and_uap" className="JilTests.SerializeTests" name="JilTests.SerializeTests.EmptyEnum" /></UnitTest><UnitTest name="JilTests.DeserializeDynamicTests.LessThanOrEquals" storage="c:\users\dt-impact\ftsubs\mstest\kevin-montrose_jil-8a5af0f\jiltests\bin\debug\net452\jiltests.dll" id="b8c32e31-fc2d-4577-90af-aa4f547631d1"><Execution id="9bd85197-3bc9-4aaf-9b83-5266eb373431" /><TestMethod codeBase="C:\Users\dt-impact\ftsubs\mstest\kevin-montrose_Jil-8a5af0f\JilTests\bin\Debug\net452\JilTests.dll" adapterTypeName="executor://xunit/VsTestRunner2/desktop_and_uap" className="JilTests.DeserializeDynamicTests" name="JilTests.DeserializeDynamicTests.LessThanOrEquals" /></UnitTest><UnitTest name="JilTests.DynamicSerializationTests.HeterogenousCollection" storage="c:\users\dt-impact\ftsubs\mstest\kevin-montrose_jil-8a5af0f\jiltests\bin\debug\net452\jiltests.dll" id="65abf4a9-3816-4614-b81a-017923b37140"><Execution id="8ed730c7-aa6a-46e0-974f-805d25dba2fe" /><TestMethod codeBase="C:\Users\dt-impact\ftsubs\mstest\kevin-montrose_Jil-8a5af0f\JilTests\bin\Debug\net452\JilTests.dll" adapterTypeName="executor://xunit/VsTestRunner2/desktop_and_uap" className="JilTests.DynamicSerializationTests" name="JilTests.DynamicSerializationTests.HeterogenousCollection" /></UnitTest><UnitTest name="JilTests.SerializeTests.List" storage="c:\users\dt-impact\ftsubs\mstest\kevin-montrose_jil-8a5af0f\jiltests\bin\debug\net452\jiltests.dll" id="a7582535-bae5-4bd1-8cff-211bc86ab8c2"><Execution id="7bdc472e-6bdd-4832-b611-b9371e3d28be" /><TestMethod codeBase="C:\Users\dt-impact\ftsubs\mstest\kevin-montrose_Jil-8a5af0f\JilTests\bin\Debug\net452\JilTests.dll" adapterTypeName="executor://xunit/VsTestRunner2/desktop_and_uap" className="JilTests.SerializeTests" name="JilTests.SerializeTests.List" /></UnitTest><UnitTest name="JilTests.SerializeTests.AllOptions" storage="c:\users\dt-impact\ftsubs\mstest\kevin-montrose_jil-8a5af0f\jiltests\bin\debug\net452\jiltests.dll" id="8e9470d4-ba4b-4bdb-9228-097f98945139"><Execution id="54555003-fde9-4680-b861-2d5c0dead38d" /><TestMethod codeBase="C:\Users\dt-impact\ftsubs\mstest\kevin-montrose_Jil-8a5af0f\JilTests\bin\Debug\net452\JilTests.dll" adapterTypeName="executor://xunit/VsTestRunner2/desktop_and_uap" className="JilTests.SerializeTests" name="JilTests.SerializeTests.AllOptions" /></UnitTest><UnitTest name="JilTests.DeserializeTests.Overflow" storage="c:\users\dt-impact\ftsubs\mstest\kevin-montrose_jil-8a5af0f\jiltests\bin\debug\net452\jiltests.dll" id="979d440b-07cc-46ef-8e99-de09109d9ab7"><Execution id="ebad6077-73e4-4c9f-81c1-cdccfbe3a26c" /><TestMethod codeBase="C:\Users\dt-impact\ftsubs\mstest\kevin-montrose_Jil-8a5af0f\JilTests\bin\Debug\net452\JilTests.dll" adapterTypeName="executor://xunit/VsTestRunner2/desktop_and_uap" className="JilTests.DeserializeTests" name="JilTests.DeserializeTests.Overflow" /></UnitTest><UnitTest name="JilTests.DeserializeTests.MalformedISO8601(dateString: &quot;\&quot;1900-000\&quot;&quot;, expectedError: &quot;Expected ordinal day to be between 001 and 366&quot;)" storage="c:\users\dt-impact\ftsubs\mstest\kevin-montrose_jil-8a5af0f\jiltests\bin\debug\net452\jiltests.dll" id="f8eaf25b-e692-4923-b6c3-a3dd5cde6518"><Execution id="e834c10a-9ea2-4da1-852f-d28c3c24ae06" /><TestMethod codeBase="C:\Users\dt-impact\ftsubs\mstest\kevin-montrose_Jil-8a5af0f\JilTests\bin\Debug\net452\JilTests.dll" adapterTypeName="executor://xunit/VsTestRunner2/desktop_and_uap" className="JilTests.DeserializeTests" name="JilTests.DeserializeTests.MalformedISO8601(dateString: &quot;\&quot;1900-000\&quot;&quot;, expectedError: &quot;Expected ordinal day to be between 001 and 366&quot;)" /></UnitTest><UnitTest name="JilTests.DeserializeTests.MillisecondDateTimes" storage="c:\users\dt-impact\ftsubs\mstest\kevin-montrose_jil-8a5af0f\jiltests\bin\debug\net452\jiltests.dll" id="df243c4c-6346-420e-b4d0-32aa9f485a96"><Execution id="5b276808-ada0-4899-a565-cabeaa4b07d7" /><TestMethod codeBase="C:\Users\dt-impact\ftsubs\mstest\kevin-montrose_Jil-8a5af0f\JilTests\bin\Debug\net452\JilTests.dll" adapterTypeName="executor://xunit/VsTestRunner2/desktop_and_uap" className="JilTests.DeserializeTests" name="JilTests.DeserializeTests.MillisecondDateTimes" /></UnitTest><UnitTest name="JilTests.SerializeTests.Issue151" storage="c:\users\dt-impact\ftsubs\mstest\kevin-montrose_jil-8a5af0f\jiltests\bin\debug\net452\jiltests.dll" id="44cfe14e-455a-42e2-8276-77645f031b92"><Execution id="3c12ed29-08ec-4815-b7cd-5de64daf85d9" /><TestMethod codeBase="C:\Users\dt-impact\ftsubs\mstest\kevin-montrose_Jil-8a5af0f\JilTests\bin\Debug\net452\JilTests.dll" adapterTypeName="executor://xunit/VsTestRunner2/desktop_and_uap" className="JilTests.SerializeTests" name="JilTests.SerializeTests.Issue151" /></UnitTest><UnitTest name="JilTests.DeserializeTests.Issue143DateTimeFractionOverflow" storage="c:\users\dt-impact\ftsubs\mstest\kevin-montrose_jil-8a5af0f\jiltests\bin\debug\net452\jiltests.dll" id="67ae965b-0b8a-47f5-84fb-7f3414878010"><Execution id="aab50f68-e90f-4b50-a7f0-6584a94e79fb" /><TestMethod codeBase="C:\Users\dt-impact\ftsubs\mstest\kevin-montrose_Jil-8a5af0f\JilTests\bin\Debug\net452\JilTests.dll" adapterTypeName="executor://xunit/VsTestRunner2/desktop_and_uap" className="JilTests.DeserializeTests" name="JilTests.DeserializeTests.Issue143DateTimeFractionOverflow" /></UnitTest><UnitTest name="JilTests.DeserializeTests.Decimals" storage="c:\users\dt-impact\ftsubs\mstest\kevin-montrose_jil-8a5af0f\jiltests\bin\debug\net452\jiltests.dll" id="37cd614b-0f8b-4802-bfcf-2a1da189aa06"><Execution id="62e1fbc6-3a8f-49e9-a5bf-ae5720a2b043" /><TestMethod codeBase="C:\Users\dt-impact\ftsubs\mstest\kevin-montrose_Jil-8a5af0f\JilTests\bin\Debug\net452\JilTests.dll" adapterTypeName="executor://xunit/VsTestRunner2/desktop_and_uap" className="JilTests.DeserializeTests" name="JilTests.DeserializeTests.Decimals" /></UnitTest><UnitTest name="JilTests.DeserializeDynamicTests.SecondDateTimes" storage="c:\users\dt-impact\ftsubs\mstest\kevin-montrose_jil-8a5af0f\jiltests\bin\debug\net452\jiltests.dll" id="bb98c01f-accb-4b3c-b180-056bd8769a68"><Execution id="da7a7a35-0eb7-4759-aea6-f8b948825c13" /><TestMethod codeBase="C:\Users\dt-impact\ftsubs\mstest\kevin-montrose_Jil-8a5af0f\JilTests\bin\Debug\net452\JilTests.dll" adapterTypeName="executor://xunit/VsTestRunner2/desktop_and_uap" className="JilTests.DeserializeDynamicTests" name="JilTests.DeserializeDynamicTests.SecondDateTimes" /></UnitTest><UnitTest name="JilTests.DeserializeTests.IReadOnlyDictionaryNumberKeys" storage="c:\users\dt-impact\ftsubs\mstest\kevin-montrose_jil-8a5af0f\jiltests\bin\debug\net452\jiltests.dll" id="c52ed49f-2844-423b-98ad-7fb96ade9e0e"><Execution id="f839c2a2-76a9-4eaa-84b4-c794aec28be3" /><TestMethod codeBase="C:\Users\dt-impact\ftsubs\mstest\kevin-montrose_Jil-8a5af0f\JilTests\bin\Debug\net452\JilTests.dll" adapterTypeName="executor://xunit/VsTestRunner2/desktop_and_uap" className="JilTests.DeserializeTests" name="JilTests.DeserializeTests.IReadOnlyDictionaryNumberKeys" /></UnitTest><UnitTest name="JilTests.DeserializeDynamicTests.NewtsoftDateTimeOffsets" storage="c:\users\dt-impact\ftsubs\mstest\kevin-montrose_jil-8a5af0f\jiltests\bin\debug\net452\jiltests.dll" id="613eb5cb-0948-4c19-b7aa-ff22301c564d"><Execution id="6cfd20a2-27ff-4148-9a2d-26b6895010ef" /><TestMethod codeBase="C:\Users\dt-impact\ftsubs\mstest\kevin-montrose_Jil-8a5af0f\JilTests\bin\Debug\net452\JilTests.dll" adapterTypeName="executor://xunit/VsTestRunner2/desktop_and_uap" className="JilTests.DeserializeDynamicTests" name="JilTests.DeserializeDynamicTests.NewtsoftDateTimeOffsets" /></UnitTest><UnitTest name="JilTests.DynamicSerializationTests.Issue150" storage="c:\users\dt-impact\ftsubs\mstest\kevin-montrose_jil-8a5af0f\jiltests\bin\debug\net452\jiltests.dll" id="d0192eae-3e94-446d-b88c-4eb3c8e2a8f0"><Execution id="f04a0534-51d8-459d-b5e3-8760d451ba3e" /><TestMethod codeBase="C:\Users\dt-impact\ftsubs\mstest\kevin-montrose_Jil-8a5af0f\JilTests\bin\Debug\net452\JilTests.dll" adapterTypeName="executor://xunit/VsTestRunner2/desktop_and_uap" className="JilTests.DynamicSerializationTests" name="JilTests.DynamicSerializationTests.Issue150" /></UnitTest><UnitTest name="JilTests.SerializeTests.PrettyPrint" storage="c:\users\dt-impact\ftsubs\mstest\kevin-montrose_jil-8a5af0f\jiltests\bin\debug\net452\jiltests.dll" id="c7f857f8-5539-4cd7-8ef9-44c23402bd1f"><Execution id="f8304a1b-cef9-41f4-8431-04071679153a" /><TestMethod codeBase="C:\Users\dt-impact\ftsubs\mstest\kevin-montrose_Jil-8a5af0f\JilTests\bin\Debug\net452\JilTests.dll" adapterTypeName="executor://xunit/VsTestRunner2/desktop_and_uap" className="JilTests.SerializeTests" name="JilTests.SerializeTests.PrettyPrint" /></UnitTest><UnitTest name="JilTests.DeserializeTests.NonDiscriminantUnion" storage="c:\users\dt-impact\ftsubs\mstest\kevin-montrose_jil-8a5af0f\jiltests\bin\debug\net452\jiltests.dll" id="281dfe1a-7cac-4738-b78e-fab5f4e81867"><Execution id="8fec151a-992e-4e35-9f94-8b3644a67dc9" /><TestMethod codeBase="C:\Users\dt-impact\ftsubs\mstest\kevin-montrose_Jil-8a5af0f\JilTests\bin\Debug\net452\JilTests.dll" adapterTypeName="executor://xunit/VsTestRunner2/desktop_and_uap" className="JilTests.DeserializeTests" name="JilTests.DeserializeTests.NonDiscriminantUnion" /></UnitTest><UnitTest name="JilTests.DeserializeTests.Shorts" storage="c:\users\dt-impact\ftsubs\mstest\kevin-montrose_jil-8a5af0f\jiltests\bin\debug\net452\jiltests.dll" id="b1a708af-ded7-480d-ae13-fb851c4a8784"><Execution id="0b14135d-a520-44da-967d-9b34f0e175fb" /><TestMethod codeBase="C:\Users\dt-impact\ftsubs\mstest\kevin-montrose_Jil-8a5af0f\JilTests\bin\Debug\net452\JilTests.dll" adapterTypeName="executor://xunit/VsTestRunner2/desktop_and_uap" className="JilTests.DeserializeTests" name="JilTests.DeserializeTests.Shorts" /></UnitTest><UnitTest name="JilTests.SerializeTests.DoubleWeirdCulture" storage="c:\users\dt-impact\ftsubs\mstest\kevin-montrose_jil-8a5af0f\jiltests\bin\debug\net452\jiltests.dll" id="c8f7e94f-0586-401b-8480-aa01b7962672"><Execution id="25faa3de-02a5-47e1-8081-44153f8b8862" /><TestMethod codeBase="C:\Users\dt-impact\ftsubs\mstest\kevin-montrose_Jil-8a5af0f\JilTests\bin\Debug\net452\JilTests.dll" adapterTypeName="executor://xunit/VsTestRunner2/desktop_and_uap" className="JilTests.SerializeTests" name="JilTests.SerializeTests.DoubleWeirdCulture" /></UnitTest><UnitTest name="JilTests.DeserializeTests.SecondDateTimes" storage="c:\users\dt-impact\ftsubs\mstest\kevin-montrose_jil-8a5af0f\jiltests\bin\debug\net452\jiltests.dll" id="230e66c6-a3ac-4bd2-af74-f68a4832b1bb"><Execution id="acf0f22c-3ab7-45ae-85e2-dd8beaae7796" /><TestMethod codeBase="C:\Users\dt-impact\ftsubs\mstest\kevin-montrose_Jil-8a5af0f\JilTests\bin\Debug\net452\JilTests.dll" adapterTypeName="executor://xunit/VsTestRunner2/desktop_and_uap" className="JilTests.DeserializeTests" name="JilTests.DeserializeTests.SecondDateTimes" /></UnitTest><UnitTest name="JilTests.DeserializeDynamicTests.Issue117(input: &quot;-12.&quot;, expectedError: &quot;Expected digit&quot;)" storage="c:\users\dt-impact\ftsubs\mstest\kevin-montrose_jil-8a5af0f\jiltests\bin\debug\net452\jiltests.dll" id="a30b8d55-9643-4e8a-9c47-3d0d96c4a25c"><Execution id="35ba8d82-fb2f-41c3-9166-48ad2747cfd0" /><TestMethod codeBase="C:\Users\dt-impact\ftsubs\mstest\kevin-montrose_Jil-8a5af0f\JilTests\bin\Debug\net452\JilTests.dll" adapterTypeName="executor://xunit/VsTestRunner2/desktop_and_uap" className="JilTests.DeserializeDynamicTests" name="JilTests.DeserializeDynamicTests.Issue117(input: &quot;-12.&quot;, expectedError: &quot;Expected digit&quot;)" /></UnitTest><UnitTest name="JilTests.DeserializeTests.Longs" storage="c:\users\dt-impact\ftsubs\mstest\kevin-montrose_jil-8a5af0f\jiltests\bin\debug\net452\jiltests.dll" id="e68d607d-785e-4f18-b4a8-8a8558c6a5e3"><Execution id="1cbe74e5-31af-4024-b77e-606d2e19f1d7" /><TestMethod codeBase="C:\Users\dt-impact\ftsubs\mstest\kevin-montrose_Jil-8a5af0f\JilTests\bin\Debug\net452\JilTests.dll" adapterTypeName="executor://xunit/VsTestRunner2/desktop_and_uap" className="JilTests.DeserializeTests" name="JilTests.DeserializeTests.Longs" /></UnitTest><UnitTest name="JilTests.DynamicSerializationTests.ExcludingNulls" storage="c:\users\dt-impact\ftsubs\mstest\kevin-montrose_jil-8a5af0f\jiltests\bin\debug\net452\jiltests.dll" id="a7c06ed9-4a4d-49b8-9071-a06bd7244c84"><Execution id="d6ca88ac-4440-4f3b-b4be-5213ff793d8e" /><TestMethod codeBase="C:\Users\dt-impact\ftsubs\mstest\kevin-montrose_Jil-8a5af0f\JilTests\bin\Debug\net452\JilTests.dll" adapterTypeName="executor://xunit/VsTestRunner2/desktop_and_uap" className="JilTests.DynamicSerializationTests" name="JilTests.DynamicSerializationTests.ExcludingNulls" /></UnitTest><UnitTest name="JilTests.DeserializeTests.Issue143TimeSpanFractionOverflow" storage="c:\users\dt-impact\ftsubs\mstest\kevin-montrose_jil-8a5af0f\jiltests\bin\debug\net452\jiltests.dll" id="a00cda59-08d9-4d0f-b154-da528181709c"><Execution id="f569ce39-54af-475e-8aee-3ab55cdfb13c" /><TestMethod codeBase="C:\Users\dt-impact\ftsubs\mstest\kevin-montrose_Jil-8a5af0f\JilTests\bin\Debug\net452\JilTests.dll" adapterTypeName="executor://xunit/VsTestRunner2/desktop_and_uap" className="JilTests.DeserializeTests" name="JilTests.DeserializeTests.Issue143TimeSpanFractionOverflow" /></UnitTest><UnitTest name="JilTests.SerializeTests.Enums" storage="c:\users\dt-impact\ftsubs\mstest\kevin-montrose_jil-8a5af0f\jiltests\bin\debug\net452\jiltests.dll" id="86e6b71f-dc57-43c4-8448-19b216a376a7"><Execution id="cf4a26a0-b6ad-4c51-b4a9-aacbdf675052" /><TestMethod codeBase="C:\Users\dt-impact\ftsubs\mstest\kevin-montrose_Jil-8a5af0f\JilTests\bin\Debug\net452\JilTests.dll" adapterTypeName="executor://xunit/VsTestRunner2/desktop_and_uap" className="JilTests.SerializeTests" name="JilTests.SerializeTests.Enums" /></UnitTest><UnitTest name="JilTests.DeserializeTests.Nullables" storage="c:\users\dt-impact\ftsubs\mstest\kevin-montrose_jil-8a5af0f\jiltests\bin\debug\net452\jiltests.dll" id="78713f15-f0fc-4230-80c6-4ba2ba8048aa"><Execution id="c4fbe777-e32b-4c43-8090-998c8c74f843" /><TestMethod codeBase="C:\Users\dt-impact\ftsubs\mstest\kevin-montrose_Jil-8a5af0f\JilTests\bin\Debug\net452\JilTests.dll" adapterTypeName="executor://xunit/VsTestRunner2/desktop_and_uap" className="JilTests.DeserializeTests" name="JilTests.DeserializeTests.Nullables" /></UnitTest><UnitTest name="JilTests.DeserializeTests.BadDecimal(input: &quot;1.2E10E10&quot;, expectedSnippetAfter: &quot;E10&quot;)" storage="c:\users\dt-impact\ftsubs\mstest\kevin-montrose_jil-8a5af0f\jiltests\bin\debug\net452\jiltests.dll" id="eb145a59-9193-49cb-ae49-c146a85ba6ca"><Execution id="418f2e9f-f059-476e-9c2a-ccea3273c2fa" /><TestMethod codeBase="C:\Users\dt-impact\ftsubs\mstest\kevin-montrose_Jil-8a5af0f\JilTests\bin\Debug\net452\JilTests.dll" adapterTypeName="executor://xunit/VsTestRunner2/desktop_and_uap" className="JilTests.DeserializeTests" name="JilTests.DeserializeTests.BadDecimal(input: &quot;1.2E10E10&quot;, expectedSnippetAfter: &quot;E10&quot;)" /></UnitTest><UnitTest name="JilTests.SerializeTests.LotsOfStrings" storage="c:\users\dt-impact\ftsubs\mstest\kevin-montrose_jil-8a5af0f\jiltests\bin\debug\net452\jiltests.dll" id="3b2d59ad-a1ac-4dc0-8e42-d520f8c1e481"><Execution id="fc9d0402-c0ad-4496-a5fc-309ef741c337" /><TestMethod codeBase="C:\Users\dt-impact\ftsubs\mstest\kevin-montrose_Jil-8a5af0f\JilTests\bin\Debug\net452\JilTests.dll" adapterTypeName="executor://xunit/VsTestRunner2/desktop_and_uap" className="JilTests.SerializeTests" name="JilTests.SerializeTests.LotsOfStrings" /></UnitTest><UnitTest name="JilTests.DeserializeTests.MalformedISO8601(dateString: &quot;\&quot;1900-01-\&quot;&quot;, expectedError: &quot;Expected digit&quot;)" storage="c:\users\dt-impact\ftsubs\mstest\kevin-montrose_jil-8a5af0f\jiltests\bin\debug\net452\jiltests.dll" id="c139b87f-afc6-404a-ba31-0e8180a4f662"><Execution id="8580b433-89da-41e7-93bf-1e904ebaf086" /><TestMethod codeBase="C:\Users\dt-impact\ftsubs\mstest\kevin-montrose_Jil-8a5af0f\JilTests\bin\Debug\net452\JilTests.dll" adapterTypeName="executor://xunit/VsTestRunner2/desktop_and_uap" className="JilTests.DeserializeTests" name="JilTests.DeserializeTests.MalformedISO8601(dateString: &quot;\&quot;1900-01-\&quot;&quot;, expectedError: &quot;Expected digit&quot;)" /></UnitTest><UnitTest name="JilTests.DeserializeTests.SeekNotSupported" storage="c:\users\dt-impact\ftsubs\mstest\kevin-montrose_jil-8a5af0f\jiltests\bin\debug\net452\jiltests.dll" id="caafff78-7507-45e3-b096-c039044fe94d"><Execution id="2563a056-19c3-4b4c-937d-ffa90e5126a8" /><TestMethod codeBase="C:\Users\dt-impact\ftsubs\mstest\kevin-montrose_Jil-8a5af0f\JilTests\bin\Debug\net452\JilTests.dll" adapterTypeName="executor://xunit/VsTestRunner2/desktop_and_uap" className="JilTests.DeserializeTests" name="JilTests.DeserializeTests.SeekNotSupported" /></UnitTest><UnitTest name="JilTests.EnumFlagsTest.TestEnumFlagsDeserialize" storage="c:\users\dt-impact\ftsubs\mstest\kevin-montrose_jil-8a5af0f\jiltests\bin\debug\net452\jiltests.dll" id="391954dc-7ba1-4db3-b11c-df9592422535"><Execution id="049f8984-92de-41dd-96ae-dca1824a48a8" /><TestMethod codeBase="C:\Users\dt-impact\ftsubs\mstest\kevin-montrose_Jil-8a5af0f\JilTests\bin\Debug\net452\JilTests.dll" adapterTypeName="executor://xunit/VsTestRunner2/desktop_and_uap" className="JilTests.EnumFlagsTest" name="JilTests.EnumFlagsTest.TestEnumFlagsDeserialize" /></UnitTest><UnitTest name="JilTests.DeserializeDynamicTests.Issue117(input: &quot;-01&quot;, expectedError: &quot;Number cannot have leading zeros&quot;)" storage="c:\users\dt-impact\ftsubs\mstest\kevin-montrose_jil-8a5af0f\jiltests\bin\debug\net452\jiltests.dll" id="a4abfa02-7b49-4f02-80bf-f47b79a96573"><Execution id="5ed32941-a1fd-43c2-8cbb-4d04cc0e4390" /><TestMethod codeBase="C:\Users\dt-impact\ftsubs\mstest\kevin-montrose_Jil-8a5af0f\JilTests\bin\Debug\net452\JilTests.dll" adapterTypeName="executor://xunit/VsTestRunner2/desktop_and_uap" className="JilTests.DeserializeDynamicTests" name="JilTests.DeserializeDynamicTests.Issue117(input: &quot;-01&quot;, expectedError: &quot;Number cannot have leading zeros&quot;)" /></UnitTest><UnitTest name="JilTests.DeserializeTests.PrimitiveWrappers" storage="c:\users\dt-impact\ftsubs\mstest\kevin-montrose_jil-8a5af0f\jiltests\bin\debug\net452\jiltests.dll" id="591798d7-cd0a-45b2-aa44-e64e95b42053"><Execution id="3aeb1fbf-a9b5-4493-b12e-00e372ef72e2" /><TestMethod codeBase="C:\Users\dt-impact\ftsubs\mstest\kevin-montrose_Jil-8a5af0f\JilTests\bin\Debug\net452\JilTests.dll" adapterTypeName="executor://xunit/VsTestRunner2/desktop_and_uap" className="JilTests.DeserializeTests" name="JilTests.DeserializeTests.PrimitiveWrappers" /></UnitTest><UnitTest name="JilTests.DeserializeTests.Issue229" storage="c:\users\dt-impact\ftsubs\mstest\kevin-montrose_jil-8a5af0f\jiltests\bin\debug\net452\jiltests.dll" id="8135efa0-60aa-40da-a509-ad1752fdf076"><Execution id="31526836-1bd5-4a66-aba3-840c8892bc07" /><TestMethod codeBase="C:\Users\dt-impact\ftsubs\mstest\kevin-montrose_Jil-8a5af0f\JilTests\bin\Debug\net452\JilTests.dll" adapterTypeName="executor://xunit/VsTestRunner2/desktop_and_uap" className="JilTests.DeserializeTests" name="JilTests.DeserializeTests.Issue229" /></UnitTest><UnitTest name="JilTests.DeserializeTests.IDictionaryIntToInt" storage="c:\users\dt-impact\ftsubs\mstest\kevin-montrose_jil-8a5af0f\jiltests\bin\debug\net452\jiltests.dll" id="ce2d03c6-970f-4a6c-9568-816189e323a7"><Execution id="46040f71-e60c-4e81-a78e-10cfb636927c" /><TestMethod codeBase="C:\Users\dt-impact\ftsubs\mstest\kevin-montrose_Jil-8a5af0f\JilTests\bin\Debug\net452\JilTests.dll" adapterTypeName="executor://xunit/VsTestRunner2/desktop_and_uap" className="JilTests.DeserializeTests" name="JilTests.DeserializeTests.IDictionaryIntToInt" /></UnitTest><UnitTest name="JilTests.DeserializeTests.BadDouble(input: &quot;1.2E10E10&quot;, expectedSnippetAfter: &quot;E10&quot;)" storage="c:\users\dt-impact\ftsubs\mstest\kevin-montrose_jil-8a5af0f\jiltests\bin\debug\net452\jiltests.dll" id="71c19f19-184c-4eeb-b15d-6f967f886b50"><Execution id="7632ca03-705e-4f28-9b3e-06e2fa6901bd" /><TestMethod codeBase="C:\Users\dt-impact\ftsubs\mstest\kevin-montrose_Jil-8a5af0f\JilTests\bin\Debug\net452\JilTests.dll" adapterTypeName="executor://xunit/VsTestRunner2/desktop_and_uap" className="JilTests.DeserializeTests" name="JilTests.DeserializeTests.BadDouble(input: &quot;1.2E10E10&quot;, expectedSnippetAfter: &quot;E10&quot;)" /></UnitTest><UnitTest name="JilTests.SerializeTests.UnspecifiedToLocal" storage="c:\users\dt-impact\ftsubs\mstest\kevin-montrose_jil-8a5af0f\jiltests\bin\debug\net452\jiltests.dll" id="977a73e0-4fdd-4eec-b02c-926bb0139a24"><Execution id="dcaf8b90-0b08-4b70-85b1-7186ca8e944e" /><TestMethod codeBase="C:\Users\dt-impact\ftsubs\mstest\kevin-montrose_Jil-8a5af0f\JilTests\bin\Debug\net452\JilTests.dll" adapterTypeName="executor://xunit/VsTestRunner2/desktop_and_uap" className="JilTests.SerializeTests" name="JilTests.SerializeTests.UnspecifiedToLocal" /></UnitTest><UnitTest name="JilTests.DeserializeTests.MalformedISO8601(dateString: &quot;\&quot;1900000\&quot;&quot;, expectedError: &quot;Expected ordinal day to be between 001 and 366&quot;)" storage="c:\users\dt-impact\ftsubs\mstest\kevin-montrose_jil-8a5af0f\jiltests\bin\debug\net452\jiltests.dll" id="4cad912b-1829-4a03-a91e-3db73d45477b"><Execution id="befed6e5-ba1a-4aac-a33a-b68df947e9da" /><TestMethod codeBase="C:\Users\dt-impact\ftsubs\mstest\kevin-montrose_Jil-8a5af0f\JilTests\bin\Debug\net452\JilTests.dll" adapterTypeName="executor://xunit/VsTestRunner2/desktop_and_uap" className="JilTests.DeserializeTests" name="JilTests.DeserializeTests.MalformedISO8601(dateString: &quot;\&quot;1900000\&quot;&quot;, expectedError: &quot;Expected ordinal day to be between 001 and 366&quot;)" /></UnitTest><UnitTest name="JilTests.DeserializeTests.DateTimeOffsets" storage="c:\users\dt-impact\ftsubs\mstest\kevin-montrose_jil-8a5af0f\jiltests\bin\debug\net452\jiltests.dll" id="eec3f3a1-bcdc-4808-83e5-ad2cb2de0a21"><Execution id="f5eb94c4-eac6-4798-a8d5-5395b67b58e5" /><TestMethod codeBase="C:\Users\dt-impact\ftsubs\mstest\kevin-montrose_Jil-8a5af0f\JilTests\bin\Debug\net452\JilTests.dll" adapterTypeName="executor://xunit/VsTestRunner2/desktop_and_uap" className="JilTests.DeserializeTests" name="JilTests.DeserializeTests.DateTimeOffsets" /></UnitTest><UnitTest name="JilTests.SerializeTests.EnumMemberAttributeOverrideFlags" storage="c:\users\dt-impact\ftsubs\mstest\kevin-montrose_jil-8a5af0f\jiltests\bin\debug\net452\jiltests.dll" id="123e1688-bd71-41a0-b1b1-99861bd91558"><Execution id="1375b174-720b-4eb2-8b05-2fbcae488607" /><TestMethod codeBase="C:\Users\dt-impact\ftsubs\mstest\kevin-montrose_Jil-8a5af0f\JilTests\bin\Debug\net452\JilTests.dll" adapterTypeName="executor://xunit/VsTestRunner2/desktop_and_uap" className="JilTests.SerializeTests" name="JilTests.SerializeTests.EnumMemberAttributeOverrideFlags" /></UnitTest><UnitTest name="JilTests.SerializeTests.Enumerables" storage="c:\users\dt-impact\ftsubs\mstest\kevin-montrose_jil-8a5af0f\jiltests\bin\debug\net452\jiltests.dll" id="72458421-d2c0-450e-b8ef-e9637715c5a3"><Execution id="8c3b09fd-2b6c-43b4-9482-74f08d1ee4f9" /><TestMethod codeBase="C:\Users\dt-impact\ftsubs\mstest\kevin-montrose_Jil-8a5af0f\JilTests\bin\Debug\net452\JilTests.dll" adapterTypeName="executor://xunit/VsTestRunner2/desktop_and_uap" className="JilTests.SerializeTests" name="JilTests.SerializeTests.Enumerables" /></UnitTest><UnitTest name="JilTests.DeserializeDynamicTests.String" storage="c:\users\dt-impact\ftsubs\mstest\kevin-montrose_jil-8a5af0f\jiltests\bin\debug\net452\jiltests.dll" id="4e31120f-d8f7-4ba0-9420-03289ae9c3fd"><Execution id="5ae88980-6311-414d-9060-c2d8d147befd" /><TestMethod codeBase="C:\Users\dt-impact\ftsubs\mstest\kevin-montrose_Jil-8a5af0f\JilTests\bin\Debug\net452\JilTests.dll" adapterTypeName="executor://xunit/VsTestRunner2/desktop_and_uap" className="JilTests.DeserializeDynamicTests" name="JilTests.DeserializeDynamicTests.String" /></UnitTest><UnitTest name="JilTests.DeserializeDynamicTests.ISO8601DateTimeOffsets" storage="c:\users\dt-impact\ftsubs\mstest\kevin-montrose_jil-8a5af0f\jiltests\bin\debug\net452\jiltests.dll" id="48da120c-aa36-458c-ac82-7c89295a62d6"><Execution id="9b7448ce-5b60-4480-8ab5-2bf1ec8d3799" /><TestMethod codeBase="C:\Users\dt-impact\ftsubs\mstest\kevin-montrose_Jil-8a5af0f\JilTests\bin\Debug\net452\JilTests.dll" adapterTypeName="executor://xunit/VsTestRunner2/desktop_and_uap" className="JilTests.DeserializeDynamicTests" name="JilTests.DeserializeDynamicTests.ISO8601DateTimeOffsets" /></UnitTest><UnitTest name="JilTests.DeserializeTests.ValueTypes" storage="c:\users\dt-impact\ftsubs\mstest\kevin-montrose_jil-8a5af0f\jiltests\bin\debug\net452\jiltests.dll" id="c974673d-685c-48de-8d01-779bc936427f"><Execution id="897c7542-1d88-4f8a-b776-90562c2d2254" /><TestMethod codeBase="C:\Users\dt-impact\ftsubs\mstest\kevin-montrose_Jil-8a5af0f\JilTests\bin\Debug\net452\JilTests.dll" adapterTypeName="executor://xunit/VsTestRunner2/desktop_and_uap" className="JilTests.DeserializeTests" name="JilTests.DeserializeTests.ValueTypes" /></UnitTest><UnitTest name="JilTests.SerializeTests.RFC1123DateTimes" storage="c:\users\dt-impact\ftsubs\mstest\kevin-montrose_jil-8a5af0f\jiltests\bin\debug\net452\jiltests.dll" id="dd38a4fa-7220-4b81-9ea1-35d8bbb58772"><Execution id="2dde87b7-0bf3-4905-946a-c8a113291185" /><TestMethod codeBase="C:\Users\dt-impact\ftsubs\mstest\kevin-montrose_Jil-8a5af0f\JilTests\bin\Debug\net452\JilTests.dll" adapterTypeName="executor://xunit/VsTestRunner2/desktop_and_uap" className="JilTests.SerializeTests" name="JilTests.SerializeTests.RFC1123DateTimes" /></UnitTest><UnitTest name="JilTests.DeserializeTests.BadEnum" storage="c:\users\dt-impact\ftsubs\mstest\kevin-montrose_jil-8a5af0f\jiltests\bin\debug\net452\jiltests.dll" id="bd6ef054-0fba-4656-8544-635bd42ae773"><Execution id="1ee32287-cbc5-464b-b500-f2ec5e92f8e9" /><TestMethod codeBase="C:\Users\dt-impact\ftsubs\mstest\kevin-montrose_Jil-8a5af0f\JilTests\bin\Debug\net452\JilTests.dll" adapterTypeName="executor://xunit/VsTestRunner2/desktop_and_uap" className="JilTests.DeserializeTests" name="JilTests.DeserializeTests.BadEnum" /></UnitTest><UnitTest name="JilTests.DynamicSerializationTests.ExpandoObject" storage="c:\users\dt-impact\ftsubs\mstest\kevin-montrose_jil-8a5af0f\jiltests\bin\debug\net452\jiltests.dll" id="c16b113d-e5b6-4292-a00b-6cb7af0efccd"><Execution id="56979a87-f548-473f-84e1-8fbb5d3985e4" /><TestMethod codeBase="C:\Users\dt-impact\ftsubs\mstest\kevin-montrose_Jil-8a5af0f\JilTests\bin\Debug\net452\JilTests.dll" adapterTypeName="executor://xunit/VsTestRunner2/desktop_and_uap" className="JilTests.DynamicSerializationTests" name="JilTests.DynamicSerializationTests.ExpandoObject" /></UnitTest><UnitTest name="JilTests.DeserializeDynamicTests.DateTimeOffsets" storage="c:\users\dt-impact\ftsubs\mstest\kevin-montrose_jil-8a5af0f\jiltests\bin\debug\net452\jiltests.dll" id="807fda15-34d5-41ed-bc50-6aea9abca1b9"><Execution id="256aee6b-9a5e-4230-80ca-72404d8550d8" /><TestMethod codeBase="C:\Users\dt-impact\ftsubs\mstest\kevin-montrose_Jil-8a5af0f\JilTests\bin\Debug\net452\JilTests.dll" adapterTypeName="executor://xunit/VsTestRunner2/desktop_and_uap" className="JilTests.DeserializeDynamicTests" name="JilTests.DeserializeDynamicTests.DateTimeOffsets" /></UnitTest><UnitTest name="JilTests.SerializeTests.PrimitiveWrappers" storage="c:\users\dt-impact\ftsubs\mstest\kevin-montrose_jil-8a5af0f\jiltests\bin\debug\net452\jiltests.dll" id="381abb74-bcdd-4e98-aa13-dd797099e392"><Execution id="70e603a3-391c-4c3a-95bb-e98393fa25b1" /><TestMethod codeBase="C:\Users\dt-impact\ftsubs\mstest\kevin-montrose_Jil-8a5af0f\JilTests\bin\Debug\net452\JilTests.dll" adapterTypeName="executor://xunit/VsTestRunner2/desktop_and_uap" className="JilTests.SerializeTests" name="JilTests.SerializeTests.PrimitiveWrappers" /></UnitTest><UnitTest name="JilTests.DeserializeTests.Bools" storage="c:\users\dt-impact\ftsubs\mstest\kevin-montrose_jil-8a5af0f\jiltests\bin\debug\net452\jiltests.dll" id="d04efd7f-c398-445c-a18c-59388adda57d"><Execution id="54ac0afe-c965-46f4-a968-892fdd488a4c" /><TestMethod codeBase="C:\Users\dt-impact\ftsubs\mstest\kevin-montrose_Jil-8a5af0f\JilTests\bin\Debug\net452\JilTests.dll" adapterTypeName="executor://xunit/VsTestRunner2/desktop_and_uap" className="JilTests.DeserializeTests" name="JilTests.DeserializeTests.Bools" /></UnitTest><UnitTest name="JilTests.SerializeTests.ConditionalSerialization" storage="c:\users\dt-impact\ftsubs\mstest\kevin-montrose_jil-8a5af0f\jiltests\bin\debug\net452\jiltests.dll" id="21d49288-f355-4646-800e-b44e2872f2e7"><Execution id="11e1f765-8db1-4ac4-9a8a-04b1aa27ed85" /><TestMethod codeBase="C:\Users\dt-impact\ftsubs\mstest\kevin-montrose_Jil-8a5af0f\JilTests\bin\Debug\net452\JilTests.dll" adapterTypeName="executor://xunit/VsTestRunner2/desktop_and_uap" className="JilTests.SerializeTests" name="JilTests.SerializeTests.ConditionalSerialization" /></UnitTest><UnitTest name="JilTests.SerializeTests.DateTimeFormats" storage="c:\users\dt-impact\ftsubs\mstest\kevin-montrose_jil-8a5af0f\jiltests\bin\debug\net452\jiltests.dll" id="62f65ea1-e80a-4fd5-8507-60ecd66e6eef"><Execution id="c25e7465-7df1-4077-a38f-2f09cebf108d" /><TestMethod codeBase="C:\Users\dt-impact\ftsubs\mstest\kevin-montrose_Jil-8a5af0f\JilTests\bin\Debug\net452\JilTests.dll" adapterTypeName="executor://xunit/VsTestRunner2/desktop_and_uap" className="JilTests.SerializeTests" name="JilTests.SerializeTests.DateTimeFormats" /></UnitTest><UnitTest name="JilTests.DeserializeTests.Issue225" storage="c:\users\dt-impact\ftsubs\mstest\kevin-montrose_jil-8a5af0f\jiltests\bin\debug\net452\jiltests.dll" id="d7954c48-3214-4543-b4d6-cdf119951f20"><Execution id="b15dde5d-02fe-45d4-8bb9-35c0c6a152e9" /><TestMethod codeBase="C:\Users\dt-impact\ftsubs\mstest\kevin-montrose_Jil-8a5af0f\JilTests\bin\Debug\net452\JilTests.dll" adapterTypeName="executor://xunit/VsTestRunner2/desktop_and_uap" className="JilTests.DeserializeTests" name="JilTests.DeserializeTests.Issue225" /></UnitTest><UnitTest name="JilTests.UtilsTests.UnionConfigs" storage="c:\users\dt-impact\ftsubs\mstest\kevin-montrose_jil-8a5af0f\jiltests\bin\debug\net452\jiltests.dll" id="db2b0d91-b877-471b-a167-da1b53e20e2d"><Execution id="461b3e4e-e1f2-4414-bf2d-e4da667a75cd" /><TestMethod codeBase="C:\Users\dt-impact\ftsubs\mstest\kevin-montrose_Jil-8a5af0f\JilTests\bin\Debug\net452\JilTests.dll" adapterTypeName="executor://xunit/VsTestRunner2/desktop_and_uap" className="JilTests.UtilsTests" name="JilTests.UtilsTests.UnionConfigs" /></UnitTest><UnitTest name="JilTests.DeserializeDynamicTests.Issue117(input: &quot;123.&quot;, expectedError: &quot;Expected digit&quot;)" storage="c:\users\dt-impact\ftsubs\mstest\kevin-montrose_jil-8a5af0f\jiltests\bin\debug\net452\jiltests.dll" id="63f778e6-76cc-4ff4-b062-99f876241851"><Execution id="b6ec7ed6-32cd-49ed-945b-89e1491bd2dd" /><TestMethod codeBase="C:\Users\dt-impact\ftsubs\mstest\kevin-montrose_Jil-8a5af0f\JilTests\bin\Debug\net452\JilTests.dll" adapterTypeName="executor://xunit/VsTestRunner2/desktop_and_uap" className="JilTests.DeserializeDynamicTests" name="JilTests.DeserializeDynamicTests.Issue117(input: &quot;123.&quot;, expectedError: &quot;Expected digit&quot;)" /></UnitTest><UnitTest name="JilTests.SerializeTests.EnumMemberAttributeOverrideWithNoneFlags" storage="c:\users\dt-impact\ftsubs\mstest\kevin-montrose_jil-8a5af0f\jiltests\bin\debug\net452\jiltests.dll" id="0ffa3859-72ac-4e95-b463-c440e8464a27"><Execution id="2846eae8-dda5-4534-8037-d5af94c11970" /><TestMethod codeBase="C:\Users\dt-impact\ftsubs\mstest\kevin-montrose_Jil-8a5af0f\JilTests\bin\Debug\net452\JilTests.dll" adapterTypeName="executor://xunit/VsTestRunner2/desktop_and_uap" className="JilTests.SerializeTests" name="JilTests.SerializeTests.EnumMemberAttributeOverrideWithNoneFlags" /></UnitTest><UnitTest name="JilTests.DeserializeTests.Issue117_Long" storage="c:\users\dt-impact\ftsubs\mstest\kevin-montrose_jil-8a5af0f\jiltests\bin\debug\net452\jiltests.dll" id="4be1808f-6ba7-4f78-b99e-6275f10fd89c"><Execution id="f6331feb-98a0-4f9c-8fa0-533b86ae088c" /><TestMethod codeBase="C:\Users\dt-impact\ftsubs\mstest\kevin-montrose_Jil-8a5af0f\JilTests\bin\Debug\net452\JilTests.dll" adapterTypeName="executor://xunit/VsTestRunner2/desktop_and_uap" className="JilTests.DeserializeTests" name="JilTests.DeserializeTests.Issue117_Long" /></UnitTest><UnitTest name="JilTests.DeserializeTests.UnionAttributeError" storage="c:\users\dt-impact\ftsubs\mstest\kevin-montrose_jil-8a5af0f\jiltests\bin\debug\net452\jiltests.dll" id="1cc53e60-8e4a-46d3-94e9-8b0c582f8cb8"><Execution id="8f199da4-a607-4668-9911-f9869ba4817b" /><TestMethod codeBase="C:\Users\dt-impact\ftsubs\mstest\kevin-montrose_Jil-8a5af0f\JilTests\bin\Debug\net452\JilTests.dll" adapterTypeName="executor://xunit/VsTestRunner2/desktop_and_uap" className="JilTests.DeserializeTests" name="JilTests.DeserializeTests.UnionAttributeError" /></UnitTest><UnitTest name="JilTests.DeserializeTests.Issue143TimeSpan" storage="c:\users\dt-impact\ftsubs\mstest\kevin-montrose_jil-8a5af0f\jiltests\bin\debug\net452\jiltests.dll" id="c431c572-f1ed-45ab-8d98-7490a3544a5f"><Execution id="292cf6c0-79eb-40b0-96b7-bb8436684e6a" /><TestMethod codeBase="C:\Users\dt-impact\ftsubs\mstest\kevin-montrose_Jil-8a5af0f\JilTests\bin\Debug\net452\JilTests.dll" adapterTypeName="executor://xunit/VsTestRunner2/desktop_and_uap" className="JilTests.DeserializeTests" name="JilTests.DeserializeTests.Issue143TimeSpan" /></UnitTest><UnitTest name="JilTests.BadlySpecifiedTypeTests.DeserializeReader" storage="c:\users\dt-impact\ftsubs\mstest\kevin-montrose_jil-8a5af0f\jiltests\bin\debug\net452\jiltests.dll" id="67d417d4-c4fb-4ffc-937e-7693cc310efb"><Execution id="ec3891d9-1764-4e99-879c-670c76def124" /><TestMethod codeBase="C:\Users\dt-impact\ftsubs\mstest\kevin-montrose_Jil-8a5af0f\JilTests\bin\Debug\net452\JilTests.dll" adapterTypeName="executor://xunit/VsTestRunner2/desktop_and_uap" className="JilTests.BadlySpecifiedTypeTests" name="JilTests.BadlySpecifiedTypeTests.DeserializeReader" /></UnitTest><UnitTest name="JilTests.DeserializeTests.Issue117_Double" storage="c:\users\dt-impact\ftsubs\mstest\kevin-montrose_jil-8a5af0f\jiltests\bin\debug\net452\jiltests.dll" id="61ca98d7-722a-4b15-bdc8-3116bfc34d88"><Execution id="c4ac4e89-258c-4927-aaea-bc511053e1a6" /><TestMethod codeBase="C:\Users\dt-impact\ftsubs\mstest\kevin-montrose_Jil-8a5af0f\JilTests\bin\Debug\net452\JilTests.dll" adapterTypeName="executor://xunit/VsTestRunner2/desktop_and_uap" className="JilTests.DeserializeTests" name="JilTests.DeserializeTests.Issue117_Double" /></UnitTest><UnitTest name="JilTests.DeserializeTests.Issue203" storage="c:\users\dt-impact\ftsubs\mstest\kevin-montrose_jil-8a5af0f\jiltests\bin\debug\net452\jiltests.dll" id="376caebc-a1d8-4c46-8a3d-ebb7119bfa62"><Execution id="b55037f8-267f-4e73-a428-2dc85ca13975" /><TestMethod codeBase="C:\Users\dt-impact\ftsubs\mstest\kevin-montrose_Jil-8a5af0f\JilTests\bin\Debug\net452\JilTests.dll" adapterTypeName="executor://xunit/VsTestRunner2/desktop_and_uap" className="JilTests.DeserializeTests" name="JilTests.DeserializeTests.Issue203" /></UnitTest><UnitTest name="JilTests.SerializeTests.NullableMembers" storage="c:\users\dt-impact\ftsubs\mstest\kevin-montrose_jil-8a5af0f\jiltests\bin\debug\net452\jiltests.dll" id="df5f38c0-d08e-458f-a793-561883a8f0ec"><Execution id="1ecef77e-e0e3-4e3b-8bb6-a481caed97bb" /><TestMethod codeBase="C:\Users\dt-impact\ftsubs\mstest\kevin-montrose_Jil-8a5af0f\JilTests\bin\Debug\net452\JilTests.dll" adapterTypeName="executor://xunit/VsTestRunner2/desktop_and_uap" className="JilTests.SerializeTests" name="JilTests.SerializeTests.NullableMembers" /></UnitTest><UnitTest name="JilTests.DeserializeTests.Issue150" storage="c:\users\dt-impact\ftsubs\mstest\kevin-montrose_jil-8a5af0f\jiltests\bin\debug\net452\jiltests.dll" id="74df7bf9-087d-419d-b62b-aa716c4ff05f"><Execution id="94a162e1-9295-4792-a45d-33c105969cb6" /><TestMethod codeBase="C:\Users\dt-impact\ftsubs\mstest\kevin-montrose_Jil-8a5af0f\JilTests\bin\Debug\net452\JilTests.dll" adapterTypeName="executor://xunit/VsTestRunner2/desktop_and_uap" className="JilTests.DeserializeTests" name="JilTests.DeserializeTests.Issue150" /></UnitTest><UnitTest name="JilTests.DeserializeTests.MalformedISO8601(dateString: &quot;\&quot;1900-01-01T12:34:56.123456789+00:00\&quot;&quot;, expectedError: &quot;ISO8601 date is too long, expected 33 characters o&quot;...)" storage="c:\users\dt-impact\ftsubs\mstest\kevin-montrose_jil-8a5af0f\jiltests\bin\debug\net452\jiltests.dll" id="eae53097-2898-4e9d-b3b7-acacbf919a89"><Execution id="162951b5-ad3c-4247-aac4-4b940800a8b8" /><TestMethod codeBase="C:\Users\dt-impact\ftsubs\mstest\kevin-montrose_Jil-8a5af0f\JilTests\bin\Debug\net452\JilTests.dll" adapterTypeName="executor://xunit/VsTestRunner2/desktop_and_uap" className="JilTests.DeserializeTests" name="JilTests.DeserializeTests.MalformedISO8601(dateString: &quot;\&quot;1900-01-01T12:34:56.123456789+00:00\&quot;&quot;, expectedError: &quot;ISO8601 date is too long, expected 33 characters o&quot;...)" /></UnitTest><UnitTest name="JilTests.SerializeTests.Issue258" storage="c:\users\dt-impact\ftsubs\mstest\kevin-montrose_jil-8a5af0f\jiltests\bin\debug\net452\jiltests.dll" id="b1573ed3-0b8e-4023-a970-7a7825ff4cf2"><Execution id="8a0c95a9-b489-4315-aaf4-30fa1eb44ee2" /><TestMethod codeBase="C:\Users\dt-impact\ftsubs\mstest\kevin-montrose_Jil-8a5af0f\JilTests\bin\Debug\net452\JilTests.dll" adapterTypeName="executor://xunit/VsTestRunner2/desktop_and_uap" className="JilTests.SerializeTests" name="JilTests.SerializeTests.Issue258" /></UnitTest><UnitTest name="JilTests.DeserializeDynamicTests.Issue117(input: &quot;-001&quot;, expectedError: &quot;Number cannot have leading zeros&quot;)" storage="c:\users\dt-impact\ftsubs\mstest\kevin-montrose_jil-8a5af0f\jiltests\bin\debug\net452\jiltests.dll" id="e37a6b25-3fb2-4f71-a7f8-858db187e464"><Execution id="ecea4638-81c2-4f30-a384-e69a24d92c9c" /><TestMethod codeBase="C:\Users\dt-impact\ftsubs\mstest\kevin-montrose_Jil-8a5af0f\JilTests\bin\Debug\net452\JilTests.dll" adapterTypeName="executor://xunit/VsTestRunner2/desktop_and_uap" className="JilTests.DeserializeDynamicTests" name="JilTests.DeserializeDynamicTests.Issue117(input: &quot;-001&quot;, expectedError: &quot;Number cannot have leading zeros&quot;)" /></UnitTest><UnitTest name="JilTests.SerializeTests.Issue101" storage="c:\users\dt-impact\ftsubs\mstest\kevin-montrose_jil-8a5af0f\jiltests\bin\debug\net452\jiltests.dll" id="2e42f75b-2467-4119-90a7-4f9c95187458"><Execution id="50a10d65-f96a-462b-a4ee-7edf6eb0fa91" /><TestMethod codeBase="C:\Users\dt-impact\ftsubs\mstest\kevin-montrose_Jil-8a5af0f\JilTests\bin\Debug\net452\JilTests.dll" adapterTypeName="executor://xunit/VsTestRunner2/desktop_and_uap" className="JilTests.SerializeTests" name="JilTests.SerializeTests.Issue101" /></UnitTest><UnitTest name="JilTests.SerializeTests.Issue127" storage="c:\users\dt-impact\ftsubs\mstest\kevin-montrose_jil-8a5af0f\jiltests\bin\debug\net452\jiltests.dll" id="241120a2-6bc1-4ce1-b74d-bd93b1dd0fd5"><Execution id="7657be5e-e006-47dd-bf40-dd2d83194fff" /><TestMethod codeBase="C:\Users\dt-impact\ftsubs\mstest\kevin-montrose_Jil-8a5af0f\JilTests\bin\Debug\net452\JilTests.dll" adapterTypeName="executor://xunit/VsTestRunner2/desktop_and_uap" className="JilTests.SerializeTests" name="JilTests.SerializeTests.Issue127" /></UnitTest><UnitTest name="JilTests.DeserializeTests.ULongs" storage="c:\users\dt-impact\ftsubs\mstest\kevin-montrose_jil-8a5af0f\jiltests\bin\debug\net452\jiltests.dll" id="8a771b5f-7038-48a3-995f-1ae3b57926ba"><Execution id="c38d089a-07d7-4e4a-aa7b-22aafb9a0d2f" /><TestMethod codeBase="C:\Users\dt-impact\ftsubs\mstest\kevin-montrose_Jil-8a5af0f\JilTests\bin\Debug\net452\JilTests.dll" adapterTypeName="executor://xunit/VsTestRunner2/desktop_and_uap" className="JilTests.DeserializeTests" name="JilTests.DeserializeTests.ULongs" /></UnitTest><UnitTest name="JilTests.DeserializeDynamicTests.TimeSpans_Seconds" storage="c:\users\dt-impact\ftsubs\mstest\kevin-montrose_jil-8a5af0f\jiltests\bin\debug\net452\jiltests.dll" id="39a0c381-bd15-4405-8370-654fd1442cf2"><Execution id="87154233-3942-41f9-bee6-af92651d42d4" /><TestMethod codeBase="C:\Users\dt-impact\ftsubs\mstest\kevin-montrose_Jil-8a5af0f\JilTests\bin\Debug\net452\JilTests.dll" adapterTypeName="executor://xunit/VsTestRunner2/desktop_and_uap" className="JilTests.DeserializeDynamicTests" name="JilTests.DeserializeDynamicTests.TimeSpans_Seconds" /></UnitTest><UnitTest name="JilTests.DeserializeTests.MalformedISO8601(dateString: &quot;\&quot;0000\&quot;&quot;, expectedError: &quot;ISO8601 year 0000 cannot be converted to a DateTim&quot;...)" storage="c:\users\dt-impact\ftsubs\mstest\kevin-montrose_jil-8a5af0f\jiltests\bin\debug\net452\jiltests.dll" id="ca551964-12ec-49ed-9d33-242dc79c5f59"><Execution id="209ce72a-5549-45c1-b4f3-3351153155b5" /><TestMethod codeBase="C:\Users\dt-impact\ftsubs\mstest\kevin-montrose_Jil-8a5af0f\JilTests\bin\Debug\net452\JilTests.dll" adapterTypeName="executor://xunit/VsTestRunner2/desktop_and_uap" className="JilTests.DeserializeTests" name="JilTests.DeserializeTests.MalformedISO8601(dateString: &quot;\&quot;0000\&quot;&quot;, expectedError: &quot;ISO8601 year 0000 cannot be converted to a DateTim&quot;...)" /></UnitTest><UnitTest name="JilTests.DeserializeTests.MalformedISO8601(dateString: &quot;\&quot;1900-01-01T19:19+\&quot;&quot;, expectedError: &quot;Expected hour part of ISO8601 timezone offset&quot;)" storage="c:\users\dt-impact\ftsubs\mstest\kevin-montrose_jil-8a5af0f\jiltests\bin\debug\net452\jiltests.dll" id="5ba67794-dd33-46fc-9a22-3d1caa3a8e75"><Execution id="a21bc53e-a130-4e5e-a06a-3cbab5b96aac" /><TestMethod codeBase="C:\Users\dt-impact\ftsubs\mstest\kevin-montrose_Jil-8a5af0f\JilTests\bin\Debug\net452\JilTests.dll" adapterTypeName="executor://xunit/VsTestRunner2/desktop_and_uap" className="JilTests.DeserializeTests" name="JilTests.DeserializeTests.MalformedISO8601(dateString: &quot;\&quot;1900-01-01T19:19+\&quot;&quot;, expectedError: &quot;Expected hour part of ISO8601 timezone offset&quot;)" /></UnitTest><UnitTest name="JilTests.SerializeTests.Issue272" storage="c:\users\dt-impact\ftsubs\mstest\kevin-montrose_jil-8a5af0f\jiltests\bin\debug\net452\jiltests.dll" id="b3255743-2e16-4c01-bbf2-0aa2b66f8387"><Execution id="9d7bc750-2b1d-4103-a388-477842b9e9a5" /><TestMethod codeBase="C:\Users\dt-impact\ftsubs\mstest\kevin-montrose_Jil-8a5af0f\JilTests\bin\Debug\net452\JilTests.dll" adapterTypeName="executor://xunit/VsTestRunner2/desktop_and_uap" className="JilTests.SerializeTests" name="JilTests.SerializeTests.Issue272" /></UnitTest><UnitTest name="JilTests.DeserializeTests.Strings" storage="c:\users\dt-impact\ftsubs\mstest\kevin-montrose_jil-8a5af0f\jiltests\bin\debug\net452\jiltests.dll" id="5b465565-5ff3-45d3-94cf-4d0faa0ca76f"><Execution id="9b95701f-471a-47c2-9f12-bd0483a7ef80" /><TestMethod codeBase="C:\Users\dt-impact\ftsubs\mstest\kevin-montrose_Jil-8a5af0f\JilTests\bin\Debug\net452\JilTests.dll" adapterTypeName="executor://xunit/VsTestRunner2/desktop_and_uap" className="JilTests.DeserializeTests" name="JilTests.DeserializeTests.Strings" /></UnitTest><UnitTest name="JilTests.DeserializeTests.MalformedISO8601(dateString: &quot;\&quot;1999W54\&quot;&quot;, expectedError: &quot;Expected week to be between 01 and 53&quot;)" storage="c:\users\dt-impact\ftsubs\mstest\kevin-montrose_jil-8a5af0f\jiltests\bin\debug\net452\jiltests.dll" id="2679873e-1de9-4ba4-b77c-d1d038e3ffed"><Execution id="07151653-8224-4d85-ae90-bde41ca62843" /><TestMethod codeBase="C:\Users\dt-impact\ftsubs\mstest\kevin-montrose_Jil-8a5af0f\JilTests\bin\Debug\net452\JilTests.dll" adapterTypeName="executor://xunit/VsTestRunner2/desktop_and_uap" className="JilTests.DeserializeTests" name="JilTests.DeserializeTests.MalformedISO8601(dateString: &quot;\&quot;1999W54\&quot;&quot;, expectedError: &quot;Expected week to be between 01 and 53&quot;)" /></UnitTest><UnitTest name="JilTests.SerializeTests.DictionaryDictionary" storage="c:\users\dt-impact\ftsubs\mstest\kevin-montrose_jil-8a5af0f\jiltests\bin\debug\net452\jiltests.dll" id="62d6ea3c-1c47-449b-a1c6-87e66f7b616a"><Execution id="a07f0dfe-911c-4a11-a157-b59a2612cfb2" /><TestMethod codeBase="C:\Users\dt-impact\ftsubs\mstest\kevin-montrose_Jil-8a5af0f\JilTests\bin\Debug\net452\JilTests.dll" adapterTypeName="executor://xunit/VsTestRunner2/desktop_and_uap" className="JilTests.SerializeTests" name="JilTests.SerializeTests.DictionaryDictionary" /></UnitTest><UnitTest name="JilTests.DeserializeDynamicTests.Issue143DateTimeOffsetFractionOverflow" storage="c:\users\dt-impact\ftsubs\mstest\kevin-montrose_jil-8a5af0f\jiltests\bin\debug\net452\jiltests.dll" id="b5935b30-c144-4ad8-b743-66929bf21fed"><Execution id="659b12bc-e03c-44a6-a034-5e7ca80a226c" /><TestMethod codeBase="C:\Users\dt-impact\ftsubs\mstest\kevin-montrose_Jil-8a5af0f\JilTests\bin\Debug\net452\JilTests.dll" adapterTypeName="executor://xunit/VsTestRunner2/desktop_and_uap" className="JilTests.DeserializeDynamicTests" name="JilTests.DeserializeDynamicTests.Issue143DateTimeOffsetFractionOverflow" /></UnitTest><UnitTest name="JilTests.DeserializeDynamicTests.Issue143DateTime" storage="c:\users\dt-impact\ftsubs\mstest\kevin-montrose_jil-8a5af0f\jiltests\bin\debug\net452\jiltests.dll" id="94439d11-b4c9-4e08-8970-6c018126e989"><Execution id="d8eea363-2d82-4341-af2c-7da292515f8c" /><TestMethod codeBase="C:\Users\dt-impact\ftsubs\mstest\kevin-montrose_Jil-8a5af0f\JilTests\bin\Debug\net452\JilTests.dll" adapterTypeName="executor://xunit/VsTestRunner2/desktop_and_uap" className="JilTests.DeserializeDynamicTests" name="JilTests.DeserializeDynamicTests.Issue143DateTime" /></UnitTest><UnitTest name="JilTests.DeserializeDynamicTests.Issue117(input: &quot;-123.&quot;, expectedError: &quot;Expected digit&quot;)" storage="c:\users\dt-impact\ftsubs\mstest\kevin-montrose_jil-8a5af0f\jiltests\bin\debug\net452\jiltests.dll" id="c530bfb5-26f7-4421-9cca-19b228cbd94e"><Execution id="a399e3f7-501a-4514-a628-3928b3d99488" /><TestMethod codeBase="C:\Users\dt-impact\ftsubs\mstest\kevin-montrose_Jil-8a5af0f\JilTests\bin\Debug\net452\JilTests.dll" adapterTypeName="executor://xunit/VsTestRunner2/desktop_and_uap" className="JilTests.DeserializeDynamicTests" name="JilTests.DeserializeDynamicTests.Issue117(input: &quot;-123.&quot;, expectedError: &quot;Expected digit&quot;)" /></UnitTest><UnitTest name="JilTests.DeserializeTests.Bytes" storage="c:\users\dt-impact\ftsubs\mstest\kevin-montrose_jil-8a5af0f\jiltests\bin\debug\net452\jiltests.dll" id="be4c27d1-5b37-49c9-b85b-9940e6f842ca"><Execution id="78b31c15-fbd6-42ba-8990-9944af9d0cb1" /><TestMethod codeBase="C:\Users\dt-impact\ftsubs\mstest\kevin-montrose_Jil-8a5af0f\JilTests\bin\Debug\net452\JilTests.dll" adapterTypeName="executor://xunit/VsTestRunner2/desktop_and_uap" className="JilTests.DeserializeTests" name="JilTests.DeserializeTests.Bytes" /></UnitTest><UnitTest name="JilTests.SerializeTests.UnspecifiedToUtc" storage="c:\users\dt-impact\ftsubs\mstest\kevin-montrose_jil-8a5af0f\jiltests\bin\debug\net452\jiltests.dll" id="cdb26b49-0e6f-492d-aa1c-8bb5a9e67071"><Execution id="94182f57-b6ee-43de-960f-ac8621f1919a" /><TestMethod codeBase="C:\Users\dt-impact\ftsubs\mstest\kevin-montrose_Jil-8a5af0f\JilTests\bin\Debug\net452\JilTests.dll" adapterTypeName="executor://xunit/VsTestRunner2/desktop_and_uap" className="JilTests.SerializeTests" name="JilTests.SerializeTests.UnspecifiedToUtc" /></UnitTest><UnitTest name="JilTests.DeserializeTests.DeserializeNonGeneric" storage="c:\users\dt-impact\ftsubs\mstest\kevin-montrose_jil-8a5af0f\jiltests\bin\debug\net452\jiltests.dll" id="3f6629be-b90e-48e5-b101-f98f77dd8476"><Execution id="499c1930-867d-4e2a-94d9-83c05cfb8568" /><TestMethod codeBase="C:\Users\dt-impact\ftsubs\mstest\kevin-montrose_Jil-8a5af0f\JilTests\bin\Debug\net452\JilTests.dll" adapterTypeName="executor://xunit/VsTestRunner2/desktop_and_uap" className="JilTests.DeserializeTests" name="JilTests.DeserializeTests.DeserializeNonGeneric" /></UnitTest><UnitTest name="JilTests.DeepObjectGraphTests.DeepObjectGraphShouldNotBeEmpty" storage="c:\users\dt-impact\ftsubs\mstest\kevin-montrose_jil-8a5af0f\jiltests\bin\debug\net452\jiltests.dll" id="2fa6903f-7888-4395-b621-2309930d80ee"><Execution id="2931f77c-1218-4cd4-a7f2-3ae8883a68fc" /><TestMethod codeBase="C:\Users\dt-impact\ftsubs\mstest\kevin-montrose_Jil-8a5af0f\JilTests\bin\Debug\net452\JilTests.dll" adapterTypeName="executor://xunit/VsTestRunner2/desktop_and_uap" className="JilTests.DeepObjectGraphTests" name="JilTests.DeepObjectGraphTests.DeepObjectGraphShouldNotBeEmpty" /></UnitTest><UnitTest name="JilTests.DeserializeTests.BadFloat(input: &quot;1.2E++10&quot;, expectedSnippetAfter: &quot;+10&quot;)" storage="c:\users\dt-impact\ftsubs\mstest\kevin-montrose_jil-8a5af0f\jiltests\bin\debug\net452\jiltests.dll" id="e5fe4116-99b8-4c3a-bde9-f8b440ba7662"><Execution id="fb8f8847-dafe-4b16-9ee1-80404370008e" /><TestMethod codeBase="C:\Users\dt-impact\ftsubs\mstest\kevin-montrose_Jil-8a5af0f\JilTests\bin\Debug\net452\JilTests.dll" adapterTypeName="executor://xunit/VsTestRunner2/desktop_and_uap" className="JilTests.DeserializeTests" name="JilTests.DeserializeTests.BadFloat(input: &quot;1.2E++10&quot;, expectedSnippetAfter: &quot;+10&quot;)" /></UnitTest><UnitTest name="JilTests.DeserializeTests.IReadOnlyDictionaries" storage="c:\users\dt-impact\ftsubs\mstest\kevin-montrose_jil-8a5af0f\jiltests\bin\debug\net452\jiltests.dll" id="4887f4bf-c383-49d2-8555-a6543ff7f61c"><Execution id="0f2f4833-bbb2-48d1-899c-ae25ab1bee6b" /><TestMethod codeBase="C:\Users\dt-impact\ftsubs\mstest\kevin-montrose_Jil-8a5af0f\JilTests\bin\Debug\net452\JilTests.dll" adapterTypeName="executor://xunit/VsTestRunner2/desktop_and_uap" className="JilTests.DeserializeTests" name="JilTests.DeserializeTests.IReadOnlyDictionaries" /></UnitTest><UnitTest name="JilTests.DeserializeTests.Objects" storage="c:\users\dt-impact\ftsubs\mstest\kevin-montrose_jil-8a5af0f\jiltests\bin\debug\net452\jiltests.dll" id="7c77f658-8dbd-49d3-b84c-6cdfead91170"><Execution id="aa8fa81d-7b55-43c8-afdf-e26c21d052e0" /><TestMethod codeBase="C:\Users\dt-impact\ftsubs\mstest\kevin-montrose_Jil-8a5af0f\JilTests\bin\Debug\net452\JilTests.dll" adapterTypeName="executor://xunit/VsTestRunner2/desktop_and_uap" className="JilTests.DeserializeTests" name="JilTests.DeserializeTests.Objects" /></UnitTest><UnitTest name="JilTests.SerializeTests.EnumMemberAttributeOverride" storage="c:\users\dt-impact\ftsubs\mstest\kevin-montrose_jil-8a5af0f\jiltests\bin\debug\net452\jiltests.dll" id="2224e7c4-6cb8-4b35-9dd1-dc602f1cf280"><Execution id="6c984139-1d8d-49f3-940d-19c58f2fc7ee" /><TestMethod codeBase="C:\Users\dt-impact\ftsubs\mstest\kevin-montrose_Jil-8a5af0f\JilTests\bin\Debug\net452\JilTests.dll" adapterTypeName="executor://xunit/VsTestRunner2/desktop_and_uap" className="JilTests.SerializeTests" name="JilTests.SerializeTests.EnumMemberAttributeOverride" /></UnitTest><UnitTest name="JilTests.SerializeTests.AllocationlessVsNormalDictionaries" storage="c:\users\dt-impact\ftsubs\mstest\kevin-montrose_jil-8a5af0f\jiltests\bin\debug\net452\jiltests.dll" id="5226cb5f-3aef-468e-9039-2bdfc316c60c"><Execution id="af73723e-8159-4ca1-ba51-1b2ced648f8d" /><TestMethod codeBase="C:\Users\dt-impact\ftsubs\mstest\kevin-montrose_Jil-8a5af0f\JilTests\bin\Debug\net452\JilTests.dll" adapterTypeName="executor://xunit/VsTestRunner2/desktop_and_uap" className="JilTests.SerializeTests" name="JilTests.SerializeTests.AllocationlessVsNormalDictionaries" /></UnitTest><UnitTest name="JilTests.DeserializeTests.MalformedISO8601(dateString: &quot;\&quot;1999W00\&quot;&quot;, expectedError: &quot;Expected week to be between 01 and 53&quot;)" storage="c:\users\dt-impact\ftsubs\mstest\kevin-montrose_jil-8a5af0f\jiltests\bin\debug\net452\jiltests.dll" id="ab4da737-a819-4a77-82d5-fe489cb9632a"><Execution id="8f69e79e-71cb-48f7-8ac3-e38918867e48" /><TestMethod codeBase="C:\Users\dt-impact\ftsubs\mstest\kevin-montrose_Jil-8a5af0f\JilTests\bin\Debug\net452\JilTests.dll" adapterTypeName="executor://xunit/VsTestRunner2/desktop_and_uap" className="JilTests.DeserializeTests" name="JilTests.DeserializeTests.MalformedISO8601(dateString: &quot;\&quot;1999W00\&quot;&quot;, expectedError: &quot;Expected week to be between 01 and 53&quot;)" /></UnitTest><UnitTest name="JilTests.SerializeTests.Primitive" storage="c:\users\dt-impact\ftsubs\mstest\kevin-montrose_jil-8a5af0f\jiltests\bin\debug\net452\jiltests.dll" id="eb706267-8161-495c-8bc5-a65158a5facd"><Execution id="14d6687f-b73e-44fd-aba4-2d9901ff9539" /><TestMethod codeBase="C:\Users\dt-impact\ftsubs\mstest\kevin-montrose_Jil-8a5af0f\JilTests\bin\Debug\net452\JilTests.dll" adapterTypeName="executor://xunit/VsTestRunner2/desktop_and_uap" className="JilTests.SerializeTests" name="JilTests.SerializeTests.Primitive" /></UnitTest><UnitTest name="JilTests.DeserializeTests.Issue143DateTimeOffsetFractionOverflow" storage="c:\users\dt-impact\ftsubs\mstest\kevin-montrose_jil-8a5af0f\jiltests\bin\debug\net452\jiltests.dll" id="2740c007-582d-43af-a229-aac97aac36c5"><Execution id="b87e7539-1e99-4271-83b2-1da93475bfe5" /><TestMethod codeBase="C:\Users\dt-impact\ftsubs\mstest\kevin-montrose_Jil-8a5af0f\JilTests\bin\Debug\net452\JilTests.dll" adapterTypeName="executor://xunit/VsTestRunner2/desktop_and_uap" className="JilTests.DeserializeTests" name="JilTests.DeserializeTests.Issue143DateTimeOffsetFractionOverflow" /></UnitTest><UnitTest name="JilTests.DeserializeTests.MalformedISO8601(dateString: &quot;\&quot;19000101T1234:56\&quot;&quot;, expectedError: &quot;Unexpected separator in ISO8601 time&quot;)" storage="c:\users\dt-impact\ftsubs\mstest\kevin-montrose_jil-8a5af0f\jiltests\bin\debug\net452\jiltests.dll" id="20f3ff85-cd6e-4185-b128-93801a4f4456"><Execution id="2247f940-d37f-4c93-805a-ef0f41d72b0d" /><TestMethod codeBase="C:\Users\dt-impact\ftsubs\mstest\kevin-montrose_Jil-8a5af0f\JilTests\bin\Debug\net452\JilTests.dll" adapterTypeName="executor://xunit/VsTestRunner2/desktop_and_uap" className="JilTests.DeserializeTests" name="JilTests.DeserializeTests.MalformedISO8601(dateString: &quot;\&quot;19000101T1234:56\&quot;&quot;, expectedError: &quot;Unexpected separator in ISO8601 time&quot;)" /></UnitTest><UnitTest name="JilTests.SerializeTests.NaNFails" storage="c:\users\dt-impact\ftsubs\mstest\kevin-montrose_jil-8a5af0f\jiltests\bin\debug\net452\jiltests.dll" id="d9e5a9e3-920f-49e0-b0d9-661fb7b66ef4"><Execution id="1c6d0003-f167-493c-b6c4-07b48b02b3b4" /><TestMethod codeBase="C:\Users\dt-impact\ftsubs\mstest\kevin-montrose_Jil-8a5af0f\JilTests\bin\Debug\net452\JilTests.dll" adapterTypeName="executor://xunit/VsTestRunner2/desktop_and_uap" className="JilTests.SerializeTests" name="JilTests.SerializeTests.NaNFails" /></UnitTest><UnitTest name="JilTests.DeserializeDynamicTests.Issue117(input: &quot;001&quot;, expectedError: &quot;Number cannot have leading zeros&quot;)" storage="c:\users\dt-impact\ftsubs\mstest\kevin-montrose_jil-8a5af0f\jiltests\bin\debug\net452\jiltests.dll" id="3d81a32c-bc0b-43bf-92d7-eb8043a66d4f"><Execution id="0b5083d0-d37c-4a55-a9ec-a6061441d382" /><TestMethod codeBase="C:\Users\dt-impact\ftsubs\mstest\kevin-montrose_Jil-8a5af0f\JilTests\bin\Debug\net452\JilTests.dll" adapterTypeName="executor://xunit/VsTestRunner2/desktop_and_uap" className="JilTests.DeserializeDynamicTests" name="JilTests.DeserializeDynamicTests.Issue117(input: &quot;001&quot;, expectedError: &quot;Number cannot have leading zeros&quot;)" /></UnitTest><UnitTest name="JilTests.UtilsTests.ConstantProperties" storage="c:\users\dt-impact\ftsubs\mstest\kevin-montrose_jil-8a5af0f\jiltests\bin\debug\net452\jiltests.dll" id="211516a6-02e1-4c2c-99a6-56c2c86417cb"><Execution id="634b3bf9-c0f7-4859-8190-996f3146a135" /><TestMethod codeBase="C:\Users\dt-impact\ftsubs\mstest\kevin-montrose_Jil-8a5af0f\JilTests\bin\Debug\net452\JilTests.dll" adapterTypeName="executor://xunit/VsTestRunner2/desktop_and_uap" className="JilTests.UtilsTests" name="JilTests.UtilsTests.ConstantProperties" /></UnitTest><UnitTest name="JilTests.SerializeTests.LessThan100" storage="c:\users\dt-impact\ftsubs\mstest\kevin-montrose_jil-8a5af0f\jiltests\bin\debug\net452\jiltests.dll" id="8e1b3e78-896c-4b4d-b019-f7aa1791654e"><Execution id="145dd157-4d5c-4c77-b10d-858343b78c66" /><TestMethod codeBase="C:\Users\dt-impact\ftsubs\mstest\kevin-montrose_Jil-8a5af0f\JilTests\bin\Debug\net452\JilTests.dll" adapterTypeName="executor://xunit/VsTestRunner2/desktop_and_uap" className="JilTests.SerializeTests" name="JilTests.SerializeTests.LessThan100" /></UnitTest><UnitTest name="JilTests.DeserializeTests.MalformedISO8601(dateString: &quot;\&quot;1999-W00\&quot;&quot;, expectedError: &quot;Expected week to be between 01 and 53&quot;)" storage="c:\users\dt-impact\ftsubs\mstest\kevin-montrose_jil-8a5af0f\jiltests\bin\debug\net452\jiltests.dll" id="1b4c2f92-66a6-492a-9312-e211b77b4e6b"><Execution id="e3ecf8dc-a716-408a-977c-dfbb701530f1" /><TestMethod codeBase="C:\Users\dt-impact\ftsubs\mstest\kevin-montrose_Jil-8a5af0f\JilTests\bin\Debug\net452\JilTests.dll" adapterTypeName="executor://xunit/VsTestRunner2/desktop_and_uap" className="JilTests.DeserializeTests" name="JilTests.DeserializeTests.MalformedISO8601(dateString: &quot;\&quot;1999-W00\&quot;&quot;, expectedError: &quot;Expected week to be between 01 and 53&quot;)" /></UnitTest><UnitTest name="JilTests.DeserializeTests.Issue19" storage="c:\users\dt-impact\ftsubs\mstest\kevin-montrose_jil-8a5af0f\jiltests\bin\debug\net452\jiltests.dll" id="05e36519-4584-4ccc-a807-0ff0099c933c"><Execution id="2bfb725e-9422-4096-89fb-d66e09cc8aea" /><TestMethod codeBase="C:\Users\dt-impact\ftsubs\mstest\kevin-montrose_Jil-8a5af0f\JilTests\bin\Debug\net452\JilTests.dll" adapterTypeName="executor://xunit/VsTestRunner2/desktop_and_uap" className="JilTests.DeserializeTests" name="JilTests.DeserializeTests.Issue19" /></UnitTest><UnitTest name="JilTests.DeserializeTests.IReadOnlyLists" storage="c:\users\dt-impact\ftsubs\mstest\kevin-montrose_jil-8a5af0f\jiltests\bin\debug\net452\jiltests.dll" id="7395a20c-0cb9-44d0-af3b-3a1fc68565b1"><Execution id="3d49dbef-269a-49a2-b505-ca10e81431d5" /><TestMethod codeBase="C:\Users\dt-impact\ftsubs\mstest\kevin-montrose_Jil-8a5af0f\JilTests\bin\Debug\net452\JilTests.dll" adapterTypeName="executor://xunit/VsTestRunner2/desktop_and_uap" className="JilTests.DeserializeTests" name="JilTests.DeserializeTests.IReadOnlyLists" /></UnitTest><UnitTest name="JilTests.DeserializeTests.AnonObjects" storage="c:\users\dt-impact\ftsubs\mstest\kevin-montrose_jil-8a5af0f\jiltests\bin\debug\net452\jiltests.dll" id="c486760a-962b-4086-996f-63a9a34d5ac8"><Execution id="d790cf46-14ec-4f51-bd33-c3b7a49c2bfc" /><TestMethod codeBase="C:\Users\dt-impact\ftsubs\mstest\kevin-montrose_Jil-8a5af0f\JilTests\bin\Debug\net452\JilTests.dll" adapterTypeName="executor://xunit/VsTestRunner2/desktop_and_uap" className="JilTests.DeserializeTests" name="JilTests.DeserializeTests.AnonObjects" /></UnitTest><UnitTest name="JilTests.DeserializeTests.EarlyStreamEnds" storage="c:\users\dt-impact\ftsubs\mstest\kevin-montrose_jil-8a5af0f\jiltests\bin\debug\net452\jiltests.dll" id="d331ac5f-98ca-4352-a0e3-f9b0d3f2b326"><Execution id="0b3bec18-5ec4-49f0-8f93-bf91950f72fe" /><TestMethod codeBase="C:\Users\dt-impact\ftsubs\mstest\kevin-montrose_Jil-8a5af0f\JilTests\bin\Debug\net452\JilTests.dll" adapterTypeName="executor://xunit/VsTestRunner2/desktop_and_uap" className="JilTests.DeserializeTests" name="JilTests.DeserializeTests.EarlyStreamEnds" /></UnitTest><UnitTest name="JilTests.DeserializeTests.MalformedISO8601(dateString: &quot;\&quot;1900-01-01T\&quot;&quot;, expectedError: &quot;ISO8601 time must begin with a 2 character hour&quot;)" storage="c:\users\dt-impact\ftsubs\mstest\kevin-montrose_jil-8a5af0f\jiltests\bin\debug\net452\jiltests.dll" id="448d3124-10fe-4a53-91b7-1588ff693f2a"><Execution id="2e042c70-6100-4bbe-ac23-ed861c7448f4" /><TestMethod codeBase="C:\Users\dt-impact\ftsubs\mstest\kevin-montrose_Jil-8a5af0f\JilTests\bin\Debug\net452\JilTests.dll" adapterTypeName="executor://xunit/VsTestRunner2/desktop_and_uap" className="JilTests.DeserializeTests" name="JilTests.DeserializeTests.MalformedISO8601(dateString: &quot;\&quot;1900-01-01T\&quot;&quot;, expectedError: &quot;ISO8601 time must begin with a 2 character hour&quot;)" /></UnitTest><UnitTest name="JilTests.SerializeTests.CharacterEncoding" storage="c:\users\dt-impact\ftsubs\mstest\kevin-montrose_jil-8a5af0f\jiltests\bin\debug\net452\jiltests.dll" id="1cd8ed80-9e27-4cca-9c49-de3a3cec8390"><Execution id="fe3e1d4b-b6ae-4a1f-bf78-fb49e1cc4670" /><TestMethod codeBase="C:\Users\dt-impact\ftsubs\mstest\kevin-montrose_Jil-8a5af0f\JilTests\bin\Debug\net452\JilTests.dll" adapterTypeName="executor://xunit/VsTestRunner2/desktop_and_uap" className="JilTests.SerializeTests" name="JilTests.SerializeTests.CharacterEncoding" /></UnitTest><UnitTest name="JilTests.DeserializeTests.Issue176" storage="c:\users\dt-impact\ftsubs\mstest\kevin-montrose_jil-8a5af0f\jiltests\bin\debug\net452\jiltests.dll" id="e175fb52-7c2c-4c5f-ab15-b1b7f7da81c4"><Execution id="d9e8468d-0b2a-4342-8f7e-8050a18535ca" /><TestMethod codeBase="C:\Users\dt-impact\ftsubs\mstest\kevin-montrose_Jil-8a5af0f\JilTests\bin\Debug\net452\JilTests.dll" adapterTypeName="executor://xunit/VsTestRunner2/desktop_and_uap" className="JilTests.DeserializeTests" name="JilTests.DeserializeTests.Issue176" /></UnitTest><UnitTest name="JilTests.SerializeTests.MicrosoftTimeSpans" storage="c:\users\dt-impact\ftsubs\mstest\kevin-montrose_jil-8a5af0f\jiltests\bin\debug\net452\jiltests.dll" id="63d36f51-771f-4c73-94ee-c977e1475061"><Execution id="373db666-d548-4a09-8b59-ebd6ce8a6e99" /><TestMethod codeBase="C:\Users\dt-impact\ftsubs\mstest\kevin-montrose_Jil-8a5af0f\JilTests\bin\Debug\net452\JilTests.dll" adapterTypeName="executor://xunit/VsTestRunner2/desktop_and_uap" className="JilTests.SerializeTests" name="JilTests.SerializeTests.MicrosoftTimeSpans" /></UnitTest><UnitTest name="JilTests.DeserializeDynamicTests.TimeSpans_ISO8601" storage="c:\users\dt-impact\ftsubs\mstest\kevin-montrose_jil-8a5af0f\jiltests\bin\debug\net452\jiltests.dll" id="d49c3405-8239-4772-9785-aeecb0469dc3"><Execution id="a13cfd28-5894-449f-a134-cf8bbd3a6f09" /><TestMethod codeBase="C:\Users\dt-impact\ftsubs\mstest\kevin-montrose_Jil-8a5af0f\JilTests\bin\Debug\net452\JilTests.dll" adapterTypeName="executor://xunit/VsTestRunner2/desktop_and_uap" className="JilTests.DeserializeDynamicTests" name="JilTests.DeserializeDynamicTests.TimeSpans_ISO8601" /></UnitTest><UnitTest name="JilTests.DeserializeDynamicTests.Nullables" storage="c:\users\dt-impact\ftsubs\mstest\kevin-montrose_jil-8a5af0f\jiltests\bin\debug\net452\jiltests.dll" id="545649ef-9303-4749-9dab-c97f54eb3a78"><Execution id="da8f3077-4b30-47db-bdb2-9f5975402be8" /><TestMethod codeBase="C:\Users\dt-impact\ftsubs\mstest\kevin-montrose_Jil-8a5af0f\JilTests\bin\Debug\net452\JilTests.dll" adapterTypeName="executor://xunit/VsTestRunner2/desktop_and_uap" className="JilTests.DeserializeDynamicTests" name="JilTests.DeserializeDynamicTests.Nullables" /></UnitTest><UnitTest name="JilTests.SerializeTests.FlagsEnumWithZero" storage="c:\users\dt-impact\ftsubs\mstest\kevin-montrose_jil-8a5af0f\jiltests\bin\debug\net452\jiltests.dll" id="5350b61f-467d-4a0b-8821-389dad02cac6"><Execution id="ed75ca68-4a5c-412f-9074-62a144d37498" /><TestMethod codeBase="C:\Users\dt-impact\ftsubs\mstest\kevin-montrose_Jil-8a5af0f\JilTests\bin\Debug\net452\JilTests.dll" adapterTypeName="executor://xunit/VsTestRunner2/desktop_and_uap" className="JilTests.SerializeTests" name="JilTests.SerializeTests.FlagsEnumWithZero" /></UnitTest><UnitTest name="JilTests.DeserializeDynamicTests.MillisecondDateTimes" storage="c:\users\dt-impact\ftsubs\mstest\kevin-montrose_jil-8a5af0f\jiltests\bin\debug\net452\jiltests.dll" id="dd4845f7-5d3f-4026-9247-d8295f6325ae"><Execution id="811278ba-71d1-404b-a8fd-018a5f0a84b4" /><TestMethod codeBase="C:\Users\dt-impact\ftsubs\mstest\kevin-montrose_Jil-8a5af0f\JilTests\bin\Debug\net452\JilTests.dll" adapterTypeName="executor://xunit/VsTestRunner2/desktop_and_uap" className="JilTests.DeserializeDynamicTests" name="JilTests.DeserializeDynamicTests.MillisecondDateTimes" /></UnitTest><UnitTest name="JilTests.DynamicSerializationTests.Issue230" storage="c:\users\dt-impact\ftsubs\mstest\kevin-montrose_jil-8a5af0f\jiltests\bin\debug\net452\jiltests.dll" id="42ad8f24-ae2f-41c8-b14f-e4f431ff0b7a"><Execution id="0ad8d67b-9ff6-412e-829e-b9b7380e67c5" /><TestMethod codeBase="C:\Users\dt-impact\ftsubs\mstest\kevin-montrose_Jil-8a5af0f\JilTests\bin\Debug\net452\JilTests.dll" adapterTypeName="executor://xunit/VsTestRunner2/desktop_and_uap" className="JilTests.DynamicSerializationTests" name="JilTests.DynamicSerializationTests.Issue230" /></UnitTest><UnitTest name="JilTests.BadlySpecifiedTypeTests.SerializeWriter" storage="c:\users\dt-impact\ftsubs\mstest\kevin-montrose_jil-8a5af0f\jiltests\bin\debug\net452\jiltests.dll" id="2e2c1eee-07fb-4162-bce8-35496a13bf26"><Execution id="0af22129-90f8-46c8-b308-d07c8380840b" /><TestMethod codeBase="C:\Users\dt-impact\ftsubs\mstest\kevin-montrose_Jil-8a5af0f\JilTests\bin\Debug\net452\JilTests.dll" adapterTypeName="executor://xunit/VsTestRunner2/desktop_and_uap" className="JilTests.BadlySpecifiedTypeTests" name="JilTests.BadlySpecifiedTypeTests.SerializeWriter" /></UnitTest><UnitTest name="JilTests.UtilsTests.PropertyFieldUsage" storage="c:\users\dt-impact\ftsubs\mstest\kevin-montrose_jil-8a5af0f\jiltests\bin\debug\net452\jiltests.dll" id="0e7c57f6-bf58-4db1-9fb1-13cffbb4e107"><Execution id="43c1d512-ae9d-4a13-ab5b-2fd552f9352d" /><TestMethod codeBase="C:\Users\dt-impact\ftsubs\mstest\kevin-montrose_Jil-8a5af0f\JilTests\bin\Debug\net452\JilTests.dll" adapterTypeName="executor://xunit/VsTestRunner2/desktop_and_uap" className="JilTests.UtilsTests" name="JilTests.UtilsTests.PropertyFieldUsage" /></UnitTest><UnitTest name="JilTests.SerializeTests.Issue159" storage="c:\users\dt-impact\ftsubs\mstest\kevin-montrose_jil-8a5af0f\jiltests\bin\debug\net452\jiltests.dll" id="8d9af8a8-46af-4a0f-a4fd-802b13f33d58"><Execution id="2418b246-2c8a-4a05-a060-586fdde6daff" /><TestMethod codeBase="C:\Users\dt-impact\ftsubs\mstest\kevin-montrose_Jil-8a5af0f\JilTests\bin\Debug\net452\JilTests.dll" adapterTypeName="executor://xunit/VsTestRunner2/desktop_and_uap" className="JilTests.SerializeTests" name="JilTests.SerializeTests.Issue159" /></UnitTest><UnitTest name="JilTests.DeserializeTests.IEnumerableMember" storage="c:\users\dt-impact\ftsubs\mstest\kevin-montrose_jil-8a5af0f\jiltests\bin\debug\net452\jiltests.dll" id="250ca19d-7c81-4a52-9334-6557fc1725c5"><Execution id="d6c03d30-e913-4a7a-85c0-b096e65b919d" /><TestMethod codeBase="C:\Users\dt-impact\ftsubs\mstest\kevin-montrose_Jil-8a5af0f\JilTests\bin\Debug\net452\JilTests.dll" adapterTypeName="executor://xunit/VsTestRunner2/desktop_and_uap" className="JilTests.DeserializeTests" name="JilTests.DeserializeTests.IEnumerableMember" /></UnitTest><UnitTest name="JilTests.DeserializeDynamicTests.DictionaryCoercion" storage="c:\users\dt-impact\ftsubs\mstest\kevin-montrose_jil-8a5af0f\jiltests\bin\debug\net452\jiltests.dll" id="631036ba-3e21-4b8d-b8cd-f5fb4ce27d1e"><Execution id="99850cb2-c610-4096-b26a-8763d8d21128" /><TestMethod codeBase="C:\Users\dt-impact\ftsubs\mstest\kevin-montrose_Jil-8a5af0f\JilTests\bin\Debug\net452\JilTests.dll" adapterTypeName="executor://xunit/VsTestRunner2/desktop_and_uap" className="JilTests.DeserializeDynamicTests" name="JilTests.DeserializeDynamicTests.DictionaryCoercion" /></UnitTest><UnitTest name="JilTests.SerializeTests.Issue231" storage="c:\users\dt-impact\ftsubs\mstest\kevin-montrose_jil-8a5af0f\jiltests\bin\debug\net452\jiltests.dll" id="b4a18e51-6bf1-4c40-8993-4784b25080ba"><Execution id="dcc82fef-3c80-46e2-966d-bf3d1599bf91" /><TestMethod codeBase="C:\Users\dt-impact\ftsubs\mstest\kevin-montrose_Jil-8a5af0f\JilTests\bin\Debug\net452\JilTests.dll" adapterTypeName="executor://xunit/VsTestRunner2/desktop_and_uap" className="JilTests.SerializeTests" name="JilTests.SerializeTests.Issue231" /></UnitTest><UnitTest name="JilTests.DeserializeTests.EmptyArrayWithSpace" storage="c:\users\dt-impact\ftsubs\mstest\kevin-montrose_jil-8a5af0f\jiltests\bin\debug\net452\jiltests.dll" id="3dfc8114-5d34-48b4-9553-c30c5117c800"><Execution id="b702856d-3cf4-481c-934b-deb1c5b84897" /><TestMethod codeBase="C:\Users\dt-impact\ftsubs\mstest\kevin-montrose_Jil-8a5af0f\JilTests\bin\Debug\net452\JilTests.dll" adapterTypeName="executor://xunit/VsTestRunner2/desktop_and_uap" className="JilTests.DeserializeTests" name="JilTests.DeserializeTests.EmptyArrayWithSpace" /></UnitTest><UnitTest name="JilTests.SerializeTests.IntegerDictionaryKeys" storage="c:\users\dt-impact\ftsubs\mstest\kevin-montrose_jil-8a5af0f\jiltests\bin\debug\net452\jiltests.dll" id="02160a7c-a9e6-460d-8f4c-afd0ce793b5c"><Execution id="549a02c3-8d26-44be-be29-a6564ec6ff4e" /><TestMethod codeBase="C:\Users\dt-impact\ftsubs\mstest\kevin-montrose_Jil-8a5af0f\JilTests\bin\Debug\net452\JilTests.dll" adapterTypeName="executor://xunit/VsTestRunner2/desktop_and_uap" className="JilTests.SerializeTests" name="JilTests.SerializeTests.IntegerDictionaryKeys" /></UnitTest><UnitTest name="JilTests.DeserializeTests.Lists" storage="c:\users\dt-impact\ftsubs\mstest\kevin-montrose_jil-8a5af0f\jiltests\bin\debug\net452\jiltests.dll" id="86333e89-d82b-4438-a2db-0212722fe619"><Execution id="f1e46d67-7e02-49bc-813e-b79a8352997d" /><TestMethod codeBase="C:\Users\dt-impact\ftsubs\mstest\kevin-montrose_Jil-8a5af0f\JilTests\bin\Debug\net452\JilTests.dll" adapterTypeName="executor://xunit/VsTestRunner2/desktop_and_uap" className="JilTests.DeserializeTests" name="JilTests.DeserializeTests.Lists" /></UnitTest><UnitTest name="JilTests.SerializeTests.IReadOnlyDictionary" storage="c:\users\dt-impact\ftsubs\mstest\kevin-montrose_jil-8a5af0f\jiltests\bin\debug\net452\jiltests.dll" id="d510b047-fdd0-4db5-91f5-09fa1bf94658"><Execution id="359b02c9-2258-436a-a248-13e6f711227a" /><TestMethod codeBase="C:\Users\dt-impact\ftsubs\mstest\kevin-montrose_Jil-8a5af0f\JilTests\bin\Debug\net452\JilTests.dll" adapterTypeName="executor://xunit/VsTestRunner2/desktop_and_uap" className="JilTests.SerializeTests" name="JilTests.SerializeTests.IReadOnlyDictionary" /></UnitTest><UnitTest name="JilTests.DeserializeTests.EnumMemberAttributeDefault" storage="c:\users\dt-impact\ftsubs\mstest\kevin-montrose_jil-8a5af0f\jiltests\bin\debug\net452\jiltests.dll" id="468f2e23-d539-45f7-b9bb-00b0eb0802d1"><Execution id="aba86be1-dc8f-4968-8f6d-00cc08731627" /><TestMethod codeBase="C:\Users\dt-impact\ftsubs\mstest\kevin-montrose_Jil-8a5af0f\JilTests\bin\Debug\net452\JilTests.dll" adapterTypeName="executor://xunit/VsTestRunner2/desktop_and_uap" className="JilTests.DeserializeTests" name="JilTests.DeserializeTests.EnumMemberAttributeDefault" /></UnitTest><UnitTest name="JilTests.SerializeTests.DictionaryEncoding" storage="c:\users\dt-impact\ftsubs\mstest\kevin-montrose_jil-8a5af0f\jiltests\bin\debug\net452\jiltests.dll" id="013ce11b-50a6-4d99-b201-21714ab060f0"><Execution id="104263b5-944a-4b6b-91b1-399e0abc24e3" /><TestMethod codeBase="C:\Users\dt-impact\ftsubs\mstest\kevin-montrose_Jil-8a5af0f\JilTests\bin\Debug\net452\JilTests.dll" adapterTypeName="executor://xunit/VsTestRunner2/desktop_and_uap" className="JilTests.SerializeTests" name="JilTests.SerializeTests.DictionaryEncoding" /></UnitTest><UnitTest name="JilTests.DeserializeTests.Issue235" storage="c:\users\dt-impact\ftsubs\mstest\kevin-montrose_jil-8a5af0f\jiltests\bin\debug\net452\jiltests.dll" id="ce9248e4-188f-403e-a90d-d4e3462c357e"><Execution id="62c33720-2cdb-4201-9171-207b9821b137" /><TestMethod codeBase="C:\Users\dt-impact\ftsubs\mstest\kevin-montrose_Jil-8a5af0f\JilTests\bin\Debug\net452\JilTests.dll" adapterTypeName="executor://xunit/VsTestRunner2/desktop_and_uap" className="JilTests.DeserializeTests" name="JilTests.DeserializeTests.Issue235" /></UnitTest><UnitTest name="JilTests.DeserializeTests.MalformedISO8601(dateString: &quot;\&quot;1900-999\&quot;&quot;, expectedError: &quot;Expected ordinal day to be between 001 and 366&quot;)" storage="c:\users\dt-impact\ftsubs\mstest\kevin-montrose_jil-8a5af0f\jiltests\bin\debug\net452\jiltests.dll" id="5cb26d87-db5b-4375-a712-e1634c0e8d36"><Execution id="9a17cb76-a0b8-42ea-b312-70495b302957" /><TestMethod codeBase="C:\Users\dt-impact\ftsubs\mstest\kevin-montrose_Jil-8a5af0f\JilTests\bin\Debug\net452\JilTests.dll" adapterTypeName="executor://xunit/VsTestRunner2/desktop_and_uap" className="JilTests.DeserializeTests" name="JilTests.DeserializeTests.MalformedISO8601(dateString: &quot;\&quot;1900-999\&quot;&quot;, expectedError: &quot;Expected ordinal day to be between 001 and 366&quot;)" /></UnitTest><UnitTest name="JilTests.SerializeTests.Properties" storage="c:\users\dt-impact\ftsubs\mstest\kevin-montrose_jil-8a5af0f\jiltests\bin\debug\net452\jiltests.dll" id="0e886fc1-8c5f-418f-ad5b-a0b4c9b1407c"><Execution id="0ca7a1fa-1955-4fe7-99c8-02f892e63901" /><TestMethod codeBase="C:\Users\dt-impact\ftsubs\mstest\kevin-montrose_Jil-8a5af0f\JilTests\bin\Debug\net452\JilTests.dll" adapterTypeName="executor://xunit/VsTestRunner2/desktop_and_uap" className="JilTests.SerializeTests" name="JilTests.SerializeTests.Properties" /></UnitTest><UnitTest name="JilTests.DeserializeTests.MalformedISO8601(dateString: &quot;\&quot;1999W010\&quot;&quot;, expectedError: &quot;Expected day to be a digit between 1 and 7&quot;)" storage="c:\users\dt-impact\ftsubs\mstest\kevin-montrose_jil-8a5af0f\jiltests\bin\debug\net452\jiltests.dll" id="9be5a5ee-be82-4d08-97a2-d832cc909baa"><Execution id="b2543be2-4005-4f27-b18c-90022f06e32b" /><TestMethod codeBase="C:\Users\dt-impact\ftsubs\mstest\kevin-montrose_Jil-8a5af0f\JilTests\bin\Debug\net452\JilTests.dll" adapterTypeName="executor://xunit/VsTestRunner2/desktop_and_uap" className="JilTests.DeserializeTests" name="JilTests.DeserializeTests.MalformedISO8601(dateString: &quot;\&quot;1999W010\&quot;&quot;, expectedError: &quot;Expected day to be a digit between 1 and 7&quot;)" /></UnitTest><UnitTest name="JilTests.UtilsTests.FindReusedTypes_ListList" storage="c:\users\dt-impact\ftsubs\mstest\kevin-montrose_jil-8a5af0f\jiltests\bin\debug\net452\jiltests.dll" id="3006e2d4-d5bd-4c25-a1d2-5f4e9660b914"><Execution id="ff71f69b-74ee-4b3f-8d7a-003b0c127fca" /><TestMethod codeBase="C:\Users\dt-impact\ftsubs\mstest\kevin-montrose_Jil-8a5af0f\JilTests\bin\Debug\net452\JilTests.dll" adapterTypeName="executor://xunit/VsTestRunner2/desktop_and_uap" className="JilTests.UtilsTests" name="JilTests.UtilsTests.FindReusedTypes_ListList" /></UnitTest><UnitTest name="JilTests.DeserializeTests.ExpectedEndOfStream" storage="c:\users\dt-impact\ftsubs\mstest\kevin-montrose_jil-8a5af0f\jiltests\bin\debug\net452\jiltests.dll" id="25929a93-810a-43c4-8a12-58abdc2f35dc"><Execution id="6b521df1-0e2a-4354-ae25-300270669e2b" /><TestMethod codeBase="C:\Users\dt-impact\ftsubs\mstest\kevin-montrose_Jil-8a5af0f\JilTests\bin\Debug\net452\JilTests.dll" adapterTypeName="executor://xunit/VsTestRunner2/desktop_and_uap" className="JilTests.DeserializeTests" name="JilTests.DeserializeTests.ExpectedEndOfStream" /></UnitTest><UnitTest name="JilTests.DeserializeDynamicTests.Or" storage="c:\users\dt-impact\ftsubs\mstest\kevin-montrose_jil-8a5af0f\jiltests\bin\debug\net452\jiltests.dll" id="f0236ade-a880-4597-984f-31d7664f0b3f"><Execution id="071eeb3c-6e69-4dc9-9ffc-61d0ba8a967d" /><TestMethod codeBase="C:\Users\dt-impact\ftsubs\mstest\kevin-montrose_Jil-8a5af0f\JilTests\bin\Debug\net452\JilTests.dll" adapterTypeName="executor://xunit/VsTestRunner2/desktop_and_uap" className="JilTests.DeserializeDynamicTests" name="JilTests.DeserializeDynamicTests.Or" /></UnitTest><UnitTest name="JilTests.SerializeTests.Issue147" storage="c:\users\dt-impact\ftsubs\mstest\kevin-montrose_jil-8a5af0f\jiltests\bin\debug\net452\jiltests.dll" id="cc961938-b98b-4fc6-9891-244e6505f24e"><Execution id="dbed5b31-41c6-49cb-8fdd-27c0d417c4d1" /><TestMethod codeBase="C:\Users\dt-impact\ftsubs\mstest\kevin-montrose_Jil-8a5af0f\JilTests\bin\Debug\net452\JilTests.dll" adapterTypeName="executor://xunit/VsTestRunner2/desktop_and_uap" className="JilTests.SerializeTests" name="JilTests.SerializeTests.Issue147" /></UnitTest><UnitTest name="JilTests.DynamicSerializationTests.DynamicObject" storage="c:\users\dt-impact\ftsubs\mstest\kevin-montrose_jil-8a5af0f\jiltests\bin\debug\net452\jiltests.dll" id="184994f0-a737-4858-a0db-d672e1896ae5"><Execution id="d7a21973-93da-48b8-9f53-2603ce50c392" /><TestMethod codeBase="C:\Users\dt-impact\ftsubs\mstest\kevin-montrose_Jil-8a5af0f\JilTests\bin\Debug\net452\JilTests.dll" adapterTypeName="executor://xunit/VsTestRunner2/desktop_and_uap" className="JilTests.DynamicSerializationTests" name="JilTests.DynamicSerializationTests.DynamicObject" /></UnitTest><UnitTest name="JilTests.SerializeTests.Issue270" storage="c:\users\dt-impact\ftsubs\mstest\kevin-montrose_jil-8a5af0f\jiltests\bin\debug\net452\jiltests.dll" id="803ba899-53a3-4b52-ad42-bb0d71a9fab0"><Execution id="5bb400d9-408c-4e21-8020-a31cf36c678d" /><TestMethod codeBase="C:\Users\dt-impact\ftsubs\mstest\kevin-montrose_Jil-8a5af0f\JilTests\bin\Debug\net452\JilTests.dll" adapterTypeName="executor://xunit/VsTestRunner2/desktop_and_uap" className="JilTests.SerializeTests" name="JilTests.SerializeTests.Issue270" /></UnitTest><UnitTest name="JilTests.DeserializeTests.InfoFailure" storage="c:\users\dt-impact\ftsubs\mstest\kevin-montrose_jil-8a5af0f\jiltests\bin\debug\net452\jiltests.dll" id="4c3c9c34-570d-4d07-8702-7a72b9a19304"><Execution id="8dd58973-6ed0-43f2-a682-68f41c504c73" /><TestMethod codeBase="C:\Users\dt-impact\ftsubs\mstest\kevin-montrose_Jil-8a5af0f\JilTests\bin\Debug\net452\JilTests.dll" adapterTypeName="executor://xunit/VsTestRunner2/desktop_and_uap" className="JilTests.DeserializeTests" name="JilTests.DeserializeTests.InfoFailure" /></UnitTest><UnitTest name="JilTests.DeserializeTests.Issue270" storage="c:\users\dt-impact\ftsubs\mstest\kevin-montrose_jil-8a5af0f\jiltests\bin\debug\net452\jiltests.dll" id="1e354849-888d-43a2-a659-e8baab3ccbf3"><Execution id="07193c75-e966-4995-a25f-20b45dda63e3" /><TestMethod codeBase="C:\Users\dt-impact\ftsubs\mstest\kevin-montrose_Jil-8a5af0f\JilTests\bin\Debug\net452\JilTests.dll" adapterTypeName="executor://xunit/VsTestRunner2/desktop_and_uap" className="JilTests.DeserializeTests" name="JilTests.DeserializeTests.Issue270" /></UnitTest><UnitTest name="JilTests.DynamicSerializationTests.Issue158" storage="c:\users\dt-impact\ftsubs\mstest\kevin-montrose_jil-8a5af0f\jiltests\bin\debug\net452\jiltests.dll" id="0002ae38-5938-47ba-a644-c7694b00ff71"><Execution id="e284195e-43a6-46b1-8fce-da008a88da3b" /><TestMethod codeBase="C:\Users\dt-impact\ftsubs\mstest\kevin-montrose_Jil-8a5af0f\JilTests\bin\Debug\net452\JilTests.dll" adapterTypeName="executor://xunit/VsTestRunner2/desktop_and_uap" className="JilTests.DynamicSerializationTests" name="JilTests.DynamicSerializationTests.Issue158" /></UnitTest><UnitTest name="JilTests.SerializeTests.DataMemberName" storage="c:\users\dt-impact\ftsubs\mstest\kevin-montrose_jil-8a5af0f\jiltests\bin\debug\net452\jiltests.dll" id="034d5159-c6de-42e9-ad5b-bd3e543911c9"><Execution id="274fa892-2183-4663-bd38-30b87f416b14" /><TestMethod codeBase="C:\Users\dt-impact\ftsubs\mstest\kevin-montrose_Jil-8a5af0f\JilTests\bin\Debug\net452\JilTests.dll" adapterTypeName="executor://xunit/VsTestRunner2/desktop_and_uap" className="JilTests.SerializeTests" name="JilTests.SerializeTests.DataMemberName" /></UnitTest><UnitTest name="JilTests.SerializeTests.Issue238" storage="c:\users\dt-impact\ftsubs\mstest\kevin-montrose_jil-8a5af0f\jiltests\bin\debug\net452\jiltests.dll" id="f750cdbe-0fac-408f-8460-c823dfbba740"><Execution id="4bfe09c0-b95c-436a-8678-05d6c157a24d" /><TestMethod codeBase="C:\Users\dt-impact\ftsubs\mstest\kevin-montrose_Jil-8a5af0f\JilTests\bin\Debug\net452\JilTests.dll" adapterTypeName="executor://xunit/VsTestRunner2/desktop_and_uap" className="JilTests.SerializeTests" name="JilTests.SerializeTests.Issue238" /></UnitTest><UnitTest name="JilTests.DeserializeTests.DictionaryEnumKeys" storage="c:\users\dt-impact\ftsubs\mstest\kevin-montrose_jil-8a5af0f\jiltests\bin\debug\net452\jiltests.dll" id="abf38161-6c81-4db0-a717-77249e00020b"><Execution id="18d40cd1-75e6-4ea2-8bc4-772f94792529" /><TestMethod codeBase="C:\Users\dt-impact\ftsubs\mstest\kevin-montrose_Jil-8a5af0f\JilTests\bin\Debug\net452\JilTests.dll" adapterTypeName="executor://xunit/VsTestRunner2/desktop_and_uap" className="JilTests.DeserializeTests" name="JilTests.DeserializeTests.DictionaryEnumKeys" /></UnitTest><UnitTest name="JilTests.SerializeTests.MillsecondsTimeSpans" storage="c:\users\dt-impact\ftsubs\mstest\kevin-montrose_jil-8a5af0f\jiltests\bin\debug\net452\jiltests.dll" id="79579120-5dae-46d6-a0f2-44168c663a33"><Execution id="6e0acbcd-7b74-4f8f-ae6f-ec2debcb97a2" /><TestMethod codeBase="C:\Users\dt-impact\ftsubs\mstest\kevin-montrose_Jil-8a5af0f\JilTests\bin\Debug\net452\JilTests.dll" adapterTypeName="executor://xunit/VsTestRunner2/desktop_and_uap" className="JilTests.SerializeTests" name="JilTests.SerializeTests.MillsecondsTimeSpans" /></UnitTest><UnitTest name="JilTests.DeserializeDynamicTests.DynamicTypeConverter" storage="c:\users\dt-impact\ftsubs\mstest\kevin-montrose_jil-8a5af0f\jiltests\bin\debug\net452\jiltests.dll" id="b48517bd-6b50-4936-b50b-50bc46ac5402"><Execution id="45186ad9-9a32-4040-886b-0951dc3b751b" /><TestMethod codeBase="C:\Users\dt-impact\ftsubs\mstest\kevin-montrose_Jil-8a5af0f\JilTests\bin\Debug\net452\JilTests.dll" adapterTypeName="executor://xunit/VsTestRunner2/desktop_and_uap" className="JilTests.DeserializeDynamicTests" name="JilTests.DeserializeDynamicTests.DynamicTypeConverter" /></UnitTest><UnitTest name="JilTests.SerializeTests.CyclicalValueTypes" storage="c:\users\dt-impact\ftsubs\mstest\kevin-montrose_jil-8a5af0f\jiltests\bin\debug\net452\jiltests.dll" id="4abc3550-b2c4-4501-801f-5d948222ce4a"><Execution id="e279032d-5cf5-4eed-b2a4-85ae47b78d7b" /><TestMethod codeBase="C:\Users\dt-impact\ftsubs\mstest\kevin-montrose_Jil-8a5af0f\JilTests\bin\Debug\net452\JilTests.dll" adapterTypeName="executor://xunit/VsTestRunner2/desktop_and_uap" className="JilTests.SerializeTests" name="JilTests.SerializeTests.CyclicalValueTypes" /></UnitTest><UnitTest name="JilTests.DeserializeTests.NoNameDataMember" storage="c:\users\dt-impact\ftsubs\mstest\kevin-montrose_jil-8a5af0f\jiltests\bin\debug\net452\jiltests.dll" id="222bd388-f5f6-4c57-b3e3-d2303ee5ddd4"><Execution id="d6a5cb01-e980-4ebe-ad3f-6f64a544491d" /><TestMethod codeBase="C:\Users\dt-impact\ftsubs\mstest\kevin-montrose_Jil-8a5af0f\JilTests\bin\Debug\net452\JilTests.dll" adapterTypeName="executor://xunit/VsTestRunner2/desktop_and_uap" className="JilTests.DeserializeTests" name="JilTests.DeserializeTests.NoNameDataMember" /></UnitTest><UnitTest name="JilTests.DeserializeDynamicTests.Subtract" storage="c:\users\dt-impact\ftsubs\mstest\kevin-montrose_jil-8a5af0f\jiltests\bin\debug\net452\jiltests.dll" id="bbe5e0d3-afa7-49e9-984e-128592f48982"><Execution id="9393836f-8493-4443-a2fe-50febdd9aa84" /><TestMethod codeBase="C:\Users\dt-impact\ftsubs\mstest\kevin-montrose_Jil-8a5af0f\JilTests\bin\Debug\net452\JilTests.dll" adapterTypeName="executor://xunit/VsTestRunner2/desktop_and_uap" className="JilTests.DeserializeDynamicTests" name="JilTests.DeserializeDynamicTests.Subtract" /></UnitTest><UnitTest name="JilTests.BadlySpecifiedTypeTests.DeserializeString" storage="c:\users\dt-impact\ftsubs\mstest\kevin-montrose_jil-8a5af0f\jiltests\bin\debug\net452\jiltests.dll" id="bab2314a-ec53-4354-a7c0-8f64bad9d879"><Execution id="3bc1e797-e99f-4c72-b43b-c91725da5b16" /><TestMethod codeBase="C:\Users\dt-impact\ftsubs\mstest\kevin-montrose_Jil-8a5af0f\JilTests\bin\Debug\net452\JilTests.dll" adapterTypeName="executor://xunit/VsTestRunner2/desktop_and_uap" className="JilTests.BadlySpecifiedTypeTests" name="JilTests.BadlySpecifiedTypeTests.DeserializeString" /></UnitTest><UnitTest name="JilTests.DeserializeDynamicTests.Issue117(input: &quot;-1.&quot;, expectedError: &quot;Expected digit&quot;)" storage="c:\users\dt-impact\ftsubs\mstest\kevin-montrose_jil-8a5af0f\jiltests\bin\debug\net452\jiltests.dll" id="3cb3f473-5708-4881-a5e9-64bd772ec52d"><Execution id="edd7e62b-e86e-42df-85f2-d0f2f35dfeec" /><TestMethod codeBase="C:\Users\dt-impact\ftsubs\mstest\kevin-montrose_Jil-8a5af0f\JilTests\bin\Debug\net452\JilTests.dll" adapterTypeName="executor://xunit/VsTestRunner2/desktop_and_uap" className="JilTests.DeserializeDynamicTests" name="JilTests.DeserializeDynamicTests.Issue117(input: &quot;-1.&quot;, expectedError: &quot;Expected digit&quot;)" /></UnitTest><UnitTest name="JilTests.SerializeTests.Issue176" storage="c:\users\dt-impact\ftsubs\mstest\kevin-montrose_jil-8a5af0f\jiltests\bin\debug\net452\jiltests.dll" id="05efba4c-0344-4aca-8481-34fc3789847a"><Execution id="5046cbd0-b96d-4954-9dda-3e9ca63bdc77" /><TestMethod codeBase="C:\Users\dt-impact\ftsubs\mstest\kevin-montrose_Jil-8a5af0f\JilTests\bin\Debug\net452\JilTests.dll" adapterTypeName="executor://xunit/VsTestRunner2/desktop_and_uap" className="JilTests.SerializeTests" name="JilTests.SerializeTests.Issue176" /></UnitTest><UnitTest name="JilTests.DeserializeTests.IReadOnlyDictionaryEnumKeys" storage="c:\users\dt-impact\ftsubs\mstest\kevin-montrose_jil-8a5af0f\jiltests\bin\debug\net452\jiltests.dll" id="a78c2cfa-af7d-42b9-b56e-1e03dc7f3ddb"><Execution id="83cf96f4-0aaa-435d-ab6d-1d3f06780fac" /><TestMethod codeBase="C:\Users\dt-impact\ftsubs\mstest\kevin-montrose_Jil-8a5af0f\JilTests\bin\Debug\net452\JilTests.dll" adapterTypeName="executor://xunit/VsTestRunner2/desktop_and_uap" className="JilTests.DeserializeTests" name="JilTests.DeserializeTests.IReadOnlyDictionaryEnumKeys" /></UnitTest><UnitTest name="JilTests.DeserializeTests.Zeros" storage="c:\users\dt-impact\ftsubs\mstest\kevin-montrose_jil-8a5af0f\jiltests\bin\debug\net452\jiltests.dll" id="3252f2aa-b0bb-41ea-bdad-747886803662"><Execution id="f83c2cf2-213a-47d1-a347-7987691d8616" /><TestMethod codeBase="C:\Users\dt-impact\ftsubs\mstest\kevin-montrose_Jil-8a5af0f\JilTests\bin\Debug\net452\JilTests.dll" adapterTypeName="executor://xunit/VsTestRunner2/desktop_and_uap" className="JilTests.DeserializeTests" name="JilTests.DeserializeTests.Zeros" /></UnitTest><UnitTest name="JilTests.DeserializeTests.PrivateConstructor_Object" storage="c:\users\dt-impact\ftsubs\mstest\kevin-montrose_jil-8a5af0f\jiltests\bin\debug\net452\jiltests.dll" id="79de9aab-ab6d-4520-9d4a-0c700b04fe5b"><Execution id="f89d34e8-dd54-4450-93ab-32e6f164b759" /><TestMethod codeBase="C:\Users\dt-impact\ftsubs\mstest\kevin-montrose_Jil-8a5af0f\JilTests\bin\Debug\net452\JilTests.dll" adapterTypeName="executor://xunit/VsTestRunner2/desktop_and_uap" className="JilTests.DeserializeTests" name="JilTests.DeserializeTests.PrivateConstructor_Object" /></UnitTest><UnitTest name="JilTests.DeserializeTests.ParseISO8601" storage="c:\users\dt-impact\ftsubs\mstest\kevin-montrose_jil-8a5af0f\jiltests\bin\debug\net452\jiltests.dll" id="96e21a51-7cb5-42fb-afc8-d1690d92f744"><Execution id="8b65c40b-acf0-400d-9e62-77dec84a0688" /><TestMethod codeBase="C:\Users\dt-impact\ftsubs\mstest\kevin-montrose_Jil-8a5af0f\JilTests\bin\Debug\net452\JilTests.dll" adapterTypeName="executor://xunit/VsTestRunner2/desktop_and_uap" className="JilTests.DeserializeTests" name="JilTests.DeserializeTests.ParseISO8601" /></UnitTest><UnitTest name="JilTests.DynamicSerializationTests.Issue200" storage="c:\users\dt-impact\ftsubs\mstest\kevin-montrose_jil-8a5af0f\jiltests\bin\debug\net452\jiltests.dll" id="5db498c4-dbd4-4cce-8b8a-d10c1e6be9ff"><Execution id="b2443456-baee-4ae2-95be-55d7c7c3dcb2" /><TestMethod codeBase="C:\Users\dt-impact\ftsubs\mstest\kevin-montrose_Jil-8a5af0f\JilTests\bin\Debug\net452\JilTests.dll" adapterTypeName="executor://xunit/VsTestRunner2/desktop_and_uap" className="JilTests.DynamicSerializationTests" name="JilTests.DynamicSerializationTests.Issue200" /></UnitTest><UnitTest name="JilTests.SerializeTests.DiscriminantUnionsWithUnionType" storage="c:\users\dt-impact\ftsubs\mstest\kevin-montrose_jil-8a5af0f\jiltests\bin\debug\net452\jiltests.dll" id="f7fb8a51-c961-4f19-99b3-c511584a2a6e"><Execution id="8b6698b8-4a41-4db4-9cc6-43afbc831d76" /><TestMethod codeBase="C:\Users\dt-impact\ftsubs\mstest\kevin-montrose_Jil-8a5af0f\JilTests\bin\Debug\net452\JilTests.dll" adapterTypeName="executor://xunit/VsTestRunner2/desktop_and_uap" className="JilTests.SerializeTests" name="JilTests.SerializeTests.DiscriminantUnionsWithUnionType" /></UnitTest><UnitTest name="JilTests.DeserializeTests.UnionTypeMisconfiguration" storage="c:\users\dt-impact\ftsubs\mstest\kevin-montrose_jil-8a5af0f\jiltests\bin\debug\net452\jiltests.dll" id="703a9626-751f-4821-9709-9da9f4cfb7f0"><Execution id="183076fb-ef37-49e6-9527-e2531b78817a" /><TestMethod codeBase="C:\Users\dt-impact\ftsubs\mstest\kevin-montrose_Jil-8a5af0f\JilTests\bin\Debug\net452\JilTests.dll" adapterTypeName="executor://xunit/VsTestRunner2/desktop_and_uap" className="JilTests.DeserializeTests" name="JilTests.DeserializeTests.UnionTypeMisconfiguration" /></UnitTest><UnitTest name="JilTests.SerializeTests.RFC1123TimeSpans" storage="c:\users\dt-impact\ftsubs\mstest\kevin-montrose_jil-8a5af0f\jiltests\bin\debug\net452\jiltests.dll" id="407a9c15-a8d5-4059-b1b0-143dfbe16075"><Execution id="3c10e9cb-28b5-49ec-99ca-799ec62a34ff" /><TestMethod codeBase="C:\Users\dt-impact\ftsubs\mstest\kevin-montrose_Jil-8a5af0f\JilTests\bin\Debug\net452\JilTests.dll" adapterTypeName="executor://xunit/VsTestRunner2/desktop_and_uap" className="JilTests.SerializeTests" name="JilTests.SerializeTests.RFC1123TimeSpans" /></UnitTest><UnitTest name="JilTests.DynamicSerializationTests.PersonElasticMigration" storage="c:\users\dt-impact\ftsubs\mstest\kevin-montrose_jil-8a5af0f\jiltests\bin\debug\net452\jiltests.dll" id="1f12f1bc-b309-429e-9419-ea5f7236337b"><Execution id="7db9a7cd-e51c-4ae1-bb8b-a244543e8e1a" /><TestMethod codeBase="C:\Users\dt-impact\ftsubs\mstest\kevin-montrose_Jil-8a5af0f\JilTests\bin\Debug\net452\JilTests.dll" adapterTypeName="executor://xunit/VsTestRunner2/desktop_and_uap" className="JilTests.DynamicSerializationTests" name="JilTests.DynamicSerializationTests.PersonElasticMigration" /></UnitTest><UnitTest name="JilTests.UtilsTests.FindRecursiveTypes_ListList" storage="c:\users\dt-impact\ftsubs\mstest\kevin-montrose_jil-8a5af0f\jiltests\bin\debug\net452\jiltests.dll" id="1028773a-8f63-4e40-a871-29ea77372222"><Execution id="5b301f52-55b5-4e98-9e17-20318010a690" /><TestMethod codeBase="C:\Users\dt-impact\ftsubs\mstest\kevin-montrose_Jil-8a5af0f\JilTests\bin\Debug\net452\JilTests.dll" adapterTypeName="executor://xunit/VsTestRunner2/desktop_and_uap" className="JilTests.UtilsTests" name="JilTests.UtilsTests.FindRecursiveTypes_ListList" /></UnitTest><UnitTest name="JilTests.SerializeTests.Issue257" storage="c:\users\dt-impact\ftsubs\mstest\kevin-montrose_jil-8a5af0f\jiltests\bin\debug\net452\jiltests.dll" id="8c2149d6-6439-4ded-96c0-3c98ec3db7c0"><Execution id="f8518104-0842-4592-95ae-eea909eb7df9" /><TestMethod codeBase="C:\Users\dt-impact\ftsubs\mstest\kevin-montrose_Jil-8a5af0f\JilTests\bin\Debug\net452\JilTests.dll" adapterTypeName="executor://xunit/VsTestRunner2/desktop_and_uap" className="JilTests.SerializeTests" name="JilTests.SerializeTests.Issue257" /></UnitTest><UnitTest name="JilTests.DeserializeTests.Floats" storage="c:\users\dt-impact\ftsubs\mstest\kevin-montrose_jil-8a5af0f\jiltests\bin\debug\net452\jiltests.dll" id="103c7f62-602c-4c7b-8b71-37ea2bc932d2"><Execution id="a42b330a-787f-41b1-9d81-8c796a169206" /><TestMethod codeBase="C:\Users\dt-impact\ftsubs\mstest\kevin-montrose_Jil-8a5af0f\JilTests\bin\Debug\net452\JilTests.dll" adapterTypeName="executor://xunit/VsTestRunner2/desktop_and_uap" className="JilTests.DeserializeTests" name="JilTests.DeserializeTests.Floats" /></UnitTest><UnitTest name="JilTests.DeserializeDynamicTests.UnaryPlus" storage="c:\users\dt-impact\ftsubs\mstest\kevin-montrose_jil-8a5af0f\jiltests\bin\debug\net452\jiltests.dll" id="225b44ae-8f47-4954-8e0b-afea2aa4a9a6"><Execution id="5a822195-deee-4d40-80a6-f0beed3e3916" /><TestMethod codeBase="C:\Users\dt-impact\ftsubs\mstest\kevin-montrose_Jil-8a5af0f\JilTests\bin\Debug\net452\JilTests.dll" adapterTypeName="executor://xunit/VsTestRunner2/desktop_and_uap" className="JilTests.DeserializeDynamicTests" name="JilTests.DeserializeDynamicTests.UnaryPlus" /></UnitTest><UnitTest name="JilTests.SerializeTests.StringsAndChars" storage="c:\users\dt-impact\ftsubs\mstest\kevin-montrose_jil-8a5af0f\jiltests\bin\debug\net452\jiltests.dll" id="4bf0750b-4fdb-4b59-96b2-a195cad1625d"><Execution id="a51856bf-3b18-48b0-896b-eae2cd746eb4" /><TestMethod codeBase="C:\Users\dt-impact\ftsubs\mstest\kevin-montrose_Jil-8a5af0f\JilTests\bin\Debug\net452\JilTests.dll" adapterTypeName="executor://xunit/VsTestRunner2/desktop_and_uap" className="JilTests.SerializeTests" name="JilTests.SerializeTests.StringsAndChars" /></UnitTest><UnitTest name="JilTests.DeserializeTests.MicrosoftDateTimesWithTimeZones" storage="c:\users\dt-impact\ftsubs\mstest\kevin-montrose_jil-8a5af0f\jiltests\bin\debug\net452\jiltests.dll" id="672d70d2-e818-490d-bf9a-f0addd884304"><Execution id="e502d796-d37d-4ce5-a25c-ee946b942d98" /><TestMethod codeBase="C:\Users\dt-impact\ftsubs\mstest\kevin-montrose_Jil-8a5af0f\JilTests\bin\Debug\net452\JilTests.dll" adapterTypeName="executor://xunit/VsTestRunner2/desktop_and_uap" className="JilTests.DeserializeTests" name="JilTests.DeserializeTests.MicrosoftDateTimesWithTimeZones" /></UnitTest><UnitTest name="JilTests.DeserializeTests.MalformedISO8601(dateString: &quot;\&quot;1999W1\&quot;&quot;, expectedError: &quot;Unexpected date string length&quot;)" storage="c:\users\dt-impact\ftsubs\mstest\kevin-montrose_jil-8a5af0f\jiltests\bin\debug\net452\jiltests.dll" id="03cf2f41-a694-47c5-b9bb-16c8d1f5dce0"><Execution id="e0f2d395-3921-437c-9cad-f3b2e3976f94" /><TestMethod codeBase="C:\Users\dt-impact\ftsubs\mstest\kevin-montrose_Jil-8a5af0f\JilTests\bin\Debug\net452\JilTests.dll" adapterTypeName="executor://xunit/VsTestRunner2/desktop_and_uap" className="JilTests.DeserializeTests" name="JilTests.DeserializeTests.MalformedISO8601(dateString: &quot;\&quot;1999W1\&quot;&quot;, expectedError: &quot;Unexpected date string length&quot;)" /></UnitTest><UnitTest name="JilTests.DeserializeTests.Issue43" storage="c:\users\dt-impact\ftsubs\mstest\kevin-montrose_jil-8a5af0f\jiltests\bin\debug\net452\jiltests.dll" id="c121374c-914c-4adb-ad97-ba1cf54b1d07"><Execution id="b671593d-cb32-4a45-a9ef-85a5a6ef38f6" /><TestMethod codeBase="C:\Users\dt-impact\ftsubs\mstest\kevin-montrose_Jil-8a5af0f\JilTests\bin\Debug\net452\JilTests.dll" adapterTypeName="executor://xunit/VsTestRunner2/desktop_and_uap" className="JilTests.DeserializeTests" name="JilTests.DeserializeTests.Issue43" /></UnitTest><UnitTest name="JilTests.DeserializeTests.MalformedISO8601(dateString: &quot;\&quot;1999-13\&quot;&quot;, expectedError: &quot;Expected month to be between 01 and 12&quot;)" storage="c:\users\dt-impact\ftsubs\mstest\kevin-montrose_jil-8a5af0f\jiltests\bin\debug\net452\jiltests.dll" id="8b280018-74fe-4e6e-bdc3-55ea0d68ea20"><Execution id="b2a62881-8431-4c3e-884d-f5a28e946397" /><TestMethod codeBase="C:\Users\dt-impact\ftsubs\mstest\kevin-montrose_Jil-8a5af0f\JilTests\bin\Debug\net452\JilTests.dll" adapterTypeName="executor://xunit/VsTestRunner2/desktop_and_uap" className="JilTests.DeserializeTests" name="JilTests.DeserializeTests.MalformedISO8601(dateString: &quot;\&quot;1999-13\&quot;&quot;, expectedError: &quot;Expected month to be between 01 and 12&quot;)" /></UnitTest><UnitTest name="JilTests.DeserializeTests.EnumEscapes" storage="c:\users\dt-impact\ftsubs\mstest\kevin-montrose_jil-8a5af0f\jiltests\bin\debug\net452\jiltests.dll" id="bd0c5c48-ca01-4376-ab88-81edf589f46d"><Execution id="d0967dbb-0404-456f-8f54-927005d0263f" /><TestMethod codeBase="C:\Users\dt-impact\ftsubs\mstest\kevin-montrose_Jil-8a5af0f\JilTests\bin\Debug\net452\JilTests.dll" adapterTypeName="executor://xunit/VsTestRunner2/desktop_and_uap" className="JilTests.DeserializeTests" name="JilTests.DeserializeTests.EnumEscapes" /></UnitTest><UnitTest name="JilTests.SerializeTests.ExcludeNulls" storage="c:\users\dt-impact\ftsubs\mstest\kevin-montrose_jil-8a5af0f\jiltests\bin\debug\net452\jiltests.dll" id="d537d471-9125-45b1-a096-e124f1b930b4"><Execution id="a427d94a-bf6d-4a5a-abea-71e54608a25a" /><TestMethod codeBase="C:\Users\dt-impact\ftsubs\mstest\kevin-montrose_Jil-8a5af0f\JilTests\bin\Debug\net452\JilTests.dll" adapterTypeName="executor://xunit/VsTestRunner2/desktop_and_uap" className="JilTests.SerializeTests" name="JilTests.SerializeTests.ExcludeNulls" /></UnitTest><UnitTest name="JilTests.SerializeTests.BadPrimitiveWrapper" storage="c:\users\dt-impact\ftsubs\mstest\kevin-montrose_jil-8a5af0f\jiltests\bin\debug\net452\jiltests.dll" id="900281b0-e503-4f23-a5ac-8b14e796903e"><Execution id="3bcf9d1f-f5b6-4ba0-8b1f-ffed6f70b6a1" /><TestMethod codeBase="C:\Users\dt-impact\ftsubs\mstest\kevin-montrose_Jil-8a5af0f\JilTests\bin\Debug\net452\JilTests.dll" adapterTypeName="executor://xunit/VsTestRunner2/desktop_and_uap" className="JilTests.SerializeTests" name="JilTests.SerializeTests.BadPrimitiveWrapper" /></UnitTest><UnitTest name="JilTests.DynamicSerializationTests.SecondsTimeSpans" storage="c:\users\dt-impact\ftsubs\mstest\kevin-montrose_jil-8a5af0f\jiltests\bin\debug\net452\jiltests.dll" id="5fc3970d-e202-4164-95b1-34b37d45aa94"><Execution id="36cae4dd-a580-4c20-8607-c1a995f9f704" /><TestMethod codeBase="C:\Users\dt-impact\ftsubs\mstest\kevin-montrose_Jil-8a5af0f\JilTests\bin\Debug\net452\JilTests.dll" adapterTypeName="executor://xunit/VsTestRunner2/desktop_and_uap" className="JilTests.DynamicSerializationTests" name="JilTests.DynamicSerializationTests.SecondsTimeSpans" /></UnitTest><UnitTest name="JilTests.BadlySpecifiedTypeTests.SerializeString" storage="c:\users\dt-impact\ftsubs\mstest\kevin-montrose_jil-8a5af0f\jiltests\bin\debug\net452\jiltests.dll" id="23ea7a78-24b6-4f95-8fb7-59b9b348e5cb"><Execution id="94b2df1e-f80a-4533-aaaa-861132834430" /><TestMethod codeBase="C:\Users\dt-impact\ftsubs\mstest\kevin-montrose_Jil-8a5af0f\JilTests\bin\Debug\net452\JilTests.dll" adapterTypeName="executor://xunit/VsTestRunner2/desktop_and_uap" className="JilTests.BadlySpecifiedTypeTests" name="JilTests.BadlySpecifiedTypeTests.SerializeString" /></UnitTest><UnitTest name="JilTests.DeserializeDynamicTests.RFC1123" storage="c:\users\dt-impact\ftsubs\mstest\kevin-montrose_jil-8a5af0f\jiltests\bin\debug\net452\jiltests.dll" id="a3644eb7-815e-4518-a0a8-c6be1c11c7c6"><Execution id="a27f44ed-9480-4a94-a359-f1456838a4a7" /><TestMethod codeBase="C:\Users\dt-impact\ftsubs\mstest\kevin-montrose_Jil-8a5af0f\JilTests\bin\Debug\net452\JilTests.dll" adapterTypeName="executor://xunit/VsTestRunner2/desktop_and_uap" className="JilTests.DeserializeDynamicTests" name="JilTests.DeserializeDynamicTests.RFC1123" /></UnitTest><UnitTest name="JilTests.DeserializeTests.MalformedISO8601(dateString: &quot;\&quot;99\&quot;&quot;, expectedError: &quot;ISO8601 date must begin with a 4 character year&quot;)" storage="c:\users\dt-impact\ftsubs\mstest\kevin-montrose_jil-8a5af0f\jiltests\bin\debug\net452\jiltests.dll" id="f0cfa33d-efde-4769-99be-1803bd3a4fb5"><Execution id="7a7bcdfa-d18e-4e6a-8090-dd6d935cee78" /><TestMethod codeBase="C:\Users\dt-impact\ftsubs\mstest\kevin-montrose_Jil-8a5af0f\JilTests\bin\Debug\net452\JilTests.dll" adapterTypeName="executor://xunit/VsTestRunner2/desktop_and_uap" className="JilTests.DeserializeTests" name="JilTests.DeserializeTests.MalformedISO8601(dateString: &quot;\&quot;99\&quot;&quot;, expectedError: &quot;ISO8601 date must begin with a 4 character year&quot;)" /></UnitTest><UnitTest name="JilTests.DynamicSerializationTests.Issue224" storage="c:\users\dt-impact\ftsubs\mstest\kevin-montrose_jil-8a5af0f\jiltests\bin\debug\net452\jiltests.dll" id="fb898c1e-0559-480a-ae2f-649023e62bdc"><Execution id="c684e291-2eb5-4852-9600-e7844eb06315" /><TestMethod codeBase="C:\Users\dt-impact\ftsubs\mstest\kevin-montrose_Jil-8a5af0f\JilTests\bin\Debug\net452\JilTests.dll" adapterTypeName="executor://xunit/VsTestRunner2/desktop_and_uap" className="JilTests.DynamicSerializationTests" name="JilTests.DynamicSerializationTests.Issue224" /></UnitTest><UnitTest name="JilTests.DeserializeTests.Issue193" storage="c:\users\dt-impact\ftsubs\mstest\kevin-montrose_jil-8a5af0f\jiltests\bin\debug\net452\jiltests.dll" id="8a47c2d1-24be-43c5-b543-25995261d07f"><Execution id="be4148c3-7ce2-448f-a7c8-ae0d7bbc2409" /><TestMethod codeBase="C:\Users\dt-impact\ftsubs\mstest\kevin-montrose_Jil-8a5af0f\JilTests\bin\Debug\net452\JilTests.dll" adapterTypeName="executor://xunit/VsTestRunner2/desktop_and_uap" className="JilTests.DeserializeTests" name="JilTests.DeserializeTests.Issue193" /></UnitTest><UnitTest name="JilTests.SerializeTests.Issue53" storage="c:\users\dt-impact\ftsubs\mstest\kevin-montrose_jil-8a5af0f\jiltests\bin\debug\net452\jiltests.dll" id="8b67c45e-a943-4a3e-a688-c71057c66d70"><Execution id="b422a6ba-9a84-48c6-8ce6-aaef3b8fed16" /><TestMethod codeBase="C:\Users\dt-impact\ftsubs\mstest\kevin-montrose_Jil-8a5af0f\JilTests\bin\Debug\net452\JilTests.dll" adapterTypeName="executor://xunit/VsTestRunner2/desktop_and_uap" className="JilTests.SerializeTests" name="JilTests.SerializeTests.Issue53" /></UnitTest><UnitTest name="JilTests.SerializeTests.ISODateTimes" storage="c:\users\dt-impact\ftsubs\mstest\kevin-montrose_jil-8a5af0f\jiltests\bin\debug\net452\jiltests.dll" id="b5683a36-ce3a-4904-beb2-2827ebbc9167"><Execution id="33e03188-82de-494e-9834-c8de2b5742db" /><TestMethod codeBase="C:\Users\dt-impact\ftsubs\mstest\kevin-montrose_Jil-8a5af0f\JilTests\bin\Debug\net452\JilTests.dll" adapterTypeName="executor://xunit/VsTestRunner2/desktop_and_uap" className="JilTests.SerializeTests" name="JilTests.SerializeTests.ISODateTimes" /></UnitTest><UnitTest name="JilTests.DeserializeDynamicTests.TimeSpans_Milliseconds" storage="c:\users\dt-impact\ftsubs\mstest\kevin-montrose_jil-8a5af0f\jiltests\bin\debug\net452\jiltests.dll" id="053e8c34-1c45-4ff4-b9e6-ea7c1f6304b2"><Execution id="5c2dbfcf-3dfa-4c93-9e53-3487fb96b7cd" /><TestMethod codeBase="C:\Users\dt-impact\ftsubs\mstest\kevin-montrose_Jil-8a5af0f\JilTests\bin\Debug\net452\JilTests.dll" adapterTypeName="executor://xunit/VsTestRunner2/desktop_and_uap" className="JilTests.DeserializeDynamicTests" name="JilTests.DeserializeDynamicTests.TimeSpans_Milliseconds" /></UnitTest><UnitTest name="JilTests.DeserializeDynamicTests.Add" storage="c:\users\dt-impact\ftsubs\mstest\kevin-montrose_jil-8a5af0f\jiltests\bin\debug\net452\jiltests.dll" id="56c66e23-7a69-4584-8f64-6e96ecbc4494"><Execution id="debdacd8-fd16-48f2-a7df-ab736d455bb4" /><TestMethod codeBase="C:\Users\dt-impact\ftsubs\mstest\kevin-montrose_Jil-8a5af0f\JilTests\bin\Debug\net452\JilTests.dll" adapterTypeName="executor://xunit/VsTestRunner2/desktop_and_uap" className="JilTests.DeserializeDynamicTests" name="JilTests.DeserializeDynamicTests.Add" /></UnitTest><UnitTest name="JilTests.DeserializeTests.SmallCharBuffer" storage="c:\users\dt-impact\ftsubs\mstest\kevin-montrose_jil-8a5af0f\jiltests\bin\debug\net452\jiltests.dll" id="aa5c48b0-fe4f-44bc-9710-1a878da630b2"><Execution id="64042173-f9e6-410b-b2a2-3f21218fd1f6" /><TestMethod codeBase="C:\Users\dt-impact\ftsubs\mstest\kevin-montrose_Jil-8a5af0f\JilTests\bin\Debug\net452\JilTests.dll" adapterTypeName="executor://xunit/VsTestRunner2/desktop_and_uap" className="JilTests.DeserializeTests" name="JilTests.DeserializeTests.SmallCharBuffer" /></UnitTest><UnitTest name="JilTests.DeserializeDynamicTests.Array" storage="c:\users\dt-impact\ftsubs\mstest\kevin-montrose_jil-8a5af0f\jiltests\bin\debug\net452\jiltests.dll" id="e80d4604-0086-4dfc-a1c3-1596fffc9c59"><Execution id="3189022a-174b-4c4c-af36-4080932dd483" /><TestMethod codeBase="C:\Users\dt-impact\ftsubs\mstest\kevin-montrose_Jil-8a5af0f\JilTests\bin\Debug\net452\JilTests.dll" adapterTypeName="executor://xunit/VsTestRunner2/desktop_and_uap" className="JilTests.DeserializeDynamicTests" name="JilTests.DeserializeDynamicTests.Array" /></UnitTest><UnitTest name="JilTests.DeserializeTests.PrivateConstructor_Dictionary" storage="c:\users\dt-impact\ftsubs\mstest\kevin-montrose_jil-8a5af0f\jiltests\bin\debug\net452\jiltests.dll" id="e325eac7-9aa5-4912-a993-80b9b3741080"><Execution id="67e4fd1d-abeb-4815-ab77-2b62ec2ba8b4" /><TestMethod codeBase="C:\Users\dt-impact\ftsubs\mstest\kevin-montrose_Jil-8a5af0f\JilTests\bin\Debug\net452\JilTests.dll" adapterTypeName="executor://xunit/VsTestRunner2/desktop_and_uap" className="JilTests.DeserializeTests" name="JilTests.DeserializeTests.PrivateConstructor_Dictionary" /></UnitTest><UnitTest name="JilTests.EnumFlagsTest.TestEnumFlagsDeserialize3" storage="c:\users\dt-impact\ftsubs\mstest\kevin-montrose_jil-8a5af0f\jiltests\bin\debug\net452\jiltests.dll" id="1fb18bce-8095-422b-b28b-a9bb01f75049"><Execution id="afeea966-6740-44a5-a631-3cad1712023b" /><TestMethod codeBase="C:\Users\dt-impact\ftsubs\mstest\kevin-montrose_Jil-8a5af0f\JilTests\bin\Debug\net452\JilTests.dll" adapterTypeName="executor://xunit/VsTestRunner2/desktop_and_uap" className="JilTests.EnumFlagsTest" name="JilTests.EnumFlagsTest.TestEnumFlagsDeserialize3" /></UnitTest><UnitTest name="JilTests.EnumFlagsTest.TestEnumFlagsDeserialize2" storage="c:\users\dt-impact\ftsubs\mstest\kevin-montrose_jil-8a5af0f\jiltests\bin\debug\net452\jiltests.dll" id="b32c8515-3c41-42d8-949c-13b0ecd16eaf"><Execution id="051d27d7-256e-4244-9f07-092f5d529257" /><TestMethod codeBase="C:\Users\dt-impact\ftsubs\mstest\kevin-montrose_Jil-8a5af0f\JilTests\bin\Debug\net452\JilTests.dll" adapterTypeName="executor://xunit/VsTestRunner2/desktop_and_uap" className="JilTests.EnumFlagsTest" name="JilTests.EnumFlagsTest.TestEnumFlagsDeserialize2" /></UnitTest><UnitTest name="JilTests.DeserializeTests.Issue126" storage="c:\users\dt-impact\ftsubs\mstest\kevin-montrose_jil-8a5af0f\jiltests\bin\debug\net452\jiltests.dll" id="2475c9d6-d06b-470e-b830-79664e356074"><Execution id="a8ee53d2-3a5c-47ab-b7ef-fef94fa29695" /><TestMethod codeBase="C:\Users\dt-impact\ftsubs\mstest\kevin-montrose_Jil-8a5af0f\JilTests\bin\Debug\net452\JilTests.dll" adapterTypeName="executor://xunit/VsTestRunner2/desktop_and_uap" className="JilTests.DeserializeTests" name="JilTests.DeserializeTests.Issue126" /></UnitTest><UnitTest name="JilTests.DeserializeDynamicTests.And" storage="c:\users\dt-impact\ftsubs\mstest\kevin-montrose_jil-8a5af0f\jiltests\bin\debug\net452\jiltests.dll" id="5f689a85-666d-4c1d-8016-f0134d978edd"><Execution id="d64c69a3-e3c6-4cad-8dd5-1ae7778ebc2b" /><TestMethod codeBase="C:\Users\dt-impact\ftsubs\mstest\kevin-montrose_Jil-8a5af0f\JilTests\bin\Debug\net452\JilTests.dll" adapterTypeName="executor://xunit/VsTestRunner2/desktop_and_uap" className="JilTests.DeserializeDynamicTests" name="JilTests.DeserializeDynamicTests.And" /></UnitTest><UnitTest name="JilTests.SerializeTests.Dictionary" storage="c:\users\dt-impact\ftsubs\mstest\kevin-montrose_jil-8a5af0f\jiltests\bin\debug\net452\jiltests.dll" id="fe8e0ce7-ff61-4c4e-a073-7dbf5b854c34"><Execution id="94c1494f-daff-4b5b-8234-6d59a813b9ed" /><TestMethod codeBase="C:\Users\dt-impact\ftsubs\mstest\kevin-montrose_Jil-8a5af0f\JilTests\bin\Debug\net452\JilTests.dll" adapterTypeName="executor://xunit/VsTestRunner2/desktop_and_uap" className="JilTests.SerializeTests" name="JilTests.SerializeTests.Dictionary" /></UnitTest><UnitTest name="JilTests.DynamicSerializationTests.ISO8601DateTimeOffsetSelfRoundtrip" storage="c:\users\dt-impact\ftsubs\mstest\kevin-montrose_jil-8a5af0f\jiltests\bin\debug\net452\jiltests.dll" id="d8f2df25-ab47-4a53-b4c6-e49ca568f9c3"><Execution id="10e81737-5930-4abb-8e77-3564bfb4d5e1" /><TestMethod codeBase="C:\Users\dt-impact\ftsubs\mstest\kevin-montrose_Jil-8a5af0f\JilTests\bin\Debug\net452\JilTests.dll" adapterTypeName="executor://xunit/VsTestRunner2/desktop_and_uap" className="JilTests.DynamicSerializationTests" name="JilTests.DynamicSerializationTests.ISO8601DateTimeOffsetSelfRoundtrip" /></UnitTest><UnitTest name="JilTests.UtilsTests.ConstantFields" storage="c:\users\dt-impact\ftsubs\mstest\kevin-montrose_jil-8a5af0f\jiltests\bin\debug\net452\jiltests.dll" id="3f39cfeb-f28d-4c27-83a4-0177d042ea5e"><Execution id="2cdd737d-6f15-4549-b225-aa35cbe235e4" /><TestMethod codeBase="C:\Users\dt-impact\ftsubs\mstest\kevin-montrose_Jil-8a5af0f\JilTests\bin\Debug\net452\JilTests.dll" adapterTypeName="executor://xunit/VsTestRunner2/desktop_and_uap" className="JilTests.UtilsTests" name="JilTests.UtilsTests.ConstantFields" /></UnitTest><UnitTest name="JilTests.DeserializeTests.MissingConstructor" storage="c:\users\dt-impact\ftsubs\mstest\kevin-montrose_jil-8a5af0f\jiltests\bin\debug\net452\jiltests.dll" id="9c397995-98fb-4e4b-a2a9-065f96e1e294"><Execution id="0ef57bfe-f9ee-4815-b42a-596064cdb746" /><TestMethod codeBase="C:\Users\dt-impact\ftsubs\mstest\kevin-montrose_Jil-8a5af0f\JilTests\bin\Debug\net452\JilTests.dll" adapterTypeName="executor://xunit/VsTestRunner2/desktop_and_uap" className="JilTests.DeserializeTests" name="JilTests.DeserializeTests.MissingConstructor" /></UnitTest><UnitTest name="JilTests.DynamicSerializationTests.RecursiveDynamic" storage="c:\users\dt-impact\ftsubs\mstest\kevin-montrose_jil-8a5af0f\jiltests\bin\debug\net452\jiltests.dll" id="5d5f46b6-64c9-4fb2-ab1d-614bc0fab860"><Execution id="4771b836-e2b0-4836-9677-ce74188ae086" /><TestMethod codeBase="C:\Users\dt-impact\ftsubs\mstest\kevin-montrose_Jil-8a5af0f\JilTests\bin\Debug\net452\JilTests.dll" adapterTypeName="executor://xunit/VsTestRunner2/desktop_and_uap" className="JilTests.DynamicSerializationTests" name="JilTests.DynamicSerializationTests.RecursiveDynamic" /></UnitTest><UnitTest name="JilTests.SerializeTests.ValueTypes" storage="c:\users\dt-impact\ftsubs\mstest\kevin-montrose_jil-8a5af0f\jiltests\bin\debug\net452\jiltests.dll" id="f4e441b2-7088-4a50-8aef-8902496ea093"><Execution id="8818de60-ed58-43dc-859e-f3161289fdd5" /><TestMethod codeBase="C:\Users\dt-impact\ftsubs\mstest\kevin-montrose_Jil-8a5af0f\JilTests\bin\Debug\net452\JilTests.dll" adapterTypeName="executor://xunit/VsTestRunner2/desktop_and_uap" className="JilTests.SerializeTests" name="JilTests.SerializeTests.ValueTypes" /></UnitTest><UnitTest name="JilTests.DynamicSerializationTests.NullArrayElements" storage="c:\users\dt-impact\ftsubs\mstest\kevin-montrose_jil-8a5af0f\jiltests\bin\debug\net452\jiltests.dll" id="309b8e28-92bd-43a2-b6f3-98e9c78d6f8e"><Execution id="bd5921c7-3c43-401f-9287-82b34025e27e" /><TestMethod codeBase="C:\Users\dt-impact\ftsubs\mstest\kevin-montrose_Jil-8a5af0f\JilTests\bin\Debug\net452\JilTests.dll" adapterTypeName="executor://xunit/VsTestRunner2/desktop_and_uap" className="JilTests.DynamicSerializationTests" name="JilTests.DynamicSerializationTests.NullArrayElements" /></UnitTest><UnitTest name="JilTests.UtilsTests.PublicInterfaces" storage="c:\users\dt-impact\ftsubs\mstest\kevin-montrose_jil-8a5af0f\jiltests\bin\debug\net452\jiltests.dll" id="050fdcbc-7c21-49a7-bfcc-1380e64a036d"><Execution id="9636e8ab-044c-48fa-8205-7f24c0605011" /><TestMethod codeBase="C:\Users\dt-impact\ftsubs\mstest\kevin-montrose_Jil-8a5af0f\JilTests\bin\Debug\net452\JilTests.dll" adapterTypeName="executor://xunit/VsTestRunner2/desktop_and_uap" className="JilTests.UtilsTests" name="JilTests.UtilsTests.PublicInterfaces" /></UnitTest><UnitTest name="JilTests.DeserializeTests.Issue117_Int" storage="c:\users\dt-impact\ftsubs\mstest\kevin-montrose_jil-8a5af0f\jiltests\bin\debug\net452\jiltests.dll" id="5d363e6a-aa6e-4cb6-8988-5a26d4182478"><Execution id="04231543-6040-4890-8132-99efa1049ef0" /><TestMethod codeBase="C:\Users\dt-impact\ftsubs\mstest\kevin-montrose_Jil-8a5af0f\JilTests\bin\Debug\net452\JilTests.dll" adapterTypeName="executor://xunit/VsTestRunner2/desktop_and_uap" className="JilTests.DeserializeTests" name="JilTests.DeserializeTests.Issue117_Int" /></UnitTest><UnitTest name="JilTests.SerializeTests.DictionaryValueType" storage="c:\users\dt-impact\ftsubs\mstest\kevin-montrose_jil-8a5af0f\jiltests\bin\debug\net452\jiltests.dll" id="6d6478ad-8b8d-49da-95a2-dd163baa16fe"><Execution id="f14c4998-14f6-42b6-b9a3-c77c10ecbd63" /><TestMethod codeBase="C:\Users\dt-impact\ftsubs\mstest\kevin-montrose_Jil-8a5af0f\JilTests\bin\Debug\net452\JilTests.dll" adapterTypeName="executor://xunit/VsTestRunner2/desktop_and_uap" className="JilTests.SerializeTests" name="JilTests.SerializeTests.DictionaryValueType" /></UnitTest><UnitTest name="JilTests.SerializeTests.ISO8601TimeSpans" storage="c:\users\dt-impact\ftsubs\mstest\kevin-montrose_jil-8a5af0f\jiltests\bin\debug\net452\jiltests.dll" id="e9ee25db-5c39-4ce6-bb0d-9bc0d4274d9c"><Execution id="0bbaaa17-c9f5-4395-9582-8f689a835d55" /><TestMethod codeBase="C:\Users\dt-impact\ftsubs\mstest\kevin-montrose_Jil-8a5af0f\JilTests\bin\Debug\net452\JilTests.dll" adapterTypeName="executor://xunit/VsTestRunner2/desktop_and_uap" className="JilTests.SerializeTests" name="JilTests.SerializeTests.ISO8601TimeSpans" /></UnitTest><UnitTest name="JilTests.SerializeTests.EnumDictionaryKeys" storage="c:\users\dt-impact\ftsubs\mstest\kevin-montrose_jil-8a5af0f\jiltests\bin\debug\net452\jiltests.dll" id="789a78a8-1997-458e-a602-9754c2ce164d"><Execution id="a6168c96-7ec0-4268-9798-608814ad38e6" /><TestMethod codeBase="C:\Users\dt-impact\ftsubs\mstest\kevin-montrose_Jil-8a5af0f\JilTests\bin\Debug\net452\JilTests.dll" adapterTypeName="executor://xunit/VsTestRunner2/desktop_and_uap" className="JilTests.SerializeTests" name="JilTests.SerializeTests.EnumDictionaryKeys" /></UnitTest><UnitTest name="JilTests.DeserializeDynamicTests.Object" storage="c:\users\dt-impact\ftsubs\mstest\kevin-montrose_jil-8a5af0f\jiltests\bin\debug\net452\jiltests.dll" id="6cf6b3f1-812a-4939-8c38-647db5b6594a"><Execution id="e1c11a68-71df-4c03-a524-11833c2d0676" /><TestMethod codeBase="C:\Users\dt-impact\ftsubs\mstest\kevin-montrose_Jil-8a5af0f\JilTests\bin\Debug\net452\JilTests.dll" adapterTypeName="executor://xunit/VsTestRunner2/desktop_and_uap" className="JilTests.DeserializeDynamicTests" name="JilTests.DeserializeDynamicTests.Object" /></UnitTest><UnitTest name="JilTests.DeserializeTests.MalformedISO8601(dateString: &quot;\&quot;1900-01-01T19:\&quot;&quot;, expectedError: &quot;Expected minute part of ISO8601 time&quot;)" storage="c:\users\dt-impact\ftsubs\mstest\kevin-montrose_jil-8a5af0f\jiltests\bin\debug\net452\jiltests.dll" id="84938e7b-7443-4c12-8bfa-4006563a095c"><Execution id="44ecb22f-31b3-4ecc-8009-b8118bea9338" /><TestMethod codeBase="C:\Users\dt-impact\ftsubs\mstest\kevin-montrose_Jil-8a5af0f\JilTests\bin\Debug\net452\JilTests.dll" adapterTypeName="executor://xunit/VsTestRunner2/desktop_and_uap" className="JilTests.DeserializeTests" name="JilTests.DeserializeTests.MalformedISO8601(dateString: &quot;\&quot;1900-01-01T19:\&quot;&quot;, expectedError: &quot;Expected minute part of ISO8601 time&quot;)" /></UnitTest><UnitTest name="JilTests.DeserializeDynamicTests.LessThan" storage="c:\users\dt-impact\ftsubs\mstest\kevin-montrose_jil-8a5af0f\jiltests\bin\debug\net452\jiltests.dll" id="347e88f7-6aa9-4063-a650-2eebe67a99fa"><Execution id="bc38ded5-34e3-46eb-ab79-06d70828e1e4" /><TestMethod codeBase="C:\Users\dt-impact\ftsubs\mstest\kevin-montrose_Jil-8a5af0f\JilTests\bin\Debug\net452\JilTests.dll" adapterTypeName="executor://xunit/VsTestRunner2/desktop_and_uap" className="JilTests.DeserializeDynamicTests" name="JilTests.DeserializeDynamicTests.LessThan" /></UnitTest><UnitTest name="JilTests.SerializeTests.NullArrayElements" storage="c:\users\dt-impact\ftsubs\mstest\kevin-montrose_jil-8a5af0f\jiltests\bin\debug\net452\jiltests.dll" id="d5f3533e-aa03-4412-99c2-5ce9242ee6f3"><Execution id="be12a70f-0334-4bfc-8ca5-d1a3abcc35c5" /><TestMethod codeBase="C:\Users\dt-impact\ftsubs\mstest\kevin-montrose_Jil-8a5af0f\JilTests\bin\Debug\net452\JilTests.dll" adapterTypeName="executor://xunit/VsTestRunner2/desktop_and_uap" className="JilTests.SerializeTests" name="JilTests.SerializeTests.NullArrayElements" /></UnitTest><UnitTest name="JilTests.DeserializeTests.DataMemberName" storage="c:\users\dt-impact\ftsubs\mstest\kevin-montrose_jil-8a5af0f\jiltests\bin\debug\net452\jiltests.dll" id="ac7f4e62-3ffa-4ffc-a1a9-fc6e7f9fc0b9"><Execution id="153e84ff-f769-45e0-9d44-44a175e70278" /><TestMethod codeBase="C:\Users\dt-impact\ftsubs\mstest\kevin-montrose_Jil-8a5af0f\JilTests\bin\Debug\net452\JilTests.dll" adapterTypeName="executor://xunit/VsTestRunner2/desktop_and_uap" className="JilTests.DeserializeTests" name="JilTests.DeserializeTests.DataMemberName" /></UnitTest><UnitTest name="JilTests.SerializeTests.OddNullRef" storage="c:\users\dt-impact\ftsubs\mstest\kevin-montrose_jil-8a5af0f\jiltests\bin\debug\net452\jiltests.dll" id="77a83cf4-53c2-4732-8fa8-858c7ca37a43"><Execution id="a93eb7ba-c34e-4f8e-97a2-e81006664504" /><TestMethod codeBase="C:\Users\dt-impact\ftsubs\mstest\kevin-montrose_Jil-8a5af0f\JilTests\bin\Debug\net452\JilTests.dll" adapterTypeName="executor://xunit/VsTestRunner2/desktop_and_uap" className="JilTests.SerializeTests" name="JilTests.SerializeTests.OddNullRef" /></UnitTest><UnitTest name="JilTests.DeserializeTests.Issue210" storage="c:\users\dt-impact\ftsubs\mstest\kevin-montrose_jil-8a5af0f\jiltests\bin\debug\net452\jiltests.dll" id="f0ca917c-52cb-4e0e-865b-dd24c0168e04"><Execution id="6aeb5ee1-2298-4464-b4a4-cf245aa4a1df" /><TestMethod codeBase="C:\Users\dt-impact\ftsubs\mstest\kevin-montrose_Jil-8a5af0f\JilTests\bin\Debug\net452\JilTests.dll" adapterTypeName="executor://xunit/VsTestRunner2/desktop_and_uap" className="JilTests.DeserializeTests" name="JilTests.DeserializeTests.Issue210" /></UnitTest><UnitTest name="JilTests.SerializeTests.IntegerDictionaryKeysWithoutNulls" storage="c:\users\dt-impact\ftsubs\mstest\kevin-montrose_jil-8a5af0f\jiltests\bin\debug\net452\jiltests.dll" id="4e8dc0d4-f434-4233-9561-3967506e2b60"><Execution id="729aafd0-a61f-4429-93d7-eb1054462e99" /><TestMethod codeBase="C:\Users\dt-impact\ftsubs\mstest\kevin-montrose_Jil-8a5af0f\JilTests\bin\Debug\net452\JilTests.dll" adapterTypeName="executor://xunit/VsTestRunner2/desktop_and_uap" className="JilTests.SerializeTests" name="JilTests.SerializeTests.IntegerDictionaryKeysWithoutNulls" /></UnitTest><UnitTest name="JilTests.DeserializeTests.Issue73" storage="c:\users\dt-impact\ftsubs\mstest\kevin-montrose_jil-8a5af0f\jiltests\bin\debug\net452\jiltests.dll" id="9467479c-3311-4821-a0b2-f7e72823ece0"><Execution id="00a7846f-4907-47c9-a2dc-e94ef2d0b2d8" /><TestMethod codeBase="C:\Users\dt-impact\ftsubs\mstest\kevin-montrose_Jil-8a5af0f\JilTests\bin\Debug\net452\JilTests.dll" adapterTypeName="executor://xunit/VsTestRunner2/desktop_and_uap" className="JilTests.DeserializeTests" name="JilTests.DeserializeTests.Issue73" /></UnitTest><UnitTest name="JilTests.DynamicSerializationTests.Issue151" storage="c:\users\dt-impact\ftsubs\mstest\kevin-montrose_jil-8a5af0f\jiltests\bin\debug\net452\jiltests.dll" id="e7c454e8-2611-43c2-bc00-7ef54337f5fb"><Execution id="81ad7cdc-088b-4e00-8f86-23869e957dbd" /><TestMethod codeBase="C:\Users\dt-impact\ftsubs\mstest\kevin-montrose_Jil-8a5af0f\JilTests\bin\Debug\net452\JilTests.dll" adapterTypeName="executor://xunit/VsTestRunner2/desktop_and_uap" className="JilTests.DynamicSerializationTests" name="JilTests.DynamicSerializationTests.Issue151" /></UnitTest><UnitTest name="JilTests.DeserializeTests.MicrosoftDateTimeOffsets" storage="c:\users\dt-impact\ftsubs\mstest\kevin-montrose_jil-8a5af0f\jiltests\bin\debug\net452\jiltests.dll" id="707b0f13-c998-4589-9ef9-9f49e21300cf"><Execution id="0d7fb62a-1147-4207-a923-c65c94438bfb" /><TestMethod codeBase="C:\Users\dt-impact\ftsubs\mstest\kevin-montrose_Jil-8a5af0f\JilTests\bin\Debug\net452\JilTests.dll" adapterTypeName="executor://xunit/VsTestRunner2/desktop_and_uap" className="JilTests.DeserializeTests" name="JilTests.DeserializeTests.MicrosoftDateTimeOffsets" /></UnitTest><UnitTest name="JilTests.DeserializeTests.Ints" storage="c:\users\dt-impact\ftsubs\mstest\kevin-montrose_jil-8a5af0f\jiltests\bin\debug\net452\jiltests.dll" id="8d7d2259-077d-47e5-b613-51861cf6085d"><Execution id="135bcb6d-2a71-4af0-9da9-9b8f7a36beba" /><TestMethod codeBase="C:\Users\dt-impact\ftsubs\mstest\kevin-montrose_Jil-8a5af0f\JilTests\bin\Debug\net452\JilTests.dll" adapterTypeName="executor://xunit/VsTestRunner2/desktop_and_uap" className="JilTests.DeserializeTests" name="JilTests.DeserializeTests.Ints" /></UnitTest><UnitTest name="JilTests.DeserializeTests.MillisecondsTimeSpan" storage="c:\users\dt-impact\ftsubs\mstest\kevin-montrose_jil-8a5af0f\jiltests\bin\debug\net452\jiltests.dll" id="0441f4d3-df85-478e-a4a4-888aa6fc2cc4"><Execution id="3099ab2b-d16b-490e-a946-8154a7006a1b" /><TestMethod codeBase="C:\Users\dt-impact\ftsubs\mstest\kevin-montrose_Jil-8a5af0f\JilTests\bin\Debug\net452\JilTests.dll" adapterTypeName="executor://xunit/VsTestRunner2/desktop_and_uap" className="JilTests.DeserializeTests" name="JilTests.DeserializeTests.MillisecondsTimeSpan" /></UnitTest><UnitTest name="JilTests.DeserializeDynamicTests.GreaterThanOrEquals" storage="c:\users\dt-impact\ftsubs\mstest\kevin-montrose_jil-8a5af0f\jiltests\bin\debug\net452\jiltests.dll" id="9602fd1b-8c6e-4641-b8b9-ebe8ada88e77"><Execution id="c52b9cb4-e1a9-4450-9248-ef0785ac9230" /><TestMethod codeBase="C:\Users\dt-impact\ftsubs\mstest\kevin-montrose_Jil-8a5af0f\JilTests\bin\Debug\net452\JilTests.dll" adapterTypeName="executor://xunit/VsTestRunner2/desktop_and_uap" className="JilTests.DeserializeDynamicTests" name="JilTests.DeserializeDynamicTests.GreaterThanOrEquals" /></UnitTest><UnitTest name="JilTests.DeserializeTests.Issue117_UInt" storage="c:\users\dt-impact\ftsubs\mstest\kevin-montrose_jil-8a5af0f\jiltests\bin\debug\net452\jiltests.dll" id="0f49a292-c8fa-466c-a9bf-6de1187812eb"><Execution id="c1700f71-6e83-40f5-bf4f-d7186758f526" /><TestMethod codeBase="C:\Users\dt-impact\ftsubs\mstest\kevin-montrose_Jil-8a5af0f\JilTests\bin\Debug\net452\JilTests.dll" adapterTypeName="executor://xunit/VsTestRunner2/desktop_and_uap" className="JilTests.DeserializeTests" name="JilTests.DeserializeTests.Issue117_UInt" /></UnitTest><UnitTest name="JilTests.DeserializeDynamicTests.Issue143TimeSpanFractionOverflow" storage="c:\users\dt-impact\ftsubs\mstest\kevin-montrose_jil-8a5af0f\jiltests\bin\debug\net452\jiltests.dll" id="56223933-6504-42dc-9b01-1bff3d990cae"><Execution id="02709833-a66e-45c4-9b26-c95e203b2256" /><TestMethod codeBase="C:\Users\dt-impact\ftsubs\mstest\kevin-montrose_Jil-8a5af0f\JilTests\bin\Debug\net452\JilTests.dll" adapterTypeName="executor://xunit/VsTestRunner2/desktop_and_uap" className="JilTests.DeserializeDynamicTests" name="JilTests.DeserializeDynamicTests.Issue143TimeSpanFractionOverflow" /></UnitTest><UnitTest name="JilTests.DynamicSerializationTests.RFC1123" storage="c:\users\dt-impact\ftsubs\mstest\kevin-montrose_jil-8a5af0f\jiltests\bin\debug\net452\jiltests.dll" id="bedc7259-e258-4091-929e-445235b66357"><Execution id="a96f91aa-f3c3-4587-a5b0-9d365b1a63f8" /><TestMethod codeBase="C:\Users\dt-impact\ftsubs\mstest\kevin-montrose_Jil-8a5af0f\JilTests\bin\Debug\net452\JilTests.dll" adapterTypeName="executor://xunit/VsTestRunner2/desktop_and_uap" className="JilTests.DynamicSerializationTests" name="JilTests.DynamicSerializationTests.RFC1123" /></UnitTest><UnitTest name="JilTests.DeserializeTests.MalformedISO8601(dateString: &quot;\&quot;1900999\&quot;&quot;, expectedError: &quot;Expected ordinal day to be between 001 and 366&quot;)" storage="c:\users\dt-impact\ftsubs\mstest\kevin-montrose_jil-8a5af0f\jiltests\bin\debug\net452\jiltests.dll" id="f6b3c0c0-08a4-4d1d-aca9-70ae5bb5dec5"><Execution id="588faf31-5c2d-4de9-a03d-ed72dd390ab4" /><TestMethod codeBase="C:\Users\dt-impact\ftsubs\mstest\kevin-montrose_Jil-8a5af0f\JilTests\bin\Debug\net452\JilTests.dll" adapterTypeName="executor://xunit/VsTestRunner2/desktop_and_uap" className="JilTests.DeserializeTests" name="JilTests.DeserializeTests.MalformedISO8601(dateString: &quot;\&quot;1900999\&quot;&quot;, expectedError: &quot;Expected ordinal day to be between 001 and 366&quot;)" /></UnitTest><UnitTest name="JilTests.DeserializeDynamicTests.Issue117(input: &quot;1.&quot;, expectedError: &quot;Expected digit&quot;)" storage="c:\users\dt-impact\ftsubs\mstest\kevin-montrose_jil-8a5af0f\jiltests\bin\debug\net452\jiltests.dll" id="523c3e08-f7b5-41d0-903a-25d1144e6e0c"><Execution id="41ae8d6d-c4d2-45d2-ac7d-babaadcd2f2a" /><TestMethod codeBase="C:\Users\dt-impact\ftsubs\mstest\kevin-montrose_Jil-8a5af0f\JilTests\bin\Debug\net452\JilTests.dll" adapterTypeName="executor://xunit/VsTestRunner2/desktop_and_uap" className="JilTests.DeserializeDynamicTests" name="JilTests.DeserializeDynamicTests.Issue117(input: &quot;1.&quot;, expectedError: &quot;Expected digit&quot;)" /></UnitTest><UnitTest name="JilTests.SerializeTests.Issue169" storage="c:\users\dt-impact\ftsubs\mstest\kevin-montrose_jil-8a5af0f\jiltests\bin\debug\net452\jiltests.dll" id="ad4d9efe-7961-4bb6-baf5-d2f9ecfc5a7b"><Execution id="e23ee04e-b48b-40f8-9995-7324d2a82fad" /><TestMethod codeBase="C:\Users\dt-impact\ftsubs\mstest\kevin-montrose_Jil-8a5af0f\JilTests\bin\Debug\net452\JilTests.dll" adapterTypeName="executor://xunit/VsTestRunner2/desktop_and_uap" className="JilTests.SerializeTests" name="JilTests.SerializeTests.Issue169" /></UnitTest><UnitTest name="JilTests.DeserializeTests.AnonNulls" storage="c:\users\dt-impact\ftsubs\mstest\kevin-montrose_jil-8a5af0f\jiltests\bin\debug\net452\jiltests.dll" id="e8cf5d09-c241-43ae-a8cc-df837f326a43"><Execution id="7b07a46f-7b1e-49cd-9534-8f1bcdbd9acc" /><TestMethod codeBase="C:\Users\dt-impact\ftsubs\mstest\kevin-montrose_Jil-8a5af0f\JilTests\bin\Debug\net452\JilTests.dll" adapterTypeName="executor://xunit/VsTestRunner2/desktop_and_uap" className="JilTests.DeserializeTests" name="JilTests.DeserializeTests.AnonNulls" /></UnitTest><UnitTest name="JilTests.DeserializeTests.MalformedISO8601(dateString: &quot;\&quot;19991200\&quot;&quot;, expectedError: &quot;Expected day to be between 01 and 31&quot;)" storage="c:\users\dt-impact\ftsubs\mstest\kevin-montrose_jil-8a5af0f\jiltests\bin\debug\net452\jiltests.dll" id="df7897ff-e38a-4c18-a598-256fe2eeceb4"><Execution id="0772a661-b566-4f2f-a64d-5f736004ec04" /><TestMethod codeBase="C:\Users\dt-impact\ftsubs\mstest\kevin-montrose_Jil-8a5af0f\JilTests\bin\Debug\net452\JilTests.dll" adapterTypeName="executor://xunit/VsTestRunner2/desktop_and_uap" className="JilTests.DeserializeTests" name="JilTests.DeserializeTests.MalformedISO8601(dateString: &quot;\&quot;19991200\&quot;&quot;, expectedError: &quot;Expected day to be between 01 and 31&quot;)" /></UnitTest><UnitTest name="JilTests.DeserializeTests.SystemObject" storage="c:\users\dt-impact\ftsubs\mstest\kevin-montrose_jil-8a5af0f\jiltests\bin\debug\net452\jiltests.dll" id="cbda9aff-54f5-4a50-9c59-771cdec1d9eb"><Execution id="fbf947f7-1b57-443b-93e4-9f1ca919d373" /><TestMethod codeBase="C:\Users\dt-impact\ftsubs\mstest\kevin-montrose_Jil-8a5af0f\JilTests\bin\Debug\net452\JilTests.dll" adapterTypeName="executor://xunit/VsTestRunner2/desktop_and_uap" className="JilTests.DeserializeTests" name="JilTests.DeserializeTests.SystemObject" /></UnitTest><UnitTest name="JilTests.DeserializeDynamicTests.ArrayEnumerator" storage="c:\users\dt-impact\ftsubs\mstest\kevin-montrose_jil-8a5af0f\jiltests\bin\debug\net452\jiltests.dll" id="c5ba20d8-1560-4219-8d07-b32c3e2ac22d"><Execution id="4a94b080-8071-456e-b2db-a7120294f5f2" /><TestMethod codeBase="C:\Users\dt-impact\ftsubs\mstest\kevin-montrose_Jil-8a5af0f\JilTests\bin\Debug\net452\JilTests.dll" adapterTypeName="executor://xunit/VsTestRunner2/desktop_and_uap" className="JilTests.DeserializeDynamicTests" name="JilTests.DeserializeDynamicTests.ArrayEnumerator" /></UnitTest><UnitTest name="JilTests.SerializeTests.InnerLists" storage="c:\users\dt-impact\ftsubs\mstest\kevin-montrose_jil-8a5af0f\jiltests\bin\debug\net452\jiltests.dll" id="bc07f30f-5618-48ec-8063-e94a2bd470dd"><Execution id="609bec7b-4a3e-4a41-8604-56252e64971e" /><TestMethod codeBase="C:\Users\dt-impact\ftsubs\mstest\kevin-montrose_Jil-8a5af0f\JilTests\bin\Debug\net452\JilTests.dll" adapterTypeName="executor://xunit/VsTestRunner2/desktop_and_uap" className="JilTests.SerializeTests" name="JilTests.SerializeTests.InnerLists" /></UnitTest><UnitTest name="JilTests.SerializeTests.SerializeNestedDictionary" storage="c:\users\dt-impact\ftsubs\mstest\kevin-montrose_jil-8a5af0f\jiltests\bin\debug\net452\jiltests.dll" id="a27c99be-5439-447e-8343-6c4d9b344937"><Execution id="f75637ba-aaca-428d-bd07-ae1e889465b4" /><TestMethod codeBase="C:\Users\dt-impact\ftsubs\mstest\kevin-montrose_Jil-8a5af0f\JilTests\bin\Debug\net452\JilTests.dll" adapterTypeName="executor://xunit/VsTestRunner2/desktop_and_uap" className="JilTests.SerializeTests" name="JilTests.SerializeTests.SerializeNestedDictionary" /></UnitTest><UnitTest name="JilTests.DeserializeTests.Issue53" storage="c:\users\dt-impact\ftsubs\mstest\kevin-montrose_jil-8a5af0f\jiltests\bin\debug\net452\jiltests.dll" id="5aea8416-79b4-43fc-a96e-e076a4624a52"><Execution id="f145ebb8-d137-4920-8b12-09f0df09c651" /><TestMethod codeBase="C:\Users\dt-impact\ftsubs\mstest\kevin-montrose_Jil-8a5af0f\JilTests\bin\Debug\net452\JilTests.dll" adapterTypeName="executor://xunit/VsTestRunner2/desktop_and_uap" className="JilTests.DeserializeTests" name="JilTests.DeserializeTests.Issue53" /></UnitTest><UnitTest name="JilTests.DeserializeDynamicTests.ArrayCoercion" storage="c:\users\dt-impact\ftsubs\mstest\kevin-montrose_jil-8a5af0f\jiltests\bin\debug\net452\jiltests.dll" id="d8475160-d196-4a96-90fb-f2510e169a16"><Execution id="cfd85c9f-0225-4cbe-aaf9-f91b494194b8" /><TestMethod codeBase="C:\Users\dt-impact\ftsubs\mstest\kevin-montrose_Jil-8a5af0f\JilTests\bin\Debug\net452\JilTests.dll" adapterTypeName="executor://xunit/VsTestRunner2/desktop_and_uap" className="JilTests.DeserializeDynamicTests" name="JilTests.DeserializeDynamicTests.ArrayCoercion" /></UnitTest><UnitTest name="JilTests.SerializeTests.EnumVariations" storage="c:\users\dt-impact\ftsubs\mstest\kevin-montrose_jil-8a5af0f\jiltests\bin\debug\net452\jiltests.dll" id="a5194eb2-cc5f-487d-99ac-424d7ce7cf81"><Execution id="acf6e6e5-007f-42e6-a621-c9af416c0e0b" /><TestMethod codeBase="C:\Users\dt-impact\ftsubs\mstest\kevin-montrose_Jil-8a5af0f\JilTests\bin\Debug\net452\JilTests.dll" adapterTypeName="executor://xunit/VsTestRunner2/desktop_and_uap" className="JilTests.SerializeTests" name="JilTests.SerializeTests.EnumVariations" /></UnitTest><UnitTest name="JilTests.DeserializeTests.UnionTypeIndication" storage="c:\users\dt-impact\ftsubs\mstest\kevin-montrose_jil-8a5af0f\jiltests\bin\debug\net452\jiltests.dll" id="10f927db-ce3b-40f3-b3e3-49c37276bb53"><Execution id="e38b7da1-0e29-4ae5-a256-98ffa4f75bef" /><TestMethod codeBase="C:\Users\dt-impact\ftsubs\mstest\kevin-montrose_Jil-8a5af0f\JilTests\bin\Debug\net452\JilTests.dll" adapterTypeName="executor://xunit/VsTestRunner2/desktop_and_uap" className="JilTests.DeserializeTests" name="JilTests.DeserializeTests.UnionTypeIndication" /></UnitTest><UnitTest name="JilTests.SerializeTests.SerializeToString" storage="c:\users\dt-impact\ftsubs\mstest\kevin-montrose_jil-8a5af0f\jiltests\bin\debug\net452\jiltests.dll" id="62a7f1e3-e7a8-4790-8428-90ac57013e96"><Execution id="e0480fd7-d636-4332-91b5-dd93be088362" /><TestMethod codeBase="C:\Users\dt-impact\ftsubs\mstest\kevin-montrose_Jil-8a5af0f\JilTests\bin\Debug\net452\JilTests.dll" adapterTypeName="executor://xunit/VsTestRunner2/desktop_and_uap" className="JilTests.SerializeTests" name="JilTests.SerializeTests.SerializeToString" /></UnitTest><UnitTest name="JilTests.DeserializeDynamicTests.Issue134" storage="c:\users\dt-impact\ftsubs\mstest\kevin-montrose_jil-8a5af0f\jiltests\bin\debug\net452\jiltests.dll" id="da71bc76-b3de-4f08-955c-4cef6542e4ec"><Execution id="c6700127-8f01-4c30-aee2-3fcb0cb905ea" /><TestMethod codeBase="C:\Users\dt-impact\ftsubs\mstest\kevin-montrose_Jil-8a5af0f\JilTests\bin\Debug\net452\JilTests.dll" adapterTypeName="executor://xunit/VsTestRunner2/desktop_and_uap" className="JilTests.DeserializeDynamicTests" name="JilTests.DeserializeDynamicTests.Issue134" /></UnitTest><UnitTest name="JilTests.DeserializeTests.MalformedISO8601(dateString: &quot;\&quot;1999-02-29\&quot;&quot;, expectedError: &quot;ISO8601 date could not be mapped to DateTime&quot;)" storage="c:\users\dt-impact\ftsubs\mstest\kevin-montrose_jil-8a5af0f\jiltests\bin\debug\net452\jiltests.dll" id="2c32ab76-fd9f-4924-932f-0728f031ad1c"><Execution id="5a4addce-6abd-43b0-b5f0-8daff9c6b0e3" /><TestMethod codeBase="C:\Users\dt-impact\ftsubs\mstest\kevin-montrose_Jil-8a5af0f\JilTests\bin\Debug\net452\JilTests.dll" adapterTypeName="executor://xunit/VsTestRunner2/desktop_and_uap" className="JilTests.DeserializeTests" name="JilTests.DeserializeTests.MalformedISO8601(dateString: &quot;\&quot;1999-02-29\&quot;&quot;, expectedError: &quot;ISO8601 date could not be mapped to DateTime&quot;)" /></UnitTest><UnitTest name="JilTests.DeserializeTests.Doubles" storage="c:\users\dt-impact\ftsubs\mstest\kevin-montrose_jil-8a5af0f\jiltests\bin\debug\net452\jiltests.dll" id="ba382c00-5229-4201-964d-7b20914b5741"><Execution id="ec94de99-c4da-434b-9b58-7897faf63e0a" /><TestMethod codeBase="C:\Users\dt-impact\ftsubs\mstest\kevin-montrose_Jil-8a5af0f\JilTests\bin\Debug\net452\JilTests.dll" adapterTypeName="executor://xunit/VsTestRunner2/desktop_and_uap" className="JilTests.DeserializeTests" name="JilTests.DeserializeTests.Doubles" /></UnitTest><UnitTest name="JilTests.DeserializeTests.ISO8601WeekDates" storage="c:\users\dt-impact\ftsubs\mstest\kevin-montrose_jil-8a5af0f\jiltests\bin\debug\net452\jiltests.dll" id="10dd0004-18f4-4e8a-8bb7-b8b549f0e6b1"><Execution id="b404f7d3-8d3c-4a19-ac18-11140ec3e07c" /><TestMethod codeBase="C:\Users\dt-impact\ftsubs\mstest\kevin-montrose_Jil-8a5af0f\JilTests\bin\Debug\net452\JilTests.dll" adapterTypeName="executor://xunit/VsTestRunner2/desktop_and_uap" className="JilTests.DeserializeTests" name="JilTests.DeserializeTests.ISO8601WeekDates" /></UnitTest><UnitTest name="JilTests.DeserializeTests.NewtsoftDateTimes" storage="c:\users\dt-impact\ftsubs\mstest\kevin-montrose_jil-8a5af0f\jiltests\bin\debug\net452\jiltests.dll" id="d32d3f3c-a956-468e-bdfd-6dbccef02be5"><Execution id="2de3f99e-f49c-49ab-ad30-ceda753dab0a" /><TestMethod codeBase="C:\Users\dt-impact\ftsubs\mstest\kevin-montrose_Jil-8a5af0f\JilTests\bin\Debug\net452\JilTests.dll" adapterTypeName="executor://xunit/VsTestRunner2/desktop_and_uap" className="JilTests.DeserializeTests" name="JilTests.DeserializeTests.NewtsoftDateTimes" /></UnitTest><UnitTest name="JilTests.SerializeTests.NullablePrimitives" storage="c:\users\dt-impact\ftsubs\mstest\kevin-montrose_jil-8a5af0f\jiltests\bin\debug\net452\jiltests.dll" id="2f408de9-0f41-4355-b168-8b48c55edeb3"><Execution id="bc32db43-212e-4e14-8b9c-21c5a8e82fa6" /><TestMethod codeBase="C:\Users\dt-impact\ftsubs\mstest\kevin-montrose_Jil-8a5af0f\JilTests\bin\Debug\net452\JilTests.dll" adapterTypeName="executor://xunit/VsTestRunner2/desktop_and_uap" className="JilTests.SerializeTests" name="JilTests.SerializeTests.NullablePrimitives" /></UnitTest><UnitTest name="JilTests.DeserializeDynamicTests.Not" storage="c:\users\dt-impact\ftsubs\mstest\kevin-montrose_jil-8a5af0f\jiltests\bin\debug\net452\jiltests.dll" id="ef05772f-14c7-4ce7-88c2-eadd9475888a"><Execution id="2a1ab84c-fc7e-453d-a592-fa83c1081bbc" /><TestMethod codeBase="C:\Users\dt-impact\ftsubs\mstest\kevin-montrose_Jil-8a5af0f\JilTests\bin\Debug\net452\JilTests.dll" adapterTypeName="executor://xunit/VsTestRunner2/desktop_and_uap" className="JilTests.DeserializeDynamicTests" name="JilTests.DeserializeDynamicTests.Not" /></UnitTest><UnitTest name="JilTests.SerializeTests.PrimitiveWrapperMembers" storage="c:\users\dt-impact\ftsubs\mstest\kevin-montrose_jil-8a5af0f\jiltests\bin\debug\net452\jiltests.dll" id="10d8e601-ad48-4140-acd3-b7a56ed73d5c"><Execution id="200f4505-f61f-457a-9e13-08b6371dfd79" /><TestMethod codeBase="C:\Users\dt-impact\ftsubs\mstest\kevin-montrose_Jil-8a5af0f\JilTests\bin\Debug\net452\JilTests.dll" adapterTypeName="executor://xunit/VsTestRunner2/desktop_and_uap" className="JilTests.SerializeTests" name="JilTests.SerializeTests.PrimitiveWrapperMembers" /></UnitTest><UnitTest name="JilTests.DeserializeDynamicTests.Issue61" storage="c:\users\dt-impact\ftsubs\mstest\kevin-montrose_jil-8a5af0f\jiltests\bin\debug\net452\jiltests.dll" id="1e99afe6-3499-4184-a799-c89b20ae067e"><Execution id="d35a6cb5-0cdb-4668-94a7-e0265016ffec" /><TestMethod codeBase="C:\Users\dt-impact\ftsubs\mstest\kevin-montrose_Jil-8a5af0f\JilTests\bin\Debug\net452\JilTests.dll" adapterTypeName="executor://xunit/VsTestRunner2/desktop_and_uap" className="JilTests.DeserializeDynamicTests" name="JilTests.DeserializeDynamicTests.Issue61" /></UnitTest><UnitTest name="JilTests.DynamicSerializationTests.Simple" storage="c:\users\dt-impact\ftsubs\mstest\kevin-montrose_jil-8a5af0f\jiltests\bin\debug\net452\jiltests.dll" id="44a23519-d237-4fc3-8dd3-76940f2d02a8"><Execution id="15d3493a-27a2-41f8-b896-fea9e7c6ad60" /><TestMethod codeBase="C:\Users\dt-impact\ftsubs\mstest\kevin-montrose_Jil-8a5af0f\JilTests\bin\Debug\net452\JilTests.dll" adapterTypeName="executor://xunit/VsTestRunner2/desktop_and_uap" className="JilTests.DynamicSerializationTests" name="JilTests.DynamicSerializationTests.Simple" /></UnitTest><UnitTest name="JilTests.DeserializeTests.Enums" storage="c:\users\dt-impact\ftsubs\mstest\kevin-montrose_jil-8a5af0f\jiltests\bin\debug\net452\jiltests.dll" id="bc44fd95-7e44-4fae-83bb-44ed2686e8ed"><Execution id="04399871-cbd9-4042-b573-a5e0ee06f90f" /><TestMethod codeBase="C:\Users\dt-impact\ftsubs\mstest\kevin-montrose_Jil-8a5af0f\JilTests\bin\Debug\net452\JilTests.dll" adapterTypeName="executor://xunit/VsTestRunner2/desktop_and_uap" className="JilTests.DeserializeTests" name="JilTests.DeserializeTests.Enums" /></UnitTest><UnitTest name="JilTests.SerializeTests.Issue165" storage="c:\users\dt-impact\ftsubs\mstest\kevin-montrose_jil-8a5af0f\jiltests\bin\debug\net452\jiltests.dll" id="bb3a65c9-b151-4ea2-b3db-7cbe2c911bf9"><Execution id="e01aa59d-2f51-49de-a173-13c017af2038" /><TestMethod codeBase="C:\Users\dt-impact\ftsubs\mstest\kevin-montrose_Jil-8a5af0f\JilTests\bin\Debug\net452\JilTests.dll" adapterTypeName="executor://xunit/VsTestRunner2/desktop_and_uap" className="JilTests.SerializeTests" name="JilTests.SerializeTests.Issue165" /></UnitTest><UnitTest name="JilTests.DeserializeTests.BadDouble(input: &quot;1.2.3.4.5.6&quot;, expectedSnippetAfter: &quot;.3.4.5.6&quot;)" storage="c:\users\dt-impact\ftsubs\mstest\kevin-montrose_jil-8a5af0f\jiltests\bin\debug\net452\jiltests.dll" id="d6de7477-35da-42d6-8fbc-1fc39dc82719"><Execution id="e391ec2d-db9e-4483-94f1-c5b8f86e34cd" /><TestMethod codeBase="C:\Users\dt-impact\ftsubs\mstest\kevin-montrose_Jil-8a5af0f\JilTests\bin\Debug\net452\JilTests.dll" adapterTypeName="executor://xunit/VsTestRunner2/desktop_and_uap" className="JilTests.DeserializeTests" name="JilTests.DeserializeTests.BadDouble(input: &quot;1.2.3.4.5.6&quot;, expectedSnippetAfter: &quot;.3.4.5.6&quot;)" /></UnitTest><UnitTest name="JilTests.DeserializeTests.ISO8601TimeSpan_YearsMonth" storage="c:\users\dt-impact\ftsubs\mstest\kevin-montrose_jil-8a5af0f\jiltests\bin\debug\net452\jiltests.dll" id="21df7d56-1e99-4af0-a6d5-4b80d88fc64e"><Execution id="75cbde54-286a-4c9d-8c21-13ec445365c3" /><TestMethod codeBase="C:\Users\dt-impact\ftsubs\mstest\kevin-montrose_Jil-8a5af0f\JilTests\bin\Debug\net452\JilTests.dll" adapterTypeName="executor://xunit/VsTestRunner2/desktop_and_uap" className="JilTests.DeserializeTests" name="JilTests.DeserializeTests.ISO8601TimeSpan_YearsMonth" /></UnitTest><UnitTest name="JilTests.DeserializeDynamicTests.MemberAccess" storage="c:\users\dt-impact\ftsubs\mstest\kevin-montrose_jil-8a5af0f\jiltests\bin\debug\net452\jiltests.dll" id="4ef0cdc8-70aa-4681-8460-de1206a2b307"><Execution id="0f23de52-7d1f-433c-99b3-e9e7c3e0f7a3" /><TestMethod codeBase="C:\Users\dt-impact\ftsubs\mstest\kevin-montrose_Jil-8a5af0f\JilTests\bin\Debug\net452\JilTests.dll" adapterTypeName="executor://xunit/VsTestRunner2/desktop_and_uap" className="JilTests.DeserializeDynamicTests" name="JilTests.DeserializeDynamicTests.MemberAccess" /></UnitTest><UnitTest name="JilTests.DeserializeTests.MalformedISO8601(dateString: &quot;\&quot;1900-366\&quot;&quot;, expectedError: &quot;Ordinal day can only be 366 in a leap year&quot;)" storage="c:\users\dt-impact\ftsubs\mstest\kevin-montrose_jil-8a5af0f\jiltests\bin\debug\net452\jiltests.dll" id="5ce854bc-d711-4366-9ada-f2f9dc4e8bdc"><Execution id="b41c0a35-282a-437c-b387-08aa1ce981e8" /><TestMethod codeBase="C:\Users\dt-impact\ftsubs\mstest\kevin-montrose_Jil-8a5af0f\JilTests\bin\Debug\net452\JilTests.dll" adapterTypeName="executor://xunit/VsTestRunner2/desktop_and_uap" className="JilTests.DeserializeTests" name="JilTests.DeserializeTests.MalformedISO8601(dateString: &quot;\&quot;1900-366\&quot;&quot;, expectedError: &quot;Ordinal day can only be 366 in a leap year&quot;)" /></UnitTest><UnitTest name="JilTests.DynamicSerializationTests.ElasticExampleFailure" storage="c:\users\dt-impact\ftsubs\mstest\kevin-montrose_jil-8a5af0f\jiltests\bin\debug\net452\jiltests.dll" id="c01a4742-5bfe-4e1f-9441-48fddb21078a"><Execution id="4c1f4f43-01b4-4763-92ae-c7e7dcfe096e" /><TestMethod codeBase="C:\Users\dt-impact\ftsubs\mstest\kevin-montrose_Jil-8a5af0f\JilTests\bin\Debug\net452\JilTests.dll" adapterTypeName="executor://xunit/VsTestRunner2/desktop_and_uap" className="JilTests.DynamicSerializationTests" name="JilTests.DynamicSerializationTests.ElasticExampleFailure" /></UnitTest><UnitTest name="JilTests.DeserializeTests.EnumMemberAttributeOverrideFlags" storage="c:\users\dt-impact\ftsubs\mstest\kevin-montrose_jil-8a5af0f\jiltests\bin\debug\net452\jiltests.dll" id="535207a3-a193-49b7-ba45-cc2284ec8b9f"><Execution id="4688e262-f1c5-48a7-9e7b-f572340baec3" /><TestMethod codeBase="C:\Users\dt-impact\ftsubs\mstest\kevin-montrose_Jil-8a5af0f\JilTests\bin\Debug\net452\JilTests.dll" adapterTypeName="executor://xunit/VsTestRunner2/desktop_and_uap" className="JilTests.DeserializeTests" name="JilTests.DeserializeTests.EnumMemberAttributeOverrideFlags" /></UnitTest><UnitTest name="JilTests.DeserializeTests.PrivateConstructor_List" storage="c:\users\dt-impact\ftsubs\mstest\kevin-montrose_jil-8a5af0f\jiltests\bin\debug\net452\jiltests.dll" id="178dcb1e-a7ec-4dc5-9f52-599802f0c669"><Execution id="0b644d0c-2fa9-4454-848b-00b4b8893707" /><TestMethod codeBase="C:\Users\dt-impact\ftsubs\mstest\kevin-montrose_Jil-8a5af0f\JilTests\bin\Debug\net452\JilTests.dll" adapterTypeName="executor://xunit/VsTestRunner2/desktop_and_uap" className="JilTests.DeserializeTests" name="JilTests.DeserializeTests.PrivateConstructor_List" /></UnitTest><UnitTest name="JilTests.DeserializeDynamicTests.LongDateTimes" storage="c:\users\dt-impact\ftsubs\mstest\kevin-montrose_jil-8a5af0f\jiltests\bin\debug\net452\jiltests.dll" id="b4297d36-6fdf-441f-84e1-0877e86c62e0"><Execution id="de581a3e-03bc-4096-8f9d-6f2355c15b51" /><TestMethod codeBase="C:\Users\dt-impact\ftsubs\mstest\kevin-montrose_Jil-8a5af0f\JilTests\bin\Debug\net452\JilTests.dll" adapterTypeName="executor://xunit/VsTestRunner2/desktop_and_uap" className="JilTests.DeserializeDynamicTests" name="JilTests.DeserializeDynamicTests.LongDateTimes" /></UnitTest><UnitTest name="JilTests.SerializeTests.Guids" storage="c:\users\dt-impact\ftsubs\mstest\kevin-montrose_jil-8a5af0f\jiltests\bin\debug\net452\jiltests.dll" id="a4d52db0-dc6f-4d1a-864a-a07a984de361"><Execution id="d2fcea85-04fb-45f8-863b-f0e68b31ef39" /><TestMethod codeBase="C:\Users\dt-impact\ftsubs\mstest\kevin-montrose_Jil-8a5af0f\JilTests\bin\Debug\net452\JilTests.dll" adapterTypeName="executor://xunit/VsTestRunner2/desktop_and_uap" className="JilTests.SerializeTests" name="JilTests.SerializeTests.Guids" /></UnitTest><UnitTest name="JilTests.DeserializeTests.Issue117_UShort" storage="c:\users\dt-impact\ftsubs\mstest\kevin-montrose_jil-8a5af0f\jiltests\bin\debug\net452\jiltests.dll" id="3f846d0b-261e-429c-be83-3cb79c2c13ed"><Execution id="b363836a-4040-46d4-955f-cdf38bb7de42" /><TestMethod codeBase="C:\Users\dt-impact\ftsubs\mstest\kevin-montrose_Jil-8a5af0f\JilTests\bin\Debug\net452\JilTests.dll" adapterTypeName="executor://xunit/VsTestRunner2/desktop_and_uap" className="JilTests.DeserializeTests" name="JilTests.DeserializeTests.Issue117_UShort" /></UnitTest><UnitTest name="JilTests.DynamicSerializationTests.MillsecondsTimeSpans" storage="c:\users\dt-impact\ftsubs\mstest\kevin-montrose_jil-8a5af0f\jiltests\bin\debug\net452\jiltests.dll" id="6a4c91a1-3aad-47ac-85ff-2ff4e7eb81da"><Execution id="89e0ceda-0236-486c-b4be-76b16585b5a3" /><TestMethod codeBase="C:\Users\dt-impact\ftsubs\mstest\kevin-montrose_Jil-8a5af0f\JilTests\bin\Debug\net452\JilTests.dll" adapterTypeName="executor://xunit/VsTestRunner2/desktop_and_uap" className="JilTests.DynamicSerializationTests" name="JilTests.DynamicSerializationTests.MillsecondsTimeSpans" /></UnitTest><UnitTest name="JilTests.SerializeTests.Issue42" storage="c:\users\dt-impact\ftsubs\mstest\kevin-montrose_jil-8a5af0f\jiltests\bin\debug\net452\jiltests.dll" id="368260c2-cd79-400f-a195-623f780ec2b5"><Execution id="c2acf2fc-b1dd-4797-afd4-67b1c14cf0ac" /><TestMethod codeBase="C:\Users\dt-impact\ftsubs\mstest\kevin-montrose_Jil-8a5af0f\JilTests\bin\Debug\net452\JilTests.dll" adapterTypeName="executor://xunit/VsTestRunner2/desktop_and_uap" className="JilTests.SerializeTests" name="JilTests.SerializeTests.Issue42" /></UnitTest><UnitTest name="JilTests.DeserializeTests.UInts" storage="c:\users\dt-impact\ftsubs\mstest\kevin-montrose_jil-8a5af0f\jiltests\bin\debug\net452\jiltests.dll" id="abd18b4b-a9fc-4fa3-9af7-a76aded4ad55"><Execution id="71bf3cfc-dd4b-46e7-a215-62ad78162440" /><TestMethod codeBase="C:\Users\dt-impact\ftsubs\mstest\kevin-montrose_Jil-8a5af0f\JilTests\bin\Debug\net452\JilTests.dll" adapterTypeName="executor://xunit/VsTestRunner2/desktop_and_uap" className="JilTests.DeserializeTests" name="JilTests.DeserializeTests.UInts" /></UnitTest><UnitTest name="JilTests.SerializeTests.SerializeDynamic" storage="c:\users\dt-impact\ftsubs\mstest\kevin-montrose_jil-8a5af0f\jiltests\bin\debug\net452\jiltests.dll" id="a242063a-1354-4dfa-81e3-b46917e717a1"><Execution id="34e92001-b8c4-4048-b343-3f03b5d54764" /><TestMethod codeBase="C:\Users\dt-impact\ftsubs\mstest\kevin-montrose_Jil-8a5af0f\JilTests\bin\Debug\net452\JilTests.dll" adapterTypeName="executor://xunit/VsTestRunner2/desktop_and_uap" className="JilTests.SerializeTests" name="JilTests.SerializeTests.SerializeDynamic" /></UnitTest><UnitTest name="JilTests.SerializeTests.Issue275" storage="c:\users\dt-impact\ftsubs\mstest\kevin-montrose_jil-8a5af0f\jiltests\bin\debug\net452\jiltests.dll" id="8e89aff2-2de5-4940-9955-df8793afcb49"><Execution id="a792ae95-aa94-4cf4-9667-a3c39c34f259" /><TestMethod codeBase="C:\Users\dt-impact\ftsubs\mstest\kevin-montrose_Jil-8a5af0f\JilTests\bin\Debug\net452\JilTests.dll" adapterTypeName="executor://xunit/VsTestRunner2/desktop_and_uap" className="JilTests.SerializeTests" name="JilTests.SerializeTests.Issue275" /></UnitTest><UnitTest name="JilTests.UtilsTests.FindRecursiveTypes" storage="c:\users\dt-impact\ftsubs\mstest\kevin-montrose_jil-8a5af0f\jiltests\bin\debug\net452\jiltests.dll" id="747cf65c-d076-47c3-b907-4983a949e8f0"><Execution id="bc2eea57-bcbe-4b52-8510-2f510ba181dc" /><TestMethod codeBase="C:\Users\dt-impact\ftsubs\mstest\kevin-montrose_Jil-8a5af0f\JilTests\bin\Debug\net452\JilTests.dll" adapterTypeName="executor://xunit/VsTestRunner2/desktop_and_uap" className="JilTests.UtilsTests" name="JilTests.UtilsTests.FindRecursiveTypes" /></UnitTest><UnitTest name="JilTests.SerializeTests.DoubleConstantWeirdCulture" storage="c:\users\dt-impact\ftsubs\mstest\kevin-montrose_jil-8a5af0f\jiltests\bin\debug\net452\jiltests.dll" id="cd45cc48-f609-4493-9e0a-c19313a65c40"><Execution id="d47484b1-e2ae-4b94-a5e7-c4d6d69f25de" /><TestMethod codeBase="C:\Users\dt-impact\ftsubs\mstest\kevin-montrose_Jil-8a5af0f\JilTests\bin\Debug\net452\JilTests.dll" adapterTypeName="executor://xunit/VsTestRunner2/desktop_and_uap" className="JilTests.SerializeTests" name="JilTests.SerializeTests.DoubleConstantWeirdCulture" /></UnitTest><UnitTest name="JilTests.DeserializeTests.ILists" storage="c:\users\dt-impact\ftsubs\mstest\kevin-montrose_jil-8a5af0f\jiltests\bin\debug\net452\jiltests.dll" id="14692031-741c-4485-8141-7ad690b4ce95"><Execution id="396cea0c-8973-447f-8eb0-36860bb33865" /><TestMethod codeBase="C:\Users\dt-impact\ftsubs\mstest\kevin-montrose_Jil-8a5af0f\JilTests\bin\Debug\net452\JilTests.dll" adapterTypeName="executor://xunit/VsTestRunner2/desktop_and_uap" className="JilTests.DeserializeTests" name="JilTests.DeserializeTests.ILists" /></UnitTest><UnitTest name="JilTests.SerializeTests.Cyclical" storage="c:\users\dt-impact\ftsubs\mstest\kevin-montrose_jil-8a5af0f\jiltests\bin\debug\net452\jiltests.dll" id="8965f6e9-7cdc-4844-bd1b-6f97e3afb81b"><Execution id="fa49539a-8fa5-4033-a56b-09f6f02d7a8b" /><TestMethod codeBase="C:\Users\dt-impact\ftsubs\mstest\kevin-montrose_Jil-8a5af0f\JilTests\bin\Debug\net452\JilTests.dll" adapterTypeName="executor://xunit/VsTestRunner2/desktop_and_uap" className="JilTests.SerializeTests" name="JilTests.SerializeTests.Cyclical" /></UnitTest><UnitTest name="JilTests.SerializeTests.FlagOption" storage="c:\users\dt-impact\ftsubs\mstest\kevin-montrose_jil-8a5af0f\jiltests\bin\debug\net452\jiltests.dll" id="53b167b2-d0ac-49e7-b66d-0630273bbb11"><Execution id="696d0b65-db32-4ef0-a26d-1615a9efdaf7" /><TestMethod codeBase="C:\Users\dt-impact\ftsubs\mstest\kevin-montrose_Jil-8a5af0f\JilTests\bin\Debug\net452\JilTests.dll" adapterTypeName="executor://xunit/VsTestRunner2/desktop_and_uap" className="JilTests.SerializeTests" name="JilTests.SerializeTests.FlagOption" /></UnitTest><UnitTest name="JilTests.DeserializeDynamicTests.EnumMemberAttributeOverride" storage="c:\users\dt-impact\ftsubs\mstest\kevin-montrose_jil-8a5af0f\jiltests\bin\debug\net452\jiltests.dll" id="11642092-9430-41c3-800c-84cef26f1051"><Execution id="184241cf-b370-4b78-80f5-045fdefb4a84" /><TestMethod codeBase="C:\Users\dt-impact\ftsubs\mstest\kevin-montrose_Jil-8a5af0f\JilTests\bin\Debug\net452\JilTests.dll" adapterTypeName="executor://xunit/VsTestRunner2/desktop_and_uap" className="JilTests.DeserializeDynamicTests" name="JilTests.DeserializeDynamicTests.EnumMemberAttributeOverride" /></UnitTest><UnitTest name="JilTests.DeserializeTests.Dictionaries" storage="c:\users\dt-impact\ftsubs\mstest\kevin-montrose_jil-8a5af0f\jiltests\bin\debug\net452\jiltests.dll" id="6436278a-15eb-454e-aa67-27dd041d6bdd"><Execution id="dfac3540-7cb1-40a6-b87a-deb54fc427a9" /><TestMethod codeBase="C:\Users\dt-impact\ftsubs\mstest\kevin-montrose_Jil-8a5af0f\JilTests\bin\Debug\net452\JilTests.dll" adapterTypeName="executor://xunit/VsTestRunner2/desktop_and_uap" className="JilTests.DeserializeTests" name="JilTests.DeserializeTests.Dictionaries" /></UnitTest><UnitTest name="JilTests.DeserializeTests.SBytes" storage="c:\users\dt-impact\ftsubs\mstest\kevin-montrose_jil-8a5af0f\jiltests\bin\debug\net452\jiltests.dll" id="75e965e0-55bc-471c-8a0f-b2267e66b44c"><Execution id="66175ab5-e03a-48fc-b900-0dd7318aea6f" /><TestMethod codeBase="C:\Users\dt-impact\ftsubs\mstest\kevin-montrose_Jil-8a5af0f\JilTests\bin\Debug\net452\JilTests.dll" adapterTypeName="executor://xunit/VsTestRunner2/desktop_and_uap" className="JilTests.DeserializeTests" name="JilTests.DeserializeTests.SBytes" /></UnitTest><UnitTest name="JilTests.DynamicSerializationTests.ISO8601TimeSpans" storage="c:\users\dt-impact\ftsubs\mstest\kevin-montrose_jil-8a5af0f\jiltests\bin\debug\net452\jiltests.dll" id="ccc9e90b-a8be-44d8-a103-1a746f782304"><Execution id="09435c9b-a536-4378-8cdf-6fca7ff271fd" /><TestMethod codeBase="C:\Users\dt-impact\ftsubs\mstest\kevin-montrose_Jil-8a5af0f\JilTests\bin\Debug\net452\JilTests.dll" adapterTypeName="executor://xunit/VsTestRunner2/desktop_and_uap" className="JilTests.DynamicSerializationTests" name="JilTests.DynamicSerializationTests.ISO8601TimeSpans" /></UnitTest><UnitTest name="JilTests.DeserializeTests.BadDecimal(input: &quot;1.2E++10&quot;, expectedSnippetAfter: &quot;+10&quot;)" storage="c:\users\dt-impact\ftsubs\mstest\kevin-montrose_jil-8a5af0f\jiltests\bin\debug\net452\jiltests.dll" id="6c592dd7-8634-4513-a62e-d40cf7f0694e"><Execution id="848751c5-39a1-49bc-9906-a87e908c8fd9" /><TestMethod codeBase="C:\Users\dt-impact\ftsubs\mstest\kevin-montrose_Jil-8a5af0f\JilTests\bin\Debug\net452\JilTests.dll" adapterTypeName="executor://xunit/VsTestRunner2/desktop_and_uap" className="JilTests.DeserializeTests" name="JilTests.DeserializeTests.BadDecimal(input: &quot;1.2E++10&quot;, expectedSnippetAfter: &quot;+10&quot;)" /></UnitTest><UnitTest name="JilTests.DeserializeDynamicTests.UnsignedSmallNumberTests" storage="c:\users\dt-impact\ftsubs\mstest\kevin-montrose_jil-8a5af0f\jiltests\bin\debug\net452\jiltests.dll" id="ce8289be-2647-4c47-99de-8907381a54a7"><Execution id="49360528-7258-49c7-954c-c72d6b8b4f53" /><TestMethod codeBase="C:\Users\dt-impact\ftsubs\mstest\kevin-montrose_Jil-8a5af0f\JilTests\bin\Debug\net452\JilTests.dll" adapterTypeName="executor://xunit/VsTestRunner2/desktop_and_uap" className="JilTests.DeserializeDynamicTests" name="JilTests.DeserializeDynamicTests.UnsignedSmallNumberTests" /></UnitTest><UnitTest name="JilTests.SerializeTests.ConfigDefaultOptions" storage="c:\users\dt-impact\ftsubs\mstest\kevin-montrose_jil-8a5af0f\jiltests\bin\debug\net452\jiltests.dll" id="c69ae0c5-8fb2-4a04-af7f-bd34be711f37"><Execution id="d286ce2c-1f45-4cbb-9d00-72a089937021" /><TestMethod codeBase="C:\Users\dt-impact\ftsubs\mstest\kevin-montrose_Jil-8a5af0f\JilTests\bin\Debug\net452\JilTests.dll" adapterTypeName="executor://xunit/VsTestRunner2/desktop_and_uap" className="JilTests.SerializeTests" name="JilTests.SerializeTests.ConfigDefaultOptions" /></UnitTest><UnitTest name="JilTests.DeserializeDynamicTests.Indexer" storage="c:\users\dt-impact\ftsubs\mstest\kevin-montrose_jil-8a5af0f\jiltests\bin\debug\net452\jiltests.dll" id="1ae727bd-2a56-4ac9-9c20-6bb693d263c9"><Execution id="73074311-cc43-4b7a-9508-689730ed1d69" /><TestMethod codeBase="C:\Users\dt-impact\ftsubs\mstest\kevin-montrose_Jil-8a5af0f\JilTests\bin\Debug\net452\JilTests.dll" adapterTypeName="executor://xunit/VsTestRunner2/desktop_and_uap" className="JilTests.DeserializeDynamicTests" name="JilTests.DeserializeDynamicTests.Indexer" /></UnitTest><UnitTest name="JilTests.DeserializeTests.DictionaryNumberKeys" storage="c:\users\dt-impact\ftsubs\mstest\kevin-montrose_jil-8a5af0f\jiltests\bin\debug\net452\jiltests.dll" id="2d813826-1963-4e38-928b-aa3ad944cfc7"><Execution id="c5103c2a-48d3-431e-9e94-30e8141de384" /><TestMethod codeBase="C:\Users\dt-impact\ftsubs\mstest\kevin-montrose_Jil-8a5af0f\JilTests\bin\Debug\net452\JilTests.dll" adapterTypeName="executor://xunit/VsTestRunner2/desktop_and_uap" className="JilTests.DeserializeTests" name="JilTests.DeserializeTests.DictionaryNumberKeys" /></UnitTest><UnitTest name="JilTests.UtilsTests.FindRecursiveTypes_DictDict" storage="c:\users\dt-impact\ftsubs\mstest\kevin-montrose_jil-8a5af0f\jiltests\bin\debug\net452\jiltests.dll" id="09a609c5-65de-4bf8-b511-7459b705ce1d"><Execution id="31bddd62-8ef9-4305-b991-d21553abd9cc" /><TestMethod codeBase="C:\Users\dt-impact\ftsubs\mstest\kevin-montrose_Jil-8a5af0f\JilTests\bin\Debug\net452\JilTests.dll" adapterTypeName="executor://xunit/VsTestRunner2/desktop_and_uap" className="JilTests.UtilsTests" name="JilTests.UtilsTests.FindRecursiveTypes_DictDict" /></UnitTest><UnitTest name="JilTests.SerializeTests.ISO8601WithOffset" storage="c:\users\dt-impact\ftsubs\mstest\kevin-montrose_jil-8a5af0f\jiltests\bin\debug\net452\jiltests.dll" id="57705c2e-da17-42f3-a296-93c6e45e439c"><Execution id="651159cd-b6fe-4f75-913a-047e9cc73b57" /><TestMethod codeBase="C:\Users\dt-impact\ftsubs\mstest\kevin-montrose_Jil-8a5af0f\JilTests\bin\Debug\net452\JilTests.dll" adapterTypeName="executor://xunit/VsTestRunner2/desktop_and_uap" className="JilTests.SerializeTests" name="JilTests.SerializeTests.ISO8601WithOffset" /></UnitTest><UnitTest name="JilTests.DeserializeDynamicTests.TrickyNumbers" storage="c:\users\dt-impact\ftsubs\mstest\kevin-montrose_jil-8a5af0f\jiltests\bin\debug\net452\jiltests.dll" id="4309dab5-451b-486c-816f-58f841abc2f8"><Execution id="98925caf-b568-46bc-a7b4-b7c5bf2e47b0" /><TestMethod codeBase="C:\Users\dt-impact\ftsubs\mstest\kevin-montrose_Jil-8a5af0f\JilTests\bin\Debug\net452\JilTests.dll" adapterTypeName="executor://xunit/VsTestRunner2/desktop_and_uap" className="JilTests.DeserializeDynamicTests" name="JilTests.DeserializeDynamicTests.TrickyNumbers" /></UnitTest><UnitTest name="JilTests.DeserializeTests.Interface" storage="c:\users\dt-impact\ftsubs\mstest\kevin-montrose_jil-8a5af0f\jiltests\bin\debug\net452\jiltests.dll" id="b36903e0-1bc9-4cd1-abcd-208b6d7f703c"><Execution id="77e5f0c2-861f-42fe-a35b-4c414ce6d946" /><TestMethod codeBase="C:\Users\dt-impact\ftsubs\mstest\kevin-montrose_Jil-8a5af0f\JilTests\bin\Debug\net452\JilTests.dll" adapterTypeName="executor://xunit/VsTestRunner2/desktop_and_uap" className="JilTests.DeserializeTests" name="JilTests.DeserializeTests.Interface" /></UnitTest><UnitTest name="JilTests.SerializeTests.MicrosoftDateTimeOffsets" storage="c:\users\dt-impact\ftsubs\mstest\kevin-montrose_jil-8a5af0f\jiltests\bin\debug\net452\jiltests.dll" id="8cfa03f5-d0d3-46e4-99cc-f0fc9d1bc160"><Execution id="14b56480-42f5-45a1-b2ae-00eeb364323c" /><TestMethod codeBase="C:\Users\dt-impact\ftsubs\mstest\kevin-montrose_Jil-8a5af0f\JilTests\bin\Debug\net452\JilTests.dll" adapterTypeName="executor://xunit/VsTestRunner2/desktop_and_uap" className="JilTests.SerializeTests" name="JilTests.SerializeTests.MicrosoftDateTimeOffsets" /></UnitTest><UnitTest name="JilTests.SerializeTests.JilDirectiveAttributeTest" storage="c:\users\dt-impact\ftsubs\mstest\kevin-montrose_jil-8a5af0f\jiltests\bin\debug\net452\jiltests.dll" id="99711672-f08a-4173-b7f3-d29f40c5d9a6"><Execution id="ad7ca8ea-5574-462f-a925-4b9830acc744" /><TestMethod codeBase="C:\Users\dt-impact\ftsubs\mstest\kevin-montrose_Jil-8a5af0f\JilTests\bin\Debug\net452\JilTests.dll" adapterTypeName="executor://xunit/VsTestRunner2/desktop_and_uap" className="JilTests.SerializeTests" name="JilTests.SerializeTests.JilDirectiveAttributeTest" /></UnitTest><UnitTest name="JilTests.SerializeTests.IReadOnlyList" storage="c:\users\dt-impact\ftsubs\mstest\kevin-montrose_jil-8a5af0f\jiltests\bin\debug\net452\jiltests.dll" id="4ca5eaad-052c-4248-953f-30bca36e0b7e"><Execution id="63ea2ae8-e784-4338-bfa5-093ec50da070" /><TestMethod codeBase="C:\Users\dt-impact\ftsubs\mstest\kevin-montrose_Jil-8a5af0f\JilTests\bin\Debug\net452\JilTests.dll" adapterTypeName="executor://xunit/VsTestRunner2/desktop_and_uap" className="JilTests.SerializeTests" name="JilTests.SerializeTests.IReadOnlyList" /></UnitTest><UnitTest name="JilTests.DeserializeTests.BadPrimitiveWrapper" storage="c:\users\dt-impact\ftsubs\mstest\kevin-montrose_jil-8a5af0f\jiltests\bin\debug\net452\jiltests.dll" id="3581ae29-6fb8-4af0-946c-ddf9ed857a62"><Execution id="ea0d5b17-8c29-4c6e-ba19-db32d44fc6e8" /><TestMethod codeBase="C:\Users\dt-impact\ftsubs\mstest\kevin-montrose_Jil-8a5af0f\JilTests\bin\Debug\net452\JilTests.dll" adapterTypeName="executor://xunit/VsTestRunner2/desktop_and_uap" className="JilTests.DeserializeTests" name="JilTests.DeserializeTests.BadPrimitiveWrapper" /></UnitTest><UnitTest name="JilTests.DeserializeTests.DateTimeOffsetPreservesOffset" storage="c:\users\dt-impact\ftsubs\mstest\kevin-montrose_jil-8a5af0f\jiltests\bin\debug\net452\jiltests.dll" id="85e2e1c3-e5cc-455f-82ce-835c80f0c094"><Execution id="800c6d22-bc8f-4cb9-a2bc-cc0c6b5ab815" /><TestMethod codeBase="C:\Users\dt-impact\ftsubs\mstest\kevin-montrose_Jil-8a5af0f\JilTests\bin\Debug\net452\JilTests.dll" adapterTypeName="executor://xunit/VsTestRunner2/desktop_and_uap" className="JilTests.DeserializeTests" name="JilTests.DeserializeTests.DateTimeOffsetPreservesOffset" /></UnitTest><UnitTest name="JilTests.SerializeTests.InfiniteRecursion" storage="c:\users\dt-impact\ftsubs\mstest\kevin-montrose_jil-8a5af0f\jiltests\bin\debug\net452\jiltests.dll" id="1bf1cc98-4636-46b7-af5e-84baf3f47397"><Execution id="0570ebab-aea0-44b7-9b01-4c79ec76c0f3" /><TestMethod codeBase="C:\Users\dt-impact\ftsubs\mstest\kevin-montrose_Jil-8a5af0f\JilTests\bin\Debug\net452\JilTests.dll" adapterTypeName="executor://xunit/VsTestRunner2/desktop_and_uap" className="JilTests.SerializeTests" name="JilTests.SerializeTests.InfiniteRecursion" /></UnitTest><UnitTest name="JilTests.DynamicSerializationTests.Issue87" storage="c:\users\dt-impact\ftsubs\mstest\kevin-montrose_jil-8a5af0f\jiltests\bin\debug\net452\jiltests.dll" id="71137a76-c87e-4487-a8c1-12fea1259bd6"><Execution id="d6592f9e-d48e-4ba5-98b2-7345ff6215a7" /><TestMethod codeBase="C:\Users\dt-impact\ftsubs\mstest\kevin-montrose_Jil-8a5af0f\JilTests\bin\Debug\net452\JilTests.dll" adapterTypeName="executor://xunit/VsTestRunner2/desktop_and_uap" className="JilTests.DynamicSerializationTests" name="JilTests.DynamicSerializationTests.Issue87" /></UnitTest><UnitTest name="JilTests.SerializeTests.ReadOnlyLists" storage="c:\users\dt-impact\ftsubs\mstest\kevin-montrose_jil-8a5af0f\jiltests\bin\debug\net452\jiltests.dll" id="276cee72-fad8-4ea4-bf3b-53e9790a58fa"><Execution id="446f45a2-5b86-41e7-be7f-748148da8f02" /><TestMethod codeBase="C:\Users\dt-impact\ftsubs\mstest\kevin-montrose_Jil-8a5af0f\JilTests\bin\Debug\net452\JilTests.dll" adapterTypeName="executor://xunit/VsTestRunner2/desktop_and_uap" className="JilTests.SerializeTests" name="JilTests.SerializeTests.ReadOnlyLists" /></UnitTest><UnitTest name="JilTests.DeserializeTests.IReadOnlyListMember" storage="c:\users\dt-impact\ftsubs\mstest\kevin-montrose_jil-8a5af0f\jiltests\bin\debug\net452\jiltests.dll" id="a8216a1b-7f8f-4ee8-8089-018a96a718e0"><Execution id="d31acb61-4584-4ae8-8c1f-674ac2fd429e" /><TestMethod codeBase="C:\Users\dt-impact\ftsubs\mstest\kevin-montrose_Jil-8a5af0f\JilTests\bin\Debug\net452\JilTests.dll" adapterTypeName="executor://xunit/VsTestRunner2/desktop_and_uap" className="JilTests.DeserializeTests" name="JilTests.DeserializeTests.IReadOnlyListMember" /></UnitTest><UnitTest name="JilTests.DeserializeDynamicTests.EmptyArrayWithSpace" storage="c:\users\dt-impact\ftsubs\mstest\kevin-montrose_jil-8a5af0f\jiltests\bin\debug\net452\jiltests.dll" id="cc7dfe26-0b2e-4b3e-8e48-cf93d902c99f"><Execution id="076c4136-9853-432e-94db-8537237c3c65" /><TestMethod codeBase="C:\Users\dt-impact\ftsubs\mstest\kevin-montrose_Jil-8a5af0f\JilTests\bin\Debug\net452\JilTests.dll" adapterTypeName="executor://xunit/VsTestRunner2/desktop_and_uap" className="JilTests.DeserializeDynamicTests" name="JilTests.DeserializeDynamicTests.EmptyArrayWithSpace" /></UnitTest><UnitTest name="JilTests.DeserializeDynamicTests.EnumMemberAttributeOverrideFlags" storage="c:\users\dt-impact\ftsubs\mstest\kevin-montrose_jil-8a5af0f\jiltests\bin\debug\net452\jiltests.dll" id="bf5189e4-3da7-454f-a22c-79d097f1d82e"><Execution id="c7d68f42-71f4-435f-9a7b-b5ac657a87fa" /><TestMethod codeBase="C:\Users\dt-impact\ftsubs\mstest\kevin-montrose_Jil-8a5af0f\JilTests\bin\Debug\net452\JilTests.dll" adapterTypeName="executor://xunit/VsTestRunner2/desktop_and_uap" className="JilTests.DeserializeDynamicTests" name="JilTests.DeserializeDynamicTests.EnumMemberAttributeOverrideFlags" /></UnitTest><UnitTest name="JilTests.SerializeTests.ConvertEnumsToPrimitives" storage="c:\users\dt-impact\ftsubs\mstest\kevin-montrose_jil-8a5af0f\jiltests\bin\debug\net452\jiltests.dll" id="1d363e2f-88e3-4321-9a61-6f282e662dcb"><Execution id="5f433972-ae8f-4b33-ab22-1266c028fd89" /><TestMethod codeBase="C:\Users\dt-impact\ftsubs\mstest\kevin-montrose_Jil-8a5af0f\JilTests\bin\Debug\net452\JilTests.dll" adapterTypeName="executor://xunit/VsTestRunner2/desktop_and_uap" className="JilTests.SerializeTests" name="JilTests.SerializeTests.ConvertEnumsToPrimitives" /></UnitTest><UnitTest name="JilTests.DeserializeDynamicTests.Bool" storage="c:\users\dt-impact\ftsubs\mstest\kevin-montrose_jil-8a5af0f\jiltests\bin\debug\net452\jiltests.dll" id="6a067884-b741-45e4-922e-5da9d1fabe06"><Execution id="8b80acc1-af2c-4abf-b13a-641aa47d99b4" /><TestMethod codeBase="C:\Users\dt-impact\ftsubs\mstest\kevin-montrose_Jil-8a5af0f\JilTests\bin\Debug\net452\JilTests.dll" adapterTypeName="executor://xunit/VsTestRunner2/desktop_and_uap" className="JilTests.DeserializeDynamicTests" name="JilTests.DeserializeDynamicTests.Bool" /></UnitTest><UnitTest name="JilTests.DeserializeDynamicTests.Issue117(input: &quot;12.&quot;, expectedError: &quot;Expected digit&quot;)" storage="c:\users\dt-impact\ftsubs\mstest\kevin-montrose_jil-8a5af0f\jiltests\bin\debug\net452\jiltests.dll" id="e0fcee64-5615-4e0c-b685-10c3b0bd0579"><Execution id="926cb077-6910-49b7-942d-74dcfac1dc32" /><TestMethod codeBase="C:\Users\dt-impact\ftsubs\mstest\kevin-montrose_Jil-8a5af0f\JilTests\bin\Debug\net452\JilTests.dll" adapterTypeName="executor://xunit/VsTestRunner2/desktop_and_uap" className="JilTests.DeserializeDynamicTests" name="JilTests.DeserializeDynamicTests.Issue117(input: &quot;12.&quot;, expectedError: &quot;Expected digit&quot;)" /></UnitTest><UnitTest name="JilTests.DeserializeTests.UnionMisconfigured" storage="c:\users\dt-impact\ftsubs\mstest\kevin-montrose_jil-8a5af0f\jiltests\bin\debug\net452\jiltests.dll" id="e1acc4aa-26e2-494d-8674-61b4a016667e"><Execution id="439e2c76-a570-4ed1-b70b-161fce96f5a0" /><TestMethod codeBase="C:\Users\dt-impact\ftsubs\mstest\kevin-montrose_Jil-8a5af0f\JilTests\bin\Debug\net452\JilTests.dll" adapterTypeName="executor://xunit/VsTestRunner2/desktop_and_uap" className="JilTests.DeserializeTests" name="JilTests.DeserializeTests.UnionMisconfigured" /></UnitTest><UnitTest name="JilTests.SerializeTests.Issue150" storage="c:\users\dt-impact\ftsubs\mstest\kevin-montrose_jil-8a5af0f\jiltests\bin\debug\net452\jiltests.dll" id="93f72f70-f243-42a8-823a-38695f5d04fa"><Execution id="180ff4f2-4e00-4995-a74e-683b501674f5" /><TestMethod codeBase="C:\Users\dt-impact\ftsubs\mstest\kevin-montrose_Jil-8a5af0f\JilTests\bin\Debug\net452\JilTests.dll" adapterTypeName="executor://xunit/VsTestRunner2/desktop_and_uap" className="JilTests.SerializeTests" name="JilTests.SerializeTests.Issue150" /></UnitTest><UnitTest name="JilTests.DeserializeTests.ConvertEnumsToPrimitives" storage="c:\users\dt-impact\ftsubs\mstest\kevin-montrose_jil-8a5af0f\jiltests\bin\debug\net452\jiltests.dll" id="3403c7bd-35c3-47d2-b91c-729fb46a11ab"><Execution id="4ab55866-fc9b-4767-8bf5-106df3a0574e" /><TestMethod codeBase="C:\Users\dt-impact\ftsubs\mstest\kevin-montrose_Jil-8a5af0f\JilTests\bin\Debug\net452\JilTests.dll" adapterTypeName="executor://xunit/VsTestRunner2/desktop_and_uap" className="JilTests.DeserializeTests" name="JilTests.DeserializeTests.ConvertEnumsToPrimitives" /></UnitTest><UnitTest name="JilTests.DeserializeTests.Issue143DateTimeOffset" storage="c:\users\dt-impact\ftsubs\mstest\kevin-montrose_jil-8a5af0f\jiltests\bin\debug\net452\jiltests.dll" id="a0f16c7d-54b9-4b33-9a38-e50448795103"><Execution id="7ec15fa8-8f56-4393-b1ec-669c24c85346" /><TestMethod codeBase="C:\Users\dt-impact\ftsubs\mstest\kevin-montrose_Jil-8a5af0f\JilTests\bin\Debug\net452\JilTests.dll" adapterTypeName="executor://xunit/VsTestRunner2/desktop_and_uap" className="JilTests.DeserializeTests" name="JilTests.DeserializeTests.Issue143DateTimeOffset" /></UnitTest><UnitTest name="JilTests.SerializeTests.Issue165_2" storage="c:\users\dt-impact\ftsubs\mstest\kevin-montrose_jil-8a5af0f\jiltests\bin\debug\net452\jiltests.dll" id="80867401-df04-4862-98e6-328e3433bd2d"><Execution id="d252d0d7-6084-4320-90e6-04f1b303ab79" /><TestMethod codeBase="C:\Users\dt-impact\ftsubs\mstest\kevin-montrose_Jil-8a5af0f\JilTests\bin\Debug\net452\JilTests.dll" adapterTypeName="executor://xunit/VsTestRunner2/desktop_and_uap" className="JilTests.SerializeTests" name="JilTests.SerializeTests.Issue165_2" /></UnitTest><UnitTest name="JilTests.DeserializeTests.Issue128" storage="c:\users\dt-impact\ftsubs\mstest\kevin-montrose_jil-8a5af0f\jiltests\bin\debug\net452\jiltests.dll" id="9ee996ff-4985-44bf-9da0-fa0961622157"><Execution id="e7ff1447-b305-4e26-a988-ff437b56fb1a" /><TestMethod codeBase="C:\Users\dt-impact\ftsubs\mstest\kevin-montrose_Jil-8a5af0f\JilTests\bin\Debug\net452\JilTests.dll" adapterTypeName="executor://xunit/VsTestRunner2/desktop_and_uap" className="JilTests.DeserializeTests" name="JilTests.DeserializeTests.Issue128" /></UnitTest><UnitTest name="JilTests.DynamicSerializationTests.Issue139" storage="c:\users\dt-impact\ftsubs\mstest\kevin-montrose_jil-8a5af0f\jiltests\bin\debug\net452\jiltests.dll" id="b78bb3b4-cc63-4024-a524-b4fa0ad65c7b"><Execution id="52147679-f207-465e-b11e-63bf5898ce14" /><TestMethod codeBase="C:\Users\dt-impact\ftsubs\mstest\kevin-montrose_Jil-8a5af0f\JilTests\bin\Debug\net452\JilTests.dll" adapterTypeName="executor://xunit/VsTestRunner2/desktop_and_uap" className="JilTests.DynamicSerializationTests" name="JilTests.DynamicSerializationTests.Issue139" /></UnitTest><UnitTest name="JilTests.DeserializeTests.Issue117_Short" storage="c:\users\dt-impact\ftsubs\mstest\kevin-montrose_jil-8a5af0f\jiltests\bin\debug\net452\jiltests.dll" id="3aa4291f-ef75-4688-966c-9ea1ff035d81"><Execution id="3d5c2327-02ff-4aeb-af69-bb2a7ddb05bc" /><TestMethod codeBase="C:\Users\dt-impact\ftsubs\mstest\kevin-montrose_Jil-8a5af0f\JilTests\bin\Debug\net452\JilTests.dll" adapterTypeName="executor://xunit/VsTestRunner2/desktop_and_uap" className="JilTests.DeserializeTests" name="JilTests.DeserializeTests.Issue117_Short" /></UnitTest><UnitTest name="JilTests.DeserializeTests.MalformedISO8601(dateString: &quot;\&quot;1999-W01-0\&quot;&quot;, expectedError: &quot;Expected day to be a digit between 1 and 7&quot;)" storage="c:\users\dt-impact\ftsubs\mstest\kevin-montrose_jil-8a5af0f\jiltests\bin\debug\net452\jiltests.dll" id="c1bac2e7-465d-4661-ad52-1d7980497362"><Execution id="e95f6791-7564-4e55-a181-4f74fba0f897" /><TestMethod codeBase="C:\Users\dt-impact\ftsubs\mstest\kevin-montrose_Jil-8a5af0f\JilTests\bin\Debug\net452\JilTests.dll" adapterTypeName="executor://xunit/VsTestRunner2/desktop_and_uap" className="JilTests.DeserializeTests" name="JilTests.DeserializeTests.MalformedISO8601(dateString: &quot;\&quot;1999-W01-0\&quot;&quot;, expectedError: &quot;Expected day to be a digit between 1 and 7&quot;)" /></UnitTest></TestDefinitions><TestEntries><TestEntry testId="f0708501-de4a-4da3-bd30-e5d0110ed381" executionId="654cb5e8-da03-4c20-acb3-5d446715bfa1" testListId="8c84fa94-04c1-424b-9868-57a2d4851a1d" /><TestEntry testId="e74ea006-3a0a-4d0a-aa9c-b9d6e0ab905e" executionId="8a0ad433-5de9-4375-8cf4-59f41dedd708" testListId="8c84fa94-04c1-424b-9868-57a2d4851a1d" /><TestEntry testId="d8f2df25-ab47-4a53-b4c6-e49ca568f9c3" executionId="10e81737-5930-4abb-8e77-3564bfb4d5e1" testListId="8c84fa94-04c1-424b-9868-57a2d4851a1d" /><TestEntry testId="c52ed49f-2844-423b-98ad-7fb96ade9e0e" executionId="f839c2a2-76a9-4eaa-84b4-c794aec28be3" testListId="8c84fa94-04c1-424b-9868-57a2d4851a1d" /><TestEntry testId="caafff78-7507-45e3-b096-c039044fe94d" executionId="2563a056-19c3-4b4c-937d-ffa90e5126a8" testListId="8c84fa94-04c1-424b-9868-57a2d4851a1d" /><TestEntry testId="d9e5a9e3-920f-49e0-b0d9-661fb7b66ef4" executionId="1c6d0003-f167-493c-b6c4-07b48b02b3b4" testListId="8c84fa94-04c1-424b-9868-57a2d4851a1d" /><TestEntry testId="2224e7c4-6cb8-4b35-9dd1-dc602f1cf280" executionId="6c984139-1d8d-49f3-940d-19c58f2fc7ee" testListId="8c84fa94-04c1-424b-9868-57a2d4851a1d" /><TestEntry testId="db2b0d91-b877-471b-a167-da1b53e20e2d" executionId="461b3e4e-e1f2-4414-bf2d-e4da667a75cd" testListId="8c84fa94-04c1-424b-9868-57a2d4851a1d" /><TestEntry testId="d6de7477-35da-42d6-8fbc-1fc39dc82719" executionId="e391ec2d-db9e-4483-94f1-c5b8f86e34cd" testListId="8c84fa94-04c1-424b-9868-57a2d4851a1d" /><TestEntry testId="9be5a5ee-be82-4d08-97a2-d832cc909baa" executionId="b2543be2-4005-4f27-b18c-90022f06e32b" testListId="8c84fa94-04c1-424b-9868-57a2d4851a1d" /><TestEntry testId="1e725ddf-5032-4f1a-be47-4cfcc335deea" executionId="052de7d0-aee8-4116-8fad-6f297591fcd9" testListId="8c84fa94-04c1-424b-9868-57a2d4851a1d" /><TestEntry testId="225b44ae-8f47-4954-8e0b-afea2aa4a9a6" executionId="5a822195-deee-4d40-80a6-f0beed3e3916" testListId="8c84fa94-04c1-424b-9868-57a2d4851a1d" /><TestEntry testId="3cb3f473-5708-4881-a5e9-64bd772ec52d" executionId="edd7e62b-e86e-42df-85f2-d0f2f35dfeec" testListId="8c84fa94-04c1-424b-9868-57a2d4851a1d" /><TestEntry testId="f528e064-19f2-4fd6-be3a-5908691ffa77" executionId="61c33a22-0ce9-43a5-86cf-a9ddb5c40eb0" testListId="8c84fa94-04c1-424b-9868-57a2d4851a1d" /><TestEntry testId="ef05772f-14c7-4ce7-88c2-eadd9475888a" executionId="2a1ab84c-fc7e-453d-a592-fa83c1081bbc" testListId="8c84fa94-04c1-424b-9868-57a2d4851a1d" /><TestEntry testId="a4abfa02-7b49-4f02-80bf-f47b79a96573" executionId="5ed32941-a1fd-43c2-8cbb-4d04cc0e4390" testListId="8c84fa94-04c1-424b-9868-57a2d4851a1d" /><TestEntry testId="855966e8-7187-4fa7-85c4-51c6320c11a7" executionId="8b5dfa45-5352-40b0-92c1-5da5cb6ae0c8" testListId="8c84fa94-04c1-424b-9868-57a2d4851a1d" /><TestEntry testId="39af8a30-95e5-4e3d-997a-86935506bab0" executionId="e1262b39-641f-4760-ac19-92ad87bd9a33" testListId="8c84fa94-04c1-424b-9868-57a2d4851a1d" /><TestEntry testId="25929a93-810a-43c4-8a12-58abdc2f35dc" executionId="6b521df1-0e2a-4354-ae25-300270669e2b" testListId="8c84fa94-04c1-424b-9868-57a2d4851a1d" /><TestEntry testId="5d363e6a-aa6e-4cb6-8988-5a26d4182478" executionId="04231543-6040-4890-8132-99efa1049ef0" testListId="8c84fa94-04c1-424b-9868-57a2d4851a1d" /><TestEntry testId="c4bda080-dd18-4ccb-8ffb-0d8266bb7581" executionId="ba8fdcac-8b8c-48e5-a45b-13cb2458cbc4" testListId="8c84fa94-04c1-424b-9868-57a2d4851a1d" /><TestEntry testId="309b8e28-92bd-43a2-b6f3-98e9c78d6f8e" executionId="bd5921c7-3c43-401f-9287-82b34025e27e" testListId="8c84fa94-04c1-424b-9868-57a2d4851a1d" /><TestEntry testId="e1b720ba-a344-4e26-b881-1488e9e5d1ac" executionId="9a651454-3169-4211-bbe2-74351f5d3715" testListId="8c84fa94-04c1-424b-9868-57a2d4851a1d" /><TestEntry testId="6703dcae-4f19-4664-a935-939c553ba281" executionId="3899d93b-e728-444c-8ae3-c787ce260621" testListId="8c84fa94-04c1-424b-9868-57a2d4851a1d" /><TestEntry testId="e37a6b25-3fb2-4f71-a7f8-858db187e464" executionId="ecea4638-81c2-4f30-a384-e69a24d92c9c" testListId="8c84fa94-04c1-424b-9868-57a2d4851a1d" /><TestEntry testId="e68d607d-785e-4f18-b4a8-8a8558c6a5e3" executionId="1cbe74e5-31af-4024-b77e-606d2e19f1d7" testListId="8c84fa94-04c1-424b-9868-57a2d4851a1d" /><TestEntry testId="545649ef-9303-4749-9dab-c97f54eb3a78" executionId="da8f3077-4b30-47db-bdb2-9f5975402be8" testListId="8c84fa94-04c1-424b-9868-57a2d4851a1d" /><TestEntry testId="abd18b4b-a9fc-4fa3-9af7-a76aded4ad55" executionId="71bf3cfc-dd4b-46e7-a215-62ad78162440" testListId="8c84fa94-04c1-424b-9868-57a2d4851a1d" /><TestEntry testId="ca446213-0686-4735-b100-56626a77e42e" executionId="921e1e45-a8a2-4bbf-9476-31f49ccdfdae" testListId="8c84fa94-04c1-424b-9868-57a2d4851a1d" /><TestEntry testId="8b280018-74fe-4e6e-bdc3-55ea0d68ea20" executionId="b2a62881-8431-4c3e-884d-f5a28e946397" testListId="8c84fa94-04c1-424b-9868-57a2d4851a1d" /><TestEntry testId="d510b047-fdd0-4db5-91f5-09fa1bf94658" executionId="359b02c9-2258-436a-a248-13e6f711227a" testListId="8c84fa94-04c1-424b-9868-57a2d4851a1d" /><TestEntry testId="92fb1a3a-bfc2-4210-b7e0-0604676c8eea" executionId="9590e994-4830-4d0d-a389-ec8053299382" testListId="8c84fa94-04c1-424b-9868-57a2d4851a1d" /><TestEntry testId="c486760a-962b-4086-996f-63a9a34d5ac8" executionId="d790cf46-14ec-4f51-bd33-c3b7a49c2bfc" testListId="8c84fa94-04c1-424b-9868-57a2d4851a1d" /><TestEntry testId="bbff203c-a631-456f-9ff6-cf4fcd945490" executionId="ba15e9ce-87b6-4ae4-8437-907bc7e7b54c" testListId="8c84fa94-04c1-424b-9868-57a2d4851a1d" /><TestEntry testId="02160a7c-a9e6-460d-8f4c-afd0ce793b5c" executionId="549a02c3-8d26-44be-be29-a6564ec6ff4e" testListId="8c84fa94-04c1-424b-9868-57a2d4851a1d" /><TestEntry testId="9c397995-98fb-4e4b-a2a9-065f96e1e294" executionId="0ef57bfe-f9ee-4815-b42a-596064cdb746" testListId="8c84fa94-04c1-424b-9868-57a2d4851a1d" /><TestEntry testId="3f4dfeb8-9faa-47a3-88b0-9d7bc2f955f9" executionId="023b186c-15b0-4408-8be5-86040434ea5f" testListId="8c84fa94-04c1-424b-9868-57a2d4851a1d" /><TestEntry testId="c530bfb5-26f7-4421-9cca-19b228cbd94e" executionId="a399e3f7-501a-4514-a628-3928b3d99488" testListId="8c84fa94-04c1-424b-9868-57a2d4851a1d" /><TestEntry testId="eb145a59-9193-49cb-ae49-c146a85ba6ca" executionId="418f2e9f-f059-476e-9c2a-ccea3273c2fa" testListId="8c84fa94-04c1-424b-9868-57a2d4851a1d" /><TestEntry testId="1957d6eb-37f7-4591-ad38-0f016b4dfb3a" executionId="e047ba5e-2345-4e90-b0ac-096f636bdcc1" testListId="8c84fa94-04c1-424b-9868-57a2d4851a1d" /><TestEntry testId="591798d7-cd0a-45b2-aa44-e64e95b42053" executionId="3aeb1fbf-a9b5-4493-b12e-00e372ef72e2" testListId="8c84fa94-04c1-424b-9868-57a2d4851a1d" /><TestEntry testId="178dcb1e-a7ec-4dc5-9f52-599802f0c669" executionId="0b644d0c-2fa9-4454-848b-00b4b8893707" testListId="8c84fa94-04c1-424b-9868-57a2d4851a1d" /><TestEntry testId="c16b113d-e5b6-4292-a00b-6cb7af0efccd" executionId="56979a87-f548-473f-84e1-8fbb5d3985e4" testListId="8c84fa94-04c1-424b-9868-57a2d4851a1d" /><TestEntry testId="da71bc76-b3de-4f08-955c-4cef6542e4ec" executionId="c6700127-8f01-4c30-aee2-3fcb0cb905ea" testListId="8c84fa94-04c1-424b-9868-57a2d4851a1d" /><TestEntry testId="d0192eae-3e94-446d-b88c-4eb3c8e2a8f0" executionId="f04a0534-51d8-459d-b5e3-8760d451ba3e" testListId="8c84fa94-04c1-424b-9868-57a2d4851a1d" /><TestEntry testId="4c3c9c34-570d-4d07-8702-7a72b9a19304" executionId="8dd58973-6ed0-43f2-a682-68f41c504c73" testListId="8c84fa94-04c1-424b-9868-57a2d4851a1d" /><TestEntry testId="b5935b30-c144-4ad8-b743-66929bf21fed" executionId="659b12bc-e03c-44a6-a034-5e7ca80a226c" testListId="8c84fa94-04c1-424b-9868-57a2d4851a1d" /><TestEntry testId="27b90b8e-ffd2-4da0-82d2-bb2c8d6bdb2d" executionId="85590f10-8ba4-41cb-8fea-ffbf6cdc886c" testListId="8c84fa94-04c1-424b-9868-57a2d4851a1d" /><TestEntry testId="4e8dc0d4-f434-4233-9561-3967506e2b60" executionId="729aafd0-a61f-4429-93d7-eb1054462e99" testListId="8c84fa94-04c1-424b-9868-57a2d4851a1d" /><TestEntry testId="013ce11b-50a6-4d99-b201-21714ab060f0" executionId="104263b5-944a-4b6b-91b1-399e0abc24e3" testListId="8c84fa94-04c1-424b-9868-57a2d4851a1d" /><TestEntry testId="0441f4d3-df85-478e-a4a4-888aa6fc2cc4" executionId="3099ab2b-d16b-490e-a946-8154a7006a1b" testListId="8c84fa94-04c1-424b-9868-57a2d4851a1d" /><TestEntry testId="79256b3e-ae0b-43da-91fb-036c66454e62" executionId="37fb6b5a-1a97-45e9-af1a-02bdf02a28b5" testListId="8c84fa94-04c1-424b-9868-57a2d4851a1d" /><TestEntry testId="050fdcbc-7c21-49a7-bfcc-1380e64a036d" executionId="9636e8ab-044c-48fa-8205-7f24c0605011" testListId="8c84fa94-04c1-424b-9868-57a2d4851a1d" /><TestEntry testId="368260c2-cd79-400f-a195-623f780ec2b5" executionId="c2acf2fc-b1dd-4797-afd4-67b1c14cf0ac" testListId="8c84fa94-04c1-424b-9868-57a2d4851a1d" /><TestEntry testId="10f927db-ce3b-40f3-b3e3-49c37276bb53" executionId="e38b7da1-0e29-4ae5-a256-98ffa4f75bef" testListId="8c84fa94-04c1-424b-9868-57a2d4851a1d" /><TestEntry testId="2b088dcb-3a2d-47ab-9797-7e3096ba914a" executionId="d30b5bd2-64a3-4cc3-9dde-b464deb361f0" testListId="8c84fa94-04c1-424b-9868-57a2d4851a1d" /><TestEntry testId="3006e2d4-d5bd-4c25-a1d2-5f4e9660b914" executionId="ff71f69b-74ee-4b3f-8d7a-003b0c127fca" testListId="8c84fa94-04c1-424b-9868-57a2d4851a1d" /><TestEntry testId="cd45cc48-f609-4493-9e0a-c19313a65c40" executionId="d47484b1-e2ae-4b94-a5e7-c4d6d69f25de" testListId="8c84fa94-04c1-424b-9868-57a2d4851a1d" /><TestEntry testId="5226cb5f-3aef-468e-9039-2bdfc316c60c" executionId="af73723e-8159-4ca1-ba51-1b2ced648f8d" testListId="8c84fa94-04c1-424b-9868-57a2d4851a1d" /><TestEntry testId="c69ae0c5-8fb2-4a04-af7f-bd34be711f37" executionId="d286ce2c-1f45-4cbb-9d00-72a089937021" testListId="8c84fa94-04c1-424b-9868-57a2d4851a1d" /><TestEntry testId="f6b3c0c0-08a4-4d1d-aca9-70ae5bb5dec5" executionId="588faf31-5c2d-4de9-a03d-ed72dd390ab4" testListId="8c84fa94-04c1-424b-9868-57a2d4851a1d" /><TestEntry testId="2f618f18-3912-4e0b-b00c-32ff61ef7785" executionId="12526e19-55cd-4ac9-a1b8-1123bea498a0" testListId="8c84fa94-04c1-424b-9868-57a2d4851a1d" /><TestEntry testId="96213a74-71b7-42d0-9656-8a2c6166de0b" executionId="61610704-0789-480c-907c-d77f1523c84b" testListId="8c84fa94-04c1-424b-9868-57a2d4851a1d" /><TestEntry testId="979d440b-07cc-46ef-8e99-de09109d9ab7" executionId="ebad6077-73e4-4c9f-81c1-cdccfbe3a26c" testListId="8c84fa94-04c1-424b-9868-57a2d4851a1d" /><TestEntry testId="9602fd1b-8c6e-4641-b8b9-ebe8ada88e77" executionId="c52b9cb4-e1a9-4450-9248-ef0785ac9230" testListId="8c84fa94-04c1-424b-9868-57a2d4851a1d" /><TestEntry testId="376caebc-a1d8-4c46-8a3d-ebb7119bfa62" executionId="b55037f8-267f-4e73-a428-2dc85ca13975" testListId="8c84fa94-04c1-424b-9868-57a2d4851a1d" /><TestEntry testId="e5a2afa0-1c2d-40b5-96bb-5ef1a02a1f66" executionId="47132951-03b4-4fdc-8881-9a0e590860df" testListId="8c84fa94-04c1-424b-9868-57a2d4851a1d" /><TestEntry testId="3bff02a9-13bd-460a-92b1-2c270cdc3a5d" executionId="c7ee9baf-0a24-43cc-bd5f-6bbf636659de" testListId="8c84fa94-04c1-424b-9868-57a2d4851a1d" /><TestEntry testId="5cb26d87-db5b-4375-a712-e1634c0e8d36" executionId="9a17cb76-a0b8-42ea-b312-70495b302957" testListId="8c84fa94-04c1-424b-9868-57a2d4851a1d" /><TestEntry testId="613eb5cb-0948-4c19-b7aa-ff22301c564d" executionId="6cfd20a2-27ff-4148-9a2d-26b6895010ef" testListId="8c84fa94-04c1-424b-9868-57a2d4851a1d" /><TestEntry testId="1ae727bd-2a56-4ac9-9c20-6bb693d263c9" executionId="73074311-cc43-4b7a-9508-689730ed1d69" testListId="8c84fa94-04c1-424b-9868-57a2d4851a1d" /><TestEntry testId="67ae965b-0b8a-47f5-84fb-7f3414878010" executionId="aab50f68-e90f-4b50-a7f0-6584a94e79fb" testListId="8c84fa94-04c1-424b-9868-57a2d4851a1d" /><TestEntry testId="5aea8416-79b4-43fc-a96e-e076a4624a52" executionId="f145ebb8-d137-4920-8b12-09f0df09c651" testListId="8c84fa94-04c1-424b-9868-57a2d4851a1d" /><TestEntry testId="21d49288-f355-4646-800e-b44e2872f2e7" executionId="11e1f765-8db1-4ac4-9a8a-04b1aa27ed85" testListId="8c84fa94-04c1-424b-9868-57a2d4851a1d" /><TestEntry testId="1fb18bce-8095-422b-b28b-a9bb01f75049" executionId="afeea966-6740-44a5-a631-3cad1712023b" testListId="8c84fa94-04c1-424b-9868-57a2d4851a1d" /><TestEntry testId="b1a708af-ded7-480d-ae13-fb851c4a8784" executionId="0b14135d-a520-44da-967d-9b34f0e175fb" testListId="8c84fa94-04c1-424b-9868-57a2d4851a1d" /><TestEntry testId="5ce854bc-d711-4366-9ada-f2f9dc4e8bdc" executionId="b41c0a35-282a-437c-b387-08aa1ce981e8" testListId="8c84fa94-04c1-424b-9868-57a2d4851a1d" /><TestEntry testId="211516a6-02e1-4c2c-99a6-56c2c86417cb" executionId="634b3bf9-c0f7-4859-8190-996f3146a135" testListId="8c84fa94-04c1-424b-9868-57a2d4851a1d" /><TestEntry testId="ce9248e4-188f-403e-a90d-d4e3462c357e" executionId="62c33720-2cdb-4201-9171-207b9821b137" testListId="8c84fa94-04c1-424b-9868-57a2d4851a1d" /><TestEntry testId="93dfe8d4-0776-4ff5-a329-2803ffc7368c" executionId="ea0d022d-3415-4f49-a77f-72ad6362c0c8" testListId="8c84fa94-04c1-424b-9868-57a2d4851a1d" /><TestEntry testId="f4e441b2-7088-4a50-8aef-8902496ea093" executionId="8818de60-ed58-43dc-859e-f3161289fdd5" testListId="8c84fa94-04c1-424b-9868-57a2d4851a1d" /><TestEntry testId="7c64698b-5b32-4800-b6a9-852c7ec846bd" executionId="f095bc20-39b7-4b9e-9f0f-de8acda069da" testListId="8c84fa94-04c1-424b-9868-57a2d4851a1d" /><TestEntry testId="cc7dfe26-0b2e-4b3e-8e48-cf93d902c99f" executionId="076c4136-9853-432e-94db-8537237c3c65" testListId="8c84fa94-04c1-424b-9868-57a2d4851a1d" /><TestEntry testId="7bf8978f-d1b8-4be1-b930-6d942a95fb6c" executionId="4b4ccc56-3871-4475-a9a0-95beabd0ddb1" testListId="8c84fa94-04c1-424b-9868-57a2d4851a1d" /><TestEntry testId="39a0c381-bd15-4405-8370-654fd1442cf2" executionId="87154233-3942-41f9-bee6-af92651d42d4" testListId="8c84fa94-04c1-424b-9868-57a2d4851a1d" /><TestEntry testId="123e1688-bd71-41a0-b1b1-99861bd91558" executionId="1375b174-720b-4eb2-8b05-2fbcae488607" testListId="8c84fa94-04c1-424b-9868-57a2d4851a1d" /><TestEntry testId="dce88beb-320e-4e95-95b5-cde79b1059cb" executionId="86841448-cf20-4686-8a63-1bae0fac8908" testListId="8c84fa94-04c1-424b-9868-57a2d4851a1d" /><TestEntry testId="5f689a85-666d-4c1d-8016-f0134d978edd" executionId="d64c69a3-e3c6-4cad-8dd5-1ae7778ebc2b" testListId="8c84fa94-04c1-424b-9868-57a2d4851a1d" /><TestEntry testId="62a7f1e3-e7a8-4790-8428-90ac57013e96" executionId="e0480fd7-d636-4332-91b5-dd93be088362" testListId="8c84fa94-04c1-424b-9868-57a2d4851a1d" /><TestEntry testId="eab596af-3186-4783-84e4-829168051ade" executionId="6d92ab6a-e2cb-4037-a3b6-de1c5aa8d152" testListId="8c84fa94-04c1-424b-9868-57a2d4851a1d" /><TestEntry testId="a3644eb7-815e-4518-a0a8-c6be1c11c7c6" executionId="a27f44ed-9480-4a94-a359-f1456838a4a7" testListId="8c84fa94-04c1-424b-9868-57a2d4851a1d" /><TestEntry testId="5ba67794-dd33-46fc-9a22-3d1caa3a8e75" executionId="a21bc53e-a130-4e5e-a06a-3cbab5b96aac" testListId="8c84fa94-04c1-424b-9868-57a2d4851a1d" /><TestEntry testId="c431c572-f1ed-45ab-8d98-7490a3544a5f" executionId="292cf6c0-79eb-40b0-96b7-bb8436684e6a" testListId="8c84fa94-04c1-424b-9868-57a2d4851a1d" /><TestEntry testId="f0ca917c-52cb-4e0e-865b-dd24c0168e04" executionId="6aeb5ee1-2298-4464-b4a4-cf245aa4a1df" testListId="8c84fa94-04c1-424b-9868-57a2d4851a1d" /><TestEntry testId="a35e25cf-6ae1-427e-818d-5336c8a57cb6" executionId="b0fbd093-068d-4996-af9e-bcad276ad6a4" testListId="8c84fa94-04c1-424b-9868-57a2d4851a1d" /><TestEntry testId="80867401-df04-4862-98e6-328e3433bd2d" executionId="d252d0d7-6084-4320-90e6-04f1b303ab79" testListId="8c84fa94-04c1-424b-9868-57a2d4851a1d" /><TestEntry testId="c1bac2e7-465d-4661-ad52-1d7980497362" executionId="e95f6791-7564-4e55-a181-4f74fba0f897" testListId="8c84fa94-04c1-424b-9868-57a2d4851a1d" /><TestEntry testId="789a78a8-1997-458e-a602-9754c2ce164d" executionId="a6168c96-7ec0-4268-9798-608814ad38e6" testListId="8c84fa94-04c1-424b-9868-57a2d4851a1d" /><TestEntry testId="9597ce31-c9cd-4b73-b2c1-07148b328308" executionId="e972419e-925e-454d-b906-8bfc0c1ac6bb" testListId="8c84fa94-04c1-424b-9868-57a2d4851a1d" /><TestEntry testId="99711672-f08a-4173-b7f3-d29f40c5d9a6" executionId="ad7ca8ea-5574-462f-a925-4b9830acc744" testListId="8c84fa94-04c1-424b-9868-57a2d4851a1d" /><TestEntry testId="407a9c15-a8d5-4059-b1b0-143dfbe16075" executionId="3c10e9cb-28b5-49ec-99ca-799ec62a34ff" testListId="8c84fa94-04c1-424b-9868-57a2d4851a1d" /><TestEntry testId="0f49a292-c8fa-466c-a9bf-6de1187812eb" executionId="c1700f71-6e83-40f5-bf4f-d7186758f526" testListId="8c84fa94-04c1-424b-9868-57a2d4851a1d" /><TestEntry testId="807fda15-34d5-41ed-bc50-6aea9abca1b9" executionId="256aee6b-9a5e-4230-80ca-72404d8550d8" testListId="8c84fa94-04c1-424b-9868-57a2d4851a1d" /><TestEntry testId="1d363e2f-88e3-4321-9a61-6f282e662dcb" executionId="5f433972-ae8f-4b33-ab22-1266c028fd89" testListId="8c84fa94-04c1-424b-9868-57a2d4851a1d" /><TestEntry testId="eae53097-2898-4e9d-b3b7-acacbf919a89" executionId="162951b5-ad3c-4247-aac4-4b940800a8b8" testListId="8c84fa94-04c1-424b-9868-57a2d4851a1d" /><TestEntry testId="8e9470d4-ba4b-4bdb-9228-097f98945139" executionId="54555003-fde9-4680-b861-2d5c0dead38d" testListId="8c84fa94-04c1-424b-9868-57a2d4851a1d" /><TestEntry testId="78713f15-f0fc-4230-80c6-4ba2ba8048aa" executionId="c4fbe777-e32b-4c43-8090-998c8c74f843" testListId="8c84fa94-04c1-424b-9868-57a2d4851a1d" /><TestEntry testId="c121374c-914c-4adb-ad97-ba1cf54b1d07" executionId="b671593d-cb32-4a45-a9ef-85a5a6ef38f6" testListId="8c84fa94-04c1-424b-9868-57a2d4851a1d" /><TestEntry testId="7c77f658-8dbd-49d3-b84c-6cdfead91170" executionId="aa8fa81d-7b55-43c8-afdf-e26c21d052e0" testListId="8c84fa94-04c1-424b-9868-57a2d4851a1d" /><TestEntry testId="1ab69ba2-a51d-46a4-8482-e84726d27d7a" executionId="1a4f8ac8-7ad9-4e0e-96e3-3a69de2dbdbd" testListId="8c84fa94-04c1-424b-9868-57a2d4851a1d" /><TestEntry testId="2475c9d6-d06b-470e-b830-79664e356074" executionId="a8ee53d2-3a5c-47ab-b7ef-fef94fa29695" testListId="8c84fa94-04c1-424b-9868-57a2d4851a1d" /><TestEntry testId="5db498c4-dbd4-4cce-8b8a-d10c1e6be9ff" executionId="b2443456-baee-4ae2-95be-55d7c7c3dcb2" testListId="8c84fa94-04c1-424b-9868-57a2d4851a1d" /><TestEntry testId="b48517bd-6b50-4936-b50b-50bc46ac5402" executionId="45186ad9-9a32-4040-886b-0951dc3b751b" testListId="8c84fa94-04c1-424b-9868-57a2d4851a1d" /><TestEntry testId="77a83cf4-53c2-4732-8fa8-858c7ca37a43" executionId="a93eb7ba-c34e-4f8e-97a2-e81006664504" testListId="8c84fa94-04c1-424b-9868-57a2d4851a1d" /><TestEntry testId="56223933-6504-42dc-9b01-1bff3d990cae" executionId="02709833-a66e-45c4-9b26-c95e203b2256" testListId="8c84fa94-04c1-424b-9868-57a2d4851a1d" /><TestEntry testId="abf38161-6c81-4db0-a717-77249e00020b" executionId="18d40cd1-75e6-4ea2-8bc4-772f94792529" testListId="8c84fa94-04c1-424b-9868-57a2d4851a1d" /><TestEntry testId="79579120-5dae-46d6-a0f2-44168c663a33" executionId="6e0acbcd-7b74-4f8f-ae6f-ec2debcb97a2" testListId="8c84fa94-04c1-424b-9868-57a2d4851a1d" /><TestEntry testId="e305bddd-fff0-4ecd-b5b7-8a18b37e4831" executionId="029863fc-d41d-4064-8635-4e8e6d3308a2" testListId="8c84fa94-04c1-424b-9868-57a2d4851a1d" /><TestEntry testId="20f3ff85-cd6e-4185-b128-93801a4f4456" executionId="2247f940-d37f-4c93-805a-ef0f41d72b0d" testListId="8c84fa94-04c1-424b-9868-57a2d4851a1d" /><TestEntry testId="5d6f36a3-fff0-4a13-a511-ef513e5215f2" executionId="fc0b12ac-355d-4658-9260-480387a589ff" testListId="8c84fa94-04c1-424b-9868-57a2d4851a1d" /><TestEntry testId="fb898c1e-0559-480a-ae2f-649023e62bdc" executionId="c684e291-2eb5-4852-9600-e7844eb06315" testListId="8c84fa94-04c1-424b-9868-57a2d4851a1d" /><TestEntry testId="71137a76-c87e-4487-a8c1-12fea1259bd6" executionId="d6592f9e-d48e-4ba5-98b2-7345ff6215a7" testListId="8c84fa94-04c1-424b-9868-57a2d4851a1d" /><TestEntry testId="e8cf5d09-c241-43ae-a8cc-df837f326a43" executionId="7b07a46f-7b1e-49cd-9534-8f1bcdbd9acc" testListId="8c84fa94-04c1-424b-9868-57a2d4851a1d" /><TestEntry testId="9b8962ad-5008-413f-9d21-0853c5c98e97" executionId="9b7d031b-e843-43c6-8b6b-b17a62c265ef" testListId="8c84fa94-04c1-424b-9868-57a2d4851a1d" /><TestEntry testId="d3376635-9a54-4ebd-989e-1017217fe723" executionId="08b0202e-c5d4-4499-a646-99b3af27811b" testListId="8c84fa94-04c1-424b-9868-57a2d4851a1d" /><TestEntry testId="d537d471-9125-45b1-a096-e124f1b930b4" executionId="a427d94a-bf6d-4a5a-abea-71e54608a25a" testListId="8c84fa94-04c1-424b-9868-57a2d4851a1d" /><TestEntry testId="103c7f62-602c-4c7b-8b71-37ea2bc932d2" executionId="a42b330a-787f-41b1-9d81-8c796a169206" testListId="8c84fa94-04c1-424b-9868-57a2d4851a1d" /><TestEntry testId="184994f0-a737-4858-a0db-d672e1896ae5" executionId="d7a21973-93da-48b8-9f53-2603ce50c392" testListId="8c84fa94-04c1-424b-9868-57a2d4851a1d" /><TestEntry testId="3403c7bd-35c3-47d2-b91c-729fb46a11ab" executionId="4ab55866-fc9b-4767-8bf5-106df3a0574e" testListId="8c84fa94-04c1-424b-9868-57a2d4851a1d" /><TestEntry testId="7e214138-546a-4561-8051-81bf56762c36" executionId="226e1109-2f75-463f-ac9d-089ef1752dd0" testListId="8c84fa94-04c1-424b-9868-57a2d4851a1d" /><TestEntry testId="05efba4c-0344-4aca-8481-34fc3789847a" executionId="5046cbd0-b96d-4954-9dda-3e9ca63bdc77" testListId="8c84fa94-04c1-424b-9868-57a2d4851a1d" /><TestEntry testId="4887f4bf-c383-49d2-8555-a6543ff7f61c" executionId="0f2f4833-bbb2-48d1-899c-ae25ab1bee6b" testListId="8c84fa94-04c1-424b-9868-57a2d4851a1d" /><TestEntry testId="053e8c34-1c45-4ff4-b9e6-ea7c1f6304b2" executionId="5c2dbfcf-3dfa-4c93-9e53-3487fb96b7cd" testListId="8c84fa94-04c1-424b-9868-57a2d4851a1d" /><TestEntry testId="42ad8f24-ae2f-41c8-b14f-e4f431ff0b7a" executionId="0ad8d67b-9ff6-412e-829e-b9b7380e67c5" testListId="8c84fa94-04c1-424b-9868-57a2d4851a1d" /><TestEntry testId="a7c06ed9-4a4d-49b8-9071-a06bd7244c84" executionId="d6ca88ac-4440-4f3b-b4be-5213ff793d8e" testListId="8c84fa94-04c1-424b-9868-57a2d4851a1d" /><TestEntry testId="b32c8515-3c41-42d8-949c-13b0ecd16eaf" executionId="051d27d7-256e-4244-9f07-092f5d529257" testListId="8c84fa94-04c1-424b-9868-57a2d4851a1d" /><TestEntry testId="a9339725-946f-46af-96c5-5c5797d7a51a" executionId="bc58de65-ae83-44a6-a23e-c7fe2253ee01" testListId="8c84fa94-04c1-424b-9868-57a2d4851a1d" /><TestEntry testId="4bf0750b-4fdb-4b59-96b2-a195cad1625d" executionId="a51856bf-3b18-48b0-896b-eae2cd746eb4" testListId="8c84fa94-04c1-424b-9868-57a2d4851a1d" /><TestEntry testId="87f0360f-c862-4f63-9749-c5ca0829938f" executionId="4a15146f-447c-4a99-ba16-b3ea6e9be3a0" testListId="8c84fa94-04c1-424b-9868-57a2d4851a1d" /><TestEntry testId="93f72f70-f243-42a8-823a-38695f5d04fa" executionId="180ff4f2-4e00-4995-a74e-683b501674f5" testListId="8c84fa94-04c1-424b-9868-57a2d4851a1d" /><TestEntry testId="8e89aff2-2de5-4940-9955-df8793afcb49" executionId="a792ae95-aa94-4cf4-9667-a3c39c34f259" testListId="8c84fa94-04c1-424b-9868-57a2d4851a1d" /><TestEntry testId="0ffa3859-72ac-4e95-b463-c440e8464a27" executionId="2846eae8-dda5-4534-8037-d5af94c11970" testListId="8c84fa94-04c1-424b-9868-57a2d4851a1d" /><TestEntry testId="c01a4742-5bfe-4e1f-9441-48fddb21078a" executionId="4c1f4f43-01b4-4763-92ae-c7e7dcfe096e" testListId="8c84fa94-04c1-424b-9868-57a2d4851a1d" /><TestEntry testId="bc44fd95-7e44-4fae-83bb-44ed2686e8ed" executionId="04399871-cbd9-4042-b573-a5e0ee06f90f" testListId="8c84fa94-04c1-424b-9868-57a2d4851a1d" /><TestEntry testId="f04b39d4-e8c3-4f9a-bbd0-d0eb557b5665" executionId="283dbe21-dd8b-4769-9125-7d7f8e69e31b" testListId="8c84fa94-04c1-424b-9868-57a2d4851a1d" /><TestEntry testId="a78c2cfa-af7d-42b9-b56e-1e03dc7f3ddb" executionId="83cf96f4-0aaa-435d-ab6d-1d3f06780fac" testListId="8c84fa94-04c1-424b-9868-57a2d4851a1d" /><TestEntry testId="ca551964-12ec-49ed-9d33-242dc79c5f59" executionId="209ce72a-5549-45c1-b4f3-3351153155b5" testListId="8c84fa94-04c1-424b-9868-57a2d4851a1d" /><TestEntry testId="7a9bd937-5e9a-4e06-984d-e9be0729848b" executionId="f3d36a2e-5a18-43ab-9568-1cdbbba378a3" testListId="8c84fa94-04c1-424b-9868-57a2d4851a1d" /><TestEntry testId="b4a18e51-6bf1-4c40-8993-4784b25080ba" executionId="dcc82fef-3c80-46e2-966d-bf3d1599bf91" testListId="8c84fa94-04c1-424b-9868-57a2d4851a1d" /><TestEntry testId="f7fb8a51-c961-4f19-99b3-c511584a2a6e" executionId="8b6698b8-4a41-4db4-9cc6-43afbc831d76" testListId="8c84fa94-04c1-424b-9868-57a2d4851a1d" /><TestEntry testId="6d6478ad-8b8d-49da-95a2-dd163baa16fe" executionId="f14c4998-14f6-42b6-b9a3-c77c10ecbd63" testListId="8c84fa94-04c1-424b-9868-57a2d4851a1d" /><TestEntry testId="b36903e0-1bc9-4cd1-abcd-208b6d7f703c" executionId="77e5f0c2-861f-42fe-a35b-4c414ce6d946" testListId="8c84fa94-04c1-424b-9868-57a2d4851a1d" /><TestEntry testId="977a73e0-4fdd-4eec-b02c-926bb0139a24" executionId="dcaf8b90-0b08-4b70-85b1-7186ca8e944e" testListId="8c84fa94-04c1-424b-9868-57a2d4851a1d" /><TestEntry testId="680ebf4f-f069-47c0-9f49-f6a64a6a312a" executionId="890a7d1e-4cae-4c5b-955a-2a0861f261e2" testListId="8c84fa94-04c1-424b-9868-57a2d4851a1d" /><TestEntry testId="14692031-741c-4485-8141-7ad690b4ce95" executionId="396cea0c-8973-447f-8eb0-36860bb33865" testListId="8c84fa94-04c1-424b-9868-57a2d4851a1d" /><TestEntry testId="8cfa03f5-d0d3-46e4-99cc-f0fc9d1bc160" executionId="14b56480-42f5-45a1-b2ae-00eeb364323c" testListId="8c84fa94-04c1-424b-9868-57a2d4851a1d" /><TestEntry testId="3f39cfeb-f28d-4c27-83a4-0177d042ea5e" executionId="2cdd737d-6f15-4549-b225-aa35cbe235e4" testListId="8c84fa94-04c1-424b-9868-57a2d4851a1d" /><TestEntry testId="37cd614b-0f8b-4802-bfcf-2a1da189aa06" executionId="62e1fbc6-3a8f-49e9-a5bf-ae5720a2b043" testListId="8c84fa94-04c1-424b-9868-57a2d4851a1d" /><TestEntry testId="d76313d9-3ea8-4ff1-948a-cacc1e146b56" executionId="fce1de9e-60ef-4bb3-882c-6fb53af82113" testListId="8c84fa94-04c1-424b-9868-57a2d4851a1d" /><TestEntry testId="b3255743-2e16-4c01-bbf2-0aa2b66f8387" executionId="9d7bc750-2b1d-4103-a388-477842b9e9a5" testListId="8c84fa94-04c1-424b-9868-57a2d4851a1d" /><TestEntry testId="03cf2f41-a694-47c5-b9bb-16c8d1f5dce0" executionId="e0f2d395-3921-437c-9cad-f3b2e3976f94" testListId="8c84fa94-04c1-424b-9868-57a2d4851a1d" /><TestEntry testId="96e21a51-7cb5-42fb-afc8-d1690d92f744" executionId="8b65c40b-acf0-400d-9e62-77dec84a0688" testListId="8c84fa94-04c1-424b-9868-57a2d4851a1d" /><TestEntry testId="3f6629be-b90e-48e5-b101-f98f77dd8476" executionId="499c1930-867d-4e2a-94d9-83c05cfb8568" testListId="8c84fa94-04c1-424b-9868-57a2d4851a1d" /><TestEntry testId="d5c57e23-4901-43ce-9c64-2e62aab133b9" executionId="1bc87264-fde5-4efc-aea1-f1e9007d3871" testListId="8c84fa94-04c1-424b-9868-57a2d4851a1d" /><TestEntry testId="62f65ea1-e80a-4fd5-8507-60ecd66e6eef" executionId="c25e7465-7df1-4077-a38f-2f09cebf108d" testListId="8c84fa94-04c1-424b-9868-57a2d4851a1d" /><TestEntry testId="3e4956a4-4383-4b7a-a6f3-78b80adba082" executionId="15aff43f-b1f4-47a4-947d-8201ffe8c09f" testListId="8c84fa94-04c1-424b-9868-57a2d4851a1d" /><TestEntry testId="448d3124-10fe-4a53-91b7-1588ff693f2a" executionId="2e042c70-6100-4bbe-ac23-ed861c7448f4" testListId="8c84fa94-04c1-424b-9868-57a2d4851a1d" /><TestEntry testId="c8f7e94f-0586-401b-8480-aa01b7962672" executionId="25faa3de-02a5-47e1-8081-44153f8b8862" testListId="8c84fa94-04c1-424b-9868-57a2d4851a1d" /><TestEntry testId="44cfe14e-455a-42e2-8276-77645f031b92" executionId="3c12ed29-08ec-4815-b7cd-5de64daf85d9" testListId="8c84fa94-04c1-424b-9868-57a2d4851a1d" /><TestEntry testId="5b465565-5ff3-45d3-94cf-4d0faa0ca76f" executionId="9b95701f-471a-47c2-9f12-bd0483a7ef80" testListId="8c84fa94-04c1-424b-9868-57a2d4851a1d" /><TestEntry testId="5c4cd030-86db-4135-b58b-3fc8a5fd804b" executionId="e9141592-f4f1-4df9-9d41-a3e78bf02389" testListId="8c84fa94-04c1-424b-9868-57a2d4851a1d" /><TestEntry testId="230e66c6-a3ac-4bd2-af74-f68a4832b1bb" executionId="acf0f22c-3ab7-45ae-85e2-dd8beaae7796" testListId="8c84fa94-04c1-424b-9868-57a2d4851a1d" /><TestEntry testId="c7f857f8-5539-4cd7-8ef9-44c23402bd1f" executionId="f8304a1b-cef9-41f4-8431-04071679153a" testListId="8c84fa94-04c1-424b-9868-57a2d4851a1d" /><TestEntry testId="7395a20c-0cb9-44d0-af3b-3a1fc68565b1" executionId="3d49dbef-269a-49a2-b505-ca10e81431d5" testListId="8c84fa94-04c1-424b-9868-57a2d4851a1d" /><TestEntry testId="8d9af8a8-46af-4a0f-a4fd-802b13f33d58" executionId="2418b246-2c8a-4a05-a060-586fdde6daff" testListId="8c84fa94-04c1-424b-9868-57a2d4851a1d" /><TestEntry testId="281dfe1a-7cac-4738-b78e-fab5f4e81867" executionId="8fec151a-992e-4e35-9f94-8b3644a67dc9" testListId="8c84fa94-04c1-424b-9868-57a2d4851a1d" /><TestEntry testId="6436278a-15eb-454e-aa67-27dd041d6bdd" executionId="dfac3540-7cb1-40a6-b87a-deb54fc427a9" testListId="8c84fa94-04c1-424b-9868-57a2d4851a1d" /><TestEntry testId="61ca98d7-722a-4b15-bdc8-3116bfc34d88" executionId="c4ac4e89-258c-4927-aaea-bc511053e1a6" testListId="8c84fa94-04c1-424b-9868-57a2d4851a1d" /><TestEntry testId="a5194eb2-cc5f-487d-99ac-424d7ce7cf81" executionId="acf6e6e5-007f-42e6-a621-c9af416c0e0b" testListId="8c84fa94-04c1-424b-9868-57a2d4851a1d" /><TestEntry testId="33f0109e-bdd4-42b1-82b9-0b0bf3fdccdc" executionId="6ba4cc2b-5b11-4075-a218-d626aa3b0f19" testListId="8c84fa94-04c1-424b-9868-57a2d4851a1d" /><TestEntry testId="8d7d2259-077d-47e5-b613-51861cf6085d" executionId="135bcb6d-2a71-4af0-9da9-9b8f7a36beba" testListId="8c84fa94-04c1-424b-9868-57a2d4851a1d" /><TestEntry testId="8a771b5f-7038-48a3-995f-1ae3b57926ba" executionId="c38d089a-07d7-4e4a-aa7b-22aafb9a0d2f" testListId="8c84fa94-04c1-424b-9868-57a2d4851a1d" /><TestEntry testId="65abf4a9-3816-4614-b81a-017923b37140" executionId="8ed730c7-aa6a-46e0-974f-805d25dba2fe" testListId="8c84fa94-04c1-424b-9868-57a2d4851a1d" /><TestEntry testId="74df7bf9-087d-419d-b62b-aa716c4ff05f" executionId="94a162e1-9295-4792-a45d-33c105969cb6" testListId="8c84fa94-04c1-424b-9868-57a2d4851a1d" /><TestEntry testId="523c3e08-f7b5-41d0-903a-25d1144e6e0c" executionId="41ae8d6d-c4d2-45d2-ac7d-babaadcd2f2a" testListId="8c84fa94-04c1-424b-9868-57a2d4851a1d" /><TestEntry testId="ba382c00-5229-4201-964d-7b20914b5741" executionId="ec94de99-c4da-434b-9b58-7897faf63e0a" testListId="8c84fa94-04c1-424b-9868-57a2d4851a1d" /><TestEntry testId="3f846d0b-261e-429c-be83-3cb79c2c13ed" executionId="b363836a-4040-46d4-955f-cdf38bb7de42" testListId="8c84fa94-04c1-424b-9868-57a2d4851a1d" /><TestEntry testId="d8ccff14-14f0-4ed3-9a6e-ff5e55e89cc2" executionId="d82e5556-4100-4248-90d2-dd3265e72511" testListId="8c84fa94-04c1-424b-9868-57a2d4851a1d" /><TestEntry testId="3581ae29-6fb8-4af0-946c-ddf9ed857a62" executionId="ea0d5b17-8c29-4c6e-ba19-db32d44fc6e8" testListId="8c84fa94-04c1-424b-9868-57a2d4851a1d" /><TestEntry testId="3abc06da-bda0-4d09-971f-80362cd98daf" executionId="1fdc60dd-5597-4328-9c9f-bb4bf539c972" testListId="8c84fa94-04c1-424b-9868-57a2d4851a1d" /><TestEntry testId="e0fcee64-5615-4e0c-b685-10c3b0bd0579" executionId="926cb077-6910-49b7-942d-74dcfac1dc32" testListId="8c84fa94-04c1-424b-9868-57a2d4851a1d" /><TestEntry testId="37ff3d1a-04b1-42c4-9172-e3bf8012fcbb" executionId="978c0033-3fe5-484e-a9fa-557134511714" testListId="8c84fa94-04c1-424b-9868-57a2d4851a1d" /><TestEntry testId="a4d52db0-dc6f-4d1a-864a-a07a984de361" executionId="d2fcea85-04fb-45f8-863b-f0e68b31ef39" testListId="8c84fa94-04c1-424b-9868-57a2d4851a1d" /><TestEntry testId="8b67c45e-a943-4a3e-a688-c71057c66d70" executionId="b422a6ba-9a84-48c6-8ce6-aaef3b8fed16" testListId="8c84fa94-04c1-424b-9868-57a2d4851a1d" /><TestEntry testId="6a4c91a1-3aad-47ac-85ff-2ff4e7eb81da" executionId="89e0ceda-0236-486c-b4be-76b16585b5a3" testListId="8c84fa94-04c1-424b-9868-57a2d4851a1d" /><TestEntry testId="747cf65c-d076-47c3-b907-4983a949e8f0" executionId="bc2eea57-bcbe-4b52-8510-2f510ba181dc" testListId="8c84fa94-04c1-424b-9868-57a2d4851a1d" /><TestEntry testId="f8eaf25b-e692-4923-b6c3-a3dd5cde6518" executionId="e834c10a-9ea2-4da1-852f-d28c3c24ae06" testListId="8c84fa94-04c1-424b-9868-57a2d4851a1d" /><TestEntry testId="cbda9aff-54f5-4a50-9c59-771cdec1d9eb" executionId="fbf947f7-1b57-443b-93e4-9f1ca919d373" testListId="8c84fa94-04c1-424b-9868-57a2d4851a1d" /><TestEntry testId="b589112f-4425-4f2a-95df-9005018bcefe" executionId="f5a326f7-90c8-413b-93a2-2c487649c5bb" testListId="8c84fa94-04c1-424b-9868-57a2d4851a1d" /><TestEntry testId="a30b8d55-9643-4e8a-9c47-3d0d96c4a25c" executionId="35ba8d82-fb2f-41c3-9166-48ad2747cfd0" testListId="8c84fa94-04c1-424b-9868-57a2d4851a1d" /><TestEntry testId="94d49617-70b8-4e80-b72a-5aefc809c604" executionId="a6b98b36-66ae-4668-9096-b4ef5df0c2b4" testListId="8c84fa94-04c1-424b-9868-57a2d4851a1d" /><TestEntry testId="21df7d56-1e99-4af0-a6d5-4b80d88fc64e" executionId="75cbde54-286a-4c9d-8c21-13ec445365c3" testListId="8c84fa94-04c1-424b-9868-57a2d4851a1d" /><TestEntry testId="71c19f19-184c-4eeb-b15d-6f967f886b50" executionId="7632ca03-705e-4f28-9b3e-06e2fa6901bd" testListId="8c84fa94-04c1-424b-9868-57a2d4851a1d" /><TestEntry testId="900281b0-e503-4f23-a5ac-8b14e796903e" executionId="3bcf9d1f-f5b6-4ba0-8b1f-ffed6f70b6a1" testListId="8c84fa94-04c1-424b-9868-57a2d4851a1d" /><TestEntry testId="b1573ed3-0b8e-4023-a970-7a7825ff4cf2" executionId="8a0c95a9-b489-4315-aaf4-30fa1eb44ee2" testListId="8c84fa94-04c1-424b-9868-57a2d4851a1d" /><TestEntry testId="3d81a32c-bc0b-43bf-92d7-eb8043a66d4f" executionId="0b5083d0-d37c-4a55-a9ec-a6061441d382" testListId="8c84fa94-04c1-424b-9868-57a2d4851a1d" /><TestEntry testId="4ca5eaad-052c-4248-953f-30bca36e0b7e" executionId="63ea2ae8-e784-4338-bfa5-093ec50da070" testListId="8c84fa94-04c1-424b-9868-57a2d4851a1d" /><TestEntry testId="381abb74-bcdd-4e98-aa13-dd797099e392" executionId="70e603a3-391c-4c3a-95bb-e98393fa25b1" testListId="8c84fa94-04c1-424b-9868-57a2d4851a1d" /><TestEntry testId="52ebae9d-b3d9-4962-bfc6-914c57efa84a" executionId="224c5976-55b5-43a2-932a-26d4ddc386f6" testListId="8c84fa94-04c1-424b-9868-57a2d4851a1d" /><TestEntry testId="034d5159-c6de-42e9-ad5b-bd3e543911c9" executionId="274fa892-2183-4663-bd38-30b87f416b14" testListId="8c84fa94-04c1-424b-9868-57a2d4851a1d" /><TestEntry testId="8965f6e9-7cdc-4844-bd1b-6f97e3afb81b" executionId="fa49539a-8fa5-4033-a56b-09f6f02d7a8b" testListId="8c84fa94-04c1-424b-9868-57a2d4851a1d" /><TestEntry testId="11d227d1-e2bf-44fc-8e7e-f30edbfbaf36" executionId="0a737f38-7450-45f4-92f3-4cb613d3c2ee" testListId="8c84fa94-04c1-424b-9868-57a2d4851a1d" /><TestEntry testId="e9ee25db-5c39-4ce6-bb0d-9bc0d4274d9c" executionId="0bbaaa17-c9f5-4395-9582-8f689a835d55" testListId="8c84fa94-04c1-424b-9868-57a2d4851a1d" /><TestEntry testId="2679873e-1de9-4ba4-b77c-d1d038e3ffed" executionId="07151653-8224-4d85-ae90-bde41ca62843" testListId="8c84fa94-04c1-424b-9868-57a2d4851a1d" /><TestEntry testId="e325eac7-9aa5-4912-a993-80b9b3741080" executionId="67e4fd1d-abeb-4815-ab77-2b62ec2ba8b4" testListId="8c84fa94-04c1-424b-9868-57a2d4851a1d" /><TestEntry testId="8c2149d6-6439-4ded-96c0-3c98ec3db7c0" executionId="f8518104-0842-4592-95ae-eea909eb7df9" testListId="8c84fa94-04c1-424b-9868-57a2d4851a1d" /><TestEntry testId="8a47c2d1-24be-43c5-b543-25995261d07f" executionId="be4148c3-7ce2-448f-a7c8-ae0d7bbc2409" testListId="8c84fa94-04c1-424b-9868-57a2d4851a1d" /><TestEntry testId="a27c99be-5439-447e-8343-6c4d9b344937" executionId="f75637ba-aaca-428d-bd07-ae1e889465b4" testListId="8c84fa94-04c1-424b-9868-57a2d4851a1d" /><TestEntry testId="1cd8ed80-9e27-4cca-9c49-de3a3cec8390" executionId="fe3e1d4b-b6ae-4a1f-bf78-fb49e1cc4670" testListId="8c84fa94-04c1-424b-9868-57a2d4851a1d" /><TestEntry testId="2e2c1eee-07fb-4162-bce8-35496a13bf26" executionId="0af22129-90f8-46c8-b308-d07c8380840b" testListId="8c84fa94-04c1-424b-9868-57a2d4851a1d" /><TestEntry testId="aa5c48b0-fe4f-44bc-9710-1a878da630b2" executionId="64042173-f9e6-410b-b2a2-3f21218fd1f6" testListId="8c84fa94-04c1-424b-9868-57a2d4851a1d" /><TestEntry testId="08fffa2a-6188-4652-9b6f-4bbcecec04ef" executionId="6d94335e-e89a-4165-83c7-0ac1bbe72066" testListId="8c84fa94-04c1-424b-9868-57a2d4851a1d" /><TestEntry testId="e5fe4116-99b8-4c3a-bde9-f8b440ba7662" executionId="fb8f8847-dafe-4b16-9ee1-80404370008e" testListId="8c84fa94-04c1-424b-9868-57a2d4851a1d" /><TestEntry testId="09a609c5-65de-4bf8-b511-7459b705ce1d" executionId="31bddd62-8ef9-4305-b991-d21553abd9cc" testListId="8c84fa94-04c1-424b-9868-57a2d4851a1d" /><TestEntry testId="3dfc8114-5d34-48b4-9553-c30c5117c800" executionId="b702856d-3cf4-481c-934b-deb1c5b84897" testListId="8c84fa94-04c1-424b-9868-57a2d4851a1d" /><TestEntry testId="afc06b50-b42f-4414-932f-001e42805707" executionId="cd046339-5eb6-4a4e-a85a-af5e59626cc1" testListId="8c84fa94-04c1-424b-9868-57a2d4851a1d" /><TestEntry testId="0e7c57f6-bf58-4db1-9fb1-13cffbb4e107" executionId="43c1d512-ae9d-4a13-ab5b-2fd552f9352d" testListId="8c84fa94-04c1-424b-9868-57a2d4851a1d" /><TestEntry testId="2f408de9-0f41-4355-b168-8b48c55edeb3" executionId="bc32db43-212e-4e14-8b9c-21c5a8e82fa6" testListId="8c84fa94-04c1-424b-9868-57a2d4851a1d" /><TestEntry testId="fee5b448-f4e1-45b0-a331-d59097a035ef" executionId="92380d48-8f68-4fcc-b863-1be02e6ffc5f" testListId="8c84fa94-04c1-424b-9868-57a2d4851a1d" /><TestEntry testId="3b2d59ad-a1ac-4dc0-8e42-d520f8c1e481" executionId="fc9d0402-c0ad-4496-a5fc-309ef741c337" testListId="8c84fa94-04c1-424b-9868-57a2d4851a1d" /><TestEntry testId="090bd5ca-a1c2-40ab-b1f8-58315717c104" executionId="280358e8-2cc9-4f34-8d3d-c827ae29b421" testListId="8c84fa94-04c1-424b-9868-57a2d4851a1d" /><TestEntry testId="535207a3-a193-49b7-ba45-cc2284ec8b9f" executionId="4688e262-f1c5-48a7-9e7b-f572340baec3" testListId="8c84fa94-04c1-424b-9868-57a2d4851a1d" /><TestEntry testId="276cee72-fad8-4ea4-bf3b-53e9790a58fa" executionId="446f45a2-5b86-41e7-be7f-748148da8f02" testListId="8c84fa94-04c1-424b-9868-57a2d4851a1d" /><TestEntry testId="53b167b2-d0ac-49e7-b66d-0630273bbb11" executionId="696d0b65-db32-4ef0-a26d-1615a9efdaf7" testListId="8c84fa94-04c1-424b-9868-57a2d4851a1d" /><TestEntry testId="1bf1cc98-4636-46b7-af5e-84baf3f47397" executionId="0570ebab-aea0-44b7-9b01-4c79ec76c0f3" testListId="8c84fa94-04c1-424b-9868-57a2d4851a1d" /><TestEntry testId="2740c007-582d-43af-a229-aac97aac36c5" executionId="b87e7539-1e99-4271-83b2-1da93475bfe5" testListId="8c84fa94-04c1-424b-9868-57a2d4851a1d" /><TestEntry testId="df7897ff-e38a-4c18-a598-256fe2eeceb4" executionId="0772a661-b566-4f2f-a64d-5f736004ec04" testListId="8c84fa94-04c1-424b-9868-57a2d4851a1d" /><TestEntry testId="631036ba-3e21-4b8d-b8cd-f5fb4ce27d1e" executionId="99850cb2-c610-4096-b26a-8763d8d21128" testListId="8c84fa94-04c1-424b-9868-57a2d4851a1d" /><TestEntry testId="d7954c48-3214-4543-b4d6-cdf119951f20" executionId="b15dde5d-02fe-45d4-8bb9-35c0c6a152e9" testListId="8c84fa94-04c1-424b-9868-57a2d4851a1d" /><TestEntry testId="d5f3533e-aa03-4412-99c2-5ce9242ee6f3" executionId="be12a70f-0334-4bfc-8ca5-d1a3abcc35c5" testListId="8c84fa94-04c1-424b-9868-57a2d4851a1d" /><TestEntry testId="be5029cc-1522-40bb-887a-f215db9cbb64" executionId="3435082f-dcfe-4983-abe1-03fc6c12a39d" testListId="8c84fa94-04c1-424b-9868-57a2d4851a1d" /><TestEntry testId="75e965e0-55bc-471c-8a0f-b2267e66b44c" executionId="66175ab5-e03a-48fc-b900-0dd7318aea6f" testListId="8c84fa94-04c1-424b-9868-57a2d4851a1d" /><TestEntry testId="d8475160-d196-4a96-90fb-f2510e169a16" executionId="cfd85c9f-0225-4cbe-aaf9-f91b494194b8" testListId="8c84fa94-04c1-424b-9868-57a2d4851a1d" /><TestEntry testId="a9a8caa5-be81-4a3e-a7df-493225403811" executionId="079ff90c-4ef4-4fdf-b0fd-e8f70c3d18dd" testListId="8c84fa94-04c1-424b-9868-57a2d4851a1d" /><TestEntry testId="468f2e23-d539-45f7-b9bb-00b0eb0802d1" executionId="aba86be1-dc8f-4968-8f6d-00cc08731627" testListId="8c84fa94-04c1-424b-9868-57a2d4851a1d" /><TestEntry testId="e1acc4aa-26e2-494d-8674-61b4a016667e" executionId="439e2c76-a570-4ed1-b70b-161fce96f5a0" testListId="8c84fa94-04c1-424b-9868-57a2d4851a1d" /><TestEntry testId="d32d3f3c-a956-468e-bdfd-6dbccef02be5" executionId="2de3f99e-f49c-49ab-ad30-ceda753dab0a" testListId="8c84fa94-04c1-424b-9868-57a2d4851a1d" /><TestEntry testId="84938e7b-7443-4c12-8bfa-4006563a095c" executionId="44ecb22f-31b3-4ecc-8009-b8118bea9338" testListId="8c84fa94-04c1-424b-9868-57a2d4851a1d" /><TestEntry testId="ccc9e90b-a8be-44d8-a103-1a746f782304" executionId="09435c9b-a536-4378-8cdf-6fca7ff271fd" testListId="8c84fa94-04c1-424b-9868-57a2d4851a1d" /><TestEntry testId="c5ba20d8-1560-4219-8d07-b32c3e2ac22d" executionId="4a94b080-8071-456e-b2db-a7120294f5f2" testListId="8c84fa94-04c1-424b-9868-57a2d4851a1d" /><TestEntry testId="703a9626-751f-4821-9709-9da9f4cfb7f0" executionId="183076fb-ef37-49e6-9527-e2531b78817a" testListId="8c84fa94-04c1-424b-9868-57a2d4851a1d" /><TestEntry testId="e175fb52-7c2c-4c5f-ab15-b1b7f7da81c4" executionId="d9e8468d-0b2a-4342-8f7e-8050a18535ca" testListId="8c84fa94-04c1-424b-9868-57a2d4851a1d" /><TestEntry testId="20fa94ab-788a-4331-8e70-85156beeb492" executionId="ddc4d577-17ad-46cb-9303-2ff1448bf355" testListId="8c84fa94-04c1-424b-9868-57a2d4851a1d" /><TestEntry testId="5de9d373-b2a7-42ba-a94c-0b07e1c2baea" executionId="002067a6-f601-40fc-b7a3-20b65c78d8bb" testListId="8c84fa94-04c1-424b-9868-57a2d4851a1d" /><TestEntry testId="c6111948-419c-4a2c-b3f9-ab821d99e197" executionId="4532f12f-b217-41bb-9aec-e88ce7e01ad3" testListId="8c84fa94-04c1-424b-9868-57a2d4851a1d" /><TestEntry testId="e9f7178b-9bd6-4406-8acd-0d0458cf6f2b" executionId="e411e965-1b72-43c1-b157-e85373e6c775" testListId="8c84fa94-04c1-424b-9868-57a2d4851a1d" /><TestEntry testId="8ef1d644-6246-49fd-8b75-99f3adc4a70f" executionId="b239555d-e1ba-470b-abc2-7d751515f580" testListId="8c84fa94-04c1-424b-9868-57a2d4851a1d" /><TestEntry testId="8e1b3e78-896c-4b4d-b019-f7aa1791654e" executionId="145dd157-4d5c-4c77-b10d-858343b78c66" testListId="8c84fa94-04c1-424b-9868-57a2d4851a1d" /><TestEntry testId="77f65f0d-641e-4786-ba27-5ee898e5ce14" executionId="d0d3cbdd-dc52-4e9b-9225-5982173001ed" testListId="8c84fa94-04c1-424b-9868-57a2d4851a1d" /><TestEntry testId="e5c617fc-c35a-4f72-a8a2-3ad161a0e383" executionId="800f3aef-509e-494d-94dd-684d6b415492" testListId="8c84fa94-04c1-424b-9868-57a2d4851a1d" /><TestEntry testId="b8c32e31-fc2d-4577-90af-aa4f547631d1" executionId="9bd85197-3bc9-4aaf-9b83-5266eb373431" testListId="8c84fa94-04c1-424b-9868-57a2d4851a1d" /><TestEntry testId="32382bb8-ab6b-43fc-b762-899d0ad5b422" executionId="fb666771-d512-42a1-857e-7282637be419" testListId="8c84fa94-04c1-424b-9868-57a2d4851a1d" /><TestEntry testId="bb3a65c9-b151-4ea2-b3db-7cbe2c911bf9" executionId="e01aa59d-2f51-49de-a173-13c017af2038" testListId="8c84fa94-04c1-424b-9868-57a2d4851a1d" /><TestEntry testId="0e886fc1-8c5f-418f-ad5b-a0b4c9b1407c" executionId="0ca7a1fa-1955-4fe7-99c8-02f892e63901" testListId="8c84fa94-04c1-424b-9868-57a2d4851a1d" /><TestEntry testId="94439d11-b4c9-4e08-8970-6c018126e989" executionId="d8eea363-2d82-4341-af2c-7da292515f8c" testListId="8c84fa94-04c1-424b-9868-57a2d4851a1d" /><TestEntry testId="bc4baf69-4e2d-4ca3-b618-ff848e0616f5" executionId="427260f2-d3be-4ede-8382-53a6013dda55" testListId="8c84fa94-04c1-424b-9868-57a2d4851a1d" /><TestEntry testId="2c91266f-0b1f-4f70-bdc7-c754d439756d" executionId="2e6e1fa2-433f-4902-8f4b-57d61d372c3b" testListId="8c84fa94-04c1-424b-9868-57a2d4851a1d" /><TestEntry testId="df243c4c-6346-420e-b4d0-32aa9f485a96" executionId="5b276808-ada0-4899-a565-cabeaa4b07d7" testListId="8c84fa94-04c1-424b-9868-57a2d4851a1d" /><TestEntry testId="250ca19d-7c81-4a52-9334-6557fc1725c5" executionId="d6c03d30-e913-4a7a-85c0-b096e65b919d" testListId="8c84fa94-04c1-424b-9868-57a2d4851a1d" /><TestEntry testId="42786b3d-abcd-4c57-9df6-42c4a6605118" executionId="02242512-7db8-496d-a89f-de8680e9ed45" testListId="8c84fa94-04c1-424b-9868-57a2d4851a1d" /><TestEntry testId="e80d4604-0086-4dfc-a1c3-1596fffc9c59" executionId="3189022a-174b-4c4c-af36-4080932dd483" testListId="8c84fa94-04c1-424b-9868-57a2d4851a1d" /><TestEntry testId="926a6978-3ca8-477c-81e6-c730de4a5620" executionId="8a32a724-ee11-4c19-a800-4bc3abc684eb" testListId="8c84fa94-04c1-424b-9868-57a2d4851a1d" /><TestEntry testId="b78bb3b4-cc63-4024-a524-b4fa0ad65c7b" executionId="52147679-f207-465e-b11e-63bf5898ce14" testListId="8c84fa94-04c1-424b-9868-57a2d4851a1d" /><TestEntry testId="48da120c-aa36-458c-ac82-7c89295a62d6" executionId="9b7448ce-5b60-4480-8ab5-2bf1ec8d3799" testListId="8c84fa94-04c1-424b-9868-57a2d4851a1d" /><TestEntry testId="05e36519-4584-4ccc-a807-0ff0099c933c" executionId="2bfb725e-9422-4096-89fb-d66e09cc8aea" testListId="8c84fa94-04c1-424b-9868-57a2d4851a1d" /><TestEntry testId="639b47fd-e25f-4ed3-8137-719fbefc50aa" executionId="290354f3-4543-43c7-956d-0a709d890bb9" testListId="8c84fa94-04c1-424b-9868-57a2d4851a1d" /><TestEntry testId="2d813826-1963-4e38-928b-aa3ad944cfc7" executionId="c5103c2a-48d3-431e-9e94-30e8141de384" testListId="8c84fa94-04c1-424b-9868-57a2d4851a1d" /><TestEntry testId="222bd388-f5f6-4c57-b3e3-d2303ee5ddd4" executionId="d6a5cb01-e980-4ebe-ad3f-6f64a544491d" testListId="8c84fa94-04c1-424b-9868-57a2d4851a1d" /><TestEntry testId="2fa6903f-7888-4395-b621-2309930d80ee" executionId="2931f77c-1218-4cd4-a7f2-3ae8883a68fc" testListId="8c84fa94-04c1-424b-9868-57a2d4851a1d" /><TestEntry testId="72458421-d2c0-450e-b8ef-e9637715c5a3" executionId="8c3b09fd-2b6c-43b4-9482-74f08d1ee4f9" testListId="8c84fa94-04c1-424b-9868-57a2d4851a1d" /><TestEntry testId="0094112d-9750-436c-bb3b-6a3b43610f0c" executionId="fe3551ac-7797-4dc7-98fd-4c8a6caa7430" testListId="8c84fa94-04c1-424b-9868-57a2d4851a1d" /><TestEntry testId="a8216a1b-7f8f-4ee8-8089-018a96a718e0" executionId="d31acb61-4584-4ae8-8c1f-674ac2fd429e" testListId="8c84fa94-04c1-424b-9868-57a2d4851a1d" /><TestEntry testId="7b49f109-4e2b-4d7e-a4a7-1ff0072cce60" executionId="9ab2b43f-610f-492c-8f63-52b8ca17835b" testListId="8c84fa94-04c1-424b-9868-57a2d4851a1d" /><TestEntry testId="aeb84ac8-c852-4b4d-b923-0aeb92f1b820" executionId="d7bdbe59-a91f-42dd-b02f-ef1ba99438cb" testListId="8c84fa94-04c1-424b-9868-57a2d4851a1d" /><TestEntry testId="707b0f13-c998-4589-9ef9-9f49e21300cf" executionId="0d7fb62a-1147-4207-a923-c65c94438bfb" testListId="8c84fa94-04c1-424b-9868-57a2d4851a1d" /><TestEntry testId="ce8289be-2647-4c47-99de-8907381a54a7" executionId="49360528-7258-49c7-954c-c72d6b8b4f53" testListId="8c84fa94-04c1-424b-9868-57a2d4851a1d" /><TestEntry testId="1e99afe6-3499-4184-a799-c89b20ae067e" executionId="d35a6cb5-0cdb-4668-94a7-e0265016ffec" testListId="8c84fa94-04c1-424b-9868-57a2d4851a1d" /><TestEntry testId="a64138bf-9f93-4c9e-b462-85874142e58b" executionId="96456f55-df72-4f41-80a9-8524819a2353" testListId="8c84fa94-04c1-424b-9868-57a2d4851a1d" /><TestEntry testId="803ba899-53a3-4b52-ad42-bb0d71a9fab0" executionId="5bb400d9-408c-4e21-8020-a31cf36c678d" testListId="8c84fa94-04c1-424b-9868-57a2d4851a1d" /><TestEntry testId="63d36f51-771f-4c73-94ee-c977e1475061" executionId="373db666-d548-4a09-8b59-ebd6ce8a6e99" testListId="8c84fa94-04c1-424b-9868-57a2d4851a1d" /><TestEntry testId="c0384fc7-8ebe-4f4c-99c5-308f28355af0" executionId="3a54b590-525b-4c2a-a263-b5d18f675e71" testListId="8c84fa94-04c1-424b-9868-57a2d4851a1d" /><TestEntry testId="eb706267-8161-495c-8bc5-a65158a5facd" executionId="14d6687f-b73e-44fd-aba4-2d9901ff9539" testListId="8c84fa94-04c1-424b-9868-57a2d4851a1d" /><TestEntry testId="4be1808f-6ba7-4f78-b99e-6275f10fd89c" executionId="f6331feb-98a0-4f9c-8fa0-533b86ae088c" testListId="8c84fa94-04c1-424b-9868-57a2d4851a1d" /><TestEntry testId="a0f16c7d-54b9-4b33-9a38-e50448795103" executionId="7ec15fa8-8f56-4393-b1ec-669c24c85346" testListId="8c84fa94-04c1-424b-9868-57a2d4851a1d" /><TestEntry testId="bd0c5c48-ca01-4376-ab88-81edf589f46d" executionId="d0967dbb-0404-456f-8f54-927005d0263f" testListId="8c84fa94-04c1-424b-9868-57a2d4851a1d" /><TestEntry testId="44a23519-d237-4fc3-8dd3-76940f2d02a8" executionId="15d3493a-27a2-41f8-b896-fea9e7c6ad60" testListId="8c84fa94-04c1-424b-9868-57a2d4851a1d" /><TestEntry testId="bbe5e0d3-afa7-49e9-984e-128592f48982" executionId="9393836f-8493-4443-a2fe-50febdd9aa84" testListId="8c84fa94-04c1-424b-9868-57a2d4851a1d" /><TestEntry testId="6a067884-b741-45e4-922e-5da9d1fabe06" executionId="8b80acc1-af2c-4abf-b13a-641aa47d99b4" testListId="8c84fa94-04c1-424b-9868-57a2d4851a1d" /><TestEntry testId="1b4c2f92-66a6-492a-9312-e211b77b4e6b" executionId="e3ecf8dc-a716-408a-977c-dfbb701530f1" testListId="8c84fa94-04c1-424b-9868-57a2d4851a1d" /><TestEntry testId="6cf6b3f1-812a-4939-8c38-647db5b6594a" executionId="e1c11a68-71df-4c03-a524-11833c2d0676" testListId="8c84fa94-04c1-424b-9868-57a2d4851a1d" /><TestEntry testId="99350d7c-b5d3-4eeb-a869-af00521b0e93" executionId="dc7edbdb-97a7-440c-85dd-49b8d56a8a77" testListId="8c84fa94-04c1-424b-9868-57a2d4851a1d" /><TestEntry testId="d331ac5f-98ca-4352-a0e3-f9b0d3f2b326" executionId="0b3bec18-5ec4-49f0-8f93-bf91950f72fe" testListId="8c84fa94-04c1-424b-9868-57a2d4851a1d" /><TestEntry testId="c956e6c1-bbaf-4f83-83e8-475fe619184b" executionId="11482f02-8213-4f97-ba59-07af1a6aa52e" testListId="8c84fa94-04c1-424b-9868-57a2d4851a1d" /><TestEntry testId="10d8e601-ad48-4140-acd3-b7a56ed73d5c" executionId="200f4505-f61f-457a-9e13-08b6371dfd79" testListId="8c84fa94-04c1-424b-9868-57a2d4851a1d" /><TestEntry testId="1e354849-888d-43a2-a659-e8baab3ccbf3" executionId="07193c75-e966-4995-a25f-20b45dda63e3" testListId="8c84fa94-04c1-424b-9868-57a2d4851a1d" /><TestEntry testId="faaf48c9-8c01-4f3a-af5b-487e6fe5de9b" executionId="97fb5548-5edc-4fd9-9c29-445fc2a9371f" testListId="8c84fa94-04c1-424b-9868-57a2d4851a1d" /><TestEntry testId="391954dc-7ba1-4db3-b11c-df9592422535" executionId="049f8984-92de-41dd-96ae-dca1824a48a8" testListId="8c84fa94-04c1-424b-9868-57a2d4851a1d" /><TestEntry testId="b4297d36-6fdf-441f-84e1-0877e86c62e0" executionId="de581a3e-03bc-4096-8f9d-6f2355c15b51" testListId="8c84fa94-04c1-424b-9868-57a2d4851a1d" /><TestEntry testId="00dfd8ef-2f4a-488d-b4e9-4dbd083163ec" executionId="9f494066-7c4c-4972-bb93-5df0feb099c6" testListId="8c84fa94-04c1-424b-9868-57a2d4851a1d" /><TestEntry testId="cc961938-b98b-4fc6-9891-244e6505f24e" executionId="dbed5b31-41c6-49cb-8fdd-27c0d417c4d1" testListId="8c84fa94-04c1-424b-9868-57a2d4851a1d" /><TestEntry testId="c139b87f-afc6-404a-ba31-0e8180a4f662" executionId="8580b433-89da-41e7-93bf-1e904ebaf086" testListId="8c84fa94-04c1-424b-9868-57a2d4851a1d" /><TestEntry testId="2e42f75b-2467-4119-90a7-4f9c95187458" executionId="50a10d65-f96a-462b-a4ee-7edf6eb0fa91" testListId="8c84fa94-04c1-424b-9868-57a2d4851a1d" /><TestEntry testId="f750cdbe-0fac-408f-8460-c823dfbba740" executionId="4bfe09c0-b95c-436a-8678-05d6c157a24d" testListId="8c84fa94-04c1-424b-9868-57a2d4851a1d" /><TestEntry testId="4abc3550-b2c4-4501-801f-5d948222ce4a" executionId="e279032d-5cf5-4eed-b2a4-85ae47b78d7b" testListId="8c84fa94-04c1-424b-9868-57a2d4851a1d" /><TestEntry testId="56c66e23-7a69-4584-8f64-6e96ecbc4494" executionId="debdacd8-fd16-48f2-a7df-ab736d455bb4" testListId="8c84fa94-04c1-424b-9868-57a2d4851a1d" /><TestEntry testId="52f2ca8b-d34f-4d1b-aadf-b950ebcde1ff" executionId="9e455691-5c58-49d8-ae9a-35f2fc2c12f1" testListId="8c84fa94-04c1-424b-9868-57a2d4851a1d" /><TestEntry testId="0002ae38-5938-47ba-a644-c7694b00ff71" executionId="e284195e-43a6-46b1-8fce-da008a88da3b" testListId="8c84fa94-04c1-424b-9868-57a2d4851a1d" /><TestEntry testId="bd6ef054-0fba-4656-8544-635bd42ae773" executionId="1ee32287-cbc5-464b-b500-f2ec5e92f8e9" testListId="8c84fa94-04c1-424b-9868-57a2d4851a1d" /><TestEntry testId="df5f38c0-d08e-458f-a793-561883a8f0ec" executionId="1ecef77e-e0e3-4e3b-8bb6-a481caed97bb" testListId="8c84fa94-04c1-424b-9868-57a2d4851a1d" /><TestEntry testId="d04efd7f-c398-445c-a18c-59388adda57d" executionId="54ac0afe-c965-46f4-a968-892fdd488a4c" testListId="8c84fa94-04c1-424b-9868-57a2d4851a1d" /><TestEntry testId="87ff4070-1056-467e-ab54-539660c1365b" executionId="c2323537-76db-42d1-b6b3-452d7eaceee8" testListId="8c84fa94-04c1-424b-9868-57a2d4851a1d" /><TestEntry testId="2c32ab76-fd9f-4924-932f-0728f031ad1c" executionId="5a4addce-6abd-43b0-b5f0-8daff9c6b0e3" testListId="8c84fa94-04c1-424b-9868-57a2d4851a1d" /><TestEntry testId="347e88f7-6aa9-4063-a650-2eebe67a99fa" executionId="bc38ded5-34e3-46eb-ab79-06d70828e1e4" testListId="8c84fa94-04c1-424b-9868-57a2d4851a1d" /><TestEntry testId="67d417d4-c4fb-4ffc-937e-7693cc310efb" executionId="ec3891d9-1764-4e99-879c-670c76def124" testListId="8c84fa94-04c1-424b-9868-57a2d4851a1d" /><TestEntry testId="4ef0cdc8-70aa-4681-8460-de1206a2b307" executionId="0f23de52-7d1f-433c-99b3-e9e7c3e0f7a3" testListId="8c84fa94-04c1-424b-9868-57a2d4851a1d" /><TestEntry testId="be4c27d1-5b37-49c9-b85b-9940e6f842ca" executionId="78b31c15-fbd6-42ba-8990-9944af9d0cb1" testListId="8c84fa94-04c1-424b-9868-57a2d4851a1d" /><TestEntry testId="ce2d03c6-970f-4a6c-9568-816189e323a7" executionId="46040f71-e60c-4e81-a78e-10cfb636927c" testListId="8c84fa94-04c1-424b-9868-57a2d4851a1d" /><TestEntry testId="97613af3-a1a2-40b1-9274-591ec6569b4a" executionId="3599d9c9-4f39-4b35-a34d-8c3b9a608118" testListId="8c84fa94-04c1-424b-9868-57a2d4851a1d" /><TestEntry testId="9ee996ff-4985-44bf-9da0-fa0961622157" executionId="e7ff1447-b305-4e26-a988-ff437b56fb1a" testListId="8c84fa94-04c1-424b-9868-57a2d4851a1d" /><TestEntry testId="241120a2-6bc1-4ce1-b74d-bd93b1dd0fd5" executionId="7657be5e-e006-47dd-bf40-dd2d83194fff" testListId="8c84fa94-04c1-424b-9868-57a2d4851a1d" /><TestEntry testId="ad4d9efe-7961-4bb6-baf5-d2f9ecfc5a7b" executionId="e23ee04e-b48b-40f8-9995-7324d2a82fad" testListId="8c84fa94-04c1-424b-9868-57a2d4851a1d" /><TestEntry testId="86e6b71f-dc57-43c4-8448-19b216a376a7" executionId="cf4a26a0-b6ad-4c51-b4a9-aacbdf675052" testListId="8c84fa94-04c1-424b-9868-57a2d4851a1d" /><TestEntry testId="cdb26b49-0e6f-492d-aa1c-8bb5a9e67071" executionId="94182f57-b6ee-43de-960f-ac8621f1919a" testListId="8c84fa94-04c1-424b-9868-57a2d4851a1d" /><TestEntry testId="bc07f30f-5618-48ec-8063-e94a2bd470dd" executionId="609bec7b-4a3e-4a41-8604-56252e64971e" testListId="8c84fa94-04c1-424b-9868-57a2d4851a1d" /><TestEntry testId="5350b61f-467d-4a0b-8821-389dad02cac6" executionId="ed75ca68-4a5c-412f-9074-62a144d37498" testListId="8c84fa94-04c1-424b-9868-57a2d4851a1d" /><TestEntry testId="0f018871-488c-4f58-a4ef-79e6e0e6ee9f" executionId="286a22dc-9d9c-4eae-99f1-9badbf00c181" testListId="8c84fa94-04c1-424b-9868-57a2d4851a1d" /><TestEntry testId="09c7d1bf-e678-4b5d-a888-c2c7528e5404" executionId="c569f571-9c36-4abc-be25-842c36d4fb77" testListId="8c84fa94-04c1-424b-9868-57a2d4851a1d" /><TestEntry testId="2d23537c-9380-4e6a-b2d3-94e6594c3256" executionId="34bb7d6c-3d74-4480-9ccb-2f42566f2ec8" testListId="8c84fa94-04c1-424b-9868-57a2d4851a1d" /><TestEntry testId="4309dab5-451b-486c-816f-58f841abc2f8" executionId="98925caf-b568-46bc-a7b4-b7c5bf2e47b0" testListId="8c84fa94-04c1-424b-9868-57a2d4851a1d" /><TestEntry testId="ac7f4e62-3ffa-4ffc-a1a9-fc6e7f9fc0b9" executionId="153e84ff-f769-45e0-9d44-44a175e70278" testListId="8c84fa94-04c1-424b-9868-57a2d4851a1d" /><TestEntry testId="f0236ade-a880-4597-984f-31d7664f0b3f" executionId="071eeb3c-6e69-4dc9-9ffc-61d0ba8a967d" testListId="8c84fa94-04c1-424b-9868-57a2d4851a1d" /><TestEntry testId="783b42e8-fe08-4fd6-83b0-807257e753ff" executionId="45b50d01-1a7b-41c3-a29f-32077f5df3cb" testListId="8c84fa94-04c1-424b-9868-57a2d4851a1d" /><TestEntry testId="85e2e1c3-e5cc-455f-82ce-835c80f0c094" executionId="800c6d22-bc8f-4cb9-a2bc-cc0c6b5ab815" testListId="8c84fa94-04c1-424b-9868-57a2d4851a1d" /><TestEntry testId="672d70d2-e818-490d-bf9a-f0addd884304" executionId="e502d796-d37d-4ce5-a25c-ee946b942d98" testListId="8c84fa94-04c1-424b-9868-57a2d4851a1d" /><TestEntry testId="dd38a4fa-7220-4b81-9ea1-35d8bbb58772" executionId="2dde87b7-0bf3-4905-946a-c8a113291185" testListId="8c84fa94-04c1-424b-9868-57a2d4851a1d" /><TestEntry testId="25abd38d-cd26-4a20-88c8-039d2cd56407" executionId="06eafb2a-61f3-47bb-929d-33ef7211208e" testListId="8c84fa94-04c1-424b-9868-57a2d4851a1d" /><TestEntry testId="4feeaab8-bdb9-44ba-88c4-62b8303bccc5" executionId="3f9116bb-69e9-4896-af47-8319f8cd2e46" testListId="8c84fa94-04c1-424b-9868-57a2d4851a1d" /><TestEntry testId="04f25683-3060-4ce0-8502-b3afc935b0af" executionId="324b8484-a81b-44f4-8530-6d56582e38f8" testListId="8c84fa94-04c1-424b-9868-57a2d4851a1d" /><TestEntry testId="c974673d-685c-48de-8d01-779bc936427f" executionId="897c7542-1d88-4f8a-b776-90562c2d2254" testListId="8c84fa94-04c1-424b-9868-57a2d4851a1d" /><TestEntry testId="3166b0c2-dc44-44a2-8656-7f97222b1ed0" executionId="47a461ba-cc30-4ca6-9e5b-1034bc3e9b76" testListId="8c84fa94-04c1-424b-9868-57a2d4851a1d" /><TestEntry testId="9467479c-3311-4821-a0b2-f7e72823ece0" executionId="00a7846f-4907-47c9-a2dc-e94ef2d0b2d8" testListId="8c84fa94-04c1-424b-9868-57a2d4851a1d" /><TestEntry testId="e6ee3e69-c36b-4f51-a9fc-472ab5c64964" executionId="0c82c555-f464-4eb5-83e3-157cc12e9c97" testListId="8c84fa94-04c1-424b-9868-57a2d4851a1d" /><TestEntry testId="86333e89-d82b-4438-a2db-0212722fe619" executionId="f1e46d67-7e02-49bc-813e-b79a8352997d" testListId="8c84fa94-04c1-424b-9868-57a2d4851a1d" /><TestEntry testId="ab4da737-a819-4a77-82d5-fe489cb9632a" executionId="8f69e79e-71cb-48f7-8ac3-e38918867e48" testListId="8c84fa94-04c1-424b-9868-57a2d4851a1d" /><TestEntry testId="fe8e0ce7-ff61-4c4e-a073-7dbf5b854c34" executionId="94c1494f-daff-4b5b-8234-6d59a813b9ed" testListId="8c84fa94-04c1-424b-9868-57a2d4851a1d" /><TestEntry testId="23ea7a78-24b6-4f95-8fb7-59b9b348e5cb" executionId="94b2df1e-f80a-4533-aaaa-861132834430" testListId="8c84fa94-04c1-424b-9868-57a2d4851a1d" /><TestEntry testId="4cad912b-1829-4a03-a91e-3db73d45477b" executionId="befed6e5-ba1a-4aac-a33a-b68df947e9da" testListId="8c84fa94-04c1-424b-9868-57a2d4851a1d" /><TestEntry testId="b5fc7a76-b7a5-4a66-b96f-7681a49fc0c4" executionId="b41607ae-66eb-4988-b2a4-a207972ee0d1" testListId="8c84fa94-04c1-424b-9868-57a2d4851a1d" /><TestEntry testId="1f12f1bc-b309-429e-9419-ea5f7236337b" executionId="7db9a7cd-e51c-4ae1-bb8b-a244543e8e1a" testListId="8c84fa94-04c1-424b-9868-57a2d4851a1d" /><TestEntry testId="1f312333-44ea-4d83-90a0-50355abbf151" executionId="b0f402aa-46d7-4a89-a08d-85f59a8d16af" testListId="8c84fa94-04c1-424b-9868-57a2d4851a1d" /><TestEntry testId="5fc3970d-e202-4164-95b1-34b37d45aa94" executionId="36cae4dd-a580-4c20-8607-c1a995f9f704" testListId="8c84fa94-04c1-424b-9868-57a2d4851a1d" /><TestEntry testId="f4b92fe0-8e5a-4115-8b48-17d9af36b073" executionId="b32d7861-9c22-4ad4-83fe-203f2d488437" testListId="8c84fa94-04c1-424b-9868-57a2d4851a1d" /><TestEntry testId="5d5f46b6-64c9-4fb2-ab1d-614bc0fab860" executionId="4771b836-e2b0-4836-9677-ce74188ae086" testListId="8c84fa94-04c1-424b-9868-57a2d4851a1d" /><TestEntry testId="f6bfaea5-7eb0-4e3e-a934-7cdebe626394" executionId="58cdd59a-dae7-46a8-b594-2521955d34e1" testListId="8c84fa94-04c1-424b-9868-57a2d4851a1d" /><TestEntry testId="d49c3405-8239-4772-9785-aeecb0469dc3" executionId="a13cfd28-5894-449f-a134-cf8bbd3a6f09" testListId="8c84fa94-04c1-424b-9868-57a2d4851a1d" /><TestEntry testId="a7582535-bae5-4bd1-8cff-211bc86ab8c2" executionId="7bdc472e-6bdd-4832-b611-b9371e3d28be" testListId="8c84fa94-04c1-424b-9868-57a2d4851a1d" /><TestEntry testId="79de9aab-ab6d-4520-9d4a-0c700b04fe5b" executionId="f89d34e8-dd54-4450-93ab-32e6f164b759" testListId="8c84fa94-04c1-424b-9868-57a2d4851a1d" /><TestEntry testId="63f778e6-76cc-4ff4-b062-99f876241851" executionId="b6ec7ed6-32cd-49ed-945b-89e1491bd2dd" testListId="8c84fa94-04c1-424b-9868-57a2d4851a1d" /><TestEntry testId="3252f2aa-b0bb-41ea-bdad-747886803662" executionId="f83c2cf2-213a-47d1-a347-7987691d8616" testListId="8c84fa94-04c1-424b-9868-57a2d4851a1d" /><TestEntry testId="27a964d0-ca3b-42f2-9513-306a760fde78" executionId="8cd3dbc9-a806-4a78-8faa-280d86ee249a" testListId="8c84fa94-04c1-424b-9868-57a2d4851a1d" /><TestEntry testId="8135efa0-60aa-40da-a509-ad1752fdf076" executionId="31526836-1bd5-4a66-aba3-840c8892bc07" testListId="8c84fa94-04c1-424b-9868-57a2d4851a1d" /><TestEntry testId="62d6ea3c-1c47-449b-a1c6-87e66f7b616a" executionId="a07f0dfe-911c-4a11-a157-b59a2612cfb2" testListId="8c84fa94-04c1-424b-9868-57a2d4851a1d" /><TestEntry testId="6c592dd7-8634-4513-a62e-d40cf7f0694e" executionId="848751c5-39a1-49bc-9906-a87e908c8fd9" testListId="8c84fa94-04c1-424b-9868-57a2d4851a1d" /><TestEntry testId="bf2fc541-3366-4ee9-939f-77c20dad6a7a" executionId="f9674336-6b8f-41c8-ade8-8e2e180afe17" testListId="8c84fa94-04c1-424b-9868-57a2d4851a1d" /><TestEntry testId="f0cfa33d-efde-4769-99be-1803bd3a4fb5" executionId="7a7bcdfa-d18e-4e6a-8090-dd6d935cee78" testListId="8c84fa94-04c1-424b-9868-57a2d4851a1d" /><TestEntry testId="a00cda59-08d9-4d0f-b154-da528181709c" executionId="f569ce39-54af-475e-8aee-3ab55cdfb13c" testListId="8c84fa94-04c1-424b-9868-57a2d4851a1d" /><TestEntry testId="eec3f3a1-bcdc-4808-83e5-ad2cb2de0a21" executionId="f5eb94c4-eac6-4798-a8d5-5395b67b58e5" testListId="8c84fa94-04c1-424b-9868-57a2d4851a1d" /><TestEntry testId="b5683a36-ce3a-4904-beb2-2827ebbc9167" executionId="33e03188-82de-494e-9834-c8de2b5742db" testListId="8c84fa94-04c1-424b-9868-57a2d4851a1d" /><TestEntry testId="57705c2e-da17-42f3-a296-93c6e45e439c" executionId="651159cd-b6fe-4f75-913a-047e9cc73b57" testListId="8c84fa94-04c1-424b-9868-57a2d4851a1d" /><TestEntry testId="e7c454e8-2611-43c2-bc00-7ef54337f5fb" executionId="81ad7cdc-088b-4e00-8f86-23869e957dbd" testListId="8c84fa94-04c1-424b-9868-57a2d4851a1d" /><TestEntry testId="11642092-9430-41c3-800c-84cef26f1051" executionId="184241cf-b370-4b78-80f5-045fdefb4a84" testListId="8c84fa94-04c1-424b-9868-57a2d4851a1d" /><TestEntry testId="7ffac395-35b0-4b0f-abdf-4a5bc52b9a8b" executionId="813e7eb8-55cb-433d-a8bc-50c9eab2f3af" testListId="8c84fa94-04c1-424b-9868-57a2d4851a1d" /><TestEntry testId="1cc53e60-8e4a-46d3-94e9-8b0c582f8cb8" executionId="8f199da4-a607-4668-9911-f9869ba4817b" testListId="8c84fa94-04c1-424b-9868-57a2d4851a1d" /><TestEntry testId="93b73441-4558-4464-b22c-f567b971d5c5" executionId="5fa86b70-96f5-40a1-8a02-88a1b3ba0463" testListId="8c84fa94-04c1-424b-9868-57a2d4851a1d" /><TestEntry testId="bb98c01f-accb-4b3c-b180-056bd8769a68" executionId="da7a7a35-0eb7-4759-aea6-f8b948825c13" testListId="8c84fa94-04c1-424b-9868-57a2d4851a1d" /><TestEntry testId="bf5189e4-3da7-454f-a22c-79d097f1d82e" executionId="c7d68f42-71f4-435f-9a7b-b5ac657a87fa" testListId="8c84fa94-04c1-424b-9868-57a2d4851a1d" /><TestEntry testId="bedc7259-e258-4091-929e-445235b66357" executionId="a96f91aa-f3c3-4587-a5b0-9d365b1a63f8" testListId="8c84fa94-04c1-424b-9868-57a2d4851a1d" /><TestEntry testId="bab2314a-ec53-4354-a7c0-8f64bad9d879" executionId="3bc1e797-e99f-4c72-b43b-c91725da5b16" testListId="8c84fa94-04c1-424b-9868-57a2d4851a1d" /><TestEntry testId="dd4845f7-5d3f-4026-9247-d8295f6325ae" executionId="811278ba-71d1-404b-a8fd-018a5f0a84b4" testListId="8c84fa94-04c1-424b-9868-57a2d4851a1d" /><TestEntry testId="3aa4291f-ef75-4688-966c-9ea1ff035d81" executionId="3d5c2327-02ff-4aeb-af69-bb2a7ddb05bc" testListId="8c84fa94-04c1-424b-9868-57a2d4851a1d" /><TestEntry testId="39c5ef77-74e5-4795-a8f0-803e994922dd" executionId="bae44390-bbe6-4d8a-8c83-3a7326606132" testListId="8c84fa94-04c1-424b-9868-57a2d4851a1d" /><TestEntry testId="a242063a-1354-4dfa-81e3-b46917e717a1" executionId="34e92001-b8c4-4048-b343-3f03b5d54764" testListId="8c84fa94-04c1-424b-9868-57a2d4851a1d" /><TestEntry testId="b53e1d0a-b63f-449a-91e3-0090e178c39f" executionId="34a269ad-d688-4c47-a3fd-326d95081860" testListId="8c84fa94-04c1-424b-9868-57a2d4851a1d" /><TestEntry testId="ad566697-9ad2-4c84-b911-3a3d4c1457b3" executionId="08a41fa8-c1af-4e1d-94eb-9d89476fb19f" testListId="8c84fa94-04c1-424b-9868-57a2d4851a1d" /><TestEntry testId="82faf6b7-0ec6-486f-b6bf-98bbbd95669a" executionId="71254d5e-59b4-41a5-ac75-2e42a29805bb" testListId="8c84fa94-04c1-424b-9868-57a2d4851a1d" /><TestEntry testId="1028773a-8f63-4e40-a871-29ea77372222" executionId="5b301f52-55b5-4e98-9e17-20318010a690" testListId="8c84fa94-04c1-424b-9868-57a2d4851a1d" /><TestEntry testId="10dd0004-18f4-4e8a-8bb7-b8b549f0e6b1" executionId="b404f7d3-8d3c-4a19-ac18-11140ec3e07c" testListId="8c84fa94-04c1-424b-9868-57a2d4851a1d" /><TestEntry testId="cbfd07df-f4cd-482e-9f5f-4ed3f8d0aae9" executionId="95d6c117-87f1-40f6-8bec-a7adf838bd43" testListId="8c84fa94-04c1-424b-9868-57a2d4851a1d" /><TestEntry testId="4e31120f-d8f7-4ba0-9420-03289ae9c3fd" executionId="5ae88980-6311-414d-9060-c2d8d147befd" testListId="8c84fa94-04c1-424b-9868-57a2d4851a1d" /><TestEntry testId="b04657f5-4b16-45ff-8067-8d35bedfe6d0" executionId="d6f95f60-802e-40ae-baf9-ba56c35b1b34" testListId="8c84fa94-04c1-424b-9868-57a2d4851a1d" /></TestEntries><TestLists><TestList name="Results Not in a List" id="8c84fa94-04c1-424b-9868-57a2d4851a1d" /><TestList name="All Loaded Results" id="19431567-8539-422a-85d7-44ee4e166bda" /></TestLists><ResultSummary outcome="Failed"><Counters total="400" executed="400" passed="399" failed="1" error="0" timeout="0" aborted="0" inconclusive="0" passedButRunAborted="0" notRunnable="0" notExecuted="0" disconnected="0" warning="0" completed="0" inProgress="0" pending="0" /><Output><StdOut>[xUnit.net 00:00:00.0029691] xUnit.net VSTest Adapter v2.4.0-beta.1.build3958 (32-bit Desktop .NET 4.0.30319.42000)[xUnit.net 00:00:00.3029710]   Discovering: JilTests[xUnit.net 00:00:00.5116690]   Discovered:  JilTests[xUnit.net 00:00:00.5155123]   Starting:    JilTests[xUnit.net 00:00:08.6777309]       Assert.Equal() Failure[xUnit.net 00:00:08.6777723]                                        ↓ (pos 26)[xUnit.net 00:00:08.6778049]       Expected: ···11-13T01:06:57.2980900-06:00"[xUnit.net 00:00:08.6778314]       Actual:   ···11-13T01:06:57.29809-06:00"[xUnit.net 00:00:08.6778568]                                        ↑ (pos 26)[xUnit.net 00:00:08.6784584]       Stack Trace:[xUnit.net 00:00:08.6791095]         C:\Users\dt-impact\ftsubs\mstest\kevin-montrose_Jil-8a5af0f\JilTests\SerializeTests.cs(8151,0): at JilTests.SerializeTests.ISO8601WithOffset()[xUnit.net 00:00:19.7537925]   Finished:    JilTests</StdOut></Output><RunInfos><RunInfo computerName="SIEBL-4303-04" outcome="Error" timestamp="2018-11-13T01:06:57.3384647-06:00"><Text>[xUnit.net 00:00:08.6768549]     JilTests.SerializeTests.ISO8601WithOffset [FAIL]</Text></RunInfo></RunInfos></ResultSummary></TestRun>