<?xml version="1.0" encoding="utf-8"?><TestRun id="4fdb4937-0b86-49e2-b564-3132971b4e30" name="dt-impact@SIEBL-4303-04 2018-11-11 16:39:15" runUser="SIEBL-4303-04\dt-impact" xmlns="http://microsoft.com/schemas/VisualStudio/TeamTest/2010"><Times creation="2018-11-11T16:39:15.7891599-06:00" queuing="2018-11-11T16:39:15.7891599-06:00" start="2018-11-11T16:39:14.4352085-06:00" finish="2018-11-11T16:39:34.9753297-06:00" /><TestSettings name="default" id="8eace6bd-493f-47cc-8c71-1704e3a5369d"><Deployment runDeploymentRoot="dt-impact_SIEBL-4303-04_2018-11-11_16_39_15" /></TestSettings><Results><UnitTestResult executionId="6f60a398-982d-49d3-bcde-cfe770b21e5a" testId="1b56f294-822a-4f0e-832b-cddc14259392" testName="JilTests.SerializeTests.Issue159" computerName="SIEBL-4303-04" duration="00:00:00.1200000" startTime="2018-11-11T16:39:16.5334690-06:00" endTime="2018-11-11T16:39:16.5334690-06:00" testType="13cdc9d9-ddb5-4fa4-a97d-d965ccfc6d4b" outcome="Passed" testListId="8c84fa94-04c1-424b-9868-57a2d4851a1d" relativeResultsDirectory="6f60a398-982d-49d3-bcde-cfe770b21e5a" /><UnitTestResult executionId="a178de59-63ed-429f-a8dc-9cf366664c5f" testId="9ebbf5d4-9eab-41bc-a951-30866019f243" testName="JilTests.DynamicSerializationTests.Issue87" computerName="SIEBL-4303-04" duration="00:00:00.0150000" startTime="2018-11-11T16:39:17.8104517-06:00" endTime="2018-11-11T16:39:17.8104517-06:00" testType="13cdc9d9-ddb5-4fa4-a97d-d965ccfc6d4b" outcome="Passed" testListId="8c84fa94-04c1-424b-9868-57a2d4851a1d" relativeResultsDirectory="a178de59-63ed-429f-a8dc-9cf366664c5f" /><UnitTestResult executionId="70aadaac-a7c9-48ff-a558-163043790120" testId="1da47d44-de3c-4d95-bed1-383fb294bde6" testName="JilTests.DeserializeTests.Dictionaries" computerName="SIEBL-4303-04" duration="00:00:00.2460000" startTime="2018-11-11T16:39:26.5898158-06:00" endTime="2018-11-11T16:39:26.5898158-06:00" testType="13cdc9d9-ddb5-4fa4-a97d-d965ccfc6d4b" outcome="Passed" testListId="8c84fa94-04c1-424b-9868-57a2d4851a1d" relativeResultsDirectory="70aadaac-a7c9-48ff-a558-163043790120" /><UnitTestResult executionId="457dbd64-f2f4-4f1d-90a8-39d469cf86ba" testId="eda3c037-ff1e-4aa3-8eab-b78f7e87cbd9" testName="JilTests.DeserializeDynamicTests.LessThanOrEquals" computerName="SIEBL-4303-04" duration="00:00:00.0100000" startTime="2018-11-11T16:39:19.7320145-06:00" endTime="2018-11-11T16:39:19.7320145-06:00" testType="13cdc9d9-ddb5-4fa4-a97d-d965ccfc6d4b" outcome="Passed" testListId="8c84fa94-04c1-424b-9868-57a2d4851a1d" relativeResultsDirectory="457dbd64-f2f4-4f1d-90a8-39d469cf86ba" /><UnitTestResult executionId="7d3b6a27-1afe-4749-95df-4f219b2cd3eb" testId="98183d19-ce01-496d-af1a-de16b6a15061" testName="JilTests.DeserializeTests.UnionTypeMisconfiguration" computerName="SIEBL-4303-04" duration="00:00:00.0480000" startTime="2018-11-11T16:39:27.1389397-06:00" endTime="2018-11-11T16:39:27.1389397-06:00" testType="13cdc9d9-ddb5-4fa4-a97d-d965ccfc6d4b" outcome="Passed" testListId="8c84fa94-04c1-424b-9868-57a2d4851a1d" relativeResultsDirectory="7d3b6a27-1afe-4749-95df-4f219b2cd3eb" /><UnitTestResult executionId="6221084b-6bc1-4d8b-8a97-d81eb8bc55ad" testId="c52bb509-14b9-483f-8c27-8253dac045d8" testName="JilTests.DeserializeDynamicTests.Enums" computerName="SIEBL-4303-04" duration="00:00:00.0170000" startTime="2018-11-11T16:39:19.2535552-06:00" endTime="2018-11-11T16:39:19.2535552-06:00" testType="13cdc9d9-ddb5-4fa4-a97d-d965ccfc6d4b" outcome="Passed" testListId="8c84fa94-04c1-424b-9868-57a2d4851a1d" relativeResultsDirectory="6221084b-6bc1-4d8b-8a97-d81eb8bc55ad" /><UnitTestResult executionId="eeaf49b8-9224-469d-82fb-e6e8a1dcd8e2" testId="71d71d78-5c4b-4df2-87e7-ad03b838d38b" testName="JilTests.DeserializeTests.ILists" computerName="SIEBL-4303-04" duration="00:00:00.1310000" startTime="2018-11-11T16:39:24.7735185-06:00" endTime="2018-11-11T16:39:24.7735185-06:00" testType="13cdc9d9-ddb5-4fa4-a97d-d965ccfc6d4b" outcome="Passed" testListId="8c84fa94-04c1-424b-9868-57a2d4851a1d" relativeResultsDirectory="eeaf49b8-9224-469d-82fb-e6e8a1dcd8e2" /><UnitTestResult executionId="f4ecff97-fc6a-48fc-b5b5-069b4c6ecb10" testId="c3043f89-e65c-4813-a75e-d0c112d4843a" testName="JilTests.SerializeTests.JilDirectiveAttributeTest" computerName="SIEBL-4303-04" duration="00:00:00.0040000" startTime="2018-11-11T16:39:29.8457770-06:00" endTime="2018-11-11T16:39:29.8457770-06:00" testType="13cdc9d9-ddb5-4fa4-a97d-d965ccfc6d4b" outcome="Passed" testListId="8c84fa94-04c1-424b-9868-57a2d4851a1d" relativeResultsDirectory="f4ecff97-fc6a-48fc-b5b5-069b4c6ecb10" /><UnitTestResult executionId="62937dd7-519e-4f29-961d-419dec648e3d" testId="4b27e4e6-a7ee-4d03-8254-1d5d0cf1cc30" testName="JilTests.DeserializeTests.Strings" computerName="SIEBL-4303-04" duration="00:00:00.0890000" startTime="2018-11-11T16:39:22.2137148-06:00" endTime="2018-11-11T16:39:22.2137148-06:00" testType="13cdc9d9-ddb5-4fa4-a97d-d965ccfc6d4b" outcome="Passed" testListId="8c84fa94-04c1-424b-9868-57a2d4851a1d" relativeResultsDirectory="62937dd7-519e-4f29-961d-419dec648e3d" /><UnitTestResult executionId="c9798b6e-27f6-4a8a-9b99-e2a755410571" testId="4a4ddc9a-401b-4a7b-9dad-6311a315f512" testName="JilTests.DeepObjectGraphTests.DeepObjectGraphShouldNotBeEmpty" computerName="SIEBL-4303-04" duration="00:00:00.9960000" startTime="2018-11-11T16:39:16.6105207-06:00" endTime="2018-11-11T16:39:16.6105207-06:00" testType="13cdc9d9-ddb5-4fa4-a97d-d965ccfc6d4b" outcome="Passed" testListId="8c84fa94-04c1-424b-9868-57a2d4851a1d" relativeResultsDirectory="c9798b6e-27f6-4a8a-9b99-e2a755410571" /><UnitTestResult executionId="419fc402-549b-46ca-a71d-46663e0e4f79" testId="99fa18bf-9ab7-4ca1-b213-decf676b1e80" testName="JilTests.SerializeTests.DateTimeFormats" computerName="SIEBL-4303-04" duration="00:00:00.0290000" startTime="2018-11-11T16:39:23.9438213-06:00" endTime="2018-11-11T16:39:23.9438213-06:00" testType="13cdc9d9-ddb5-4fa4-a97d-d965ccfc6d4b" outcome="Passed" testListId="8c84fa94-04c1-424b-9868-57a2d4851a1d" relativeResultsDirectory="419fc402-549b-46ca-a71d-46663e0e4f79" /><UnitTestResult executionId="33186651-4e5c-46b0-ae21-abe350d5e7d0" testId="38cbf0c7-2885-4340-afd1-147294fa94d0" testName="JilTests.DeserializeDynamicTests.Array" computerName="SIEBL-4303-04" duration="00:00:00.0070000" startTime="2018-11-11T16:39:18.5305624-06:00" endTime="2018-11-11T16:39:18.5305624-06:00" testType="13cdc9d9-ddb5-4fa4-a97d-d965ccfc6d4b" outcome="Passed" testListId="8c84fa94-04c1-424b-9868-57a2d4851a1d" relativeResultsDirectory="33186651-4e5c-46b0-ae21-abe350d5e7d0" /><UnitTestResult executionId="bf10833b-6c05-4d90-806b-1ed443a4a9d5" testId="9edf416f-f9ee-4255-b6b3-56ff174d9789" testName="JilTests.BadlySpecifiedTypeTests.SerializeString" computerName="SIEBL-4303-04" duration="00:00:00.0010000" startTime="2018-11-11T16:39:16.1602200-06:00" endTime="2018-11-11T16:39:16.1602200-06:00" testType="13cdc9d9-ddb5-4fa4-a97d-d965ccfc6d4b" outcome="Passed" testListId="8c84fa94-04c1-424b-9868-57a2d4851a1d" relativeResultsDirectory="bf10833b-6c05-4d90-806b-1ed443a4a9d5" /><UnitTestResult executionId="b33cb428-0de8-4a2b-8e8c-437ed16af605" testId="e6726369-1933-4f31-a729-4473d9cb7e5d" testName="JilTests.DeserializeTests.Issue48" computerName="SIEBL-4303-04" duration="00:00:00.0350000" startTime="2018-11-11T16:39:27.3913202-06:00" endTime="2018-11-11T16:39:27.3913202-06:00" testType="13cdc9d9-ddb5-4fa4-a97d-d965ccfc6d4b" outcome="Passed" testListId="8c84fa94-04c1-424b-9868-57a2d4851a1d" relativeResultsDirectory="b33cb428-0de8-4a2b-8e8c-437ed16af605" /><UnitTestResult executionId="b9bf7033-2f06-4542-a5a7-99a223e59df9" testId="9ba836be-2248-428b-8ede-61a28dd1e6c8" testName="JilTests.DeserializeTests.Issue73" computerName="SIEBL-4303-04" duration="00:00:00.0750000" startTime="2018-11-11T16:39:21.6479674-06:00" endTime="2018-11-11T16:39:21.6479674-06:00" testType="13cdc9d9-ddb5-4fa4-a97d-d965ccfc6d4b" outcome="Passed" testListId="8c84fa94-04c1-424b-9868-57a2d4851a1d" relativeResultsDirectory="b9bf7033-2f06-4542-a5a7-99a223e59df9" /><UnitTestResult executionId="569c17c4-016f-42c9-a509-e07e88e68979" testId="f71608a9-aca8-432f-bfd4-07ebf3842a83" testName="JilTests.DeserializeTests.Issue150" computerName="SIEBL-4303-04" duration="00:00:00.7560000" startTime="2018-11-11T16:39:24.0920638-06:00" endTime="2018-11-11T16:39:24.0920638-06:00" testType="13cdc9d9-ddb5-4fa4-a97d-d965ccfc6d4b" outcome="Passed" testListId="8c84fa94-04c1-424b-9868-57a2d4851a1d" relativeResultsDirectory="569c17c4-016f-42c9-a509-e07e88e68979" /><UnitTestResult executionId="7c7a429d-55c7-4750-a604-12c83be65be5" testId="beb85d9d-92d1-4d73-84d8-24d4cb7bcfc7" testName="JilTests.DynamicSerializationTests.SecondsTimeSpans" computerName="SIEBL-4303-04" duration="00:00:00.0060000" startTime="2018-11-11T16:39:18.0000980-06:00" endTime="2018-11-11T16:39:18.0000980-06:00" testType="13cdc9d9-ddb5-4fa4-a97d-d965ccfc6d4b" outcome="Passed" testListId="8c84fa94-04c1-424b-9868-57a2d4851a1d" relativeResultsDirectory="7c7a429d-55c7-4750-a604-12c83be65be5" /><UnitTestResult executionId="e7494bcc-2f1e-4671-b1fa-8789a9161117" testId="daa61c03-e7a0-431f-b434-3aa8c18c85ea" testName="JilTests.SerializeTests.EnumVariations" computerName="SIEBL-4303-04" duration="00:00:02.2530000" startTime="2018-11-11T16:39:26.2966205-06:00" endTime="2018-11-11T16:39:26.2966205-06:00" testType="13cdc9d9-ddb5-4fa4-a97d-d965ccfc6d4b" outcome="Passed" testListId="8c84fa94-04c1-424b-9868-57a2d4851a1d" relativeResultsDirectory="e7494bcc-2f1e-4671-b1fa-8789a9161117" /><UnitTestResult executionId="7f01032b-f32b-4e9a-ab2d-e3a560855806" testId="3bdf2ced-184b-45ff-868b-f6e0d61db6e7" testName="JilTests.SerializeTests.ValueTypes" computerName="SIEBL-4303-04" duration="00:00:00.3940000" startTime="2018-11-11T16:39:17.7299377-06:00" endTime="2018-11-11T16:39:17.7299377-06:00" testType="13cdc9d9-ddb5-4fa4-a97d-d965ccfc6d4b" outcome="Passed" testListId="8c84fa94-04c1-424b-9868-57a2d4851a1d" relativeResultsDirectory="7f01032b-f32b-4e9a-ab2d-e3a560855806" /><UnitTestResult executionId="cd419bb7-2864-49a0-80d9-dbf83a193b2e" testId="c22c1d30-5596-4940-8e19-447fbe5098e3" testName="JilTests.DeserializeTests.Issue143TimeSpanFractionOverflow" computerName="SIEBL-4303-04" duration="00:00:00.0050000" startTime="2018-11-11T16:39:30.7430369-06:00" endTime="2018-11-11T16:39:30.7430369-06:00" testType="13cdc9d9-ddb5-4fa4-a97d-d965ccfc6d4b" outcome="Passed" testListId="8c84fa94-04c1-424b-9868-57a2d4851a1d" relativeResultsDirectory="cd419bb7-2864-49a0-80d9-dbf83a193b2e" /><UnitTestResult executionId="7d9e5251-8a32-4ee8-b405-754379d48605" testId="95398eea-45ad-4980-84be-951c6b852c80" testName="JilTests.DeserializeDynamicTests.IEnumerableDynamic" computerName="SIEBL-4303-04" duration="00:00:00.0070000" startTime="2018-11-11T16:39:19.8353595-06:00" endTime="2018-11-11T16:39:19.8353595-06:00" testType="13cdc9d9-ddb5-4fa4-a97d-d965ccfc6d4b" outcome="Passed" testListId="8c84fa94-04c1-424b-9868-57a2d4851a1d" relativeResultsDirectory="7d9e5251-8a32-4ee8-b405-754379d48605" /><UnitTestResult executionId="b4ae2ec7-306e-4e29-8a44-d5295dfaed8d" testId="01de45ab-5475-486c-ba53-b62e08e056a0" testName="JilTests.DeserializeTests.Lists" computerName="SIEBL-4303-04" duration="00:00:00.0180000" startTime="2018-11-11T16:39:31.3944716-06:00" endTime="2018-11-11T16:39:31.3944716-06:00" testType="13cdc9d9-ddb5-4fa4-a97d-d965ccfc6d4b" outcome="Passed" testListId="8c84fa94-04c1-424b-9868-57a2d4851a1d" relativeResultsDirectory="b4ae2ec7-306e-4e29-8a44-d5295dfaed8d" /><UnitTestResult executionId="4416ef00-e843-4273-b127-69744ba490bb" testId="fc95f805-8f5e-47a6-83be-71fa518bb3c4" testName="JilTests.SerializeTests.Issue165" computerName="SIEBL-4303-04" duration="00:00:00.0070000" startTime="2018-11-11T16:39:23.9158026-06:00" endTime="2018-11-11T16:39:23.9158026-06:00" testType="13cdc9d9-ddb5-4fa4-a97d-d965ccfc6d4b" outcome="Passed" testListId="8c84fa94-04c1-424b-9868-57a2d4851a1d" relativeResultsDirectory="4416ef00-e843-4273-b127-69744ba490bb" /><UnitTestResult executionId="5debc3c5-a91e-49e4-83cb-5de052ca957e" testId="6f645a14-7b39-467d-bafe-78e76814c9ad" testName="JilTests.DeserializeDynamicTests.Not" computerName="SIEBL-4303-04" duration="00:00:00.0060000" startTime="2018-11-11T16:39:19.5238928-06:00" endTime="2018-11-11T16:39:19.5238928-06:00" testType="13cdc9d9-ddb5-4fa4-a97d-d965ccfc6d4b" outcome="Passed" testListId="8c84fa94-04c1-424b-9868-57a2d4851a1d" relativeResultsDirectory="5debc3c5-a91e-49e4-83cb-5de052ca957e" /><UnitTestResult executionId="bbe6ed8b-167f-43c5-89aa-6867232b042a" testId="bb4811c3-bc8f-46df-9127-3fb0a1b82215" testName="JilTests.DeserializeTests.PrimitiveWrappers" computerName="SIEBL-4303-04" duration="00:00:00.0260000" startTime="2018-11-11T16:39:33.2547138-06:00" endTime="2018-11-11T16:39:33.2547138-06:00" testType="13cdc9d9-ddb5-4fa4-a97d-d965ccfc6d4b" outcome="Passed" testListId="8c84fa94-04c1-424b-9868-57a2d4851a1d" relativeResultsDirectory="bbe6ed8b-167f-43c5-89aa-6867232b042a" /><UnitTestResult executionId="4fa8801e-7ac6-47c2-98b1-d3ac26308a96" testId="2943ecb8-6f3a-48aa-9d80-f16ad2bb36af" testName="JilTests.DeserializeDynamicTests.Number" computerName="SIEBL-4303-04" duration="00:00:00.0030000" startTime="2018-11-11T16:39:18.9823758-06:00" endTime="2018-11-11T16:39:18.9823758-06:00" testType="13cdc9d9-ddb5-4fa4-a97d-d965ccfc6d4b" outcome="Passed" testListId="8c84fa94-04c1-424b-9868-57a2d4851a1d" relativeResultsDirectory="4fa8801e-7ac6-47c2-98b1-d3ac26308a96" /><UnitTestResult executionId="4d0b4478-f818-42e5-b7ee-410029668cc1" testId="e4b85f62-2d08-4b52-bb73-7eae02f93e36" testName="JilTests.EnumFlagsTest.TestEnumFlagsSerialize" computerName="SIEBL-4303-04" duration="00:00:00.0900000" startTime="2018-11-11T16:39:16.3333352-06:00" endTime="2018-11-11T16:39:16.3333352-06:00" testType="13cdc9d9-ddb5-4fa4-a97d-d965ccfc6d4b" outcome="Passed" testListId="8c84fa94-04c1-424b-9868-57a2d4851a1d" relativeResultsDirectory="4d0b4478-f818-42e5-b7ee-410029668cc1" /><UnitTestResult executionId="77b39ca0-c3f8-4979-b574-20bd3c8d9687" testId="c53457cb-370d-47a2-8694-fcd26db89181" testName="JilTests.DeserializeDynamicTests.And" computerName="SIEBL-4303-04" duration="00:00:00.0590000" startTime="2018-11-11T16:39:18.6780617-06:00" endTime="2018-11-11T16:39:18.6780617-06:00" testType="13cdc9d9-ddb5-4fa4-a97d-d965ccfc6d4b" outcome="Passed" testListId="8c84fa94-04c1-424b-9868-57a2d4851a1d" relativeResultsDirectory="77b39ca0-c3f8-4979-b574-20bd3c8d9687" /><UnitTestResult executionId="c03ee784-c51d-40d0-a9c4-92b452b02339" testId="b90fda5e-3a44-4ae3-8ef3-be4648f35b38" testName="JilTests.DeserializeTests.MalformedISO8601(dateString: &quot;\&quot;19991200\&quot;&quot;, expectedError: &quot;Expected day to be between 01 and 31&quot;)" computerName="SIEBL-4303-04" duration="00:00:00.0010000" startTime="2018-11-11T16:39:15.9360707-06:00" endTime="2018-11-11T16:39:15.9360707-06:00" testType="13cdc9d9-ddb5-4fa4-a97d-d965ccfc6d4b" outcome="Passed" testListId="8c84fa94-04c1-424b-9868-57a2d4851a1d" relativeResultsDirectory="c03ee784-c51d-40d0-a9c4-92b452b02339" /><UnitTestResult executionId="d2112fab-d66d-44d8-9ef1-8eddc98ab835" testId="f8b756c3-0041-4479-8702-c84f0df6c53c" testName="JilTests.DynamicSerializationTests.DynamicObject" computerName="SIEBL-4303-04" duration="00:00:00.0480000" startTime="2018-11-11T16:39:17.5097902-06:00" endTime="2018-11-11T16:39:17.5097902-06:00" testType="13cdc9d9-ddb5-4fa4-a97d-d965ccfc6d4b" outcome="Passed" testListId="8c84fa94-04c1-424b-9868-57a2d4851a1d" relativeResultsDirectory="d2112fab-d66d-44d8-9ef1-8eddc98ab835" /><UnitTestResult executionId="2d771be2-20b0-4983-b8f7-5896bb44675b" testId="7171fc35-b1ed-46d9-8fd2-a67dc7d91e43" testName="JilTests.DeserializeTests.Issue143TimeSpan" computerName="SIEBL-4303-04" duration="00:00:00.0010000" startTime="2018-11-11T16:39:34.1633210-06:00" endTime="2018-11-11T16:39:34.1633210-06:00" testType="13cdc9d9-ddb5-4fa4-a97d-d965ccfc6d4b" outcome="Passed" testListId="8c84fa94-04c1-424b-9868-57a2d4851a1d" relativeResultsDirectory="2d771be2-20b0-4983-b8f7-5896bb44675b" /><UnitTestResult executionId="564d84e0-052d-4540-ab9d-11c8e65d77ba" testId="2c90a0c9-a755-4249-aec3-4dbea0cf6ba3" testName="JilTests.UtilsTests.PropertyFieldUsage" computerName="SIEBL-4303-04" duration="00:00:00.0110000" startTime="2018-11-11T16:39:15.6869044-06:00" endTime="2018-11-11T16:39:15.6869044-06:00" testType="13cdc9d9-ddb5-4fa4-a97d-d965ccfc6d4b" outcome="Passed" testListId="8c84fa94-04c1-424b-9868-57a2d4851a1d" relativeResultsDirectory="564d84e0-052d-4540-ab9d-11c8e65d77ba" /><UnitTestResult executionId="d7e65a10-8b21-467d-b474-848f66cf26ae" testId="dc54c187-9083-4046-a4ff-c077c0a76bb9" testName="JilTests.SerializeTests.ExcludeNulls" computerName="SIEBL-4303-04" duration="00:00:00.0550000" startTime="2018-11-11T16:39:16.4143896-06:00" endTime="2018-11-11T16:39:16.4143896-06:00" testType="13cdc9d9-ddb5-4fa4-a97d-d965ccfc6d4b" outcome="Passed" testListId="8c84fa94-04c1-424b-9868-57a2d4851a1d" relativeResultsDirectory="d7e65a10-8b21-467d-b474-848f66cf26ae" /><UnitTestResult executionId="fc1d9297-9aa3-49cd-815f-c5b458f43182" testId="6c23bd29-ec4c-488c-9e28-e346489dfe5d" testName="JilTests.DeserializeTests.InfoFailure" computerName="SIEBL-4303-04" duration="00:00:00.1640000" startTime="2018-11-11T16:39:21.4414296-06:00" endTime="2018-11-11T16:39:21.4414296-06:00" testType="13cdc9d9-ddb5-4fa4-a97d-d965ccfc6d4b" outcome="Passed" testListId="8c84fa94-04c1-424b-9868-57a2d4851a1d" relativeResultsDirectory="fc1d9297-9aa3-49cd-815f-c5b458f43182" /><UnitTestResult executionId="f517938f-a9ff-4d63-8150-2cca9763559a" testId="ec39b888-7856-4bf4-bfe1-b72a066d2261" testName="JilTests.DeserializeTests.Issue270" computerName="SIEBL-4303-04" duration="00:00:00.0210000" startTime="2018-11-11T16:39:21.7800565-06:00" endTime="2018-11-11T16:39:21.7800565-06:00" testType="13cdc9d9-ddb5-4fa4-a97d-d965ccfc6d4b" outcome="Passed" testListId="8c84fa94-04c1-424b-9868-57a2d4851a1d" relativeResultsDirectory="f517938f-a9ff-4d63-8150-2cca9763559a" /><UnitTestResult executionId="53880b22-b35f-4598-b7c3-333fe51a35c6" testId="b7f3a25b-72c7-4c99-9453-896215c93c3b" testName="JilTests.SerializeTests.NullArrayElements" computerName="SIEBL-4303-04" duration="00:00:00.0040000" startTime="2018-11-11T16:39:32.8404364-06:00" endTime="2018-11-11T16:39:32.8404364-06:00" testType="13cdc9d9-ddb5-4fa4-a97d-d965ccfc6d4b" outcome="Passed" testListId="8c84fa94-04c1-424b-9868-57a2d4851a1d" relativeResultsDirectory="53880b22-b35f-4598-b7c3-333fe51a35c6" /><UnitTestResult executionId="bf2a8f06-8ac0-490b-a8e3-5719bc821da9" testId="0416cbfd-5778-4921-be89-bd93c2c5c352" testName="JilTests.DeserializeTests.NoNameDataMember" computerName="SIEBL-4303-04" duration="00:00:00.0250000" startTime="2018-11-11T16:39:22.3729088-06:00" endTime="2018-11-11T16:39:22.3729088-06:00" testType="13cdc9d9-ddb5-4fa4-a97d-d965ccfc6d4b" outcome="Passed" testListId="8c84fa94-04c1-424b-9868-57a2d4851a1d" relativeResultsDirectory="bf2a8f06-8ac0-490b-a8e3-5719bc821da9" /><UnitTestResult executionId="943db82e-fbd4-4645-8260-8163748f2c30" testId="e41a68bb-15af-4a69-b38f-4851322783bf" testName="JilTests.DeserializeDynamicTests.Issue117(input: &quot;-123.&quot;, expectedError: &quot;Expected digit&quot;)" computerName="SIEBL-4303-04" duration="00:00:00.0010000" startTime="2018-11-11T16:39:16.2682924-06:00" endTime="2018-11-11T16:39:16.2682924-06:00" testType="13cdc9d9-ddb5-4fa4-a97d-d965ccfc6d4b" outcome="Passed" testListId="8c84fa94-04c1-424b-9868-57a2d4851a1d" relativeResultsDirectory="943db82e-fbd4-4645-8260-8163748f2c30" /><UnitTestResult executionId="5b3da416-6dc3-45ef-922f-2caeb6f30096" testId="4675155d-471c-47c9-8475-b564a46cca00" testName="JilTests.DynamicSerializationTests.TopLevelNulls" computerName="SIEBL-4303-04" duration="00:00:00.0660000" startTime="2018-11-11T16:39:17.4617581-06:00" endTime="2018-11-11T16:39:17.4617581-06:00" testType="13cdc9d9-ddb5-4fa4-a97d-d965ccfc6d4b" outcome="Passed" testListId="8c84fa94-04c1-424b-9868-57a2d4851a1d" relativeResultsDirectory="5b3da416-6dc3-45ef-922f-2caeb6f30096" /><UnitTestResult executionId="b91c8851-efa8-457a-b70e-b1f267687d14" testId="18f68709-c2b6-44d0-87c1-8a7aae8f1731" testName="JilTests.DeserializeTests.EnumMemberAttributeOverride" computerName="SIEBL-4303-04" duration="00:00:00.0570000" startTime="2018-11-11T16:39:30.6199545-06:00" endTime="2018-11-11T16:39:30.6199545-06:00" testType="13cdc9d9-ddb5-4fa4-a97d-d965ccfc6d4b" outcome="Passed" testListId="8c84fa94-04c1-424b-9868-57a2d4851a1d" relativeResultsDirectory="b91c8851-efa8-457a-b70e-b1f267687d14" /><UnitTestResult executionId="a9a78772-70ef-49ee-93a7-d90f77a2b271" testId="310dbafd-301c-4421-8d77-44655387d4d9" testName="JilTests.SerializeTests.FlagOption" computerName="SIEBL-4303-04" duration="00:00:01.5990000" startTime="2018-11-11T16:39:28.0594429-06:00" endTime="2018-11-11T16:39:28.0594429-06:00" testType="13cdc9d9-ddb5-4fa4-a97d-d965ccfc6d4b" outcome="Passed" testListId="8c84fa94-04c1-424b-9868-57a2d4851a1d" relativeResultsDirectory="a9a78772-70ef-49ee-93a7-d90f77a2b271" /><UnitTestResult executionId="16a02ffd-6808-4780-a77d-edb99bbf06d6" testId="adc840be-685a-4777-a5af-391f5555783d" testName="JilTests.DeserializeTests.MalformedISO8601(dateString: &quot;\&quot;1900-\&quot;&quot;, expectedError: &quot;Unexpected date string length&quot;)" computerName="SIEBL-4303-04" duration="00:00:00.0010000" startTime="2018-11-11T16:39:15.8700263-06:00" endTime="2018-11-11T16:39:15.8700263-06:00" testType="13cdc9d9-ddb5-4fa4-a97d-d965ccfc6d4b" outcome="Passed" testListId="8c84fa94-04c1-424b-9868-57a2d4851a1d" relativeResultsDirectory="16a02ffd-6808-4780-a77d-edb99bbf06d6" /><UnitTestResult executionId="9253e748-8db6-4aa3-a0fa-bb2294d0daa7" testId="abd998c2-532a-4e4b-b750-3596470098ae" testName="JilTests.DeserializeTests.MalformedISO8601(dateString: &quot;\&quot;1900-01-01T19:19+00:\&quot;&quot;, expectedError: &quot;Not enough character for ISO8601 timezone offset&quot;)" computerName="SIEBL-4303-04" duration="00:00:00.0010000" startTime="2018-11-11T16:39:15.8770313-06:00" endTime="2018-11-11T16:39:15.8770313-06:00" testType="13cdc9d9-ddb5-4fa4-a97d-d965ccfc6d4b" outcome="Passed" testListId="8c84fa94-04c1-424b-9868-57a2d4851a1d" relativeResultsDirectory="9253e748-8db6-4aa3-a0fa-bb2294d0daa7" /><UnitTestResult executionId="a6f9a4d0-1124-4090-932c-f1fea99d8db6" testId="36058d4d-45fc-4419-8bd0-12a9f57f391b" testName="JilTests.DeserializeTests.SerializationNameFormatsDeserialization" computerName="SIEBL-4303-04" duration="00:00:00.6100000" startTime="2018-11-11T16:39:30.5032416-06:00" endTime="2018-11-11T16:39:30.5032416-06:00" testType="13cdc9d9-ddb5-4fa4-a97d-d965ccfc6d4b" outcome="Passed" testListId="8c84fa94-04c1-424b-9868-57a2d4851a1d" relativeResultsDirectory="a6f9a4d0-1124-4090-932c-f1fea99d8db6" /><UnitTestResult executionId="eb513d2d-6ec2-4ab0-959c-94eac5fe67ce" testId="8da7d795-a03f-4921-abdd-e2b1d9ec66a0" testName="JilTests.DeserializeDynamicTests.Issue134" computerName="SIEBL-4303-04" duration="00:00:00.0030000" startTime="2018-11-11T16:39:19.3396142-06:00" endTime="2018-11-11T16:39:19.3396142-06:00" testType="13cdc9d9-ddb5-4fa4-a97d-d965ccfc6d4b" outcome="Passed" testListId="8c84fa94-04c1-424b-9868-57a2d4851a1d" relativeResultsDirectory="eb513d2d-6ec2-4ab0-959c-94eac5fe67ce" /><UnitTestResult executionId="afb7190f-5ce2-4d42-9949-fbebe08bc1b9" testId="b5d36001-6bf6-4329-b21b-96ed3aa590ae" testName="JilTests.DeserializeTests.DateTimeOffsetPreservesOffset" computerName="SIEBL-4303-04" duration="00:00:00.0120000" startTime="2018-11-11T16:39:29.8948094-06:00" endTime="2018-11-11T16:39:29.8948094-06:00" testType="13cdc9d9-ddb5-4fa4-a97d-d965ccfc6d4b" outcome="Passed" testListId="8c84fa94-04c1-424b-9868-57a2d4851a1d" relativeResultsDirectory="afb7190f-5ce2-4d42-9949-fbebe08bc1b9" /><UnitTestResult executionId="670eeeb7-bdd7-4e2b-b95b-ec27208d4b97" testId="bd1c6b68-15be-4e7a-9e5e-70fd73b173bf" testName="JilTests.DeserializeTests.Issue143DateTimeOffsetFractionOverflow" computerName="SIEBL-4303-04" duration="00:00:00.0010000" startTime="2018-11-11T16:39:30.6389678-06:00" endTime="2018-11-11T16:39:30.6389678-06:00" testType="13cdc9d9-ddb5-4fa4-a97d-d965ccfc6d4b" outcome="Passed" testListId="8c84fa94-04c1-424b-9868-57a2d4851a1d" relativeResultsDirectory="670eeeb7-bdd7-4e2b-b95b-ec27208d4b97" /><UnitTestResult executionId="a927a250-e75b-4c19-8d61-fb1767e8affe" testId="f2402b2a-62a1-483e-a5b1-72fcbd57834c" testName="JilTests.DeserializeTests.Issue117_Decimal" computerName="SIEBL-4303-04" duration="00:00:00.0030000" startTime="2018-11-11T16:39:28.1184823-06:00" endTime="2018-11-11T16:39:28.1184823-06:00" testType="13cdc9d9-ddb5-4fa4-a97d-d965ccfc6d4b" outcome="Passed" testListId="8c84fa94-04c1-424b-9868-57a2d4851a1d" relativeResultsDirectory="a927a250-e75b-4c19-8d61-fb1767e8affe" /><UnitTestResult executionId="df87fa77-0fb4-4db4-bf58-f95ae2487319" testId="e0d9189d-54ee-492b-afc3-1a7977e63d08" testName="JilTests.EnumFlagsTest.TestEnumFlagsDeserialize3" computerName="SIEBL-4303-04" duration="00:00:00.0010000" startTime="2018-11-11T16:39:16.3453435-06:00" endTime="2018-11-11T16:39:16.3453435-06:00" testType="13cdc9d9-ddb5-4fa4-a97d-d965ccfc6d4b" outcome="Passed" testListId="8c84fa94-04c1-424b-9868-57a2d4851a1d" relativeResultsDirectory="df87fa77-0fb4-4db4-bf58-f95ae2487319" /><UnitTestResult executionId="52bc28c0-09a8-4191-85c7-7ad27c48403e" testId="c7c247de-678e-4e56-b7c0-b9bc0b1cb99c" testName="JilTests.DeserializeTests.Issue203" computerName="SIEBL-4303-04" duration="00:00:00.0930000" startTime="2018-11-11T16:39:18.5065464-06:00" endTime="2018-11-11T16:39:18.5065464-06:00" testType="13cdc9d9-ddb5-4fa4-a97d-d965ccfc6d4b" outcome="Passed" testListId="8c84fa94-04c1-424b-9868-57a2d4851a1d" relativeResultsDirectory="52bc28c0-09a8-4191-85c7-7ad27c48403e" /><UnitTestResult executionId="84662a6a-28b2-4982-93d9-3d4a903ee7a4" testId="35a34e8a-6925-49b2-836d-4a69fb8af639" testName="JilTests.DeserializeTests.NonDiscriminantUnion" computerName="SIEBL-4303-04" duration="00:00:00.0260000" startTime="2018-11-11T16:39:28.3616437-06:00" endTime="2018-11-11T16:39:28.3616437-06:00" testType="13cdc9d9-ddb5-4fa4-a97d-d965ccfc6d4b" outcome="Passed" testListId="8c84fa94-04c1-424b-9868-57a2d4851a1d" relativeResultsDirectory="84662a6a-28b2-4982-93d9-3d4a903ee7a4" /><UnitTestResult executionId="0fd714a7-12ca-4bd4-80c5-d0639f342c8a" testId="a65d50f0-6147-419e-89ef-95bba6ec859b" testName="JilTests.DeserializeTests.IllegalUTF16Char" computerName="SIEBL-4303-04" duration="00:00:00.0010000" startTime="2018-11-11T16:39:20.6018697-06:00" endTime="2018-11-11T16:39:20.6018697-06:00" testType="13cdc9d9-ddb5-4fa4-a97d-d965ccfc6d4b" outcome="Passed" testListId="8c84fa94-04c1-424b-9868-57a2d4851a1d" relativeResultsDirectory="0fd714a7-12ca-4bd4-80c5-d0639f342c8a" /><UnitTestResult executionId="aef2215a-61b4-4fc7-89ba-7d3d0beceaed" testId="e93c3424-4c70-4694-8494-92feb0a69331" testName="JilTests.DeserializeTests.MalformedISO8601(dateString: &quot;\&quot;1900366\&quot;&quot;, expectedError: &quot;Ordinal day can only be 366 in a leap year&quot;)" computerName="SIEBL-4303-04" duration="00:00:00.0010000" startTime="2018-11-11T16:39:15.9140557-06:00" endTime="2018-11-11T16:39:15.9140557-06:00" testType="13cdc9d9-ddb5-4fa4-a97d-d965ccfc6d4b" outcome="Passed" testListId="8c84fa94-04c1-424b-9868-57a2d4851a1d" relativeResultsDirectory="aef2215a-61b4-4fc7-89ba-7d3d0beceaed" /><UnitTestResult executionId="79deeae9-a925-4efd-a186-7c73d8b94268" testId="44133293-6f9b-4853-a835-eedaf8641cfa" testName="JilTests.DeserializeTests.EmptyEnum" computerName="SIEBL-4303-04" duration="00:00:00.0760000" startTime="2018-11-11T16:39:33.2287000-06:00" endTime="2018-11-11T16:39:33.2287000-06:00" testType="13cdc9d9-ddb5-4fa4-a97d-d965ccfc6d4b" outcome="Passed" testListId="8c84fa94-04c1-424b-9868-57a2d4851a1d" relativeResultsDirectory="79deeae9-a925-4efd-a186-7c73d8b94268" /><UnitTestResult executionId="9ccb8b4e-29c6-43a7-a4d6-36a990541bb0" testId="f04d95fa-6576-4414-be3b-36f4f7afce03" testName="JilTests.DeserializeDynamicTests.Null" computerName="SIEBL-4303-04" duration="00:00:00.0010000" startTime="2018-11-11T16:39:19.5248935-06:00" endTime="2018-11-11T16:39:19.5248935-06:00" testType="13cdc9d9-ddb5-4fa4-a97d-d965ccfc6d4b" outcome="Passed" testListId="8c84fa94-04c1-424b-9868-57a2d4851a1d" relativeResultsDirectory="9ccb8b4e-29c6-43a7-a4d6-36a990541bb0" /><UnitTestResult executionId="781d7ce4-7c9f-424a-b186-7ce2aa9db101" testId="9cc7e44f-4a52-4823-a39d-a33a45628b96" testName="JilTests.UtilsTests.FindRecursiveTypes_DictDict" computerName="SIEBL-4303-04" duration="00:00:00.0530000" startTime="2018-11-11T16:39:15.6768975-06:00" endTime="2018-11-11T16:39:15.6768975-06:00" testType="13cdc9d9-ddb5-4fa4-a97d-d965ccfc6d4b" outcome="Passed" testListId="8c84fa94-04c1-424b-9868-57a2d4851a1d" relativeResultsDirectory="781d7ce4-7c9f-424a-b186-7ce2aa9db101" /><UnitTestResult executionId="90819d75-d94c-4f3f-b77b-211fe467ed3d" testId="35bb7384-6e4b-46f9-ae3b-d38f2d72d929" testName="JilTests.DeserializeDynamicTests.Issue117(input: &quot;-001&quot;, expectedError: &quot;Number cannot have leading zeros&quot;)" computerName="SIEBL-4303-04" duration="00:00:00.0010000" startTime="2018-11-11T16:39:16.2562841-06:00" endTime="2018-11-11T16:39:16.2562841-06:00" testType="13cdc9d9-ddb5-4fa4-a97d-d965ccfc6d4b" outcome="Passed" testListId="8c84fa94-04c1-424b-9868-57a2d4851a1d" relativeResultsDirectory="90819d75-d94c-4f3f-b77b-211fe467ed3d" /><UnitTestResult executionId="1ff7c23b-6bd2-47f1-a10a-c341b920d63c" testId="e63cefc1-a683-4a1e-9037-e47d8e764867" testName="JilTests.DeserializeTests.CaseInsensitiveEnums" computerName="SIEBL-4303-04" duration="00:00:00.1040000" startTime="2018-11-11T16:39:27.0809004-06:00" endTime="2018-11-11T16:39:27.0809004-06:00" testType="13cdc9d9-ddb5-4fa4-a97d-d965ccfc6d4b" outcome="Passed" testListId="8c84fa94-04c1-424b-9868-57a2d4851a1d" relativeResultsDirectory="1ff7c23b-6bd2-47f1-a10a-c341b920d63c" /><UnitTestResult executionId="5eeec8ec-6cf0-4e2c-bce1-64cabec535d2" testId="cd0aaf3c-ae48-4ca1-8652-56ad98edd268" testName="JilTests.SerializeTests.Issue231" computerName="SIEBL-4303-04" duration="00:00:00.0040000" startTime="2018-11-11T16:39:32.1839984-06:00" endTime="2018-11-11T16:39:32.1839984-06:00" testType="13cdc9d9-ddb5-4fa4-a97d-d965ccfc6d4b" outcome="Passed" testListId="8c84fa94-04c1-424b-9868-57a2d4851a1d" relativeResultsDirectory="5eeec8ec-6cf0-4e2c-bce1-64cabec535d2" /><UnitTestResult executionId="92a793d0-2900-4724-a5a2-7f9ff06241ee" testId="341163c2-9424-4fe6-bd17-1f15fc218708" testName="JilTests.DeserializeTests.Enums" computerName="SIEBL-4303-04" duration="00:00:00.0980000" startTime="2018-11-11T16:39:20.4247515-06:00" endTime="2018-11-11T16:39:20.4247515-06:00" testType="13cdc9d9-ddb5-4fa4-a97d-d965ccfc6d4b" outcome="Passed" testListId="8c84fa94-04c1-424b-9868-57a2d4851a1d" relativeResultsDirectory="92a793d0-2900-4724-a5a2-7f9ff06241ee" /><UnitTestResult executionId="9ceb9def-bfe5-4794-91c6-3ba6343ef1f8" testId="d4ed1629-072d-4a3b-b256-d5fab80a88b6" testName="JilTests.SerializeTests.IReadOnlyList" computerName="SIEBL-4303-04" duration="00:00:00.0110000" startTime="2018-11-11T16:39:16.7886393-06:00" endTime="2018-11-11T16:39:16.7886393-06:00" testType="13cdc9d9-ddb5-4fa4-a97d-d965ccfc6d4b" outcome="Passed" testListId="8c84fa94-04c1-424b-9868-57a2d4851a1d" relativeResultsDirectory="9ceb9def-bfe5-4794-91c6-3ba6343ef1f8" /><UnitTestResult executionId="ddc6c07f-4f2f-43db-b8c6-ce51c4d4c942" testId="649c9d59-9041-421b-8b84-705107f05a9d" testName="JilTests.SerializeTests.Issue127" computerName="SIEBL-4303-04" duration="00:00:00.0290000" startTime="2018-11-11T16:39:28.5327575-06:00" endTime="2018-11-11T16:39:28.5327575-06:00" testType="13cdc9d9-ddb5-4fa4-a97d-d965ccfc6d4b" outcome="Passed" testListId="8c84fa94-04c1-424b-9868-57a2d4851a1d" relativeResultsDirectory="ddc6c07f-4f2f-43db-b8c6-ce51c4d4c942" /><UnitTestResult executionId="f12e1e21-f3ca-44e1-808b-c98ae875d8fb" testId="aadcb02d-161a-4951-acd2-57e4b073e60b" testName="JilTests.SerializeTests.List" computerName="SIEBL-4303-04" duration="00:00:00.0060000" startTime="2018-11-11T16:39:26.4607312-06:00" endTime="2018-11-11T16:39:26.4607312-06:00" testType="13cdc9d9-ddb5-4fa4-a97d-d965ccfc6d4b" outcome="Passed" testListId="8c84fa94-04c1-424b-9868-57a2d4851a1d" relativeResultsDirectory="f12e1e21-f3ca-44e1-808b-c98ae875d8fb" /><UnitTestResult executionId="e86ee934-5d98-48bb-adc4-2fdac9cb4a63" testId="9e3b1a3e-7416-4289-9446-88d1d47cad3f" testName="JilTests.DeserializeTests.Bytes" computerName="SIEBL-4303-04" duration="00:00:00.0090000" startTime="2018-11-11T16:39:28.3366264-06:00" endTime="2018-11-11T16:39:28.3366264-06:00" testType="13cdc9d9-ddb5-4fa4-a97d-d965ccfc6d4b" outcome="Passed" testListId="8c84fa94-04c1-424b-9868-57a2d4851a1d" relativeResultsDirectory="e86ee934-5d98-48bb-adc4-2fdac9cb4a63" /><UnitTestResult executionId="684bac8b-4edb-4afb-a041-f47300d1654c" testId="c523aef9-d572-42f1-9654-8a808be9f1d7" testName="JilTests.DeserializeTests.MalformedISO8601(dateString: &quot;\&quot;1999W1\&quot;&quot;, expectedError: &quot;Unexpected date string length&quot;)" computerName="SIEBL-4303-04" duration="00:00:00.0010000" startTime="2018-11-11T16:39:15.9120547-06:00" endTime="2018-11-11T16:39:15.9120547-06:00" testType="13cdc9d9-ddb5-4fa4-a97d-d965ccfc6d4b" outcome="Passed" testListId="8c84fa94-04c1-424b-9868-57a2d4851a1d" relativeResultsDirectory="684bac8b-4edb-4afb-a041-f47300d1654c" /><UnitTestResult executionId="49ec928d-ddd8-4ef2-86a3-b26cb93c50cc" testId="f5092287-aa6e-4aff-bd00-93364176290c" testName="JilTests.DeserializeTests.IReadOnlyDictionaryEnumKeys" computerName="SIEBL-4303-04" duration="00:00:00.4480000" startTime="2018-11-11T16:39:24.6424310-06:00" endTime="2018-11-11T16:39:24.6424310-06:00" testType="13cdc9d9-ddb5-4fa4-a97d-d965ccfc6d4b" outcome="Passed" testListId="8c84fa94-04c1-424b-9868-57a2d4851a1d" relativeResultsDirectory="49ec928d-ddd8-4ef2-86a3-b26cb93c50cc" /><UnitTestResult executionId="76fcd63c-0fd4-4548-a178-4fc91b46b3f2" testId="9a85ac97-d454-43a5-b4aa-8cb6680d958d" testName="JilTests.DeserializeTests.Issue53" computerName="SIEBL-4303-04" duration="00:00:00.0750000" startTime="2018-11-11T16:39:28.3266194-06:00" endTime="2018-11-11T16:39:28.3266194-06:00" testType="13cdc9d9-ddb5-4fa4-a97d-d965ccfc6d4b" outcome="Passed" testListId="8c84fa94-04c1-424b-9868-57a2d4851a1d" relativeResultsDirectory="76fcd63c-0fd4-4548-a178-4fc91b46b3f2" /><UnitTestResult executionId="e1908c11-8dd2-4cce-9426-50b807a50311" testId="91c6bd3b-5dbf-4212-ac19-e461f40f6c4a" testName="JilTests.DeserializeTests.ISO8601TimeSpan_Weeks" computerName="SIEBL-4303-04" duration="00:00:00.0010000" startTime="2018-11-11T16:39:33.3868025-06:00" endTime="2018-11-11T16:39:33.3868025-06:00" testType="13cdc9d9-ddb5-4fa4-a97d-d965ccfc6d4b" outcome="Passed" testListId="8c84fa94-04c1-424b-9868-57a2d4851a1d" relativeResultsDirectory="e1908c11-8dd2-4cce-9426-50b807a50311" /><UnitTestResult executionId="010b13f1-fe96-44f8-aa5a-1c42864e7f2b" testId="dda95192-077f-4185-882d-2aea6eb77a58" testName="JilTests.SerializeTests.Guids" computerName="SIEBL-4303-04" duration="00:00:00.1660000" startTime="2018-11-11T16:39:29.8337686-06:00" endTime="2018-11-11T16:39:29.8337686-06:00" testType="13cdc9d9-ddb5-4fa4-a97d-d965ccfc6d4b" outcome="Passed" testListId="8c84fa94-04c1-424b-9868-57a2d4851a1d" relativeResultsDirectory="010b13f1-fe96-44f8-aa5a-1c42864e7f2b" /><UnitTestResult executionId="5294b2a9-4b00-47cc-b051-19e217b889df" testId="1dc42193-2614-4cc3-8e85-47857b552cc0" testName="JilTests.DynamicSerializationTests.ExcludingNulls" computerName="SIEBL-4303-04" duration="00:00:00.0460000" startTime="2018-11-11T16:39:16.6815681-06:00" endTime="2018-11-11T16:39:16.6815681-06:00" testType="13cdc9d9-ddb5-4fa4-a97d-d965ccfc6d4b" outcome="Passed" testListId="8c84fa94-04c1-424b-9868-57a2d4851a1d" relativeResultsDirectory="5294b2a9-4b00-47cc-b051-19e217b889df" /><UnitTestResult executionId="8c014dc9-4fa7-4faa-a415-1e16327ecad8" testId="0507bd9b-8c35-4eb6-9128-01eabe356925" testName="JilTests.DeserializeTests.Objects" computerName="SIEBL-4303-04" duration="00:00:00.1590000" startTime="2018-11-11T16:39:16.0731622-06:00" endTime="2018-11-11T16:39:16.0731622-06:00" testType="13cdc9d9-ddb5-4fa4-a97d-d965ccfc6d4b" outcome="Passed" testListId="8c84fa94-04c1-424b-9868-57a2d4851a1d" relativeResultsDirectory="8c014dc9-4fa7-4faa-a415-1e16327ecad8" /><UnitTestResult executionId="4ad78d3e-713a-48aa-88f6-993795d9f644" testId="30e47775-1683-4fe5-ae0c-611166c2022a" testName="JilTests.DeserializeTests.Chars" computerName="SIEBL-4303-04" duration="00:00:00.0140000" startTime="2018-11-11T16:39:23.3354165-06:00" endTime="2018-11-11T16:39:23.3354165-06:00" testType="13cdc9d9-ddb5-4fa4-a97d-d965ccfc6d4b" outcome="Passed" testListId="8c84fa94-04c1-424b-9868-57a2d4851a1d" relativeResultsDirectory="4ad78d3e-713a-48aa-88f6-993795d9f644" /><UnitTestResult executionId="d16675dd-e861-4d04-a17f-caa872387556" testId="76455f61-6052-4ab0-9df3-d43adc771dc8" testName="JilTests.DeserializeTests.MissingConstructor" computerName="SIEBL-4303-04" duration="00:00:00.0050000" startTime="2018-11-11T16:39:18.7621175-06:00" endTime="2018-11-11T16:39:18.7621175-06:00" testType="13cdc9d9-ddb5-4fa4-a97d-d965ccfc6d4b" outcome="Passed" testListId="8c84fa94-04c1-424b-9868-57a2d4851a1d" relativeResultsDirectory="d16675dd-e861-4d04-a17f-caa872387556" /><UnitTestResult executionId="a1b2109d-2bd3-433b-90c5-8ae870e88def" testId="8f356afd-fbaf-4e5e-aa86-97f96f170883" testName="JilTests.SerializeTests.MillsecondsTimeSpans" computerName="SIEBL-4303-04" duration="00:00:00.0050000" startTime="2018-11-11T16:39:26.3136318-06:00" endTime="2018-11-11T16:39:26.3136318-06:00" testType="13cdc9d9-ddb5-4fa4-a97d-d965ccfc6d4b" outcome="Passed" testListId="8c84fa94-04c1-424b-9868-57a2d4851a1d" relativeResultsDirectory="a1b2109d-2bd3-433b-90c5-8ae870e88def" /><UnitTestResult executionId="a21e2255-6d90-4e2d-8363-e6ceacec1026" testId="55d500d0-0584-4acf-8b79-70a8b40a7fdd" testName="JilTests.UtilsTests.UnionConfigs" computerName="SIEBL-4303-04" duration="00:00:01.0300000" startTime="2018-11-11T16:39:16.7456106-06:00" endTime="2018-11-11T16:39:16.7456106-06:00" testType="13cdc9d9-ddb5-4fa4-a97d-d965ccfc6d4b" outcome="Passed" testListId="8c84fa94-04c1-424b-9868-57a2d4851a1d" relativeResultsDirectory="a21e2255-6d90-4e2d-8363-e6ceacec1026" /><UnitTestResult executionId="c0a31d5a-63fa-41f8-820f-bc5cb2478660" testId="4fc7adb1-0ff4-4d37-91e1-dd531896f6d7" testName="JilTests.SerializeTests.AllOptions" computerName="SIEBL-4303-04" duration="00:00:00.7120000" startTime="2018-11-11T16:39:29.3824675-06:00" endTime="2018-11-11T16:39:29.3824675-06:00" testType="13cdc9d9-ddb5-4fa4-a97d-d965ccfc6d4b" outcome="Passed" testListId="8c84fa94-04c1-424b-9868-57a2d4851a1d" relativeResultsDirectory="c0a31d5a-63fa-41f8-820f-bc5cb2478660" /><UnitTestResult executionId="56d34e00-c951-4dd8-8775-cab0d91e4ba1" testId="e4382f3d-1968-46fc-a13c-93748d400f43" testName="JilTests.DeserializeTests.PrivateConstructor_Object" computerName="SIEBL-4303-04" duration="00:00:00.0220000" startTime="2018-11-11T16:39:34.4234943-06:00" endTime="2018-11-11T16:39:34.4234943-06:00" testType="13cdc9d9-ddb5-4fa4-a97d-d965ccfc6d4b" outcome="Passed" testListId="8c84fa94-04c1-424b-9868-57a2d4851a1d" relativeResultsDirectory="56d34e00-c951-4dd8-8775-cab0d91e4ba1" /><UnitTestResult executionId="50f6a757-7071-4321-b42d-459157040c4f" testId="03e07e8b-90df-48b7-a023-baaaf4f995e2" testName="JilTests.SerializeTests.EnumMemberAttributeOverride" computerName="SIEBL-4303-04" duration="00:00:00.0360000" startTime="2018-11-11T16:39:26.4227046-06:00" endTime="2018-11-11T16:39:26.4227046-06:00" testType="13cdc9d9-ddb5-4fa4-a97d-d965ccfc6d4b" outcome="Passed" testListId="8c84fa94-04c1-424b-9868-57a2d4851a1d" relativeResultsDirectory="50f6a757-7071-4321-b42d-459157040c4f" /><UnitTestResult executionId="dac597c5-4c81-439b-8daa-a1e41c974464" testId="85fa87ec-7fe3-412d-a91d-c4e9d0bf52a7" testName="JilTests.DeserializeDynamicTests.SignedSmallNumberTests" computerName="SIEBL-4303-04" duration="00:00:00.0960000" startTime="2018-11-11T16:39:19.8283548-06:00" endTime="2018-11-11T16:39:19.8283548-06:00" testType="13cdc9d9-ddb5-4fa4-a97d-d965ccfc6d4b" outcome="Passed" testListId="8c84fa94-04c1-424b-9868-57a2d4851a1d" relativeResultsDirectory="dac597c5-4c81-439b-8daa-a1e41c974464" /><UnitTestResult executionId="89c912d2-e68e-489e-ac7f-11d20f4c47e3" testId="9ac4e5ea-a628-42c5-a3bb-307c6e5b3466" testName="JilTests.DeserializeDynamicTests.Issue117(input: &quot;1.&quot;, expectedError: &quot;Expected digit&quot;)" computerName="SIEBL-4303-04" duration="00:00:00.0010000" startTime="2018-11-11T16:39:16.2923084-06:00" endTime="2018-11-11T16:39:16.2923084-06:00" testType="13cdc9d9-ddb5-4fa4-a97d-d965ccfc6d4b" outcome="Passed" testListId="8c84fa94-04c1-424b-9868-57a2d4851a1d" relativeResultsDirectory="89c912d2-e68e-489e-ac7f-11d20f4c47e3" /><UnitTestResult executionId="67b6fd0e-504c-4b1b-97e5-2afd1634d897" testId="49c3eef5-ab8c-4864-813d-6851c1512570" testName="JilTests.DeserializeTests.MalformedISO8601(dateString: &quot;\&quot;99\&quot;&quot;, expectedError: &quot;ISO8601 date must begin with a 4 character year&quot;)" computerName="SIEBL-4303-04" duration="00:00:00.0060000" startTime="2018-11-11T16:39:15.9030487-06:00" endTime="2018-11-11T16:39:15.9030487-06:00" testType="13cdc9d9-ddb5-4fa4-a97d-d965ccfc6d4b" outcome="Passed" testListId="8c84fa94-04c1-424b-9868-57a2d4851a1d" relativeResultsDirectory="67b6fd0e-504c-4b1b-97e5-2afd1634d897" /><UnitTestResult executionId="1ddba338-3b91-423f-8e12-6484e8e6107f" testId="8b9fb536-25c8-4c25-a7b0-cc6caebafb7d" testName="JilTests.DeserializeTests.ObjectsSkipMembers" computerName="SIEBL-4303-04" duration="00:00:00.0040000" startTime="2018-11-11T16:39:30.5569127-06:00" endTime="2018-11-11T16:39:30.5569127-06:00" testType="13cdc9d9-ddb5-4fa4-a97d-d965ccfc6d4b" outcome="Passed" testListId="8c84fa94-04c1-424b-9868-57a2d4851a1d" relativeResultsDirectory="1ddba338-3b91-423f-8e12-6484e8e6107f" /><UnitTestResult executionId="fa5e662e-2aca-4502-938a-731271067488" testId="d0afadad-0086-48de-b027-321e983bee9e" testName="JilTests.DynamicSerializationTests.Issue230" computerName="SIEBL-4303-04" duration="00:00:00.0030000" startTime="2018-11-11T16:39:18.1493086-06:00" endTime="2018-11-11T16:39:18.1493086-06:00" testType="13cdc9d9-ddb5-4fa4-a97d-d965ccfc6d4b" outcome="Passed" testListId="8c84fa94-04c1-424b-9868-57a2d4851a1d" relativeResultsDirectory="fa5e662e-2aca-4502-938a-731271067488" /><UnitTestResult executionId="363e7c8c-8d86-4e57-8c36-4327790a6450" testId="01a5383c-3eee-4434-98b9-080cb6ebff84" testName="JilTests.SerializeTests.CyclicalValueTypes" computerName="SIEBL-4303-04" duration="00:00:00.0490000" startTime="2018-11-11T16:39:23.5585648-06:00" endTime="2018-11-11T16:39:23.5585648-06:00" testType="13cdc9d9-ddb5-4fa4-a97d-d965ccfc6d4b" outcome="Passed" testListId="8c84fa94-04c1-424b-9868-57a2d4851a1d" relativeResultsDirectory="363e7c8c-8d86-4e57-8c36-4327790a6450" /><UnitTestResult executionId="e4f97464-34bd-450c-89ec-a59b70ddb170" testId="010fccfe-efbf-4132-94dc-79fecd79f4f2" testName="JilTests.DeserializeDynamicTests.EmptyArrayWithSpace" computerName="SIEBL-4303-04" duration="00:00:00.0090000" startTime="2018-11-11T16:39:19.3376116-06:00" endTime="2018-11-11T16:39:19.3376116-06:00" testType="13cdc9d9-ddb5-4fa4-a97d-d965ccfc6d4b" outcome="Passed" testListId="8c84fa94-04c1-424b-9868-57a2d4851a1d" relativeResultsDirectory="e4f97464-34bd-450c-89ec-a59b70ddb170" /><UnitTestResult executionId="fa50425b-0443-4e52-aab8-daff76a8819a" testId="08d8aaec-6574-46dd-a586-2ba5d13e19d7" testName="JilTests.DeserializeDynamicTests.DictionaryCoercion" computerName="SIEBL-4303-04" duration="00:00:00.0140000" startTime="2018-11-11T16:39:18.3934718-06:00" endTime="2018-11-11T16:39:18.3934718-06:00" testType="13cdc9d9-ddb5-4fa4-a97d-d965ccfc6d4b" outcome="Passed" testListId="8c84fa94-04c1-424b-9868-57a2d4851a1d" relativeResultsDirectory="fa50425b-0443-4e52-aab8-daff76a8819a" /><UnitTestResult executionId="623c7e2a-ff29-49fd-b564-5e2639f7d44b" testId="d1272dec-b767-4e7f-814a-aa19e0951ebc" testName="JilTests.DeserializeTests.Bools" computerName="SIEBL-4303-04" duration="00:00:00.0190000" startTime="2018-11-11T16:39:30.6559788-06:00" endTime="2018-11-11T16:39:30.6559788-06:00" testType="13cdc9d9-ddb5-4fa4-a97d-d965ccfc6d4b" outcome="Passed" testListId="8c84fa94-04c1-424b-9868-57a2d4851a1d" relativeResultsDirectory="623c7e2a-ff29-49fd-b564-5e2639f7d44b" /><UnitTestResult executionId="943ac81c-1f7c-4ff9-8205-6c212e65f84a" testId="15eb2f15-dad2-46b1-b9df-dd20a06c40b5" testName="JilTests.DeserializeTests.BadFloat(input: &quot;1.2.3.4.5.6&quot;, expectedSnippetAfter: &quot;.3.4.5.6&quot;)" computerName="SIEBL-4303-04" duration="00:00:00.0010000" startTime="2018-11-11T16:39:26.9800765-06:00" endTime="2018-11-11T16:39:26.9800765-06:00" testType="13cdc9d9-ddb5-4fa4-a97d-d965ccfc6d4b" outcome="Passed" testListId="8c84fa94-04c1-424b-9868-57a2d4851a1d" relativeResultsDirectory="943ac81c-1f7c-4ff9-8205-6c212e65f84a" /><UnitTestResult executionId="3dff29bc-4bf3-461b-9036-563ba6b55190" testId="f12ee795-b256-40c5-bad8-37879ee99e22" testName="JilTests.DeserializeTests.Issue162" computerName="SIEBL-4303-04" duration="00:00:00.0050000" startTime="2018-11-11T16:39:26.6128315-06:00" endTime="2018-11-11T16:39:26.6128315-06:00" testType="13cdc9d9-ddb5-4fa4-a97d-d965ccfc6d4b" outcome="Passed" testListId="8c84fa94-04c1-424b-9868-57a2d4851a1d" relativeResultsDirectory="3dff29bc-4bf3-461b-9036-563ba6b55190" /><UnitTestResult executionId="bf6e8131-55ac-4a28-af56-a9b107dd4aeb" testId="c975dbab-fdf0-4d0b-9b76-6905213193f9" testName="JilTests.DynamicSerializationTests.RFC1123" computerName="SIEBL-4303-04" duration="00:00:00.0110000" startTime="2018-11-11T16:39:17.9870894-06:00" endTime="2018-11-11T16:39:17.9870894-06:00" testType="13cdc9d9-ddb5-4fa4-a97d-d965ccfc6d4b" outcome="Passed" testListId="8c84fa94-04c1-424b-9868-57a2d4851a1d" relativeResultsDirectory="bf6e8131-55ac-4a28-af56-a9b107dd4aeb" /><UnitTestResult executionId="1a974f4e-de38-49b6-8a2b-e2f457646ebe" testId="adedf090-4aa6-496e-be01-4680b8cb7684" testName="JilTests.SerializeTests.IntegerDictionaryKeysWithoutNulls" computerName="SIEBL-4303-04" duration="00:00:00.0800000" startTime="2018-11-11T16:39:17.9392852-06:00" endTime="2018-11-11T16:39:17.9392852-06:00" testType="13cdc9d9-ddb5-4fa4-a97d-d965ccfc6d4b" outcome="Passed" testListId="8c84fa94-04c1-424b-9868-57a2d4851a1d" relativeResultsDirectory="1a974f4e-de38-49b6-8a2b-e2f457646ebe" /><UnitTestResult executionId="d73d191b-ca1f-4e44-a4a8-c74bbb608c6a" testId="1eaa6b55-0b20-4809-b29a-2872362c434d" testName="JilTests.DynamicSerializationTests.HeterogenousCollection" computerName="SIEBL-4303-04" duration="00:00:00.0100000" startTime="2018-11-11T16:39:17.3420882-06:00" endTime="2018-11-11T16:39:17.3420882-06:00" testType="13cdc9d9-ddb5-4fa4-a97d-d965ccfc6d4b" outcome="Passed" testListId="8c84fa94-04c1-424b-9868-57a2d4851a1d" relativeResultsDirectory="d73d191b-ca1f-4e44-a4a8-c74bbb608c6a" /><UnitTestResult executionId="1fc5ede1-38f2-4941-908d-c15bd8a7b9b5" testId="9bf2119f-b4b0-4bee-a646-3f2dc8b0b2ba" testName="JilTests.DeserializeTests.MalformedISO8601(dateString: &quot;\&quot;1999-W01-0\&quot;&quot;, expectedError: &quot;Expected day to be a digit between 1 and 7&quot;)" computerName="SIEBL-4303-04" duration="00:00:00.0010000" startTime="2018-11-11T16:39:15.9490791-06:00" endTime="2018-11-11T16:39:15.9490791-06:00" testType="13cdc9d9-ddb5-4fa4-a97d-d965ccfc6d4b" outcome="Passed" testListId="8c84fa94-04c1-424b-9868-57a2d4851a1d" relativeResultsDirectory="1fc5ede1-38f2-4941-908d-c15bd8a7b9b5" /><UnitTestResult executionId="419885ca-a038-497e-852a-2d6dab8f2ee9" testId="c9c3278d-90d7-46c5-8726-7450844ef1dd" testName="JilTests.DeserializeTests.ISO8601TimeSpan_YearsMonth" computerName="SIEBL-4303-04" duration="00:00:00.0020000" startTime="2018-11-11T16:39:30.6699882-06:00" endTime="2018-11-11T16:39:30.6699882-06:00" testType="13cdc9d9-ddb5-4fa4-a97d-d965ccfc6d4b" outcome="Passed" testListId="8c84fa94-04c1-424b-9868-57a2d4851a1d" relativeResultsDirectory="419885ca-a038-497e-852a-2d6dab8f2ee9" /><UnitTestResult executionId="2855f9ab-dc00-476e-9d23-cb5b6379e5a2" testId="ac89447c-8d41-46b5-85a7-24935e779729" testName="JilTests.SerializeTests.Enums" computerName="SIEBL-4303-04" duration="00:00:00.1440000" startTime="2018-11-11T16:39:23.9138009-06:00" endTime="2018-11-11T16:39:23.9138009-06:00" testType="13cdc9d9-ddb5-4fa4-a97d-d965ccfc6d4b" outcome="Passed" testListId="8c84fa94-04c1-424b-9868-57a2d4851a1d" relativeResultsDirectory="2855f9ab-dc00-476e-9d23-cb5b6379e5a2" /><UnitTestResult executionId="d5808412-755e-4683-9023-5e4504838622" testId="0b3718e6-f086-4d63-902c-38d1c3447693" testName="JilTests.SerializeTests.RFC1123TimeSpans" computerName="SIEBL-4303-04" duration="00:00:00.0080000" startTime="2018-11-11T16:39:17.1889852-06:00" endTime="2018-11-11T16:39:17.1889852-06:00" testType="13cdc9d9-ddb5-4fa4-a97d-d965ccfc6d4b" outcome="Passed" testListId="8c84fa94-04c1-424b-9868-57a2d4851a1d" relativeResultsDirectory="d5808412-755e-4683-9023-5e4504838622" /><UnitTestResult executionId="82b87f25-ea77-459a-9439-eb4cfcd472b9" testId="cb7594aa-c441-45cf-ad4d-a602c21f2bbd" testName="JilTests.DeserializeDynamicTests.FlagsEnum" computerName="SIEBL-4303-04" duration="00:00:00.0680000" startTime="2018-11-11T16:39:19.1594925-06:00" endTime="2018-11-11T16:39:19.1594925-06:00" testType="13cdc9d9-ddb5-4fa4-a97d-d965ccfc6d4b" outcome="Passed" testListId="8c84fa94-04c1-424b-9868-57a2d4851a1d" relativeResultsDirectory="82b87f25-ea77-459a-9439-eb4cfcd472b9" /><UnitTestResult executionId="bd6c64ce-b5ab-4cdb-9182-cab7eab92116" testId="4591c13f-7b44-4f1f-bcb9-4a937e74768e" testName="JilTests.DeserializeTests.Issue227" computerName="SIEBL-4303-04" duration="00:00:00.4300000" startTime="2018-11-11T16:39:20.3266861-06:00" endTime="2018-11-11T16:39:20.3266861-06:00" testType="13cdc9d9-ddb5-4fa4-a97d-d965ccfc6d4b" outcome="Passed" testListId="8c84fa94-04c1-424b-9868-57a2d4851a1d" relativeResultsDirectory="bd6c64ce-b5ab-4cdb-9182-cab7eab92116" /><UnitTestResult executionId="4995f417-e962-4d91-af82-a96f4b0ce14c" testId="7ba96ed4-7fbf-4598-b077-cfc1ce719edd" testName="JilTests.DeserializeTests.IReadOnlyDictionaries" computerName="SIEBL-4303-04" duration="00:00:00.4840000" startTime="2018-11-11T16:39:34.1453087-06:00" endTime="2018-11-11T16:39:34.1453087-06:00" testType="13cdc9d9-ddb5-4fa4-a97d-d965ccfc6d4b" outcome="Passed" testListId="8c84fa94-04c1-424b-9868-57a2d4851a1d" relativeResultsDirectory="4995f417-e962-4d91-af82-a96f4b0ce14c" /><UnitTestResult executionId="1a6bce33-afac-465b-82d9-635da84f9bc9" testId="0d8b4136-cef3-4965-b928-9b68d1c4e4de" testName="JilTests.DeserializeTests.FlagsEnum" computerName="SIEBL-4303-04" duration="00:00:00.0790000" startTime="2018-11-11T16:39:30.8230903-06:00" endTime="2018-11-11T16:39:30.8230903-06:00" testType="13cdc9d9-ddb5-4fa4-a97d-d965ccfc6d4b" outcome="Passed" testListId="8c84fa94-04c1-424b-9868-57a2d4851a1d" relativeResultsDirectory="1a6bce33-afac-465b-82d9-635da84f9bc9" /><UnitTestResult executionId="695de284-a544-454c-862c-da35f41c2d98" testId="cdb1a25b-bf51-4c78-9cef-cbd36914eba9" testName="JilTests.DeserializeDynamicTests.Issue117(input: &quot;-01&quot;, expectedError: &quot;Number cannot have leading zeros&quot;)" computerName="SIEBL-4303-04" duration="00:00:00.0010000" startTime="2018-11-11T16:39:16.2582857-06:00" endTime="2018-11-11T16:39:16.2582857-06:00" testType="13cdc9d9-ddb5-4fa4-a97d-d965ccfc6d4b" outcome="Passed" testListId="8c84fa94-04c1-424b-9868-57a2d4851a1d" relativeResultsDirectory="695de284-a544-454c-862c-da35f41c2d98" /><UnitTestResult executionId="b069fcb1-370e-4066-a5f1-e51410afb1d1" testId="c1d7985f-c487-4392-ab7d-98e7b39da12b" testName="JilTests.UtilsTests.ConstantProperties" computerName="SIEBL-4303-04" duration="00:00:00.0160000" startTime="2018-11-11T16:39:15.7559505-06:00" endTime="2018-11-11T16:39:15.7559505-06:00" testType="13cdc9d9-ddb5-4fa4-a97d-d965ccfc6d4b" outcome="Passed" testListId="8c84fa94-04c1-424b-9868-57a2d4851a1d" relativeResultsDirectory="b069fcb1-370e-4066-a5f1-e51410afb1d1" /><UnitTestResult executionId="3a638105-226b-4045-b1bf-ea1c975096a7" testId="787e2a1c-615e-4904-8e5e-8b2dddc7cefa" testName="JilTests.DeserializeTests.Longs" computerName="SIEBL-4303-04" duration="00:00:00.0010000" startTime="2018-11-11T16:39:24.7745192-06:00" endTime="2018-11-11T16:39:24.7745192-06:00" testType="13cdc9d9-ddb5-4fa4-a97d-d965ccfc6d4b" outcome="Passed" testListId="8c84fa94-04c1-424b-9868-57a2d4851a1d" relativeResultsDirectory="3a638105-226b-4045-b1bf-ea1c975096a7" /><UnitTestResult executionId="ad53a3f2-79ab-4b80-96b2-26d2179226f3" testId="020978c8-5296-4705-b535-239287358b94" testName="JilTests.DeserializeTests.MalformedISO8601(dateString: &quot;\&quot;1999-02-29\&quot;&quot;, expectedError: &quot;ISO8601 date could not be mapped to DateTime&quot;)" computerName="SIEBL-4303-04" duration="00:00:00.0010000" startTime="2018-11-11T16:39:15.8930417-06:00" endTime="2018-11-11T16:39:15.8930417-06:00" testType="13cdc9d9-ddb5-4fa4-a97d-d965ccfc6d4b" outcome="Passed" testListId="8c84fa94-04c1-424b-9868-57a2d4851a1d" relativeResultsDirectory="ad53a3f2-79ab-4b80-96b2-26d2179226f3" /><UnitTestResult executionId="ff08d690-dd70-4192-b91c-40da844e4606" testId="5e470124-9e9d-4254-b0b9-0803fdbc78b0" testName="JilTests.DeserializeDynamicTests.Issue143DateTimeOffsetFractionOverflow" computerName="SIEBL-4303-04" duration="00:00:00.0140000" startTime="2018-11-11T16:39:16.2412744-06:00" endTime="2018-11-11T16:39:16.2412744-06:00" testType="13cdc9d9-ddb5-4fa4-a97d-d965ccfc6d4b" outcome="Passed" testListId="8c84fa94-04c1-424b-9868-57a2d4851a1d" relativeResultsDirectory="ff08d690-dd70-4192-b91c-40da844e4606" /><UnitTestResult executionId="8df75d8b-ef8c-45af-8fc5-265e46dec259" testId="d509802e-f74d-4c7e-be97-e69c388b94fd" testName="JilTests.DeserializeTests.MalformedISO8601(dateString: &quot;\&quot;1900-000\&quot;&quot;, expectedError: &quot;Expected ordinal day to be between 001 and 366&quot;)" computerName="SIEBL-4303-04" duration="00:00:00.0010000" startTime="2018-11-11T16:39:15.9320680-06:00" endTime="2018-11-11T16:39:15.9320680-06:00" testType="13cdc9d9-ddb5-4fa4-a97d-d965ccfc6d4b" outcome="Passed" testListId="8c84fa94-04c1-424b-9868-57a2d4851a1d" relativeResultsDirectory="8df75d8b-ef8c-45af-8fc5-265e46dec259" /><UnitTestResult executionId="5b99a90c-f268-4cff-8b5f-47af81244e78" testId="b8bcd7df-9b38-4f0f-91ee-f7b0415dc46f" testName="JilTests.DeserializeTests.Issue210" computerName="SIEBL-4303-04" duration="00:00:00.1340000" startTime="2018-11-11T16:39:33.1526448-06:00" endTime="2018-11-11T16:39:33.1526448-06:00" testType="13cdc9d9-ddb5-4fa4-a97d-d965ccfc6d4b" outcome="Passed" testListId="8c84fa94-04c1-424b-9868-57a2d4851a1d" relativeResultsDirectory="5b99a90c-f268-4cff-8b5f-47af81244e78" /><UnitTestResult executionId="98918491-a936-4ac6-baf2-36b28e39879f" testId="809c29bc-86d6-4f70-8617-f16c60073fc9" testName="JilTests.DeserializeTests.ISO8601TimeSpan" computerName="SIEBL-4303-04" duration="00:00:00.0560000" startTime="2018-11-11T16:39:22.2798464-06:00" endTime="2018-11-11T16:39:22.2798464-06:00" testType="13cdc9d9-ddb5-4fa4-a97d-d965ccfc6d4b" outcome="Passed" testListId="8c84fa94-04c1-424b-9868-57a2d4851a1d" relativeResultsDirectory="98918491-a936-4ac6-baf2-36b28e39879f" /><UnitTestResult executionId="5aaeea04-5b36-43ec-8e0d-524a6574ba94" testId="9c8f1364-5a54-4831-b937-e0a86ea747e6" testName="JilTests.SerializeTests.ReadOnlyLists" computerName="SIEBL-4303-04" duration="00:00:00.0820000" startTime="2018-11-11T16:39:28.5017365-06:00" endTime="2018-11-11T16:39:28.5017365-06:00" testType="13cdc9d9-ddb5-4fa4-a97d-d965ccfc6d4b" outcome="Passed" testListId="8c84fa94-04c1-424b-9868-57a2d4851a1d" relativeResultsDirectory="5aaeea04-5b36-43ec-8e0d-524a6574ba94" /><UnitTestResult executionId="c3c0ab05-f3d9-4bc6-a497-949aad0da41d" testId="30c895b0-7ec0-4d18-9710-9f059f39c48e" testName="JilTests.SerializeTests.EnumMemberAttributeOverrideWithNoneFlags" computerName="SIEBL-4303-04" duration="00:00:00.0420000" startTime="2018-11-11T16:39:32.8354334-06:00" endTime="2018-11-11T16:39:32.8354334-06:00" testType="13cdc9d9-ddb5-4fa4-a97d-d965ccfc6d4b" outcome="Passed" testListId="8c84fa94-04c1-424b-9868-57a2d4851a1d" relativeResultsDirectory="c3c0ab05-f3d9-4bc6-a497-949aad0da41d" /><UnitTestResult executionId="c4a19b80-0f4a-4241-a1d7-91874721b700" testId="306de263-7b5d-45d6-a764-651d98b0e21b" testName="JilTests.SerializeTests.ConvertEnumsToPrimitives" computerName="SIEBL-4303-04" duration="00:00:02.0880000" startTime="2018-11-11T16:39:32.1479744-06:00" endTime="2018-11-11T16:39:32.1479744-06:00" testType="13cdc9d9-ddb5-4fa4-a97d-d965ccfc6d4b" outcome="Passed" testListId="8c84fa94-04c1-424b-9868-57a2d4851a1d" relativeResultsDirectory="c4a19b80-0f4a-4241-a1d7-91874721b700" /><UnitTestResult executionId="26d79215-5c19-4e25-9acf-3103a0d21aab" testId="e3030deb-28a0-4929-a71b-c5fbf78bd1a2" testName="JilTests.DeserializeTests.Issue143DateTimeOffset" computerName="SIEBL-4303-04" duration="00:00:00.0130000" startTime="2018-11-11T16:39:26.6038255-06:00" endTime="2018-11-11T16:39:26.6038255-06:00" testType="13cdc9d9-ddb5-4fa4-a97d-d965ccfc6d4b" outcome="Passed" testListId="8c84fa94-04c1-424b-9868-57a2d4851a1d" relativeResultsDirectory="26d79215-5c19-4e25-9acf-3103a0d21aab" /><UnitTestResult executionId="c65d739f-6977-47f9-bcf8-7ae3f02b2b00" testId="a811534c-73de-4f35-8222-1003987b2e83" testName="JilTests.DeserializeTests.Issue151" computerName="SIEBL-4303-04" duration="00:00:00.0400000" startTime="2018-11-11T16:39:24.1941319-06:00" endTime="2018-11-11T16:39:24.1941319-06:00" testType="13cdc9d9-ddb5-4fa4-a97d-d965ccfc6d4b" outcome="Passed" testListId="8c84fa94-04c1-424b-9868-57a2d4851a1d" relativeResultsDirectory="c65d739f-6977-47f9-bcf8-7ae3f02b2b00" /><UnitTestResult executionId="57d83e24-2d53-47d1-b114-b11962d067ca" testId="33673a82-e060-49df-bf93-d1bebfbcbe0e" testName="JilTests.SerializeTests.Issue272" computerName="SIEBL-4303-04" duration="00:00:00.0250000" startTime="2018-11-11T16:39:17.3370852-06:00" endTime="2018-11-11T16:39:17.3370852-06:00" testType="13cdc9d9-ddb5-4fa4-a97d-d965ccfc6d4b" outcome="Passed" testListId="8c84fa94-04c1-424b-9868-57a2d4851a1d" relativeResultsDirectory="57d83e24-2d53-47d1-b114-b11962d067ca" /><UnitTestResult executionId="393e9e2a-995d-45e8-9253-8a37b649bca3" testId="db91498c-0571-4d5a-9a77-22cf7e47924a" testName="JilTests.DeserializeDynamicTests.ArrayEnumerator" computerName="SIEBL-4303-04" duration="00:00:00.0040000" startTime="2018-11-11T16:39:18.9933816-06:00" endTime="2018-11-11T16:39:18.9933816-06:00" testType="13cdc9d9-ddb5-4fa4-a97d-d965ccfc6d4b" outcome="Passed" testListId="8c84fa94-04c1-424b-9868-57a2d4851a1d" relativeResultsDirectory="393e9e2a-995d-45e8-9253-8a37b649bca3" /><UnitTestResult executionId="230dee0d-0067-48bd-9c79-3f457e0266fd" testId="22d994de-b4e4-4a6b-8f4c-070ec09f6fbf" testName="JilTests.DeserializeTests.MalformedISO8601(dateString: &quot;\&quot;1999W00\&quot;&quot;, expectedError: &quot;Expected week to be between 01 and 53&quot;)" computerName="SIEBL-4303-04" duration="00:00:00.0010000" startTime="2018-11-11T16:39:15.9160573-06:00" endTime="2018-11-11T16:39:15.9160573-06:00" testType="13cdc9d9-ddb5-4fa4-a97d-d965ccfc6d4b" outcome="Passed" testListId="8c84fa94-04c1-424b-9868-57a2d4851a1d" relativeResultsDirectory="230dee0d-0067-48bd-9c79-3f457e0266fd" /><UnitTestResult executionId="e5ece804-c866-49f6-82c9-99e11d6252a6" testId="1b3bb75a-2c64-4b45-a932-7d3d54e822b8" testName="JilTests.SerializeTests.EnumMembers" computerName="SIEBL-4303-04" duration="00:00:00.0670000" startTime="2018-11-11T16:39:23.6666360-06:00" endTime="2018-11-11T16:39:23.6666360-06:00" testType="13cdc9d9-ddb5-4fa4-a97d-d965ccfc6d4b" outcome="Passed" testListId="8c84fa94-04c1-424b-9868-57a2d4851a1d" relativeResultsDirectory="e5ece804-c866-49f6-82c9-99e11d6252a6" /><UnitTestResult executionId="ebd24733-f45f-43cc-afbc-33cf86eea302" testId="04a7343a-7965-428a-866a-f540fbfb3ceb" testName="JilTests.SerializeTests.DictionaryEncoding" computerName="SIEBL-4303-04" duration="00:00:00.0040000" startTime="2018-11-11T16:39:16.5404737-06:00" endTime="2018-11-11T16:39:16.5404737-06:00" testType="13cdc9d9-ddb5-4fa4-a97d-d965ccfc6d4b" outcome="Passed" testListId="8c84fa94-04c1-424b-9868-57a2d4851a1d" relativeResultsDirectory="ebd24733-f45f-43cc-afbc-33cf86eea302" /><UnitTestResult executionId="ffa9b964-6e32-489a-b412-d6bf8fc5340d" testId="a97f9d45-df19-4407-a3fb-8bc8d534c8a9" testName="JilTests.DeserializeDynamicTests.MemberAccess" computerName="SIEBL-4303-04" duration="00:00:00.0050000" startTime="2018-11-11T16:39:18.9873791-06:00" endTime="2018-11-11T16:39:18.9873791-06:00" testType="13cdc9d9-ddb5-4fa4-a97d-d965ccfc6d4b" outcome="Passed" testListId="8c84fa94-04c1-424b-9868-57a2d4851a1d" relativeResultsDirectory="ffa9b964-6e32-489a-b412-d6bf8fc5340d" /><UnitTestResult executionId="b6250ddc-b3af-4866-bd37-5145450e2d2a" testId="894ef06f-3d70-4e75-a441-26cf500959ba" testName="JilTests.SerializeTests.Issue189" computerName="SIEBL-4303-04" duration="00:00:00.0020000" startTime="2018-11-11T16:39:26.2986215-06:00" endTime="2018-11-11T16:39:26.2986215-06:00" testType="13cdc9d9-ddb5-4fa4-a97d-d965ccfc6d4b" outcome="Passed" testListId="8c84fa94-04c1-424b-9868-57a2d4851a1d" relativeResultsDirectory="b6250ddc-b3af-4866-bd37-5145450e2d2a" /><UnitTestResult executionId="2cbe3909-1a8b-4db5-b3ab-1724d04c81c7" testId="d4bb521d-cd5f-4c44-8296-bfddd54f289b" testName="JilTests.DeserializeDynamicTests.TimeSpans_Microsoft" computerName="SIEBL-4303-04" duration="00:00:00.0720000" startTime="2018-11-11T16:39:19.3266037-06:00" endTime="2018-11-11T16:39:19.3266037-06:00" testType="13cdc9d9-ddb5-4fa4-a97d-d965ccfc6d4b" outcome="Passed" testListId="8c84fa94-04c1-424b-9868-57a2d4851a1d" relativeResultsDirectory="2cbe3909-1a8b-4db5-b3ab-1724d04c81c7" /><UnitTestResult executionId="57ae8808-7b33-4dcc-ae30-3810c4fef607" testId="579b8d9c-f915-4b02-bf27-87dcd9df84da" testName="JilTests.DeserializeTests.MalformedISO8601(dateString: &quot;\&quot;1999-W54\&quot;&quot;, expectedError: &quot;Expected week to be between 01 and 53&quot;)" computerName="SIEBL-4303-04" duration="00:00:00.0010000" startTime="2018-11-11T16:39:15.8620210-06:00" endTime="2018-11-11T16:39:15.8620210-06:00" testType="13cdc9d9-ddb5-4fa4-a97d-d965ccfc6d4b" outcome="Passed" testListId="8c84fa94-04c1-424b-9868-57a2d4851a1d" relativeResultsDirectory="57ae8808-7b33-4dcc-ae30-3810c4fef607" /><UnitTestResult executionId="dfec8f7f-e0c1-45f4-8a26-0a96cdf31388" testId="9cb2c334-9570-49f1-8623-000aacde9fb6" testName="JilTests.DeserializeDynamicTests.String" computerName="SIEBL-4303-04" duration="00:00:00.0020000" startTime="2018-11-11T16:39:19.3286050-06:00" endTime="2018-11-11T16:39:19.3286050-06:00" testType="13cdc9d9-ddb5-4fa4-a97d-d965ccfc6d4b" outcome="Passed" testListId="8c84fa94-04c1-424b-9868-57a2d4851a1d" relativeResultsDirectory="dfec8f7f-e0c1-45f4-8a26-0a96cdf31388" /><UnitTestResult executionId="8538cd89-cf4e-485a-a475-eb880e863425" testId="1408c6be-1a42-4f42-ae68-d9a30a0a45b3" testName="JilTests.SerializeTests.UnspecifiedToUtc" computerName="SIEBL-4303-04" duration="00:00:00.0070000" startTime="2018-11-11T16:39:26.3066269-06:00" endTime="2018-11-11T16:39:26.3066269-06:00" testType="13cdc9d9-ddb5-4fa4-a97d-d965ccfc6d4b" outcome="Passed" testListId="8c84fa94-04c1-424b-9868-57a2d4851a1d" relativeResultsDirectory="8538cd89-cf4e-485a-a475-eb880e863425" /><UnitTestResult executionId="17b64008-f784-4d9b-9742-391f9234e587" testId="486e56e2-6c76-46b5-924a-2253a29e7922" testName="JilTests.DeserializeTests.MalformedISO8601(dateString: &quot;\&quot;1999W010\&quot;&quot;, expectedError: &quot;Expected day to be a digit between 1 and 7&quot;)" computerName="SIEBL-4303-04" duration="00:00:00.0010000" startTime="2018-11-11T16:39:15.9530820-06:00" endTime="2018-11-11T16:39:15.9530820-06:00" testType="13cdc9d9-ddb5-4fa4-a97d-d965ccfc6d4b" outcome="Passed" testListId="8c84fa94-04c1-424b-9868-57a2d4851a1d" relativeResultsDirectory="17b64008-f784-4d9b-9742-391f9234e587" /><UnitTestResult executionId="7149fc6b-568b-475a-9406-5c93930fd0cd" testId="23d01d45-495b-40b1-937b-23a7cbf69ede" testName="JilTests.DeserializeDynamicTests.ShortCircuits" computerName="SIEBL-4303-04" duration="00:00:00.0050000" startTime="2018-11-11T16:39:18.4044783-06:00" endTime="2018-11-11T16:39:18.4044783-06:00" testType="13cdc9d9-ddb5-4fa4-a97d-d965ccfc6d4b" outcome="Passed" testListId="8c84fa94-04c1-424b-9868-57a2d4851a1d" relativeResultsDirectory="7149fc6b-568b-475a-9406-5c93930fd0cd" /><UnitTestResult executionId="0ec5d3a4-76a6-4f6c-a939-a6c1fc65673d" testId="0498b8e1-bf7d-48c5-95c8-3307ad834703" testName="JilTests.BadlySpecifiedTypeTests.DeserializeString" computerName="SIEBL-4303-04" duration="00:00:00.0130000" startTime="2018-11-11T16:39:16.1532156-06:00" endTime="2018-11-11T16:39:16.1532156-06:00" testType="13cdc9d9-ddb5-4fa4-a97d-d965ccfc6d4b" outcome="Passed" testListId="8c84fa94-04c1-424b-9868-57a2d4851a1d" relativeResultsDirectory="0ec5d3a4-76a6-4f6c-a939-a6c1fc65673d" /><UnitTestResult executionId="6f34d202-a77b-49e4-9181-79c359a9ce48" testId="b1c76588-b104-4419-9cc0-a35fc211ef93" testName="JilTests.DeserializeTests.Doubles" computerName="SIEBL-4303-04" duration="00:00:00.0160000" startTime="2018-11-11T16:39:21.5298877-06:00" endTime="2018-11-11T16:39:21.5298877-06:00" testType="13cdc9d9-ddb5-4fa4-a97d-d965ccfc6d4b" outcome="Passed" testListId="8c84fa94-04c1-424b-9868-57a2d4851a1d" relativeResultsDirectory="6f34d202-a77b-49e4-9181-79c359a9ce48" /><UnitTestResult executionId="a29ae670-373a-4755-97a7-2a7b16941965" testId="9aa5b35c-6886-4526-a556-dc25a831d601" testName="JilTests.DeserializeTests.ISO8601WeekDates" computerName="SIEBL-4303-04" duration="00:00:00.0010000" startTime="2018-11-11T16:39:34.1463093-06:00" endTime="2018-11-11T16:39:34.1463093-06:00" testType="13cdc9d9-ddb5-4fa4-a97d-d965ccfc6d4b" outcome="Passed" testListId="8c84fa94-04c1-424b-9868-57a2d4851a1d" relativeResultsDirectory="a29ae670-373a-4755-97a7-2a7b16941965" /><UnitTestResult executionId="fea95be4-1114-4ffa-90b3-8c11bb9659d0" testId="051a3b79-42fb-4d85-aebb-75a1b53bad49" testName="JilTests.DeserializeTests.Shorts" computerName="SIEBL-4303-04" duration="00:00:01.5550000" startTime="2018-11-11T16:39:26.3436516-06:00" endTime="2018-11-11T16:39:26.3436516-06:00" testType="13cdc9d9-ddb5-4fa4-a97d-d965ccfc6d4b" outcome="Passed" testListId="8c84fa94-04c1-424b-9868-57a2d4851a1d" relativeResultsDirectory="fea95be4-1114-4ffa-90b3-8c11bb9659d0" /><UnitTestResult executionId="1885d9fa-e41c-4189-bd92-a90049927f79" testId="62732be3-c07f-4916-9992-619ed1002dfa" testName="JilTests.SerializeTests.ConfigDefaultOptions" computerName="SIEBL-4303-04" duration="00:00:00.0080000" startTime="2018-11-11T16:39:32.6292959-06:00" endTime="2018-11-11T16:39:32.6292959-06:00" testType="13cdc9d9-ddb5-4fa4-a97d-d965ccfc6d4b" outcome="Passed" testListId="8c84fa94-04c1-424b-9868-57a2d4851a1d" relativeResultsDirectory="1885d9fa-e41c-4189-bd92-a90049927f79" /><UnitTestResult executionId="aeded50d-b5a2-428e-bf36-83bb365f3c9c" testId="1b9d7009-d1fa-404e-86e6-cc25db31791a" testName="JilTests.DeserializeTests.BadFloat(input: &quot;1.2E++10&quot;, expectedSnippetAfter: &quot;+10&quot;)" computerName="SIEBL-4303-04" duration="00:00:00.0010000" startTime="2018-11-11T16:39:26.9780752-06:00" endTime="2018-11-11T16:39:26.9780752-06:00" testType="13cdc9d9-ddb5-4fa4-a97d-d965ccfc6d4b" outcome="Passed" testListId="8c84fa94-04c1-424b-9868-57a2d4851a1d" relativeResultsDirectory="aeded50d-b5a2-428e-bf36-83bb365f3c9c" /><UnitTestResult executionId="ea694fdf-a059-4105-aada-416c5402d2a7" testId="5262aeaf-19d6-4101-98a0-eb7e1c7c470b" testName="JilTests.SerializeTests.Primitive" computerName="SIEBL-4303-04" duration="00:00:00.3510000" startTime="2018-11-11T16:39:32.6212902-06:00" endTime="2018-11-11T16:39:32.6212902-06:00" testType="13cdc9d9-ddb5-4fa4-a97d-d965ccfc6d4b" outcome="Passed" testListId="8c84fa94-04c1-424b-9868-57a2d4851a1d" relativeResultsDirectory="ea694fdf-a059-4105-aada-416c5402d2a7" /><UnitTestResult executionId="547d55f6-08f3-4331-8591-1f3e88963cb9" testId="48a70233-5526-4a56-a3a0-eff836d2ff76" testName="JilTests.DeserializeTests.DictionaryNumberKeys" computerName="SIEBL-4303-04" duration="00:00:00.2380000" startTime="2018-11-11T16:39:34.4004783-06:00" endTime="2018-11-11T16:39:34.4004783-06:00" testType="13cdc9d9-ddb5-4fa4-a97d-d965ccfc6d4b" outcome="Passed" testListId="8c84fa94-04c1-424b-9868-57a2d4851a1d" relativeResultsDirectory="547d55f6-08f3-4331-8591-1f3e88963cb9" /><UnitTestResult executionId="04891568-6d69-47a2-9955-56372bc4430a" testId="079ae050-1461-45d8-b9ec-c8c7e207fdb0" testName="JilTests.DeserializeDynamicTests.NewtsoftDateTimeOffsets" computerName="SIEBL-4303-04" duration="00:00:00.0020000" startTime="2018-11-11T16:39:19.5158875-06:00" endTime="2018-11-11T16:39:19.5158875-06:00" testType="13cdc9d9-ddb5-4fa4-a97d-d965ccfc6d4b" outcome="Passed" testListId="8c84fa94-04c1-424b-9868-57a2d4851a1d" relativeResultsDirectory="04891568-6d69-47a2-9955-56372bc4430a" /><UnitTestResult executionId="0a73f533-4f21-44d7-8028-b80fb942dd78" testId="8f05199b-2c9b-426f-b36a-4425182edfe2" testName="JilTests.DeserializeTests.Nullables" computerName="SIEBL-4303-04" duration="00:00:00.0180000" startTime="2018-11-11T16:39:21.2773201-06:00" endTime="2018-11-11T16:39:21.2773201-06:00" testType="13cdc9d9-ddb5-4fa4-a97d-d965ccfc6d4b" outcome="Passed" testListId="8c84fa94-04c1-424b-9868-57a2d4851a1d" relativeResultsDirectory="0a73f533-4f21-44d7-8028-b80fb942dd78" /><UnitTestResult executionId="1bfde843-c4b3-4cf8-a89e-29df44bbfd83" testId="0f737063-8060-4f6e-9ece-56bdb960f763" testName="JilTests.SerializeTests.CharacterEncoding" computerName="SIEBL-4303-04" duration="00:00:00.0240000" startTime="2018-11-11T16:39:32.6763266-06:00" endTime="2018-11-11T16:39:32.6763266-06:00" testType="13cdc9d9-ddb5-4fa4-a97d-d965ccfc6d4b" outcome="Passed" testListId="8c84fa94-04c1-424b-9868-57a2d4851a1d" relativeResultsDirectory="1bfde843-c4b3-4cf8-a89e-29df44bbfd83" /><UnitTestResult executionId="310df0c1-a63e-4871-92e2-1259561ff335" testId="db6eb2ba-6fd9-4fa1-9439-f837f4ec5960" testName="JilTests.SerializeTests.Cyclical" computerName="SIEBL-4303-04" duration="00:00:00.0490000" startTime="2018-11-11T16:39:16.1842360-06:00" endTime="2018-11-11T16:39:16.1842360-06:00" testType="13cdc9d9-ddb5-4fa4-a97d-d965ccfc6d4b" outcome="Passed" testListId="8c84fa94-04c1-424b-9868-57a2d4851a1d" relativeResultsDirectory="310df0c1-a63e-4871-92e2-1259561ff335" /><UnitTestResult executionId="d0b90247-b9ec-4d5e-aa0e-87344d8550bd" testId="89585435-beff-43dc-89b7-5be12862ec5d" testName="JilTests.SerializeTests.RFC1123DateTimes" computerName="SIEBL-4303-04" duration="00:00:00.0760000" startTime="2018-11-11T16:39:28.4186808-06:00" endTime="2018-11-11T16:39:28.4186808-06:00" testType="13cdc9d9-ddb5-4fa4-a97d-d965ccfc6d4b" outcome="Passed" testListId="8c84fa94-04c1-424b-9868-57a2d4851a1d" relativeResultsDirectory="d0b90247-b9ec-4d5e-aa0e-87344d8550bd" /><UnitTestResult executionId="fae57850-af6b-4858-8007-6e28a4f22cb9" testId="b01404d8-13f5-49b2-a9a1-aa84b01ffef4" testName="JilTests.SerializeTests.InfiniteRecursion" computerName="SIEBL-4303-04" duration="00:00:00.0030000" startTime="2018-11-11T16:39:26.3086282-06:00" endTime="2018-11-11T16:39:26.3086282-06:00" testType="13cdc9d9-ddb5-4fa4-a97d-d965ccfc6d4b" outcome="Passed" testListId="8c84fa94-04c1-424b-9868-57a2d4851a1d" relativeResultsDirectory="fae57850-af6b-4858-8007-6e28a4f22cb9" /><UnitTestResult executionId="f312b9b5-6cfc-47fb-a650-f39e2e4b3764" testId="0eb9a8b1-d882-4c93-87e3-5fb778b0542a" testName="JilTests.SerializeTests.LotsOfStrings" computerName="SIEBL-4303-04" duration="00:00:00.0050000" startTime="2018-11-11T16:39:32.2610498-06:00" endTime="2018-11-11T16:39:32.2610498-06:00" testType="13cdc9d9-ddb5-4fa4-a97d-d965ccfc6d4b" outcome="Passed" testListId="8c84fa94-04c1-424b-9868-57a2d4851a1d" relativeResultsDirectory="f312b9b5-6cfc-47fb-a650-f39e2e4b3764" /><UnitTestResult executionId="8bb3134d-caba-45eb-8068-c6caf8a7e3a4" testId="27451bb8-34ce-446a-b32d-703aa9a8e5c6" testName="JilTests.DeserializeDynamicTests.Issue143DateTimeOffset" computerName="SIEBL-4303-04" duration="00:00:00.0010000" startTime="2018-11-11T16:39:19.6059488-06:00" endTime="2018-11-11T16:39:19.6059488-06:00" testType="13cdc9d9-ddb5-4fa4-a97d-d965ccfc6d4b" outcome="Passed" testListId="8c84fa94-04c1-424b-9868-57a2d4851a1d" relativeResultsDirectory="8bb3134d-caba-45eb-8068-c6caf8a7e3a4" /><UnitTestResult executionId="eea57a50-bd55-46bf-b494-761240e166de" testId="5ac0a149-010f-45e3-8054-846d65e7d354" testName="JilTests.SerializeTests.ReuseTypeSerializers" computerName="SIEBL-4303-04" duration="00:00:00.0210000" startTime="2018-11-11T16:39:17.9600713-06:00" endTime="2018-11-11T16:39:17.9600713-06:00" testType="13cdc9d9-ddb5-4fa4-a97d-d965ccfc6d4b" outcome="Passed" testListId="8c84fa94-04c1-424b-9868-57a2d4851a1d" relativeResultsDirectory="eea57a50-bd55-46bf-b494-761240e166de" /><UnitTestResult executionId="19de1e13-7599-4b72-818b-a83caf370770" testId="64188993-9519-4d5c-b973-007a4a586270" testName="JilTests.DeserializeDynamicTests.Issue117(input: &quot;12.&quot;, expectedError: &quot;Expected digit&quot;)" computerName="SIEBL-4303-04" duration="00:00:00.0010000" startTime="2018-11-11T16:39:16.2943094-06:00" endTime="2018-11-11T16:39:16.2943094-06:00" testType="13cdc9d9-ddb5-4fa4-a97d-d965ccfc6d4b" outcome="Passed" testListId="8c84fa94-04c1-424b-9868-57a2d4851a1d" relativeResultsDirectory="19de1e13-7599-4b72-818b-a83caf370770" /><UnitTestResult executionId="123f2ef9-6180-418e-ad4f-b5eb2d2404ba" testId="155ef0f9-d1e3-4bcf-8750-07923196a4b2" testName="JilTests.SerializeTests.Dictionary" computerName="SIEBL-4303-04" duration="00:00:00.0040000" startTime="2018-11-11T16:39:32.6993423-06:00" endTime="2018-11-11T16:39:32.6993423-06:00" testType="13cdc9d9-ddb5-4fa4-a97d-d965ccfc6d4b" outcome="Passed" testListId="8c84fa94-04c1-424b-9868-57a2d4851a1d" relativeResultsDirectory="123f2ef9-6180-418e-ad4f-b5eb2d2404ba" /><UnitTestResult executionId="c0ce46b8-b1fb-4e26-af01-6858387b2fb0" testId="96f4f8cd-51c5-4d3b-bd3f-293ef71bf519" testName="JilTests.DeserializeDynamicTests.LessThan" computerName="SIEBL-4303-04" duration="00:00:00.0040000" startTime="2018-11-11T16:39:18.9653642-06:00" endTime="2018-11-11T16:39:18.9653642-06:00" testType="13cdc9d9-ddb5-4fa4-a97d-d965ccfc6d4b" outcome="Passed" testListId="8c84fa94-04c1-424b-9868-57a2d4851a1d" relativeResultsDirectory="c0ce46b8-b1fb-4e26-af01-6858387b2fb0" /><UnitTestResult executionId="ef28d18b-272f-4918-8bee-f8b08496c6fc" testId="2982bad6-0e58-4345-85ff-6def605e9579" testName="JilTests.DeserializeTests.Guids" computerName="SIEBL-4303-04" duration="00:00:00.0010000" startTime="2018-11-11T16:39:22.1306594-06:00" endTime="2018-11-11T16:39:22.1306594-06:00" testType="13cdc9d9-ddb5-4fa4-a97d-d965ccfc6d4b" outcome="Passed" testListId="8c84fa94-04c1-424b-9868-57a2d4851a1d" relativeResultsDirectory="ef28d18b-272f-4918-8bee-f8b08496c6fc" /><UnitTestResult executionId="d827ebf7-cc80-486d-ae1d-26e8eaab8422" testId="091f3076-3611-405c-b616-7140bc93d8a2" testName="JilTests.DeserializeTests.Issue229" computerName="SIEBL-4303-04" duration="00:00:00.0530000" startTime="2018-11-11T16:39:18.7571142-06:00" endTime="2018-11-11T16:39:18.7571142-06:00" testType="13cdc9d9-ddb5-4fa4-a97d-d965ccfc6d4b" outcome="Passed" testListId="8c84fa94-04c1-424b-9868-57a2d4851a1d" relativeResultsDirectory="d827ebf7-cc80-486d-ae1d-26e8eaab8422" /><UnitTestResult executionId="3d651695-0051-4422-8754-ac2fff844cf3" testId="3382b140-5510-4eb7-b623-8203f0a7ff53" testName="JilTests.DeserializeTests.Issue117_Long" computerName="SIEBL-4303-04" duration="00:00:00.0160000" startTime="2018-11-11T16:39:18.5749930-06:00" endTime="2018-11-11T16:39:18.5749930-06:00" testType="13cdc9d9-ddb5-4fa4-a97d-d965ccfc6d4b" outcome="Passed" testListId="8c84fa94-04c1-424b-9868-57a2d4851a1d" relativeResultsDirectory="3d651695-0051-4422-8754-ac2fff844cf3" /><UnitTestResult executionId="14260f6b-7a79-4a11-b94d-cabd81f183fa" testId="d2d1ed25-dde4-489b-8def-ddc7fa6d6208" testName="JilTests.DeserializeTests.MalformedISO8601(dateString: &quot;\&quot;1999-12-00\&quot;&quot;, expectedError: &quot;Expected day to be between 01 and 31&quot;)" computerName="SIEBL-4303-04" duration="00:00:00.0010000" startTime="2018-11-11T16:39:15.8950430-06:00" endTime="2018-11-11T16:39:15.8950430-06:00" testType="13cdc9d9-ddb5-4fa4-a97d-d965ccfc6d4b" outcome="Passed" testListId="8c84fa94-04c1-424b-9868-57a2d4851a1d" relativeResultsDirectory="14260f6b-7a79-4a11-b94d-cabd81f183fa" /><UnitTestResult executionId="84784ed2-e10e-4d18-85f0-af5e8abbe429" testId="1a575eed-1306-4584-91b7-9239e30a8cab" testName="JilTests.DeserializeDynamicTests.Issue143DateTime" computerName="SIEBL-4303-04" duration="00:00:00.0010000" startTime="2018-11-11T16:39:19.5178888-06:00" endTime="2018-11-11T16:39:19.5178888-06:00" testType="13cdc9d9-ddb5-4fa4-a97d-d965ccfc6d4b" outcome="Passed" testListId="8c84fa94-04c1-424b-9868-57a2d4851a1d" relativeResultsDirectory="84784ed2-e10e-4d18-85f0-af5e8abbe429" /><UnitTestResult executionId="861bb2de-1944-4f1b-864b-16152693e989" testId="907b22bc-0923-4ba5-bd5a-6d168e4083bd" testName="JilTests.DeserializeTests.EnumMemberAttributeDefault" computerName="SIEBL-4303-04" duration="00:00:00.0520000" startTime="2018-11-11T16:39:18.5579810-06:00" endTime="2018-11-11T16:39:18.5579810-06:00" testType="13cdc9d9-ddb5-4fa4-a97d-d965ccfc6d4b" outcome="Passed" testListId="8c84fa94-04c1-424b-9868-57a2d4851a1d" relativeResultsDirectory="861bb2de-1944-4f1b-864b-16152693e989" /><UnitTestResult executionId="78a99aae-c9e4-4a98-b0be-32fce30a97ed" testId="b444ad35-1b23-4a75-a0bf-1ae998dae0a1" testName="JilTests.DeserializeDynamicTests.DynamicTypeConverter" computerName="SIEBL-4303-04" duration="00:00:00.1860000" startTime="2018-11-11T16:39:18.9613615-06:00" endTime="2018-11-11T16:39:18.9613615-06:00" testType="13cdc9d9-ddb5-4fa4-a97d-d965ccfc6d4b" outcome="Passed" testListId="8c84fa94-04c1-424b-9868-57a2d4851a1d" relativeResultsDirectory="78a99aae-c9e4-4a98-b0be-32fce30a97ed" /><UnitTestResult executionId="f294e43e-bba4-485c-8644-a95616891b0a" testId="374aa3f8-1eb1-4295-b950-9cb938c10483" testName="JilTests.DeserializeTests.Issue193" computerName="SIEBL-4303-04" duration="00:00:01.6180000" startTime="2018-11-11T16:39:33.0175546-06:00" endTime="2018-11-11T16:39:33.0175546-06:00" testType="13cdc9d9-ddb5-4fa4-a97d-d965ccfc6d4b" outcome="Passed" testListId="8c84fa94-04c1-424b-9868-57a2d4851a1d" relativeResultsDirectory="f294e43e-bba4-485c-8644-a95616891b0a" /><UnitTestResult executionId="0425e791-b07b-4165-925b-2d30975684db" testId="bcb63893-829a-4809-ae74-5f69c9bd0291" testName="JilTests.DeserializeTests.Issue143DateTimeFractionOverflow" computerName="SIEBL-4303-04" duration="00:00:00.0010000" startTime="2018-11-11T16:39:28.3286207-06:00" endTime="2018-11-11T16:39:28.3286207-06:00" testType="13cdc9d9-ddb5-4fa4-a97d-d965ccfc6d4b" outcome="Passed" testListId="8c84fa94-04c1-424b-9868-57a2d4851a1d" relativeResultsDirectory="0425e791-b07b-4165-925b-2d30975684db" /><UnitTestResult executionId="4b974b69-d516-429c-a5f5-ea6a052d6e26" testId="e04d3b28-0796-4b15-a8c9-4ce06662f04b" testName="JilTests.DeserializeTests.Issue117_Float" computerName="SIEBL-4303-04" duration="00:00:00.0140000" startTime="2018-11-11T16:39:19.8963987-06:00" endTime="2018-11-11T16:39:19.8963987-06:00" testType="13cdc9d9-ddb5-4fa4-a97d-d965ccfc6d4b" outcome="Passed" testListId="8c84fa94-04c1-424b-9868-57a2d4851a1d" relativeResultsDirectory="4b974b69-d516-429c-a5f5-ea6a052d6e26" /><UnitTestResult executionId="5fad72fb-5326-40d2-972e-cf3d002e091f" testId="a080ac8e-4a0c-4104-8a98-29c2766701ee" testName="JilTests.DeserializeDynamicTests.Bool" computerName="SIEBL-4303-04" duration="00:00:00.0020000" startTime="2018-11-11T16:39:18.6900691-06:00" endTime="2018-11-11T16:39:18.6900691-06:00" testType="13cdc9d9-ddb5-4fa4-a97d-d965ccfc6d4b" outcome="Passed" testListId="8c84fa94-04c1-424b-9868-57a2d4851a1d" relativeResultsDirectory="5fad72fb-5326-40d2-972e-cf3d002e091f" /><UnitTestResult executionId="385b93a6-b156-4798-9b31-87e53de4639a" testId="b6a8f797-7248-4584-aa0e-1814dadb9a0b" testName="JilTests.DeserializeTests.BadPrimitiveWrapper" computerName="SIEBL-4303-04" duration="00:00:00.0110000" startTime="2018-11-11T16:39:30.5469076-06:00" endTime="2018-11-11T16:39:30.5469076-06:00" testType="13cdc9d9-ddb5-4fa4-a97d-d965ccfc6d4b" outcome="Passed" testListId="8c84fa94-04c1-424b-9868-57a2d4851a1d" relativeResultsDirectory="385b93a6-b156-4798-9b31-87e53de4639a" /><UnitTestResult executionId="219e6223-7f6d-4c3a-9474-c98991f560c1" testId="7edd6c64-8932-4dc7-aae7-5efb52501c3e" testName="JilTests.SerializeTests.BadPrimitiveWrapper" computerName="SIEBL-4303-04" duration="00:00:00.0090000" startTime="2018-11-11T16:39:17.1969914-06:00" endTime="2018-11-11T16:39:17.1969914-06:00" testType="13cdc9d9-ddb5-4fa4-a97d-d965ccfc6d4b" outcome="Passed" testListId="8c84fa94-04c1-424b-9868-57a2d4851a1d" relativeResultsDirectory="219e6223-7f6d-4c3a-9474-c98991f560c1" /><UnitTestResult executionId="6fa7390f-712a-49e6-9364-4728d5210aa9" testId="c7e0c32e-41e3-4f3c-8f65-7ea25b41177a" testName="JilTests.DeserializeTests.MalformedISO8601(dateString: &quot;\&quot;0000\&quot;&quot;, expectedError: &quot;ISO8601 year 0000 cannot be converted to a DateTim&quot;...)" computerName="SIEBL-4303-04" duration="00:00:00.0010000" startTime="2018-11-11T16:39:15.9460771-06:00" endTime="2018-11-11T16:39:15.9460771-06:00" testType="13cdc9d9-ddb5-4fa4-a97d-d965ccfc6d4b" outcome="Passed" testListId="8c84fa94-04c1-424b-9868-57a2d4851a1d" relativeResultsDirectory="6fa7390f-712a-49e6-9364-4728d5210aa9" /><UnitTestResult executionId="36b1dc6f-f349-4b7d-89cb-9cb0ff62a50e" testId="4a023631-e304-47f6-a283-d08790e3872e" testName="JilTests.DeserializeTests.MalformedISO8601(dateString: &quot;\&quot;1900-01-01T\&quot;&quot;, expectedError: &quot;ISO8601 time must begin with a 2 character hour&quot;)" computerName="SIEBL-4303-04" duration="00:00:00.0010000" startTime="2018-11-11T16:39:15.8720277-06:00" endTime="2018-11-11T16:39:15.8720277-06:00" testType="13cdc9d9-ddb5-4fa4-a97d-d965ccfc6d4b" outcome="Passed" testListId="8c84fa94-04c1-424b-9868-57a2d4851a1d" relativeResultsDirectory="36b1dc6f-f349-4b7d-89cb-9cb0ff62a50e" /><UnitTestResult executionId="c0915e67-8e13-4906-8859-46bdcda70eaf" testId="b0866900-f619-4cab-b46d-fcbd71778361" testName="JilTests.SerializeTests.DataMemberName" computerName="SIEBL-4303-04" duration="00:00:00.0030000" startTime="2018-11-11T16:39:28.6698487-06:00" endTime="2018-11-11T16:39:28.6698487-06:00" testType="13cdc9d9-ddb5-4fa4-a97d-d965ccfc6d4b" outcome="Passed" testListId="8c84fa94-04c1-424b-9868-57a2d4851a1d" relativeResultsDirectory="c0915e67-8e13-4906-8859-46bdcda70eaf" /><UnitTestResult executionId="9eb7d53a-421e-4e94-9de4-715ab560c13f" testId="126f030c-45d7-46fe-91f9-13239b7ce43a" testName="JilTests.DeserializeTests.DeserializeNonGeneric" computerName="SIEBL-4303-04" duration="00:00:00.1140000" startTime="2018-11-11T16:39:22.0695552-06:00" endTime="2018-11-11T16:39:22.0695552-06:00" testType="13cdc9d9-ddb5-4fa4-a97d-d965ccfc6d4b" outcome="Passed" testListId="8c84fa94-04c1-424b-9868-57a2d4851a1d" relativeResultsDirectory="9eb7d53a-421e-4e94-9de4-715ab560c13f" /><UnitTestResult executionId="e8a7f196-2ede-49e0-9750-e5f5d1af2084" testId="43a9e49d-a441-4bcd-8a94-17cc88439167" testName="JilTests.DeserializeTests.PrivateConstructor_List" computerName="SIEBL-4303-04" duration="00:00:00.0190000" startTime="2018-11-11T16:39:18.4134843-06:00" endTime="2018-11-11T16:39:18.4134843-06:00" testType="13cdc9d9-ddb5-4fa4-a97d-d965ccfc6d4b" outcome="Passed" testListId="8c84fa94-04c1-424b-9868-57a2d4851a1d" relativeResultsDirectory="e8a7f196-2ede-49e0-9750-e5f5d1af2084" /><UnitTestResult executionId="3d116b0b-bc5c-455a-9cf2-f4c6d461493e" testId="4bf4d548-100d-4626-8934-a4001f8c3759" testName="JilTests.DynamicSerializationTests.Simple" computerName="SIEBL-4303-04" duration="00:00:00.0310000" startTime="2018-11-11T16:39:17.3961231-06:00" endTime="2018-11-11T16:39:17.3961231-06:00" testType="13cdc9d9-ddb5-4fa4-a97d-d965ccfc6d4b" outcome="Passed" testListId="8c84fa94-04c1-424b-9868-57a2d4851a1d" relativeResultsDirectory="3d116b0b-bc5c-455a-9cf2-f4c6d461493e" /><UnitTestResult executionId="27d91ca4-480f-48d2-aad7-eab46c20a5ba" testId="bfd1059e-1708-4181-9bc8-86dd29b9dca9" testName="JilTests.SerializeTests.TopLevelNulls" computerName="SIEBL-4303-04" duration="00:00:00.0630000" startTime="2018-11-11T16:39:16.7065848-06:00" endTime="2018-11-11T16:39:16.7065848-06:00" testType="13cdc9d9-ddb5-4fa4-a97d-d965ccfc6d4b" outcome="Passed" testListId="8c84fa94-04c1-424b-9868-57a2d4851a1d" relativeResultsDirectory="27d91ca4-480f-48d2-aad7-eab46c20a5ba" /><UnitTestResult executionId="a7d3afc9-06e0-4a67-938a-1044e457d6b9" testId="71e4d95e-8f31-42db-a6cc-41120aec11b7" testName="JilTests.SerializeTests.ConditionalSerialization" computerName="SIEBL-4303-04" duration="00:00:00.0250000" startTime="2018-11-11T16:39:17.1749761-06:00" endTime="2018-11-11T16:39:17.1749761-06:00" testType="13cdc9d9-ddb5-4fa4-a97d-d965ccfc6d4b" outcome="Passed" testListId="8c84fa94-04c1-424b-9868-57a2d4851a1d" relativeResultsDirectory="a7d3afc9-06e0-4a67-938a-1044e457d6b9" /><UnitTestResult executionId="d6ad056c-33a0-4055-ada9-6827d4f6e29d" testId="32037498-3cb7-40ca-84ca-2f8d0457c4aa" testName="JilTests.DeserializeTests.BadDecimal(input: &quot;1.2.3.4.5.6&quot;, expectedSnippetAfter: &quot;.3.4.5.6&quot;)" computerName="SIEBL-4303-04" duration="00:00:00.0010000" startTime="2018-11-11T16:39:26.6018241-06:00" endTime="2018-11-11T16:39:26.6018241-06:00" testType="13cdc9d9-ddb5-4fa4-a97d-d965ccfc6d4b" outcome="Passed" testListId="8c84fa94-04c1-424b-9868-57a2d4851a1d" relativeResultsDirectory="d6ad056c-33a0-4055-ada9-6827d4f6e29d" /><UnitTestResult executionId="3e636616-a3b7-4624-9a81-279bd76ff93b" testId="91da88e4-8720-47ea-8c3e-7231f51d7ab4" testName="JilTests.DeserializeDynamicTests.SecondDateTimes" computerName="SIEBL-4303-04" duration="00:00:00.0020000" startTime="2018-11-11T16:39:19.6039474-06:00" endTime="2018-11-11T16:39:19.6039474-06:00" testType="13cdc9d9-ddb5-4fa4-a97d-d965ccfc6d4b" outcome="Passed" testListId="8c84fa94-04c1-424b-9868-57a2d4851a1d" relativeResultsDirectory="3e636616-a3b7-4624-9a81-279bd76ff93b" /><UnitTestResult executionId="da8a66ff-cda3-47be-b58b-0d91cc0d9774" testId="a6889d45-2b82-442e-90b9-f0dc8b60fa93" testName="JilTests.DynamicSerializationTests.MillsecondsTimeSpans" computerName="SIEBL-4303-04" duration="00:00:00.0070000" startTime="2018-11-11T16:39:17.3651027-06:00" endTime="2018-11-11T16:39:17.3651027-06:00" testType="13cdc9d9-ddb5-4fa4-a97d-d965ccfc6d4b" outcome="Passed" testListId="8c84fa94-04c1-424b-9868-57a2d4851a1d" relativeResultsDirectory="da8a66ff-cda3-47be-b58b-0d91cc0d9774" /><UnitTestResult executionId="3d219ba6-9655-4298-9af0-1842426cdd48" testId="b470280f-db01-4e26-a960-2b432197ce20" testName="JilTests.SerializeTests.FlagsEnumWithZero" computerName="SIEBL-4303-04" duration="00:00:00.0360000" startTime="2018-11-11T16:39:29.8828014-06:00" endTime="2018-11-11T16:39:29.8828014-06:00" testType="13cdc9d9-ddb5-4fa4-a97d-d965ccfc6d4b" outcome="Passed" testListId="8c84fa94-04c1-424b-9868-57a2d4851a1d" relativeResultsDirectory="3d219ba6-9655-4298-9af0-1842426cdd48" /><UnitTestResult executionId="bfba1f9e-ba07-4e08-83eb-4704b3d315f7" testId="9ace71d0-b8af-48c7-bc81-0df26d44f086" testName="JilTests.SerializeTests.Issue275" computerName="SIEBL-4303-04" duration="00:00:00.0540000" startTime="2018-11-11T16:39:16.6405405-06:00" endTime="2018-11-11T16:39:16.6405405-06:00" testType="13cdc9d9-ddb5-4fa4-a97d-d965ccfc6d4b" outcome="Passed" testListId="8c84fa94-04c1-424b-9868-57a2d4851a1d" relativeResultsDirectory="bfba1f9e-ba07-4e08-83eb-4704b3d315f7" /><UnitTestResult executionId="d0eb93bc-de5f-4f7c-bee0-3103df38370e" testId="44d7732d-4de8-4822-ab4d-f94365401a89" testName="JilTests.DeserializeTests.DataMemberName" computerName="SIEBL-4303-04" duration="00:00:00.1050000" startTime="2018-11-11T16:39:28.2515696-06:00" endTime="2018-11-11T16:39:28.2515696-06:00" testType="13cdc9d9-ddb5-4fa4-a97d-d965ccfc6d4b" outcome="Passed" testListId="8c84fa94-04c1-424b-9868-57a2d4851a1d" relativeResultsDirectory="d0eb93bc-de5f-4f7c-bee0-3103df38370e" /><UnitTestResult executionId="a3ad8732-624c-48cb-b0bc-902433067848" testId="3adffbe5-e439-4943-9070-0531c9cdce32" testName="JilTests.DeserializeTests.AnonNulls" computerName="SIEBL-4303-04" duration="00:00:00.0570000" startTime="2018-11-11T16:39:27.2039831-06:00" endTime="2018-11-11T16:39:27.2039831-06:00" testType="13cdc9d9-ddb5-4fa4-a97d-d965ccfc6d4b" outcome="Passed" testListId="8c84fa94-04c1-424b-9868-57a2d4851a1d" relativeResultsDirectory="a3ad8732-624c-48cb-b0bc-902433067848" /><UnitTestResult executionId="058d0ce9-c689-40ef-92b7-223b94aab856" testId="ce4866b5-ed18-404e-9ac8-2c56763fffd5" testName="JilTests.DeserializeDynamicTests.GreaterThan" computerName="SIEBL-4303-04" duration="00:00:00.0080000" startTime="2018-11-11T16:39:18.6860659-06:00" endTime="2018-11-11T16:39:18.6860659-06:00" testType="13cdc9d9-ddb5-4fa4-a97d-d965ccfc6d4b" outcome="Passed" testListId="8c84fa94-04c1-424b-9868-57a2d4851a1d" relativeResultsDirectory="058d0ce9-c689-40ef-92b7-223b94aab856" /><UnitTestResult executionId="89eeb421-6187-4895-ac1a-ef3a1afba49d" testId="c70ca448-c9a6-45f6-9e90-256fc1875517" testName="JilTests.DeserializeTests.PrivateConstructor_Dictionary" computerName="SIEBL-4303-04" duration="00:00:00.0270000" startTime="2018-11-11T16:39:28.7148788-06:00" endTime="2018-11-11T16:39:28.7148788-06:00" testType="13cdc9d9-ddb5-4fa4-a97d-d965ccfc6d4b" outcome="Passed" testListId="8c84fa94-04c1-424b-9868-57a2d4851a1d" relativeResultsDirectory="89eeb421-6187-4895-ac1a-ef3a1afba49d" /><UnitTestResult executionId="7f8a99a4-1469-4517-abb1-4ee27df228fc" testId="16cfc8bf-c182-4d9f-8718-a2b03b3de488" testName="JilTests.DynamicSerializationTests.Issue151" computerName="SIEBL-4303-04" duration="00:00:00.0100000" startTime="2018-11-11T16:39:17.5668282-06:00" endTime="2018-11-11T16:39:17.5668282-06:00" testType="13cdc9d9-ddb5-4fa4-a97d-d965ccfc6d4b" outcome="Passed" testListId="8c84fa94-04c1-424b-9868-57a2d4851a1d" relativeResultsDirectory="7f8a99a4-1469-4517-abb1-4ee27df228fc" /><UnitTestResult executionId="393e28f5-8d25-4277-82ae-86a7b996f6fd" testId="1104eb64-291a-4447-9f3a-76066f2632ae" testName="JilTests.DeserializeTests.IDictionaries" computerName="SIEBL-4303-04" duration="00:00:00.7240000" startTime="2018-11-11T16:39:28.1154800-06:00" endTime="2018-11-11T16:39:28.1154800-06:00" testType="13cdc9d9-ddb5-4fa4-a97d-d965ccfc6d4b" outcome="Passed" testListId="8c84fa94-04c1-424b-9868-57a2d4851a1d" relativeResultsDirectory="393e28f5-8d25-4277-82ae-86a7b996f6fd" /><UnitTestResult executionId="31def26a-eb81-47e0-83fa-88ceb5b8ad08" testId="fb6e0315-a795-444b-99e5-a4744224188e" testName="JilTests.DeserializeTests.MalformedISO8601(dateString: &quot;\&quot;1900999\&quot;&quot;, expectedError: &quot;Expected ordinal day to be between 001 and 366&quot;)" computerName="SIEBL-4303-04" duration="00:00:00.0010000" startTime="2018-11-11T16:39:15.8640226-06:00" endTime="2018-11-11T16:39:15.8640226-06:00" testType="13cdc9d9-ddb5-4fa4-a97d-d965ccfc6d4b" outcome="Passed" testListId="8c84fa94-04c1-424b-9868-57a2d4851a1d" relativeResultsDirectory="31def26a-eb81-47e0-83fa-88ceb5b8ad08" /><UnitTestResult executionId="35924497-8c48-43db-b6c3-c17425173de0" testId="4918dd22-763e-42c7-a4d7-d05151e5b66e" testName="JilTests.SerializeTests.Issue176" computerName="SIEBL-4303-04" duration="00:00:00.0090000" startTime="2018-11-11T16:39:32.2710568-06:00" endTime="2018-11-11T16:39:32.2710568-06:00" testType="13cdc9d9-ddb5-4fa4-a97d-d965ccfc6d4b" outcome="Passed" testListId="8c84fa94-04c1-424b-9868-57a2d4851a1d" relativeResultsDirectory="35924497-8c48-43db-b6c3-c17425173de0" /><UnitTestResult executionId="e0ae90db-cb66-486a-aace-6493bdb15136" testId="12487efe-9287-4b9b-80f4-dc385b55287b" testName="JilTests.DeserializeDynamicTests.GreaterThanOrEquals" computerName="SIEBL-4303-04" duration="00:00:00.0100000" startTime="2018-11-11T16:39:19.6199578-06:00" endTime="2018-11-11T16:39:19.6199578-06:00" testType="13cdc9d9-ddb5-4fa4-a97d-d965ccfc6d4b" outcome="Passed" testListId="8c84fa94-04c1-424b-9868-57a2d4851a1d" relativeResultsDirectory="e0ae90db-cb66-486a-aace-6493bdb15136" /><UnitTestResult executionId="ad6fd65b-d880-481f-8611-efcf73aeb988" testId="2a1f1804-8181-46d4-b9f5-c64b3a0e544a" testName="JilTests.DeserializeDynamicTests.UnsignedSmallNumberTests" computerName="SIEBL-4303-04" duration="00:00:00.0870000" startTime="2018-11-11T16:39:19.7140022-06:00" endTime="2018-11-11T16:39:19.7140022-06:00" testType="13cdc9d9-ddb5-4fa4-a97d-d965ccfc6d4b" outcome="Passed" testListId="8c84fa94-04c1-424b-9868-57a2d4851a1d" relativeResultsDirectory="ad6fd65b-d880-481f-8611-efcf73aeb988" /><UnitTestResult executionId="576e2401-3dae-48ca-a68b-c66e2b4f8018" testId="4e1b122e-7a19-45d2-98e0-69b295931fe2" testName="JilTests.DeserializeDynamicTests.Issue143TimeSpanFractionOverflow" computerName="SIEBL-4303-04" duration="00:00:00.0010000" startTime="2018-11-11T16:39:19.6269616-06:00" endTime="2018-11-11T16:39:19.6269616-06:00" testType="13cdc9d9-ddb5-4fa4-a97d-d965ccfc6d4b" outcome="Passed" testListId="8c84fa94-04c1-424b-9868-57a2d4851a1d" relativeResultsDirectory="576e2401-3dae-48ca-a68b-c66e2b4f8018" /><UnitTestResult executionId="5013398f-2f8b-41af-a2ac-aa588370799c" testId="64c453b2-8a52-4d04-8ff5-e559128c5a0a" testName="JilTests.DeserializeTests.MalformedISO8601(dateString: &quot;\&quot;1900-01-\&quot;&quot;, expectedError: &quot;Expected digit&quot;)" computerName="SIEBL-4303-04" duration="00:00:00.0010000" startTime="2018-11-11T16:39:15.8970444-06:00" endTime="2018-11-11T16:39:15.8970444-06:00" testType="13cdc9d9-ddb5-4fa4-a97d-d965ccfc6d4b" outcome="Passed" testListId="8c84fa94-04c1-424b-9868-57a2d4851a1d" relativeResultsDirectory="5013398f-2f8b-41af-a2ac-aa588370799c" /><UnitTestResult executionId="efb88d89-81c2-4020-ac25-3429c46c31c6" testId="d1194b3b-9a41-4a71-b7f7-99471babd7a6" testName="JilTests.DynamicSerializationTests.ElasticExampleFailure" computerName="SIEBL-4303-04" duration="00:00:00.4560000" startTime="2018-11-11T16:39:17.1379514-06:00" endTime="2018-11-11T16:39:17.1379514-06:00" testType="13cdc9d9-ddb5-4fa4-a97d-d965ccfc6d4b" outcome="Passed" testListId="8c84fa94-04c1-424b-9868-57a2d4851a1d" relativeResultsDirectory="efb88d89-81c2-4020-ac25-3429c46c31c6" /><UnitTestResult executionId="862768d7-e410-456d-97ce-a5775f579f7e" testId="0c984b51-142b-4f66-8f3f-0b93da64dee8" testName="JilTests.DeserializeTests.Issue117_ULong" computerName="SIEBL-4303-04" duration="00:00:00.0150000" startTime="2018-11-11T16:39:21.7590425-06:00" endTime="2018-11-11T16:39:21.7590425-06:00" testType="13cdc9d9-ddb5-4fa4-a97d-d965ccfc6d4b" outcome="Passed" testListId="8c84fa94-04c1-424b-9868-57a2d4851a1d" relativeResultsDirectory="862768d7-e410-456d-97ce-a5775f579f7e" /><UnitTestResult executionId="1ae551a3-f41e-4c71-a550-22d22f293518" testId="f2a79eee-2f23-4f80-af3f-7e8d4b41cc8b" testName="JilTests.SerializeTests.NoNameDataMember" computerName="SIEBL-4303-04" duration="00:00:00.0220000" startTime="2018-11-11T16:39:16.2062510-06:00" endTime="2018-11-11T16:39:16.2062510-06:00" testType="13cdc9d9-ddb5-4fa4-a97d-d965ccfc6d4b" outcome="Passed" testListId="8c84fa94-04c1-424b-9868-57a2d4851a1d" relativeResultsDirectory="1ae551a3-f41e-4c71-a550-22d22f293518" /><UnitTestResult executionId="d1f48bb5-28f1-458a-a38c-b1df2f772840" testId="04102ac2-428b-42d9-9142-d1f2e9f1c3d5" testName="JilTests.SerializeTests.Issue147" computerName="SIEBL-4303-04" duration="00:00:00.0200000" startTime="2018-11-11T16:39:32.6963403-06:00" endTime="2018-11-11T16:39:32.6963403-06:00" testType="13cdc9d9-ddb5-4fa4-a97d-d965ccfc6d4b" outcome="Passed" testListId="8c84fa94-04c1-424b-9868-57a2d4851a1d" relativeResultsDirectory="d1f48bb5-28f1-458a-a38c-b1df2f772840" /><UnitTestResult executionId="984bf5f8-6704-433b-a75f-5fbc2c8fd6f4" testId="7f52e592-2cff-46dc-9939-1f967f2b4e55" testName="JilTests.DeserializeTests.EmptyMembers" computerName="SIEBL-4303-04" duration="00:00:00.0100000" startTime="2018-11-11T16:39:27.3402846-06:00" endTime="2018-11-11T16:39:27.3402846-06:00" testType="13cdc9d9-ddb5-4fa4-a97d-d965ccfc6d4b" outcome="Passed" testListId="8c84fa94-04c1-424b-9868-57a2d4851a1d" relativeResultsDirectory="984bf5f8-6704-433b-a75f-5fbc2c8fd6f4" /><UnitTestResult executionId="121644f8-85dd-44ca-8992-272b122ad8f6" testId="325f15c4-632b-487e-8301-cb9c6eb7c857" testName="JilTests.DeserializeTests.MillisecondsTimeSpan" computerName="SIEBL-4303-04" duration="00:00:00.0260000" startTime="2018-11-11T16:39:30.5282595-06:00" endTime="2018-11-11T16:39:30.5282595-06:00" testType="13cdc9d9-ddb5-4fa4-a97d-d965ccfc6d4b" outcome="Passed" testListId="8c84fa94-04c1-424b-9868-57a2d4851a1d" relativeResultsDirectory="121644f8-85dd-44ca-8992-272b122ad8f6" /><UnitTestResult executionId="41a27be9-8099-4d01-ba35-2cc124d0782c" testId="e60e2e7b-1c22-4459-a09e-c9370463090c" testName="JilTests.SerializeTests.MicrosoftTimeSpans" computerName="SIEBL-4303-04" duration="00:00:00.0430000" startTime="2018-11-11T16:39:16.3623548-06:00" endTime="2018-11-11T16:39:16.3623548-06:00" testType="13cdc9d9-ddb5-4fa4-a97d-d965ccfc6d4b" outcome="Passed" testListId="8c84fa94-04c1-424b-9868-57a2d4851a1d" relativeResultsDirectory="41a27be9-8099-4d01-ba35-2cc124d0782c" /><UnitTestResult executionId="3c28f2d5-ddaa-40aa-ac6f-d2cd3c705b1d" testId="399b55f4-8956-4e73-9e02-10eb5d27a654" testName="JilTests.DynamicSerializationTests.Objects" computerName="SIEBL-4303-04" duration="00:00:00.0420000" startTime="2018-11-11T16:39:16.6355380-06:00" endTime="2018-11-11T16:39:16.6355380-06:00" testType="13cdc9d9-ddb5-4fa4-a97d-d965ccfc6d4b" outcome="Passed" testListId="8c84fa94-04c1-424b-9868-57a2d4851a1d" relativeResultsDirectory="3c28f2d5-ddaa-40aa-ac6f-d2cd3c705b1d" /><UnitTestResult executionId="87bba181-5546-48b8-b8c7-d74d360c0dd7" testId="8175022c-a9b4-49ac-b3cc-b2eaa5ba473d" testName="JilTests.SerializeTests.BadUnions" computerName="SIEBL-4303-04" duration="00:00:00.0280000" startTime="2018-11-11T16:39:32.1789954-06:00" endTime="2018-11-11T16:39:32.1789954-06:00" testType="13cdc9d9-ddb5-4fa4-a97d-d965ccfc6d4b" outcome="Passed" testListId="8c84fa94-04c1-424b-9868-57a2d4851a1d" relativeResultsDirectory="87bba181-5546-48b8-b8c7-d74d360c0dd7" /><UnitTestResult executionId="1770c2fc-1d14-4e6d-a601-63167cc3f378" testId="fa328eac-64a1-445e-998d-c40193f17a0b" testName="JilTests.DeserializeDynamicTests.EnumMemberAttributeOverrideFlags" computerName="SIEBL-4303-04" duration="00:00:00.0730000" startTime="2018-11-11T16:39:19.4526881-06:00" endTime="2018-11-11T16:39:19.4526881-06:00" testType="13cdc9d9-ddb5-4fa4-a97d-d965ccfc6d4b" outcome="Passed" testListId="8c84fa94-04c1-424b-9868-57a2d4851a1d" relativeResultsDirectory="1770c2fc-1d14-4e6d-a601-63167cc3f378" /><UnitTestResult executionId="9b383026-74b2-4c40-b59d-08f487580a1a" testId="48acbad1-f3f7-4f3d-a535-2b20ce9af21c" testName="JilTests.EnumFlagsTest.TestEnumFlagsDeserialize" computerName="SIEBL-4303-04" duration="00:00:00.6300000" startTime="2018-11-11T16:39:16.2442764-06:00" endTime="2018-11-11T16:39:16.2442764-06:00" testType="13cdc9d9-ddb5-4fa4-a97d-d965ccfc6d4b" outcome="Passed" testListId="8c84fa94-04c1-424b-9868-57a2d4851a1d" relativeResultsDirectory="9b383026-74b2-4c40-b59d-08f487580a1a" /><UnitTestResult executionId="f68e2ee2-64ac-48fc-a05d-139fdb68a21d" testId="66617f98-826f-479f-b3a4-3058b7d26bda" testName="JilTests.SerializeTests.SerializeNestedDictionary" computerName="SIEBL-4303-04" duration="00:00:00.0230000" startTime="2018-11-11T16:39:32.6523112-06:00" endTime="2018-11-11T16:39:32.6523112-06:00" testType="13cdc9d9-ddb5-4fa4-a97d-d965ccfc6d4b" outcome="Passed" testListId="8c84fa94-04c1-424b-9868-57a2d4851a1d" relativeResultsDirectory="f68e2ee2-64ac-48fc-a05d-139fdb68a21d" /><UnitTestResult executionId="bbdb2ada-bba0-445e-9814-34b6c8d108d0" testId="8e3e901d-4631-4afc-b27a-59ec9f39dc31" testName="JilTests.DeserializeTests.DictionaryEnumKeys" computerName="SIEBL-4303-04" duration="00:00:00.2140000" startTime="2018-11-11T16:39:34.6516465-06:00" endTime="2018-11-11T16:39:34.6516465-06:00" testType="13cdc9d9-ddb5-4fa4-a97d-d965ccfc6d4b" outcome="Passed" testListId="8c84fa94-04c1-424b-9868-57a2d4851a1d" relativeResultsDirectory="bbdb2ada-bba0-445e-9814-34b6c8d108d0" /><UnitTestResult executionId="05a559bf-cf49-4210-9c4c-0aa4589a3b16" testId="06e12a4a-a8fc-40b0-aca7-504f64677138" testName="JilTests.DeserializeTests.MalformedISO8601(dateString: &quot;\&quot;1999-13\&quot;&quot;, expectedError: &quot;Expected month to be between 01 and 12&quot;)" computerName="SIEBL-4303-04" duration="00:00:00.0010000" startTime="2018-11-11T16:39:15.9010470-06:00" endTime="2018-11-11T16:39:15.9010470-06:00" testType="13cdc9d9-ddb5-4fa4-a97d-d965ccfc6d4b" outcome="Passed" testListId="8c84fa94-04c1-424b-9868-57a2d4851a1d" relativeResultsDirectory="05a559bf-cf49-4210-9c4c-0aa4589a3b16" /><UnitTestResult executionId="225f559a-292d-4690-9df0-2bec5b25c536" testId="09a79c07-abe5-4eba-8632-91a17c55d765" testName="JilTests.DynamicSerializationTests.Issue200" computerName="SIEBL-4303-04" duration="00:00:00.0240000" startTime="2018-11-11T16:39:17.3350845-06:00" endTime="2018-11-11T16:39:17.3350845-06:00" testType="13cdc9d9-ddb5-4fa4-a97d-d965ccfc6d4b" outcome="Passed" testListId="8c84fa94-04c1-424b-9868-57a2d4851a1d" relativeResultsDirectory="225f559a-292d-4690-9df0-2bec5b25c536" /><UnitTestResult executionId="b4a3c278-d22f-46ad-8e3d-0eac5cb09d2d" testId="7be5e64a-0c9e-4a0b-84ef-fc0af292334c" testName="JilTests.DeserializeTests.MalformedISO8601(dateString: &quot;\&quot;1900000\&quot;&quot;, expectedError: &quot;Expected ordinal day to be between 001 and 366&quot;)" computerName="SIEBL-4303-04" duration="00:00:00.0010000" startTime="2018-11-11T16:39:15.8480119-06:00" endTime="2018-11-11T16:39:15.8480119-06:00" testType="13cdc9d9-ddb5-4fa4-a97d-d965ccfc6d4b" outcome="Passed" testListId="8c84fa94-04c1-424b-9868-57a2d4851a1d" relativeResultsDirectory="b4a3c278-d22f-46ad-8e3d-0eac5cb09d2d" /><UnitTestResult executionId="e68d3fe7-0543-455a-ac88-5de20544c70f" testId="757186e0-9306-4485-9fb2-ce64e42323c5" testName="JilTests.DeserializeTests.MalformedISO8601(dateString: &quot;\&quot;1900-999\&quot;&quot;, expectedError: &quot;Expected ordinal day to be between 001 and 366&quot;)" computerName="SIEBL-4303-04" duration="00:00:00.0010000" startTime="2018-11-11T16:39:15.9510807-06:00" endTime="2018-11-11T16:39:15.9510807-06:00" testType="13cdc9d9-ddb5-4fa4-a97d-d965ccfc6d4b" outcome="Passed" testListId="8c84fa94-04c1-424b-9868-57a2d4851a1d" relativeResultsDirectory="e68d3fe7-0543-455a-ac88-5de20544c70f" /><UnitTestResult executionId="28325f60-fb7b-4a85-a050-e1420b9686a9" testId="eb599914-874c-4619-9ec5-1d640f8272a4" testName="JilTests.DeserializeDynamicTests.Multiply" computerName="SIEBL-4303-04" duration="00:00:00.0100000" startTime="2018-11-11T16:39:18.7391019-06:00" endTime="2018-11-11T16:39:18.7391019-06:00" testType="13cdc9d9-ddb5-4fa4-a97d-d965ccfc6d4b" outcome="Passed" testListId="8c84fa94-04c1-424b-9868-57a2d4851a1d" relativeResultsDirectory="28325f60-fb7b-4a85-a050-e1420b9686a9" /><UnitTestResult executionId="660d5679-1a4c-4b55-a920-dbb91b20bf49" testId="6f53f3bd-6993-47d5-a4bb-0a2d6149f2d9" testName="JilTests.DeserializeTests.NaNFails" computerName="SIEBL-4303-04" duration="00:00:00.0080000" startTime="2018-11-11T16:39:27.0919077-06:00" endTime="2018-11-11T16:39:27.0919077-06:00" testType="13cdc9d9-ddb5-4fa4-a97d-d965ccfc6d4b" outcome="Passed" testListId="8c84fa94-04c1-424b-9868-57a2d4851a1d" relativeResultsDirectory="660d5679-1a4c-4b55-a920-dbb91b20bf49" /><UnitTestResult executionId="a4fe70a8-4d9a-49b9-802f-89272301f4eb" testId="68dd6711-1c76-408f-a04d-6053c5009eda" testName="JilTests.DeserializeTests.SystemObject" computerName="SIEBL-4303-04" duration="00:00:00.0010000" startTime="2018-11-11T16:39:20.5948647-06:00" endTime="2018-11-11T16:39:20.5948647-06:00" testType="13cdc9d9-ddb5-4fa4-a97d-d965ccfc6d4b" outcome="Passed" testListId="8c84fa94-04c1-424b-9868-57a2d4851a1d" relativeResultsDirectory="a4fe70a8-4d9a-49b9-802f-89272301f4eb" /><UnitTestResult executionId="740dcdb5-bc69-418c-9fb1-283b5ca0326b" testId="206b167f-4f75-4e41-af63-84fae1b1bddf" testName="JilTests.DeserializeDynamicTests.NotEquals" computerName="SIEBL-4303-04" duration="00:00:00.0390000" startTime="2018-11-11T16:39:19.3796406-06:00" endTime="2018-11-11T16:39:19.3796406-06:00" testType="13cdc9d9-ddb5-4fa4-a97d-d965ccfc6d4b" outcome="Passed" testListId="8c84fa94-04c1-424b-9868-57a2d4851a1d" relativeResultsDirectory="740dcdb5-bc69-418c-9fb1-283b5ca0326b" /><UnitTestResult executionId="9dd708a7-aa1e-4e64-85a9-dc3fcf50e2cb" testId="ada6e382-dabe-4054-b81d-79960c6aa43a" testName="JilTests.DeserializeTests.Overflow" computerName="SIEBL-4303-04" duration="00:00:00.0710000" startTime="2018-11-11T16:39:19.8823893-06:00" endTime="2018-11-11T16:39:19.8823893-06:00" testType="13cdc9d9-ddb5-4fa4-a97d-d965ccfc6d4b" outcome="Passed" testListId="8c84fa94-04c1-424b-9868-57a2d4851a1d" relativeResultsDirectory="9dd708a7-aa1e-4e64-85a9-dc3fcf50e2cb" /><UnitTestResult executionId="d4a75ec5-4b65-41b1-b30b-8a80b54fcc53" testId="b03e7ac0-a089-4136-aaab-b26d5b178a13" testName="JilTests.DynamicSerializationTests.ToStringJSON" computerName="SIEBL-4303-04" duration="00:00:00.1460000" startTime="2018-11-11T16:39:18.1453062-06:00" endTime="2018-11-11T16:39:18.1453062-06:00" testType="13cdc9d9-ddb5-4fa4-a97d-d965ccfc6d4b" outcome="Passed" testListId="8c84fa94-04c1-424b-9868-57a2d4851a1d" relativeResultsDirectory="d4a75ec5-4b65-41b1-b30b-8a80b54fcc53" /><UnitTestResult executionId="292711f7-d671-4164-b740-8874b162bc6c" testId="47064353-4d0e-4434-9716-85e51c6b251d" testName="JilTests.DeserializeTests.MicrosoftTimeSpan" computerName="SIEBL-4303-04" duration="00:00:00.0080000" startTime="2018-11-11T16:39:34.1533137-06:00" endTime="2018-11-11T16:39:34.1533137-06:00" testType="13cdc9d9-ddb5-4fa4-a97d-d965ccfc6d4b" outcome="Passed" testListId="8c84fa94-04c1-424b-9868-57a2d4851a1d" relativeResultsDirectory="292711f7-d671-4164-b740-8874b162bc6c" /><UnitTestResult executionId="9686970a-fe16-407d-9741-5d7d060a1379" testId="9b21d700-aff0-4d44-8936-0e504ac98b4c" testName="JilTests.SerializeTests.IntegerDictionaryKeys" computerName="SIEBL-4303-04" duration="00:00:00.0200000" startTime="2018-11-11T16:39:29.9018141-06:00" endTime="2018-11-11T16:39:29.9018141-06:00" testType="13cdc9d9-ddb5-4fa4-a97d-d965ccfc6d4b" outcome="Passed" testListId="8c84fa94-04c1-424b-9868-57a2d4851a1d" relativeResultsDirectory="9686970a-fe16-407d-9741-5d7d060a1379" /><UnitTestResult executionId="9bb9c766-af4f-46cb-8696-aa387d86c583" testId="2f80a673-fc38-4ec7-926e-2a2938efbf75" testName="JilTests.DeserializeTests.MalformedISO8601(dateString: &quot;\&quot;1999-W01-8\&quot;&quot;, expectedError: &quot;Expected day to be a digit between 1 and 7&quot;)" computerName="SIEBL-4303-04" duration="00:00:00.0010000" startTime="2018-11-11T16:39:15.8680250-06:00" endTime="2018-11-11T16:39:15.8680250-06:00" testType="13cdc9d9-ddb5-4fa4-a97d-d965ccfc6d4b" outcome="Passed" testListId="8c84fa94-04c1-424b-9868-57a2d4851a1d" relativeResultsDirectory="9bb9c766-af4f-46cb-8696-aa387d86c583" /><UnitTestResult executionId="075066cf-3d16-4cc7-9ca9-45601f20ca03" testId="235a6ada-8ad5-4ab9-b01a-b9f5b585677c" testName="JilTests.SerializeTests.FlagsEnum" computerName="SIEBL-4303-04" duration="00:00:00.0410000" startTime="2018-11-11T16:39:23.5995919-06:00" endTime="2018-11-11T16:39:23.5995919-06:00" testType="13cdc9d9-ddb5-4fa4-a97d-d965ccfc6d4b" outcome="Passed" testListId="8c84fa94-04c1-424b-9868-57a2d4851a1d" relativeResultsDirectory="075066cf-3d16-4cc7-9ca9-45601f20ca03" /><UnitTestResult executionId="51203077-d086-470c-9f54-8e2ed05f2e54" testId="a21c33ae-0435-4754-a226-fed805dddb58" testName="JilTests.DeserializeTests.Issue117_Byte" computerName="SIEBL-4303-04" duration="00:00:00.0070000" startTime="2018-11-11T16:39:30.5358993-06:00" endTime="2018-11-11T16:39:30.5358993-06:00" testType="13cdc9d9-ddb5-4fa4-a97d-d965ccfc6d4b" outcome="Passed" testListId="8c84fa94-04c1-424b-9868-57a2d4851a1d" relativeResultsDirectory="51203077-d086-470c-9f54-8e2ed05f2e54" /><UnitTestResult executionId="e2b32de1-3df5-4366-9e0a-b95e674e5bbc" testId="084d0224-a4e4-41fe-ae0d-454f1999b288" testName="JilTests.DeserializeTests.Ints" computerName="SIEBL-4303-04" duration="00:00:00.0010000" startTime="2018-11-11T16:39:20.3276874-06:00" endTime="2018-11-11T16:39:20.3276874-06:00" testType="13cdc9d9-ddb5-4fa4-a97d-d965ccfc6d4b" outcome="Passed" testListId="8c84fa94-04c1-424b-9868-57a2d4851a1d" relativeResultsDirectory="e2b32de1-3df5-4366-9e0a-b95e674e5bbc" /><UnitTestResult executionId="adce5e41-1b1b-4070-b574-5670c241b1d1" testId="b3132775-8aaf-481b-a12e-83e691b643dc" testName="JilTests.DeserializeTests.Issue225" computerName="SIEBL-4303-04" duration="00:00:00.0770000" startTime="2018-11-11T16:39:18.6520429-06:00" endTime="2018-11-11T16:39:18.6520429-06:00" testType="13cdc9d9-ddb5-4fa4-a97d-d965ccfc6d4b" outcome="Passed" testListId="8c84fa94-04c1-424b-9868-57a2d4851a1d" relativeResultsDirectory="adce5e41-1b1b-4070-b574-5670c241b1d1" /><UnitTestResult executionId="36c83a38-4353-4f1a-9fac-7d460701cc0f" testId="14a8818c-c591-49ca-8fa1-d3f116f45342" testName="JilTests.DeserializeDynamicTests.Divide" computerName="SIEBL-4303-04" duration="00:00:00.0100000" startTime="2018-11-11T16:39:18.7702336-06:00" endTime="2018-11-11T16:39:18.7702336-06:00" testType="13cdc9d9-ddb5-4fa4-a97d-d965ccfc6d4b" outcome="Passed" testListId="8c84fa94-04c1-424b-9868-57a2d4851a1d" relativeResultsDirectory="36c83a38-4353-4f1a-9fac-7d460701cc0f" /><UnitTestResult executionId="c55ea51a-078b-4ec0-a1da-627a69fea4ac" testId="7123844a-1e62-4bd3-82ea-02e4bd3978c0" testName="JilTests.SerializeTests.PrettyPrint" computerName="SIEBL-4303-04" duration="00:00:00.2480000" startTime="2018-11-11T16:39:29.6676578-06:00" endTime="2018-11-11T16:39:29.6676578-06:00" testType="13cdc9d9-ddb5-4fa4-a97d-d965ccfc6d4b" outcome="Passed" testListId="8c84fa94-04c1-424b-9868-57a2d4851a1d" relativeResultsDirectory="c55ea51a-078b-4ec0-a1da-627a69fea4ac" /><UnitTestResult executionId="2969099b-150c-458f-9ba3-e3b7471c63c5" testId="ab982bd9-e931-4573-9fd8-bb525c8750b5" testName="JilTests.SerializeTests.ISODateTimes" computerName="SIEBL-4303-04" duration="00:00:00.0380000" startTime="2018-11-11T16:39:24.0440332-06:00" endTime="2018-11-11T16:39:24.0440332-06:00" testType="13cdc9d9-ddb5-4fa4-a97d-d965ccfc6d4b" outcome="Passed" testListId="8c84fa94-04c1-424b-9868-57a2d4851a1d" relativeResultsDirectory="2969099b-150c-458f-9ba3-e3b7471c63c5" /><UnitTestResult executionId="50babf4c-cdc8-4915-baca-6ded4e0c1b04" testId="43daa9e4-3d4f-46e0-b234-92da23231c3d" testName="JilTests.SerializeTests.Issue238" computerName="SIEBL-4303-04" duration="00:00:00.0150000" startTime="2018-11-11T16:39:28.0874601-06:00" endTime="2018-11-11T16:39:28.0874601-06:00" testType="13cdc9d9-ddb5-4fa4-a97d-d965ccfc6d4b" outcome="Passed" testListId="8c84fa94-04c1-424b-9868-57a2d4851a1d" relativeResultsDirectory="50babf4c-cdc8-4915-baca-6ded4e0c1b04" /><UnitTestResult executionId="4785e9be-bc14-4ecf-ba6c-849b76496f1f" testId="c85d138a-58bb-436c-9e86-254e0c932c9c" testName="JilTests.SerializeTests.Issue270" computerName="SIEBL-4303-04" duration="00:00:00.0340000" startTime="2018-11-11T16:39:28.3426310-06:00" endTime="2018-11-11T16:39:28.3426310-06:00" testType="13cdc9d9-ddb5-4fa4-a97d-d965ccfc6d4b" outcome="Passed" testListId="8c84fa94-04c1-424b-9868-57a2d4851a1d" relativeResultsDirectory="4785e9be-bc14-4ecf-ba6c-849b76496f1f" /><UnitTestResult executionId="a2ce2d80-7206-4292-bfc1-f03b9cfaa3de" testId="50e5e33e-f31a-40dc-84f5-b6468fe00fa6" testName="JilTests.BadlySpecifiedTypeTests.DeserializeReader" computerName="SIEBL-4303-04" duration="00:00:00.5220000" startTime="2018-11-11T16:39:16.1422082-06:00" endTime="2018-11-11T16:39:16.1422082-06:00" testType="13cdc9d9-ddb5-4fa4-a97d-d965ccfc6d4b" outcome="Passed" testListId="8c84fa94-04c1-424b-9868-57a2d4851a1d" relativeResultsDirectory="a2ce2d80-7206-4292-bfc1-f03b9cfaa3de" /><UnitTestResult executionId="0239a37a-dfe5-4622-888a-8e48e1774138" testId="5c1f533c-be45-4ea6-b5db-0ec7111e6ded" testName="JilTests.SerializeTests.TestSerializationNameFormatsSerialization" computerName="SIEBL-4303-04" duration="00:00:00.0190000" startTime="2018-11-11T16:39:30.0554092-06:00" endTime="2018-11-11T16:39:30.0554092-06:00" testType="13cdc9d9-ddb5-4fa4-a97d-d965ccfc6d4b" outcome="Passed" testListId="8c84fa94-04c1-424b-9868-57a2d4851a1d" relativeResultsDirectory="0239a37a-dfe5-4622-888a-8e48e1774138" /><UnitTestResult executionId="1e381b02-3f41-4366-b443-b71bcc5e5216" testId="1afca537-75fd-4aee-bf38-df9461e804a8" testName="JilTests.SerializeTests.SerializeToString" computerName="SIEBL-4303-04" duration="00:00:00.0050000" startTime="2018-11-11T16:39:24.0060076-06:00" endTime="2018-11-11T16:39:24.0060076-06:00" testType="13cdc9d9-ddb5-4fa4-a97d-d965ccfc6d4b" outcome="Passed" testListId="8c84fa94-04c1-424b-9868-57a2d4851a1d" relativeResultsDirectory="1e381b02-3f41-4366-b443-b71bcc5e5216" /><UnitTestResult executionId="9569c6b3-bcf7-442c-a95b-1956ab5bc1c6" testId="16b09d89-e4be-4fdb-9ce1-1006a8e41b2c" testName="JilTests.DeserializeTests.Issue25" computerName="SIEBL-4303-04" duration="00:00:00.1360000" startTime="2018-11-11T16:39:18.3314292-06:00" endTime="2018-11-11T16:39:18.3314292-06:00" testType="13cdc9d9-ddb5-4fa4-a97d-d965ccfc6d4b" outcome="Passed" testListId="8c84fa94-04c1-424b-9868-57a2d4851a1d" relativeResultsDirectory="9569c6b3-bcf7-442c-a95b-1956ab5bc1c6" /><UnitTestResult executionId="528083f7-b5e0-4527-8414-8ad101c428a8" testId="d15749d8-9052-4519-8fc1-37e203d11833" testName="JilTests.UtilsTests.FindRecursiveTypes" computerName="SIEBL-4303-04" duration="00:00:00.0040000" startTime="2018-11-11T16:39:16.7506139-06:00" endTime="2018-11-11T16:39:16.7506139-06:00" testType="13cdc9d9-ddb5-4fa4-a97d-d965ccfc6d4b" outcome="Passed" testListId="8c84fa94-04c1-424b-9868-57a2d4851a1d" relativeResultsDirectory="528083f7-b5e0-4527-8414-8ad101c428a8" /><UnitTestResult executionId="ab46cc15-b887-48de-8b1b-0e1bca5d9909" testId="c67496f5-1798-4a88-8e61-5d1c9c2d6841" testName="JilTests.SerializeTests.EnumMemberAttributeOverrideFlags" computerName="SIEBL-4303-04" duration="00:00:00.0400000" startTime="2018-11-11T16:39:26.3766739-06:00" endTime="2018-11-11T16:39:26.3766739-06:00" testType="13cdc9d9-ddb5-4fa4-a97d-d965ccfc6d4b" outcome="Passed" testListId="8c84fa94-04c1-424b-9868-57a2d4851a1d" relativeResultsDirectory="ab46cc15-b887-48de-8b1b-0e1bca5d9909" /><UnitTestResult executionId="e3426c6e-fac4-42a8-9b4c-407f340d5eb1" testId="0961002f-7939-4f38-8fdd-407e62c825d1" testName="JilTests.DeserializeTests.MultipleNullableDiscriminantUnion" computerName="SIEBL-4303-04" duration="00:00:01.0510000" startTime="2018-11-11T16:39:19.8123435-06:00" endTime="2018-11-11T16:39:19.8123435-06:00" testType="13cdc9d9-ddb5-4fa4-a97d-d965ccfc6d4b" outcome="Passed" testListId="8c84fa94-04c1-424b-9868-57a2d4851a1d" relativeResultsDirectory="e3426c6e-fac4-42a8-9b4c-407f340d5eb1" /><UnitTestResult executionId="ee4d89c2-b893-46c8-a04a-52791c3bb48f" testId="1dd39abb-3cfc-487e-a940-6c6b7c033651" testName="JilTests.DeserializeTests.Issue176" computerName="SIEBL-4303-04" duration="00:00:00.0690000" startTime="2018-11-11T16:39:33.3817980-06:00" endTime="2018-11-11T16:39:33.3817980-06:00" testType="13cdc9d9-ddb5-4fa4-a97d-d965ccfc6d4b" outcome="Passed" testListId="8c84fa94-04c1-424b-9868-57a2d4851a1d" relativeResultsDirectory="ee4d89c2-b893-46c8-a04a-52791c3bb48f" /><UnitTestResult executionId="42745eb7-4931-45a7-a086-4e1cb1f5a7aa" testId="be4f73e9-e6fa-40f8-87e4-ec8a1413d779" testName="JilTests.SerializeTests.Issue165_2" computerName="SIEBL-4303-04" duration="00:00:00.0010000" startTime="2018-11-11T16:39:29.8407733-06:00" endTime="2018-11-11T16:39:29.8407733-06:00" testType="13cdc9d9-ddb5-4fa4-a97d-d965ccfc6d4b" outcome="Passed" testListId="8c84fa94-04c1-424b-9868-57a2d4851a1d" relativeResultsDirectory="42745eb7-4931-45a7-a086-4e1cb1f5a7aa" /><UnitTestResult executionId="275df5d5-c1d5-42ac-8d04-b21a019cffd5" testId="eeaa67df-d3cf-49c4-81b9-b9122c4eb979" testName="JilTests.SerializeTests.Issue53" computerName="SIEBL-4303-04" duration="00:00:00.0060000" startTime="2018-11-11T16:39:23.6766448-06:00" endTime="2018-11-11T16:39:23.6766448-06:00" testType="13cdc9d9-ddb5-4fa4-a97d-d965ccfc6d4b" outcome="Passed" testListId="8c84fa94-04c1-424b-9868-57a2d4851a1d" relativeResultsDirectory="275df5d5-c1d5-42ac-8d04-b21a019cffd5" /><UnitTestResult executionId="78593c6a-ec92-4065-ab90-333928b2181e" testId="1e88df8c-bf4f-4347-94ec-74a036e5647f" testName="JilTests.UtilsTests.PublicInterfaces" computerName="SIEBL-4303-04" duration="00:00:00.0050000" startTime="2018-11-11T16:39:15.7449429-06:00" endTime="2018-11-11T16:39:15.7449429-06:00" testType="13cdc9d9-ddb5-4fa4-a97d-d965ccfc6d4b" outcome="Passed" testListId="8c84fa94-04c1-424b-9868-57a2d4851a1d" relativeResultsDirectory="78593c6a-ec92-4065-ab90-333928b2181e" /><UnitTestResult executionId="c05c550a-9c90-4e60-9e77-aa877a7e253e" testId="60867c3d-3138-4ced-945c-fbfce3e8673f" testName="JilTests.DeserializeTests.ExpectedEndOfStream" computerName="SIEBL-4303-04" duration="00:00:00.0550000" startTime="2018-11-11T16:39:22.1236547-06:00" endTime="2018-11-11T16:39:22.1236547-06:00" testType="13cdc9d9-ddb5-4fa4-a97d-d965ccfc6d4b" outcome="Passed" testListId="8c84fa94-04c1-424b-9868-57a2d4851a1d" relativeResultsDirectory="c05c550a-9c90-4e60-9e77-aa877a7e253e" /><UnitTestResult executionId="bc565e74-27c2-4148-b076-622142ef5b51" testId="98beddc3-c83f-477c-9567-f0883e3dc012" testName="JilTests.SerializeTests.SecondsTimeSpans" computerName="SIEBL-4303-04" duration="00:00:00.0030000" startTime="2018-11-11T16:39:29.8427747-06:00" endTime="2018-11-11T16:39:29.8427747-06:00" testType="13cdc9d9-ddb5-4fa4-a97d-d965ccfc6d4b" outcome="Passed" testListId="8c84fa94-04c1-424b-9868-57a2d4851a1d" relativeResultsDirectory="bc565e74-27c2-4148-b076-622142ef5b51" /><UnitTestResult executionId="0d779aa8-7e50-4b0b-ab8c-1fdc9c68347c" testId="d56584b2-5d74-4e78-bbe0-dfd8d4612bc2" testName="JilTests.DeserializeDynamicTests.Guids" computerName="SIEBL-4303-04" duration="00:00:00.0010000" startTime="2018-11-11T16:39:19.2635619-06:00" endTime="2018-11-11T16:39:19.2635619-06:00" testType="13cdc9d9-ddb5-4fa4-a97d-d965ccfc6d4b" outcome="Passed" testListId="8c84fa94-04c1-424b-9868-57a2d4851a1d" relativeResultsDirectory="0d779aa8-7e50-4b0b-ab8c-1fdc9c68347c" /><UnitTestResult executionId="d814fdfa-2d68-4046-83af-668a088db1b4" testId="d9e43e27-abe5-4d90-9d77-d2169fca6156" testName="JilTests.DeserializeTests.Interface" computerName="SIEBL-4303-04" duration="00:00:00.1150000" startTime="2018-11-11T16:39:20.5408287-06:00" endTime="2018-11-11T16:39:20.5408287-06:00" testType="13cdc9d9-ddb5-4fa4-a97d-d965ccfc6d4b" outcome="Passed" testListId="8c84fa94-04c1-424b-9868-57a2d4851a1d" relativeResultsDirectory="d814fdfa-2d68-4046-83af-668a088db1b4" /><UnitTestResult executionId="49200e9a-4e84-4fa4-821e-d133355c4157" testId="f589c5ac-8693-4ddb-8ce5-4cd51baa70fc" testName="JilTests.SerializeTests.IReadOnlyDictionary" computerName="SIEBL-4303-04" duration="00:00:00.0020000" startTime="2018-11-11T16:39:30.0574105-06:00" endTime="2018-11-11T16:39:30.0574105-06:00" testType="13cdc9d9-ddb5-4fa4-a97d-d965ccfc6d4b" outcome="Passed" testListId="8c84fa94-04c1-424b-9868-57a2d4851a1d" relativeResultsDirectory="49200e9a-4e84-4fa4-821e-d133355c4157" /><UnitTestResult executionId="cfdecdc7-88c8-4d9f-81d1-668e73282204" testId="39a25ec3-d622-407e-85a4-15a7b19ffa7f" testName="JilTests.DeserializeDynamicTests.ParseISO8601" computerName="SIEBL-4303-04" duration="00:00:00.0770000" startTime="2018-11-11T16:39:19.2355432-06:00" endTime="2018-11-11T16:39:19.2355432-06:00" testType="13cdc9d9-ddb5-4fa4-a97d-d965ccfc6d4b" outcome="Passed" testListId="8c84fa94-04c1-424b-9868-57a2d4851a1d" relativeResultsDirectory="cfdecdc7-88c8-4d9f-81d1-668e73282204" /><UnitTestResult executionId="13cdad77-0516-40e6-8daa-4c83bba729ed" testId="a41919fb-c3e7-4408-92bc-572c948a12cf" testName="JilTests.SerializeTests.DiscriminantUnionWithoutUnionType" computerName="SIEBL-4303-04" duration="00:00:00.2210000" startTime="2018-11-11T16:39:28.3086077-06:00" endTime="2018-11-11T16:39:28.3086077-06:00" testType="13cdc9d9-ddb5-4fa4-a97d-d965ccfc6d4b" outcome="Passed" testListId="8c84fa94-04c1-424b-9868-57a2d4851a1d" relativeResultsDirectory="13cdad77-0516-40e6-8daa-4c83bba729ed" /><UnitTestResult executionId="570759ee-412e-498d-a2d1-6faaae927f58" testId="b72f14d5-dee1-4b03-b6fa-c9a755e4b99e" testName="JilTests.DynamicSerializationTests.PersonElasticMigration" computerName="SIEBL-4303-04" duration="00:00:00.0250000" startTime="2018-11-11T16:39:18.1943390-06:00" endTime="2018-11-11T16:39:18.1943390-06:00" testType="13cdc9d9-ddb5-4fa4-a97d-d965ccfc6d4b" outcome="Passed" testListId="8c84fa94-04c1-424b-9868-57a2d4851a1d" relativeResultsDirectory="570759ee-412e-498d-a2d1-6faaae927f58" /><UnitTestResult executionId="2087bd8f-6229-4bc5-92e6-88cf8e0ef17d" testId="ec71cca2-ec40-4167-9431-c29cd86baac9" testName="JilTests.DeserializeDynamicTests.Or" computerName="SIEBL-4303-04" duration="00:00:00.0310000" startTime="2018-11-11T16:39:18.7210892-06:00" endTime="2018-11-11T16:39:18.7210892-06:00" testType="13cdc9d9-ddb5-4fa4-a97d-d965ccfc6d4b" outcome="Passed" testListId="8c84fa94-04c1-424b-9868-57a2d4851a1d" relativeResultsDirectory="2087bd8f-6229-4bc5-92e6-88cf8e0ef17d" /><UnitTestResult executionId="66bec9ef-92f5-441f-b08a-112dcba90e71" testId="c134012f-2a86-4c44-a440-9ebf574b3174" testName="JilTests.DeserializeDynamicTests.Negate" computerName="SIEBL-4303-04" duration="00:00:00.0040000" startTime="2018-11-11T16:39:18.5499748-06:00" endTime="2018-11-11T16:39:18.5499748-06:00" testType="13cdc9d9-ddb5-4fa4-a97d-d965ccfc6d4b" outcome="Passed" testListId="8c84fa94-04c1-424b-9868-57a2d4851a1d" relativeResultsDirectory="66bec9ef-92f5-441f-b08a-112dcba90e71" /><UnitTestResult executionId="68ed8eb8-5e3e-4f2e-b6d5-7cb004fed263" testId="68c3b554-25f1-4f31-956c-6093eba57787" testName="JilTests.DeserializeTests.Issue117_SByte" computerName="SIEBL-4303-04" duration="00:00:00.0040000" startTime="2018-11-11T16:39:31.3994746-06:00" endTime="2018-11-11T16:39:31.3994746-06:00" testType="13cdc9d9-ddb5-4fa4-a97d-d965ccfc6d4b" outcome="Passed" testListId="8c84fa94-04c1-424b-9868-57a2d4851a1d" relativeResultsDirectory="68ed8eb8-5e3e-4f2e-b6d5-7cb004fed263" /><UnitTestResult executionId="06ba5519-e2b8-49f2-90c3-be23af2e413e" testId="e13cb5fe-c033-490b-9558-f8a2f957c3bc" testName="JilTests.DeserializeDynamicTests.Add" computerName="SIEBL-4303-04" duration="00:00:00.0050000" startTime="2018-11-11T16:39:18.7752367-06:00" endTime="2018-11-11T16:39:18.7752367-06:00" testType="13cdc9d9-ddb5-4fa4-a97d-d965ccfc6d4b" outcome="Passed" testListId="8c84fa94-04c1-424b-9868-57a2d4851a1d" relativeResultsDirectory="06ba5519-e2b8-49f2-90c3-be23af2e413e" /><UnitTestResult executionId="2b553825-04a4-4bbb-ac71-474524ccdfb2" testId="7ed5c413-a411-4cf8-8f35-0d8b6ae83b8f" testName="JilTests.DeserializeTests.Issue86" computerName="SIEBL-4303-04" duration="00:00:00.0130000" startTime="2018-11-11T16:39:30.6259600-06:00" endTime="2018-11-11T16:39:30.6259600-06:00" testType="13cdc9d9-ddb5-4fa4-a97d-d965ccfc6d4b" outcome="Passed" testListId="8c84fa94-04c1-424b-9868-57a2d4851a1d" relativeResultsDirectory="2b553825-04a4-4bbb-ac71-474524ccdfb2" /><UnitTestResult executionId="a1f2c0a8-5975-47bb-8a71-54bced5baf76" testId="165a7b20-6f12-47c7-8874-b534557a80d9" testName="JilTests.DeserializeTests.Issue117_Short" computerName="SIEBL-4303-04" duration="00:00:00.0040000" startTime="2018-11-11T16:39:31.3764596-06:00" endTime="2018-11-11T16:39:31.3764596-06:00" testType="13cdc9d9-ddb5-4fa4-a97d-d965ccfc6d4b" outcome="Passed" testListId="8c84fa94-04c1-424b-9868-57a2d4851a1d" relativeResultsDirectory="a1f2c0a8-5975-47bb-8a71-54bced5baf76" /><UnitTestResult executionId="b9f5eedc-a635-451e-9aee-a61fcfb12581" testId="2b641178-04ab-4e2b-b78b-42dffd4ebec6" testName="JilTests.DeserializeDynamicTests.TrickyNumbers" computerName="SIEBL-4303-04" duration="00:00:00.0080000" startTime="2018-11-11T16:39:18.5529774-06:00" endTime="2018-11-11T16:39:18.5529774-06:00" testType="13cdc9d9-ddb5-4fa4-a97d-d965ccfc6d4b" outcome="Passed" testListId="8c84fa94-04c1-424b-9868-57a2d4851a1d" relativeResultsDirectory="b9f5eedc-a635-451e-9aee-a61fcfb12581" /><UnitTestResult executionId="d422c381-347f-4876-961f-a405bbae01f7" testId="b2bda0ca-6b31-4049-9663-b344df3ed5ff" testName="JilTests.DeserializeTests.Issue117_UShort" computerName="SIEBL-4303-04" duration="00:00:00.0030000" startTime="2018-11-11T16:39:34.7016799-06:00" endTime="2018-11-11T16:39:34.7016799-06:00" testType="13cdc9d9-ddb5-4fa4-a97d-d965ccfc6d4b" outcome="Passed" testListId="8c84fa94-04c1-424b-9868-57a2d4851a1d" relativeResultsDirectory="d422c381-347f-4876-961f-a405bbae01f7" /><UnitTestResult executionId="616aef5e-a421-479e-b988-819fe71be43e" testId="88433e9e-34b3-4fa5-9ede-53cffc294485" testName="JilTests.SerializeTests.Issue151" computerName="SIEBL-4303-04" duration="00:00:00.0050000" startTime="2018-11-11T16:39:29.8387723-06:00" endTime="2018-11-11T16:39:29.8387723-06:00" testType="13cdc9d9-ddb5-4fa4-a97d-d965ccfc6d4b" outcome="Passed" testListId="8c84fa94-04c1-424b-9868-57a2d4851a1d" relativeResultsDirectory="616aef5e-a421-479e-b988-819fe71be43e" /><UnitTestResult executionId="d98e23c7-7578-45a4-806f-5f2a41c67750" testId="3ec70d00-8e11-493b-a2bc-a298ca82a8b3" testName="JilTests.DeserializeTests.UnionMisconfigured" computerName="SIEBL-4303-04" duration="00:00:00.3250000" startTime="2018-11-11T16:39:28.6868610-06:00" endTime="2018-11-11T16:39:28.6868610-06:00" testType="13cdc9d9-ddb5-4fa4-a97d-d965ccfc6d4b" outcome="Passed" testListId="8c84fa94-04c1-424b-9868-57a2d4851a1d" relativeResultsDirectory="d98e23c7-7578-45a4-806f-5f2a41c67750" /><UnitTestResult executionId="3859f184-9a89-422c-bd0e-cedb33bf6d1c" testId="40376a75-4fca-4215-bd01-317b5d500017" testName="JilTests.DeserializeDynamicTests.LongDateTimes" computerName="SIEBL-4303-04" duration="00:00:00.0140000" startTime="2018-11-11T16:39:16.2532821-06:00" endTime="2018-11-11T16:39:16.2532821-06:00" testType="13cdc9d9-ddb5-4fa4-a97d-d965ccfc6d4b" outcome="Passed" testListId="8c84fa94-04c1-424b-9868-57a2d4851a1d" relativeResultsDirectory="3859f184-9a89-422c-bd0e-cedb33bf6d1c" /><UnitTestResult executionId="df23383c-44c1-4c7d-8540-2120c841944b" testId="b696a94a-afbb-4f61-8d5d-6fcd973d800f" testName="JilTests.SerializeTests.InnerLists" computerName="SIEBL-4303-04" duration="00:00:00.0040000" startTime="2018-11-11T16:39:24.0040056-06:00" endTime="2018-11-11T16:39:24.0040056-06:00" testType="13cdc9d9-ddb5-4fa4-a97d-d965ccfc6d4b" outcome="Passed" testListId="8c84fa94-04c1-424b-9868-57a2d4851a1d" relativeResultsDirectory="df23383c-44c1-4c7d-8540-2120c841944b" /><UnitTestResult executionId="6e004921-e0cc-4a40-a8cf-17424283b6d2" testId="f5898d8f-d662-48da-b2b9-b3f64a117ee8" testName="JilTests.DeserializeTests.ISets" computerName="SIEBL-4303-04" duration="00:00:00.1960000" startTime="2018-11-11T16:39:20.7909956-06:00" endTime="2018-11-11T16:39:20.7909956-06:00" testType="13cdc9d9-ddb5-4fa4-a97d-d965ccfc6d4b" outcome="Passed" testListId="8c84fa94-04c1-424b-9868-57a2d4851a1d" relativeResultsDirectory="6e004921-e0cc-4a40-a8cf-17424283b6d2" /><UnitTestResult executionId="8d187e70-5849-45cb-9db1-e33876ab31a0" testId="3588d891-944e-48ec-b31a-100107116d5b" testName="JilTests.SerializeTests.AllocationlessVsNormalDictionaries" computerName="SIEBL-4303-04" duration="00:00:00.0220000" startTime="2018-11-11T16:39:32.7934051-06:00" endTime="2018-11-11T16:39:32.7934051-06:00" testType="13cdc9d9-ddb5-4fa4-a97d-d965ccfc6d4b" outcome="Passed" testListId="8c84fa94-04c1-424b-9868-57a2d4851a1d" relativeResultsDirectory="8d187e70-5849-45cb-9db1-e33876ab31a0" /><UnitTestResult executionId="a4896030-1df9-41bc-8662-e68ab9b1ed45" testId="8ff3029b-fbcb-46ea-9300-028f068232e6" testName="JilTests.DeserializeDynamicTests.ObjectEnumeration" computerName="SIEBL-4303-04" duration="00:00:00.0140000" startTime="2018-11-11T16:39:18.9793735-06:00" endTime="2018-11-11T16:39:18.9793735-06:00" testType="13cdc9d9-ddb5-4fa4-a97d-d965ccfc6d4b" outcome="Passed" testListId="8c84fa94-04c1-424b-9868-57a2d4851a1d" relativeResultsDirectory="a4896030-1df9-41bc-8662-e68ab9b1ed45" /><UnitTestResult executionId="94e28fe8-5396-4694-913e-62cc601ed829" testId="9c45c720-1317-498b-8716-e77405762420" testName="JilTests.UtilsTests.FindRecursiveTypes_ListList" computerName="SIEBL-4303-04" duration="00:00:00.0010000" startTime="2018-11-11T16:39:16.7586196-06:00" endTime="2018-11-11T16:39:16.7586196-06:00" testType="13cdc9d9-ddb5-4fa4-a97d-d965ccfc6d4b" outcome="Passed" testListId="8c84fa94-04c1-424b-9868-57a2d4851a1d" relativeResultsDirectory="94e28fe8-5396-4694-913e-62cc601ed829" /><UnitTestResult executionId="9c8b3acb-a9ca-4c53-8ce5-f48ba363e5d5" testId="e6f7a394-d905-4134-bdd1-6f11e5306ee7" testName="JilTests.DeserializeTests.UnionAttributeError" computerName="SIEBL-4303-04" duration="00:00:00.0150000" startTime="2018-11-11T16:39:24.7885285-06:00" endTime="2018-11-11T16:39:24.7885285-06:00" testType="13cdc9d9-ddb5-4fa4-a97d-d965ccfc6d4b" outcome="Passed" testListId="8c84fa94-04c1-424b-9868-57a2d4851a1d" relativeResultsDirectory="9c8b3acb-a9ca-4c53-8ce5-f48ba363e5d5" /><UnitTestResult executionId="d4705d87-b07a-457d-a725-956536520d95" testId="f58fb102-b73a-4d56-be07-33695ddb7ae3" testName="JilTests.DeserializeDynamicTests.RFC1123" computerName="SIEBL-4303-04" duration="00:00:00.0050000" startTime="2018-11-11T16:39:18.4354999-06:00" endTime="2018-11-11T16:39:18.4354999-06:00" testType="13cdc9d9-ddb5-4fa4-a97d-d965ccfc6d4b" outcome="Passed" testListId="8c84fa94-04c1-424b-9868-57a2d4851a1d" relativeResultsDirectory="d4705d87-b07a-457d-a725-956536520d95" /><UnitTestResult executionId="3704901c-50eb-438c-952c-6bb42c335f4f" testId="2ced3281-499f-4370-ad99-686d1a4f79dc" testName="JilTests.DeserializeTests.Issue117_UInt" computerName="SIEBL-4303-04" duration="00:00:00.0030000" startTime="2018-11-11T16:39:33.3848012-06:00" endTime="2018-11-11T16:39:33.3848012-06:00" testType="13cdc9d9-ddb5-4fa4-a97d-d965ccfc6d4b" outcome="Passed" testListId="8c84fa94-04c1-424b-9868-57a2d4851a1d" relativeResultsDirectory="3704901c-50eb-438c-952c-6bb42c335f4f" /><UnitTestResult executionId="f94d18b2-4f14-487a-b65a-48ccabd3eca5" testId="3ae8ae05-aafa-4732-b3dc-90128bb264c9" testName="JilTests.DeserializeTests.BadDouble(input: &quot;1.2E10E10&quot;, expectedSnippetAfter: &quot;E10&quot;)" computerName="SIEBL-4303-04" duration="00:00:00.0010000" startTime="2018-11-11T16:39:33.0205578-06:00" endTime="2018-11-11T16:39:33.0205578-06:00" testType="13cdc9d9-ddb5-4fa4-a97d-d965ccfc6d4b" outcome="Passed" testListId="8c84fa94-04c1-424b-9868-57a2d4851a1d" relativeResultsDirectory="f94d18b2-4f14-487a-b65a-48ccabd3eca5" /><UnitTestResult executionId="71fe56ee-7094-4937-8bcb-24fd606af3af" testId="1df04a62-a5d8-4cff-bd85-cfa07959b07b" testName="JilTests.DynamicSerializationTests.Issue158" computerName="SIEBL-4303-04" duration="00:00:00.0050000" startTime="2018-11-11T16:39:17.9920927-06:00" endTime="2018-11-11T16:39:17.9920927-06:00" testType="13cdc9d9-ddb5-4fa4-a97d-d965ccfc6d4b" outcome="Passed" testListId="8c84fa94-04c1-424b-9868-57a2d4851a1d" relativeResultsDirectory="71fe56ee-7094-4937-8bcb-24fd606af3af" /><UnitTestResult executionId="dceb28a7-6fcd-44c8-9858-c62d78306ca2" testId="af73c124-46e5-49c3-8d00-9ae16f714f5d" testName="JilTests.DynamicSerializationTests.Issue139" computerName="SIEBL-4303-04" duration="00:00:00.0110000" startTime="2018-11-11T16:39:17.3120673-06:00" endTime="2018-11-11T16:39:17.3120673-06:00" testType="13cdc9d9-ddb5-4fa4-a97d-d965ccfc6d4b" outcome="Passed" testListId="8c84fa94-04c1-424b-9868-57a2d4851a1d" relativeResultsDirectory="dceb28a7-6fcd-44c8-9858-c62d78306ca2" /><UnitTestResult executionId="80c41127-5f09-4d12-b438-1f7b51edbc44" testId="67cbecae-509e-4f68-842b-2641114fafc8" testName="JilTests.SerializeTests.StringsAndChars" computerName="SIEBL-4303-04" duration="00:00:00.0130000" startTime="2018-11-11T16:39:26.4547260-06:00" endTime="2018-11-11T16:39:26.4547260-06:00" testType="13cdc9d9-ddb5-4fa4-a97d-d965ccfc6d4b" outcome="Passed" testListId="8c84fa94-04c1-424b-9868-57a2d4851a1d" relativeResultsDirectory="80c41127-5f09-4d12-b438-1f7b51edbc44" /><UnitTestResult executionId="89b909b5-d391-4e55-b45b-54fa829d390f" testId="d7ad1f7d-0265-42a0-9df5-1bad4639d249" testName="JilTests.SerializeTests.NullableMembers" computerName="SIEBL-4303-04" duration="00:00:00.0180000" startTime="2018-11-11T16:39:26.4407163-06:00" endTime="2018-11-11T16:39:26.4407163-06:00" testType="13cdc9d9-ddb5-4fa4-a97d-d965ccfc6d4b" outcome="Passed" testListId="8c84fa94-04c1-424b-9868-57a2d4851a1d" relativeResultsDirectory="89b909b5-d391-4e55-b45b-54fa829d390f" /><UnitTestResult executionId="04068c8f-2bb4-4448-8898-41fa4dfaacfc" testId="59adcdb1-1218-4c35-a4d0-260345193569" testName="JilTests.DynamicSerializationTests.ExpandoObject" computerName="SIEBL-4303-04" duration="00:00:00.0150000" startTime="2018-11-11T16:39:17.3580980-06:00" endTime="2018-11-11T16:39:17.3580980-06:00" testType="13cdc9d9-ddb5-4fa4-a97d-d965ccfc6d4b" outcome="Passed" testListId="8c84fa94-04c1-424b-9868-57a2d4851a1d" relativeResultsDirectory="04068c8f-2bb4-4448-8898-41fa4dfaacfc" /><UnitTestResult executionId="988b0133-8e9e-49aa-a8fe-5769b8e23914" testId="efa9b71e-b53b-4381-8bd3-1771e308770c" testName="JilTests.DeserializeDynamicTests.Issue117(input: &quot;-12.&quot;, expectedError: &quot;Expected digit&quot;)" computerName="SIEBL-4303-04" duration="00:00:00.0010000" startTime="2018-11-11T16:39:16.2722951-06:00" endTime="2018-11-11T16:39:16.2722951-06:00" testType="13cdc9d9-ddb5-4fa4-a97d-d965ccfc6d4b" outcome="Passed" testListId="8c84fa94-04c1-424b-9868-57a2d4851a1d" relativeResultsDirectory="988b0133-8e9e-49aa-a8fe-5769b8e23914" /><UnitTestResult executionId="cc157ce9-96a3-42e9-9ab4-aeab2f6d7c2b" testId="dca8e92e-8bda-46b8-bbc5-cd16092d862d" testName="JilTests.SerializeTests.NaNFails" computerName="SIEBL-4303-04" duration="00:00:00.0720000" startTime="2018-11-11T16:39:16.7776322-06:00" endTime="2018-11-11T16:39:16.7776322-06:00" testType="13cdc9d9-ddb5-4fa4-a97d-d965ccfc6d4b" outcome="Passed" testListId="8c84fa94-04c1-424b-9868-57a2d4851a1d" relativeResultsDirectory="cc157ce9-96a3-42e9-9ab4-aeab2f6d7c2b" /><UnitTestResult executionId="d1bef4b4-55b1-41aa-89dd-124881f68e78" testId="e70a9514-d831-4ce2-9398-8900cbdb998b" testName="JilTests.DeserializeTests.UShort" computerName="SIEBL-4303-04" duration="00:00:01.1660000" startTime="2018-11-11T16:39:29.8808000-06:00" endTime="2018-11-11T16:39:29.8808000-06:00" testType="13cdc9d9-ddb5-4fa4-a97d-d965ccfc6d4b" outcome="Passed" testListId="8c84fa94-04c1-424b-9868-57a2d4851a1d" relativeResultsDirectory="d1bef4b4-55b1-41aa-89dd-124881f68e78" /><UnitTestResult executionId="dd4bff42-0040-4b96-887e-50bf8e6f951f" testId="aaca2ed3-931f-499b-90db-c723a516f33c" testName="JilTests.DeserializeTests.Issue43" computerName="SIEBL-4303-04" duration="00:00:00.0030000" startTime="2018-11-11T16:39:21.5368942-06:00" endTime="2018-11-11T16:39:21.5368942-06:00" testType="13cdc9d9-ddb5-4fa4-a97d-d965ccfc6d4b" outcome="Passed" testListId="8c84fa94-04c1-424b-9868-57a2d4851a1d" relativeResultsDirectory="dd4bff42-0040-4b96-887e-50bf8e6f951f" /><UnitTestResult executionId="800c952c-1192-4996-ae27-dce89f339bd1" testId="83473951-3f97-451c-a6a7-6d20b4c98b2b" testName="JilTests.DeserializeDynamicTests.Issue117(input: &quot;-1.&quot;, expectedError: &quot;Expected digit&quot;)" computerName="SIEBL-4303-04" duration="00:00:00.0010000" startTime="2018-11-11T16:39:16.2702937-06:00" endTime="2018-11-11T16:39:16.2702937-06:00" testType="13cdc9d9-ddb5-4fa4-a97d-d965ccfc6d4b" outcome="Passed" testListId="8c84fa94-04c1-424b-9868-57a2d4851a1d" relativeResultsDirectory="800c952c-1192-4996-ae27-dce89f339bd1" /><UnitTestResult executionId="94e751ad-0982-41b9-b103-f6f4d21d624f" testId="005552a6-6671-403f-92ff-84efcc017b11" testName="JilTests.SerializeTests.PrimitiveWrappers" computerName="SIEBL-4303-04" duration="00:00:00.0410000" startTime="2018-11-11T16:39:17.1499603-06:00" endTime="2018-11-11T16:39:17.1499603-06:00" testType="13cdc9d9-ddb5-4fa4-a97d-d965ccfc6d4b" outcome="Passed" testListId="8c84fa94-04c1-424b-9868-57a2d4851a1d" relativeResultsDirectory="94e751ad-0982-41b9-b103-f6f4d21d624f" /><UnitTestResult executionId="9807e908-6496-4241-bf4b-840f444a8f65" testId="2ba3ad9b-004c-4adc-bde7-1d5b7d148da4" testName="JilTests.DeserializeDynamicTests.MillisecondDateTimes" computerName="SIEBL-4303-04" duration="00:00:00.0020000" startTime="2018-11-11T16:39:18.6870665-06:00" endTime="2018-11-11T16:39:18.6870665-06:00" testType="13cdc9d9-ddb5-4fa4-a97d-d965ccfc6d4b" outcome="Passed" testListId="8c84fa94-04c1-424b-9868-57a2d4851a1d" relativeResultsDirectory="9807e908-6496-4241-bf4b-840f444a8f65" /><UnitTestResult executionId="1dad1690-16b4-4b29-86a5-66518574b214" testId="d17b2ca7-8c1e-4274-94cc-33822262d562" testName="JilTests.DeserializeTests.UnionTypeIndication" computerName="SIEBL-4303-04" duration="00:00:00.0820000" startTime="2018-11-11T16:39:21.7440306-06:00" endTime="2018-11-11T16:39:21.7440306-06:00" testType="13cdc9d9-ddb5-4fa4-a97d-d965ccfc6d4b" outcome="Passed" testListId="8c84fa94-04c1-424b-9868-57a2d4851a1d" relativeResultsDirectory="1dad1690-16b4-4b29-86a5-66518574b214" /><UnitTestResult executionId="cb5db9cf-4fd8-4ed0-a1d1-222841f89cf2" testId="09c61388-bed6-4852-814a-a4b6578909a9" testName="JilTests.DeserializeTests.ParseISO8601" computerName="SIEBL-4303-04" duration="00:00:00.0100000" startTime="2018-11-11T16:39:22.2237248-06:00" endTime="2018-11-11T16:39:22.2237248-06:00" testType="13cdc9d9-ddb5-4fa4-a97d-d965ccfc6d4b" outcome="Passed" testListId="8c84fa94-04c1-424b-9868-57a2d4851a1d" relativeResultsDirectory="cb5db9cf-4fd8-4ed0-a1d1-222841f89cf2" /><UnitTestResult executionId="ee504350-50b3-40f1-a678-84d664d47a93" testId="cb577a3c-30b5-45c8-93d4-43cc49fa765b" testName="JilTests.SerializeTests.Issue150" computerName="SIEBL-4303-04" duration="00:00:00.1040000" startTime="2018-11-11T16:39:17.3080643-06:00" endTime="2018-11-11T16:39:17.3080643-06:00" testType="13cdc9d9-ddb5-4fa4-a97d-d965ccfc6d4b" outcome="Passed" testListId="8c84fa94-04c1-424b-9868-57a2d4851a1d" relativeResultsDirectory="ee504350-50b3-40f1-a678-84d664d47a93" /><UnitTestResult executionId="b39e0246-70d8-4a2c-b968-e08d848328f5" testId="ef4e2a6c-4372-4ceb-a56a-9990e2447a0a" testName="JilTests.SerializeTests.Issue95" computerName="SIEBL-4303-04" duration="00:00:00.0830000" startTime="2018-11-11T16:39:30.0363965-06:00" endTime="2018-11-11T16:39:30.0363965-06:00" testType="13cdc9d9-ddb5-4fa4-a97d-d965ccfc6d4b" outcome="Passed" testListId="8c84fa94-04c1-424b-9868-57a2d4851a1d" relativeResultsDirectory="b39e0246-70d8-4a2c-b968-e08d848328f5" /><UnitTestResult executionId="924fb59b-e72c-4128-a3b0-987ee53d35db" testId="eb85f203-dad8-414e-a490-94c272b796dd" testName="JilTests.DeserializeTests.MalformedISO8601(dateString: &quot;\&quot;1900-01-01+00:30\&quot;&quot;, expectedError: &quot;Unexpected date string length&quot;)" computerName="SIEBL-4303-04" duration="00:00:00.0010000" startTime="2018-11-11T16:39:15.8600203-06:00" endTime="2018-11-11T16:39:15.8600203-06:00" testType="13cdc9d9-ddb5-4fa4-a97d-d965ccfc6d4b" outcome="Passed" testListId="8c84fa94-04c1-424b-9868-57a2d4851a1d" relativeResultsDirectory="924fb59b-e72c-4128-a3b0-987ee53d35db" /><UnitTestResult executionId="5e9bf22d-7a16-42ef-91fb-c7cf52b4d113" testId="a5ee59d2-4b3d-478d-95eb-e476a472259a" testName="JilTests.DeserializeTests.MicrosoftDateTimeOffsets" computerName="SIEBL-4303-04" duration="00:00:00.0670000" startTime="2018-11-11T16:39:22.3518945-06:00" endTime="2018-11-11T16:39:22.3518945-06:00" testType="13cdc9d9-ddb5-4fa4-a97d-d965ccfc6d4b" outcome="Passed" testListId="8c84fa94-04c1-424b-9868-57a2d4851a1d" relativeResultsDirectory="5e9bf22d-7a16-42ef-91fb-c7cf52b4d113" /><UnitTestResult executionId="01000a2b-987c-404e-9833-d8812a54a298" testId="6c66d5a9-ad2e-432b-99b2-2dbae5fad2eb" testName="JilTests.DeserializeDynamicTests.DateTimeOffsets" computerName="SIEBL-4303-04" duration="00:00:00.0090000" startTime="2018-11-11T16:39:18.4304962-06:00" endTime="2018-11-11T16:39:18.4304962-06:00" testType="13cdc9d9-ddb5-4fa4-a97d-d965ccfc6d4b" outcome="Passed" testListId="8c84fa94-04c1-424b-9868-57a2d4851a1d" relativeResultsDirectory="01000a2b-987c-404e-9833-d8812a54a298" /><UnitTestResult executionId="bfb436a5-fa0c-4f11-9ec7-868edb3227cd" testId="92ff84b6-c9ad-4a98-96c6-ba79d2247ce7" testName="JilTests.DynamicSerializationTests.MicrosoftTimeSpans" computerName="SIEBL-4303-04" duration="00:00:00.0100000" startTime="2018-11-11T16:39:18.1683213-06:00" endTime="2018-11-11T16:39:18.1683213-06:00" testType="13cdc9d9-ddb5-4fa4-a97d-d965ccfc6d4b" outcome="Passed" testListId="8c84fa94-04c1-424b-9868-57a2d4851a1d" relativeResultsDirectory="bfb436a5-fa0c-4f11-9ec7-868edb3227cd" /><UnitTestResult executionId="0aae3b66-81d0-441f-84a6-048f167b7574" testId="776b4aa0-7567-40a3-a917-de4ca143f681" testName="JilTests.DeserializeTests.Issue19" computerName="SIEBL-4303-04" duration="00:00:00.0300000" startTime="2018-11-11T16:39:33.4168226-06:00" endTime="2018-11-11T16:39:33.4168226-06:00" testType="13cdc9d9-ddb5-4fa4-a97d-d965ccfc6d4b" outcome="Passed" testListId="8c84fa94-04c1-424b-9868-57a2d4851a1d" relativeResultsDirectory="0aae3b66-81d0-441f-84a6-048f167b7574" /><UnitTestResult executionId="bffcf2b0-79da-4cb4-8d3b-a363d53f457b" testId="c5785d18-1adf-460c-b145-9daa4a3c2b4c" testName="JilTests.DynamicSerializationTests.Issue150" computerName="SIEBL-4303-04" duration="00:00:00.1330000" startTime="2018-11-11T16:39:18.3264271-06:00" endTime="2018-11-11T16:39:18.3264271-06:00" testType="13cdc9d9-ddb5-4fa4-a97d-d965ccfc6d4b" outcome="Passed" testListId="8c84fa94-04c1-424b-9868-57a2d4851a1d" relativeResultsDirectory="bffcf2b0-79da-4cb4-8d3b-a363d53f457b" /><UnitTestResult executionId="bbdf7362-73b3-47ac-8119-c6afed8243f8" testId="54163276-5193-4fdb-97cf-601db57279c6" testName="JilTests.DeserializeTests.NullEmptyMembers" computerName="SIEBL-4303-04" duration="00:00:00.0530000" startTime="2018-11-11T16:39:20.5928634-06:00" endTime="2018-11-11T16:39:20.5928634-06:00" testType="13cdc9d9-ddb5-4fa4-a97d-d965ccfc6d4b" outcome="Passed" testListId="8c84fa94-04c1-424b-9868-57a2d4851a1d" relativeResultsDirectory="bbdf7362-73b3-47ac-8119-c6afed8243f8" /><UnitTestResult executionId="89b013d4-7237-4373-9268-2015900c8fbc" testId="79cdb536-6194-41d8-b274-c713c63c002b" testName="JilTests.DeserializeTests.MalformedISO8601(dateString: &quot;\&quot;1900-01-01T12:34:56.123456789+00:00\&quot;&quot;, expectedError: &quot;ISO8601 date is too long, expected 33 characters o&quot;...)" computerName="SIEBL-4303-04" duration="00:00:00.0010000" startTime="2018-11-11T16:39:15.8980453-06:00" endTime="2018-11-11T16:39:15.8980453-06:00" testType="13cdc9d9-ddb5-4fa4-a97d-d965ccfc6d4b" outcome="Passed" testListId="8c84fa94-04c1-424b-9868-57a2d4851a1d" relativeResultsDirectory="89b013d4-7237-4373-9268-2015900c8fbc" /><UnitTestResult executionId="03f4fd25-b9c5-4648-b49e-269ef0eb8e5f" testId="bc5c6aea-7f09-4c51-bb64-ca9c463a8984" testName="JilTests.DeserializeTests.LargeCharBuffer" computerName="SIEBL-4303-04" duration="00:00:00.0450000" startTime="2018-11-11T16:39:27.3292788-06:00" endTime="2018-11-11T16:39:27.3292788-06:00" testType="13cdc9d9-ddb5-4fa4-a97d-d965ccfc6d4b" outcome="Passed" testListId="8c84fa94-04c1-424b-9868-57a2d4851a1d" relativeResultsDirectory="03f4fd25-b9c5-4648-b49e-269ef0eb8e5f" /><UnitTestResult executionId="098b5532-59f2-41c3-86f6-895d62f043e8" testId="b708ee3f-bff2-4626-b249-c1d328e0845c" testName="JilTests.SerializeTests.EmptyEnum" computerName="SIEBL-4303-04" duration="00:00:00.0730000" startTime="2018-11-11T16:39:32.2560465-06:00" endTime="2018-11-11T16:39:32.2560465-06:00" testType="13cdc9d9-ddb5-4fa4-a97d-d965ccfc6d4b" outcome="Passed" testListId="8c84fa94-04c1-424b-9868-57a2d4851a1d" relativeResultsDirectory="098b5532-59f2-41c3-86f6-895d62f043e8" /><UnitTestResult executionId="50a28389-4b6f-4d76-a9f6-4d0c3f2237e4" testId="3234ecd2-1ff2-4e10-9eba-8e80514e7bae" testName="JilTests.DeserializeTests.MillisecondDateTimes" computerName="SIEBL-4303-04" duration="00:00:00.0120000" startTime="2018-11-11T16:39:30.6679874-06:00" endTime="2018-11-11T16:39:30.6679874-06:00" testType="13cdc9d9-ddb5-4fa4-a97d-d965ccfc6d4b" outcome="Passed" testListId="8c84fa94-04c1-424b-9868-57a2d4851a1d" relativeResultsDirectory="50a28389-4b6f-4d76-a9f6-4d0c3f2237e4" /><UnitTestResult executionId="64418167-78a4-4888-9a04-56d0fc9b9762" testId="aa0042e0-aa9e-409e-9974-e52eec6d6737" testName="JilTests.DeserializeTests.Zeros" computerName="SIEBL-4303-04" duration="00:00:00.0010000" startTime="2018-11-11T16:39:22.1296587-06:00" endTime="2018-11-11T16:39:22.1296587-06:00" testType="13cdc9d9-ddb5-4fa4-a97d-d965ccfc6d4b" outcome="Passed" testListId="8c84fa94-04c1-424b-9868-57a2d4851a1d" relativeResultsDirectory="64418167-78a4-4888-9a04-56d0fc9b9762" /><UnitTestResult executionId="5d390e5d-140d-48aa-ad84-666d9795c6ee" testId="6bf077ab-0baa-43ea-9fc2-d1d1eb6c2998" testName="JilTests.DeserializeTests.SBytes" computerName="SIEBL-4303-04" duration="00:00:00.0100000" startTime="2018-11-11T16:39:30.6369661-06:00" endTime="2018-11-11T16:39:30.6369661-06:00" testType="13cdc9d9-ddb5-4fa4-a97d-d965ccfc6d4b" outcome="Passed" testListId="8c84fa94-04c1-424b-9868-57a2d4851a1d" relativeResultsDirectory="5d390e5d-140d-48aa-ad84-666d9795c6ee" /><UnitTestResult executionId="c2326b92-eccc-45b2-a38b-ee500d459a1d" testId="64dd8a7c-6b55-4915-9db7-2a104e846f8c" testName="JilTests.DeserializeTests.Surrogates" computerName="SIEBL-4303-04" duration="00:00:00.0010000" startTime="2018-11-11T16:39:34.1553156-06:00" endTime="2018-11-11T16:39:34.1553156-06:00" testType="13cdc9d9-ddb5-4fa4-a97d-d965ccfc6d4b" outcome="Passed" testListId="8c84fa94-04c1-424b-9868-57a2d4851a1d" relativeResultsDirectory="c2326b92-eccc-45b2-a38b-ee500d459a1d" /><UnitTestResult executionId="86cdf06e-42fc-4244-a272-63126fc872aa" testId="cc38f37a-1a05-4c69-bd46-6afdfea87e29" testName="JilTests.SerializeTests.Issue27" computerName="SIEBL-4303-04" duration="00:00:00.0090000" startTime="2018-11-11T16:39:23.9528273-06:00" endTime="2018-11-11T16:39:23.9528273-06:00" testType="13cdc9d9-ddb5-4fa4-a97d-d965ccfc6d4b" outcome="Passed" testListId="8c84fa94-04c1-424b-9868-57a2d4851a1d" relativeResultsDirectory="86cdf06e-42fc-4244-a272-63126fc872aa" /><UnitTestResult executionId="defa0de9-969e-4fff-a6dd-62c9f8dd6254" testId="8abcec7f-d796-4c4f-9c0e-e7a85fa5d142" testName="JilTests.SerializeTests.DoubleConstantWeirdCulture" computerName="SIEBL-4303-04" duration="00:00:00.0040000" startTime="2018-11-11T16:39:32.1499757-06:00" endTime="2018-11-11T16:39:32.1499757-06:00" testType="13cdc9d9-ddb5-4fa4-a97d-d965ccfc6d4b" outcome="Passed" testListId="8c84fa94-04c1-424b-9868-57a2d4851a1d" relativeResultsDirectory="defa0de9-969e-4fff-a6dd-62c9f8dd6254" /><UnitTestResult executionId="4cd8d9e3-3e6b-49bd-b0f5-ff15458a7e98" testId="4568587e-c943-412f-a112-ffc7bafc7157" testName="JilTests.DeserializeTests.BadDouble(input: &quot;1.2E++10&quot;, expectedSnippetAfter: &quot;+10&quot;)" computerName="SIEBL-4303-04" duration="00:00:00.0010000" startTime="2018-11-11T16:39:33.0185565-06:00" endTime="2018-11-11T16:39:33.0185565-06:00" testType="13cdc9d9-ddb5-4fa4-a97d-d965ccfc6d4b" outcome="Passed" testListId="8c84fa94-04c1-424b-9868-57a2d4851a1d" relativeResultsDirectory="4cd8d9e3-3e6b-49bd-b0f5-ff15458a7e98" /><UnitTestResult executionId="dcd556d9-2762-4df8-8c4c-e4438bd5eed4" testId="c3673717-5cd4-4a7c-8cbc-823feeb0e058" testName="JilTests.DeserializeTests.MalformedISO8601(dateString: &quot;\&quot;1999-W00\&quot;&quot;, expectedError: &quot;Expected week to be between 01 and 53&quot;)" computerName="SIEBL-4303-04" duration="00:00:00.0010000" startTime="2018-11-11T16:39:15.8890393-06:00" endTime="2018-11-11T16:39:15.8890393-06:00" testType="13cdc9d9-ddb5-4fa4-a97d-d965ccfc6d4b" outcome="Passed" testListId="8c84fa94-04c1-424b-9868-57a2d4851a1d" relativeResultsDirectory="dcd556d9-2762-4df8-8c4c-e4438bd5eed4" /><UnitTestResult executionId="0e0aa646-50f3-4c4c-8757-d3c07fd8c6a3" testId="1bd3cd36-033c-4811-835c-42d7cee75b73" testName="JilTests.DeserializeDynamicTests.EnumMemberAttributeOverride" computerName="SIEBL-4303-04" duration="00:00:00.0150000" startTime="2018-11-11T16:39:19.0914468-06:00" endTime="2018-11-11T16:39:19.0914468-06:00" testType="13cdc9d9-ddb5-4fa4-a97d-d965ccfc6d4b" outcome="Passed" testListId="8c84fa94-04c1-424b-9868-57a2d4851a1d" relativeResultsDirectory="0e0aa646-50f3-4c4c-8757-d3c07fd8c6a3" /><UnitTestResult executionId="a9f01c75-81a4-463e-8bfc-dc06b1fbbf56" testId="76ce8d16-6570-4451-bc7a-eb52f243f291" testName="JilTests.DeserializeTests.ConvertEnumsToPrimitives" computerName="SIEBL-4303-04" duration="00:00:00.9490000" startTime="2018-11-11T16:39:23.3214056-06:00" endTime="2018-11-11T16:39:23.3214056-06:00" testType="13cdc9d9-ddb5-4fa4-a97d-d965ccfc6d4b" outcome="Passed" testListId="8c84fa94-04c1-424b-9868-57a2d4851a1d" relativeResultsDirectory="a9f01c75-81a4-463e-8bfc-dc06b1fbbf56" /><UnitTestResult executionId="7454ae2e-600c-47e5-953a-9ee1053253d6" testId="b35649f1-3312-4dd8-9154-becbada511a5" testName="JilTests.DeserializeTests.IDictionaryIntToInt" computerName="SIEBL-4303-04" duration="00:00:00.0150000" startTime="2018-11-11T16:39:34.4375036-06:00" endTime="2018-11-11T16:39:34.4375036-06:00" testType="13cdc9d9-ddb5-4fa4-a97d-d965ccfc6d4b" outcome="Passed" testListId="8c84fa94-04c1-424b-9868-57a2d4851a1d" relativeResultsDirectory="7454ae2e-600c-47e5-953a-9ee1053253d6" /><UnitTestResult executionId="335e8d8a-8f64-4338-b678-143d55d7991f" testId="b557d4ae-2b14-4fa1-b228-53b0e6e170fb" testName="JilTests.DeserializeTests.Issue117_Int" computerName="SIEBL-4303-04" duration="00:00:00.0100000" startTime="2018-11-11T16:39:30.8350983-06:00" endTime="2018-11-11T16:39:30.8350983-06:00" testType="13cdc9d9-ddb5-4fa4-a97d-d965ccfc6d4b" outcome="Passed" testListId="8c84fa94-04c1-424b-9868-57a2d4851a1d" relativeResultsDirectory="335e8d8a-8f64-4338-b678-143d55d7991f" /><UnitTestResult executionId="9b4f6fe8-d192-4283-b14f-2c7fe3e1229f" testId="200d3c6d-9323-438f-b77f-970d61721f62" testName="JilTests.DeserializeTests.IReadOnlyListMember" computerName="SIEBL-4303-04" duration="00:00:00.0790000" startTime="2018-11-11T16:39:27.2760309-06:00" endTime="2018-11-11T16:39:27.2760309-06:00" testType="13cdc9d9-ddb5-4fa4-a97d-d965ccfc6d4b" outcome="Passed" testListId="8c84fa94-04c1-424b-9868-57a2d4851a1d" relativeResultsDirectory="9b4f6fe8-d192-4283-b14f-2c7fe3e1229f" /><UnitTestResult executionId="9e5429e6-93ad-42dc-8681-0f85bc4d1d4a" testId="a3f97cd4-afb9-4c60-8c68-ffe9d1388bbd" testName="JilTests.SerializeTests.DictionaryValueType" computerName="SIEBL-4303-04" duration="00:00:00.0450000" startTime="2018-11-11T16:39:23.9978576-06:00" endTime="2018-11-11T16:39:23.9978576-06:00" testType="13cdc9d9-ddb5-4fa4-a97d-d965ccfc6d4b" outcome="Passed" testListId="8c84fa94-04c1-424b-9868-57a2d4851a1d" relativeResultsDirectory="9e5429e6-93ad-42dc-8681-0f85bc4d1d4a" /><UnitTestResult executionId="ae55f247-dac5-4d1d-93c0-8322a132db10" testId="317eb5fc-d537-42cd-9068-fccbda67ac3f" testName="JilTests.DeserializeTests.DynamicMembers" computerName="SIEBL-4303-04" duration="00:00:00.0480000" startTime="2018-11-11T16:39:18.3834652-06:00" endTime="2018-11-11T16:39:18.3834652-06:00" testType="13cdc9d9-ddb5-4fa4-a97d-d965ccfc6d4b" outcome="Passed" testListId="8c84fa94-04c1-424b-9868-57a2d4851a1d" relativeResultsDirectory="ae55f247-dac5-4d1d-93c0-8322a132db10" /><UnitTestResult executionId="9487a17d-201f-4785-b3f7-50aba9149751" testId="224237cd-7f98-4529-91f8-6010fed88728" testName="JilTests.DeserializeTests.UInts" computerName="SIEBL-4303-04" duration="00:00:00.0020000" startTime="2018-11-11T16:39:27.0839027-06:00" endTime="2018-11-11T16:39:27.0839027-06:00" testType="13cdc9d9-ddb5-4fa4-a97d-d965ccfc6d4b" outcome="Passed" testListId="8c84fa94-04c1-424b-9868-57a2d4851a1d" relativeResultsDirectory="9487a17d-201f-4785-b3f7-50aba9149751" /><UnitTestResult executionId="117a59d9-96bc-40ea-be27-61f81436225d" testId="6f6fcb06-aea0-41c1-8648-1fff8829df07" testName="JilTests.DeserializeDynamicTests.TimeSpans_ISO8601" computerName="SIEBL-4303-04" duration="00:00:00.0850000" startTime="2018-11-11T16:39:19.0764368-06:00" endTime="2018-11-11T16:39:19.0764368-06:00" testType="13cdc9d9-ddb5-4fa4-a97d-d965ccfc6d4b" outcome="Passed" testListId="8c84fa94-04c1-424b-9868-57a2d4851a1d" relativeResultsDirectory="117a59d9-96bc-40ea-be27-61f81436225d" /><UnitTestResult executionId="35ef1488-4cf6-4083-843e-7e7296fcc533" testId="13e7ac64-2368-46d2-a239-02fd458b06a0" testName="JilTests.SerializeTests.ISO8601TimeSpans" computerName="SIEBL-4303-04" duration="00:00:00.0090000" startTime="2018-11-11T16:39:26.3856796-06:00" endTime="2018-11-11T16:39:26.3856796-06:00" testType="13cdc9d9-ddb5-4fa4-a97d-d965ccfc6d4b" outcome="Passed" testListId="8c84fa94-04c1-424b-9868-57a2d4851a1d" relativeResultsDirectory="35ef1488-4cf6-4083-843e-7e7296fcc533" /><UnitTestResult executionId="a9839b3f-fa65-4382-a1fb-811a98feb559" testId="1d694f66-e4a4-47f7-a1d5-b7a14c30beb9" testName="JilTests.SerializeTests.ISO8601WithOffset" computerName="SIEBL-4303-04" duration="00:00:00.0380000" startTime="2018-11-11T16:39:23.7627001-06:00" endTime="2018-11-11T16:39:23.7627001-06:00" testType="13cdc9d9-ddb5-4fa4-a97d-d965ccfc6d4b" outcome="Passed" testListId="8c84fa94-04c1-424b-9868-57a2d4851a1d" relativeResultsDirectory="a9839b3f-fa65-4382-a1fb-811a98feb559" /><UnitTestResult executionId="5817a5a8-6c5d-483b-9ab1-ff3b91e8a367" testId="1d8b800c-b323-44d1-9fdd-a49c4081d654" testName="JilTests.DynamicSerializationTests.ISO8601TimeSpans" computerName="SIEBL-4303-04" duration="00:00:00.0210000" startTime="2018-11-11T16:39:17.5558215-06:00" endTime="2018-11-11T16:39:17.5558215-06:00" testType="13cdc9d9-ddb5-4fa4-a97d-d965ccfc6d4b" outcome="Failed" testListId="8c84fa94-04c1-424b-9868-57a2d4851a1d" relativeResultsDirectory="5817a5a8-6c5d-483b-9ab1-ff3b91e8a367"><Output><ErrorInfo><Message>Assert.Equal() Failure&#xD;
                          ↓ (pos 16)&#xD;
Expected: -P5562543DT5H13M&#xD;
Actual:   -P5562543DT5H13M0S&#xD;
                          ↑ (pos 16)</Message><StackTrace>   at JilTests.DynamicSerializationTests.ISO8601TimeSpans() in C:\Users\dt-impact\ftsubs\mstest\kevin-montrose_Jil-8a5af0f\JilTests\DynamicSerializationTests.cs:line 1092</StackTrace></ErrorInfo></Output></UnitTestResult><UnitTestResult executionId="16715bdc-cabf-417c-955b-8082d7f2e9fb" testId="f0da9d43-390b-4dc4-ba65-6b5b018e41a6" testName="JilTests.UtilsTests.FindReusedTypes_ListList" computerName="SIEBL-4303-04" duration="00:00:00.0030000" startTime="2018-11-11T16:39:15.7429418-06:00" endTime="2018-11-11T16:39:15.7429418-06:00" testType="13cdc9d9-ddb5-4fa4-a97d-d965ccfc6d4b" outcome="Passed" testListId="8c84fa94-04c1-424b-9868-57a2d4851a1d" relativeResultsDirectory="16715bdc-cabf-417c-955b-8082d7f2e9fb" /><UnitTestResult executionId="151efbb2-b3c3-461f-b970-ae68ab84a97b" testId="efd50759-dc67-44b6-b65d-f47164f21c5e" testName="JilTests.DeserializeTests.NewtsoftDateTimes" computerName="SIEBL-4303-04" duration="00:00:00.0010000" startTime="2018-11-11T16:39:33.4178232-06:00" endTime="2018-11-11T16:39:33.4178232-06:00" testType="13cdc9d9-ddb5-4fa4-a97d-d965ccfc6d4b" outcome="Passed" testListId="8c84fa94-04c1-424b-9868-57a2d4851a1d" relativeResultsDirectory="151efbb2-b3c3-461f-b970-ae68ab84a97b" /><UnitTestResult executionId="47e4a50b-fce6-4429-bba5-c4ecd20c795f" testId="1a19f641-e046-43bb-92ca-36ab352b51d9" testName="JilTests.DeserializeDynamicTests.Indexer" computerName="SIEBL-4303-04" duration="00:00:00.0230000" startTime="2018-11-11T16:39:18.4214896-06:00" endTime="2018-11-11T16:39:18.4214896-06:00" testType="13cdc9d9-ddb5-4fa4-a97d-d965ccfc6d4b" outcome="Passed" testListId="8c84fa94-04c1-424b-9868-57a2d4851a1d" relativeResultsDirectory="47e4a50b-fce6-4429-bba5-c4ecd20c795f" /><UnitTestResult executionId="ad3ffbe9-0a1d-4931-b449-aeeaba5f54dc" testId="8c0d81e2-b44b-4c86-af27-f6941aee2112" testName="JilTests.SerializeTests.NullablePrimitives" computerName="SIEBL-4303-04" duration="00:00:00.3190000" startTime="2018-11-11T16:39:17.1081849-06:00" endTime="2018-11-11T16:39:17.1081849-06:00" testType="13cdc9d9-ddb5-4fa4-a97d-d965ccfc6d4b" outcome="Passed" testListId="8c84fa94-04c1-424b-9868-57a2d4851a1d" relativeResultsDirectory="ad3ffbe9-0a1d-4931-b449-aeeaba5f54dc" /><UnitTestResult executionId="7c1d4582-b4d9-4483-9902-a09d250d6655" testId="0f814496-9a5b-481a-8122-92ac91c8e3e1" testName="JilTests.DeserializeTests.EmptyArrayWithSpace" computerName="SIEBL-4303-04" duration="00:00:00.0080000" startTime="2018-11-11T16:39:34.1623200-06:00" endTime="2018-11-11T16:39:34.1623200-06:00" testType="13cdc9d9-ddb5-4fa4-a97d-d965ccfc6d4b" outcome="Passed" testListId="8c84fa94-04c1-424b-9868-57a2d4851a1d" relativeResultsDirectory="7c1d4582-b4d9-4483-9902-a09d250d6655" /><UnitTestResult executionId="38d958bd-575f-42a8-9884-864b83a7a850" testId="f7a8d25b-6241-4e39-8505-8dea66744e0e" testName="JilTests.DynamicSerializationTests.ISO8601DateTimeOffsetSelfRoundtrip" computerName="SIEBL-4303-04" duration="00:00:00.0110000" startTime="2018-11-11T16:39:18.1583140-06:00" endTime="2018-11-11T16:39:18.1583140-06:00" testType="13cdc9d9-ddb5-4fa4-a97d-d965ccfc6d4b" outcome="Passed" testListId="8c84fa94-04c1-424b-9868-57a2d4851a1d" relativeResultsDirectory="38d958bd-575f-42a8-9884-864b83a7a850" /><UnitTestResult executionId="37103e9a-c88c-41d3-a48d-2937ce3f2b1d" testId="41733cd4-d6d4-4039-9627-3e6b752c4087" testName="JilTests.DeserializeTests.EmptyAnonymousObject" computerName="SIEBL-4303-04" duration="00:00:00.0090000" startTime="2018-11-11T16:39:34.7717257-06:00" endTime="2018-11-11T16:39:34.7717257-06:00" testType="13cdc9d9-ddb5-4fa4-a97d-d965ccfc6d4b" outcome="Passed" testListId="8c84fa94-04c1-424b-9868-57a2d4851a1d" relativeResultsDirectory="37103e9a-c88c-41d3-a48d-2937ce3f2b1d" /><UnitTestResult executionId="14529c69-0eb3-4793-8beb-e8ff4b31b903" testId="2cd12e65-9010-4e82-af50-ffcf3b944c52" testName="JilTests.DynamicSerializationTests.MicrosoftDateTimeOffsetSelfRoundtrip" computerName="SIEBL-4303-04" duration="00:00:00.9810000" startTime="2018-11-11T16:39:16.5935091-06:00" endTime="2018-11-11T16:39:16.5935091-06:00" testType="13cdc9d9-ddb5-4fa4-a97d-d965ccfc6d4b" outcome="Passed" testListId="8c84fa94-04c1-424b-9868-57a2d4851a1d" relativeResultsDirectory="14529c69-0eb3-4793-8beb-e8ff4b31b903" /><UnitTestResult executionId="9df440a0-c0ba-42a2-8b43-de84901ec4d7" testId="89b74017-4ce2-47a6-8926-367a0cfa94db" testName="JilTests.DeserializeTests.MalformedISO8601(dateString: &quot;\&quot;1999W54\&quot;&quot;, expectedError: &quot;Expected week to be between 01 and 53&quot;)" computerName="SIEBL-4303-04" duration="00:00:00.0010000" startTime="2018-11-11T16:39:15.9480784-06:00" endTime="2018-11-11T16:39:15.9480784-06:00" testType="13cdc9d9-ddb5-4fa4-a97d-d965ccfc6d4b" outcome="Passed" testListId="8c84fa94-04c1-424b-9868-57a2d4851a1d" relativeResultsDirectory="9df440a0-c0ba-42a2-8b43-de84901ec4d7" /><UnitTestResult executionId="26a9b1ae-c1db-4d40-a057-e18ae221f93d" testId="718101cb-cf7e-4e5c-b0c1-dd5d735d74f3" testName="JilTests.DeserializeTests.AnonObjects" computerName="SIEBL-4303-04" duration="00:00:00.4250000" startTime="2018-11-11T16:39:21.2593078-06:00" endTime="2018-11-11T16:39:21.2593078-06:00" testType="13cdc9d9-ddb5-4fa4-a97d-d965ccfc6d4b" outcome="Passed" testListId="8c84fa94-04c1-424b-9868-57a2d4851a1d" relativeResultsDirectory="26a9b1ae-c1db-4d40-a057-e18ae221f93d" /><UnitTestResult executionId="40a845fb-8916-4990-a60d-3599b5b30e57" testId="e95cf34b-078f-4406-9ee9-e795e18eba73" testName="JilTests.DeserializeTests.IEnumerableMember" computerName="SIEBL-4303-04" duration="00:00:00.0580000" startTime="2018-11-11T16:39:33.3127531-06:00" endTime="2018-11-11T16:39:33.3127531-06:00" testType="13cdc9d9-ddb5-4fa4-a97d-d965ccfc6d4b" outcome="Passed" testListId="8c84fa94-04c1-424b-9868-57a2d4851a1d" relativeResultsDirectory="40a845fb-8916-4990-a60d-3599b5b30e57" /><UnitTestResult executionId="72f6fe76-b42f-4102-8e9c-117d30f34fe9" testId="0f6e4940-0a9c-4b35-a924-2747334c3103" testName="JilTests.DeserializeTests.Issue143DateTime" computerName="SIEBL-4303-04" duration="00:00:00.0010000" startTime="2018-11-11T16:39:21.7600431-06:00" endTime="2018-11-11T16:39:21.7600431-06:00" testType="13cdc9d9-ddb5-4fa4-a97d-d965ccfc6d4b" outcome="Passed" testListId="8c84fa94-04c1-424b-9868-57a2d4851a1d" relativeResultsDirectory="72f6fe76-b42f-4102-8e9c-117d30f34fe9" /><UnitTestResult executionId="341a2d2f-be28-4b71-a9c3-038ef927c29d" testId="6274b6ba-3d0c-43fa-8ee7-8b822c1da381" testName="JilTests.SerializeTests.DoubleWeirdCulture" computerName="SIEBL-4303-04" duration="00:00:00.0490000" startTime="2018-11-11T16:39:23.7256760-06:00" endTime="2018-11-11T16:39:23.7256760-06:00" testType="13cdc9d9-ddb5-4fa4-a97d-d965ccfc6d4b" outcome="Passed" testListId="8c84fa94-04c1-424b-9868-57a2d4851a1d" relativeResultsDirectory="341a2d2f-be28-4b71-a9c3-038ef927c29d" /><UnitTestResult executionId="fc75172d-bc7b-486c-a6f6-f9fc66c9c241" testId="655b9763-9c5b-4086-8570-d4561ce7addb" testName="JilTests.DeserializeTests.SecondsTimeSpan" computerName="SIEBL-4303-04" duration="00:00:00.0160000" startTime="2018-11-11T16:39:27.3562953-06:00" endTime="2018-11-11T16:39:27.3562953-06:00" testType="13cdc9d9-ddb5-4fa4-a97d-d965ccfc6d4b" outcome="Passed" testListId="8c84fa94-04c1-424b-9868-57a2d4851a1d" relativeResultsDirectory="fc75172d-bc7b-486c-a6f6-f9fc66c9c241" /><UnitTestResult executionId="fec8cddc-a9db-48cb-94dd-0c844f7bed7e" testId="8f6a0c76-edf1-4795-96fd-32fbd0e86a79" testName="JilTests.DeserializeTests.RecursiveObjects" computerName="SIEBL-4303-04" duration="00:00:00.0280000" startTime="2018-11-11T16:39:28.1464995-06:00" endTime="2018-11-11T16:39:28.1464995-06:00" testType="13cdc9d9-ddb5-4fa4-a97d-d965ccfc6d4b" outcome="Passed" testListId="8c84fa94-04c1-424b-9868-57a2d4851a1d" relativeResultsDirectory="fec8cddc-a9db-48cb-94dd-0c844f7bed7e" /><UnitTestResult executionId="c673787d-2843-445f-b8de-8f1551bc7a24" testId="2faf1e1a-a1a7-4a51-9360-46ad4046266c" testName="JilTests.DeserializeDynamicTests.UnaryPlus" computerName="SIEBL-4303-04" duration="00:00:00.0050000" startTime="2018-11-11T16:39:19.6099511-06:00" endTime="2018-11-11T16:39:19.6099511-06:00" testType="13cdc9d9-ddb5-4fa4-a97d-d965ccfc6d4b" outcome="Passed" testListId="8c84fa94-04c1-424b-9868-57a2d4851a1d" relativeResultsDirectory="c673787d-2843-445f-b8de-8f1551bc7a24" /><UnitTestResult executionId="fa43f5c2-f126-4e1b-b984-324d72ab2342" testId="f756dd1f-cb3b-4e86-8e77-7bcbff06fecb" testName="JilTests.DeserializeTests.ComplicatedDiscriminateUnion" computerName="SIEBL-4303-04" duration="00:00:00.5370000" startTime="2018-11-11T16:39:31.3724569-06:00" endTime="2018-11-11T16:39:31.3724569-06:00" testType="13cdc9d9-ddb5-4fa4-a97d-d965ccfc6d4b" outcome="Passed" testListId="8c84fa94-04c1-424b-9868-57a2d4851a1d" relativeResultsDirectory="fa43f5c2-f126-4e1b-b984-324d72ab2342" /><UnitTestResult executionId="b0f4d9ee-50c8-4af5-92b6-9d8c605b144d" testId="4bd77b5d-611f-4142-91f7-1b43322d3f75" testName="JilTests.DeserializeDynamicTests.Issue61" computerName="SIEBL-4303-04" duration="00:00:00.0090000" startTime="2018-11-11T16:39:18.5405691-06:00" endTime="2018-11-11T16:39:18.5405691-06:00" testType="13cdc9d9-ddb5-4fa4-a97d-d965ccfc6d4b" outcome="Passed" testListId="8c84fa94-04c1-424b-9868-57a2d4851a1d" relativeResultsDirectory="b0f4d9ee-50c8-4af5-92b6-9d8c605b144d" /><UnitTestResult executionId="f5765c80-ecd6-41a6-a450-4bf79283e448" testId="1d60d2d7-2b94-4bf7-ad1c-1352081fda66" testName="JilTests.DeserializeDynamicTests.MicrosoftDateTimesWithTimeZones" computerName="SIEBL-4303-04" duration="00:00:02.1230000" startTime="2018-11-11T16:39:18.3784609-06:00" endTime="2018-11-11T16:39:18.3784609-06:00" testType="13cdc9d9-ddb5-4fa4-a97d-d965ccfc6d4b" outcome="Passed" testListId="8c84fa94-04c1-424b-9868-57a2d4851a1d" relativeResultsDirectory="f5765c80-ecd6-41a6-a450-4bf79283e448" /><UnitTestResult executionId="017d4d93-be50-40c2-bb09-3227e9e94e2a" testId="435bb1fd-7386-4115-b600-f6b362207e66" testName="JilTests.DeserializeDynamicTests.Issue117(input: &quot;01&quot;, expectedError: &quot;Number cannot have leading zeros&quot;)" computerName="SIEBL-4303-04" duration="00:00:00.0010000" startTime="2018-11-11T16:39:16.2662910-06:00" endTime="2018-11-11T16:39:16.2662910-06:00" testType="13cdc9d9-ddb5-4fa4-a97d-d965ccfc6d4b" outcome="Passed" testListId="8c84fa94-04c1-424b-9868-57a2d4851a1d" relativeResultsDirectory="017d4d93-be50-40c2-bb09-3227e9e94e2a" /><UnitTestResult executionId="95d2c3da-69ee-44b7-85c7-d6f51039c49d" testId="9104ff41-e276-4a82-ac92-b5e915c71289" testName="JilTests.SerializeTests.Issue258" computerName="SIEBL-4303-04" duration="00:00:00.0480000" startTime="2018-11-11T16:39:29.9498461-06:00" endTime="2018-11-11T16:39:29.9498461-06:00" testType="13cdc9d9-ddb5-4fa4-a97d-d965ccfc6d4b" outcome="Passed" testListId="8c84fa94-04c1-424b-9868-57a2d4851a1d" relativeResultsDirectory="95d2c3da-69ee-44b7-85c7-d6f51039c49d" /><UnitTestResult executionId="d9bbc48d-6e07-431a-8b29-5458ffd60a04" testId="fc5f11e2-6527-41d3-87f3-99702224d4e6" testName="JilTests.DeserializeDynamicTests.Object" computerName="SIEBL-4303-04" duration="00:00:00.0170000" startTime="2018-11-11T16:39:18.7601162-06:00" endTime="2018-11-11T16:39:18.7601162-06:00" testType="13cdc9d9-ddb5-4fa4-a97d-d965ccfc6d4b" outcome="Passed" testListId="8c84fa94-04c1-424b-9868-57a2d4851a1d" relativeResultsDirectory="d9bbc48d-6e07-431a-8b29-5458ffd60a04" /><UnitTestResult executionId="41d52afd-bacc-437f-8894-bc3323fe1b9f" testId="e7aa3860-9ecb-4375-9041-b27a744b26df" testName="JilTests.SerializeTests.MicrosoftDateTimeOffsets" computerName="SIEBL-4303-04" duration="00:00:00.0010000" startTime="2018-11-11T16:39:28.5047385-06:00" endTime="2018-11-11T16:39:28.5047385-06:00" testType="13cdc9d9-ddb5-4fa4-a97d-d965ccfc6d4b" outcome="Passed" testListId="8c84fa94-04c1-424b-9868-57a2d4851a1d" relativeResultsDirectory="41d52afd-bacc-437f-8894-bc3323fe1b9f" /><UnitTestResult executionId="453c1d5c-029a-413d-9fe1-979ed66e9fc1" testId="89a43b8f-2cc4-4cab-8192-446a4d35bd96" testName="JilTests.SerializeTests.Issue169" computerName="SIEBL-4303-04" duration="00:00:00.0120000" startTime="2018-11-11T16:39:28.0724513-06:00" endTime="2018-11-11T16:39:28.0724513-06:00" testType="13cdc9d9-ddb5-4fa4-a97d-d965ccfc6d4b" outcome="Passed" testListId="8c84fa94-04c1-424b-9868-57a2d4851a1d" relativeResultsDirectory="453c1d5c-029a-413d-9fe1-979ed66e9fc1" /><UnitTestResult executionId="e6d3e620-8fe1-4696-bdc2-2d787faf35a1" testId="04d0cb68-3a81-4f99-908c-3b13e8759629" testName="JilTests.BadlySpecifiedTypeTests.SerializeWriter" computerName="SIEBL-4303-04" duration="00:00:00.0010000" startTime="2018-11-11T16:39:16.1632223-06:00" endTime="2018-11-11T16:39:16.1632223-06:00" testType="13cdc9d9-ddb5-4fa4-a97d-d965ccfc6d4b" outcome="Passed" testListId="8c84fa94-04c1-424b-9868-57a2d4851a1d" relativeResultsDirectory="e6d3e620-8fe1-4696-bdc2-2d787faf35a1" /><UnitTestResult executionId="ee164d7b-8505-473b-bd2d-92b24202c632" testId="5876b27b-2a56-4017-8315-ef8393ec75ab" testName="JilTests.UtilsTests.ConstantFields" computerName="SIEBL-4303-04" duration="00:00:00.0030000" startTime="2018-11-11T16:39:15.7579518-06:00" endTime="2018-11-11T16:39:15.7579518-06:00" testType="13cdc9d9-ddb5-4fa4-a97d-d965ccfc6d4b" outcome="Passed" testListId="8c84fa94-04c1-424b-9868-57a2d4851a1d" relativeResultsDirectory="ee164d7b-8505-473b-bd2d-92b24202c632" /><UnitTestResult executionId="e415919e-2924-4029-b19e-e37f3c1ab713" testId="afab7327-8841-41da-a9c7-e3af8eac45f9" testName="JilTests.UtilsTests.Issue119" computerName="SIEBL-4303-04" duration="00:00:00.0010000" startTime="2018-11-11T16:39:15.7399398-06:00" endTime="2018-11-11T16:39:15.7399398-06:00" testType="13cdc9d9-ddb5-4fa4-a97d-d965ccfc6d4b" outcome="Passed" testListId="8c84fa94-04c1-424b-9868-57a2d4851a1d" relativeResultsDirectory="e415919e-2924-4029-b19e-e37f3c1ab713" /><UnitTestResult executionId="58a03359-10ce-4b38-844b-07cdd6f122ae" testId="474b2980-f430-4f33-b7c8-450a61eebdc9" testName="JilTests.DeserializeTests.Issue235" computerName="SIEBL-4303-04" duration="00:00:00.0010000" startTime="2018-11-11T16:39:34.6536479-06:00" endTime="2018-11-11T16:39:34.6536479-06:00" testType="13cdc9d9-ddb5-4fa4-a97d-d965ccfc6d4b" outcome="Passed" testListId="8c84fa94-04c1-424b-9868-57a2d4851a1d" relativeResultsDirectory="58a03359-10ce-4b38-844b-07cdd6f122ae" /><UnitTestResult executionId="c83eca83-aa05-451a-b4f5-b87027bf15e5" testId="5b47422f-abd0-4131-b664-44092c3702dd" testName="JilTests.DeserializeTests.BadEnum" computerName="SIEBL-4303-04" duration="00:00:00.0570000" startTime="2018-11-11T16:39:34.7587168-06:00" endTime="2018-11-11T16:39:34.7587168-06:00" testType="13cdc9d9-ddb5-4fa4-a97d-d965ccfc6d4b" outcome="Passed" testListId="8c84fa94-04c1-424b-9868-57a2d4851a1d" relativeResultsDirectory="c83eca83-aa05-451a-b4f5-b87027bf15e5" /><UnitTestResult executionId="2826adec-8b98-4a64-951a-ca43820419db" testId="d5f1705c-72e4-4dfa-b79d-a875728dcab1" testName="JilTests.DynamicSerializationTests.RecursiveDynamic" computerName="SIEBL-4303-04" duration="00:00:00.1650000" startTime="2018-11-11T16:39:17.9760820-06:00" endTime="2018-11-11T16:39:17.9760820-06:00" testType="13cdc9d9-ddb5-4fa4-a97d-d965ccfc6d4b" outcome="Passed" testListId="8c84fa94-04c1-424b-9868-57a2d4851a1d" relativeResultsDirectory="2826adec-8b98-4a64-951a-ca43820419db" /><UnitTestResult executionId="b526ab75-53cc-4e84-b25e-d712cff0557f" testId="2e1e1c46-e4f6-4f85-8617-4d319dcc6fa3" testName="JilTests.SerializeTests.BadDictionaryType" computerName="SIEBL-4303-04" duration="00:00:00.0030000" startTime="2018-11-11T16:39:29.9578520-06:00" endTime="2018-11-11T16:39:29.9578520-06:00" testType="13cdc9d9-ddb5-4fa4-a97d-d965ccfc6d4b" outcome="Passed" testListId="8c84fa94-04c1-424b-9868-57a2d4851a1d" relativeResultsDirectory="b526ab75-53cc-4e84-b25e-d712cff0557f" /><UnitTestResult executionId="e3cfc07b-fec7-4f1a-b883-b65ef5583e14" testId="e4d7199e-9a92-4fa4-9a2c-cdf71d1c3d4e" testName="JilTests.DeserializeDynamicTests.Subtract" computerName="SIEBL-4303-04" duration="00:00:00.0080000" startTime="2018-11-11T16:39:19.7220081-06:00" endTime="2018-11-11T16:39:19.7220081-06:00" testType="13cdc9d9-ddb5-4fa4-a97d-d965ccfc6d4b" outcome="Passed" testListId="8c84fa94-04c1-424b-9868-57a2d4851a1d" relativeResultsDirectory="e3cfc07b-fec7-4f1a-b883-b65ef5583e14" /><UnitTestResult executionId="8fe433d6-d215-46f1-ba2c-4ada2416fab2" testId="0aae9671-d397-43c5-acc4-e37869649e34" testName="JilTests.SerializeTests.Issue42" computerName="SIEBL-4303-04" duration="00:00:00.0470000" startTime="2018-11-11T16:39:16.5875051-06:00" endTime="2018-11-11T16:39:16.5875051-06:00" testType="13cdc9d9-ddb5-4fa4-a97d-d965ccfc6d4b" outcome="Passed" testListId="8c84fa94-04c1-424b-9868-57a2d4851a1d" relativeResultsDirectory="8fe433d6-d215-46f1-ba2c-4ada2416fab2" /><UnitTestResult executionId="0389139d-266a-4b42-be48-3750702f698e" testId="5ce1cf38-1e91-42e5-b95b-b770afdb3077" testName="JilTests.DeserializeTests.BadDecimal(input: &quot;1.2E10E10&quot;, expectedSnippetAfter: &quot;E10&quot;)" computerName="SIEBL-4303-04" duration="00:00:00.0010000" startTime="2018-11-11T16:39:26.5918175-06:00" endTime="2018-11-11T16:39:26.5918175-06:00" testType="13cdc9d9-ddb5-4fa4-a97d-d965ccfc6d4b" outcome="Passed" testListId="8c84fa94-04c1-424b-9868-57a2d4851a1d" relativeResultsDirectory="0389139d-266a-4b42-be48-3750702f698e" /><UnitTestResult executionId="e5ec8e6e-d03f-4560-b1d4-89c61ce395fd" testId="ffaaacba-5f80-4f9d-ae63-40ba85745252" testName="JilTests.SerializeTests.DictionaryDictionary" computerName="SIEBL-4303-04" duration="00:00:00.0040000" startTime="2018-11-11T16:39:23.6706387-06:00" endTime="2018-11-11T16:39:23.6706387-06:00" testType="13cdc9d9-ddb5-4fa4-a97d-d965ccfc6d4b" outcome="Passed" testListId="8c84fa94-04c1-424b-9868-57a2d4851a1d" relativeResultsDirectory="e5ec8e6e-d03f-4560-b1d4-89c61ce395fd" /><UnitTestResult executionId="3c4763e7-430e-49b4-96bc-96bbac5f4cde" testId="92843a5c-cf91-4a6a-b3f4-b947bd389d1f" testName="JilTests.DeserializeDynamicTests.NewtsoftDateTimes" computerName="SIEBL-4303-04" duration="00:00:00.0020000" startTime="2018-11-11T16:39:18.7290946-06:00" endTime="2018-11-11T16:39:18.7290946-06:00" testType="13cdc9d9-ddb5-4fa4-a97d-d965ccfc6d4b" outcome="Passed" testListId="8c84fa94-04c1-424b-9868-57a2d4851a1d" relativeResultsDirectory="3c4763e7-430e-49b4-96bc-96bbac5f4cde" /><UnitTestResult executionId="ccc73476-92ce-40d9-8836-80421dcbfa4d" testId="e5b9be4c-e3ce-40cc-b372-fb63bf3974c3" testName="JilTests.SerializeTests.Issue257" computerName="SIEBL-4303-04" duration="00:00:00.1350000" startTime="2018-11-11T16:39:28.6668467-06:00" endTime="2018-11-11T16:39:28.6668467-06:00" testType="13cdc9d9-ddb5-4fa4-a97d-d965ccfc6d4b" outcome="Passed" testListId="8c84fa94-04c1-424b-9868-57a2d4851a1d" relativeResultsDirectory="ccc73476-92ce-40d9-8836-80421dcbfa4d" /><UnitTestResult executionId="a1560dc8-db71-40f8-97ad-e134c388bfc8" testId="25a791d6-b860-4f33-9722-a272b7a4ae64" testName="JilTests.SerializeTests.SimpleObject" computerName="SIEBL-4303-04" duration="00:00:00.2480000" startTime="2018-11-11T16:39:15.9550834-06:00" endTime="2018-11-11T16:39:15.9550834-06:00" testType="13cdc9d9-ddb5-4fa4-a97d-d965ccfc6d4b" outcome="Passed" testListId="8c84fa94-04c1-424b-9868-57a2d4851a1d" relativeResultsDirectory="a1560dc8-db71-40f8-97ad-e134c388bfc8" /><UnitTestResult executionId="80cf30ee-b140-4444-9835-35af3f5047a1" testId="6b03093f-622d-46c3-83ca-81b6020db9d7" testName="JilTests.DeserializeDynamicTests.TimeSpans_Milliseconds" computerName="SIEBL-4303-04" duration="00:00:00.0620000" startTime="2018-11-11T16:39:19.5138861-06:00" endTime="2018-11-11T16:39:19.5138861-06:00" testType="13cdc9d9-ddb5-4fa4-a97d-d965ccfc6d4b" outcome="Passed" testListId="8c84fa94-04c1-424b-9868-57a2d4851a1d" relativeResultsDirectory="80cf30ee-b140-4444-9835-35af3f5047a1" /><UnitTestResult executionId="139d868b-73b8-4879-942a-7672087367fa" testId="4ee1b699-10a9-4ed7-9f5f-7b347b05e111" testName="JilTests.SerializeTests.Issue101" computerName="SIEBL-4303-04" duration="00:00:00.0070000" startTime="2018-11-11T16:39:17.2039952-06:00" endTime="2018-11-11T16:39:17.2039952-06:00" testType="13cdc9d9-ddb5-4fa4-a97d-d965ccfc6d4b" outcome="Passed" testListId="8c84fa94-04c1-424b-9868-57a2d4851a1d" relativeResultsDirectory="139d868b-73b8-4879-942a-7672087367fa" /><UnitTestResult executionId="2a703ce3-c085-4ca5-8c58-69e76cf2fba0" testId="5a2d7339-05c4-49fa-84ce-4bb6fcac422b" testName="JilTests.DeserializeDynamicTests.Issue143TimeSpan" computerName="SIEBL-4303-04" duration="00:00:00.0060000" startTime="2018-11-11T16:39:18.7270929-06:00" endTime="2018-11-11T16:39:18.7270929-06:00" testType="13cdc9d9-ddb5-4fa4-a97d-d965ccfc6d4b" outcome="Passed" testListId="8c84fa94-04c1-424b-9868-57a2d4851a1d" relativeResultsDirectory="2a703ce3-c085-4ca5-8c58-69e76cf2fba0" /><UnitTestResult executionId="e858238a-d846-4bfb-8113-70cc82f4ce56" testId="c1cf7f66-c743-4ead-a42e-fd5768850e2c" testName="JilTests.DeserializeTests.EarlyStreamEnds" computerName="SIEBL-4303-04" duration="00:00:00.0530000" startTime="2018-11-11T16:39:18.7040782-06:00" endTime="2018-11-11T16:39:18.7040782-06:00" testType="13cdc9d9-ddb5-4fa4-a97d-d965ccfc6d4b" outcome="Passed" testListId="8c84fa94-04c1-424b-9868-57a2d4851a1d" relativeResultsDirectory="e858238a-d846-4bfb-8113-70cc82f4ce56" /><UnitTestResult executionId="d7a2720d-fcea-42f3-81b2-df574e6a8a62" testId="246bc1de-703f-4cf8-b8f1-b0ca482c5162" testName="JilTests.DeserializeTests.BadFloat(input: &quot;1.2E10E10&quot;, expectedSnippetAfter: &quot;E10&quot;)" computerName="SIEBL-4303-04" duration="00:00:00.0010000" startTime="2018-11-11T16:39:26.9790759-06:00" endTime="2018-11-11T16:39:26.9790759-06:00" testType="13cdc9d9-ddb5-4fa4-a97d-d965ccfc6d4b" outcome="Passed" testListId="8c84fa94-04c1-424b-9868-57a2d4851a1d" relativeResultsDirectory="d7a2720d-fcea-42f3-81b2-df574e6a8a62" /><UnitTestResult executionId="acaa7d4a-3a97-474f-885b-40b55438f543" testId="241686fb-2b6f-4aaa-bdea-7ab5e653b99f" testName="JilTests.SerializeTests.LessThan100" computerName="SIEBL-4303-04" duration="00:00:00.0010000" startTime="2018-11-11T16:39:26.4247056-06:00" endTime="2018-11-11T16:39:26.4247056-06:00" testType="13cdc9d9-ddb5-4fa4-a97d-d965ccfc6d4b" outcome="Passed" testListId="8c84fa94-04c1-424b-9868-57a2d4851a1d" relativeResultsDirectory="acaa7d4a-3a97-474f-885b-40b55438f543" /><UnitTestResult executionId="4905d3d3-155e-4ed3-92b0-044e416a6deb" testId="3073ce52-5b81-4e6b-be0f-1de820407496" testName="JilTests.UtilsTests.FindReusedTypes_DictDict" computerName="SIEBL-4303-04" duration="00:00:00.0010000" startTime="2018-11-11T16:39:16.7576189-06:00" endTime="2018-11-11T16:39:16.7576189-06:00" testType="13cdc9d9-ddb5-4fa4-a97d-d965ccfc6d4b" outcome="Passed" testListId="8c84fa94-04c1-424b-9868-57a2d4851a1d" relativeResultsDirectory="4905d3d3-155e-4ed3-92b0-044e416a6deb" /><UnitTestResult executionId="b76b55f5-253b-4e7e-8751-b3a784b2c08a" testId="9517b1dd-0b53-4a08-b251-1e9f63890d48" testName="JilTests.DeserializeDynamicTests.Issue117(input: &quot;123.&quot;, expectedError: &quot;Expected digit&quot;)" computerName="SIEBL-4303-04" duration="00:00:00.0010000" startTime="2018-11-11T16:39:16.2742961-06:00" endTime="2018-11-11T16:39:16.2742961-06:00" testType="13cdc9d9-ddb5-4fa4-a97d-d965ccfc6d4b" outcome="Passed" testListId="8c84fa94-04c1-424b-9868-57a2d4851a1d" relativeResultsDirectory="b76b55f5-253b-4e7e-8751-b3a784b2c08a" /><UnitTestResult executionId="347d5ed3-f1d2-4445-8b71-6d647e628c6f" testId="f0455102-f720-4502-adb0-c2b274fff1d8" testName="JilTests.SerializeTests.Enumerables" computerName="SIEBL-4303-04" duration="00:00:00.1090000" startTime="2018-11-11T16:39:16.3163244-06:00" endTime="2018-11-11T16:39:16.3163244-06:00" testType="13cdc9d9-ddb5-4fa4-a97d-d965ccfc6d4b" outcome="Passed" testListId="8c84fa94-04c1-424b-9868-57a2d4851a1d" relativeResultsDirectory="347d5ed3-f1d2-4445-8b71-6d647e628c6f" /><UnitTestResult executionId="128d4b7e-d245-4ef1-80ff-cf85033cb2cd" testId="a4de15c1-0b99-4573-98e1-f01c3ff712fb" testName="JilTests.DeserializeTests.Arrays" computerName="SIEBL-4303-04" duration="00:00:00.0520000" startTime="2018-11-11T16:39:15.9660910-06:00" endTime="2018-11-11T16:39:15.9660910-06:00" testType="13cdc9d9-ddb5-4fa4-a97d-d965ccfc6d4b" outcome="Passed" testListId="8c84fa94-04c1-424b-9868-57a2d4851a1d" relativeResultsDirectory="128d4b7e-d245-4ef1-80ff-cf85033cb2cd" /><UnitTestResult executionId="868a0abc-142b-41b0-9e3b-da37b40c1ad2" testId="8da8f67c-b275-44ac-a1ef-3bcb4229a26d" testName="JilTests.DeserializeTests.MalformedISO8601(dateString: &quot;\&quot;1900-01-01T19:19+\&quot;&quot;, expectedError: &quot;Expected hour part of ISO8601 timezone offset&quot;)" computerName="SIEBL-4303-04" duration="00:00:00.0010000" startTime="2018-11-11T16:39:15.8750297-06:00" endTime="2018-11-11T16:39:15.8750297-06:00" testType="13cdc9d9-ddb5-4fa4-a97d-d965ccfc6d4b" outcome="Passed" testListId="8c84fa94-04c1-424b-9868-57a2d4851a1d" relativeResultsDirectory="868a0abc-142b-41b0-9e3b-da37b40c1ad2" /><UnitTestResult executionId="1dd7b0bb-2275-4f32-ae75-a1b404176595" testId="dde75086-6d39-47fc-9d7e-065538e4bf8f" testName="JilTests.DeserializeTests.SmallCharBuffer" computerName="SIEBL-4303-04" duration="00:00:00.0440000" startTime="2018-11-11T16:39:20.8350247-06:00" endTime="2018-11-11T16:39:20.8350247-06:00" testType="13cdc9d9-ddb5-4fa4-a97d-d965ccfc6d4b" outcome="Passed" testListId="8c84fa94-04c1-424b-9868-57a2d4851a1d" relativeResultsDirectory="1dd7b0bb-2275-4f32-ae75-a1b404176595" /><UnitTestResult executionId="d8af1185-60fc-4029-9761-53a4f7dd118a" testId="4c3dc683-3c86-4590-922b-8962e5093c05" testName="JilTests.DeserializeDynamicTests.ArrayCoercion" computerName="SIEBL-4303-04" duration="00:00:00.0050000" startTime="2018-11-11T16:39:18.7441055-06:00" endTime="2018-11-11T16:39:18.7441055-06:00" testType="13cdc9d9-ddb5-4fa4-a97d-d965ccfc6d4b" outcome="Passed" testListId="8c84fa94-04c1-424b-9868-57a2d4851a1d" relativeResultsDirectory="d8af1185-60fc-4029-9761-53a4f7dd118a" /><UnitTestResult executionId="6fa565fe-c74b-4ee3-b3a5-97ab92697622" testId="10dc3ca0-1be8-4df0-af98-0c959039c3af" testName="JilTests.DeserializeTests.MalformedISO8601(dateString: &quot;\&quot;19000101T1234:56\&quot;&quot;, expectedError: &quot;Unexpected separator in ISO8601 time&quot;)" computerName="SIEBL-4303-04" duration="00:00:00.0030000" startTime="2018-11-11T16:39:15.8660240-06:00" endTime="2018-11-11T16:39:15.8660240-06:00" testType="13cdc9d9-ddb5-4fa4-a97d-d965ccfc6d4b" outcome="Passed" testListId="8c84fa94-04c1-424b-9868-57a2d4851a1d" relativeResultsDirectory="6fa565fe-c74b-4ee3-b3a5-97ab92697622" /><UnitTestResult executionId="58b3ce2e-a43d-4ff7-bc2e-bb4de896448a" testId="0a910b02-2a9f-43bb-ada4-8067cce10813" testName="JilTests.SerializeTests.Issue89" computerName="SIEBL-4303-04" duration="00:00:00.0710000" startTime="2018-11-11T16:39:32.7723910-06:00" endTime="2018-11-11T16:39:32.7723910-06:00" testType="13cdc9d9-ddb5-4fa4-a97d-d965ccfc6d4b" outcome="Passed" testListId="8c84fa94-04c1-424b-9868-57a2d4851a1d" relativeResultsDirectory="58b3ce2e-a43d-4ff7-bc2e-bb4de896448a" /><UnitTestResult executionId="e21fe136-8515-4de5-bab1-a570c818d341" testId="66b52850-f6ea-4953-b2fe-a2532d90cae7" testName="JilTests.SerializeTests.DiscriminantUnionsWithUnionType" computerName="SIEBL-4303-04" duration="00:00:05.5270000" startTime="2018-11-11T16:39:23.5095312-06:00" endTime="2018-11-11T16:39:23.5095312-06:00" testType="13cdc9d9-ddb5-4fa4-a97d-d965ccfc6d4b" outcome="Passed" testListId="8c84fa94-04c1-424b-9868-57a2d4851a1d" relativeResultsDirectory="e21fe136-8515-4de5-bab1-a570c818d341" /><UnitTestResult executionId="dc54661d-ab1a-43a3-bb95-1f83c0c1720a" testId="ca3c3c58-dfa6-4adf-9313-8a029d3280dd" testName="JilTests.DeserializeTests.Issue128" computerName="SIEBL-4303-04" duration="00:00:00.3640000" startTime="2018-11-11T16:39:26.9770745-06:00" endTime="2018-11-11T16:39:26.9770745-06:00" testType="13cdc9d9-ddb5-4fa4-a97d-d965ccfc6d4b" outcome="Passed" testListId="8c84fa94-04c1-424b-9868-57a2d4851a1d" relativeResultsDirectory="dc54661d-ab1a-43a3-bb95-1f83c0c1720a" /><UnitTestResult executionId="92bc53c4-9d59-421a-a17d-1a9bf3c07af6" testId="6703af3c-2415-475f-8086-133405271c74" testName="JilTests.DeserializeTests.DateTimeOffsets" computerName="SIEBL-4303-04" duration="00:00:00.0040000" startTime="2018-11-11T16:39:34.7627206-06:00" endTime="2018-11-11T16:39:34.7627206-06:00" testType="13cdc9d9-ddb5-4fa4-a97d-d965ccfc6d4b" outcome="Passed" testListId="8c84fa94-04c1-424b-9868-57a2d4851a1d" relativeResultsDirectory="92bc53c4-9d59-421a-a17d-1a9bf3c07af6" /><UnitTestResult executionId="a89ef83a-8b57-41c6-90ca-bc40c08446dc" testId="cf099113-a477-49af-992e-24a7bcb1de02" testName="JilTests.DeserializeDynamicTests.Issue143DateTimeFractionOverflow" computerName="SIEBL-4303-04" duration="00:00:00.0010000" startTime="2018-11-11T16:39:19.6029468-06:00" endTime="2018-11-11T16:39:19.6029468-06:00" testType="13cdc9d9-ddb5-4fa4-a97d-d965ccfc6d4b" outcome="Passed" testListId="8c84fa94-04c1-424b-9868-57a2d4851a1d" relativeResultsDirectory="a89ef83a-8b57-41c6-90ca-bc40c08446dc" /><UnitTestResult executionId="93fe2d99-049f-4034-94d0-22065cab663b" testId="842a3c24-aa84-4d65-926e-95e2f4f92186" testName="JilTests.DeserializeTests.SecondDateTimes" computerName="SIEBL-4303-04" duration="00:00:00.0080000" startTime="2018-11-11T16:39:27.2842484-06:00" endTime="2018-11-11T16:39:27.2842484-06:00" testType="13cdc9d9-ddb5-4fa4-a97d-d965ccfc6d4b" outcome="Passed" testListId="8c84fa94-04c1-424b-9868-57a2d4851a1d" relativeResultsDirectory="93fe2d99-049f-4034-94d0-22065cab663b" /><UnitTestResult executionId="369c76ca-59f8-4c26-bb46-11ff71ba6081" testId="d727a331-9742-4b10-a42b-b6c7a7100a60" testName="JilTests.SerializeTests.SerializeDynamic" computerName="SIEBL-4303-04" duration="00:00:00.0230000" startTime="2018-11-11T16:39:26.3366469-06:00" endTime="2018-11-11T16:39:26.3366469-06:00" testType="13cdc9d9-ddb5-4fa4-a97d-d965ccfc6d4b" outcome="Passed" testListId="8c84fa94-04c1-424b-9868-57a2d4851a1d" relativeResultsDirectory="369c76ca-59f8-4c26-bb46-11ff71ba6081" /><UnitTestResult executionId="e0e957ca-9412-4df5-95fe-25fffa05364d" testId="7296fd32-0b94-471f-b5f1-359b14116fc3" testName="JilTests.SerializeTests.PrimitiveWrapperMembers" computerName="SIEBL-4303-04" duration="00:00:00.0120000" startTime="2018-11-11T16:39:17.9840877-06:00" endTime="2018-11-11T16:39:17.9840877-06:00" testType="13cdc9d9-ddb5-4fa4-a97d-d965ccfc6d4b" outcome="Passed" testListId="8c84fa94-04c1-424b-9868-57a2d4851a1d" relativeResultsDirectory="e0e957ca-9412-4df5-95fe-25fffa05364d" /><UnitTestResult executionId="60ceffd9-98d8-4331-bd82-dbeeefbc9221" testId="15424a12-8e19-49bc-837d-df665c62a5dc" testName="JilTests.SerializeTests.StringEscapes" computerName="SIEBL-4303-04" duration="00:00:00.0020000" startTime="2018-11-11T16:39:16.6445431-06:00" endTime="2018-11-11T16:39:16.6445431-06:00" testType="13cdc9d9-ddb5-4fa4-a97d-d965ccfc6d4b" outcome="Passed" testListId="8c84fa94-04c1-424b-9868-57a2d4851a1d" relativeResultsDirectory="60ceffd9-98d8-4331-bd82-dbeeefbc9221" /><UnitTestResult executionId="65d0f171-d7bf-42c7-8c05-197738c5ad3a" testId="3380342e-d5d6-41e2-a5c3-f5dc6a4ba0ba" testName="JilTests.EnumFlagsTest.TestEnumFlagsDeserialize2" computerName="SIEBL-4303-04" duration="00:00:00.0010000" startTime="2018-11-11T16:39:16.3423415-06:00" endTime="2018-11-11T16:39:16.3423415-06:00" testType="13cdc9d9-ddb5-4fa4-a97d-d965ccfc6d4b" outcome="Passed" testListId="8c84fa94-04c1-424b-9868-57a2d4851a1d" relativeResultsDirectory="65d0f171-d7bf-42c7-8c05-197738c5ad3a" /><UnitTestResult executionId="a4245788-c1f3-4c14-afe1-75be16e3dc2a" testId="8a177b66-050e-4738-8ee8-44d1e5b517cd" testName="JilTests.SerializeTests.OddNullRef" computerName="SIEBL-4303-04" duration="00:00:00.1320000" startTime="2018-11-11T16:39:17.8594845-06:00" endTime="2018-11-11T16:39:17.8594845-06:00" testType="13cdc9d9-ddb5-4fa4-a97d-d965ccfc6d4b" outcome="Passed" testListId="8c84fa94-04c1-424b-9868-57a2d4851a1d" relativeResultsDirectory="a4245788-c1f3-4c14-afe1-75be16e3dc2a" /><UnitTestResult executionId="8fc53cb1-c3a4-46a9-b3c7-51330c1ec7f2" testId="b057e937-d1c4-49d5-95b9-0b2150c90278" testName="JilTests.DeserializeDynamicTests.Nullables" computerName="SIEBL-4303-04" duration="00:00:00.0770000" startTime="2018-11-11T16:39:19.6009442-06:00" endTime="2018-11-11T16:39:19.6009442-06:00" testType="13cdc9d9-ddb5-4fa4-a97d-d965ccfc6d4b" outcome="Passed" testListId="8c84fa94-04c1-424b-9868-57a2d4851a1d" relativeResultsDirectory="8fc53cb1-c3a4-46a9-b3c7-51330c1ec7f2" /><UnitTestResult executionId="7040dd57-1c4f-4402-9d71-2a56a9ff9a1c" testId="b4f27719-cbff-40d6-a990-f688600ea753" testName="JilTests.DeserializeTests.IReadOnlyDictionaryNumberKeys" computerName="SIEBL-4303-04" duration="00:00:00.2430000" startTime="2018-11-11T16:39:33.6599845-06:00" endTime="2018-11-11T16:39:33.6599845-06:00" testType="13cdc9d9-ddb5-4fa4-a97d-d965ccfc6d4b" outcome="Passed" testListId="8c84fa94-04c1-424b-9868-57a2d4851a1d" relativeResultsDirectory="7040dd57-1c4f-4402-9d71-2a56a9ff9a1c" /><UnitTestResult executionId="935e6258-5836-4b3d-867a-f7b4f3c76fdf" testId="125a7b10-3764-4b0f-976b-a0f720ffc2a2" testName="JilTests.DeserializeTests.EnumMemberAttributeOverrideFlags" computerName="SIEBL-4303-04" duration="00:00:00.0470000" startTime="2018-11-11T16:39:34.6996786-06:00" endTime="2018-11-11T16:39:34.6996786-06:00" testType="13cdc9d9-ddb5-4fa4-a97d-d965ccfc6d4b" outcome="Passed" testListId="8c84fa94-04c1-424b-9868-57a2d4851a1d" relativeResultsDirectory="935e6258-5836-4b3d-867a-f7b4f3c76fdf" /><UnitTestResult executionId="34328819-a41e-4280-89cf-43035da3d2f3" testId="3239d01e-ed62-401b-b2ee-de39b0242c8e" testName="JilTests.DeserializeTests.BadDouble(input: &quot;1.2.3.4.5.6&quot;, expectedSnippetAfter: &quot;.3.4.5.6&quot;)" computerName="SIEBL-4303-04" duration="00:00:00.0010000" startTime="2018-11-11T16:39:33.0215582-06:00" endTime="2018-11-11T16:39:33.0215582-06:00" testType="13cdc9d9-ddb5-4fa4-a97d-d965ccfc6d4b" outcome="Passed" testListId="8c84fa94-04c1-424b-9868-57a2d4851a1d" relativeResultsDirectory="34328819-a41e-4280-89cf-43035da3d2f3" /><UnitTestResult executionId="67a73d2f-4b27-4c79-99b9-264acf1ec84f" testId="f4234000-3a06-40b6-8a9e-73312d7c8332" testName="JilTests.DeserializeDynamicTests.ISO8601DateTimeOffsets" computerName="SIEBL-4303-04" duration="00:00:00.0880000" startTime="2018-11-11T16:39:18.5235580-06:00" endTime="2018-11-11T16:39:18.5235580-06:00" testType="13cdc9d9-ddb5-4fa4-a97d-d965ccfc6d4b" outcome="Passed" testListId="8c84fa94-04c1-424b-9868-57a2d4851a1d" relativeResultsDirectory="67a73d2f-4b27-4c79-99b9-264acf1ec84f" /><UnitTestResult executionId="d477c808-8a0f-4f3f-a74c-a1c2e4132c17" testId="68ccb2b5-167f-4c13-bba5-b50ace7dc1cb" testName="JilTests.DeserializeDynamicTests.TimeSpans_Seconds" computerName="SIEBL-4303-04" duration="00:00:00.6120000" startTime="2018-11-11T16:39:16.2262640-06:00" endTime="2018-11-11T16:39:16.2262640-06:00" testType="13cdc9d9-ddb5-4fa4-a97d-d965ccfc6d4b" outcome="Passed" testListId="8c84fa94-04c1-424b-9868-57a2d4851a1d" relativeResultsDirectory="d477c808-8a0f-4f3f-a74c-a1c2e4132c17" /><UnitTestResult executionId="572a9181-1800-4415-a166-7dd70e3e3062" testId="d10fb385-9af8-4f11-8ebd-2905444c1a50" testName="JilTests.DeserializeDynamicTests.Issue117(input: &quot;001&quot;, expectedError: &quot;Number cannot have leading zeros&quot;)" computerName="SIEBL-4303-04" duration="00:00:00.0010000" startTime="2018-11-11T16:39:16.2762977-06:00" endTime="2018-11-11T16:39:16.2762977-06:00" testType="13cdc9d9-ddb5-4fa4-a97d-d965ccfc6d4b" outcome="Passed" testListId="8c84fa94-04c1-424b-9868-57a2d4851a1d" relativeResultsDirectory="572a9181-1800-4415-a166-7dd70e3e3062" /><UnitTestResult executionId="89672c1b-20d3-4050-ab4b-9dcdb802fd3d" testId="f32d79d6-25ec-4acd-986b-51b15fdba456" testName="JilTests.DeserializeDynamicTests.EqualsTest" computerName="SIEBL-4303-04" duration="00:00:00.0660000" startTime="2018-11-11T16:39:18.6190211-06:00" endTime="2018-11-11T16:39:18.6190211-06:00" testType="13cdc9d9-ddb5-4fa4-a97d-d965ccfc6d4b" outcome="Passed" testListId="8c84fa94-04c1-424b-9868-57a2d4851a1d" relativeResultsDirectory="89672c1b-20d3-4050-ab4b-9dcdb802fd3d" /><UnitTestResult executionId="ab0b4282-470f-4e96-9a93-4c502cb4daf2" testId="94942c98-45e8-48d4-a9bd-d1d0a550248d" testName="JilTests.DynamicSerializationTests.NullArrayElements" computerName="SIEBL-4303-04" duration="00:00:00.0100000" startTime="2018-11-11T16:39:17.5618249-06:00" endTime="2018-11-11T16:39:17.5618249-06:00" testType="13cdc9d9-ddb5-4fa4-a97d-d965ccfc6d4b" outcome="Passed" testListId="8c84fa94-04c1-424b-9868-57a2d4851a1d" relativeResultsDirectory="ab0b4282-470f-4e96-9a93-4c502cb4daf2" /><UnitTestResult executionId="294ecbab-cb25-43e2-91de-f44a91d276c3" testId="1fd13e50-3510-4968-a305-f17284e8645b" testName="JilTests.SerializeTests.EnumDictionaryKeys" computerName="SIEBL-4303-04" duration="00:00:00.2730000" startTime="2018-11-11T16:39:16.1352036-06:00" endTime="2018-11-11T16:39:16.1352036-06:00" testType="13cdc9d9-ddb5-4fa4-a97d-d965ccfc6d4b" outcome="Passed" testListId="8c84fa94-04c1-424b-9868-57a2d4851a1d" relativeResultsDirectory="294ecbab-cb25-43e2-91de-f44a91d276c3" /><UnitTestResult executionId="c1c6a39a-c0d0-4f0b-945a-aff7c84c1ec9" testId="55880323-8ff0-4ae1-ba93-c56f54dabb8f" testName="JilTests.DeserializeTests.MalformedISO8601(dateString: &quot;\&quot;1999-W1\&quot;&quot;, expectedError: &quot;Unexpected date string length&quot;)" computerName="SIEBL-4303-04" duration="00:00:00.0010000" startTime="2018-11-11T16:39:15.8500130-06:00" endTime="2018-11-11T16:39:15.8500130-06:00" testType="13cdc9d9-ddb5-4fa4-a97d-d965ccfc6d4b" outcome="Passed" testListId="8c84fa94-04c1-424b-9868-57a2d4851a1d" relativeResultsDirectory="c1c6a39a-c0d0-4f0b-945a-aff7c84c1ec9" /><UnitTestResult executionId="85a156db-e07b-47aa-85dd-279fc0f78452" testId="9e2777bb-9d3a-4469-9d12-f567dab9a466" testName="JilTests.UtilsTests.FieldOffsetsInMemory" computerName="SIEBL-4303-04" duration="00:00:00.0020000" startTime="2018-11-11T16:39:16.7536162-06:00" endTime="2018-11-11T16:39:16.7536162-06:00" testType="13cdc9d9-ddb5-4fa4-a97d-d965ccfc6d4b" outcome="Passed" testListId="8c84fa94-04c1-424b-9868-57a2d4851a1d" relativeResultsDirectory="85a156db-e07b-47aa-85dd-279fc0f78452" /><UnitTestResult executionId="241d2884-2c45-4a65-aea0-09a0dfa29cb2" testId="47f352cb-5ff8-40c3-92a2-0700965c605d" testName="JilTests.SerializeTests.Properties" computerName="SIEBL-4303-04" duration="00:00:00.0050000" startTime="2018-11-11T16:39:17.1789785-06:00" endTime="2018-11-11T16:39:17.1789785-06:00" testType="13cdc9d9-ddb5-4fa4-a97d-d965ccfc6d4b" outcome="Passed" testListId="8c84fa94-04c1-424b-9868-57a2d4851a1d" relativeResultsDirectory="241d2884-2c45-4a65-aea0-09a0dfa29cb2" /><UnitTestResult executionId="82658e6e-a8bf-46f0-805e-e587c3327269" testId="0cc22d3e-f788-4ea5-92bc-1ba0dd23febe" testName="JilTests.DeserializeTests.ValueTypes" computerName="SIEBL-4303-04" duration="00:00:00.0610000" startTime="2018-11-11T16:39:21.5024707-06:00" endTime="2018-11-11T16:39:21.5024707-06:00" testType="13cdc9d9-ddb5-4fa4-a97d-d965ccfc6d4b" outcome="Passed" testListId="8c84fa94-04c1-424b-9868-57a2d4851a1d" relativeResultsDirectory="82658e6e-a8bf-46f0-805e-e587c3327269" /><UnitTestResult executionId="eb8f5957-9c8c-426d-ad94-9902ebce4c29" testId="f29f3d01-beae-4413-a9bf-a01ba6439cc1" testName="JilTests.DeserializeTests.MicrosoftDateTimesWithTimeZones" computerName="SIEBL-4303-04" duration="00:00:02.1230000" startTime="2018-11-11T16:39:18.1963403-06:00" endTime="2018-11-11T16:39:18.1963403-06:00" testType="13cdc9d9-ddb5-4fa4-a97d-d965ccfc6d4b" outcome="Passed" testListId="8c84fa94-04c1-424b-9868-57a2d4851a1d" relativeResultsDirectory="eb8f5957-9c8c-426d-ad94-9902ebce4c29" /><UnitTestResult executionId="023bc55f-9abe-4069-8684-fcafa9b08991" testId="420b42d7-f4fd-4a56-81d3-db5b4a14d29c" testName="JilTests.SerializeTests.SerializeDynamicToString" computerName="SIEBL-4303-04" duration="00:00:00.0010000" startTime="2018-11-11T16:39:30.0403991-06:00" endTime="2018-11-11T16:39:30.0403991-06:00" testType="13cdc9d9-ddb5-4fa4-a97d-d965ccfc6d4b" outcome="Passed" testListId="8c84fa94-04c1-424b-9868-57a2d4851a1d" relativeResultsDirectory="023bc55f-9abe-4069-8684-fcafa9b08991" /><UnitTestResult executionId="82f6139a-8d57-47ba-9636-3cc880b83c3a" testId="f9723f38-5596-4f78-b6de-50eec6b6a457" testName="JilTests.DeserializeTests.EnumEscapes" computerName="SIEBL-4303-04" duration="00:00:00.0620000" startTime="2018-11-11T16:39:24.1531060-06:00" endTime="2018-11-11T16:39:24.1531060-06:00" testType="13cdc9d9-ddb5-4fa4-a97d-d965ccfc6d4b" outcome="Passed" testListId="8c84fa94-04c1-424b-9868-57a2d4851a1d" relativeResultsDirectory="82f6139a-8d57-47ba-9636-3cc880b83c3a" /><UnitTestResult executionId="4db1135c-fc54-449d-86e6-d68d33d52144" testId="1f9eb8bc-ce32-4570-9f73-ca0a37df2597" testName="JilTests.DeserializeTests.Decimals" computerName="SIEBL-4303-04" duration="00:00:00.0190000" startTime="2018-11-11T16:39:21.6619765-06:00" endTime="2018-11-11T16:39:21.6619765-06:00" testType="13cdc9d9-ddb5-4fa4-a97d-d965ccfc6d4b" outcome="Passed" testListId="8c84fa94-04c1-424b-9868-57a2d4851a1d" relativeResultsDirectory="4db1135c-fc54-449d-86e6-d68d33d52144" /><UnitTestResult executionId="f90239c5-f0a3-4d1f-b548-578109289edd" testId="7b698c48-4410-46be-8d1c-09a8c81a13a3" testName="JilTests.DeserializeTests.SimpleDiscriminateUnion" computerName="SIEBL-4303-04" duration="00:00:00.0680000" startTime="2018-11-11T16:39:30.7390348-06:00" endTime="2018-11-11T16:39:30.7390348-06:00" testType="13cdc9d9-ddb5-4fa4-a97d-d965ccfc6d4b" outcome="Passed" testListId="8c84fa94-04c1-424b-9868-57a2d4851a1d" relativeResultsDirectory="f90239c5-f0a3-4d1f-b548-578109289edd" /><UnitTestResult executionId="7c956115-d8d5-4fd2-bbbe-560d06bf6b0b" testId="ded0d8a4-452b-4448-9b2f-fe0f5c53d2c3" testName="JilTests.DynamicSerializationTests.Issue224" computerName="SIEBL-4303-04" duration="00:00:00.1610000" startTime="2018-11-11T16:39:17.3000602-06:00" endTime="2018-11-11T16:39:17.3000602-06:00" testType="13cdc9d9-ddb5-4fa4-a97d-d965ccfc6d4b" outcome="Passed" testListId="8c84fa94-04c1-424b-9868-57a2d4851a1d" relativeResultsDirectory="7c956115-d8d5-4fd2-bbbe-560d06bf6b0b" /><UnitTestResult executionId="43d10d05-86ac-4d5c-9fbf-3efb56d82466" testId="0339e0ef-2764-4d44-ab76-da98d38b4396" testName="JilTests.DeserializeTests.SeekNotSupported" computerName="SIEBL-4303-04" duration="00:00:00.0360000" startTime="2018-11-11T16:39:21.5689141-06:00" endTime="2018-11-11T16:39:21.5689141-06:00" testType="13cdc9d9-ddb5-4fa4-a97d-d965ccfc6d4b" outcome="Passed" testListId="8c84fa94-04c1-424b-9868-57a2d4851a1d" relativeResultsDirectory="43d10d05-86ac-4d5c-9fbf-3efb56d82466" /><UnitTestResult executionId="fb3c396b-57ca-45ae-a852-9c3df5a291b4" testId="17e07715-48d4-4ff7-8647-98bb069e09e9" testName="JilTests.DynamicSerializationTests.RecursiveObjects" computerName="SIEBL-4303-04" duration="00:00:00.2340000" startTime="2018-11-11T16:39:17.7974440-06:00" endTime="2018-11-11T16:39:17.7974440-06:00" testType="13cdc9d9-ddb5-4fa4-a97d-d965ccfc6d4b" outcome="Passed" testListId="8c84fa94-04c1-424b-9868-57a2d4851a1d" relativeResultsDirectory="fb3c396b-57ca-45ae-a852-9c3df5a291b4" /><UnitTestResult executionId="03ad0913-1d2e-4561-b870-c3adb1b5baa9" testId="16fdc77b-8ed1-4af2-9ed5-a21cca7bd038" testName="JilTests.DeserializeTests.Floats" computerName="SIEBL-4303-04" duration="00:00:00.0110000" startTime="2018-11-11T16:39:21.5144669-06:00" endTime="2018-11-11T16:39:21.5144669-06:00" testType="13cdc9d9-ddb5-4fa4-a97d-d965ccfc6d4b" outcome="Passed" testListId="8c84fa94-04c1-424b-9868-57a2d4851a1d" relativeResultsDirectory="03ad0913-1d2e-4561-b870-c3adb1b5baa9" /><UnitTestResult executionId="1e1133cb-c6ed-48f4-ba3b-051378b1131c" testId="a4b07dec-0c50-4d1f-a9f2-56d0400dbcfc" testName="JilTests.SerializeTests.UnspecifiedToLocal" computerName="SIEBL-4303-04" duration="00:00:00.0100000" startTime="2018-11-11T16:39:17.9710790-06:00" endTime="2018-11-11T16:39:17.9710790-06:00" testType="13cdc9d9-ddb5-4fa4-a97d-d965ccfc6d4b" outcome="Passed" testListId="8c84fa94-04c1-424b-9868-57a2d4851a1d" relativeResultsDirectory="1e1133cb-c6ed-48f4-ba3b-051378b1131c" /><UnitTestResult executionId="56eeb1a6-4c5a-4d59-bfc9-5ff67462b7e7" testId="683f7b28-65df-4b0e-8631-8fd848371745" testName="JilTests.DeserializeTests.ULongs" computerName="SIEBL-4303-04" duration="00:00:00.0150000" startTime="2018-11-11T16:39:18.3944725-06:00" endTime="2018-11-11T16:39:18.3944725-06:00" testType="13cdc9d9-ddb5-4fa4-a97d-d965ccfc6d4b" outcome="Passed" testListId="8c84fa94-04c1-424b-9868-57a2d4851a1d" relativeResultsDirectory="56eeb1a6-4c5a-4d59-bfc9-5ff67462b7e7" /><UnitTestResult executionId="9cefde60-8a6a-45e5-9585-de6739352c87" testId="d00fe763-2c01-4d40-b8c7-3d20160e5b52" testName="JilTests.DeserializeTests.MalformedISO8601(dateString: &quot;\&quot;1999W018\&quot;&quot;, expectedError: &quot;Expected day to be a digit between 1 and 7&quot;)" computerName="SIEBL-4303-04" duration="00:00:00.2320000" startTime="2018-11-11T16:39:15.8460103-06:00" endTime="2018-11-11T16:39:15.8460103-06:00" testType="13cdc9d9-ddb5-4fa4-a97d-d965ccfc6d4b" outcome="Passed" testListId="8c84fa94-04c1-424b-9868-57a2d4851a1d" relativeResultsDirectory="9cefde60-8a6a-45e5-9585-de6739352c87" /><UnitTestResult executionId="7747fc3a-20c3-49c8-a395-80726844cc17" testId="d4a4f31c-57ef-4cf0-95ce-70ad59d606b3" testName="JilTests.DeserializeTests.Issue126" computerName="SIEBL-4303-04" duration="00:00:00.0010000" startTime="2018-11-11T16:39:30.7450383-06:00" endTime="2018-11-11T16:39:30.7450383-06:00" testType="13cdc9d9-ddb5-4fa4-a97d-d965ccfc6d4b" outcome="Passed" testListId="8c84fa94-04c1-424b-9868-57a2d4851a1d" relativeResultsDirectory="7747fc3a-20c3-49c8-a395-80726844cc17" /><UnitTestResult executionId="8be43246-2e7d-4ae7-b40d-03bc813f589e" testId="035d26ab-a837-48f5-8faa-cd242e58ce90" testName="JilTests.DeserializeTests.IReadOnlyLists" computerName="SIEBL-4303-04" duration="00:00:00.1750000" startTime="2018-11-11T16:39:21.9594818-06:00" endTime="2018-11-11T16:39:21.9594818-06:00" testType="13cdc9d9-ddb5-4fa4-a97d-d965ccfc6d4b" outcome="Passed" testListId="8c84fa94-04c1-424b-9868-57a2d4851a1d" relativeResultsDirectory="8be43246-2e7d-4ae7-b40d-03bc813f589e" /><UnitTestResult executionId="100ef0a7-4fa9-49fc-8944-ad7c70db51ed" testId="a134da24-e20b-41ea-837e-cd3ecb86abc8" testName="JilTests.DeserializeTests.MalformedISO8601(dateString: &quot;\&quot;1900-366\&quot;&quot;, expectedError: &quot;Ordinal day can only be 366 in a leap year&quot;)" computerName="SIEBL-4303-04" duration="00:00:00.0010000" startTime="2018-11-11T16:39:15.9340694-06:00" endTime="2018-11-11T16:39:15.9340694-06:00" testType="13cdc9d9-ddb5-4fa4-a97d-d965ccfc6d4b" outcome="Passed" testListId="8c84fa94-04c1-424b-9868-57a2d4851a1d" relativeResultsDirectory="100ef0a7-4fa9-49fc-8944-ad7c70db51ed" /><UnitTestResult executionId="32f81c3f-f045-4a39-a2f5-970a01f57b13" testId="146284ed-c81b-47b4-aa97-754b1a4c2ae8" testName="JilTests.SerializeTests.ExcludingNulls" computerName="SIEBL-4303-04" duration="00:00:00.0380000" startTime="2018-11-11T16:39:29.4194922-06:00" endTime="2018-11-11T16:39:29.4204932-06:00" testType="13cdc9d9-ddb5-4fa4-a97d-d965ccfc6d4b" outcome="Passed" testListId="8c84fa94-04c1-424b-9868-57a2d4851a1d" relativeResultsDirectory="32f81c3f-f045-4a39-a2f5-970a01f57b13" /><UnitTestResult executionId="66f23a85-5380-407d-9d28-001cdb6e31e3" testId="1f185857-66cd-442c-a516-22ad3009305f" testName="JilTests.DeserializeTests.Issue117_Double" computerName="SIEBL-4303-04" duration="00:00:00.0030000" startTime="2018-11-11T16:39:34.7747274-06:00" endTime="2018-11-11T16:39:34.7747274-06:00" testType="13cdc9d9-ddb5-4fa4-a97d-d965ccfc6d4b" outcome="Passed" testListId="8c84fa94-04c1-424b-9868-57a2d4851a1d" relativeResultsDirectory="66f23a85-5380-407d-9d28-001cdb6e31e3" /><UnitTestResult executionId="cd89c24d-f221-4c12-91b3-cf07377546fa" testId="ebd84b51-c528-4dcf-b393-4fa5256c02d8" testName="JilTests.DeserializeTests.MalformedISO8601(dateString: &quot;\&quot;1900-01-01T19:\&quot;&quot;, expectedError: &quot;Expected minute part of ISO8601 time&quot;)" computerName="SIEBL-4303-04" duration="00:00:00.0010000" startTime="2018-11-11T16:39:15.9380720-06:00" endTime="2018-11-11T16:39:15.9380720-06:00" testType="13cdc9d9-ddb5-4fa4-a97d-d965ccfc6d4b" outcome="Passed" testListId="8c84fa94-04c1-424b-9868-57a2d4851a1d" relativeResultsDirectory="cd89c24d-f221-4c12-91b3-cf07377546fa" /><UnitTestResult executionId="eb5a63ad-abd2-459e-987f-c9c09243607d" testId="f08843e3-46ba-4538-8b62-28f15652def8" testName="JilTests.DeserializeTests.BadDecimal(input: &quot;1.2E++10&quot;, expectedSnippetAfter: &quot;+10&quot;)" computerName="SIEBL-4303-04" duration="00:00:00.0010000" startTime="2018-11-11T16:39:26.5928181-06:00" endTime="2018-11-11T16:39:26.5928181-06:00" testType="13cdc9d9-ddb5-4fa4-a97d-d965ccfc6d4b" outcome="Passed" testListId="8c84fa94-04c1-424b-9868-57a2d4851a1d" relativeResultsDirectory="eb5a63ad-abd2-459e-987f-c9c09243607d" /></Results><TestDefinitions><UnitTest name="JilTests.DeserializeTests.Issue270" storage="c:\users\dt-impact\ftsubs\mstest\kevin-montrose_jil-8a5af0f\jiltests\bin\debug\net452\jiltests.dll" id="ec39b888-7856-4bf4-bfe1-b72a066d2261"><Execution id="f517938f-a9ff-4d63-8150-2cca9763559a" /><TestMethod codeBase="C:\Users\dt-impact\ftsubs\mstest\kevin-montrose_Jil-8a5af0f\JilTests\bin\Debug\net452\JilTests.dll" adapterTypeName="executor://xunit/VsTestRunner2/desktop_and_uap" className="JilTests.DeserializeTests" name="JilTests.DeserializeTests.Issue270" /></UnitTest><UnitTest name="JilTests.SerializeTests.SerializeDynamicToString" storage="c:\users\dt-impact\ftsubs\mstest\kevin-montrose_jil-8a5af0f\jiltests\bin\debug\net452\jiltests.dll" id="420b42d7-f4fd-4a56-81d3-db5b4a14d29c"><Execution id="023bc55f-9abe-4069-8684-fcafa9b08991" /><TestMethod codeBase="C:\Users\dt-impact\ftsubs\mstest\kevin-montrose_Jil-8a5af0f\JilTests\bin\Debug\net452\JilTests.dll" adapterTypeName="executor://xunit/VsTestRunner2/desktop_and_uap" className="JilTests.SerializeTests" name="JilTests.SerializeTests.SerializeDynamicToString" /></UnitTest><UnitTest name="JilTests.DeserializeTests.Chars" storage="c:\users\dt-impact\ftsubs\mstest\kevin-montrose_jil-8a5af0f\jiltests\bin\debug\net452\jiltests.dll" id="30e47775-1683-4fe5-ae0c-611166c2022a"><Execution id="4ad78d3e-713a-48aa-88f6-993795d9f644" /><TestMethod codeBase="C:\Users\dt-impact\ftsubs\mstest\kevin-montrose_Jil-8a5af0f\JilTests\bin\Debug\net452\JilTests.dll" adapterTypeName="executor://xunit/VsTestRunner2/desktop_and_uap" className="JilTests.DeserializeTests" name="JilTests.DeserializeTests.Chars" /></UnitTest><UnitTest name="JilTests.DynamicSerializationTests.PersonElasticMigration" storage="c:\users\dt-impact\ftsubs\mstest\kevin-montrose_jil-8a5af0f\jiltests\bin\debug\net452\jiltests.dll" id="b72f14d5-dee1-4b03-b6fa-c9a755e4b99e"><Execution id="570759ee-412e-498d-a2d1-6faaae927f58" /><TestMethod codeBase="C:\Users\dt-impact\ftsubs\mstest\kevin-montrose_Jil-8a5af0f\JilTests\bin\Debug\net452\JilTests.dll" adapterTypeName="executor://xunit/VsTestRunner2/desktop_and_uap" className="JilTests.DynamicSerializationTests" name="JilTests.DynamicSerializationTests.PersonElasticMigration" /></UnitTest><UnitTest name="JilTests.DeserializeTests.NewtsoftDateTimes" storage="c:\users\dt-impact\ftsubs\mstest\kevin-montrose_jil-8a5af0f\jiltests\bin\debug\net452\jiltests.dll" id="efd50759-dc67-44b6-b65d-f47164f21c5e"><Execution id="151efbb2-b3c3-461f-b970-ae68ab84a97b" /><TestMethod codeBase="C:\Users\dt-impact\ftsubs\mstest\kevin-montrose_Jil-8a5af0f\JilTests\bin\Debug\net452\JilTests.dll" adapterTypeName="executor://xunit/VsTestRunner2/desktop_and_uap" className="JilTests.DeserializeTests" name="JilTests.DeserializeTests.NewtsoftDateTimes" /></UnitTest><UnitTest name="JilTests.DeserializeDynamicTests.TimeSpans_Milliseconds" storage="c:\users\dt-impact\ftsubs\mstest\kevin-montrose_jil-8a5af0f\jiltests\bin\debug\net452\jiltests.dll" id="6b03093f-622d-46c3-83ca-81b6020db9d7"><Execution id="80cf30ee-b140-4444-9835-35af3f5047a1" /><TestMethod codeBase="C:\Users\dt-impact\ftsubs\mstest\kevin-montrose_Jil-8a5af0f\JilTests\bin\Debug\net452\JilTests.dll" adapterTypeName="executor://xunit/VsTestRunner2/desktop_and_uap" className="JilTests.DeserializeDynamicTests" name="JilTests.DeserializeDynamicTests.TimeSpans_Milliseconds" /></UnitTest><UnitTest name="JilTests.DeserializeDynamicTests.Bool" storage="c:\users\dt-impact\ftsubs\mstest\kevin-montrose_jil-8a5af0f\jiltests\bin\debug\net452\jiltests.dll" id="a080ac8e-4a0c-4104-8a98-29c2766701ee"><Execution id="5fad72fb-5326-40d2-972e-cf3d002e091f" /><TestMethod codeBase="C:\Users\dt-impact\ftsubs\mstest\kevin-montrose_Jil-8a5af0f\JilTests\bin\Debug\net452\JilTests.dll" adapterTypeName="executor://xunit/VsTestRunner2/desktop_and_uap" className="JilTests.DeserializeDynamicTests" name="JilTests.DeserializeDynamicTests.Bool" /></UnitTest><UnitTest name="JilTests.DeserializeTests.BadDouble(input: &quot;1.2E10E10&quot;, expectedSnippetAfter: &quot;E10&quot;)" storage="c:\users\dt-impact\ftsubs\mstest\kevin-montrose_jil-8a5af0f\jiltests\bin\debug\net452\jiltests.dll" id="3ae8ae05-aafa-4732-b3dc-90128bb264c9"><Execution id="f94d18b2-4f14-487a-b65a-48ccabd3eca5" /><TestMethod codeBase="C:\Users\dt-impact\ftsubs\mstest\kevin-montrose_Jil-8a5af0f\JilTests\bin\Debug\net452\JilTests.dll" adapterTypeName="executor://xunit/VsTestRunner2/desktop_and_uap" className="JilTests.DeserializeTests" name="JilTests.DeserializeTests.BadDouble(input: &quot;1.2E10E10&quot;, expectedSnippetAfter: &quot;E10&quot;)" /></UnitTest><UnitTest name="JilTests.DeserializeTests.Bytes" storage="c:\users\dt-impact\ftsubs\mstest\kevin-montrose_jil-8a5af0f\jiltests\bin\debug\net452\jiltests.dll" id="9e3b1a3e-7416-4289-9446-88d1d47cad3f"><Execution id="e86ee934-5d98-48bb-adc4-2fdac9cb4a63" /><TestMethod codeBase="C:\Users\dt-impact\ftsubs\mstest\kevin-montrose_Jil-8a5af0f\JilTests\bin\Debug\net452\JilTests.dll" adapterTypeName="executor://xunit/VsTestRunner2/desktop_and_uap" className="JilTests.DeserializeTests" name="JilTests.DeserializeTests.Bytes" /></UnitTest><UnitTest name="JilTests.DeserializeTests.SecondsTimeSpan" storage="c:\users\dt-impact\ftsubs\mstest\kevin-montrose_jil-8a5af0f\jiltests\bin\debug\net452\jiltests.dll" id="655b9763-9c5b-4086-8570-d4561ce7addb"><Execution id="fc75172d-bc7b-486c-a6f6-f9fc66c9c241" /><TestMethod codeBase="C:\Users\dt-impact\ftsubs\mstest\kevin-montrose_Jil-8a5af0f\JilTests\bin\Debug\net452\JilTests.dll" adapterTypeName="executor://xunit/VsTestRunner2/desktop_and_uap" className="JilTests.DeserializeTests" name="JilTests.DeserializeTests.SecondsTimeSpan" /></UnitTest><UnitTest name="JilTests.DeserializeTests.Issue143TimeSpan" storage="c:\users\dt-impact\ftsubs\mstest\kevin-montrose_jil-8a5af0f\jiltests\bin\debug\net452\jiltests.dll" id="7171fc35-b1ed-46d9-8fd2-a67dc7d91e43"><Execution id="2d771be2-20b0-4983-b8f7-5896bb44675b" /><TestMethod codeBase="C:\Users\dt-impact\ftsubs\mstest\kevin-montrose_Jil-8a5af0f\JilTests\bin\Debug\net452\JilTests.dll" adapterTypeName="executor://xunit/VsTestRunner2/desktop_and_uap" className="JilTests.DeserializeTests" name="JilTests.DeserializeTests.Issue143TimeSpan" /></UnitTest><UnitTest name="JilTests.DeserializeTests.MalformedISO8601(dateString: &quot;\&quot;19991200\&quot;&quot;, expectedError: &quot;Expected day to be between 01 and 31&quot;)" storage="c:\users\dt-impact\ftsubs\mstest\kevin-montrose_jil-8a5af0f\jiltests\bin\debug\net452\jiltests.dll" id="b90fda5e-3a44-4ae3-8ef3-be4648f35b38"><Execution id="c03ee784-c51d-40d0-a9c4-92b452b02339" /><TestMethod codeBase="C:\Users\dt-impact\ftsubs\mstest\kevin-montrose_Jil-8a5af0f\JilTests\bin\Debug\net452\JilTests.dll" adapterTypeName="executor://xunit/VsTestRunner2/desktop_and_uap" className="JilTests.DeserializeTests" name="JilTests.DeserializeTests.MalformedISO8601(dateString: &quot;\&quot;19991200\&quot;&quot;, expectedError: &quot;Expected day to be between 01 and 31&quot;)" /></UnitTest><UnitTest name="JilTests.DeserializeDynamicTests.Negate" storage="c:\users\dt-impact\ftsubs\mstest\kevin-montrose_jil-8a5af0f\jiltests\bin\debug\net452\jiltests.dll" id="c134012f-2a86-4c44-a440-9ebf574b3174"><Execution id="66bec9ef-92f5-441f-b08a-112dcba90e71" /><TestMethod codeBase="C:\Users\dt-impact\ftsubs\mstest\kevin-montrose_Jil-8a5af0f\JilTests\bin\Debug\net452\JilTests.dll" adapterTypeName="executor://xunit/VsTestRunner2/desktop_and_uap" className="JilTests.DeserializeDynamicTests" name="JilTests.DeserializeDynamicTests.Negate" /></UnitTest><UnitTest name="JilTests.DeserializeTests.Issue117_ULong" storage="c:\users\dt-impact\ftsubs\mstest\kevin-montrose_jil-8a5af0f\jiltests\bin\debug\net452\jiltests.dll" id="0c984b51-142b-4f66-8f3f-0b93da64dee8"><Execution id="862768d7-e410-456d-97ce-a5775f579f7e" /><TestMethod codeBase="C:\Users\dt-impact\ftsubs\mstest\kevin-montrose_Jil-8a5af0f\JilTests\bin\Debug\net452\JilTests.dll" adapterTypeName="executor://xunit/VsTestRunner2/desktop_and_uap" className="JilTests.DeserializeTests" name="JilTests.DeserializeTests.Issue117_ULong" /></UnitTest><UnitTest name="JilTests.DeserializeTests.Guids" storage="c:\users\dt-impact\ftsubs\mstest\kevin-montrose_jil-8a5af0f\jiltests\bin\debug\net452\jiltests.dll" id="2982bad6-0e58-4345-85ff-6def605e9579"><Execution id="ef28d18b-272f-4918-8bee-f8b08496c6fc" /><TestMethod codeBase="C:\Users\dt-impact\ftsubs\mstest\kevin-montrose_Jil-8a5af0f\JilTests\bin\Debug\net452\JilTests.dll" adapterTypeName="executor://xunit/VsTestRunner2/desktop_and_uap" className="JilTests.DeserializeTests" name="JilTests.DeserializeTests.Guids" /></UnitTest><UnitTest name="JilTests.DeserializeTests.Issue143DateTimeFractionOverflow" storage="c:\users\dt-impact\ftsubs\mstest\kevin-montrose_jil-8a5af0f\jiltests\bin\debug\net452\jiltests.dll" id="bcb63893-829a-4809-ae74-5f69c9bd0291"><Execution id="0425e791-b07b-4165-925b-2d30975684db" /><TestMethod codeBase="C:\Users\dt-impact\ftsubs\mstest\kevin-montrose_Jil-8a5af0f\JilTests\bin\Debug\net452\JilTests.dll" adapterTypeName="executor://xunit/VsTestRunner2/desktop_and_uap" className="JilTests.DeserializeTests" name="JilTests.DeserializeTests.Issue143DateTimeFractionOverflow" /></UnitTest><UnitTest name="JilTests.DeserializeTests.EnumMemberAttributeDefault" storage="c:\users\dt-impact\ftsubs\mstest\kevin-montrose_jil-8a5af0f\jiltests\bin\debug\net452\jiltests.dll" id="907b22bc-0923-4ba5-bd5a-6d168e4083bd"><Execution id="861bb2de-1944-4f1b-864b-16152693e989" /><TestMethod codeBase="C:\Users\dt-impact\ftsubs\mstest\kevin-montrose_Jil-8a5af0f\JilTests\bin\Debug\net452\JilTests.dll" adapterTypeName="executor://xunit/VsTestRunner2/desktop_and_uap" className="JilTests.DeserializeTests" name="JilTests.DeserializeTests.EnumMemberAttributeDefault" /></UnitTest><UnitTest name="JilTests.DeserializeTests.EnumMemberAttributeOverride" storage="c:\users\dt-impact\ftsubs\mstest\kevin-montrose_jil-8a5af0f\jiltests\bin\debug\net452\jiltests.dll" id="18f68709-c2b6-44d0-87c1-8a7aae8f1731"><Execution id="b91c8851-efa8-457a-b70e-b1f267687d14" /><TestMethod codeBase="C:\Users\dt-impact\ftsubs\mstest\kevin-montrose_Jil-8a5af0f\JilTests\bin\Debug\net452\JilTests.dll" adapterTypeName="executor://xunit/VsTestRunner2/desktop_and_uap" className="JilTests.DeserializeTests" name="JilTests.DeserializeTests.EnumMemberAttributeOverride" /></UnitTest><UnitTest name="JilTests.SerializeTests.Issue238" storage="c:\users\dt-impact\ftsubs\mstest\kevin-montrose_jil-8a5af0f\jiltests\bin\debug\net452\jiltests.dll" id="43daa9e4-3d4f-46e0-b234-92da23231c3d"><Execution id="50babf4c-cdc8-4915-baca-6ded4e0c1b04" /><TestMethod codeBase="C:\Users\dt-impact\ftsubs\mstest\kevin-montrose_Jil-8a5af0f\JilTests\bin\Debug\net452\JilTests.dll" adapterTypeName="executor://xunit/VsTestRunner2/desktop_and_uap" className="JilTests.SerializeTests" name="JilTests.SerializeTests.Issue238" /></UnitTest><UnitTest name="JilTests.SerializeTests.JilDirectiveAttributeTest" storage="c:\users\dt-impact\ftsubs\mstest\kevin-montrose_jil-8a5af0f\jiltests\bin\debug\net452\jiltests.dll" id="c3043f89-e65c-4813-a75e-d0c112d4843a"><Execution id="f4ecff97-fc6a-48fc-b5b5-069b4c6ecb10" /><TestMethod codeBase="C:\Users\dt-impact\ftsubs\mstest\kevin-montrose_Jil-8a5af0f\JilTests\bin\Debug\net452\JilTests.dll" adapterTypeName="executor://xunit/VsTestRunner2/desktop_and_uap" className="JilTests.SerializeTests" name="JilTests.SerializeTests.JilDirectiveAttributeTest" /></UnitTest><UnitTest name="JilTests.DeserializeDynamicTests.And" storage="c:\users\dt-impact\ftsubs\mstest\kevin-montrose_jil-8a5af0f\jiltests\bin\debug\net452\jiltests.dll" id="c53457cb-370d-47a2-8694-fcd26db89181"><Execution id="77b39ca0-c3f8-4979-b574-20bd3c8d9687" /><TestMethod codeBase="C:\Users\dt-impact\ftsubs\mstest\kevin-montrose_Jil-8a5af0f\JilTests\bin\Debug\net452\JilTests.dll" adapterTypeName="executor://xunit/VsTestRunner2/desktop_and_uap" className="JilTests.DeserializeDynamicTests" name="JilTests.DeserializeDynamicTests.And" /></UnitTest><UnitTest name="JilTests.DeserializeTests.ISO8601TimeSpan_Weeks" storage="c:\users\dt-impact\ftsubs\mstest\kevin-montrose_jil-8a5af0f\jiltests\bin\debug\net452\jiltests.dll" id="91c6bd3b-5dbf-4212-ac19-e461f40f6c4a"><Execution id="e1908c11-8dd2-4cce-9426-50b807a50311" /><TestMethod codeBase="C:\Users\dt-impact\ftsubs\mstest\kevin-montrose_Jil-8a5af0f\JilTests\bin\Debug\net452\JilTests.dll" adapterTypeName="executor://xunit/VsTestRunner2/desktop_and_uap" className="JilTests.DeserializeTests" name="JilTests.DeserializeTests.ISO8601TimeSpan_Weeks" /></UnitTest><UnitTest name="JilTests.UtilsTests.FieldOffsetsInMemory" storage="c:\users\dt-impact\ftsubs\mstest\kevin-montrose_jil-8a5af0f\jiltests\bin\debug\net452\jiltests.dll" id="9e2777bb-9d3a-4469-9d12-f567dab9a466"><Execution id="85a156db-e07b-47aa-85dd-279fc0f78452" /><TestMethod codeBase="C:\Users\dt-impact\ftsubs\mstest\kevin-montrose_Jil-8a5af0f\JilTests\bin\Debug\net452\JilTests.dll" adapterTypeName="executor://xunit/VsTestRunner2/desktop_and_uap" className="JilTests.UtilsTests" name="JilTests.UtilsTests.FieldOffsetsInMemory" /></UnitTest><UnitTest name="JilTests.DeserializeTests.ISO8601WeekDates" storage="c:\users\dt-impact\ftsubs\mstest\kevin-montrose_jil-8a5af0f\jiltests\bin\debug\net452\jiltests.dll" id="9aa5b35c-6886-4526-a556-dc25a831d601"><Execution id="a29ae670-373a-4755-97a7-2a7b16941965" /><TestMethod codeBase="C:\Users\dt-impact\ftsubs\mstest\kevin-montrose_Jil-8a5af0f\JilTests\bin\Debug\net452\JilTests.dll" adapterTypeName="executor://xunit/VsTestRunner2/desktop_and_uap" className="JilTests.DeserializeTests" name="JilTests.DeserializeTests.ISO8601WeekDates" /></UnitTest><UnitTest name="JilTests.DeserializeTests.MalformedISO8601(dateString: &quot;\&quot;1900-01-01T19:\&quot;&quot;, expectedError: &quot;Expected minute part of ISO8601 time&quot;)" storage="c:\users\dt-impact\ftsubs\mstest\kevin-montrose_jil-8a5af0f\jiltests\bin\debug\net452\jiltests.dll" id="ebd84b51-c528-4dcf-b393-4fa5256c02d8"><Execution id="cd89c24d-f221-4c12-91b3-cf07377546fa" /><TestMethod codeBase="C:\Users\dt-impact\ftsubs\mstest\kevin-montrose_Jil-8a5af0f\JilTests\bin\Debug\net452\JilTests.dll" adapterTypeName="executor://xunit/VsTestRunner2/desktop_and_uap" className="JilTests.DeserializeTests" name="JilTests.DeserializeTests.MalformedISO8601(dateString: &quot;\&quot;1900-01-01T19:\&quot;&quot;, expectedError: &quot;Expected minute part of ISO8601 time&quot;)" /></UnitTest><UnitTest name="JilTests.UtilsTests.FindRecursiveTypes_DictDict" storage="c:\users\dt-impact\ftsubs\mstest\kevin-montrose_jil-8a5af0f\jiltests\bin\debug\net452\jiltests.dll" id="9cc7e44f-4a52-4823-a39d-a33a45628b96"><Execution id="781d7ce4-7c9f-424a-b186-7ce2aa9db101" /><TestMethod codeBase="C:\Users\dt-impact\ftsubs\mstest\kevin-montrose_Jil-8a5af0f\JilTests\bin\Debug\net452\JilTests.dll" adapterTypeName="executor://xunit/VsTestRunner2/desktop_and_uap" className="JilTests.UtilsTests" name="JilTests.UtilsTests.FindRecursiveTypes_DictDict" /></UnitTest><UnitTest name="JilTests.EnumFlagsTest.TestEnumFlagsDeserialize2" storage="c:\users\dt-impact\ftsubs\mstest\kevin-montrose_jil-8a5af0f\jiltests\bin\debug\net452\jiltests.dll" id="3380342e-d5d6-41e2-a5c3-f5dc6a4ba0ba"><Execution id="65d0f171-d7bf-42c7-8c05-197738c5ad3a" /><TestMethod codeBase="C:\Users\dt-impact\ftsubs\mstest\kevin-montrose_Jil-8a5af0f\JilTests\bin\Debug\net452\JilTests.dll" adapterTypeName="executor://xunit/VsTestRunner2/desktop_and_uap" className="JilTests.EnumFlagsTest" name="JilTests.EnumFlagsTest.TestEnumFlagsDeserialize2" /></UnitTest><UnitTest name="JilTests.DeserializeTests.Shorts" storage="c:\users\dt-impact\ftsubs\mstest\kevin-montrose_jil-8a5af0f\jiltests\bin\debug\net452\jiltests.dll" id="051a3b79-42fb-4d85-aebb-75a1b53bad49"><Execution id="fea95be4-1114-4ffa-90b3-8c11bb9659d0" /><TestMethod codeBase="C:\Users\dt-impact\ftsubs\mstest\kevin-montrose_Jil-8a5af0f\JilTests\bin\Debug\net452\JilTests.dll" adapterTypeName="executor://xunit/VsTestRunner2/desktop_and_uap" className="JilTests.DeserializeTests" name="JilTests.DeserializeTests.Shorts" /></UnitTest><UnitTest name="JilTests.SerializeTests.Enumerables" storage="c:\users\dt-impact\ftsubs\mstest\kevin-montrose_jil-8a5af0f\jiltests\bin\debug\net452\jiltests.dll" id="f0455102-f720-4502-adb0-c2b274fff1d8"><Execution id="347d5ed3-f1d2-4445-8b71-6d647e628c6f" /><TestMethod codeBase="C:\Users\dt-impact\ftsubs\mstest\kevin-montrose_Jil-8a5af0f\JilTests\bin\Debug\net452\JilTests.dll" adapterTypeName="executor://xunit/VsTestRunner2/desktop_and_uap" className="JilTests.SerializeTests" name="JilTests.SerializeTests.Enumerables" /></UnitTest><UnitTest name="JilTests.DeserializeTests.UnionAttributeError" storage="c:\users\dt-impact\ftsubs\mstest\kevin-montrose_jil-8a5af0f\jiltests\bin\debug\net452\jiltests.dll" id="e6f7a394-d905-4134-bdd1-6f11e5306ee7"><Execution id="9c8b3acb-a9ca-4c53-8ce5-f48ba363e5d5" /><TestMethod codeBase="C:\Users\dt-impact\ftsubs\mstest\kevin-montrose_Jil-8a5af0f\JilTests\bin\Debug\net452\JilTests.dll" adapterTypeName="executor://xunit/VsTestRunner2/desktop_and_uap" className="JilTests.DeserializeTests" name="JilTests.DeserializeTests.UnionAttributeError" /></UnitTest><UnitTest name="JilTests.DeserializeTests.DateTimeOffsets" storage="c:\users\dt-impact\ftsubs\mstest\kevin-montrose_jil-8a5af0f\jiltests\bin\debug\net452\jiltests.dll" id="6703af3c-2415-475f-8086-133405271c74"><Execution id="92bc53c4-9d59-421a-a17d-1a9bf3c07af6" /><TestMethod codeBase="C:\Users\dt-impact\ftsubs\mstest\kevin-montrose_Jil-8a5af0f\JilTests\bin\Debug\net452\JilTests.dll" adapterTypeName="executor://xunit/VsTestRunner2/desktop_and_uap" className="JilTests.DeserializeTests" name="JilTests.DeserializeTests.DateTimeOffsets" /></UnitTest><UnitTest name="JilTests.DeserializeDynamicTests.LessThanOrEquals" storage="c:\users\dt-impact\ftsubs\mstest\kevin-montrose_jil-8a5af0f\jiltests\bin\debug\net452\jiltests.dll" id="eda3c037-ff1e-4aa3-8eab-b78f7e87cbd9"><Execution id="457dbd64-f2f4-4f1d-90a8-39d469cf86ba" /><TestMethod codeBase="C:\Users\dt-impact\ftsubs\mstest\kevin-montrose_Jil-8a5af0f\JilTests\bin\Debug\net452\JilTests.dll" adapterTypeName="executor://xunit/VsTestRunner2/desktop_and_uap" className="JilTests.DeserializeDynamicTests" name="JilTests.DeserializeDynamicTests.LessThanOrEquals" /></UnitTest><UnitTest name="JilTests.SerializeTests.Issue189" storage="c:\users\dt-impact\ftsubs\mstest\kevin-montrose_jil-8a5af0f\jiltests\bin\debug\net452\jiltests.dll" id="894ef06f-3d70-4e75-a441-26cf500959ba"><Execution id="b6250ddc-b3af-4866-bd37-5145450e2d2a" /><TestMethod codeBase="C:\Users\dt-impact\ftsubs\mstest\kevin-montrose_Jil-8a5af0f\JilTests\bin\Debug\net452\JilTests.dll" adapterTypeName="executor://xunit/VsTestRunner2/desktop_and_uap" className="JilTests.SerializeTests" name="JilTests.SerializeTests.Issue189" /></UnitTest><UnitTest name="JilTests.UtilsTests.ConstantProperties" storage="c:\users\dt-impact\ftsubs\mstest\kevin-montrose_jil-8a5af0f\jiltests\bin\debug\net452\jiltests.dll" id="c1d7985f-c487-4392-ab7d-98e7b39da12b"><Execution id="b069fcb1-370e-4066-a5f1-e51410afb1d1" /><TestMethod codeBase="C:\Users\dt-impact\ftsubs\mstest\kevin-montrose_Jil-8a5af0f\JilTests\bin\Debug\net452\JilTests.dll" adapterTypeName="executor://xunit/VsTestRunner2/desktop_and_uap" className="JilTests.UtilsTests" name="JilTests.UtilsTests.ConstantProperties" /></UnitTest><UnitTest name="JilTests.SerializeTests.ReuseTypeSerializers" storage="c:\users\dt-impact\ftsubs\mstest\kevin-montrose_jil-8a5af0f\jiltests\bin\debug\net452\jiltests.dll" id="5ac0a149-010f-45e3-8054-846d65e7d354"><Execution id="eea57a50-bd55-46bf-b494-761240e166de" /><TestMethod codeBase="C:\Users\dt-impact\ftsubs\mstest\kevin-montrose_Jil-8a5af0f\JilTests\bin\Debug\net452\JilTests.dll" adapterTypeName="executor://xunit/VsTestRunner2/desktop_and_uap" className="JilTests.SerializeTests" name="JilTests.SerializeTests.ReuseTypeSerializers" /></UnitTest><UnitTest name="JilTests.SerializeTests.UnspecifiedToUtc" storage="c:\users\dt-impact\ftsubs\mstest\kevin-montrose_jil-8a5af0f\jiltests\bin\debug\net452\jiltests.dll" id="1408c6be-1a42-4f42-ae68-d9a30a0a45b3"><Execution id="8538cd89-cf4e-485a-a475-eb880e863425" /><TestMethod codeBase="C:\Users\dt-impact\ftsubs\mstest\kevin-montrose_Jil-8a5af0f\JilTests\bin\Debug\net452\JilTests.dll" adapterTypeName="executor://xunit/VsTestRunner2/desktop_and_uap" className="JilTests.SerializeTests" name="JilTests.SerializeTests.UnspecifiedToUtc" /></UnitTest><UnitTest name="JilTests.SerializeTests.PrimitiveWrappers" storage="c:\users\dt-impact\ftsubs\mstest\kevin-montrose_jil-8a5af0f\jiltests\bin\debug\net452\jiltests.dll" id="005552a6-6671-403f-92ff-84efcc017b11"><Execution id="94e751ad-0982-41b9-b103-f6f4d21d624f" /><TestMethod codeBase="C:\Users\dt-impact\ftsubs\mstest\kevin-montrose_Jil-8a5af0f\JilTests\bin\Debug\net452\JilTests.dll" adapterTypeName="executor://xunit/VsTestRunner2/desktop_and_uap" className="JilTests.SerializeTests" name="JilTests.SerializeTests.PrimitiveWrappers" /></UnitTest><UnitTest name="JilTests.DeserializeTests.SBytes" storage="c:\users\dt-impact\ftsubs\mstest\kevin-montrose_jil-8a5af0f\jiltests\bin\debug\net452\jiltests.dll" id="6bf077ab-0baa-43ea-9fc2-d1d1eb6c2998"><Execution id="5d390e5d-140d-48aa-ad84-666d9795c6ee" /><TestMethod codeBase="C:\Users\dt-impact\ftsubs\mstest\kevin-montrose_Jil-8a5af0f\JilTests\bin\Debug\net452\JilTests.dll" adapterTypeName="executor://xunit/VsTestRunner2/desktop_and_uap" className="JilTests.DeserializeTests" name="JilTests.DeserializeTests.SBytes" /></UnitTest><UnitTest name="JilTests.EnumFlagsTest.TestEnumFlagsDeserialize" storage="c:\users\dt-impact\ftsubs\mstest\kevin-montrose_jil-8a5af0f\jiltests\bin\debug\net452\jiltests.dll" id="48acbad1-f3f7-4f3d-a535-2b20ce9af21c"><Execution id="9b383026-74b2-4c40-b59d-08f487580a1a" /><TestMethod codeBase="C:\Users\dt-impact\ftsubs\mstest\kevin-montrose_Jil-8a5af0f\JilTests\bin\Debug\net452\JilTests.dll" adapterTypeName="executor://xunit/VsTestRunner2/desktop_and_uap" className="JilTests.EnumFlagsTest" name="JilTests.EnumFlagsTest.TestEnumFlagsDeserialize" /></UnitTest><UnitTest name="JilTests.DynamicSerializationTests.MillsecondsTimeSpans" storage="c:\users\dt-impact\ftsubs\mstest\kevin-montrose_jil-8a5af0f\jiltests\bin\debug\net452\jiltests.dll" id="a6889d45-2b82-442e-90b9-f0dc8b60fa93"><Execution id="da8a66ff-cda3-47be-b58b-0d91cc0d9774" /><TestMethod codeBase="C:\Users\dt-impact\ftsubs\mstest\kevin-montrose_Jil-8a5af0f\JilTests\bin\Debug\net452\JilTests.dll" adapterTypeName="executor://xunit/VsTestRunner2/desktop_and_uap" className="JilTests.DynamicSerializationTests" name="JilTests.DynamicSerializationTests.MillsecondsTimeSpans" /></UnitTest><UnitTest name="JilTests.DeserializeTests.LargeCharBuffer" storage="c:\users\dt-impact\ftsubs\mstest\kevin-montrose_jil-8a5af0f\jiltests\bin\debug\net452\jiltests.dll" id="bc5c6aea-7f09-4c51-bb64-ca9c463a8984"><Execution id="03f4fd25-b9c5-4648-b49e-269ef0eb8e5f" /><TestMethod codeBase="C:\Users\dt-impact\ftsubs\mstest\kevin-montrose_Jil-8a5af0f\JilTests\bin\Debug\net452\JilTests.dll" adapterTypeName="executor://xunit/VsTestRunner2/desktop_and_uap" className="JilTests.DeserializeTests" name="JilTests.DeserializeTests.LargeCharBuffer" /></UnitTest><UnitTest name="JilTests.DeserializeTests.UnionTypeMisconfiguration" storage="c:\users\dt-impact\ftsubs\mstest\kevin-montrose_jil-8a5af0f\jiltests\bin\debug\net452\jiltests.dll" id="98183d19-ce01-496d-af1a-de16b6a15061"><Execution id="7d3b6a27-1afe-4749-95df-4f219b2cd3eb" /><TestMethod codeBase="C:\Users\dt-impact\ftsubs\mstest\kevin-montrose_Jil-8a5af0f\JilTests\bin\Debug\net452\JilTests.dll" adapterTypeName="executor://xunit/VsTestRunner2/desktop_and_uap" className="JilTests.DeserializeTests" name="JilTests.DeserializeTests.UnionTypeMisconfiguration" /></UnitTest><UnitTest name="JilTests.SerializeTests.Enums" storage="c:\users\dt-impact\ftsubs\mstest\kevin-montrose_jil-8a5af0f\jiltests\bin\debug\net452\jiltests.dll" id="ac89447c-8d41-46b5-85a7-24935e779729"><Execution id="2855f9ab-dc00-476e-9d23-cb5b6379e5a2" /><TestMethod codeBase="C:\Users\dt-impact\ftsubs\mstest\kevin-montrose_Jil-8a5af0f\JilTests\bin\Debug\net452\JilTests.dll" adapterTypeName="executor://xunit/VsTestRunner2/desktop_and_uap" className="JilTests.SerializeTests" name="JilTests.SerializeTests.Enums" /></UnitTest><UnitTest name="JilTests.DeserializeTests.MalformedISO8601(dateString: &quot;\&quot;1900-01-01+00:30\&quot;&quot;, expectedError: &quot;Unexpected date string length&quot;)" storage="c:\users\dt-impact\ftsubs\mstest\kevin-montrose_jil-8a5af0f\jiltests\bin\debug\net452\jiltests.dll" id="eb85f203-dad8-414e-a490-94c272b796dd"><Execution id="924fb59b-e72c-4128-a3b0-987ee53d35db" /><TestMethod codeBase="C:\Users\dt-impact\ftsubs\mstest\kevin-montrose_Jil-8a5af0f\JilTests\bin\Debug\net452\JilTests.dll" adapterTypeName="executor://xunit/VsTestRunner2/desktop_and_uap" className="JilTests.DeserializeTests" name="JilTests.DeserializeTests.MalformedISO8601(dateString: &quot;\&quot;1900-01-01+00:30\&quot;&quot;, expectedError: &quot;Unexpected date string length&quot;)" /></UnitTest><UnitTest name="JilTests.DeserializeTests.Objects" storage="c:\users\dt-impact\ftsubs\mstest\kevin-montrose_jil-8a5af0f\jiltests\bin\debug\net452\jiltests.dll" id="0507bd9b-8c35-4eb6-9128-01eabe356925"><Execution id="8c014dc9-4fa7-4faa-a415-1e16327ecad8" /><TestMethod codeBase="C:\Users\dt-impact\ftsubs\mstest\kevin-montrose_Jil-8a5af0f\JilTests\bin\Debug\net452\JilTests.dll" adapterTypeName="executor://xunit/VsTestRunner2/desktop_and_uap" className="JilTests.DeserializeTests" name="JilTests.DeserializeTests.Objects" /></UnitTest><UnitTest name="JilTests.DeserializeTests.IEnumerableMember" storage="c:\users\dt-impact\ftsubs\mstest\kevin-montrose_jil-8a5af0f\jiltests\bin\debug\net452\jiltests.dll" id="e95cf34b-078f-4406-9ee9-e795e18eba73"><Execution id="40a845fb-8916-4990-a60d-3599b5b30e57" /><TestMethod codeBase="C:\Users\dt-impact\ftsubs\mstest\kevin-montrose_Jil-8a5af0f\JilTests\bin\Debug\net452\JilTests.dll" adapterTypeName="executor://xunit/VsTestRunner2/desktop_and_uap" className="JilTests.DeserializeTests" name="JilTests.DeserializeTests.IEnumerableMember" /></UnitTest><UnitTest name="JilTests.DeserializeTests.DictionaryEnumKeys" storage="c:\users\dt-impact\ftsubs\mstest\kevin-montrose_jil-8a5af0f\jiltests\bin\debug\net452\jiltests.dll" id="8e3e901d-4631-4afc-b27a-59ec9f39dc31"><Execution id="bbdb2ada-bba0-445e-9814-34b6c8d108d0" /><TestMethod codeBase="C:\Users\dt-impact\ftsubs\mstest\kevin-montrose_Jil-8a5af0f\JilTests\bin\Debug\net452\JilTests.dll" adapterTypeName="executor://xunit/VsTestRunner2/desktop_and_uap" className="JilTests.DeserializeTests" name="JilTests.DeserializeTests.DictionaryEnumKeys" /></UnitTest><UnitTest name="JilTests.SerializeTests.ISO8601TimeSpans" storage="c:\users\dt-impact\ftsubs\mstest\kevin-montrose_jil-8a5af0f\jiltests\bin\debug\net452\jiltests.dll" id="13e7ac64-2368-46d2-a239-02fd458b06a0"><Execution id="35ef1488-4cf6-4083-843e-7e7296fcc533" /><TestMethod codeBase="C:\Users\dt-impact\ftsubs\mstest\kevin-montrose_Jil-8a5af0f\JilTests\bin\Debug\net452\JilTests.dll" adapterTypeName="executor://xunit/VsTestRunner2/desktop_and_uap" className="JilTests.SerializeTests" name="JilTests.SerializeTests.ISO8601TimeSpans" /></UnitTest><UnitTest name="JilTests.SerializeTests.LessThan100" storage="c:\users\dt-impact\ftsubs\mstest\kevin-montrose_jil-8a5af0f\jiltests\bin\debug\net452\jiltests.dll" id="241686fb-2b6f-4aaa-bdea-7ab5e653b99f"><Execution id="acaa7d4a-3a97-474f-885b-40b55438f543" /><TestMethod codeBase="C:\Users\dt-impact\ftsubs\mstest\kevin-montrose_Jil-8a5af0f\JilTests\bin\Debug\net452\JilTests.dll" adapterTypeName="executor://xunit/VsTestRunner2/desktop_and_uap" className="JilTests.SerializeTests" name="JilTests.SerializeTests.LessThan100" /></UnitTest><UnitTest name="JilTests.DeserializeDynamicTests.LessThan" storage="c:\users\dt-impact\ftsubs\mstest\kevin-montrose_jil-8a5af0f\jiltests\bin\debug\net452\jiltests.dll" id="96f4f8cd-51c5-4d3b-bd3f-293ef71bf519"><Execution id="c0ce46b8-b1fb-4e26-af01-6858387b2fb0" /><TestMethod codeBase="C:\Users\dt-impact\ftsubs\mstest\kevin-montrose_Jil-8a5af0f\JilTests\bin\Debug\net452\JilTests.dll" adapterTypeName="executor://xunit/VsTestRunner2/desktop_and_uap" className="JilTests.DeserializeDynamicTests" name="JilTests.DeserializeDynamicTests.LessThan" /></UnitTest><UnitTest name="JilTests.DeserializeTests.SerializationNameFormatsDeserialization" storage="c:\users\dt-impact\ftsubs\mstest\kevin-montrose_jil-8a5af0f\jiltests\bin\debug\net452\jiltests.dll" id="36058d4d-45fc-4419-8bd0-12a9f57f391b"><Execution id="a6f9a4d0-1124-4090-932c-f1fea99d8db6" /><TestMethod codeBase="C:\Users\dt-impact\ftsubs\mstest\kevin-montrose_Jil-8a5af0f\JilTests\bin\Debug\net452\JilTests.dll" adapterTypeName="executor://xunit/VsTestRunner2/desktop_and_uap" className="JilTests.DeserializeTests" name="JilTests.DeserializeTests.SerializationNameFormatsDeserialization" /></UnitTest><UnitTest name="JilTests.SerializeTests.DataMemberName" storage="c:\users\dt-impact\ftsubs\mstest\kevin-montrose_jil-8a5af0f\jiltests\bin\debug\net452\jiltests.dll" id="b0866900-f619-4cab-b46d-fcbd71778361"><Execution id="c0915e67-8e13-4906-8859-46bdcda70eaf" /><TestMethod codeBase="C:\Users\dt-impact\ftsubs\mstest\kevin-montrose_Jil-8a5af0f\JilTests\bin\Debug\net452\JilTests.dll" adapterTypeName="executor://xunit/VsTestRunner2/desktop_and_uap" className="JilTests.SerializeTests" name="JilTests.SerializeTests.DataMemberName" /></UnitTest><UnitTest name="JilTests.DeserializeDynamicTests.SignedSmallNumberTests" storage="c:\users\dt-impact\ftsubs\mstest\kevin-montrose_jil-8a5af0f\jiltests\bin\debug\net452\jiltests.dll" id="85fa87ec-7fe3-412d-a91d-c4e9d0bf52a7"><Execution id="dac597c5-4c81-439b-8daa-a1e41c974464" /><TestMethod codeBase="C:\Users\dt-impact\ftsubs\mstest\kevin-montrose_Jil-8a5af0f\JilTests\bin\Debug\net452\JilTests.dll" adapterTypeName="executor://xunit/VsTestRunner2/desktop_and_uap" className="JilTests.DeserializeDynamicTests" name="JilTests.DeserializeDynamicTests.SignedSmallNumberTests" /></UnitTest><UnitTest name="JilTests.DeserializeDynamicTests.NotEquals" storage="c:\users\dt-impact\ftsubs\mstest\kevin-montrose_jil-8a5af0f\jiltests\bin\debug\net452\jiltests.dll" id="206b167f-4f75-4e41-af63-84fae1b1bddf"><Execution id="740dcdb5-bc69-418c-9fb1-283b5ca0326b" /><TestMethod codeBase="C:\Users\dt-impact\ftsubs\mstest\kevin-montrose_Jil-8a5af0f\JilTests\bin\Debug\net452\JilTests.dll" adapterTypeName="executor://xunit/VsTestRunner2/desktop_and_uap" className="JilTests.DeserializeDynamicTests" name="JilTests.DeserializeDynamicTests.NotEquals" /></UnitTest><UnitTest name="JilTests.DeserializeDynamicTests.Issue143TimeSpan" storage="c:\users\dt-impact\ftsubs\mstest\kevin-montrose_jil-8a5af0f\jiltests\bin\debug\net452\jiltests.dll" id="5a2d7339-05c4-49fa-84ce-4bb6fcac422b"><Execution id="2a703ce3-c085-4ca5-8c58-69e76cf2fba0" /><TestMethod codeBase="C:\Users\dt-impact\ftsubs\mstest\kevin-montrose_Jil-8a5af0f\JilTests\bin\Debug\net452\JilTests.dll" adapterTypeName="executor://xunit/VsTestRunner2/desktop_and_uap" className="JilTests.DeserializeDynamicTests" name="JilTests.DeserializeDynamicTests.Issue143TimeSpan" /></UnitTest><UnitTest name="JilTests.DynamicSerializationTests.Objects" storage="c:\users\dt-impact\ftsubs\mstest\kevin-montrose_jil-8a5af0f\jiltests\bin\debug\net452\jiltests.dll" id="399b55f4-8956-4e73-9e02-10eb5d27a654"><Execution id="3c28f2d5-ddaa-40aa-ac6f-d2cd3c705b1d" /><TestMethod codeBase="C:\Users\dt-impact\ftsubs\mstest\kevin-montrose_Jil-8a5af0f\JilTests\bin\Debug\net452\JilTests.dll" adapterTypeName="executor://xunit/VsTestRunner2/desktop_and_uap" className="JilTests.DynamicSerializationTests" name="JilTests.DynamicSerializationTests.Objects" /></UnitTest><UnitTest name="JilTests.DeserializeDynamicTests.Issue117(input: &quot;12.&quot;, expectedError: &quot;Expected digit&quot;)" storage="c:\users\dt-impact\ftsubs\mstest\kevin-montrose_jil-8a5af0f\jiltests\bin\debug\net452\jiltests.dll" id="64188993-9519-4d5c-b973-007a4a586270"><Execution id="19de1e13-7599-4b72-818b-a83caf370770" /><TestMethod codeBase="C:\Users\dt-impact\ftsubs\mstest\kevin-montrose_Jil-8a5af0f\JilTests\bin\Debug\net452\JilTests.dll" adapterTypeName="executor://xunit/VsTestRunner2/desktop_and_uap" className="JilTests.DeserializeDynamicTests" name="JilTests.DeserializeDynamicTests.Issue117(input: &quot;12.&quot;, expectedError: &quot;Expected digit&quot;)" /></UnitTest><UnitTest name="JilTests.SerializeTests.ReadOnlyLists" storage="c:\users\dt-impact\ftsubs\mstest\kevin-montrose_jil-8a5af0f\jiltests\bin\debug\net452\jiltests.dll" id="9c8f1364-5a54-4831-b937-e0a86ea747e6"><Execution id="5aaeea04-5b36-43ec-8e0d-524a6574ba94" /><TestMethod codeBase="C:\Users\dt-impact\ftsubs\mstest\kevin-montrose_Jil-8a5af0f\JilTests\bin\Debug\net452\JilTests.dll" adapterTypeName="executor://xunit/VsTestRunner2/desktop_and_uap" className="JilTests.SerializeTests" name="JilTests.SerializeTests.ReadOnlyLists" /></UnitTest><UnitTest name="JilTests.DeserializeDynamicTests.Issue143DateTimeOffsetFractionOverflow" storage="c:\users\dt-impact\ftsubs\mstest\kevin-montrose_jil-8a5af0f\jiltests\bin\debug\net452\jiltests.dll" id="5e470124-9e9d-4254-b0b9-0803fdbc78b0"><Execution id="ff08d690-dd70-4192-b91c-40da844e4606" /><TestMethod codeBase="C:\Users\dt-impact\ftsubs\mstest\kevin-montrose_Jil-8a5af0f\JilTests\bin\Debug\net452\JilTests.dll" adapterTypeName="executor://xunit/VsTestRunner2/desktop_and_uap" className="JilTests.DeserializeDynamicTests" name="JilTests.DeserializeDynamicTests.Issue143DateTimeOffsetFractionOverflow" /></UnitTest><UnitTest name="JilTests.DeserializeTests.Issue43" storage="c:\users\dt-impact\ftsubs\mstest\kevin-montrose_jil-8a5af0f\jiltests\bin\debug\net452\jiltests.dll" id="aaca2ed3-931f-499b-90db-c723a516f33c"><Execution id="dd4bff42-0040-4b96-887e-50bf8e6f951f" /><TestMethod codeBase="C:\Users\dt-impact\ftsubs\mstest\kevin-montrose_Jil-8a5af0f\JilTests\bin\Debug\net452\JilTests.dll" adapterTypeName="executor://xunit/VsTestRunner2/desktop_and_uap" className="JilTests.DeserializeTests" name="JilTests.DeserializeTests.Issue43" /></UnitTest><UnitTest name="JilTests.DeserializeTests.ObjectsSkipMembers" storage="c:\users\dt-impact\ftsubs\mstest\kevin-montrose_jil-8a5af0f\jiltests\bin\debug\net452\jiltests.dll" id="8b9fb536-25c8-4c25-a7b0-cc6caebafb7d"><Execution id="1ddba338-3b91-423f-8e12-6484e8e6107f" /><TestMethod codeBase="C:\Users\dt-impact\ftsubs\mstest\kevin-montrose_Jil-8a5af0f\JilTests\bin\Debug\net452\JilTests.dll" adapterTypeName="executor://xunit/VsTestRunner2/desktop_and_uap" className="JilTests.DeserializeTests" name="JilTests.DeserializeTests.ObjectsSkipMembers" /></UnitTest><UnitTest name="JilTests.DeserializeTests.DeserializeNonGeneric" storage="c:\users\dt-impact\ftsubs\mstest\kevin-montrose_jil-8a5af0f\jiltests\bin\debug\net452\jiltests.dll" id="126f030c-45d7-46fe-91f9-13239b7ce43a"><Execution id="9eb7d53a-421e-4e94-9de4-715ab560c13f" /><TestMethod codeBase="C:\Users\dt-impact\ftsubs\mstest\kevin-montrose_Jil-8a5af0f\JilTests\bin\Debug\net452\JilTests.dll" adapterTypeName="executor://xunit/VsTestRunner2/desktop_and_uap" className="JilTests.DeserializeTests" name="JilTests.DeserializeTests.DeserializeNonGeneric" /></UnitTest><UnitTest name="JilTests.DeserializeDynamicTests.TimeSpans_Seconds" storage="c:\users\dt-impact\ftsubs\mstest\kevin-montrose_jil-8a5af0f\jiltests\bin\debug\net452\jiltests.dll" id="68ccb2b5-167f-4c13-bba5-b50ace7dc1cb"><Execution id="d477c808-8a0f-4f3f-a74c-a1c2e4132c17" /><TestMethod codeBase="C:\Users\dt-impact\ftsubs\mstest\kevin-montrose_Jil-8a5af0f\JilTests\bin\Debug\net452\JilTests.dll" adapterTypeName="executor://xunit/VsTestRunner2/desktop_and_uap" className="JilTests.DeserializeDynamicTests" name="JilTests.DeserializeDynamicTests.TimeSpans_Seconds" /></UnitTest><UnitTest name="JilTests.SerializeTests.Issue42" storage="c:\users\dt-impact\ftsubs\mstest\kevin-montrose_jil-8a5af0f\jiltests\bin\debug\net452\jiltests.dll" id="0aae9671-d397-43c5-acc4-e37869649e34"><Execution id="8fe433d6-d215-46f1-ba2c-4ada2416fab2" /><TestMethod codeBase="C:\Users\dt-impact\ftsubs\mstest\kevin-montrose_Jil-8a5af0f\JilTests\bin\Debug\net452\JilTests.dll" adapterTypeName="executor://xunit/VsTestRunner2/desktop_and_uap" className="JilTests.SerializeTests" name="JilTests.SerializeTests.Issue42" /></UnitTest><UnitTest name="JilTests.DeserializeTests.Issue176" storage="c:\users\dt-impact\ftsubs\mstest\kevin-montrose_jil-8a5af0f\jiltests\bin\debug\net452\jiltests.dll" id="1dd39abb-3cfc-487e-a940-6c6b7c033651"><Execution id="ee4d89c2-b893-46c8-a04a-52791c3bb48f" /><TestMethod codeBase="C:\Users\dt-impact\ftsubs\mstest\kevin-montrose_Jil-8a5af0f\JilTests\bin\Debug\net452\JilTests.dll" adapterTypeName="executor://xunit/VsTestRunner2/desktop_and_uap" className="JilTests.DeserializeTests" name="JilTests.DeserializeTests.Issue176" /></UnitTest><UnitTest name="JilTests.DeserializeDynamicTests.TimeSpans_Microsoft" storage="c:\users\dt-impact\ftsubs\mstest\kevin-montrose_jil-8a5af0f\jiltests\bin\debug\net452\jiltests.dll" id="d4bb521d-cd5f-4c44-8296-bfddd54f289b"><Execution id="2cbe3909-1a8b-4db5-b3ab-1724d04c81c7" /><TestMethod codeBase="C:\Users\dt-impact\ftsubs\mstest\kevin-montrose_Jil-8a5af0f\JilTests\bin\Debug\net452\JilTests.dll" adapterTypeName="executor://xunit/VsTestRunner2/desktop_and_uap" className="JilTests.DeserializeDynamicTests" name="JilTests.DeserializeDynamicTests.TimeSpans_Microsoft" /></UnitTest><UnitTest name="JilTests.DeserializeTests.EmptyMembers" storage="c:\users\dt-impact\ftsubs\mstest\kevin-montrose_jil-8a5af0f\jiltests\bin\debug\net452\jiltests.dll" id="7f52e592-2cff-46dc-9939-1f967f2b4e55"><Execution id="984bf5f8-6704-433b-a75f-5fbc2c8fd6f4" /><TestMethod codeBase="C:\Users\dt-impact\ftsubs\mstest\kevin-montrose_Jil-8a5af0f\JilTests\bin\Debug\net452\JilTests.dll" adapterTypeName="executor://xunit/VsTestRunner2/desktop_and_uap" className="JilTests.DeserializeTests" name="JilTests.DeserializeTests.EmptyMembers" /></UnitTest><UnitTest name="JilTests.DynamicSerializationTests.Issue224" storage="c:\users\dt-impact\ftsubs\mstest\kevin-montrose_jil-8a5af0f\jiltests\bin\debug\net452\jiltests.dll" id="ded0d8a4-452b-4448-9b2f-fe0f5c53d2c3"><Execution id="7c956115-d8d5-4fd2-bbbe-560d06bf6b0b" /><TestMethod codeBase="C:\Users\dt-impact\ftsubs\mstest\kevin-montrose_Jil-8a5af0f\JilTests\bin\Debug\net452\JilTests.dll" adapterTypeName="executor://xunit/VsTestRunner2/desktop_and_uap" className="JilTests.DynamicSerializationTests" name="JilTests.DynamicSerializationTests.Issue224" /></UnitTest><UnitTest name="JilTests.DeserializeTests.IllegalUTF16Char" storage="c:\users\dt-impact\ftsubs\mstest\kevin-montrose_jil-8a5af0f\jiltests\bin\debug\net452\jiltests.dll" id="a65d50f0-6147-419e-89ef-95bba6ec859b"><Execution id="0fd714a7-12ca-4bd4-80c5-d0639f342c8a" /><TestMethod codeBase="C:\Users\dt-impact\ftsubs\mstest\kevin-montrose_Jil-8a5af0f\JilTests\bin\Debug\net452\JilTests.dll" adapterTypeName="executor://xunit/VsTestRunner2/desktop_and_uap" className="JilTests.DeserializeTests" name="JilTests.DeserializeTests.IllegalUTF16Char" /></UnitTest><UnitTest name="JilTests.DeserializeTests.DataMemberName" storage="c:\users\dt-impact\ftsubs\mstest\kevin-montrose_jil-8a5af0f\jiltests\bin\debug\net452\jiltests.dll" id="44d7732d-4de8-4822-ab4d-f94365401a89"><Execution id="d0eb93bc-de5f-4f7c-bee0-3103df38370e" /><TestMethod codeBase="C:\Users\dt-impact\ftsubs\mstest\kevin-montrose_Jil-8a5af0f\JilTests\bin\Debug\net452\JilTests.dll" adapterTypeName="executor://xunit/VsTestRunner2/desktop_and_uap" className="JilTests.DeserializeTests" name="JilTests.DeserializeTests.DataMemberName" /></UnitTest><UnitTest name="JilTests.UtilsTests.FindReusedTypes_ListList" storage="c:\users\dt-impact\ftsubs\mstest\kevin-montrose_jil-8a5af0f\jiltests\bin\debug\net452\jiltests.dll" id="f0da9d43-390b-4dc4-ba65-6b5b018e41a6"><Execution id="16715bdc-cabf-417c-955b-8082d7f2e9fb" /><TestMethod codeBase="C:\Users\dt-impact\ftsubs\mstest\kevin-montrose_Jil-8a5af0f\JilTests\bin\Debug\net452\JilTests.dll" adapterTypeName="executor://xunit/VsTestRunner2/desktop_and_uap" className="JilTests.UtilsTests" name="JilTests.UtilsTests.FindReusedTypes_ListList" /></UnitTest><UnitTest name="JilTests.DeserializeDynamicTests.EqualsTest" storage="c:\users\dt-impact\ftsubs\mstest\kevin-montrose_jil-8a5af0f\jiltests\bin\debug\net452\jiltests.dll" id="f32d79d6-25ec-4acd-986b-51b15fdba456"><Execution id="89672c1b-20d3-4050-ab4b-9dcdb802fd3d" /><TestMethod codeBase="C:\Users\dt-impact\ftsubs\mstest\kevin-montrose_Jil-8a5af0f\JilTests\bin\Debug\net452\JilTests.dll" adapterTypeName="executor://xunit/VsTestRunner2/desktop_and_uap" className="JilTests.DeserializeDynamicTests" name="JilTests.DeserializeDynamicTests.EqualsTest" /></UnitTest><UnitTest name="JilTests.DynamicSerializationTests.Issue158" storage="c:\users\dt-impact\ftsubs\mstest\kevin-montrose_jil-8a5af0f\jiltests\bin\debug\net452\jiltests.dll" id="1df04a62-a5d8-4cff-bd85-cfa07959b07b"><Execution id="71fe56ee-7094-4937-8bcb-24fd606af3af" /><TestMethod codeBase="C:\Users\dt-impact\ftsubs\mstest\kevin-montrose_Jil-8a5af0f\JilTests\bin\Debug\net452\JilTests.dll" adapterTypeName="executor://xunit/VsTestRunner2/desktop_and_uap" className="JilTests.DynamicSerializationTests" name="JilTests.DynamicSerializationTests.Issue158" /></UnitTest><UnitTest name="JilTests.DeserializeDynamicTests.Divide" storage="c:\users\dt-impact\ftsubs\mstest\kevin-montrose_jil-8a5af0f\jiltests\bin\debug\net452\jiltests.dll" id="14a8818c-c591-49ca-8fa1-d3f116f45342"><Execution id="36c83a38-4353-4f1a-9fac-7d460701cc0f" /><TestMethod codeBase="C:\Users\dt-impact\ftsubs\mstest\kevin-montrose_Jil-8a5af0f\JilTests\bin\Debug\net452\JilTests.dll" adapterTypeName="executor://xunit/VsTestRunner2/desktop_and_uap" className="JilTests.DeserializeDynamicTests" name="JilTests.DeserializeDynamicTests.Divide" /></UnitTest><UnitTest name="JilTests.SerializeTests.NoNameDataMember" storage="c:\users\dt-impact\ftsubs\mstest\kevin-montrose_jil-8a5af0f\jiltests\bin\debug\net452\jiltests.dll" id="f2a79eee-2f23-4f80-af3f-7e8d4b41cc8b"><Execution id="1ae551a3-f41e-4c71-a550-22d22f293518" /><TestMethod codeBase="C:\Users\dt-impact\ftsubs\mstest\kevin-montrose_Jil-8a5af0f\JilTests\bin\Debug\net452\JilTests.dll" adapterTypeName="executor://xunit/VsTestRunner2/desktop_and_uap" className="JilTests.SerializeTests" name="JilTests.SerializeTests.NoNameDataMember" /></UnitTest><UnitTest name="JilTests.DeserializeTests.Issue143TimeSpanFractionOverflow" storage="c:\users\dt-impact\ftsubs\mstest\kevin-montrose_jil-8a5af0f\jiltests\bin\debug\net452\jiltests.dll" id="c22c1d30-5596-4940-8e19-447fbe5098e3"><Execution id="cd419bb7-2864-49a0-80d9-dbf83a193b2e" /><TestMethod codeBase="C:\Users\dt-impact\ftsubs\mstest\kevin-montrose_Jil-8a5af0f\JilTests\bin\Debug\net452\JilTests.dll" adapterTypeName="executor://xunit/VsTestRunner2/desktop_and_uap" className="JilTests.DeserializeTests" name="JilTests.DeserializeTests.Issue143TimeSpanFractionOverflow" /></UnitTest><UnitTest name="JilTests.DeserializeDynamicTests.RFC1123" storage="c:\users\dt-impact\ftsubs\mstest\kevin-montrose_jil-8a5af0f\jiltests\bin\debug\net452\jiltests.dll" id="f58fb102-b73a-4d56-be07-33695ddb7ae3"><Execution id="d4705d87-b07a-457d-a725-956536520d95" /><TestMethod codeBase="C:\Users\dt-impact\ftsubs\mstest\kevin-montrose_Jil-8a5af0f\JilTests\bin\Debug\net452\JilTests.dll" adapterTypeName="executor://xunit/VsTestRunner2/desktop_and_uap" className="JilTests.DeserializeDynamicTests" name="JilTests.DeserializeDynamicTests.RFC1123" /></UnitTest><UnitTest name="JilTests.SerializeTests.TestSerializationNameFormatsSerialization" storage="c:\users\dt-impact\ftsubs\mstest\kevin-montrose_jil-8a5af0f\jiltests\bin\debug\net452\jiltests.dll" id="5c1f533c-be45-4ea6-b5db-0ec7111e6ded"><Execution id="0239a37a-dfe5-4622-888a-8e48e1774138" /><TestMethod codeBase="C:\Users\dt-impact\ftsubs\mstest\kevin-montrose_Jil-8a5af0f\JilTests\bin\Debug\net452\JilTests.dll" adapterTypeName="executor://xunit/VsTestRunner2/desktop_and_uap" className="JilTests.SerializeTests" name="JilTests.SerializeTests.TestSerializationNameFormatsSerialization" /></UnitTest><UnitTest name="JilTests.DeserializeTests.BadDecimal(input: &quot;1.2E++10&quot;, expectedSnippetAfter: &quot;+10&quot;)" storage="c:\users\dt-impact\ftsubs\mstest\kevin-montrose_jil-8a5af0f\jiltests\bin\debug\net452\jiltests.dll" id="f08843e3-46ba-4538-8b62-28f15652def8"><Execution id="eb5a63ad-abd2-459e-987f-c9c09243607d" /><TestMethod codeBase="C:\Users\dt-impact\ftsubs\mstest\kevin-montrose_Jil-8a5af0f\JilTests\bin\Debug\net452\JilTests.dll" adapterTypeName="executor://xunit/VsTestRunner2/desktop_and_uap" className="JilTests.DeserializeTests" name="JilTests.DeserializeTests.BadDecimal(input: &quot;1.2E++10&quot;, expectedSnippetAfter: &quot;+10&quot;)" /></UnitTest><UnitTest name="JilTests.DeserializeTests.MalformedISO8601(dateString: &quot;\&quot;1900-999\&quot;&quot;, expectedError: &quot;Expected ordinal day to be between 001 and 366&quot;)" storage="c:\users\dt-impact\ftsubs\mstest\kevin-montrose_jil-8a5af0f\jiltests\bin\debug\net452\jiltests.dll" id="757186e0-9306-4485-9fb2-ce64e42323c5"><Execution id="e68d3fe7-0543-455a-ac88-5de20544c70f" /><TestMethod codeBase="C:\Users\dt-impact\ftsubs\mstest\kevin-montrose_Jil-8a5af0f\JilTests\bin\Debug\net452\JilTests.dll" adapterTypeName="executor://xunit/VsTestRunner2/desktop_and_uap" className="JilTests.DeserializeTests" name="JilTests.DeserializeTests.MalformedISO8601(dateString: &quot;\&quot;1900-999\&quot;&quot;, expectedError: &quot;Expected ordinal day to be between 001 and 366&quot;)" /></UnitTest><UnitTest name="JilTests.DeserializeTests.EmptyArrayWithSpace" storage="c:\users\dt-impact\ftsubs\mstest\kevin-montrose_jil-8a5af0f\jiltests\bin\debug\net452\jiltests.dll" id="0f814496-9a5b-481a-8122-92ac91c8e3e1"><Execution id="7c1d4582-b4d9-4483-9902-a09d250d6655" /><TestMethod codeBase="C:\Users\dt-impact\ftsubs\mstest\kevin-montrose_Jil-8a5af0f\JilTests\bin\Debug\net452\JilTests.dll" adapterTypeName="executor://xunit/VsTestRunner2/desktop_and_uap" className="JilTests.DeserializeTests" name="JilTests.DeserializeTests.EmptyArrayWithSpace" /></UnitTest><UnitTest name="JilTests.DeserializeDynamicTests.GreaterThan" storage="c:\users\dt-impact\ftsubs\mstest\kevin-montrose_jil-8a5af0f\jiltests\bin\debug\net452\jiltests.dll" id="ce4866b5-ed18-404e-9ac8-2c56763fffd5"><Execution id="058d0ce9-c689-40ef-92b7-223b94aab856" /><TestMethod codeBase="C:\Users\dt-impact\ftsubs\mstest\kevin-montrose_Jil-8a5af0f\JilTests\bin\Debug\net452\JilTests.dll" adapterTypeName="executor://xunit/VsTestRunner2/desktop_and_uap" className="JilTests.DeserializeDynamicTests" name="JilTests.DeserializeDynamicTests.GreaterThan" /></UnitTest><UnitTest name="JilTests.DeserializeTests.IReadOnlyDictionaryEnumKeys" storage="c:\users\dt-impact\ftsubs\mstest\kevin-montrose_jil-8a5af0f\jiltests\bin\debug\net452\jiltests.dll" id="f5092287-aa6e-4aff-bd00-93364176290c"><Execution id="49ec928d-ddd8-4ef2-86a3-b26cb93c50cc" /><TestMethod codeBase="C:\Users\dt-impact\ftsubs\mstest\kevin-montrose_Jil-8a5af0f\JilTests\bin\Debug\net452\JilTests.dll" adapterTypeName="executor://xunit/VsTestRunner2/desktop_and_uap" className="JilTests.DeserializeTests" name="JilTests.DeserializeTests.IReadOnlyDictionaryEnumKeys" /></UnitTest><UnitTest name="JilTests.DeserializeDynamicTests.Array" storage="c:\users\dt-impact\ftsubs\mstest\kevin-montrose_jil-8a5af0f\jiltests\bin\debug\net452\jiltests.dll" id="38cbf0c7-2885-4340-afd1-147294fa94d0"><Execution id="33186651-4e5c-46b0-ae21-abe350d5e7d0" /><TestMethod codeBase="C:\Users\dt-impact\ftsubs\mstest\kevin-montrose_Jil-8a5af0f\JilTests\bin\Debug\net452\JilTests.dll" adapterTypeName="executor://xunit/VsTestRunner2/desktop_and_uap" className="JilTests.DeserializeDynamicTests" name="JilTests.DeserializeDynamicTests.Array" /></UnitTest><UnitTest name="JilTests.DeserializeTests.MalformedISO8601(dateString: &quot;\&quot;1999W018\&quot;&quot;, expectedError: &quot;Expected day to be a digit between 1 and 7&quot;)" storage="c:\users\dt-impact\ftsubs\mstest\kevin-montrose_jil-8a5af0f\jiltests\bin\debug\net452\jiltests.dll" id="d00fe763-2c01-4d40-b8c7-3d20160e5b52"><Execution id="9cefde60-8a6a-45e5-9585-de6739352c87" /><TestMethod codeBase="C:\Users\dt-impact\ftsubs\mstest\kevin-montrose_Jil-8a5af0f\JilTests\bin\Debug\net452\JilTests.dll" adapterTypeName="executor://xunit/VsTestRunner2/desktop_and_uap" className="JilTests.DeserializeTests" name="JilTests.DeserializeTests.MalformedISO8601(dateString: &quot;\&quot;1999W018\&quot;&quot;, expectedError: &quot;Expected day to be a digit between 1 and 7&quot;)" /></UnitTest><UnitTest name="JilTests.DeserializeTests.DateTimeOffsetPreservesOffset" storage="c:\users\dt-impact\ftsubs\mstest\kevin-montrose_jil-8a5af0f\jiltests\bin\debug\net452\jiltests.dll" id="b5d36001-6bf6-4329-b21b-96ed3aa590ae"><Execution id="afb7190f-5ce2-4d42-9949-fbebe08bc1b9" /><TestMethod codeBase="C:\Users\dt-impact\ftsubs\mstest\kevin-montrose_Jil-8a5af0f\JilTests\bin\Debug\net452\JilTests.dll" adapterTypeName="executor://xunit/VsTestRunner2/desktop_and_uap" className="JilTests.DeserializeTests" name="JilTests.DeserializeTests.DateTimeOffsetPreservesOffset" /></UnitTest><UnitTest name="JilTests.DeserializeTests.Arrays" storage="c:\users\dt-impact\ftsubs\mstest\kevin-montrose_jil-8a5af0f\jiltests\bin\debug\net452\jiltests.dll" id="a4de15c1-0b99-4573-98e1-f01c3ff712fb"><Execution id="128d4b7e-d245-4ef1-80ff-cf85033cb2cd" /><TestMethod codeBase="C:\Users\dt-impact\ftsubs\mstest\kevin-montrose_Jil-8a5af0f\JilTests\bin\Debug\net452\JilTests.dll" adapterTypeName="executor://xunit/VsTestRunner2/desktop_and_uap" className="JilTests.DeserializeTests" name="JilTests.DeserializeTests.Arrays" /></UnitTest><UnitTest name="JilTests.DeserializeTests.Issue128" storage="c:\users\dt-impact\ftsubs\mstest\kevin-montrose_jil-8a5af0f\jiltests\bin\debug\net452\jiltests.dll" id="ca3c3c58-dfa6-4adf-9313-8a029d3280dd"><Execution id="dc54661d-ab1a-43a3-bb95-1f83c0c1720a" /><TestMethod codeBase="C:\Users\dt-impact\ftsubs\mstest\kevin-montrose_Jil-8a5af0f\JilTests\bin\Debug\net452\JilTests.dll" adapterTypeName="executor://xunit/VsTestRunner2/desktop_and_uap" className="JilTests.DeserializeTests" name="JilTests.DeserializeTests.Issue128" /></UnitTest><UnitTest name="JilTests.SerializeTests.CyclicalValueTypes" storage="c:\users\dt-impact\ftsubs\mstest\kevin-montrose_jil-8a5af0f\jiltests\bin\debug\net452\jiltests.dll" id="01a5383c-3eee-4434-98b9-080cb6ebff84"><Execution id="363e7c8c-8d86-4e57-8c36-4327790a6450" /><TestMethod codeBase="C:\Users\dt-impact\ftsubs\mstest\kevin-montrose_Jil-8a5af0f\JilTests\bin\Debug\net452\JilTests.dll" adapterTypeName="executor://xunit/VsTestRunner2/desktop_and_uap" className="JilTests.SerializeTests" name="JilTests.SerializeTests.CyclicalValueTypes" /></UnitTest><UnitTest name="JilTests.DeserializeTests.NoNameDataMember" storage="c:\users\dt-impact\ftsubs\mstest\kevin-montrose_jil-8a5af0f\jiltests\bin\debug\net452\jiltests.dll" id="0416cbfd-5778-4921-be89-bd93c2c5c352"><Execution id="bf2a8f06-8ac0-490b-a8e3-5719bc821da9" /><TestMethod codeBase="C:\Users\dt-impact\ftsubs\mstest\kevin-montrose_Jil-8a5af0f\JilTests\bin\Debug\net452\JilTests.dll" adapterTypeName="executor://xunit/VsTestRunner2/desktop_and_uap" className="JilTests.DeserializeTests" name="JilTests.DeserializeTests.NoNameDataMember" /></UnitTest><UnitTest name="JilTests.SerializeTests.Issue275" storage="c:\users\dt-impact\ftsubs\mstest\kevin-montrose_jil-8a5af0f\jiltests\bin\debug\net452\jiltests.dll" id="9ace71d0-b8af-48c7-bc81-0df26d44f086"><Execution id="bfba1f9e-ba07-4e08-83eb-4704b3d315f7" /><TestMethod codeBase="C:\Users\dt-impact\ftsubs\mstest\kevin-montrose_Jil-8a5af0f\JilTests\bin\Debug\net452\JilTests.dll" adapterTypeName="executor://xunit/VsTestRunner2/desktop_and_uap" className="JilTests.SerializeTests" name="JilTests.SerializeTests.Issue275" /></UnitTest><UnitTest name="JilTests.DeserializeTests.SimpleDiscriminateUnion" storage="c:\users\dt-impact\ftsubs\mstest\kevin-montrose_jil-8a5af0f\jiltests\bin\debug\net452\jiltests.dll" id="7b698c48-4410-46be-8d1c-09a8c81a13a3"><Execution id="f90239c5-f0a3-4d1f-b548-578109289edd" /><TestMethod codeBase="C:\Users\dt-impact\ftsubs\mstest\kevin-montrose_Jil-8a5af0f\JilTests\bin\Debug\net452\JilTests.dll" adapterTypeName="executor://xunit/VsTestRunner2/desktop_and_uap" className="JilTests.DeserializeTests" name="JilTests.DeserializeTests.SimpleDiscriminateUnion" /></UnitTest><UnitTest name="JilTests.DeserializeTests.BadFloat(input: &quot;1.2E++10&quot;, expectedSnippetAfter: &quot;+10&quot;)" storage="c:\users\dt-impact\ftsubs\mstest\kevin-montrose_jil-8a5af0f\jiltests\bin\debug\net452\jiltests.dll" id="1b9d7009-d1fa-404e-86e6-cc25db31791a"><Execution id="aeded50d-b5a2-428e-bf36-83bb365f3c9c" /><TestMethod codeBase="C:\Users\dt-impact\ftsubs\mstest\kevin-montrose_Jil-8a5af0f\JilTests\bin\Debug\net452\JilTests.dll" adapterTypeName="executor://xunit/VsTestRunner2/desktop_and_uap" className="JilTests.DeserializeTests" name="JilTests.DeserializeTests.BadFloat(input: &quot;1.2E++10&quot;, expectedSnippetAfter: &quot;+10&quot;)" /></UnitTest><UnitTest name="JilTests.DeserializeDynamicTests.Issue134" storage="c:\users\dt-impact\ftsubs\mstest\kevin-montrose_jil-8a5af0f\jiltests\bin\debug\net452\jiltests.dll" id="8da7d795-a03f-4921-abdd-e2b1d9ec66a0"><Execution id="eb513d2d-6ec2-4ab0-959c-94eac5fe67ce" /><TestMethod codeBase="C:\Users\dt-impact\ftsubs\mstest\kevin-montrose_Jil-8a5af0f\JilTests\bin\Debug\net452\JilTests.dll" adapterTypeName="executor://xunit/VsTestRunner2/desktop_and_uap" className="JilTests.DeserializeDynamicTests" name="JilTests.DeserializeDynamicTests.Issue134" /></UnitTest><UnitTest name="JilTests.DeserializeTests.Issue53" storage="c:\users\dt-impact\ftsubs\mstest\kevin-montrose_jil-8a5af0f\jiltests\bin\debug\net452\jiltests.dll" id="9a85ac97-d454-43a5-b4aa-8cb6680d958d"><Execution id="76fcd63c-0fd4-4548-a178-4fc91b46b3f2" /><TestMethod codeBase="C:\Users\dt-impact\ftsubs\mstest\kevin-montrose_Jil-8a5af0f\JilTests\bin\Debug\net452\JilTests.dll" adapterTypeName="executor://xunit/VsTestRunner2/desktop_and_uap" className="JilTests.DeserializeTests" name="JilTests.DeserializeTests.Issue53" /></UnitTest><UnitTest name="JilTests.DeserializeDynamicTests.LongDateTimes" storage="c:\users\dt-impact\ftsubs\mstest\kevin-montrose_jil-8a5af0f\jiltests\bin\debug\net452\jiltests.dll" id="40376a75-4fca-4215-bd01-317b5d500017"><Execution id="3859f184-9a89-422c-bd0e-cedb33bf6d1c" /><TestMethod codeBase="C:\Users\dt-impact\ftsubs\mstest\kevin-montrose_Jil-8a5af0f\JilTests\bin\Debug\net452\JilTests.dll" adapterTypeName="executor://xunit/VsTestRunner2/desktop_and_uap" className="JilTests.DeserializeDynamicTests" name="JilTests.DeserializeDynamicTests.LongDateTimes" /></UnitTest><UnitTest name="JilTests.DeserializeDynamicTests.DynamicTypeConverter" storage="c:\users\dt-impact\ftsubs\mstest\kevin-montrose_jil-8a5af0f\jiltests\bin\debug\net452\jiltests.dll" id="b444ad35-1b23-4a75-a0bf-1ae998dae0a1"><Execution id="78a99aae-c9e4-4a98-b0be-32fce30a97ed" /><TestMethod codeBase="C:\Users\dt-impact\ftsubs\mstest\kevin-montrose_Jil-8a5af0f\JilTests\bin\Debug\net452\JilTests.dll" adapterTypeName="executor://xunit/VsTestRunner2/desktop_and_uap" className="JilTests.DeserializeDynamicTests" name="JilTests.DeserializeDynamicTests.DynamicTypeConverter" /></UnitTest><UnitTest name="JilTests.DeserializeTests.UnionMisconfigured" storage="c:\users\dt-impact\ftsubs\mstest\kevin-montrose_jil-8a5af0f\jiltests\bin\debug\net452\jiltests.dll" id="3ec70d00-8e11-493b-a2bc-a298ca82a8b3"><Execution id="d98e23c7-7578-45a4-806f-5f2a41c67750" /><TestMethod codeBase="C:\Users\dt-impact\ftsubs\mstest\kevin-montrose_Jil-8a5af0f\JilTests\bin\Debug\net452\JilTests.dll" adapterTypeName="executor://xunit/VsTestRunner2/desktop_and_uap" className="JilTests.DeserializeTests" name="JilTests.DeserializeTests.UnionMisconfigured" /></UnitTest><UnitTest name="JilTests.DeserializeDynamicTests.UnsignedSmallNumberTests" storage="c:\users\dt-impact\ftsubs\mstest\kevin-montrose_jil-8a5af0f\jiltests\bin\debug\net452\jiltests.dll" id="2a1f1804-8181-46d4-b9f5-c64b3a0e544a"><Execution id="ad6fd65b-d880-481f-8611-efcf73aeb988" /><TestMethod codeBase="C:\Users\dt-impact\ftsubs\mstest\kevin-montrose_Jil-8a5af0f\JilTests\bin\Debug\net452\JilTests.dll" adapterTypeName="executor://xunit/VsTestRunner2/desktop_and_uap" className="JilTests.DeserializeDynamicTests" name="JilTests.DeserializeDynamicTests.UnsignedSmallNumberTests" /></UnitTest><UnitTest name="JilTests.DeserializeTests.UInts" storage="c:\users\dt-impact\ftsubs\mstest\kevin-montrose_jil-8a5af0f\jiltests\bin\debug\net452\jiltests.dll" id="224237cd-7f98-4529-91f8-6010fed88728"><Execution id="9487a17d-201f-4785-b3f7-50aba9149751" /><TestMethod codeBase="C:\Users\dt-impact\ftsubs\mstest\kevin-montrose_Jil-8a5af0f\JilTests\bin\Debug\net452\JilTests.dll" adapterTypeName="executor://xunit/VsTestRunner2/desktop_and_uap" className="JilTests.DeserializeTests" name="JilTests.DeserializeTests.UInts" /></UnitTest><UnitTest name="JilTests.DeserializeTests.NullEmptyMembers" storage="c:\users\dt-impact\ftsubs\mstest\kevin-montrose_jil-8a5af0f\jiltests\bin\debug\net452\jiltests.dll" id="54163276-5193-4fdb-97cf-601db57279c6"><Execution id="bbdf7362-73b3-47ac-8119-c6afed8243f8" /><TestMethod codeBase="C:\Users\dt-impact\ftsubs\mstest\kevin-montrose_Jil-8a5af0f\JilTests\bin\Debug\net452\JilTests.dll" adapterTypeName="executor://xunit/VsTestRunner2/desktop_and_uap" className="JilTests.DeserializeTests" name="JilTests.DeserializeTests.NullEmptyMembers" /></UnitTest><UnitTest name="JilTests.SerializeTests.DictionaryValueType" storage="c:\users\dt-impact\ftsubs\mstest\kevin-montrose_jil-8a5af0f\jiltests\bin\debug\net452\jiltests.dll" id="a3f97cd4-afb9-4c60-8c68-ffe9d1388bbd"><Execution id="9e5429e6-93ad-42dc-8681-0f85bc4d1d4a" /><TestMethod codeBase="C:\Users\dt-impact\ftsubs\mstest\kevin-montrose_Jil-8a5af0f\JilTests\bin\Debug\net452\JilTests.dll" adapterTypeName="executor://xunit/VsTestRunner2/desktop_and_uap" className="JilTests.SerializeTests" name="JilTests.SerializeTests.DictionaryValueType" /></UnitTest><UnitTest name="JilTests.DynamicSerializationTests.ISO8601TimeSpans" storage="c:\users\dt-impact\ftsubs\mstest\kevin-montrose_jil-8a5af0f\jiltests\bin\debug\net452\jiltests.dll" id="1d8b800c-b323-44d1-9fdd-a49c4081d654"><Execution id="5817a5a8-6c5d-483b-9ab1-ff3b91e8a367" /><TestMethod codeBase="C:\Users\dt-impact\ftsubs\mstest\kevin-montrose_Jil-8a5af0f\JilTests\bin\Debug\net452\JilTests.dll" adapterTypeName="executor://xunit/VsTestRunner2/desktop_and_uap" className="JilTests.DynamicSerializationTests" name="JilTests.DynamicSerializationTests.ISO8601TimeSpans" /></UnitTest><UnitTest name="JilTests.DeserializeTests.IDictionaries" storage="c:\users\dt-impact\ftsubs\mstest\kevin-montrose_jil-8a5af0f\jiltests\bin\debug\net452\jiltests.dll" id="1104eb64-291a-4447-9f3a-76066f2632ae"><Execution id="393e28f5-8d25-4277-82ae-86a7b996f6fd" /><TestMethod codeBase="C:\Users\dt-impact\ftsubs\mstest\kevin-montrose_Jil-8a5af0f\JilTests\bin\Debug\net452\JilTests.dll" adapterTypeName="executor://xunit/VsTestRunner2/desktop_and_uap" className="JilTests.DeserializeTests" name="JilTests.DeserializeTests.IDictionaries" /></UnitTest><UnitTest name="JilTests.DeserializeDynamicTests.Not" storage="c:\users\dt-impact\ftsubs\mstest\kevin-montrose_jil-8a5af0f\jiltests\bin\debug\net452\jiltests.dll" id="6f645a14-7b39-467d-bafe-78e76814c9ad"><Execution id="5debc3c5-a91e-49e4-83cb-5de052ca957e" /><TestMethod codeBase="C:\Users\dt-impact\ftsubs\mstest\kevin-montrose_Jil-8a5af0f\JilTests\bin\Debug\net452\JilTests.dll" adapterTypeName="executor://xunit/VsTestRunner2/desktop_and_uap" className="JilTests.DeserializeDynamicTests" name="JilTests.DeserializeDynamicTests.Not" /></UnitTest><UnitTest name="JilTests.DeserializeDynamicTests.Object" storage="c:\users\dt-impact\ftsubs\mstest\kevin-montrose_jil-8a5af0f\jiltests\bin\debug\net452\jiltests.dll" id="fc5f11e2-6527-41d3-87f3-99702224d4e6"><Execution id="d9bbc48d-6e07-431a-8b29-5458ffd60a04" /><TestMethod codeBase="C:\Users\dt-impact\ftsubs\mstest\kevin-montrose_Jil-8a5af0f\JilTests\bin\Debug\net452\JilTests.dll" adapterTypeName="executor://xunit/VsTestRunner2/desktop_and_uap" className="JilTests.DeserializeDynamicTests" name="JilTests.DeserializeDynamicTests.Object" /></UnitTest><UnitTest name="JilTests.DynamicSerializationTests.DynamicObject" storage="c:\users\dt-impact\ftsubs\mstest\kevin-montrose_jil-8a5af0f\jiltests\bin\debug\net452\jiltests.dll" id="f8b756c3-0041-4479-8702-c84f0df6c53c"><Execution id="d2112fab-d66d-44d8-9ef1-8eddc98ab835" /><TestMethod codeBase="C:\Users\dt-impact\ftsubs\mstest\kevin-montrose_Jil-8a5af0f\JilTests\bin\Debug\net452\JilTests.dll" adapterTypeName="executor://xunit/VsTestRunner2/desktop_and_uap" className="JilTests.DynamicSerializationTests" name="JilTests.DynamicSerializationTests.DynamicObject" /></UnitTest><UnitTest name="JilTests.SerializeTests.MicrosoftDateTimeOffsets" storage="c:\users\dt-impact\ftsubs\mstest\kevin-montrose_jil-8a5af0f\jiltests\bin\debug\net452\jiltests.dll" id="e7aa3860-9ecb-4375-9041-b27a744b26df"><Execution id="41d52afd-bacc-437f-8894-bc3323fe1b9f" /><TestMethod codeBase="C:\Users\dt-impact\ftsubs\mstest\kevin-montrose_Jil-8a5af0f\JilTests\bin\Debug\net452\JilTests.dll" adapterTypeName="executor://xunit/VsTestRunner2/desktop_and_uap" className="JilTests.SerializeTests" name="JilTests.SerializeTests.MicrosoftDateTimeOffsets" /></UnitTest><UnitTest name="JilTests.SerializeTests.Issue165_2" storage="c:\users\dt-impact\ftsubs\mstest\kevin-montrose_jil-8a5af0f\jiltests\bin\debug\net452\jiltests.dll" id="be4f73e9-e6fa-40f8-87e4-ec8a1413d779"><Execution id="42745eb7-4931-45a7-a086-4e1cb1f5a7aa" /><TestMethod codeBase="C:\Users\dt-impact\ftsubs\mstest\kevin-montrose_Jil-8a5af0f\JilTests\bin\Debug\net452\JilTests.dll" adapterTypeName="executor://xunit/VsTestRunner2/desktop_and_uap" className="JilTests.SerializeTests" name="JilTests.SerializeTests.Issue165_2" /></UnitTest><UnitTest name="JilTests.SerializeTests.InfiniteRecursion" storage="c:\users\dt-impact\ftsubs\mstest\kevin-montrose_jil-8a5af0f\jiltests\bin\debug\net452\jiltests.dll" id="b01404d8-13f5-49b2-a9a1-aa84b01ffef4"><Execution id="fae57850-af6b-4858-8007-6e28a4f22cb9" /><TestMethod codeBase="C:\Users\dt-impact\ftsubs\mstest\kevin-montrose_Jil-8a5af0f\JilTests\bin\Debug\net452\JilTests.dll" adapterTypeName="executor://xunit/VsTestRunner2/desktop_and_uap" className="JilTests.SerializeTests" name="JilTests.SerializeTests.InfiniteRecursion" /></UnitTest><UnitTest name="JilTests.UtilsTests.FindRecursiveTypes_ListList" storage="c:\users\dt-impact\ftsubs\mstest\kevin-montrose_jil-8a5af0f\jiltests\bin\debug\net452\jiltests.dll" id="9c45c720-1317-498b-8716-e77405762420"><Execution id="94e28fe8-5396-4694-913e-62cc601ed829" /><TestMethod codeBase="C:\Users\dt-impact\ftsubs\mstest\kevin-montrose_Jil-8a5af0f\JilTests\bin\Debug\net452\JilTests.dll" adapterTypeName="executor://xunit/VsTestRunner2/desktop_and_uap" className="JilTests.UtilsTests" name="JilTests.UtilsTests.FindRecursiveTypes_ListList" /></UnitTest><UnitTest name="JilTests.SerializeTests.DoubleWeirdCulture" storage="c:\users\dt-impact\ftsubs\mstest\kevin-montrose_jil-8a5af0f\jiltests\bin\debug\net452\jiltests.dll" id="6274b6ba-3d0c-43fa-8ee7-8b822c1da381"><Execution id="341a2d2f-be28-4b71-a9c3-038ef927c29d" /><TestMethod codeBase="C:\Users\dt-impact\ftsubs\mstest\kevin-montrose_Jil-8a5af0f\JilTests\bin\Debug\net452\JilTests.dll" adapterTypeName="executor://xunit/VsTestRunner2/desktop_and_uap" className="JilTests.SerializeTests" name="JilTests.SerializeTests.DoubleWeirdCulture" /></UnitTest><UnitTest name="JilTests.DeserializeTests.FlagsEnum" storage="c:\users\dt-impact\ftsubs\mstest\kevin-montrose_jil-8a5af0f\jiltests\bin\debug\net452\jiltests.dll" id="0d8b4136-cef3-4965-b928-9b68d1c4e4de"><Execution id="1a6bce33-afac-465b-82d9-635da84f9bc9" /><TestMethod codeBase="C:\Users\dt-impact\ftsubs\mstest\kevin-montrose_Jil-8a5af0f\JilTests\bin\Debug\net452\JilTests.dll" adapterTypeName="executor://xunit/VsTestRunner2/desktop_and_uap" className="JilTests.DeserializeTests" name="JilTests.DeserializeTests.FlagsEnum" /></UnitTest><UnitTest name="JilTests.SerializeTests.IntegerDictionaryKeysWithoutNulls" storage="c:\users\dt-impact\ftsubs\mstest\kevin-montrose_jil-8a5af0f\jiltests\bin\debug\net452\jiltests.dll" id="adedf090-4aa6-496e-be01-4680b8cb7684"><Execution id="1a974f4e-de38-49b6-8a2b-e2f457646ebe" /><TestMethod codeBase="C:\Users\dt-impact\ftsubs\mstest\kevin-montrose_Jil-8a5af0f\JilTests\bin\Debug\net452\JilTests.dll" adapterTypeName="executor://xunit/VsTestRunner2/desktop_and_uap" className="JilTests.SerializeTests" name="JilTests.SerializeTests.IntegerDictionaryKeysWithoutNulls" /></UnitTest><UnitTest name="JilTests.DynamicSerializationTests.TopLevelNulls" storage="c:\users\dt-impact\ftsubs\mstest\kevin-montrose_jil-8a5af0f\jiltests\bin\debug\net452\jiltests.dll" id="4675155d-471c-47c9-8475-b564a46cca00"><Execution id="5b3da416-6dc3-45ef-922f-2caeb6f30096" /><TestMethod codeBase="C:\Users\dt-impact\ftsubs\mstest\kevin-montrose_Jil-8a5af0f\JilTests\bin\Debug\net452\JilTests.dll" adapterTypeName="executor://xunit/VsTestRunner2/desktop_and_uap" className="JilTests.DynamicSerializationTests" name="JilTests.DynamicSerializationTests.TopLevelNulls" /></UnitTest><UnitTest name="JilTests.SerializeTests.ISODateTimes" storage="c:\users\dt-impact\ftsubs\mstest\kevin-montrose_jil-8a5af0f\jiltests\bin\debug\net452\jiltests.dll" id="ab982bd9-e931-4573-9fd8-bb525c8750b5"><Execution id="2969099b-150c-458f-9ba3-e3b7471c63c5" /><TestMethod codeBase="C:\Users\dt-impact\ftsubs\mstest\kevin-montrose_Jil-8a5af0f\JilTests\bin\Debug\net452\JilTests.dll" adapterTypeName="executor://xunit/VsTestRunner2/desktop_and_uap" className="JilTests.SerializeTests" name="JilTests.SerializeTests.ISODateTimes" /></UnitTest><UnitTest name="JilTests.EnumFlagsTest.TestEnumFlagsDeserialize3" storage="c:\users\dt-impact\ftsubs\mstest\kevin-montrose_jil-8a5af0f\jiltests\bin\debug\net452\jiltests.dll" id="e0d9189d-54ee-492b-afc3-1a7977e63d08"><Execution id="df87fa77-0fb4-4db4-bf58-f95ae2487319" /><TestMethod codeBase="C:\Users\dt-impact\ftsubs\mstest\kevin-montrose_Jil-8a5af0f\JilTests\bin\Debug\net452\JilTests.dll" adapterTypeName="executor://xunit/VsTestRunner2/desktop_and_uap" className="JilTests.EnumFlagsTest" name="JilTests.EnumFlagsTest.TestEnumFlagsDeserialize3" /></UnitTest><UnitTest name="JilTests.DeserializeTests.ISO8601TimeSpan_YearsMonth" storage="c:\users\dt-impact\ftsubs\mstest\kevin-montrose_jil-8a5af0f\jiltests\bin\debug\net452\jiltests.dll" id="c9c3278d-90d7-46c5-8726-7450844ef1dd"><Execution id="419885ca-a038-497e-852a-2d6dab8f2ee9" /><TestMethod codeBase="C:\Users\dt-impact\ftsubs\mstest\kevin-montrose_Jil-8a5af0f\JilTests\bin\Debug\net452\JilTests.dll" adapterTypeName="executor://xunit/VsTestRunner2/desktop_and_uap" className="JilTests.DeserializeTests" name="JilTests.DeserializeTests.ISO8601TimeSpan_YearsMonth" /></UnitTest><UnitTest name="JilTests.DeserializeTests.NonDiscriminantUnion" storage="c:\users\dt-impact\ftsubs\mstest\kevin-montrose_jil-8a5af0f\jiltests\bin\debug\net452\jiltests.dll" id="35a34e8a-6925-49b2-836d-4a69fb8af639"><Execution id="84662a6a-28b2-4982-93d9-3d4a903ee7a4" /><TestMethod codeBase="C:\Users\dt-impact\ftsubs\mstest\kevin-montrose_Jil-8a5af0f\JilTests\bin\Debug\net452\JilTests.dll" adapterTypeName="executor://xunit/VsTestRunner2/desktop_and_uap" className="JilTests.DeserializeTests" name="JilTests.DeserializeTests.NonDiscriminantUnion" /></UnitTest><UnitTest name="JilTests.DeserializeTests.ExpectedEndOfStream" storage="c:\users\dt-impact\ftsubs\mstest\kevin-montrose_jil-8a5af0f\jiltests\bin\debug\net452\jiltests.dll" id="60867c3d-3138-4ced-945c-fbfce3e8673f"><Execution id="c05c550a-9c90-4e60-9e77-aa877a7e253e" /><TestMethod codeBase="C:\Users\dt-impact\ftsubs\mstest\kevin-montrose_Jil-8a5af0f\JilTests\bin\Debug\net452\JilTests.dll" adapterTypeName="executor://xunit/VsTestRunner2/desktop_and_uap" className="JilTests.DeserializeTests" name="JilTests.DeserializeTests.ExpectedEndOfStream" /></UnitTest><UnitTest name="JilTests.SerializeTests.LotsOfStrings" storage="c:\users\dt-impact\ftsubs\mstest\kevin-montrose_jil-8a5af0f\jiltests\bin\debug\net452\jiltests.dll" id="0eb9a8b1-d882-4c93-87e3-5fb778b0542a"><Execution id="f312b9b5-6cfc-47fb-a650-f39e2e4b3764" /><TestMethod codeBase="C:\Users\dt-impact\ftsubs\mstest\kevin-montrose_Jil-8a5af0f\JilTests\bin\Debug\net452\JilTests.dll" adapterTypeName="executor://xunit/VsTestRunner2/desktop_and_uap" className="JilTests.SerializeTests" name="JilTests.SerializeTests.LotsOfStrings" /></UnitTest><UnitTest name="JilTests.BadlySpecifiedTypeTests.DeserializeReader" storage="c:\users\dt-impact\ftsubs\mstest\kevin-montrose_jil-8a5af0f\jiltests\bin\debug\net452\jiltests.dll" id="50e5e33e-f31a-40dc-84f5-b6468fe00fa6"><Execution id="a2ce2d80-7206-4292-bfc1-f03b9cfaa3de" /><TestMethod codeBase="C:\Users\dt-impact\ftsubs\mstest\kevin-montrose_Jil-8a5af0f\JilTests\bin\Debug\net452\JilTests.dll" adapterTypeName="executor://xunit/VsTestRunner2/desktop_and_uap" className="JilTests.BadlySpecifiedTypeTests" name="JilTests.BadlySpecifiedTypeTests.DeserializeReader" /></UnitTest><UnitTest name="JilTests.SerializeTests.Issue89" storage="c:\users\dt-impact\ftsubs\mstest\kevin-montrose_jil-8a5af0f\jiltests\bin\debug\net452\jiltests.dll" id="0a910b02-2a9f-43bb-ada4-8067cce10813"><Execution id="58b3ce2e-a43d-4ff7-bc2e-bb4de896448a" /><TestMethod codeBase="C:\Users\dt-impact\ftsubs\mstest\kevin-montrose_Jil-8a5af0f\JilTests\bin\Debug\net452\JilTests.dll" adapterTypeName="executor://xunit/VsTestRunner2/desktop_and_uap" className="JilTests.SerializeTests" name="JilTests.SerializeTests.Issue89" /></UnitTest><UnitTest name="JilTests.SerializeTests.FlagOption" storage="c:\users\dt-impact\ftsubs\mstest\kevin-montrose_jil-8a5af0f\jiltests\bin\debug\net452\jiltests.dll" id="310dbafd-301c-4421-8d77-44655387d4d9"><Execution id="a9a78772-70ef-49ee-93a7-d90f77a2b271" /><TestMethod codeBase="C:\Users\dt-impact\ftsubs\mstest\kevin-montrose_Jil-8a5af0f\JilTests\bin\Debug\net452\JilTests.dll" adapterTypeName="executor://xunit/VsTestRunner2/desktop_and_uap" className="JilTests.SerializeTests" name="JilTests.SerializeTests.FlagOption" /></UnitTest><UnitTest name="JilTests.DeserializeTests.Issue73" storage="c:\users\dt-impact\ftsubs\mstest\kevin-montrose_jil-8a5af0f\jiltests\bin\debug\net452\jiltests.dll" id="9ba836be-2248-428b-8ede-61a28dd1e6c8"><Execution id="b9bf7033-2f06-4542-a5a7-99a223e59df9" /><TestMethod codeBase="C:\Users\dt-impact\ftsubs\mstest\kevin-montrose_Jil-8a5af0f\JilTests\bin\Debug\net452\JilTests.dll" adapterTypeName="executor://xunit/VsTestRunner2/desktop_and_uap" className="JilTests.DeserializeTests" name="JilTests.DeserializeTests.Issue73" /></UnitTest><UnitTest name="JilTests.DeserializeTests.PrivateConstructor_List" storage="c:\users\dt-impact\ftsubs\mstest\kevin-montrose_jil-8a5af0f\jiltests\bin\debug\net452\jiltests.dll" id="43a9e49d-a441-4bcd-8a94-17cc88439167"><Execution id="e8a7f196-2ede-49e0-9750-e5f5d1af2084" /><TestMethod codeBase="C:\Users\dt-impact\ftsubs\mstest\kevin-montrose_Jil-8a5af0f\JilTests\bin\Debug\net452\JilTests.dll" adapterTypeName="executor://xunit/VsTestRunner2/desktop_and_uap" className="JilTests.DeserializeTests" name="JilTests.DeserializeTests.PrivateConstructor_List" /></UnitTest><UnitTest name="JilTests.SerializeTests.ConfigDefaultOptions" storage="c:\users\dt-impact\ftsubs\mstest\kevin-montrose_jil-8a5af0f\jiltests\bin\debug\net452\jiltests.dll" id="62732be3-c07f-4916-9992-619ed1002dfa"><Execution id="1885d9fa-e41c-4189-bd92-a90049927f79" /><TestMethod codeBase="C:\Users\dt-impact\ftsubs\mstest\kevin-montrose_Jil-8a5af0f\JilTests\bin\Debug\net452\JilTests.dll" adapterTypeName="executor://xunit/VsTestRunner2/desktop_and_uap" className="JilTests.SerializeTests" name="JilTests.SerializeTests.ConfigDefaultOptions" /></UnitTest><UnitTest name="JilTests.DeepObjectGraphTests.DeepObjectGraphShouldNotBeEmpty" storage="c:\users\dt-impact\ftsubs\mstest\kevin-montrose_jil-8a5af0f\jiltests\bin\debug\net452\jiltests.dll" id="4a4ddc9a-401b-4a7b-9dad-6311a315f512"><Execution id="c9798b6e-27f6-4a8a-9b99-e2a755410571" /><TestMethod codeBase="C:\Users\dt-impact\ftsubs\mstest\kevin-montrose_Jil-8a5af0f\JilTests\bin\Debug\net452\JilTests.dll" adapterTypeName="executor://xunit/VsTestRunner2/desktop_and_uap" className="JilTests.DeepObjectGraphTests" name="JilTests.DeepObjectGraphTests.DeepObjectGraphShouldNotBeEmpty" /></UnitTest><UnitTest name="JilTests.DeserializeTests.MissingConstructor" storage="c:\users\dt-impact\ftsubs\mstest\kevin-montrose_jil-8a5af0f\jiltests\bin\debug\net452\jiltests.dll" id="76455f61-6052-4ab0-9df3-d43adc771dc8"><Execution id="d16675dd-e861-4d04-a17f-caa872387556" /><TestMethod codeBase="C:\Users\dt-impact\ftsubs\mstest\kevin-montrose_Jil-8a5af0f\JilTests\bin\Debug\net452\JilTests.dll" adapterTypeName="executor://xunit/VsTestRunner2/desktop_and_uap" className="JilTests.DeserializeTests" name="JilTests.DeserializeTests.MissingConstructor" /></UnitTest><UnitTest name="JilTests.DeserializeTests.ULongs" storage="c:\users\dt-impact\ftsubs\mstest\kevin-montrose_jil-8a5af0f\jiltests\bin\debug\net452\jiltests.dll" id="683f7b28-65df-4b0e-8631-8fd848371745"><Execution id="56eeb1a6-4c5a-4d59-bfc9-5ff67462b7e7" /><TestMethod codeBase="C:\Users\dt-impact\ftsubs\mstest\kevin-montrose_Jil-8a5af0f\JilTests\bin\Debug\net452\JilTests.dll" adapterTypeName="executor://xunit/VsTestRunner2/desktop_and_uap" className="JilTests.DeserializeTests" name="JilTests.DeserializeTests.ULongs" /></UnitTest><UnitTest name="JilTests.DeserializeTests.MalformedISO8601(dateString: &quot;\&quot;1900366\&quot;&quot;, expectedError: &quot;Ordinal day can only be 366 in a leap year&quot;)" storage="c:\users\dt-impact\ftsubs\mstest\kevin-montrose_jil-8a5af0f\jiltests\bin\debug\net452\jiltests.dll" id="e93c3424-4c70-4694-8494-92feb0a69331"><Execution id="aef2215a-61b4-4fc7-89ba-7d3d0beceaed" /><TestMethod codeBase="C:\Users\dt-impact\ftsubs\mstest\kevin-montrose_Jil-8a5af0f\JilTests\bin\Debug\net452\JilTests.dll" adapterTypeName="executor://xunit/VsTestRunner2/desktop_and_uap" className="JilTests.DeserializeTests" name="JilTests.DeserializeTests.MalformedISO8601(dateString: &quot;\&quot;1900366\&quot;&quot;, expectedError: &quot;Ordinal day can only be 366 in a leap year&quot;)" /></UnitTest><UnitTest name="JilTests.DeserializeTests.NaNFails" storage="c:\users\dt-impact\ftsubs\mstest\kevin-montrose_jil-8a5af0f\jiltests\bin\debug\net452\jiltests.dll" id="6f53f3bd-6993-47d5-a4bb-0a2d6149f2d9"><Execution id="660d5679-1a4c-4b55-a920-dbb91b20bf49" /><TestMethod codeBase="C:\Users\dt-impact\ftsubs\mstest\kevin-montrose_Jil-8a5af0f\JilTests\bin\Debug\net452\JilTests.dll" adapterTypeName="executor://xunit/VsTestRunner2/desktop_and_uap" className="JilTests.DeserializeTests" name="JilTests.DeserializeTests.NaNFails" /></UnitTest><UnitTest name="JilTests.SerializeTests.EnumMembers" storage="c:\users\dt-impact\ftsubs\mstest\kevin-montrose_jil-8a5af0f\jiltests\bin\debug\net452\jiltests.dll" id="1b3bb75a-2c64-4b45-a932-7d3d54e822b8"><Execution id="e5ece804-c866-49f6-82c9-99e11d6252a6" /><TestMethod codeBase="C:\Users\dt-impact\ftsubs\mstest\kevin-montrose_Jil-8a5af0f\JilTests\bin\Debug\net452\JilTests.dll" adapterTypeName="executor://xunit/VsTestRunner2/desktop_and_uap" className="JilTests.SerializeTests" name="JilTests.SerializeTests.EnumMembers" /></UnitTest><UnitTest name="JilTests.DeserializeTests.Doubles" storage="c:\users\dt-impact\ftsubs\mstest\kevin-montrose_jil-8a5af0f\jiltests\bin\debug\net452\jiltests.dll" id="b1c76588-b104-4419-9cc0-a35fc211ef93"><Execution id="6f34d202-a77b-49e4-9181-79c359a9ce48" /><TestMethod codeBase="C:\Users\dt-impact\ftsubs\mstest\kevin-montrose_Jil-8a5af0f\JilTests\bin\Debug\net452\JilTests.dll" adapterTypeName="executor://xunit/VsTestRunner2/desktop_and_uap" className="JilTests.DeserializeTests" name="JilTests.DeserializeTests.Doubles" /></UnitTest><UnitTest name="JilTests.SerializeTests.IReadOnlyList" storage="c:\users\dt-impact\ftsubs\mstest\kevin-montrose_jil-8a5af0f\jiltests\bin\debug\net452\jiltests.dll" id="d4ed1629-072d-4a3b-b256-d5fab80a88b6"><Execution id="9ceb9def-bfe5-4794-91c6-3ba6343ef1f8" /><TestMethod codeBase="C:\Users\dt-impact\ftsubs\mstest\kevin-montrose_Jil-8a5af0f\JilTests\bin\Debug\net452\JilTests.dll" adapterTypeName="executor://xunit/VsTestRunner2/desktop_and_uap" className="JilTests.SerializeTests" name="JilTests.SerializeTests.IReadOnlyList" /></UnitTest><UnitTest name="JilTests.DynamicSerializationTests.Simple" storage="c:\users\dt-impact\ftsubs\mstest\kevin-montrose_jil-8a5af0f\jiltests\bin\debug\net452\jiltests.dll" id="4bf4d548-100d-4626-8934-a4001f8c3759"><Execution id="3d116b0b-bc5c-455a-9cf2-f4c6d461493e" /><TestMethod codeBase="C:\Users\dt-impact\ftsubs\mstest\kevin-montrose_Jil-8a5af0f\JilTests\bin\Debug\net452\JilTests.dll" adapterTypeName="executor://xunit/VsTestRunner2/desktop_and_uap" className="JilTests.DynamicSerializationTests" name="JilTests.DynamicSerializationTests.Simple" /></UnitTest><UnitTest name="JilTests.DeserializeTests.Issue162" storage="c:\users\dt-impact\ftsubs\mstest\kevin-montrose_jil-8a5af0f\jiltests\bin\debug\net452\jiltests.dll" id="f12ee795-b256-40c5-bad8-37879ee99e22"><Execution id="3dff29bc-4bf3-461b-9036-563ba6b55190" /><TestMethod codeBase="C:\Users\dt-impact\ftsubs\mstest\kevin-montrose_Jil-8a5af0f\JilTests\bin\Debug\net452\JilTests.dll" adapterTypeName="executor://xunit/VsTestRunner2/desktop_and_uap" className="JilTests.DeserializeTests" name="JilTests.DeserializeTests.Issue162" /></UnitTest><UnitTest name="JilTests.DeserializeDynamicTests.ShortCircuits" storage="c:\users\dt-impact\ftsubs\mstest\kevin-montrose_jil-8a5af0f\jiltests\bin\debug\net452\jiltests.dll" id="23d01d45-495b-40b1-937b-23a7cbf69ede"><Execution id="7149fc6b-568b-475a-9406-5c93930fd0cd" /><TestMethod codeBase="C:\Users\dt-impact\ftsubs\mstest\kevin-montrose_Jil-8a5af0f\JilTests\bin\Debug\net452\JilTests.dll" adapterTypeName="executor://xunit/VsTestRunner2/desktop_and_uap" className="JilTests.DeserializeDynamicTests" name="JilTests.DeserializeDynamicTests.ShortCircuits" /></UnitTest><UnitTest name="JilTests.DeserializeTests.Issue143DateTimeOffsetFractionOverflow" storage="c:\users\dt-impact\ftsubs\mstest\kevin-montrose_jil-8a5af0f\jiltests\bin\debug\net452\jiltests.dll" id="bd1c6b68-15be-4e7a-9e5e-70fd73b173bf"><Execution id="670eeeb7-bdd7-4e2b-b95b-ec27208d4b97" /><TestMethod codeBase="C:\Users\dt-impact\ftsubs\mstest\kevin-montrose_Jil-8a5af0f\JilTests\bin\Debug\net452\JilTests.dll" adapterTypeName="executor://xunit/VsTestRunner2/desktop_and_uap" className="JilTests.DeserializeTests" name="JilTests.DeserializeTests.Issue143DateTimeOffsetFractionOverflow" /></UnitTest><UnitTest name="JilTests.DeserializeDynamicTests.Issue117(input: &quot;01&quot;, expectedError: &quot;Number cannot have leading zeros&quot;)" storage="c:\users\dt-impact\ftsubs\mstest\kevin-montrose_jil-8a5af0f\jiltests\bin\debug\net452\jiltests.dll" id="435bb1fd-7386-4115-b600-f6b362207e66"><Execution id="017d4d93-be50-40c2-bb09-3227e9e94e2a" /><TestMethod codeBase="C:\Users\dt-impact\ftsubs\mstest\kevin-montrose_Jil-8a5af0f\JilTests\bin\Debug\net452\JilTests.dll" adapterTypeName="executor://xunit/VsTestRunner2/desktop_and_uap" className="JilTests.DeserializeDynamicTests" name="JilTests.DeserializeDynamicTests.Issue117(input: &quot;01&quot;, expectedError: &quot;Number cannot have leading zeros&quot;)" /></UnitTest><UnitTest name="JilTests.DeserializeTests.BadDouble(input: &quot;1.2.3.4.5.6&quot;, expectedSnippetAfter: &quot;.3.4.5.6&quot;)" storage="c:\users\dt-impact\ftsubs\mstest\kevin-montrose_jil-8a5af0f\jiltests\bin\debug\net452\jiltests.dll" id="3239d01e-ed62-401b-b2ee-de39b0242c8e"><Execution id="34328819-a41e-4280-89cf-43035da3d2f3" /><TestMethod codeBase="C:\Users\dt-impact\ftsubs\mstest\kevin-montrose_Jil-8a5af0f\JilTests\bin\Debug\net452\JilTests.dll" adapterTypeName="executor://xunit/VsTestRunner2/desktop_and_uap" className="JilTests.DeserializeTests" name="JilTests.DeserializeTests.BadDouble(input: &quot;1.2.3.4.5.6&quot;, expectedSnippetAfter: &quot;.3.4.5.6&quot;)" /></UnitTest><UnitTest name="JilTests.DeserializeTests.BadDouble(input: &quot;1.2E++10&quot;, expectedSnippetAfter: &quot;+10&quot;)" storage="c:\users\dt-impact\ftsubs\mstest\kevin-montrose_jil-8a5af0f\jiltests\bin\debug\net452\jiltests.dll" id="4568587e-c943-412f-a112-ffc7bafc7157"><Execution id="4cd8d9e3-3e6b-49bd-b0f5-ff15458a7e98" /><TestMethod codeBase="C:\Users\dt-impact\ftsubs\mstest\kevin-montrose_Jil-8a5af0f\JilTests\bin\Debug\net452\JilTests.dll" adapterTypeName="executor://xunit/VsTestRunner2/desktop_and_uap" className="JilTests.DeserializeTests" name="JilTests.DeserializeTests.BadDouble(input: &quot;1.2E++10&quot;, expectedSnippetAfter: &quot;+10&quot;)" /></UnitTest><UnitTest name="JilTests.DeserializeTests.Issue48" storage="c:\users\dt-impact\ftsubs\mstest\kevin-montrose_jil-8a5af0f\jiltests\bin\debug\net452\jiltests.dll" id="e6726369-1933-4f31-a729-4473d9cb7e5d"><Execution id="b33cb428-0de8-4a2b-8e8c-437ed16af605" /><TestMethod codeBase="C:\Users\dt-impact\ftsubs\mstest\kevin-montrose_Jil-8a5af0f\JilTests\bin\Debug\net452\JilTests.dll" adapterTypeName="executor://xunit/VsTestRunner2/desktop_and_uap" className="JilTests.DeserializeTests" name="JilTests.DeserializeTests.Issue48" /></UnitTest><UnitTest name="JilTests.DeserializeDynamicTests.Nullables" storage="c:\users\dt-impact\ftsubs\mstest\kevin-montrose_jil-8a5af0f\jiltests\bin\debug\net452\jiltests.dll" id="b057e937-d1c4-49d5-95b9-0b2150c90278"><Execution id="8fc53cb1-c3a4-46a9-b3c7-51330c1ec7f2" /><TestMethod codeBase="C:\Users\dt-impact\ftsubs\mstest\kevin-montrose_Jil-8a5af0f\JilTests\bin\Debug\net452\JilTests.dll" adapterTypeName="executor://xunit/VsTestRunner2/desktop_and_uap" className="JilTests.DeserializeDynamicTests" name="JilTests.DeserializeDynamicTests.Nullables" /></UnitTest><UnitTest name="JilTests.SerializeTests.SerializeToString" storage="c:\users\dt-impact\ftsubs\mstest\kevin-montrose_jil-8a5af0f\jiltests\bin\debug\net452\jiltests.dll" id="1afca537-75fd-4aee-bf38-df9461e804a8"><Execution id="1e381b02-3f41-4366-b443-b71bcc5e5216" /><TestMethod codeBase="C:\Users\dt-impact\ftsubs\mstest\kevin-montrose_Jil-8a5af0f\JilTests\bin\Debug\net452\JilTests.dll" adapterTypeName="executor://xunit/VsTestRunner2/desktop_and_uap" className="JilTests.SerializeTests" name="JilTests.SerializeTests.SerializeToString" /></UnitTest><UnitTest name="JilTests.SerializeTests.FlagsEnum" storage="c:\users\dt-impact\ftsubs\mstest\kevin-montrose_jil-8a5af0f\jiltests\bin\debug\net452\jiltests.dll" id="235a6ada-8ad5-4ab9-b01a-b9f5b585677c"><Execution id="075066cf-3d16-4cc7-9ca9-45601f20ca03" /><TestMethod codeBase="C:\Users\dt-impact\ftsubs\mstest\kevin-montrose_Jil-8a5af0f\JilTests\bin\Debug\net452\JilTests.dll" adapterTypeName="executor://xunit/VsTestRunner2/desktop_and_uap" className="JilTests.SerializeTests" name="JilTests.SerializeTests.FlagsEnum" /></UnitTest><UnitTest name="JilTests.DeserializeTests.PrivateConstructor_Object" storage="c:\users\dt-impact\ftsubs\mstest\kevin-montrose_jil-8a5af0f\jiltests\bin\debug\net452\jiltests.dll" id="e4382f3d-1968-46fc-a13c-93748d400f43"><Execution id="56d34e00-c951-4dd8-8775-cab0d91e4ba1" /><TestMethod codeBase="C:\Users\dt-impact\ftsubs\mstest\kevin-montrose_Jil-8a5af0f\JilTests\bin\Debug\net452\JilTests.dll" adapterTypeName="executor://xunit/VsTestRunner2/desktop_and_uap" className="JilTests.DeserializeTests" name="JilTests.DeserializeTests.PrivateConstructor_Object" /></UnitTest><UnitTest name="JilTests.SerializeTests.Issue231" storage="c:\users\dt-impact\ftsubs\mstest\kevin-montrose_jil-8a5af0f\jiltests\bin\debug\net452\jiltests.dll" id="cd0aaf3c-ae48-4ca1-8652-56ad98edd268"><Execution id="5eeec8ec-6cf0-4e2c-bce1-64cabec535d2" /><TestMethod codeBase="C:\Users\dt-impact\ftsubs\mstest\kevin-montrose_Jil-8a5af0f\JilTests\bin\Debug\net452\JilTests.dll" adapterTypeName="executor://xunit/VsTestRunner2/desktop_and_uap" className="JilTests.SerializeTests" name="JilTests.SerializeTests.Issue231" /></UnitTest><UnitTest name="JilTests.SerializeTests.Cyclical" storage="c:\users\dt-impact\ftsubs\mstest\kevin-montrose_jil-8a5af0f\jiltests\bin\debug\net452\jiltests.dll" id="db6eb2ba-6fd9-4fa1-9439-f837f4ec5960"><Execution id="310df0c1-a63e-4871-92e2-1259561ff335" /><TestMethod codeBase="C:\Users\dt-impact\ftsubs\mstest\kevin-montrose_Jil-8a5af0f\JilTests\bin\Debug\net452\JilTests.dll" adapterTypeName="executor://xunit/VsTestRunner2/desktop_and_uap" className="JilTests.SerializeTests" name="JilTests.SerializeTests.Cyclical" /></UnitTest><UnitTest name="JilTests.SerializeTests.CharacterEncoding" storage="c:\users\dt-impact\ftsubs\mstest\kevin-montrose_jil-8a5af0f\jiltests\bin\debug\net452\jiltests.dll" id="0f737063-8060-4f6e-9ece-56bdb960f763"><Execution id="1bfde843-c4b3-4cf8-a89e-29df44bbfd83" /><TestMethod codeBase="C:\Users\dt-impact\ftsubs\mstest\kevin-montrose_Jil-8a5af0f\JilTests\bin\Debug\net452\JilTests.dll" adapterTypeName="executor://xunit/VsTestRunner2/desktop_and_uap" className="JilTests.SerializeTests" name="JilTests.SerializeTests.CharacterEncoding" /></UnitTest><UnitTest name="JilTests.SerializeTests.Issue95" storage="c:\users\dt-impact\ftsubs\mstest\kevin-montrose_jil-8a5af0f\jiltests\bin\debug\net452\jiltests.dll" id="ef4e2a6c-4372-4ceb-a56a-9990e2447a0a"><Execution id="b39e0246-70d8-4a2c-b968-e08d848328f5" /><TestMethod codeBase="C:\Users\dt-impact\ftsubs\mstest\kevin-montrose_Jil-8a5af0f\JilTests\bin\Debug\net452\JilTests.dll" adapterTypeName="executor://xunit/VsTestRunner2/desktop_and_uap" className="JilTests.SerializeTests" name="JilTests.SerializeTests.Issue95" /></UnitTest><UnitTest name="JilTests.SerializeTests.ExcludingNulls" storage="c:\users\dt-impact\ftsubs\mstest\kevin-montrose_jil-8a5af0f\jiltests\bin\debug\net452\jiltests.dll" id="146284ed-c81b-47b4-aa97-754b1a4c2ae8"><Execution id="32f81c3f-f045-4a39-a2f5-970a01f57b13" /><TestMethod codeBase="C:\Users\dt-impact\ftsubs\mstest\kevin-montrose_Jil-8a5af0f\JilTests\bin\Debug\net452\JilTests.dll" adapterTypeName="executor://xunit/VsTestRunner2/desktop_and_uap" className="JilTests.SerializeTests" name="JilTests.SerializeTests.ExcludingNulls" /></UnitTest><UnitTest name="JilTests.DeserializeDynamicTests.MicrosoftDateTimesWithTimeZones" storage="c:\users\dt-impact\ftsubs\mstest\kevin-montrose_jil-8a5af0f\jiltests\bin\debug\net452\jiltests.dll" id="1d60d2d7-2b94-4bf7-ad1c-1352081fda66"><Execution id="f5765c80-ecd6-41a6-a450-4bf79283e448" /><TestMethod codeBase="C:\Users\dt-impact\ftsubs\mstest\kevin-montrose_Jil-8a5af0f\JilTests\bin\Debug\net452\JilTests.dll" adapterTypeName="executor://xunit/VsTestRunner2/desktop_and_uap" className="JilTests.DeserializeDynamicTests" name="JilTests.DeserializeDynamicTests.MicrosoftDateTimesWithTimeZones" /></UnitTest><UnitTest name="JilTests.SerializeTests.RFC1123DateTimes" storage="c:\users\dt-impact\ftsubs\mstest\kevin-montrose_jil-8a5af0f\jiltests\bin\debug\net452\jiltests.dll" id="89585435-beff-43dc-89b7-5be12862ec5d"><Execution id="d0b90247-b9ec-4d5e-aa0e-87344d8550bd" /><TestMethod codeBase="C:\Users\dt-impact\ftsubs\mstest\kevin-montrose_Jil-8a5af0f\JilTests\bin\Debug\net452\JilTests.dll" adapterTypeName="executor://xunit/VsTestRunner2/desktop_and_uap" className="JilTests.SerializeTests" name="JilTests.SerializeTests.RFC1123DateTimes" /></UnitTest><UnitTest name="JilTests.DeserializeDynamicTests.Or" storage="c:\users\dt-impact\ftsubs\mstest\kevin-montrose_jil-8a5af0f\jiltests\bin\debug\net452\jiltests.dll" id="ec71cca2-ec40-4167-9431-c29cd86baac9"><Execution id="2087bd8f-6229-4bc5-92e6-88cf8e0ef17d" /><TestMethod codeBase="C:\Users\dt-impact\ftsubs\mstest\kevin-montrose_Jil-8a5af0f\JilTests\bin\Debug\net452\JilTests.dll" adapterTypeName="executor://xunit/VsTestRunner2/desktop_and_uap" className="JilTests.DeserializeDynamicTests" name="JilTests.DeserializeDynamicTests.Or" /></UnitTest><UnitTest name="JilTests.DeserializeTests.IReadOnlyListMember" storage="c:\users\dt-impact\ftsubs\mstest\kevin-montrose_jil-8a5af0f\jiltests\bin\debug\net452\jiltests.dll" id="200d3c6d-9323-438f-b77f-970d61721f62"><Execution id="9b4f6fe8-d192-4283-b14f-2c7fe3e1229f" /><TestMethod codeBase="C:\Users\dt-impact\ftsubs\mstest\kevin-montrose_Jil-8a5af0f\JilTests\bin\Debug\net452\JilTests.dll" adapterTypeName="executor://xunit/VsTestRunner2/desktop_and_uap" className="JilTests.DeserializeTests" name="JilTests.DeserializeTests.IReadOnlyListMember" /></UnitTest><UnitTest name="JilTests.SerializeTests.Issue127" storage="c:\users\dt-impact\ftsubs\mstest\kevin-montrose_jil-8a5af0f\jiltests\bin\debug\net452\jiltests.dll" id="649c9d59-9041-421b-8b84-705107f05a9d"><Execution id="ddc6c07f-4f2f-43db-b8c6-ce51c4d4c942" /><TestMethod codeBase="C:\Users\dt-impact\ftsubs\mstest\kevin-montrose_Jil-8a5af0f\JilTests\bin\Debug\net452\JilTests.dll" adapterTypeName="executor://xunit/VsTestRunner2/desktop_and_uap" className="JilTests.SerializeTests" name="JilTests.SerializeTests.Issue127" /></UnitTest><UnitTest name="JilTests.DeserializeDynamicTests.EnumMemberAttributeOverrideFlags" storage="c:\users\dt-impact\ftsubs\mstest\kevin-montrose_jil-8a5af0f\jiltests\bin\debug\net452\jiltests.dll" id="fa328eac-64a1-445e-998d-c40193f17a0b"><Execution id="1770c2fc-1d14-4e6d-a601-63167cc3f378" /><TestMethod codeBase="C:\Users\dt-impact\ftsubs\mstest\kevin-montrose_Jil-8a5af0f\JilTests\bin\Debug\net452\JilTests.dll" adapterTypeName="executor://xunit/VsTestRunner2/desktop_and_uap" className="JilTests.DeserializeDynamicTests" name="JilTests.DeserializeDynamicTests.EnumMemberAttributeOverrideFlags" /></UnitTest><UnitTest name="JilTests.DeserializeTests.SystemObject" storage="c:\users\dt-impact\ftsubs\mstest\kevin-montrose_jil-8a5af0f\jiltests\bin\debug\net452\jiltests.dll" id="68dd6711-1c76-408f-a04d-6053c5009eda"><Execution id="a4fe70a8-4d9a-49b9-802f-89272301f4eb" /><TestMethod codeBase="C:\Users\dt-impact\ftsubs\mstest\kevin-montrose_Jil-8a5af0f\JilTests\bin\Debug\net452\JilTests.dll" adapterTypeName="executor://xunit/VsTestRunner2/desktop_and_uap" className="JilTests.DeserializeTests" name="JilTests.DeserializeTests.SystemObject" /></UnitTest><UnitTest name="JilTests.DynamicSerializationTests.Issue139" storage="c:\users\dt-impact\ftsubs\mstest\kevin-montrose_jil-8a5af0f\jiltests\bin\debug\net452\jiltests.dll" id="af73c124-46e5-49c3-8d00-9ae16f714f5d"><Execution id="dceb28a7-6fcd-44c8-9858-c62d78306ca2" /><TestMethod codeBase="C:\Users\dt-impact\ftsubs\mstest\kevin-montrose_Jil-8a5af0f\JilTests\bin\Debug\net452\JilTests.dll" adapterTypeName="executor://xunit/VsTestRunner2/desktop_and_uap" className="JilTests.DynamicSerializationTests" name="JilTests.DynamicSerializationTests.Issue139" /></UnitTest><UnitTest name="JilTests.DeserializeTests.MalformedISO8601(dateString: &quot;\&quot;1999-13\&quot;&quot;, expectedError: &quot;Expected month to be between 01 and 12&quot;)" storage="c:\users\dt-impact\ftsubs\mstest\kevin-montrose_jil-8a5af0f\jiltests\bin\debug\net452\jiltests.dll" id="06e12a4a-a8fc-40b0-aca7-504f64677138"><Execution id="05a559bf-cf49-4210-9c4c-0aa4589a3b16" /><TestMethod codeBase="C:\Users\dt-impact\ftsubs\mstest\kevin-montrose_Jil-8a5af0f\JilTests\bin\Debug\net452\JilTests.dll" adapterTypeName="executor://xunit/VsTestRunner2/desktop_and_uap" className="JilTests.DeserializeTests" name="JilTests.DeserializeTests.MalformedISO8601(dateString: &quot;\&quot;1999-13\&quot;&quot;, expectedError: &quot;Expected month to be between 01 and 12&quot;)" /></UnitTest><UnitTest name="JilTests.DeserializeTests.Issue225" storage="c:\users\dt-impact\ftsubs\mstest\kevin-montrose_jil-8a5af0f\jiltests\bin\debug\net452\jiltests.dll" id="b3132775-8aaf-481b-a12e-83e691b643dc"><Execution id="adce5e41-1b1b-4070-b574-5670c241b1d1" /><TestMethod codeBase="C:\Users\dt-impact\ftsubs\mstest\kevin-montrose_Jil-8a5af0f\JilTests\bin\Debug\net452\JilTests.dll" adapterTypeName="executor://xunit/VsTestRunner2/desktop_and_uap" className="JilTests.DeserializeTests" name="JilTests.DeserializeTests.Issue225" /></UnitTest><UnitTest name="JilTests.DeserializeTests.Issue203" storage="c:\users\dt-impact\ftsubs\mstest\kevin-montrose_jil-8a5af0f\jiltests\bin\debug\net452\jiltests.dll" id="c7c247de-678e-4e56-b7c0-b9bc0b1cb99c"><Execution id="52bc28c0-09a8-4191-85c7-7ad27c48403e" /><TestMethod codeBase="C:\Users\dt-impact\ftsubs\mstest\kevin-montrose_Jil-8a5af0f\JilTests\bin\Debug\net452\JilTests.dll" adapterTypeName="executor://xunit/VsTestRunner2/desktop_and_uap" className="JilTests.DeserializeTests" name="JilTests.DeserializeTests.Issue203" /></UnitTest><UnitTest name="JilTests.BadlySpecifiedTypeTests.SerializeWriter" storage="c:\users\dt-impact\ftsubs\mstest\kevin-montrose_jil-8a5af0f\jiltests\bin\debug\net452\jiltests.dll" id="04d0cb68-3a81-4f99-908c-3b13e8759629"><Execution id="e6d3e620-8fe1-4696-bdc2-2d787faf35a1" /><TestMethod codeBase="C:\Users\dt-impact\ftsubs\mstest\kevin-montrose_Jil-8a5af0f\JilTests\bin\Debug\net452\JilTests.dll" adapterTypeName="executor://xunit/VsTestRunner2/desktop_and_uap" className="JilTests.BadlySpecifiedTypeTests" name="JilTests.BadlySpecifiedTypeTests.SerializeWriter" /></UnitTest><UnitTest name="JilTests.DynamicSerializationTests.HeterogenousCollection" storage="c:\users\dt-impact\ftsubs\mstest\kevin-montrose_jil-8a5af0f\jiltests\bin\debug\net452\jiltests.dll" id="1eaa6b55-0b20-4809-b29a-2872362c434d"><Execution id="d73d191b-ca1f-4e44-a4a8-c74bbb608c6a" /><TestMethod codeBase="C:\Users\dt-impact\ftsubs\mstest\kevin-montrose_Jil-8a5af0f\JilTests\bin\Debug\net452\JilTests.dll" adapterTypeName="executor://xunit/VsTestRunner2/desktop_and_uap" className="JilTests.DynamicSerializationTests" name="JilTests.DynamicSerializationTests.HeterogenousCollection" /></UnitTest><UnitTest name="JilTests.DeserializeTests.Ints" storage="c:\users\dt-impact\ftsubs\mstest\kevin-montrose_jil-8a5af0f\jiltests\bin\debug\net452\jiltests.dll" id="084d0224-a4e4-41fe-ae0d-454f1999b288"><Execution id="e2b32de1-3df5-4366-9e0a-b95e674e5bbc" /><TestMethod codeBase="C:\Users\dt-impact\ftsubs\mstest\kevin-montrose_Jil-8a5af0f\JilTests\bin\Debug\net452\JilTests.dll" adapterTypeName="executor://xunit/VsTestRunner2/desktop_and_uap" className="JilTests.DeserializeTests" name="JilTests.DeserializeTests.Ints" /></UnitTest><UnitTest name="JilTests.DeserializeTests.MalformedISO8601(dateString: &quot;\&quot;1900-01-01T12:34:56.123456789+00:00\&quot;&quot;, expectedError: &quot;ISO8601 date is too long, expected 33 characters o&quot;...)" storage="c:\users\dt-impact\ftsubs\mstest\kevin-montrose_jil-8a5af0f\jiltests\bin\debug\net452\jiltests.dll" id="79cdb536-6194-41d8-b274-c713c63c002b"><Execution id="89b013d4-7237-4373-9268-2015900c8fbc" /><TestMethod codeBase="C:\Users\dt-impact\ftsubs\mstest\kevin-montrose_Jil-8a5af0f\JilTests\bin\Debug\net452\JilTests.dll" adapterTypeName="executor://xunit/VsTestRunner2/desktop_and_uap" className="JilTests.DeserializeTests" name="JilTests.DeserializeTests.MalformedISO8601(dateString: &quot;\&quot;1900-01-01T12:34:56.123456789+00:00\&quot;&quot;, expectedError: &quot;ISO8601 date is too long, expected 33 characters o&quot;...)" /></UnitTest><UnitTest name="JilTests.DeserializeTests.ISets" storage="c:\users\dt-impact\ftsubs\mstest\kevin-montrose_jil-8a5af0f\jiltests\bin\debug\net452\jiltests.dll" id="f5898d8f-d662-48da-b2b9-b3f64a117ee8"><Execution id="6e004921-e0cc-4a40-a8cf-17424283b6d2" /><TestMethod codeBase="C:\Users\dt-impact\ftsubs\mstest\kevin-montrose_Jil-8a5af0f\JilTests\bin\Debug\net452\JilTests.dll" adapterTypeName="executor://xunit/VsTestRunner2/desktop_and_uap" className="JilTests.DeserializeTests" name="JilTests.DeserializeTests.ISets" /></UnitTest><UnitTest name="JilTests.SerializeTests.UnspecifiedToLocal" storage="c:\users\dt-impact\ftsubs\mstest\kevin-montrose_jil-8a5af0f\jiltests\bin\debug\net452\jiltests.dll" id="a4b07dec-0c50-4d1f-a9f2-56d0400dbcfc"><Execution id="1e1133cb-c6ed-48f4-ba3b-051378b1131c" /><TestMethod codeBase="C:\Users\dt-impact\ftsubs\mstest\kevin-montrose_Jil-8a5af0f\JilTests\bin\Debug\net452\JilTests.dll" adapterTypeName="executor://xunit/VsTestRunner2/desktop_and_uap" className="JilTests.SerializeTests" name="JilTests.SerializeTests.UnspecifiedToLocal" /></UnitTest><UnitTest name="JilTests.SerializeTests.Issue257" storage="c:\users\dt-impact\ftsubs\mstest\kevin-montrose_jil-8a5af0f\jiltests\bin\debug\net452\jiltests.dll" id="e5b9be4c-e3ce-40cc-b372-fb63bf3974c3"><Execution id="ccc73476-92ce-40d9-8836-80421dcbfa4d" /><TestMethod codeBase="C:\Users\dt-impact\ftsubs\mstest\kevin-montrose_Jil-8a5af0f\JilTests\bin\Debug\net452\JilTests.dll" adapterTypeName="executor://xunit/VsTestRunner2/desktop_and_uap" className="JilTests.SerializeTests" name="JilTests.SerializeTests.Issue257" /></UnitTest><UnitTest name="JilTests.DeserializeTests.MicrosoftTimeSpan" storage="c:\users\dt-impact\ftsubs\mstest\kevin-montrose_jil-8a5af0f\jiltests\bin\debug\net452\jiltests.dll" id="47064353-4d0e-4434-9716-85e51c6b251d"><Execution id="292711f7-d671-4164-b740-8874b162bc6c" /><TestMethod codeBase="C:\Users\dt-impact\ftsubs\mstest\kevin-montrose_Jil-8a5af0f\JilTests\bin\Debug\net452\JilTests.dll" adapterTypeName="executor://xunit/VsTestRunner2/desktop_and_uap" className="JilTests.DeserializeTests" name="JilTests.DeserializeTests.MicrosoftTimeSpan" /></UnitTest><UnitTest name="JilTests.SerializeTests.Issue270" storage="c:\users\dt-impact\ftsubs\mstest\kevin-montrose_jil-8a5af0f\jiltests\bin\debug\net452\jiltests.dll" id="c85d138a-58bb-436c-9e86-254e0c932c9c"><Execution id="4785e9be-bc14-4ecf-ba6c-849b76496f1f" /><TestMethod codeBase="C:\Users\dt-impact\ftsubs\mstest\kevin-montrose_Jil-8a5af0f\JilTests\bin\Debug\net452\JilTests.dll" adapterTypeName="executor://xunit/VsTestRunner2/desktop_and_uap" className="JilTests.SerializeTests" name="JilTests.SerializeTests.Issue270" /></UnitTest><UnitTest name="JilTests.DeserializeDynamicTests.FlagsEnum" storage="c:\users\dt-impact\ftsubs\mstest\kevin-montrose_jil-8a5af0f\jiltests\bin\debug\net452\jiltests.dll" id="cb7594aa-c441-45cf-ad4d-a602c21f2bbd"><Execution id="82b87f25-ea77-459a-9439-eb4cfcd472b9" /><TestMethod codeBase="C:\Users\dt-impact\ftsubs\mstest\kevin-montrose_Jil-8a5af0f\JilTests\bin\Debug\net452\JilTests.dll" adapterTypeName="executor://xunit/VsTestRunner2/desktop_and_uap" className="JilTests.DeserializeDynamicTests" name="JilTests.DeserializeDynamicTests.FlagsEnum" /></UnitTest><UnitTest name="JilTests.SerializeTests.OddNullRef" storage="c:\users\dt-impact\ftsubs\mstest\kevin-montrose_jil-8a5af0f\jiltests\bin\debug\net452\jiltests.dll" id="8a177b66-050e-4738-8ee8-44d1e5b517cd"><Execution id="a4245788-c1f3-4c14-afe1-75be16e3dc2a" /><TestMethod codeBase="C:\Users\dt-impact\ftsubs\mstest\kevin-montrose_Jil-8a5af0f\JilTests\bin\Debug\net452\JilTests.dll" adapterTypeName="executor://xunit/VsTestRunner2/desktop_and_uap" className="JilTests.SerializeTests" name="JilTests.SerializeTests.OddNullRef" /></UnitTest><UnitTest name="JilTests.DeserializeTests.MicrosoftDateTimeOffsets" storage="c:\users\dt-impact\ftsubs\mstest\kevin-montrose_jil-8a5af0f\jiltests\bin\debug\net452\jiltests.dll" id="a5ee59d2-4b3d-478d-95eb-e476a472259a"><Execution id="5e9bf22d-7a16-42ef-91fb-c7cf52b4d113" /><TestMethod codeBase="C:\Users\dt-impact\ftsubs\mstest\kevin-montrose_Jil-8a5af0f\JilTests\bin\Debug\net452\JilTests.dll" adapterTypeName="executor://xunit/VsTestRunner2/desktop_and_uap" className="JilTests.DeserializeTests" name="JilTests.DeserializeTests.MicrosoftDateTimeOffsets" /></UnitTest><UnitTest name="JilTests.UtilsTests.ConstantFields" storage="c:\users\dt-impact\ftsubs\mstest\kevin-montrose_jil-8a5af0f\jiltests\bin\debug\net452\jiltests.dll" id="5876b27b-2a56-4017-8315-ef8393ec75ab"><Execution id="ee164d7b-8505-473b-bd2d-92b24202c632" /><TestMethod codeBase="C:\Users\dt-impact\ftsubs\mstest\kevin-montrose_Jil-8a5af0f\JilTests\bin\Debug\net452\JilTests.dll" adapterTypeName="executor://xunit/VsTestRunner2/desktop_and_uap" className="JilTests.UtilsTests" name="JilTests.UtilsTests.ConstantFields" /></UnitTest><UnitTest name="JilTests.SerializeTests.Dictionary" storage="c:\users\dt-impact\ftsubs\mstest\kevin-montrose_jil-8a5af0f\jiltests\bin\debug\net452\jiltests.dll" id="155ef0f9-d1e3-4bcf-8750-07923196a4b2"><Execution id="123f2ef9-6180-418e-ad4f-b5eb2d2404ba" /><TestMethod codeBase="C:\Users\dt-impact\ftsubs\mstest\kevin-montrose_Jil-8a5af0f\JilTests\bin\Debug\net452\JilTests.dll" adapterTypeName="executor://xunit/VsTestRunner2/desktop_and_uap" className="JilTests.SerializeTests" name="JilTests.SerializeTests.Dictionary" /></UnitTest><UnitTest name="JilTests.DeserializeTests.RecursiveObjects" storage="c:\users\dt-impact\ftsubs\mstest\kevin-montrose_jil-8a5af0f\jiltests\bin\debug\net452\jiltests.dll" id="8f6a0c76-edf1-4795-96fd-32fbd0e86a79"><Execution id="fec8cddc-a9db-48cb-94dd-0c844f7bed7e" /><TestMethod codeBase="C:\Users\dt-impact\ftsubs\mstest\kevin-montrose_Jil-8a5af0f\JilTests\bin\Debug\net452\JilTests.dll" adapterTypeName="executor://xunit/VsTestRunner2/desktop_and_uap" className="JilTests.DeserializeTests" name="JilTests.DeserializeTests.RecursiveObjects" /></UnitTest><UnitTest name="JilTests.DeserializeDynamicTests.SecondDateTimes" storage="c:\users\dt-impact\ftsubs\mstest\kevin-montrose_jil-8a5af0f\jiltests\bin\debug\net452\jiltests.dll" id="91da88e4-8720-47ea-8c3e-7231f51d7ab4"><Execution id="3e636616-a3b7-4624-9a81-279bd76ff93b" /><TestMethod codeBase="C:\Users\dt-impact\ftsubs\mstest\kevin-montrose_Jil-8a5af0f\JilTests\bin\Debug\net452\JilTests.dll" adapterTypeName="executor://xunit/VsTestRunner2/desktop_and_uap" className="JilTests.DeserializeDynamicTests" name="JilTests.DeserializeDynamicTests.SecondDateTimes" /></UnitTest><UnitTest name="JilTests.SerializeTests.Issue159" storage="c:\users\dt-impact\ftsubs\mstest\kevin-montrose_jil-8a5af0f\jiltests\bin\debug\net452\jiltests.dll" id="1b56f294-822a-4f0e-832b-cddc14259392"><Execution id="6f60a398-982d-49d3-bcde-cfe770b21e5a" /><TestMethod codeBase="C:\Users\dt-impact\ftsubs\mstest\kevin-montrose_Jil-8a5af0f\JilTests\bin\Debug\net452\JilTests.dll" adapterTypeName="executor://xunit/VsTestRunner2/desktop_and_uap" className="JilTests.SerializeTests" name="JilTests.SerializeTests.Issue159" /></UnitTest><UnitTest name="JilTests.SerializeTests.Issue27" storage="c:\users\dt-impact\ftsubs\mstest\kevin-montrose_jil-8a5af0f\jiltests\bin\debug\net452\jiltests.dll" id="cc38f37a-1a05-4c69-bd46-6afdfea87e29"><Execution id="86cdf06e-42fc-4244-a272-63126fc872aa" /><TestMethod codeBase="C:\Users\dt-impact\ftsubs\mstest\kevin-montrose_Jil-8a5af0f\JilTests\bin\Debug\net452\JilTests.dll" adapterTypeName="executor://xunit/VsTestRunner2/desktop_and_uap" className="JilTests.SerializeTests" name="JilTests.SerializeTests.Issue27" /></UnitTest><UnitTest name="JilTests.SerializeTests.SecondsTimeSpans" storage="c:\users\dt-impact\ftsubs\mstest\kevin-montrose_jil-8a5af0f\jiltests\bin\debug\net452\jiltests.dll" id="98beddc3-c83f-477c-9567-f0883e3dc012"><Execution id="bc565e74-27c2-4148-b076-622142ef5b51" /><TestMethod codeBase="C:\Users\dt-impact\ftsubs\mstest\kevin-montrose_Jil-8a5af0f\JilTests\bin\Debug\net452\JilTests.dll" adapterTypeName="executor://xunit/VsTestRunner2/desktop_and_uap" className="JilTests.SerializeTests" name="JilTests.SerializeTests.SecondsTimeSpans" /></UnitTest><UnitTest name="JilTests.DeserializeDynamicTests.Issue143DateTimeFractionOverflow" storage="c:\users\dt-impact\ftsubs\mstest\kevin-montrose_jil-8a5af0f\jiltests\bin\debug\net452\jiltests.dll" id="cf099113-a477-49af-992e-24a7bcb1de02"><Execution id="a89ef83a-8b57-41c6-90ca-bc40c08446dc" /><TestMethod codeBase="C:\Users\dt-impact\ftsubs\mstest\kevin-montrose_Jil-8a5af0f\JilTests\bin\Debug\net452\JilTests.dll" adapterTypeName="executor://xunit/VsTestRunner2/desktop_and_uap" className="JilTests.DeserializeDynamicTests" name="JilTests.DeserializeDynamicTests.Issue143DateTimeFractionOverflow" /></UnitTest><UnitTest name="JilTests.DeserializeTests.Issue19" storage="c:\users\dt-impact\ftsubs\mstest\kevin-montrose_jil-8a5af0f\jiltests\bin\debug\net452\jiltests.dll" id="776b4aa0-7567-40a3-a917-de4ca143f681"><Execution id="0aae3b66-81d0-441f-84a6-048f167b7574" /><TestMethod codeBase="C:\Users\dt-impact\ftsubs\mstest\kevin-montrose_Jil-8a5af0f\JilTests\bin\Debug\net452\JilTests.dll" adapterTypeName="executor://xunit/VsTestRunner2/desktop_and_uap" className="JilTests.DeserializeTests" name="JilTests.DeserializeTests.Issue19" /></UnitTest><UnitTest name="JilTests.EnumFlagsTest.TestEnumFlagsSerialize" storage="c:\users\dt-impact\ftsubs\mstest\kevin-montrose_jil-8a5af0f\jiltests\bin\debug\net452\jiltests.dll" id="e4b85f62-2d08-4b52-bb73-7eae02f93e36"><Execution id="4d0b4478-f818-42e5-b7ee-410029668cc1" /><TestMethod codeBase="C:\Users\dt-impact\ftsubs\mstest\kevin-montrose_Jil-8a5af0f\JilTests\bin\Debug\net452\JilTests.dll" adapterTypeName="executor://xunit/VsTestRunner2/desktop_and_uap" className="JilTests.EnumFlagsTest" name="JilTests.EnumFlagsTest.TestEnumFlagsSerialize" /></UnitTest><UnitTest name="JilTests.DeserializeTests.IReadOnlyLists" storage="c:\users\dt-impact\ftsubs\mstest\kevin-montrose_jil-8a5af0f\jiltests\bin\debug\net452\jiltests.dll" id="035d26ab-a837-48f5-8faa-cd242e58ce90"><Execution id="8be43246-2e7d-4ae7-b40d-03bc813f589e" /><TestMethod codeBase="C:\Users\dt-impact\ftsubs\mstest\kevin-montrose_Jil-8a5af0f\JilTests\bin\Debug\net452\JilTests.dll" adapterTypeName="executor://xunit/VsTestRunner2/desktop_and_uap" className="JilTests.DeserializeTests" name="JilTests.DeserializeTests.IReadOnlyLists" /></UnitTest><UnitTest name="JilTests.DeserializeTests.MultipleNullableDiscriminantUnion" storage="c:\users\dt-impact\ftsubs\mstest\kevin-montrose_jil-8a5af0f\jiltests\bin\debug\net452\jiltests.dll" id="0961002f-7939-4f38-8fdd-407e62c825d1"><Execution id="e3426c6e-fac4-42a8-9b4c-407f340d5eb1" /><TestMethod codeBase="C:\Users\dt-impact\ftsubs\mstest\kevin-montrose_Jil-8a5af0f\JilTests\bin\Debug\net452\JilTests.dll" adapterTypeName="executor://xunit/VsTestRunner2/desktop_and_uap" className="JilTests.DeserializeTests" name="JilTests.DeserializeTests.MultipleNullableDiscriminantUnion" /></UnitTest><UnitTest name="JilTests.DeserializeDynamicTests.ObjectEnumeration" storage="c:\users\dt-impact\ftsubs\mstest\kevin-montrose_jil-8a5af0f\jiltests\bin\debug\net452\jiltests.dll" id="8ff3029b-fbcb-46ea-9300-028f068232e6"><Execution id="a4896030-1df9-41bc-8662-e68ab9b1ed45" /><TestMethod codeBase="C:\Users\dt-impact\ftsubs\mstest\kevin-montrose_Jil-8a5af0f\JilTests\bin\Debug\net452\JilTests.dll" adapterTypeName="executor://xunit/VsTestRunner2/desktop_and_uap" className="JilTests.DeserializeDynamicTests" name="JilTests.DeserializeDynamicTests.ObjectEnumeration" /></UnitTest><UnitTest name="JilTests.SerializeTests.Issue101" storage="c:\users\dt-impact\ftsubs\mstest\kevin-montrose_jil-8a5af0f\jiltests\bin\debug\net452\jiltests.dll" id="4ee1b699-10a9-4ed7-9f5f-7b347b05e111"><Execution id="139d868b-73b8-4879-942a-7672087367fa" /><TestMethod codeBase="C:\Users\dt-impact\ftsubs\mstest\kevin-montrose_Jil-8a5af0f\JilTests\bin\Debug\net452\JilTests.dll" adapterTypeName="executor://xunit/VsTestRunner2/desktop_and_uap" className="JilTests.SerializeTests" name="JilTests.SerializeTests.Issue101" /></UnitTest><UnitTest name="JilTests.SerializeTests.SerializeDynamic" storage="c:\users\dt-impact\ftsubs\mstest\kevin-montrose_jil-8a5af0f\jiltests\bin\debug\net452\jiltests.dll" id="d727a331-9742-4b10-a42b-b6c7a7100a60"><Execution id="369c76ca-59f8-4c26-bb46-11ff71ba6081" /><TestMethod codeBase="C:\Users\dt-impact\ftsubs\mstest\kevin-montrose_Jil-8a5af0f\JilTests\bin\Debug\net452\JilTests.dll" adapterTypeName="executor://xunit/VsTestRunner2/desktop_and_uap" className="JilTests.SerializeTests" name="JilTests.SerializeTests.SerializeDynamic" /></UnitTest><UnitTest name="JilTests.DeserializeTests.Issue235" storage="c:\users\dt-impact\ftsubs\mstest\kevin-montrose_jil-8a5af0f\jiltests\bin\debug\net452\jiltests.dll" id="474b2980-f430-4f33-b7c8-450a61eebdc9"><Execution id="58a03359-10ce-4b38-844b-07cdd6f122ae" /><TestMethod codeBase="C:\Users\dt-impact\ftsubs\mstest\kevin-montrose_Jil-8a5af0f\JilTests\bin\Debug\net452\JilTests.dll" adapterTypeName="executor://xunit/VsTestRunner2/desktop_and_uap" className="JilTests.DeserializeTests" name="JilTests.DeserializeTests.Issue235" /></UnitTest><UnitTest name="JilTests.DeserializeTests.Issue117_UInt" storage="c:\users\dt-impact\ftsubs\mstest\kevin-montrose_jil-8a5af0f\jiltests\bin\debug\net452\jiltests.dll" id="2ced3281-499f-4370-ad99-686d1a4f79dc"><Execution id="3704901c-50eb-438c-952c-6bb42c335f4f" /><TestMethod codeBase="C:\Users\dt-impact\ftsubs\mstest\kevin-montrose_Jil-8a5af0f\JilTests\bin\Debug\net452\JilTests.dll" adapterTypeName="executor://xunit/VsTestRunner2/desktop_and_uap" className="JilTests.DeserializeTests" name="JilTests.DeserializeTests.Issue117_UInt" /></UnitTest><UnitTest name="JilTests.DeserializeTests.MalformedISO8601(dateString: &quot;\&quot;1900-\&quot;&quot;, expectedError: &quot;Unexpected date string length&quot;)" storage="c:\users\dt-impact\ftsubs\mstest\kevin-montrose_jil-8a5af0f\jiltests\bin\debug\net452\jiltests.dll" id="adc840be-685a-4777-a5af-391f5555783d"><Execution id="16a02ffd-6808-4780-a77d-edb99bbf06d6" /><TestMethod codeBase="C:\Users\dt-impact\ftsubs\mstest\kevin-montrose_Jil-8a5af0f\JilTests\bin\Debug\net452\JilTests.dll" adapterTypeName="executor://xunit/VsTestRunner2/desktop_and_uap" className="JilTests.DeserializeTests" name="JilTests.DeserializeTests.MalformedISO8601(dateString: &quot;\&quot;1900-\&quot;&quot;, expectedError: &quot;Unexpected date string length&quot;)" /></UnitTest><UnitTest name="JilTests.DeserializeTests.MalformedISO8601(dateString: &quot;\&quot;1900-366\&quot;&quot;, expectedError: &quot;Ordinal day can only be 366 in a leap year&quot;)" storage="c:\users\dt-impact\ftsubs\mstest\kevin-montrose_jil-8a5af0f\jiltests\bin\debug\net452\jiltests.dll" id="a134da24-e20b-41ea-837e-cd3ecb86abc8"><Execution id="100ef0a7-4fa9-49fc-8944-ad7c70db51ed" /><TestMethod codeBase="C:\Users\dt-impact\ftsubs\mstest\kevin-montrose_Jil-8a5af0f\JilTests\bin\Debug\net452\JilTests.dll" adapterTypeName="executor://xunit/VsTestRunner2/desktop_and_uap" className="JilTests.DeserializeTests" name="JilTests.DeserializeTests.MalformedISO8601(dateString: &quot;\&quot;1900-366\&quot;&quot;, expectedError: &quot;Ordinal day can only be 366 in a leap year&quot;)" /></UnitTest><UnitTest name="JilTests.SerializeTests.Issue147" storage="c:\users\dt-impact\ftsubs\mstest\kevin-montrose_jil-8a5af0f\jiltests\bin\debug\net452\jiltests.dll" id="04102ac2-428b-42d9-9142-d1f2e9f1c3d5"><Execution id="d1f48bb5-28f1-458a-a38c-b1df2f772840" /><TestMethod codeBase="C:\Users\dt-impact\ftsubs\mstest\kevin-montrose_Jil-8a5af0f\JilTests\bin\Debug\net452\JilTests.dll" adapterTypeName="executor://xunit/VsTestRunner2/desktop_and_uap" className="JilTests.SerializeTests" name="JilTests.SerializeTests.Issue147" /></UnitTest><UnitTest name="JilTests.DeserializeTests.Issue151" storage="c:\users\dt-impact\ftsubs\mstest\kevin-montrose_jil-8a5af0f\jiltests\bin\debug\net452\jiltests.dll" id="a811534c-73de-4f35-8222-1003987b2e83"><Execution id="c65d739f-6977-47f9-bcf8-7ae3f02b2b00" /><TestMethod codeBase="C:\Users\dt-impact\ftsubs\mstest\kevin-montrose_Jil-8a5af0f\JilTests\bin\Debug\net452\JilTests.dll" adapterTypeName="executor://xunit/VsTestRunner2/desktop_and_uap" className="JilTests.DeserializeTests" name="JilTests.DeserializeTests.Issue151" /></UnitTest><UnitTest name="JilTests.DeserializeDynamicTests.TrickyNumbers" storage="c:\users\dt-impact\ftsubs\mstest\kevin-montrose_jil-8a5af0f\jiltests\bin\debug\net452\jiltests.dll" id="2b641178-04ab-4e2b-b78b-42dffd4ebec6"><Execution id="b9f5eedc-a635-451e-9aee-a61fcfb12581" /><TestMethod codeBase="C:\Users\dt-impact\ftsubs\mstest\kevin-montrose_Jil-8a5af0f\JilTests\bin\Debug\net452\JilTests.dll" adapterTypeName="executor://xunit/VsTestRunner2/desktop_and_uap" className="JilTests.DeserializeDynamicTests" name="JilTests.DeserializeDynamicTests.TrickyNumbers" /></UnitTest><UnitTest name="JilTests.DeserializeDynamicTests.Issue117(input: &quot;123.&quot;, expectedError: &quot;Expected digit&quot;)" storage="c:\users\dt-impact\ftsubs\mstest\kevin-montrose_jil-8a5af0f\jiltests\bin\debug\net452\jiltests.dll" id="9517b1dd-0b53-4a08-b251-1e9f63890d48"><Execution id="b76b55f5-253b-4e7e-8751-b3a784b2c08a" /><TestMethod codeBase="C:\Users\dt-impact\ftsubs\mstest\kevin-montrose_Jil-8a5af0f\JilTests\bin\Debug\net452\JilTests.dll" adapterTypeName="executor://xunit/VsTestRunner2/desktop_and_uap" className="JilTests.DeserializeDynamicTests" name="JilTests.DeserializeDynamicTests.Issue117(input: &quot;123.&quot;, expectedError: &quot;Expected digit&quot;)" /></UnitTest><UnitTest name="JilTests.SerializeTests.StringsAndChars" storage="c:\users\dt-impact\ftsubs\mstest\kevin-montrose_jil-8a5af0f\jiltests\bin\debug\net452\jiltests.dll" id="67cbecae-509e-4f68-842b-2641114fafc8"><Execution id="80c41127-5f09-4d12-b438-1f7b51edbc44" /><TestMethod codeBase="C:\Users\dt-impact\ftsubs\mstest\kevin-montrose_Jil-8a5af0f\JilTests\bin\Debug\net452\JilTests.dll" adapterTypeName="executor://xunit/VsTestRunner2/desktop_and_uap" className="JilTests.SerializeTests" name="JilTests.SerializeTests.StringsAndChars" /></UnitTest><UnitTest name="JilTests.DeserializeTests.Issue86" storage="c:\users\dt-impact\ftsubs\mstest\kevin-montrose_jil-8a5af0f\jiltests\bin\debug\net452\jiltests.dll" id="7ed5c413-a411-4cf8-8f35-0d8b6ae83b8f"><Execution id="2b553825-04a4-4bbb-ac71-474524ccdfb2" /><TestMethod codeBase="C:\Users\dt-impact\ftsubs\mstest\kevin-montrose_Jil-8a5af0f\JilTests\bin\Debug\net452\JilTests.dll" adapterTypeName="executor://xunit/VsTestRunner2/desktop_and_uap" className="JilTests.DeserializeTests" name="JilTests.DeserializeTests.Issue86" /></UnitTest><UnitTest name="JilTests.DeserializeTests.SeekNotSupported" storage="c:\users\dt-impact\ftsubs\mstest\kevin-montrose_jil-8a5af0f\jiltests\bin\debug\net452\jiltests.dll" id="0339e0ef-2764-4d44-ab76-da98d38b4396"><Execution id="43d10d05-86ac-4d5c-9fbf-3efb56d82466" /><TestMethod codeBase="C:\Users\dt-impact\ftsubs\mstest\kevin-montrose_Jil-8a5af0f\JilTests\bin\Debug\net452\JilTests.dll" adapterTypeName="executor://xunit/VsTestRunner2/desktop_and_uap" className="JilTests.DeserializeTests" name="JilTests.DeserializeTests.SeekNotSupported" /></UnitTest><UnitTest name="JilTests.DeserializeTests.MicrosoftDateTimesWithTimeZones" storage="c:\users\dt-impact\ftsubs\mstest\kevin-montrose_jil-8a5af0f\jiltests\bin\debug\net452\jiltests.dll" id="f29f3d01-beae-4413-a9bf-a01ba6439cc1"><Execution id="eb8f5957-9c8c-426d-ad94-9902ebce4c29" /><TestMethod codeBase="C:\Users\dt-impact\ftsubs\mstest\kevin-montrose_Jil-8a5af0f\JilTests\bin\Debug\net452\JilTests.dll" adapterTypeName="executor://xunit/VsTestRunner2/desktop_and_uap" className="JilTests.DeserializeTests" name="JilTests.DeserializeTests.MicrosoftDateTimesWithTimeZones" /></UnitTest><UnitTest name="JilTests.DeserializeTests.IReadOnlyDictionaryNumberKeys" storage="c:\users\dt-impact\ftsubs\mstest\kevin-montrose_jil-8a5af0f\jiltests\bin\debug\net452\jiltests.dll" id="b4f27719-cbff-40d6-a990-f688600ea753"><Execution id="7040dd57-1c4f-4402-9d71-2a56a9ff9a1c" /><TestMethod codeBase="C:\Users\dt-impact\ftsubs\mstest\kevin-montrose_Jil-8a5af0f\JilTests\bin\Debug\net452\JilTests.dll" adapterTypeName="executor://xunit/VsTestRunner2/desktop_and_uap" className="JilTests.DeserializeTests" name="JilTests.DeserializeTests.IReadOnlyDictionaryNumberKeys" /></UnitTest><UnitTest name="JilTests.DeserializeDynamicTests.EnumMemberAttributeOverride" storage="c:\users\dt-impact\ftsubs\mstest\kevin-montrose_jil-8a5af0f\jiltests\bin\debug\net452\jiltests.dll" id="1bd3cd36-033c-4811-835c-42d7cee75b73"><Execution id="0e0aa646-50f3-4c4c-8757-d3c07fd8c6a3" /><TestMethod codeBase="C:\Users\dt-impact\ftsubs\mstest\kevin-montrose_Jil-8a5af0f\JilTests\bin\Debug\net452\JilTests.dll" adapterTypeName="executor://xunit/VsTestRunner2/desktop_and_uap" className="JilTests.DeserializeDynamicTests" name="JilTests.DeserializeDynamicTests.EnumMemberAttributeOverride" /></UnitTest><UnitTest name="JilTests.DeserializeDynamicTests.ParseISO8601" storage="c:\users\dt-impact\ftsubs\mstest\kevin-montrose_jil-8a5af0f\jiltests\bin\debug\net452\jiltests.dll" id="39a25ec3-d622-407e-85a4-15a7b19ffa7f"><Execution id="cfdecdc7-88c8-4d9f-81d1-668e73282204" /><TestMethod codeBase="C:\Users\dt-impact\ftsubs\mstest\kevin-montrose_Jil-8a5af0f\JilTests\bin\Debug\net452\JilTests.dll" adapterTypeName="executor://xunit/VsTestRunner2/desktop_and_uap" className="JilTests.DeserializeDynamicTests" name="JilTests.DeserializeDynamicTests.ParseISO8601" /></UnitTest><UnitTest name="JilTests.DynamicSerializationTests.SecondsTimeSpans" storage="c:\users\dt-impact\ftsubs\mstest\kevin-montrose_jil-8a5af0f\jiltests\bin\debug\net452\jiltests.dll" id="beb85d9d-92d1-4d73-84d8-24d4cb7bcfc7"><Execution id="7c7a429d-55c7-4750-a604-12c83be65be5" /><TestMethod codeBase="C:\Users\dt-impact\ftsubs\mstest\kevin-montrose_Jil-8a5af0f\JilTests\bin\Debug\net452\JilTests.dll" adapterTypeName="executor://xunit/VsTestRunner2/desktop_and_uap" className="JilTests.DynamicSerializationTests" name="JilTests.DynamicSerializationTests.SecondsTimeSpans" /></UnitTest><UnitTest name="JilTests.DeserializeTests.PrimitiveWrappers" storage="c:\users\dt-impact\ftsubs\mstest\kevin-montrose_jil-8a5af0f\jiltests\bin\debug\net452\jiltests.dll" id="bb4811c3-bc8f-46df-9127-3fb0a1b82215"><Execution id="bbe6ed8b-167f-43c5-89aa-6867232b042a" /><TestMethod codeBase="C:\Users\dt-impact\ftsubs\mstest\kevin-montrose_Jil-8a5af0f\JilTests\bin\Debug\net452\JilTests.dll" adapterTypeName="executor://xunit/VsTestRunner2/desktop_and_uap" className="JilTests.DeserializeTests" name="JilTests.DeserializeTests.PrimitiveWrappers" /></UnitTest><UnitTest name="JilTests.SerializeTests.Guids" storage="c:\users\dt-impact\ftsubs\mstest\kevin-montrose_jil-8a5af0f\jiltests\bin\debug\net452\jiltests.dll" id="dda95192-077f-4185-882d-2aea6eb77a58"><Execution id="010b13f1-fe96-44f8-aa5a-1c42864e7f2b" /><TestMethod codeBase="C:\Users\dt-impact\ftsubs\mstest\kevin-montrose_Jil-8a5af0f\JilTests\bin\Debug\net452\JilTests.dll" adapterTypeName="executor://xunit/VsTestRunner2/desktop_and_uap" className="JilTests.SerializeTests" name="JilTests.SerializeTests.Guids" /></UnitTest><UnitTest name="JilTests.DeserializeTests.MalformedISO8601(dateString: &quot;\&quot;1999-W1\&quot;&quot;, expectedError: &quot;Unexpected date string length&quot;)" storage="c:\users\dt-impact\ftsubs\mstest\kevin-montrose_jil-8a5af0f\jiltests\bin\debug\net452\jiltests.dll" id="55880323-8ff0-4ae1-ba93-c56f54dabb8f"><Execution id="c1c6a39a-c0d0-4f0b-945a-aff7c84c1ec9" /><TestMethod codeBase="C:\Users\dt-impact\ftsubs\mstest\kevin-montrose_Jil-8a5af0f\JilTests\bin\Debug\net452\JilTests.dll" adapterTypeName="executor://xunit/VsTestRunner2/desktop_and_uap" className="JilTests.DeserializeTests" name="JilTests.DeserializeTests.MalformedISO8601(dateString: &quot;\&quot;1999-W1\&quot;&quot;, expectedError: &quot;Unexpected date string length&quot;)" /></UnitTest><UnitTest name="JilTests.DeserializeTests.DynamicMembers" storage="c:\users\dt-impact\ftsubs\mstest\kevin-montrose_jil-8a5af0f\jiltests\bin\debug\net452\jiltests.dll" id="317eb5fc-d537-42cd-9068-fccbda67ac3f"><Execution id="ae55f247-dac5-4d1d-93c0-8322a132db10" /><TestMethod codeBase="C:\Users\dt-impact\ftsubs\mstest\kevin-montrose_Jil-8a5af0f\JilTests\bin\Debug\net452\JilTests.dll" adapterTypeName="executor://xunit/VsTestRunner2/desktop_and_uap" className="JilTests.DeserializeTests" name="JilTests.DeserializeTests.DynamicMembers" /></UnitTest><UnitTest name="JilTests.DynamicSerializationTests.Issue230" storage="c:\users\dt-impact\ftsubs\mstest\kevin-montrose_jil-8a5af0f\jiltests\bin\debug\net452\jiltests.dll" id="d0afadad-0086-48de-b027-321e983bee9e"><Execution id="fa5e662e-2aca-4502-938a-731271067488" /><TestMethod codeBase="C:\Users\dt-impact\ftsubs\mstest\kevin-montrose_Jil-8a5af0f\JilTests\bin\Debug\net452\JilTests.dll" adapterTypeName="executor://xunit/VsTestRunner2/desktop_and_uap" className="JilTests.DynamicSerializationTests" name="JilTests.DynamicSerializationTests.Issue230" /></UnitTest><UnitTest name="JilTests.DeserializeTests.MalformedISO8601(dateString: &quot;\&quot;1900-01-01T19:19+\&quot;&quot;, expectedError: &quot;Expected hour part of ISO8601 timezone offset&quot;)" storage="c:\users\dt-impact\ftsubs\mstest\kevin-montrose_jil-8a5af0f\jiltests\bin\debug\net452\jiltests.dll" id="8da8f67c-b275-44ac-a1ef-3bcb4229a26d"><Execution id="868a0abc-142b-41b0-9e3b-da37b40c1ad2" /><TestMethod codeBase="C:\Users\dt-impact\ftsubs\mstest\kevin-montrose_Jil-8a5af0f\JilTests\bin\Debug\net452\JilTests.dll" adapterTypeName="executor://xunit/VsTestRunner2/desktop_and_uap" className="JilTests.DeserializeTests" name="JilTests.DeserializeTests.MalformedISO8601(dateString: &quot;\&quot;1900-01-01T19:19+\&quot;&quot;, expectedError: &quot;Expected hour part of ISO8601 timezone offset&quot;)" /></UnitTest><UnitTest name="JilTests.DeserializeDynamicTests.Number" storage="c:\users\dt-impact\ftsubs\mstest\kevin-montrose_jil-8a5af0f\jiltests\bin\debug\net452\jiltests.dll" id="2943ecb8-6f3a-48aa-9d80-f16ad2bb36af"><Execution id="4fa8801e-7ac6-47c2-98b1-d3ac26308a96" /><TestMethod codeBase="C:\Users\dt-impact\ftsubs\mstest\kevin-montrose_Jil-8a5af0f\JilTests\bin\Debug\net452\JilTests.dll" adapterTypeName="executor://xunit/VsTestRunner2/desktop_and_uap" className="JilTests.DeserializeDynamicTests" name="JilTests.DeserializeDynamicTests.Number" /></UnitTest><UnitTest name="JilTests.DeserializeDynamicTests.ArrayCoercion" storage="c:\users\dt-impact\ftsubs\mstest\kevin-montrose_jil-8a5af0f\jiltests\bin\debug\net452\jiltests.dll" id="4c3dc683-3c86-4590-922b-8962e5093c05"><Execution id="d8af1185-60fc-4029-9761-53a4f7dd118a" /><TestMethod codeBase="C:\Users\dt-impact\ftsubs\mstest\kevin-montrose_Jil-8a5af0f\JilTests\bin\Debug\net452\JilTests.dll" adapterTypeName="executor://xunit/VsTestRunner2/desktop_and_uap" className="JilTests.DeserializeDynamicTests" name="JilTests.DeserializeDynamicTests.ArrayCoercion" /></UnitTest><UnitTest name="JilTests.DeserializeTests.Interface" storage="c:\users\dt-impact\ftsubs\mstest\kevin-montrose_jil-8a5af0f\jiltests\bin\debug\net452\jiltests.dll" id="d9e43e27-abe5-4d90-9d77-d2169fca6156"><Execution id="d814fdfa-2d68-4046-83af-668a088db1b4" /><TestMethod codeBase="C:\Users\dt-impact\ftsubs\mstest\kevin-montrose_Jil-8a5af0f\JilTests\bin\Debug\net452\JilTests.dll" adapterTypeName="executor://xunit/VsTestRunner2/desktop_and_uap" className="JilTests.DeserializeTests" name="JilTests.DeserializeTests.Interface" /></UnitTest><UnitTest name="JilTests.SerializeTests.ConvertEnumsToPrimitives" storage="c:\users\dt-impact\ftsubs\mstest\kevin-montrose_jil-8a5af0f\jiltests\bin\debug\net452\jiltests.dll" id="306de263-7b5d-45d6-a764-651d98b0e21b"><Execution id="c4a19b80-0f4a-4241-a1d7-91874721b700" /><TestMethod codeBase="C:\Users\dt-impact\ftsubs\mstest\kevin-montrose_Jil-8a5af0f\JilTests\bin\Debug\net452\JilTests.dll" adapterTypeName="executor://xunit/VsTestRunner2/desktop_and_uap" className="JilTests.SerializeTests" name="JilTests.SerializeTests.ConvertEnumsToPrimitives" /></UnitTest><UnitTest name="JilTests.DynamicSerializationTests.ExpandoObject" storage="c:\users\dt-impact\ftsubs\mstest\kevin-montrose_jil-8a5af0f\jiltests\bin\debug\net452\jiltests.dll" id="59adcdb1-1218-4c35-a4d0-260345193569"><Execution id="04068c8f-2bb4-4448-8898-41fa4dfaacfc" /><TestMethod codeBase="C:\Users\dt-impact\ftsubs\mstest\kevin-montrose_Jil-8a5af0f\JilTests\bin\Debug\net452\JilTests.dll" adapterTypeName="executor://xunit/VsTestRunner2/desktop_and_uap" className="JilTests.DynamicSerializationTests" name="JilTests.DynamicSerializationTests.ExpandoObject" /></UnitTest><UnitTest name="JilTests.SerializeTests.ExcludeNulls" storage="c:\users\dt-impact\ftsubs\mstest\kevin-montrose_jil-8a5af0f\jiltests\bin\debug\net452\jiltests.dll" id="dc54c187-9083-4046-a4ff-c077c0a76bb9"><Execution id="d7e65a10-8b21-467d-b474-848f66cf26ae" /><TestMethod codeBase="C:\Users\dt-impact\ftsubs\mstest\kevin-montrose_Jil-8a5af0f\JilTests\bin\Debug\net452\JilTests.dll" adapterTypeName="executor://xunit/VsTestRunner2/desktop_and_uap" className="JilTests.SerializeTests" name="JilTests.SerializeTests.ExcludeNulls" /></UnitTest><UnitTest name="JilTests.SerializeTests.SimpleObject" storage="c:\users\dt-impact\ftsubs\mstest\kevin-montrose_jil-8a5af0f\jiltests\bin\debug\net452\jiltests.dll" id="25a791d6-b860-4f33-9722-a272b7a4ae64"><Execution id="a1560dc8-db71-40f8-97ad-e134c388bfc8" /><TestMethod codeBase="C:\Users\dt-impact\ftsubs\mstest\kevin-montrose_Jil-8a5af0f\JilTests\bin\Debug\net452\JilTests.dll" adapterTypeName="executor://xunit/VsTestRunner2/desktop_and_uap" className="JilTests.SerializeTests" name="JilTests.SerializeTests.SimpleObject" /></UnitTest><UnitTest name="JilTests.SerializeTests.EnumVariations" storage="c:\users\dt-impact\ftsubs\mstest\kevin-montrose_jil-8a5af0f\jiltests\bin\debug\net452\jiltests.dll" id="daa61c03-e7a0-431f-b434-3aa8c18c85ea"><Execution id="e7494bcc-2f1e-4671-b1fa-8789a9161117" /><TestMethod codeBase="C:\Users\dt-impact\ftsubs\mstest\kevin-montrose_Jil-8a5af0f\JilTests\bin\Debug\net452\JilTests.dll" adapterTypeName="executor://xunit/VsTestRunner2/desktop_and_uap" className="JilTests.SerializeTests" name="JilTests.SerializeTests.EnumVariations" /></UnitTest><UnitTest name="JilTests.SerializeTests.EnumMemberAttributeOverrideFlags" storage="c:\users\dt-impact\ftsubs\mstest\kevin-montrose_jil-8a5af0f\jiltests\bin\debug\net452\jiltests.dll" id="c67496f5-1798-4a88-8e61-5d1c9c2d6841"><Execution id="ab46cc15-b887-48de-8b1b-0e1bca5d9909" /><TestMethod codeBase="C:\Users\dt-impact\ftsubs\mstest\kevin-montrose_Jil-8a5af0f\JilTests\bin\Debug\net452\JilTests.dll" adapterTypeName="executor://xunit/VsTestRunner2/desktop_and_uap" className="JilTests.SerializeTests" name="JilTests.SerializeTests.EnumMemberAttributeOverrideFlags" /></UnitTest><UnitTest name="JilTests.DeserializeDynamicTests.Issue117(input: &quot;-001&quot;, expectedError: &quot;Number cannot have leading zeros&quot;)" storage="c:\users\dt-impact\ftsubs\mstest\kevin-montrose_jil-8a5af0f\jiltests\bin\debug\net452\jiltests.dll" id="35bb7384-6e4b-46f9-ae3b-d38f2d72d929"><Execution id="90819d75-d94c-4f3f-b77b-211fe467ed3d" /><TestMethod codeBase="C:\Users\dt-impact\ftsubs\mstest\kevin-montrose_Jil-8a5af0f\JilTests\bin\Debug\net452\JilTests.dll" adapterTypeName="executor://xunit/VsTestRunner2/desktop_and_uap" className="JilTests.DeserializeDynamicTests" name="JilTests.DeserializeDynamicTests.Issue117(input: &quot;-001&quot;, expectedError: &quot;Number cannot have leading zeros&quot;)" /></UnitTest><UnitTest name="JilTests.DeserializeTests.Issue150" storage="c:\users\dt-impact\ftsubs\mstest\kevin-montrose_jil-8a5af0f\jiltests\bin\debug\net452\jiltests.dll" id="f71608a9-aca8-432f-bfd4-07ebf3842a83"><Execution id="569c17c4-016f-42c9-a509-e07e88e68979" /><TestMethod codeBase="C:\Users\dt-impact\ftsubs\mstest\kevin-montrose_Jil-8a5af0f\JilTests\bin\Debug\net452\JilTests.dll" adapterTypeName="executor://xunit/VsTestRunner2/desktop_and_uap" className="JilTests.DeserializeTests" name="JilTests.DeserializeTests.Issue150" /></UnitTest><UnitTest name="JilTests.SerializeTests.ConditionalSerialization" storage="c:\users\dt-impact\ftsubs\mstest\kevin-montrose_jil-8a5af0f\jiltests\bin\debug\net452\jiltests.dll" id="71e4d95e-8f31-42db-a6cc-41120aec11b7"><Execution id="a7d3afc9-06e0-4a67-938a-1044e457d6b9" /><TestMethod codeBase="C:\Users\dt-impact\ftsubs\mstest\kevin-montrose_Jil-8a5af0f\JilTests\bin\Debug\net452\JilTests.dll" adapterTypeName="executor://xunit/VsTestRunner2/desktop_and_uap" className="JilTests.SerializeTests" name="JilTests.SerializeTests.ConditionalSerialization" /></UnitTest><UnitTest name="JilTests.DeserializeTests.MalformedISO8601(dateString: &quot;\&quot;1900-01-01T19:19+00:\&quot;&quot;, expectedError: &quot;Not enough character for ISO8601 timezone offset&quot;)" storage="c:\users\dt-impact\ftsubs\mstest\kevin-montrose_jil-8a5af0f\jiltests\bin\debug\net452\jiltests.dll" id="abd998c2-532a-4e4b-b750-3596470098ae"><Execution id="9253e748-8db6-4aa3-a0fa-bb2294d0daa7" /><TestMethod codeBase="C:\Users\dt-impact\ftsubs\mstest\kevin-montrose_Jil-8a5af0f\JilTests\bin\Debug\net452\JilTests.dll" adapterTypeName="executor://xunit/VsTestRunner2/desktop_and_uap" className="JilTests.DeserializeTests" name="JilTests.DeserializeTests.MalformedISO8601(dateString: &quot;\&quot;1900-01-01T19:19+00:\&quot;&quot;, expectedError: &quot;Not enough character for ISO8601 timezone offset&quot;)" /></UnitTest><UnitTest name="JilTests.DeserializeTests.SecondDateTimes" storage="c:\users\dt-impact\ftsubs\mstest\kevin-montrose_jil-8a5af0f\jiltests\bin\debug\net452\jiltests.dll" id="842a3c24-aa84-4d65-926e-95e2f4f92186"><Execution id="93fe2d99-049f-4034-94d0-22065cab663b" /><TestMethod codeBase="C:\Users\dt-impact\ftsubs\mstest\kevin-montrose_Jil-8a5af0f\JilTests\bin\Debug\net452\JilTests.dll" adapterTypeName="executor://xunit/VsTestRunner2/desktop_and_uap" className="JilTests.DeserializeTests" name="JilTests.DeserializeTests.SecondDateTimes" /></UnitTest><UnitTest name="JilTests.DeserializeTests.Issue117_Short" storage="c:\users\dt-impact\ftsubs\mstest\kevin-montrose_jil-8a5af0f\jiltests\bin\debug\net452\jiltests.dll" id="165a7b20-6f12-47c7-8874-b534557a80d9"><Execution id="a1f2c0a8-5975-47bb-8a71-54bced5baf76" /><TestMethod codeBase="C:\Users\dt-impact\ftsubs\mstest\kevin-montrose_Jil-8a5af0f\JilTests\bin\Debug\net452\JilTests.dll" adapterTypeName="executor://xunit/VsTestRunner2/desktop_and_uap" className="JilTests.DeserializeTests" name="JilTests.DeserializeTests.Issue117_Short" /></UnitTest><UnitTest name="JilTests.DynamicSerializationTests.ElasticExampleFailure" storage="c:\users\dt-impact\ftsubs\mstest\kevin-montrose_jil-8a5af0f\jiltests\bin\debug\net452\jiltests.dll" id="d1194b3b-9a41-4a71-b7f7-99471babd7a6"><Execution id="efb88d89-81c2-4020-ac25-3429c46c31c6" /><TestMethod codeBase="C:\Users\dt-impact\ftsubs\mstest\kevin-montrose_Jil-8a5af0f\JilTests\bin\Debug\net452\JilTests.dll" adapterTypeName="executor://xunit/VsTestRunner2/desktop_and_uap" className="JilTests.DynamicSerializationTests" name="JilTests.DynamicSerializationTests.ElasticExampleFailure" /></UnitTest><UnitTest name="JilTests.DeserializeTests.DictionaryNumberKeys" storage="c:\users\dt-impact\ftsubs\mstest\kevin-montrose_jil-8a5af0f\jiltests\bin\debug\net452\jiltests.dll" id="48a70233-5526-4a56-a3a0-eff836d2ff76"><Execution id="547d55f6-08f3-4331-8591-1f3e88963cb9" /><TestMethod codeBase="C:\Users\dt-impact\ftsubs\mstest\kevin-montrose_Jil-8a5af0f\JilTests\bin\Debug\net452\JilTests.dll" adapterTypeName="executor://xunit/VsTestRunner2/desktop_and_uap" className="JilTests.DeserializeTests" name="JilTests.DeserializeTests.DictionaryNumberKeys" /></UnitTest><UnitTest name="JilTests.DeserializeTests.Dictionaries" storage="c:\users\dt-impact\ftsubs\mstest\kevin-montrose_jil-8a5af0f\jiltests\bin\debug\net452\jiltests.dll" id="1da47d44-de3c-4d95-bed1-383fb294bde6"><Execution id="70aadaac-a7c9-48ff-a558-163043790120" /><TestMethod codeBase="C:\Users\dt-impact\ftsubs\mstest\kevin-montrose_Jil-8a5af0f\JilTests\bin\Debug\net452\JilTests.dll" adapterTypeName="executor://xunit/VsTestRunner2/desktop_and_uap" className="JilTests.DeserializeTests" name="JilTests.DeserializeTests.Dictionaries" /></UnitTest><UnitTest name="JilTests.DeserializeDynamicTests.Issue117(input: &quot;-123.&quot;, expectedError: &quot;Expected digit&quot;)" storage="c:\users\dt-impact\ftsubs\mstest\kevin-montrose_jil-8a5af0f\jiltests\bin\debug\net452\jiltests.dll" id="e41a68bb-15af-4a69-b38f-4851322783bf"><Execution id="943db82e-fbd4-4645-8260-8163748f2c30" /><TestMethod codeBase="C:\Users\dt-impact\ftsubs\mstest\kevin-montrose_Jil-8a5af0f\JilTests\bin\Debug\net452\JilTests.dll" adapterTypeName="executor://xunit/VsTestRunner2/desktop_and_uap" className="JilTests.DeserializeDynamicTests" name="JilTests.DeserializeDynamicTests.Issue117(input: &quot;-123.&quot;, expectedError: &quot;Expected digit&quot;)" /></UnitTest><UnitTest name="JilTests.DeserializeTests.MalformedISO8601(dateString: &quot;\&quot;1999-W01-8\&quot;&quot;, expectedError: &quot;Expected day to be a digit between 1 and 7&quot;)" storage="c:\users\dt-impact\ftsubs\mstest\kevin-montrose_jil-8a5af0f\jiltests\bin\debug\net452\jiltests.dll" id="2f80a673-fc38-4ec7-926e-2a2938efbf75"><Execution id="9bb9c766-af4f-46cb-8696-aa387d86c583" /><TestMethod codeBase="C:\Users\dt-impact\ftsubs\mstest\kevin-montrose_Jil-8a5af0f\JilTests\bin\Debug\net452\JilTests.dll" adapterTypeName="executor://xunit/VsTestRunner2/desktop_and_uap" className="JilTests.DeserializeTests" name="JilTests.DeserializeTests.MalformedISO8601(dateString: &quot;\&quot;1999-W01-8\&quot;&quot;, expectedError: &quot;Expected day to be a digit between 1 and 7&quot;)" /></UnitTest><UnitTest name="JilTests.DeserializeTests.MalformedISO8601(dateString: &quot;\&quot;0000\&quot;&quot;, expectedError: &quot;ISO8601 year 0000 cannot be converted to a DateTim&quot;...)" storage="c:\users\dt-impact\ftsubs\mstest\kevin-montrose_jil-8a5af0f\jiltests\bin\debug\net452\jiltests.dll" id="c7e0c32e-41e3-4f3c-8f65-7ea25b41177a"><Execution id="6fa7390f-712a-49e6-9364-4728d5210aa9" /><TestMethod codeBase="C:\Users\dt-impact\ftsubs\mstest\kevin-montrose_Jil-8a5af0f\JilTests\bin\Debug\net452\JilTests.dll" adapterTypeName="executor://xunit/VsTestRunner2/desktop_and_uap" className="JilTests.DeserializeTests" name="JilTests.DeserializeTests.MalformedISO8601(dateString: &quot;\&quot;0000\&quot;&quot;, expectedError: &quot;ISO8601 year 0000 cannot be converted to a DateTim&quot;...)" /></UnitTest><UnitTest name="JilTests.SerializeTests.DictionaryDictionary" storage="c:\users\dt-impact\ftsubs\mstest\kevin-montrose_jil-8a5af0f\jiltests\bin\debug\net452\jiltests.dll" id="ffaaacba-5f80-4f9d-ae63-40ba85745252"><Execution id="e5ec8e6e-d03f-4560-b1d4-89c61ce395fd" /><TestMethod codeBase="C:\Users\dt-impact\ftsubs\mstest\kevin-montrose_Jil-8a5af0f\JilTests\bin\Debug\net452\JilTests.dll" adapterTypeName="executor://xunit/VsTestRunner2/desktop_and_uap" className="JilTests.SerializeTests" name="JilTests.SerializeTests.DictionaryDictionary" /></UnitTest><UnitTest name="JilTests.DeserializeTests.Lists" storage="c:\users\dt-impact\ftsubs\mstest\kevin-montrose_jil-8a5af0f\jiltests\bin\debug\net452\jiltests.dll" id="01de45ab-5475-486c-ba53-b62e08e056a0"><Execution id="b4ae2ec7-306e-4e29-8a44-d5295dfaed8d" /><TestMethod codeBase="C:\Users\dt-impact\ftsubs\mstest\kevin-montrose_Jil-8a5af0f\JilTests\bin\Debug\net452\JilTests.dll" adapterTypeName="executor://xunit/VsTestRunner2/desktop_and_uap" className="JilTests.DeserializeTests" name="JilTests.DeserializeTests.Lists" /></UnitTest><UnitTest name="JilTests.DeserializeTests.Strings" storage="c:\users\dt-impact\ftsubs\mstest\kevin-montrose_jil-8a5af0f\jiltests\bin\debug\net452\jiltests.dll" id="4b27e4e6-a7ee-4d03-8254-1d5d0cf1cc30"><Execution id="62937dd7-519e-4f29-961d-419dec648e3d" /><TestMethod codeBase="C:\Users\dt-impact\ftsubs\mstest\kevin-montrose_Jil-8a5af0f\JilTests\bin\Debug\net452\JilTests.dll" adapterTypeName="executor://xunit/VsTestRunner2/desktop_and_uap" className="JilTests.DeserializeTests" name="JilTests.DeserializeTests.Strings" /></UnitTest><UnitTest name="JilTests.DynamicSerializationTests.Issue150" storage="c:\users\dt-impact\ftsubs\mstest\kevin-montrose_jil-8a5af0f\jiltests\bin\debug\net452\jiltests.dll" id="c5785d18-1adf-460c-b145-9daa4a3c2b4c"><Execution id="bffcf2b0-79da-4cb4-8d3b-a363d53f457b" /><TestMethod codeBase="C:\Users\dt-impact\ftsubs\mstest\kevin-montrose_Jil-8a5af0f\JilTests\bin\Debug\net452\JilTests.dll" adapterTypeName="executor://xunit/VsTestRunner2/desktop_and_uap" className="JilTests.DynamicSerializationTests" name="JilTests.DynamicSerializationTests.Issue150" /></UnitTest><UnitTest name="JilTests.SerializeTests.AllOptions" storage="c:\users\dt-impact\ftsubs\mstest\kevin-montrose_jil-8a5af0f\jiltests\bin\debug\net452\jiltests.dll" id="4fc7adb1-0ff4-4d37-91e1-dd531896f6d7"><Execution id="c0a31d5a-63fa-41f8-820f-bc5cb2478660" /><TestMethod codeBase="C:\Users\dt-impact\ftsubs\mstest\kevin-montrose_Jil-8a5af0f\JilTests\bin\Debug\net452\JilTests.dll" adapterTypeName="executor://xunit/VsTestRunner2/desktop_and_uap" className="JilTests.SerializeTests" name="JilTests.SerializeTests.AllOptions" /></UnitTest><UnitTest name="JilTests.DeserializeTests.MalformedISO8601(dateString: &quot;\&quot;1999-W00\&quot;&quot;, expectedError: &quot;Expected week to be between 01 and 53&quot;)" storage="c:\users\dt-impact\ftsubs\mstest\kevin-montrose_jil-8a5af0f\jiltests\bin\debug\net452\jiltests.dll" id="c3673717-5cd4-4a7c-8cbc-823feeb0e058"><Execution id="dcd556d9-2762-4df8-8c4c-e4438bd5eed4" /><TestMethod codeBase="C:\Users\dt-impact\ftsubs\mstest\kevin-montrose_Jil-8a5af0f\JilTests\bin\Debug\net452\JilTests.dll" adapterTypeName="executor://xunit/VsTestRunner2/desktop_and_uap" className="JilTests.DeserializeTests" name="JilTests.DeserializeTests.MalformedISO8601(dateString: &quot;\&quot;1999-W00\&quot;&quot;, expectedError: &quot;Expected week to be between 01 and 53&quot;)" /></UnitTest><UnitTest name="JilTests.DeserializeTests.Issue117_SByte" storage="c:\users\dt-impact\ftsubs\mstest\kevin-montrose_jil-8a5af0f\jiltests\bin\debug\net452\jiltests.dll" id="68c3b554-25f1-4f31-956c-6093eba57787"><Execution id="68ed8eb8-5e3e-4f2e-b6d5-7cb004fed263" /><TestMethod codeBase="C:\Users\dt-impact\ftsubs\mstest\kevin-montrose_Jil-8a5af0f\JilTests\bin\Debug\net452\JilTests.dll" adapterTypeName="executor://xunit/VsTestRunner2/desktop_and_uap" className="JilTests.DeserializeTests" name="JilTests.DeserializeTests.Issue117_SByte" /></UnitTest><UnitTest name="JilTests.DeserializeTests.Issue229" storage="c:\users\dt-impact\ftsubs\mstest\kevin-montrose_jil-8a5af0f\jiltests\bin\debug\net452\jiltests.dll" id="091f3076-3611-405c-b616-7140bc93d8a2"><Execution id="d827ebf7-cc80-486d-ae1d-26e8eaab8422" /><TestMethod codeBase="C:\Users\dt-impact\ftsubs\mstest\kevin-montrose_Jil-8a5af0f\JilTests\bin\Debug\net452\JilTests.dll" adapterTypeName="executor://xunit/VsTestRunner2/desktop_and_uap" className="JilTests.DeserializeTests" name="JilTests.DeserializeTests.Issue229" /></UnitTest><UnitTest name="JilTests.DeserializeTests.MalformedISO8601(dateString: &quot;\&quot;1999W00\&quot;&quot;, expectedError: &quot;Expected week to be between 01 and 53&quot;)" storage="c:\users\dt-impact\ftsubs\mstest\kevin-montrose_jil-8a5af0f\jiltests\bin\debug\net452\jiltests.dll" id="22d994de-b4e4-4a6b-8f4c-070ec09f6fbf"><Execution id="230dee0d-0067-48bd-9c79-3f457e0266fd" /><TestMethod codeBase="C:\Users\dt-impact\ftsubs\mstest\kevin-montrose_Jil-8a5af0f\JilTests\bin\Debug\net452\JilTests.dll" adapterTypeName="executor://xunit/VsTestRunner2/desktop_and_uap" className="JilTests.DeserializeTests" name="JilTests.DeserializeTests.MalformedISO8601(dateString: &quot;\&quot;1999W00\&quot;&quot;, expectedError: &quot;Expected week to be between 01 and 53&quot;)" /></UnitTest><UnitTest name="JilTests.DeserializeTests.UnionTypeIndication" storage="c:\users\dt-impact\ftsubs\mstest\kevin-montrose_jil-8a5af0f\jiltests\bin\debug\net452\jiltests.dll" id="d17b2ca7-8c1e-4274-94cc-33822262d562"><Execution id="1dad1690-16b4-4b29-86a5-66518574b214" /><TestMethod codeBase="C:\Users\dt-impact\ftsubs\mstest\kevin-montrose_Jil-8a5af0f\JilTests\bin\Debug\net452\JilTests.dll" adapterTypeName="executor://xunit/VsTestRunner2/desktop_and_uap" className="JilTests.DeserializeTests" name="JilTests.DeserializeTests.UnionTypeIndication" /></UnitTest><UnitTest name="JilTests.SerializeTests.EnumDictionaryKeys" storage="c:\users\dt-impact\ftsubs\mstest\kevin-montrose_jil-8a5af0f\jiltests\bin\debug\net452\jiltests.dll" id="1fd13e50-3510-4968-a305-f17284e8645b"><Execution id="294ecbab-cb25-43e2-91de-f44a91d276c3" /><TestMethod codeBase="C:\Users\dt-impact\ftsubs\mstest\kevin-montrose_Jil-8a5af0f\JilTests\bin\Debug\net452\JilTests.dll" adapterTypeName="executor://xunit/VsTestRunner2/desktop_and_uap" className="JilTests.SerializeTests" name="JilTests.SerializeTests.EnumDictionaryKeys" /></UnitTest><UnitTest name="JilTests.SerializeTests.EnumMemberAttributeOverrideWithNoneFlags" storage="c:\users\dt-impact\ftsubs\mstest\kevin-montrose_jil-8a5af0f\jiltests\bin\debug\net452\jiltests.dll" id="30c895b0-7ec0-4d18-9710-9f059f39c48e"><Execution id="c3c0ab05-f3d9-4bc6-a497-949aad0da41d" /><TestMethod codeBase="C:\Users\dt-impact\ftsubs\mstest\kevin-montrose_Jil-8a5af0f\JilTests\bin\Debug\net452\JilTests.dll" adapterTypeName="executor://xunit/VsTestRunner2/desktop_and_uap" className="JilTests.SerializeTests" name="JilTests.SerializeTests.EnumMemberAttributeOverrideWithNoneFlags" /></UnitTest><UnitTest name="JilTests.SerializeTests.AllocationlessVsNormalDictionaries" storage="c:\users\dt-impact\ftsubs\mstest\kevin-montrose_jil-8a5af0f\jiltests\bin\debug\net452\jiltests.dll" id="3588d891-944e-48ec-b31a-100107116d5b"><Execution id="8d187e70-5849-45cb-9db1-e33876ab31a0" /><TestMethod codeBase="C:\Users\dt-impact\ftsubs\mstest\kevin-montrose_Jil-8a5af0f\JilTests\bin\Debug\net452\JilTests.dll" adapterTypeName="executor://xunit/VsTestRunner2/desktop_and_uap" className="JilTests.SerializeTests" name="JilTests.SerializeTests.AllocationlessVsNormalDictionaries" /></UnitTest><UnitTest name="JilTests.DeserializeTests.AnonNulls" storage="c:\users\dt-impact\ftsubs\mstest\kevin-montrose_jil-8a5af0f\jiltests\bin\debug\net452\jiltests.dll" id="3adffbe5-e439-4943-9070-0531c9cdce32"><Execution id="a3ad8732-624c-48cb-b0bc-902433067848" /><TestMethod codeBase="C:\Users\dt-impact\ftsubs\mstest\kevin-montrose_Jil-8a5af0f\JilTests\bin\Debug\net452\JilTests.dll" adapterTypeName="executor://xunit/VsTestRunner2/desktop_and_uap" className="JilTests.DeserializeTests" name="JilTests.DeserializeTests.AnonNulls" /></UnitTest><UnitTest name="JilTests.DeserializeTests.Issue143DateTime" storage="c:\users\dt-impact\ftsubs\mstest\kevin-montrose_jil-8a5af0f\jiltests\bin\debug\net452\jiltests.dll" id="0f6e4940-0a9c-4b35-a924-2747334c3103"><Execution id="72f6fe76-b42f-4102-8e9c-117d30f34fe9" /><TestMethod codeBase="C:\Users\dt-impact\ftsubs\mstest\kevin-montrose_Jil-8a5af0f\JilTests\bin\Debug\net452\JilTests.dll" adapterTypeName="executor://xunit/VsTestRunner2/desktop_and_uap" className="JilTests.DeserializeTests" name="JilTests.DeserializeTests.Issue143DateTime" /></UnitTest><UnitTest name="JilTests.DeserializeDynamicTests.Null" storage="c:\users\dt-impact\ftsubs\mstest\kevin-montrose_jil-8a5af0f\jiltests\bin\debug\net452\jiltests.dll" id="f04d95fa-6576-4414-be3b-36f4f7afce03"><Execution id="9ccb8b4e-29c6-43a7-a4d6-36a990541bb0" /><TestMethod codeBase="C:\Users\dt-impact\ftsubs\mstest\kevin-montrose_Jil-8a5af0f\JilTests\bin\Debug\net452\JilTests.dll" adapterTypeName="executor://xunit/VsTestRunner2/desktop_and_uap" className="JilTests.DeserializeDynamicTests" name="JilTests.DeserializeDynamicTests.Null" /></UnitTest><UnitTest name="JilTests.DeserializeDynamicTests.NewtsoftDateTimeOffsets" storage="c:\users\dt-impact\ftsubs\mstest\kevin-montrose_jil-8a5af0f\jiltests\bin\debug\net452\jiltests.dll" id="079ae050-1461-45d8-b9ec-c8c7e207fdb0"><Execution id="04891568-6d69-47a2-9955-56372bc4430a" /><TestMethod codeBase="C:\Users\dt-impact\ftsubs\mstest\kevin-montrose_Jil-8a5af0f\JilTests\bin\Debug\net452\JilTests.dll" adapterTypeName="executor://xunit/VsTestRunner2/desktop_and_uap" className="JilTests.DeserializeDynamicTests" name="JilTests.DeserializeDynamicTests.NewtsoftDateTimeOffsets" /></UnitTest><UnitTest name="JilTests.SerializeTests.Issue272" storage="c:\users\dt-impact\ftsubs\mstest\kevin-montrose_jil-8a5af0f\jiltests\bin\debug\net452\jiltests.dll" id="33673a82-e060-49df-bf93-d1bebfbcbe0e"><Execution id="57d83e24-2d53-47d1-b114-b11962d067ca" /><TestMethod codeBase="C:\Users\dt-impact\ftsubs\mstest\kevin-montrose_Jil-8a5af0f\JilTests\bin\Debug\net452\JilTests.dll" adapterTypeName="executor://xunit/VsTestRunner2/desktop_and_uap" className="JilTests.SerializeTests" name="JilTests.SerializeTests.Issue272" /></UnitTest><UnitTest name="JilTests.DeserializeDynamicTests.String" storage="c:\users\dt-impact\ftsubs\mstest\kevin-montrose_jil-8a5af0f\jiltests\bin\debug\net452\jiltests.dll" id="9cb2c334-9570-49f1-8623-000aacde9fb6"><Execution id="dfec8f7f-e0c1-45f4-8a26-0a96cdf31388" /><TestMethod codeBase="C:\Users\dt-impact\ftsubs\mstest\kevin-montrose_Jil-8a5af0f\JilTests\bin\Debug\net452\JilTests.dll" adapterTypeName="executor://xunit/VsTestRunner2/desktop_and_uap" className="JilTests.DeserializeDynamicTests" name="JilTests.DeserializeDynamicTests.String" /></UnitTest><UnitTest name="JilTests.DeserializeTests.MalformedISO8601(dateString: &quot;\&quot;1999W1\&quot;&quot;, expectedError: &quot;Unexpected date string length&quot;)" storage="c:\users\dt-impact\ftsubs\mstest\kevin-montrose_jil-8a5af0f\jiltests\bin\debug\net452\jiltests.dll" id="c523aef9-d572-42f1-9654-8a808be9f1d7"><Execution id="684bac8b-4edb-4afb-a041-f47300d1654c" /><TestMethod codeBase="C:\Users\dt-impact\ftsubs\mstest\kevin-montrose_Jil-8a5af0f\JilTests\bin\Debug\net452\JilTests.dll" adapterTypeName="executor://xunit/VsTestRunner2/desktop_and_uap" className="JilTests.DeserializeTests" name="JilTests.DeserializeTests.MalformedISO8601(dateString: &quot;\&quot;1999W1\&quot;&quot;, expectedError: &quot;Unexpected date string length&quot;)" /></UnitTest><UnitTest name="JilTests.DeserializeDynamicTests.Issue143DateTime" storage="c:\users\dt-impact\ftsubs\mstest\kevin-montrose_jil-8a5af0f\jiltests\bin\debug\net452\jiltests.dll" id="1a575eed-1306-4584-91b7-9239e30a8cab"><Execution id="84784ed2-e10e-4d18-85f0-af5e8abbe429" /><TestMethod codeBase="C:\Users\dt-impact\ftsubs\mstest\kevin-montrose_Jil-8a5af0f\JilTests\bin\Debug\net452\JilTests.dll" adapterTypeName="executor://xunit/VsTestRunner2/desktop_and_uap" className="JilTests.DeserializeDynamicTests" name="JilTests.DeserializeDynamicTests.Issue143DateTime" /></UnitTest><UnitTest name="JilTests.DeserializeTests.BadPrimitiveWrapper" storage="c:\users\dt-impact\ftsubs\mstest\kevin-montrose_jil-8a5af0f\jiltests\bin\debug\net452\jiltests.dll" id="b6a8f797-7248-4584-aa0e-1814dadb9a0b"><Execution id="385b93a6-b156-4798-9b31-87e53de4639a" /><TestMethod codeBase="C:\Users\dt-impact\ftsubs\mstest\kevin-montrose_Jil-8a5af0f\JilTests\bin\Debug\net452\JilTests.dll" adapterTypeName="executor://xunit/VsTestRunner2/desktop_and_uap" className="JilTests.DeserializeTests" name="JilTests.DeserializeTests.BadPrimitiveWrapper" /></UnitTest><UnitTest name="JilTests.DeserializeTests.Issue210" storage="c:\users\dt-impact\ftsubs\mstest\kevin-montrose_jil-8a5af0f\jiltests\bin\debug\net452\jiltests.dll" id="b8bcd7df-9b38-4f0f-91ee-f7b0415dc46f"><Execution id="5b99a90c-f268-4cff-8b5f-47af81244e78" /><TestMethod codeBase="C:\Users\dt-impact\ftsubs\mstest\kevin-montrose_Jil-8a5af0f\JilTests\bin\Debug\net452\JilTests.dll" adapterTypeName="executor://xunit/VsTestRunner2/desktop_and_uap" className="JilTests.DeserializeTests" name="JilTests.DeserializeTests.Issue210" /></UnitTest><UnitTest name="JilTests.DeserializeDynamicTests.Indexer" storage="c:\users\dt-impact\ftsubs\mstest\kevin-montrose_jil-8a5af0f\jiltests\bin\debug\net452\jiltests.dll" id="1a19f641-e046-43bb-92ca-36ab352b51d9"><Execution id="47e4a50b-fce6-4429-bba5-c4ecd20c795f" /><TestMethod codeBase="C:\Users\dt-impact\ftsubs\mstest\kevin-montrose_Jil-8a5af0f\JilTests\bin\Debug\net452\JilTests.dll" adapterTypeName="executor://xunit/VsTestRunner2/desktop_and_uap" className="JilTests.DeserializeDynamicTests" name="JilTests.DeserializeDynamicTests.Indexer" /></UnitTest><UnitTest name="JilTests.SerializeTests.BadPrimitiveWrapper" storage="c:\users\dt-impact\ftsubs\mstest\kevin-montrose_jil-8a5af0f\jiltests\bin\debug\net452\jiltests.dll" id="7edd6c64-8932-4dc7-aae7-5efb52501c3e"><Execution id="219e6223-7f6d-4c3a-9474-c98991f560c1" /><TestMethod codeBase="C:\Users\dt-impact\ftsubs\mstest\kevin-montrose_Jil-8a5af0f\JilTests\bin\Debug\net452\JilTests.dll" adapterTypeName="executor://xunit/VsTestRunner2/desktop_and_uap" className="JilTests.SerializeTests" name="JilTests.SerializeTests.BadPrimitiveWrapper" /></UnitTest><UnitTest name="JilTests.DeserializeDynamicTests.NewtsoftDateTimes" storage="c:\users\dt-impact\ftsubs\mstest\kevin-montrose_jil-8a5af0f\jiltests\bin\debug\net452\jiltests.dll" id="92843a5c-cf91-4a6a-b3f4-b947bd389d1f"><Execution id="3c4763e7-430e-49b4-96bc-96bbac5f4cde" /><TestMethod codeBase="C:\Users\dt-impact\ftsubs\mstest\kevin-montrose_Jil-8a5af0f\JilTests\bin\Debug\net452\JilTests.dll" adapterTypeName="executor://xunit/VsTestRunner2/desktop_and_uap" className="JilTests.DeserializeDynamicTests" name="JilTests.DeserializeDynamicTests.NewtsoftDateTimes" /></UnitTest><UnitTest name="JilTests.DeserializeTests.EmptyEnum" storage="c:\users\dt-impact\ftsubs\mstest\kevin-montrose_jil-8a5af0f\jiltests\bin\debug\net452\jiltests.dll" id="44133293-6f9b-4853-a835-eedaf8641cfa"><Execution id="79deeae9-a925-4efd-a186-7c73d8b94268" /><TestMethod codeBase="C:\Users\dt-impact\ftsubs\mstest\kevin-montrose_Jil-8a5af0f\JilTests\bin\Debug\net452\JilTests.dll" adapterTypeName="executor://xunit/VsTestRunner2/desktop_and_uap" className="JilTests.DeserializeTests" name="JilTests.DeserializeTests.EmptyEnum" /></UnitTest><UnitTest name="JilTests.DeserializeTests.EmptyAnonymousObject" storage="c:\users\dt-impact\ftsubs\mstest\kevin-montrose_jil-8a5af0f\jiltests\bin\debug\net452\jiltests.dll" id="41733cd4-d6d4-4039-9627-3e6b752c4087"><Execution id="37103e9a-c88c-41d3-a48d-2937ce3f2b1d" /><TestMethod codeBase="C:\Users\dt-impact\ftsubs\mstest\kevin-montrose_Jil-8a5af0f\JilTests\bin\Debug\net452\JilTests.dll" adapterTypeName="executor://xunit/VsTestRunner2/desktop_and_uap" className="JilTests.DeserializeTests" name="JilTests.DeserializeTests.EmptyAnonymousObject" /></UnitTest><UnitTest name="JilTests.DeserializeDynamicTests.Enums" storage="c:\users\dt-impact\ftsubs\mstest\kevin-montrose_jil-8a5af0f\jiltests\bin\debug\net452\jiltests.dll" id="c52bb509-14b9-483f-8c27-8253dac045d8"><Execution id="6221084b-6bc1-4d8b-8a97-d81eb8bc55ad" /><TestMethod codeBase="C:\Users\dt-impact\ftsubs\mstest\kevin-montrose_Jil-8a5af0f\JilTests\bin\Debug\net452\JilTests.dll" adapterTypeName="executor://xunit/VsTestRunner2/desktop_and_uap" className="JilTests.DeserializeDynamicTests" name="JilTests.DeserializeDynamicTests.Enums" /></UnitTest><UnitTest name="JilTests.SerializeTests.SerializeNestedDictionary" storage="c:\users\dt-impact\ftsubs\mstest\kevin-montrose_jil-8a5af0f\jiltests\bin\debug\net452\jiltests.dll" id="66617f98-826f-479f-b3a4-3058b7d26bda"><Execution id="f68e2ee2-64ac-48fc-a05d-139fdb68a21d" /><TestMethod codeBase="C:\Users\dt-impact\ftsubs\mstest\kevin-montrose_Jil-8a5af0f\JilTests\bin\Debug\net452\JilTests.dll" adapterTypeName="executor://xunit/VsTestRunner2/desktop_and_uap" className="JilTests.SerializeTests" name="JilTests.SerializeTests.SerializeNestedDictionary" /></UnitTest><UnitTest name="JilTests.DeserializeTests.UShort" storage="c:\users\dt-impact\ftsubs\mstest\kevin-montrose_jil-8a5af0f\jiltests\bin\debug\net452\jiltests.dll" id="e70a9514-d831-4ce2-9398-8900cbdb998b"><Execution id="d1bef4b4-55b1-41aa-89dd-124881f68e78" /><TestMethod codeBase="C:\Users\dt-impact\ftsubs\mstest\kevin-montrose_Jil-8a5af0f\JilTests\bin\Debug\net452\JilTests.dll" adapterTypeName="executor://xunit/VsTestRunner2/desktop_and_uap" className="JilTests.DeserializeTests" name="JilTests.DeserializeTests.UShort" /></UnitTest><UnitTest name="JilTests.DeserializeTests.Issue117_Int" storage="c:\users\dt-impact\ftsubs\mstest\kevin-montrose_jil-8a5af0f\jiltests\bin\debug\net452\jiltests.dll" id="b557d4ae-2b14-4fa1-b228-53b0e6e170fb"><Execution id="335e8d8a-8f64-4338-b678-143d55d7991f" /><TestMethod codeBase="C:\Users\dt-impact\ftsubs\mstest\kevin-montrose_Jil-8a5af0f\JilTests\bin\Debug\net452\JilTests.dll" adapterTypeName="executor://xunit/VsTestRunner2/desktop_and_uap" className="JilTests.DeserializeTests" name="JilTests.DeserializeTests.Issue117_Int" /></UnitTest><UnitTest name="JilTests.DeserializeTests.Issue117_Decimal" storage="c:\users\dt-impact\ftsubs\mstest\kevin-montrose_jil-8a5af0f\jiltests\bin\debug\net452\jiltests.dll" id="f2402b2a-62a1-483e-a5b1-72fcbd57834c"><Execution id="a927a250-e75b-4c19-8d61-fb1767e8affe" /><TestMethod codeBase="C:\Users\dt-impact\ftsubs\mstest\kevin-montrose_Jil-8a5af0f\JilTests\bin\Debug\net452\JilTests.dll" adapterTypeName="executor://xunit/VsTestRunner2/desktop_and_uap" className="JilTests.DeserializeTests" name="JilTests.DeserializeTests.Issue117_Decimal" /></UnitTest><UnitTest name="JilTests.DeserializeTests.MalformedISO8601(dateString: &quot;\&quot;1999W54\&quot;&quot;, expectedError: &quot;Expected week to be between 01 and 53&quot;)" storage="c:\users\dt-impact\ftsubs\mstest\kevin-montrose_jil-8a5af0f\jiltests\bin\debug\net452\jiltests.dll" id="89b74017-4ce2-47a6-8926-367a0cfa94db"><Execution id="9df440a0-c0ba-42a2-8b43-de84901ec4d7" /><TestMethod codeBase="C:\Users\dt-impact\ftsubs\mstest\kevin-montrose_Jil-8a5af0f\JilTests\bin\Debug\net452\JilTests.dll" adapterTypeName="executor://xunit/VsTestRunner2/desktop_and_uap" className="JilTests.DeserializeTests" name="JilTests.DeserializeTests.MalformedISO8601(dateString: &quot;\&quot;1999W54\&quot;&quot;, expectedError: &quot;Expected week to be between 01 and 53&quot;)" /></UnitTest><UnitTest name="JilTests.DeserializeTests.PrivateConstructor_Dictionary" storage="c:\users\dt-impact\ftsubs\mstest\kevin-montrose_jil-8a5af0f\jiltests\bin\debug\net452\jiltests.dll" id="c70ca448-c9a6-45f6-9e90-256fc1875517"><Execution id="89eeb421-6187-4895-ac1a-ef3a1afba49d" /><TestMethod codeBase="C:\Users\dt-impact\ftsubs\mstest\kevin-montrose_Jil-8a5af0f\JilTests\bin\Debug\net452\JilTests.dll" adapterTypeName="executor://xunit/VsTestRunner2/desktop_and_uap" className="JilTests.DeserializeTests" name="JilTests.DeserializeTests.PrivateConstructor_Dictionary" /></UnitTest><UnitTest name="JilTests.DeserializeDynamicTests.TimeSpans_ISO8601" storage="c:\users\dt-impact\ftsubs\mstest\kevin-montrose_jil-8a5af0f\jiltests\bin\debug\net452\jiltests.dll" id="6f6fcb06-aea0-41c1-8648-1fff8829df07"><Execution id="117a59d9-96bc-40ea-be27-61f81436225d" /><TestMethod codeBase="C:\Users\dt-impact\ftsubs\mstest\kevin-montrose_Jil-8a5af0f\JilTests\bin\Debug\net452\JilTests.dll" adapterTypeName="executor://xunit/VsTestRunner2/desktop_and_uap" className="JilTests.DeserializeDynamicTests" name="JilTests.DeserializeDynamicTests.TimeSpans_ISO8601" /></UnitTest><UnitTest name="JilTests.DynamicSerializationTests.ExcludingNulls" storage="c:\users\dt-impact\ftsubs\mstest\kevin-montrose_jil-8a5af0f\jiltests\bin\debug\net452\jiltests.dll" id="1dc42193-2614-4cc3-8e85-47857b552cc0"><Execution id="5294b2a9-4b00-47cc-b051-19e217b889df" /><TestMethod codeBase="C:\Users\dt-impact\ftsubs\mstest\kevin-montrose_Jil-8a5af0f\JilTests\bin\Debug\net452\JilTests.dll" adapterTypeName="executor://xunit/VsTestRunner2/desktop_and_uap" className="JilTests.DynamicSerializationTests" name="JilTests.DynamicSerializationTests.ExcludingNulls" /></UnitTest><UnitTest name="JilTests.SerializeTests.IntegerDictionaryKeys" storage="c:\users\dt-impact\ftsubs\mstest\kevin-montrose_jil-8a5af0f\jiltests\bin\debug\net452\jiltests.dll" id="9b21d700-aff0-4d44-8936-0e504ac98b4c"><Execution id="9686970a-fe16-407d-9741-5d7d060a1379" /><TestMethod codeBase="C:\Users\dt-impact\ftsubs\mstest\kevin-montrose_Jil-8a5af0f\JilTests\bin\Debug\net452\JilTests.dll" adapterTypeName="executor://xunit/VsTestRunner2/desktop_and_uap" className="JilTests.SerializeTests" name="JilTests.SerializeTests.IntegerDictionaryKeys" /></UnitTest><UnitTest name="JilTests.DeserializeDynamicTests.Issue117(input: &quot;-1.&quot;, expectedError: &quot;Expected digit&quot;)" storage="c:\users\dt-impact\ftsubs\mstest\kevin-montrose_jil-8a5af0f\jiltests\bin\debug\net452\jiltests.dll" id="83473951-3f97-451c-a6a7-6d20b4c98b2b"><Execution id="800c952c-1192-4996-ae27-dce89f339bd1" /><TestMethod codeBase="C:\Users\dt-impact\ftsubs\mstest\kevin-montrose_Jil-8a5af0f\JilTests\bin\Debug\net452\JilTests.dll" adapterTypeName="executor://xunit/VsTestRunner2/desktop_and_uap" className="JilTests.DeserializeDynamicTests" name="JilTests.DeserializeDynamicTests.Issue117(input: &quot;-1.&quot;, expectedError: &quot;Expected digit&quot;)" /></UnitTest><UnitTest name="JilTests.DeserializeTests.Issue193" storage="c:\users\dt-impact\ftsubs\mstest\kevin-montrose_jil-8a5af0f\jiltests\bin\debug\net452\jiltests.dll" id="374aa3f8-1eb1-4295-b950-9cb938c10483"><Execution id="f294e43e-bba4-485c-8644-a95616891b0a" /><TestMethod codeBase="C:\Users\dt-impact\ftsubs\mstest\kevin-montrose_Jil-8a5af0f\JilTests\bin\Debug\net452\JilTests.dll" adapterTypeName="executor://xunit/VsTestRunner2/desktop_and_uap" className="JilTests.DeserializeTests" name="JilTests.DeserializeTests.Issue193" /></UnitTest><UnitTest name="JilTests.SerializeTests.EmptyEnum" storage="c:\users\dt-impact\ftsubs\mstest\kevin-montrose_jil-8a5af0f\jiltests\bin\debug\net452\jiltests.dll" id="b708ee3f-bff2-4626-b249-c1d328e0845c"><Execution id="098b5532-59f2-41c3-86f6-895d62f043e8" /><TestMethod codeBase="C:\Users\dt-impact\ftsubs\mstest\kevin-montrose_Jil-8a5af0f\JilTests\bin\Debug\net452\JilTests.dll" adapterTypeName="executor://xunit/VsTestRunner2/desktop_and_uap" className="JilTests.SerializeTests" name="JilTests.SerializeTests.EmptyEnum" /></UnitTest><UnitTest name="JilTests.SerializeTests.Issue169" storage="c:\users\dt-impact\ftsubs\mstest\kevin-montrose_jil-8a5af0f\jiltests\bin\debug\net452\jiltests.dll" id="89a43b8f-2cc4-4cab-8192-446a4d35bd96"><Execution id="453c1d5c-029a-413d-9fe1-979ed66e9fc1" /><TestMethod codeBase="C:\Users\dt-impact\ftsubs\mstest\kevin-montrose_Jil-8a5af0f\JilTests\bin\Debug\net452\JilTests.dll" adapterTypeName="executor://xunit/VsTestRunner2/desktop_and_uap" className="JilTests.SerializeTests" name="JilTests.SerializeTests.Issue169" /></UnitTest><UnitTest name="JilTests.DeserializeTests.ILists" storage="c:\users\dt-impact\ftsubs\mstest\kevin-montrose_jil-8a5af0f\jiltests\bin\debug\net452\jiltests.dll" id="71d71d78-5c4b-4df2-87e7-ad03b838d38b"><Execution id="eeaf49b8-9224-469d-82fb-e6e8a1dcd8e2" /><TestMethod codeBase="C:\Users\dt-impact\ftsubs\mstest\kevin-montrose_Jil-8a5af0f\JilTests\bin\Debug\net452\JilTests.dll" adapterTypeName="executor://xunit/VsTestRunner2/desktop_and_uap" className="JilTests.DeserializeTests" name="JilTests.DeserializeTests.ILists" /></UnitTest><UnitTest name="JilTests.DeserializeTests.ConvertEnumsToPrimitives" storage="c:\users\dt-impact\ftsubs\mstest\kevin-montrose_jil-8a5af0f\jiltests\bin\debug\net452\jiltests.dll" id="76ce8d16-6570-4451-bc7a-eb52f243f291"><Execution id="a9f01c75-81a4-463e-8bfc-dc06b1fbbf56" /><TestMethod codeBase="C:\Users\dt-impact\ftsubs\mstest\kevin-montrose_Jil-8a5af0f\JilTests\bin\Debug\net452\JilTests.dll" adapterTypeName="executor://xunit/VsTestRunner2/desktop_and_uap" className="JilTests.DeserializeTests" name="JilTests.DeserializeTests.ConvertEnumsToPrimitives" /></UnitTest><UnitTest name="JilTests.DeserializeTests.MillisecondDateTimes" storage="c:\users\dt-impact\ftsubs\mstest\kevin-montrose_jil-8a5af0f\jiltests\bin\debug\net452\jiltests.dll" id="3234ecd2-1ff2-4e10-9eba-8e80514e7bae"><Execution id="50a28389-4b6f-4d76-a9f6-4d0c3f2237e4" /><TestMethod codeBase="C:\Users\dt-impact\ftsubs\mstest\kevin-montrose_Jil-8a5af0f\JilTests\bin\Debug\net452\JilTests.dll" adapterTypeName="executor://xunit/VsTestRunner2/desktop_and_uap" className="JilTests.DeserializeTests" name="JilTests.DeserializeTests.MillisecondDateTimes" /></UnitTest><UnitTest name="JilTests.UtilsTests.PublicInterfaces" storage="c:\users\dt-impact\ftsubs\mstest\kevin-montrose_jil-8a5af0f\jiltests\bin\debug\net452\jiltests.dll" id="1e88df8c-bf4f-4347-94ec-74a036e5647f"><Execution id="78593c6a-ec92-4065-ab90-333928b2181e" /><TestMethod codeBase="C:\Users\dt-impact\ftsubs\mstest\kevin-montrose_Jil-8a5af0f\JilTests\bin\Debug\net452\JilTests.dll" adapterTypeName="executor://xunit/VsTestRunner2/desktop_and_uap" className="JilTests.UtilsTests" name="JilTests.UtilsTests.PublicInterfaces" /></UnitTest><UnitTest name="JilTests.DeserializeTests.Issue143DateTimeOffset" storage="c:\users\dt-impact\ftsubs\mstest\kevin-montrose_jil-8a5af0f\jiltests\bin\debug\net452\jiltests.dll" id="e3030deb-28a0-4929-a71b-c5fbf78bd1a2"><Execution id="26d79215-5c19-4e25-9acf-3103a0d21aab" /><TestMethod codeBase="C:\Users\dt-impact\ftsubs\mstest\kevin-montrose_Jil-8a5af0f\JilTests\bin\Debug\net452\JilTests.dll" adapterTypeName="executor://xunit/VsTestRunner2/desktop_and_uap" className="JilTests.DeserializeTests" name="JilTests.DeserializeTests.Issue143DateTimeOffset" /></UnitTest><UnitTest name="JilTests.DeserializeDynamicTests.Issue117(input: &quot;-01&quot;, expectedError: &quot;Number cannot have leading zeros&quot;)" storage="c:\users\dt-impact\ftsubs\mstest\kevin-montrose_jil-8a5af0f\jiltests\bin\debug\net452\jiltests.dll" id="cdb1a25b-bf51-4c78-9cef-cbd36914eba9"><Execution id="695de284-a544-454c-862c-da35f41c2d98" /><TestMethod codeBase="C:\Users\dt-impact\ftsubs\mstest\kevin-montrose_Jil-8a5af0f\JilTests\bin\Debug\net452\JilTests.dll" adapterTypeName="executor://xunit/VsTestRunner2/desktop_and_uap" className="JilTests.DeserializeDynamicTests" name="JilTests.DeserializeDynamicTests.Issue117(input: &quot;-01&quot;, expectedError: &quot;Number cannot have leading zeros&quot;)" /></UnitTest><UnitTest name="JilTests.DeserializeDynamicTests.Add" storage="c:\users\dt-impact\ftsubs\mstest\kevin-montrose_jil-8a5af0f\jiltests\bin\debug\net452\jiltests.dll" id="e13cb5fe-c033-490b-9558-f8a2f957c3bc"><Execution id="06ba5519-e2b8-49f2-90c3-be23af2e413e" /><TestMethod codeBase="C:\Users\dt-impact\ftsubs\mstest\kevin-montrose_Jil-8a5af0f\JilTests\bin\Debug\net452\JilTests.dll" adapterTypeName="executor://xunit/VsTestRunner2/desktop_and_uap" className="JilTests.DeserializeDynamicTests" name="JilTests.DeserializeDynamicTests.Add" /></UnitTest><UnitTest name="JilTests.DeserializeTests.MillisecondsTimeSpan" storage="c:\users\dt-impact\ftsubs\mstest\kevin-montrose_jil-8a5af0f\jiltests\bin\debug\net452\jiltests.dll" id="325f15c4-632b-487e-8301-cb9c6eb7c857"><Execution id="121644f8-85dd-44ca-8992-272b122ad8f6" /><TestMethod codeBase="C:\Users\dt-impact\ftsubs\mstest\kevin-montrose_Jil-8a5af0f\JilTests\bin\Debug\net452\JilTests.dll" adapterTypeName="executor://xunit/VsTestRunner2/desktop_and_uap" className="JilTests.DeserializeTests" name="JilTests.DeserializeTests.MillisecondsTimeSpan" /></UnitTest><UnitTest name="JilTests.DeserializeTests.MalformedISO8601(dateString: &quot;\&quot;99\&quot;&quot;, expectedError: &quot;ISO8601 date must begin with a 4 character year&quot;)" storage="c:\users\dt-impact\ftsubs\mstest\kevin-montrose_jil-8a5af0f\jiltests\bin\debug\net452\jiltests.dll" id="49c3eef5-ab8c-4864-813d-6851c1512570"><Execution id="67b6fd0e-504c-4b1b-97e5-2afd1634d897" /><TestMethod codeBase="C:\Users\dt-impact\ftsubs\mstest\kevin-montrose_Jil-8a5af0f\JilTests\bin\Debug\net452\JilTests.dll" adapterTypeName="executor://xunit/VsTestRunner2/desktop_and_uap" className="JilTests.DeserializeTests" name="JilTests.DeserializeTests.MalformedISO8601(dateString: &quot;\&quot;99\&quot;&quot;, expectedError: &quot;ISO8601 date must begin with a 4 character year&quot;)" /></UnitTest><UnitTest name="JilTests.SerializeTests.PrimitiveWrapperMembers" storage="c:\users\dt-impact\ftsubs\mstest\kevin-montrose_jil-8a5af0f\jiltests\bin\debug\net452\jiltests.dll" id="7296fd32-0b94-471f-b5f1-359b14116fc3"><Execution id="e0e957ca-9412-4df5-95fe-25fffa05364d" /><TestMethod codeBase="C:\Users\dt-impact\ftsubs\mstest\kevin-montrose_Jil-8a5af0f\JilTests\bin\Debug\net452\JilTests.dll" adapterTypeName="executor://xunit/VsTestRunner2/desktop_and_uap" className="JilTests.SerializeTests" name="JilTests.SerializeTests.PrimitiveWrapperMembers" /></UnitTest><UnitTest name="JilTests.DeserializeTests.MalformedISO8601(dateString: &quot;\&quot;1999-W01-0\&quot;&quot;, expectedError: &quot;Expected day to be a digit between 1 and 7&quot;)" storage="c:\users\dt-impact\ftsubs\mstest\kevin-montrose_jil-8a5af0f\jiltests\bin\debug\net452\jiltests.dll" id="9bf2119f-b4b0-4bee-a646-3f2dc8b0b2ba"><Execution id="1fc5ede1-38f2-4941-908d-c15bd8a7b9b5" /><TestMethod codeBase="C:\Users\dt-impact\ftsubs\mstest\kevin-montrose_Jil-8a5af0f\JilTests\bin\Debug\net452\JilTests.dll" adapterTypeName="executor://xunit/VsTestRunner2/desktop_and_uap" className="JilTests.DeserializeTests" name="JilTests.DeserializeTests.MalformedISO8601(dateString: &quot;\&quot;1999-W01-0\&quot;&quot;, expectedError: &quot;Expected day to be a digit between 1 and 7&quot;)" /></UnitTest><UnitTest name="JilTests.SerializeTests.Issue176" storage="c:\users\dt-impact\ftsubs\mstest\kevin-montrose_jil-8a5af0f\jiltests\bin\debug\net452\jiltests.dll" id="4918dd22-763e-42c7-a4d7-d05151e5b66e"><Execution id="35924497-8c48-43db-b6c3-c17425173de0" /><TestMethod codeBase="C:\Users\dt-impact\ftsubs\mstest\kevin-montrose_Jil-8a5af0f\JilTests\bin\Debug\net452\JilTests.dll" adapterTypeName="executor://xunit/VsTestRunner2/desktop_and_uap" className="JilTests.SerializeTests" name="JilTests.SerializeTests.Issue176" /></UnitTest><UnitTest name="JilTests.DeserializeTests.Issue117_UShort" storage="c:\users\dt-impact\ftsubs\mstest\kevin-montrose_jil-8a5af0f\jiltests\bin\debug\net452\jiltests.dll" id="b2bda0ca-6b31-4049-9663-b344df3ed5ff"><Execution id="d422c381-347f-4876-961f-a405bbae01f7" /><TestMethod codeBase="C:\Users\dt-impact\ftsubs\mstest\kevin-montrose_Jil-8a5af0f\JilTests\bin\Debug\net452\JilTests.dll" adapterTypeName="executor://xunit/VsTestRunner2/desktop_and_uap" className="JilTests.DeserializeTests" name="JilTests.DeserializeTests.Issue117_UShort" /></UnitTest><UnitTest name="JilTests.SerializeTests.NullablePrimitives" storage="c:\users\dt-impact\ftsubs\mstest\kevin-montrose_jil-8a5af0f\jiltests\bin\debug\net452\jiltests.dll" id="8c0d81e2-b44b-4c86-af27-f6941aee2112"><Execution id="ad3ffbe9-0a1d-4931-b449-aeeaba5f54dc" /><TestMethod codeBase="C:\Users\dt-impact\ftsubs\mstest\kevin-montrose_Jil-8a5af0f\JilTests\bin\Debug\net452\JilTests.dll" adapterTypeName="executor://xunit/VsTestRunner2/desktop_and_uap" className="JilTests.SerializeTests" name="JilTests.SerializeTests.NullablePrimitives" /></UnitTest><UnitTest name="JilTests.DeserializeTests.SmallCharBuffer" storage="c:\users\dt-impact\ftsubs\mstest\kevin-montrose_jil-8a5af0f\jiltests\bin\debug\net452\jiltests.dll" id="dde75086-6d39-47fc-9d7e-065538e4bf8f"><Execution id="1dd7b0bb-2275-4f32-ae75-a1b404176595" /><TestMethod codeBase="C:\Users\dt-impact\ftsubs\mstest\kevin-montrose_Jil-8a5af0f\JilTests\bin\Debug\net452\JilTests.dll" adapterTypeName="executor://xunit/VsTestRunner2/desktop_and_uap" className="JilTests.DeserializeTests" name="JilTests.DeserializeTests.SmallCharBuffer" /></UnitTest><UnitTest name="JilTests.SerializeTests.BadUnions" storage="c:\users\dt-impact\ftsubs\mstest\kevin-montrose_jil-8a5af0f\jiltests\bin\debug\net452\jiltests.dll" id="8175022c-a9b4-49ac-b3cc-b2eaa5ba473d"><Execution id="87bba181-5546-48b8-b8c7-d74d360c0dd7" /><TestMethod codeBase="C:\Users\dt-impact\ftsubs\mstest\kevin-montrose_Jil-8a5af0f\JilTests\bin\Debug\net452\JilTests.dll" adapterTypeName="executor://xunit/VsTestRunner2/desktop_and_uap" className="JilTests.SerializeTests" name="JilTests.SerializeTests.BadUnions" /></UnitTest><UnitTest name="JilTests.SerializeTests.DiscriminantUnionsWithUnionType" storage="c:\users\dt-impact\ftsubs\mstest\kevin-montrose_jil-8a5af0f\jiltests\bin\debug\net452\jiltests.dll" id="66b52850-f6ea-4953-b2fe-a2532d90cae7"><Execution id="e21fe136-8515-4de5-bab1-a570c818d341" /><TestMethod codeBase="C:\Users\dt-impact\ftsubs\mstest\kevin-montrose_Jil-8a5af0f\JilTests\bin\Debug\net452\JilTests.dll" adapterTypeName="executor://xunit/VsTestRunner2/desktop_and_uap" className="JilTests.SerializeTests" name="JilTests.SerializeTests.DiscriminantUnionsWithUnionType" /></UnitTest><UnitTest name="JilTests.SerializeTests.Issue165" storage="c:\users\dt-impact\ftsubs\mstest\kevin-montrose_jil-8a5af0f\jiltests\bin\debug\net452\jiltests.dll" id="fc95f805-8f5e-47a6-83be-71fa518bb3c4"><Execution id="4416ef00-e843-4273-b127-69744ba490bb" /><TestMethod codeBase="C:\Users\dt-impact\ftsubs\mstest\kevin-montrose_Jil-8a5af0f\JilTests\bin\Debug\net452\JilTests.dll" adapterTypeName="executor://xunit/VsTestRunner2/desktop_and_uap" className="JilTests.SerializeTests" name="JilTests.SerializeTests.Issue165" /></UnitTest><UnitTest name="JilTests.DeserializeTests.MalformedISO8601(dateString: &quot;\&quot;1999W010\&quot;&quot;, expectedError: &quot;Expected day to be a digit between 1 and 7&quot;)" storage="c:\users\dt-impact\ftsubs\mstest\kevin-montrose_jil-8a5af0f\jiltests\bin\debug\net452\jiltests.dll" id="486e56e2-6c76-46b5-924a-2253a29e7922"><Execution id="17b64008-f784-4d9b-9742-391f9234e587" /><TestMethod codeBase="C:\Users\dt-impact\ftsubs\mstest\kevin-montrose_Jil-8a5af0f\JilTests\bin\Debug\net452\JilTests.dll" adapterTypeName="executor://xunit/VsTestRunner2/desktop_and_uap" className="JilTests.DeserializeTests" name="JilTests.DeserializeTests.MalformedISO8601(dateString: &quot;\&quot;1999W010\&quot;&quot;, expectedError: &quot;Expected day to be a digit between 1 and 7&quot;)" /></UnitTest><UnitTest name="JilTests.SerializeTests.RFC1123TimeSpans" storage="c:\users\dt-impact\ftsubs\mstest\kevin-montrose_jil-8a5af0f\jiltests\bin\debug\net452\jiltests.dll" id="0b3718e6-f086-4d63-902c-38d1c3447693"><Execution id="d5808412-755e-4683-9023-5e4504838622" /><TestMethod codeBase="C:\Users\dt-impact\ftsubs\mstest\kevin-montrose_Jil-8a5af0f\JilTests\bin\Debug\net452\JilTests.dll" adapterTypeName="executor://xunit/VsTestRunner2/desktop_and_uap" className="JilTests.SerializeTests" name="JilTests.SerializeTests.RFC1123TimeSpans" /></UnitTest><UnitTest name="JilTests.SerializeTests.DoubleConstantWeirdCulture" storage="c:\users\dt-impact\ftsubs\mstest\kevin-montrose_jil-8a5af0f\jiltests\bin\debug\net452\jiltests.dll" id="8abcec7f-d796-4c4f-9c0e-e7a85fa5d142"><Execution id="defa0de9-969e-4fff-a6dd-62c9f8dd6254" /><TestMethod codeBase="C:\Users\dt-impact\ftsubs\mstest\kevin-montrose_Jil-8a5af0f\JilTests\bin\Debug\net452\JilTests.dll" adapterTypeName="executor://xunit/VsTestRunner2/desktop_and_uap" className="JilTests.SerializeTests" name="JilTests.SerializeTests.DoubleConstantWeirdCulture" /></UnitTest><UnitTest name="JilTests.DeserializeTests.BadDecimal(input: &quot;1.2E10E10&quot;, expectedSnippetAfter: &quot;E10&quot;)" storage="c:\users\dt-impact\ftsubs\mstest\kevin-montrose_jil-8a5af0f\jiltests\bin\debug\net452\jiltests.dll" id="5ce1cf38-1e91-42e5-b95b-b770afdb3077"><Execution id="0389139d-266a-4b42-be48-3750702f698e" /><TestMethod codeBase="C:\Users\dt-impact\ftsubs\mstest\kevin-montrose_Jil-8a5af0f\JilTests\bin\Debug\net452\JilTests.dll" adapterTypeName="executor://xunit/VsTestRunner2/desktop_and_uap" className="JilTests.DeserializeTests" name="JilTests.DeserializeTests.BadDecimal(input: &quot;1.2E10E10&quot;, expectedSnippetAfter: &quot;E10&quot;)" /></UnitTest><UnitTest name="JilTests.UtilsTests.Issue119" storage="c:\users\dt-impact\ftsubs\mstest\kevin-montrose_jil-8a5af0f\jiltests\bin\debug\net452\jiltests.dll" id="afab7327-8841-41da-a9c7-e3af8eac45f9"><Execution id="e415919e-2924-4029-b19e-e37f3c1ab713" /><TestMethod codeBase="C:\Users\dt-impact\ftsubs\mstest\kevin-montrose_Jil-8a5af0f\JilTests\bin\Debug\net452\JilTests.dll" adapterTypeName="executor://xunit/VsTestRunner2/desktop_and_uap" className="JilTests.UtilsTests" name="JilTests.UtilsTests.Issue119" /></UnitTest><UnitTest name="JilTests.DynamicSerializationTests.Issue87" storage="c:\users\dt-impact\ftsubs\mstest\kevin-montrose_jil-8a5af0f\jiltests\bin\debug\net452\jiltests.dll" id="9ebbf5d4-9eab-41bc-a951-30866019f243"><Execution id="a178de59-63ed-429f-a8dc-9cf366664c5f" /><TestMethod codeBase="C:\Users\dt-impact\ftsubs\mstest\kevin-montrose_Jil-8a5af0f\JilTests\bin\Debug\net452\JilTests.dll" adapterTypeName="executor://xunit/VsTestRunner2/desktop_and_uap" className="JilTests.DynamicSerializationTests" name="JilTests.DynamicSerializationTests.Issue87" /></UnitTest><UnitTest name="JilTests.DeserializeTests.MalformedISO8601(dateString: &quot;\&quot;1900000\&quot;&quot;, expectedError: &quot;Expected ordinal day to be between 001 and 366&quot;)" storage="c:\users\dt-impact\ftsubs\mstest\kevin-montrose_jil-8a5af0f\jiltests\bin\debug\net452\jiltests.dll" id="7be5e64a-0c9e-4a0b-84ef-fc0af292334c"><Execution id="b4a3c278-d22f-46ad-8e3d-0eac5cb09d2d" /><TestMethod codeBase="C:\Users\dt-impact\ftsubs\mstest\kevin-montrose_Jil-8a5af0f\JilTests\bin\Debug\net452\JilTests.dll" adapterTypeName="executor://xunit/VsTestRunner2/desktop_and_uap" className="JilTests.DeserializeTests" name="JilTests.DeserializeTests.MalformedISO8601(dateString: &quot;\&quot;1900000\&quot;&quot;, expectedError: &quot;Expected ordinal day to be between 001 and 366&quot;)" /></UnitTest><UnitTest name="JilTests.SerializeTests.IReadOnlyDictionary" storage="c:\users\dt-impact\ftsubs\mstest\kevin-montrose_jil-8a5af0f\jiltests\bin\debug\net452\jiltests.dll" id="f589c5ac-8693-4ddb-8ce5-4cd51baa70fc"><Execution id="49200e9a-4e84-4fa4-821e-d133355c4157" /><TestMethod codeBase="C:\Users\dt-impact\ftsubs\mstest\kevin-montrose_Jil-8a5af0f\JilTests\bin\Debug\net452\JilTests.dll" adapterTypeName="executor://xunit/VsTestRunner2/desktop_and_uap" className="JilTests.SerializeTests" name="JilTests.SerializeTests.IReadOnlyDictionary" /></UnitTest><UnitTest name="JilTests.SerializeTests.PrettyPrint" storage="c:\users\dt-impact\ftsubs\mstest\kevin-montrose_jil-8a5af0f\jiltests\bin\debug\net452\jiltests.dll" id="7123844a-1e62-4bd3-82ea-02e4bd3978c0"><Execution id="c55ea51a-078b-4ec0-a1da-627a69fea4ac" /><TestMethod codeBase="C:\Users\dt-impact\ftsubs\mstest\kevin-montrose_Jil-8a5af0f\JilTests\bin\Debug\net452\JilTests.dll" adapterTypeName="executor://xunit/VsTestRunner2/desktop_and_uap" className="JilTests.SerializeTests" name="JilTests.SerializeTests.PrettyPrint" /></UnitTest><UnitTest name="JilTests.DeserializeDynamicTests.Issue61" storage="c:\users\dt-impact\ftsubs\mstest\kevin-montrose_jil-8a5af0f\jiltests\bin\debug\net452\jiltests.dll" id="4bd77b5d-611f-4142-91f7-1b43322d3f75"><Execution id="b0f4d9ee-50c8-4af5-92b6-9d8c605b144d" /><TestMethod codeBase="C:\Users\dt-impact\ftsubs\mstest\kevin-montrose_Jil-8a5af0f\JilTests\bin\Debug\net452\JilTests.dll" adapterTypeName="executor://xunit/VsTestRunner2/desktop_and_uap" className="JilTests.DeserializeDynamicTests" name="JilTests.DeserializeDynamicTests.Issue61" /></UnitTest><UnitTest name="JilTests.DynamicSerializationTests.Issue151" storage="c:\users\dt-impact\ftsubs\mstest\kevin-montrose_jil-8a5af0f\jiltests\bin\debug\net452\jiltests.dll" id="16cfc8bf-c182-4d9f-8718-a2b03b3de488"><Execution id="7f8a99a4-1469-4517-abb1-4ee27df228fc" /><TestMethod codeBase="C:\Users\dt-impact\ftsubs\mstest\kevin-montrose_Jil-8a5af0f\JilTests\bin\Debug\net452\JilTests.dll" adapterTypeName="executor://xunit/VsTestRunner2/desktop_and_uap" className="JilTests.DynamicSerializationTests" name="JilTests.DynamicSerializationTests.Issue151" /></UnitTest><UnitTest name="JilTests.DeserializeTests.Bools" storage="c:\users\dt-impact\ftsubs\mstest\kevin-montrose_jil-8a5af0f\jiltests\bin\debug\net452\jiltests.dll" id="d1272dec-b767-4e7f-814a-aa19e0951ebc"><Execution id="623c7e2a-ff29-49fd-b564-5e2639f7d44b" /><TestMethod codeBase="C:\Users\dt-impact\ftsubs\mstest\kevin-montrose_Jil-8a5af0f\JilTests\bin\Debug\net452\JilTests.dll" adapterTypeName="executor://xunit/VsTestRunner2/desktop_and_uap" className="JilTests.DeserializeTests" name="JilTests.DeserializeTests.Bools" /></UnitTest><UnitTest name="JilTests.DeserializeTests.MalformedISO8601(dateString: &quot;\&quot;1999-02-29\&quot;&quot;, expectedError: &quot;ISO8601 date could not be mapped to DateTime&quot;)" storage="c:\users\dt-impact\ftsubs\mstest\kevin-montrose_jil-8a5af0f\jiltests\bin\debug\net452\jiltests.dll" id="020978c8-5296-4705-b535-239287358b94"><Execution id="ad53a3f2-79ab-4b80-96b2-26d2179226f3" /><TestMethod codeBase="C:\Users\dt-impact\ftsubs\mstest\kevin-montrose_Jil-8a5af0f\JilTests\bin\Debug\net452\JilTests.dll" adapterTypeName="executor://xunit/VsTestRunner2/desktop_and_uap" className="JilTests.DeserializeTests" name="JilTests.DeserializeTests.MalformedISO8601(dateString: &quot;\&quot;1999-02-29\&quot;&quot;, expectedError: &quot;ISO8601 date could not be mapped to DateTime&quot;)" /></UnitTest><UnitTest name="JilTests.DeserializeTests.Nullables" storage="c:\users\dt-impact\ftsubs\mstest\kevin-montrose_jil-8a5af0f\jiltests\bin\debug\net452\jiltests.dll" id="8f05199b-2c9b-426f-b36a-4425182edfe2"><Execution id="0a73f533-4f21-44d7-8028-b80fb942dd78" /><TestMethod codeBase="C:\Users\dt-impact\ftsubs\mstest\kevin-montrose_Jil-8a5af0f\JilTests\bin\Debug\net452\JilTests.dll" adapterTypeName="executor://xunit/VsTestRunner2/desktop_and_uap" className="JilTests.DeserializeTests" name="JilTests.DeserializeTests.Nullables" /></UnitTest><UnitTest name="JilTests.DynamicSerializationTests.RecursiveDynamic" storage="c:\users\dt-impact\ftsubs\mstest\kevin-montrose_jil-8a5af0f\jiltests\bin\debug\net452\jiltests.dll" id="d5f1705c-72e4-4dfa-b79d-a875728dcab1"><Execution id="2826adec-8b98-4a64-951a-ca43820419db" /><TestMethod codeBase="C:\Users\dt-impact\ftsubs\mstest\kevin-montrose_Jil-8a5af0f\JilTests\bin\Debug\net452\JilTests.dll" adapterTypeName="executor://xunit/VsTestRunner2/desktop_and_uap" className="JilTests.DynamicSerializationTests" name="JilTests.DynamicSerializationTests.RecursiveDynamic" /></UnitTest><UnitTest name="JilTests.UtilsTests.FindReusedTypes_DictDict" storage="c:\users\dt-impact\ftsubs\mstest\kevin-montrose_jil-8a5af0f\jiltests\bin\debug\net452\jiltests.dll" id="3073ce52-5b81-4e6b-be0f-1de820407496"><Execution id="4905d3d3-155e-4ed3-92b0-044e416a6deb" /><TestMethod codeBase="C:\Users\dt-impact\ftsubs\mstest\kevin-montrose_Jil-8a5af0f\JilTests\bin\Debug\net452\JilTests.dll" adapterTypeName="executor://xunit/VsTestRunner2/desktop_and_uap" className="JilTests.UtilsTests" name="JilTests.UtilsTests.FindReusedTypes_DictDict" /></UnitTest><UnitTest name="JilTests.SerializeTests.NaNFails" storage="c:\users\dt-impact\ftsubs\mstest\kevin-montrose_jil-8a5af0f\jiltests\bin\debug\net452\jiltests.dll" id="dca8e92e-8bda-46b8-bbc5-cd16092d862d"><Execution id="cc157ce9-96a3-42e9-9ab4-aeab2f6d7c2b" /><TestMethod codeBase="C:\Users\dt-impact\ftsubs\mstest\kevin-montrose_Jil-8a5af0f\JilTests\bin\Debug\net452\JilTests.dll" adapterTypeName="executor://xunit/VsTestRunner2/desktop_and_uap" className="JilTests.SerializeTests" name="JilTests.SerializeTests.NaNFails" /></UnitTest><UnitTest name="JilTests.DeserializeDynamicTests.Issue143TimeSpanFractionOverflow" storage="c:\users\dt-impact\ftsubs\mstest\kevin-montrose_jil-8a5af0f\jiltests\bin\debug\net452\jiltests.dll" id="4e1b122e-7a19-45d2-98e0-69b295931fe2"><Execution id="576e2401-3dae-48ca-a68b-c66e2b4f8018" /><TestMethod codeBase="C:\Users\dt-impact\ftsubs\mstest\kevin-montrose_Jil-8a5af0f\JilTests\bin\Debug\net452\JilTests.dll" adapterTypeName="executor://xunit/VsTestRunner2/desktop_and_uap" className="JilTests.DeserializeDynamicTests" name="JilTests.DeserializeDynamicTests.Issue143TimeSpanFractionOverflow" /></UnitTest><UnitTest name="JilTests.DeserializeDynamicTests.Issue117(input: &quot;1.&quot;, expectedError: &quot;Expected digit&quot;)" storage="c:\users\dt-impact\ftsubs\mstest\kevin-montrose_jil-8a5af0f\jiltests\bin\debug\net452\jiltests.dll" id="9ac4e5ea-a628-42c5-a3bb-307c6e5b3466"><Execution id="89c912d2-e68e-489e-ac7f-11d20f4c47e3" /><TestMethod codeBase="C:\Users\dt-impact\ftsubs\mstest\kevin-montrose_Jil-8a5af0f\JilTests\bin\Debug\net452\JilTests.dll" adapterTypeName="executor://xunit/VsTestRunner2/desktop_and_uap" className="JilTests.DeserializeDynamicTests" name="JilTests.DeserializeDynamicTests.Issue117(input: &quot;1.&quot;, expectedError: &quot;Expected digit&quot;)" /></UnitTest><UnitTest name="JilTests.DeserializeTests.MalformedISO8601(dateString: &quot;\&quot;1999-W54\&quot;&quot;, expectedError: &quot;Expected week to be between 01 and 53&quot;)" storage="c:\users\dt-impact\ftsubs\mstest\kevin-montrose_jil-8a5af0f\jiltests\bin\debug\net452\jiltests.dll" id="579b8d9c-f915-4b02-bf27-87dcd9df84da"><Execution id="57ae8808-7b33-4dcc-ae30-3810c4fef607" /><TestMethod codeBase="C:\Users\dt-impact\ftsubs\mstest\kevin-montrose_Jil-8a5af0f\JilTests\bin\Debug\net452\JilTests.dll" adapterTypeName="executor://xunit/VsTestRunner2/desktop_and_uap" className="JilTests.DeserializeTests" name="JilTests.DeserializeTests.MalformedISO8601(dateString: &quot;\&quot;1999-W54\&quot;&quot;, expectedError: &quot;Expected week to be between 01 and 53&quot;)" /></UnitTest><UnitTest name="JilTests.DynamicSerializationTests.Issue200" storage="c:\users\dt-impact\ftsubs\mstest\kevin-montrose_jil-8a5af0f\jiltests\bin\debug\net452\jiltests.dll" id="09a79c07-abe5-4eba-8632-91a17c55d765"><Execution id="225f559a-292d-4690-9df0-2bec5b25c536" /><TestMethod codeBase="C:\Users\dt-impact\ftsubs\mstest\kevin-montrose_Jil-8a5af0f\JilTests\bin\Debug\net452\JilTests.dll" adapterTypeName="executor://xunit/VsTestRunner2/desktop_and_uap" className="JilTests.DynamicSerializationTests" name="JilTests.DynamicSerializationTests.Issue200" /></UnitTest><UnitTest name="JilTests.DeserializeTests.MalformedISO8601(dateString: &quot;\&quot;1900-01-\&quot;&quot;, expectedError: &quot;Expected digit&quot;)" storage="c:\users\dt-impact\ftsubs\mstest\kevin-montrose_jil-8a5af0f\jiltests\bin\debug\net452\jiltests.dll" id="64c453b2-8a52-4d04-8ff5-e559128c5a0a"><Execution id="5013398f-2f8b-41af-a2ac-aa588370799c" /><TestMethod codeBase="C:\Users\dt-impact\ftsubs\mstest\kevin-montrose_Jil-8a5af0f\JilTests\bin\Debug\net452\JilTests.dll" adapterTypeName="executor://xunit/VsTestRunner2/desktop_and_uap" className="JilTests.DeserializeTests" name="JilTests.DeserializeTests.MalformedISO8601(dateString: &quot;\&quot;1900-01-\&quot;&quot;, expectedError: &quot;Expected digit&quot;)" /></UnitTest><UnitTest name="JilTests.DynamicSerializationTests.MicrosoftDateTimeOffsetSelfRoundtrip" storage="c:\users\dt-impact\ftsubs\mstest\kevin-montrose_jil-8a5af0f\jiltests\bin\debug\net452\jiltests.dll" id="2cd12e65-9010-4e82-af50-ffcf3b944c52"><Execution id="14529c69-0eb3-4793-8beb-e8ff4b31b903" /><TestMethod codeBase="C:\Users\dt-impact\ftsubs\mstest\kevin-montrose_Jil-8a5af0f\JilTests\bin\Debug\net452\JilTests.dll" adapterTypeName="executor://xunit/VsTestRunner2/desktop_and_uap" className="JilTests.DynamicSerializationTests" name="JilTests.DynamicSerializationTests.MicrosoftDateTimeOffsetSelfRoundtrip" /></UnitTest><UnitTest name="JilTests.DeserializeTests.EnumEscapes" storage="c:\users\dt-impact\ftsubs\mstest\kevin-montrose_jil-8a5af0f\jiltests\bin\debug\net452\jiltests.dll" id="f9723f38-5596-4f78-b6de-50eec6b6a457"><Execution id="82f6139a-8d57-47ba-9636-3cc880b83c3a" /><TestMethod codeBase="C:\Users\dt-impact\ftsubs\mstest\kevin-montrose_Jil-8a5af0f\JilTests\bin\Debug\net452\JilTests.dll" adapterTypeName="executor://xunit/VsTestRunner2/desktop_and_uap" className="JilTests.DeserializeTests" name="JilTests.DeserializeTests.EnumEscapes" /></UnitTest><UnitTest name="JilTests.DeserializeTests.AnonObjects" storage="c:\users\dt-impact\ftsubs\mstest\kevin-montrose_jil-8a5af0f\jiltests\bin\debug\net452\jiltests.dll" id="718101cb-cf7e-4e5c-b0c1-dd5d735d74f3"><Execution id="26a9b1ae-c1db-4d40-a057-e18ae221f93d" /><TestMethod codeBase="C:\Users\dt-impact\ftsubs\mstest\kevin-montrose_Jil-8a5af0f\JilTests\bin\Debug\net452\JilTests.dll" adapterTypeName="executor://xunit/VsTestRunner2/desktop_and_uap" className="JilTests.DeserializeTests" name="JilTests.DeserializeTests.AnonObjects" /></UnitTest><UnitTest name="JilTests.DeserializeDynamicTests.Issue143DateTimeOffset" storage="c:\users\dt-impact\ftsubs\mstest\kevin-montrose_jil-8a5af0f\jiltests\bin\debug\net452\jiltests.dll" id="27451bb8-34ce-446a-b32d-703aa9a8e5c6"><Execution id="8bb3134d-caba-45eb-8068-c6caf8a7e3a4" /><TestMethod codeBase="C:\Users\dt-impact\ftsubs\mstest\kevin-montrose_Jil-8a5af0f\JilTests\bin\Debug\net452\JilTests.dll" adapterTypeName="executor://xunit/VsTestRunner2/desktop_and_uap" className="JilTests.DeserializeDynamicTests" name="JilTests.DeserializeDynamicTests.Issue143DateTimeOffset" /></UnitTest><UnitTest name="JilTests.DeserializeDynamicTests.IEnumerableDynamic" storage="c:\users\dt-impact\ftsubs\mstest\kevin-montrose_jil-8a5af0f\jiltests\bin\debug\net452\jiltests.dll" id="95398eea-45ad-4980-84be-951c6b852c80"><Execution id="7d9e5251-8a32-4ee8-b405-754379d48605" /><TestMethod codeBase="C:\Users\dt-impact\ftsubs\mstest\kevin-montrose_Jil-8a5af0f\JilTests\bin\Debug\net452\JilTests.dll" adapterTypeName="executor://xunit/VsTestRunner2/desktop_and_uap" className="JilTests.DeserializeDynamicTests" name="JilTests.DeserializeDynamicTests.IEnumerableDynamic" /></UnitTest><UnitTest name="JilTests.DeserializeTests.ParseISO8601" storage="c:\users\dt-impact\ftsubs\mstest\kevin-montrose_jil-8a5af0f\jiltests\bin\debug\net452\jiltests.dll" id="09c61388-bed6-4852-814a-a4b6578909a9"><Execution id="cb5db9cf-4fd8-4ed0-a1d1-222841f89cf2" /><TestMethod codeBase="C:\Users\dt-impact\ftsubs\mstest\kevin-montrose_Jil-8a5af0f\JilTests\bin\Debug\net452\JilTests.dll" adapterTypeName="executor://xunit/VsTestRunner2/desktop_and_uap" className="JilTests.DeserializeTests" name="JilTests.DeserializeTests.ParseISO8601" /></UnitTest><UnitTest name="JilTests.DeserializeTests.IReadOnlyDictionaries" storage="c:\users\dt-impact\ftsubs\mstest\kevin-montrose_jil-8a5af0f\jiltests\bin\debug\net452\jiltests.dll" id="7ba96ed4-7fbf-4598-b077-cfc1ce719edd"><Execution id="4995f417-e962-4d91-af82-a96f4b0ce14c" /><TestMethod codeBase="C:\Users\dt-impact\ftsubs\mstest\kevin-montrose_Jil-8a5af0f\JilTests\bin\Debug\net452\JilTests.dll" adapterTypeName="executor://xunit/VsTestRunner2/desktop_and_uap" className="JilTests.DeserializeTests" name="JilTests.DeserializeTests.IReadOnlyDictionaries" /></UnitTest><UnitTest name="JilTests.DeserializeDynamicTests.Multiply" storage="c:\users\dt-impact\ftsubs\mstest\kevin-montrose_jil-8a5af0f\jiltests\bin\debug\net452\jiltests.dll" id="eb599914-874c-4619-9ec5-1d640f8272a4"><Execution id="28325f60-fb7b-4a85-a050-e1420b9686a9" /><TestMethod codeBase="C:\Users\dt-impact\ftsubs\mstest\kevin-montrose_Jil-8a5af0f\JilTests\bin\Debug\net452\JilTests.dll" adapterTypeName="executor://xunit/VsTestRunner2/desktop_and_uap" className="JilTests.DeserializeDynamicTests" name="JilTests.DeserializeDynamicTests.Multiply" /></UnitTest><UnitTest name="JilTests.UtilsTests.UnionConfigs" storage="c:\users\dt-impact\ftsubs\mstest\kevin-montrose_jil-8a5af0f\jiltests\bin\debug\net452\jiltests.dll" id="55d500d0-0584-4acf-8b79-70a8b40a7fdd"><Execution id="a21e2255-6d90-4e2d-8363-e6ceacec1026" /><TestMethod codeBase="C:\Users\dt-impact\ftsubs\mstest\kevin-montrose_Jil-8a5af0f\JilTests\bin\Debug\net452\JilTests.dll" adapterTypeName="executor://xunit/VsTestRunner2/desktop_and_uap" className="JilTests.UtilsTests" name="JilTests.UtilsTests.UnionConfigs" /></UnitTest><UnitTest name="JilTests.DeserializeDynamicTests.ISO8601DateTimeOffsets" storage="c:\users\dt-impact\ftsubs\mstest\kevin-montrose_jil-8a5af0f\jiltests\bin\debug\net452\jiltests.dll" id="f4234000-3a06-40b6-8a9e-73312d7c8332"><Execution id="67a73d2f-4b27-4c79-99b9-264acf1ec84f" /><TestMethod codeBase="C:\Users\dt-impact\ftsubs\mstest\kevin-montrose_Jil-8a5af0f\JilTests\bin\Debug\net452\JilTests.dll" adapterTypeName="executor://xunit/VsTestRunner2/desktop_and_uap" className="JilTests.DeserializeDynamicTests" name="JilTests.DeserializeDynamicTests.ISO8601DateTimeOffsets" /></UnitTest><UnitTest name="JilTests.DynamicSerializationTests.NullArrayElements" storage="c:\users\dt-impact\ftsubs\mstest\kevin-montrose_jil-8a5af0f\jiltests\bin\debug\net452\jiltests.dll" id="94942c98-45e8-48d4-a9bd-d1d0a550248d"><Execution id="ab0b4282-470f-4e96-9a93-4c502cb4daf2" /><TestMethod codeBase="C:\Users\dt-impact\ftsubs\mstest\kevin-montrose_Jil-8a5af0f\JilTests\bin\Debug\net452\JilTests.dll" adapterTypeName="executor://xunit/VsTestRunner2/desktop_and_uap" className="JilTests.DynamicSerializationTests" name="JilTests.DynamicSerializationTests.NullArrayElements" /></UnitTest><UnitTest name="JilTests.DeserializeTests.Issue117_Float" storage="c:\users\dt-impact\ftsubs\mstest\kevin-montrose_jil-8a5af0f\jiltests\bin\debug\net452\jiltests.dll" id="e04d3b28-0796-4b15-a8c9-4ce06662f04b"><Execution id="4b974b69-d516-429c-a5f5-ea6a052d6e26" /><TestMethod codeBase="C:\Users\dt-impact\ftsubs\mstest\kevin-montrose_Jil-8a5af0f\JilTests\bin\Debug\net452\JilTests.dll" adapterTypeName="executor://xunit/VsTestRunner2/desktop_and_uap" className="JilTests.DeserializeTests" name="JilTests.DeserializeTests.Issue117_Float" /></UnitTest><UnitTest name="JilTests.DeserializeTests.IDictionaryIntToInt" storage="c:\users\dt-impact\ftsubs\mstest\kevin-montrose_jil-8a5af0f\jiltests\bin\debug\net452\jiltests.dll" id="b35649f1-3312-4dd8-9154-becbada511a5"><Execution id="7454ae2e-600c-47e5-953a-9ee1053253d6" /><TestMethod codeBase="C:\Users\dt-impact\ftsubs\mstest\kevin-montrose_Jil-8a5af0f\JilTests\bin\Debug\net452\JilTests.dll" adapterTypeName="executor://xunit/VsTestRunner2/desktop_and_uap" className="JilTests.DeserializeTests" name="JilTests.DeserializeTests.IDictionaryIntToInt" /></UnitTest><UnitTest name="JilTests.SerializeTests.NullableMembers" storage="c:\users\dt-impact\ftsubs\mstest\kevin-montrose_jil-8a5af0f\jiltests\bin\debug\net452\jiltests.dll" id="d7ad1f7d-0265-42a0-9df5-1bad4639d249"><Execution id="89b909b5-d391-4e55-b45b-54fa829d390f" /><TestMethod codeBase="C:\Users\dt-impact\ftsubs\mstest\kevin-montrose_Jil-8a5af0f\JilTests\bin\Debug\net452\JilTests.dll" adapterTypeName="executor://xunit/VsTestRunner2/desktop_and_uap" className="JilTests.SerializeTests" name="JilTests.SerializeTests.NullableMembers" /></UnitTest><UnitTest name="JilTests.SerializeTests.ValueTypes" storage="c:\users\dt-impact\ftsubs\mstest\kevin-montrose_jil-8a5af0f\jiltests\bin\debug\net452\jiltests.dll" id="3bdf2ced-184b-45ff-868b-f6e0d61db6e7"><Execution id="7f01032b-f32b-4e9a-ab2d-e3a560855806" /><TestMethod codeBase="C:\Users\dt-impact\ftsubs\mstest\kevin-montrose_Jil-8a5af0f\JilTests\bin\Debug\net452\JilTests.dll" adapterTypeName="executor://xunit/VsTestRunner2/desktop_and_uap" className="JilTests.SerializeTests" name="JilTests.SerializeTests.ValueTypes" /></UnitTest><UnitTest name="JilTests.DeserializeTests.Issue227" storage="c:\users\dt-impact\ftsubs\mstest\kevin-montrose_jil-8a5af0f\jiltests\bin\debug\net452\jiltests.dll" id="4591c13f-7b44-4f1f-bcb9-4a937e74768e"><Execution id="bd6c64ce-b5ab-4cdb-9182-cab7eab92116" /><TestMethod codeBase="C:\Users\dt-impact\ftsubs\mstest\kevin-montrose_Jil-8a5af0f\JilTests\bin\Debug\net452\JilTests.dll" adapterTypeName="executor://xunit/VsTestRunner2/desktop_and_uap" className="JilTests.DeserializeTests" name="JilTests.DeserializeTests.Issue227" /></UnitTest><UnitTest name="JilTests.BadlySpecifiedTypeTests.DeserializeString" storage="c:\users\dt-impact\ftsubs\mstest\kevin-montrose_jil-8a5af0f\jiltests\bin\debug\net452\jiltests.dll" id="0498b8e1-bf7d-48c5-95c8-3307ad834703"><Execution id="0ec5d3a4-76a6-4f6c-a939-a6c1fc65673d" /><TestMethod codeBase="C:\Users\dt-impact\ftsubs\mstest\kevin-montrose_Jil-8a5af0f\JilTests\bin\Debug\net452\JilTests.dll" adapterTypeName="executor://xunit/VsTestRunner2/desktop_and_uap" className="JilTests.BadlySpecifiedTypeTests" name="JilTests.BadlySpecifiedTypeTests.DeserializeString" /></UnitTest><UnitTest name="JilTests.DeserializeTests.Decimals" storage="c:\users\dt-impact\ftsubs\mstest\kevin-montrose_jil-8a5af0f\jiltests\bin\debug\net452\jiltests.dll" id="1f9eb8bc-ce32-4570-9f73-ca0a37df2597"><Execution id="4db1135c-fc54-449d-86e6-d68d33d52144" /><TestMethod codeBase="C:\Users\dt-impact\ftsubs\mstest\kevin-montrose_Jil-8a5af0f\JilTests\bin\Debug\net452\JilTests.dll" adapterTypeName="executor://xunit/VsTestRunner2/desktop_and_uap" className="JilTests.DeserializeTests" name="JilTests.DeserializeTests.Decimals" /></UnitTest><UnitTest name="JilTests.DeserializeDynamicTests.DateTimeOffsets" storage="c:\users\dt-impact\ftsubs\mstest\kevin-montrose_jil-8a5af0f\jiltests\bin\debug\net452\jiltests.dll" id="6c66d5a9-ad2e-432b-99b2-2dbae5fad2eb"><Execution id="01000a2b-987c-404e-9833-d8812a54a298" /><TestMethod codeBase="C:\Users\dt-impact\ftsubs\mstest\kevin-montrose_Jil-8a5af0f\JilTests\bin\Debug\net452\JilTests.dll" adapterTypeName="executor://xunit/VsTestRunner2/desktop_and_uap" className="JilTests.DeserializeDynamicTests" name="JilTests.DeserializeDynamicTests.DateTimeOffsets" /></UnitTest><UnitTest name="JilTests.DeserializeDynamicTests.MemberAccess" storage="c:\users\dt-impact\ftsubs\mstest\kevin-montrose_jil-8a5af0f\jiltests\bin\debug\net452\jiltests.dll" id="a97f9d45-df19-4407-a3fb-8bc8d534c8a9"><Execution id="ffa9b964-6e32-489a-b412-d6bf8fc5340d" /><TestMethod codeBase="C:\Users\dt-impact\ftsubs\mstest\kevin-montrose_Jil-8a5af0f\JilTests\bin\Debug\net452\JilTests.dll" adapterTypeName="executor://xunit/VsTestRunner2/desktop_and_uap" className="JilTests.DeserializeDynamicTests" name="JilTests.DeserializeDynamicTests.MemberAccess" /></UnitTest><UnitTest name="JilTests.DeserializeTests.CaseInsensitiveEnums" storage="c:\users\dt-impact\ftsubs\mstest\kevin-montrose_jil-8a5af0f\jiltests\bin\debug\net452\jiltests.dll" id="e63cefc1-a683-4a1e-9037-e47d8e764867"><Execution id="1ff7c23b-6bd2-47f1-a10a-c341b920d63c" /><TestMethod codeBase="C:\Users\dt-impact\ftsubs\mstest\kevin-montrose_Jil-8a5af0f\JilTests\bin\Debug\net452\JilTests.dll" adapterTypeName="executor://xunit/VsTestRunner2/desktop_and_uap" className="JilTests.DeserializeTests" name="JilTests.DeserializeTests.CaseInsensitiveEnums" /></UnitTest><UnitTest name="JilTests.DeserializeDynamicTests.DictionaryCoercion" storage="c:\users\dt-impact\ftsubs\mstest\kevin-montrose_jil-8a5af0f\jiltests\bin\debug\net452\jiltests.dll" id="08d8aaec-6574-46dd-a586-2ba5d13e19d7"><Execution id="fa50425b-0443-4e52-aab8-daff76a8819a" /><TestMethod codeBase="C:\Users\dt-impact\ftsubs\mstest\kevin-montrose_Jil-8a5af0f\JilTests\bin\Debug\net452\JilTests.dll" adapterTypeName="executor://xunit/VsTestRunner2/desktop_and_uap" className="JilTests.DeserializeDynamicTests" name="JilTests.DeserializeDynamicTests.DictionaryCoercion" /></UnitTest><UnitTest name="JilTests.SerializeTests.Properties" storage="c:\users\dt-impact\ftsubs\mstest\kevin-montrose_jil-8a5af0f\jiltests\bin\debug\net452\jiltests.dll" id="47f352cb-5ff8-40c3-92a2-0700965c605d"><Execution id="241d2884-2c45-4a65-aea0-09a0dfa29cb2" /><TestMethod codeBase="C:\Users\dt-impact\ftsubs\mstest\kevin-montrose_Jil-8a5af0f\JilTests\bin\Debug\net452\JilTests.dll" adapterTypeName="executor://xunit/VsTestRunner2/desktop_and_uap" className="JilTests.SerializeTests" name="JilTests.SerializeTests.Properties" /></UnitTest><UnitTest name="JilTests.SerializeTests.StringEscapes" storage="c:\users\dt-impact\ftsubs\mstest\kevin-montrose_jil-8a5af0f\jiltests\bin\debug\net452\jiltests.dll" id="15424a12-8e19-49bc-837d-df665c62a5dc"><Execution id="60ceffd9-98d8-4331-bd82-dbeeefbc9221" /><TestMethod codeBase="C:\Users\dt-impact\ftsubs\mstest\kevin-montrose_Jil-8a5af0f\JilTests\bin\Debug\net452\JilTests.dll" adapterTypeName="executor://xunit/VsTestRunner2/desktop_and_uap" className="JilTests.SerializeTests" name="JilTests.SerializeTests.StringEscapes" /></UnitTest><UnitTest name="JilTests.DeserializeTests.Zeros" storage="c:\users\dt-impact\ftsubs\mstest\kevin-montrose_jil-8a5af0f\jiltests\bin\debug\net452\jiltests.dll" id="aa0042e0-aa9e-409e-9974-e52eec6d6737"><Execution id="64418167-78a4-4888-9a04-56d0fc9b9762" /><TestMethod codeBase="C:\Users\dt-impact\ftsubs\mstest\kevin-montrose_Jil-8a5af0f\JilTests\bin\Debug\net452\JilTests.dll" adapterTypeName="executor://xunit/VsTestRunner2/desktop_and_uap" className="JilTests.DeserializeTests" name="JilTests.DeserializeTests.Zeros" /></UnitTest><UnitTest name="JilTests.DeserializeTests.Issue117_Byte" storage="c:\users\dt-impact\ftsubs\mstest\kevin-montrose_jil-8a5af0f\jiltests\bin\debug\net452\jiltests.dll" id="a21c33ae-0435-4754-a226-fed805dddb58"><Execution id="51203077-d086-470c-9f54-8e2ed05f2e54" /><TestMethod codeBase="C:\Users\dt-impact\ftsubs\mstest\kevin-montrose_Jil-8a5af0f\JilTests\bin\Debug\net452\JilTests.dll" adapterTypeName="executor://xunit/VsTestRunner2/desktop_and_uap" className="JilTests.DeserializeTests" name="JilTests.DeserializeTests.Issue117_Byte" /></UnitTest><UnitTest name="JilTests.SerializeTests.MillsecondsTimeSpans" storage="c:\users\dt-impact\ftsubs\mstest\kevin-montrose_jil-8a5af0f\jiltests\bin\debug\net452\jiltests.dll" id="8f356afd-fbaf-4e5e-aa86-97f96f170883"><Execution id="a1b2109d-2bd3-433b-90c5-8ae870e88def" /><TestMethod codeBase="C:\Users\dt-impact\ftsubs\mstest\kevin-montrose_Jil-8a5af0f\JilTests\bin\Debug\net452\JilTests.dll" adapterTypeName="executor://xunit/VsTestRunner2/desktop_and_uap" className="JilTests.SerializeTests" name="JilTests.SerializeTests.MillsecondsTimeSpans" /></UnitTest><UnitTest name="JilTests.DynamicSerializationTests.RecursiveObjects" storage="c:\users\dt-impact\ftsubs\mstest\kevin-montrose_jil-8a5af0f\jiltests\bin\debug\net452\jiltests.dll" id="17e07715-48d4-4ff7-8647-98bb069e09e9"><Execution id="fb3c396b-57ca-45ae-a852-9c3df5a291b4" /><TestMethod codeBase="C:\Users\dt-impact\ftsubs\mstest\kevin-montrose_Jil-8a5af0f\JilTests\bin\Debug\net452\JilTests.dll" adapterTypeName="executor://xunit/VsTestRunner2/desktop_and_uap" className="JilTests.DynamicSerializationTests" name="JilTests.DynamicSerializationTests.RecursiveObjects" /></UnitTest><UnitTest name="JilTests.SerializeTests.Primitive" storage="c:\users\dt-impact\ftsubs\mstest\kevin-montrose_jil-8a5af0f\jiltests\bin\debug\net452\jiltests.dll" id="5262aeaf-19d6-4101-98a0-eb7e1c7c470b"><Execution id="ea694fdf-a059-4105-aada-416c5402d2a7" /><TestMethod codeBase="C:\Users\dt-impact\ftsubs\mstest\kevin-montrose_Jil-8a5af0f\JilTests\bin\Debug\net452\JilTests.dll" adapterTypeName="executor://xunit/VsTestRunner2/desktop_and_uap" className="JilTests.SerializeTests" name="JilTests.SerializeTests.Primitive" /></UnitTest><UnitTest name="JilTests.DeserializeTests.Issue25" storage="c:\users\dt-impact\ftsubs\mstest\kevin-montrose_jil-8a5af0f\jiltests\bin\debug\net452\jiltests.dll" id="16b09d89-e4be-4fdb-9ce1-1006a8e41b2c"><Execution id="9569c6b3-bcf7-442c-a95b-1956ab5bc1c6" /><TestMethod codeBase="C:\Users\dt-impact\ftsubs\mstest\kevin-montrose_Jil-8a5af0f\JilTests\bin\Debug\net452\JilTests.dll" adapterTypeName="executor://xunit/VsTestRunner2/desktop_and_uap" className="JilTests.DeserializeTests" name="JilTests.DeserializeTests.Issue25" /></UnitTest><UnitTest name="JilTests.DeserializeDynamicTests.Issue117(input: &quot;001&quot;, expectedError: &quot;Number cannot have leading zeros&quot;)" storage="c:\users\dt-impact\ftsubs\mstest\kevin-montrose_jil-8a5af0f\jiltests\bin\debug\net452\jiltests.dll" id="d10fb385-9af8-4f11-8ebd-2905444c1a50"><Execution id="572a9181-1800-4415-a166-7dd70e3e3062" /><TestMethod codeBase="C:\Users\dt-impact\ftsubs\mstest\kevin-montrose_Jil-8a5af0f\JilTests\bin\Debug\net452\JilTests.dll" adapterTypeName="executor://xunit/VsTestRunner2/desktop_and_uap" className="JilTests.DeserializeDynamicTests" name="JilTests.DeserializeDynamicTests.Issue117(input: &quot;001&quot;, expectedError: &quot;Number cannot have leading zeros&quot;)" /></UnitTest><UnitTest name="JilTests.UtilsTests.FindRecursiveTypes" storage="c:\users\dt-impact\ftsubs\mstest\kevin-montrose_jil-8a5af0f\jiltests\bin\debug\net452\jiltests.dll" id="d15749d8-9052-4519-8fc1-37e203d11833"><Execution id="528083f7-b5e0-4527-8414-8ad101c428a8" /><TestMethod codeBase="C:\Users\dt-impact\ftsubs\mstest\kevin-montrose_Jil-8a5af0f\JilTests\bin\Debug\net452\JilTests.dll" adapterTypeName="executor://xunit/VsTestRunner2/desktop_and_uap" className="JilTests.UtilsTests" name="JilTests.UtilsTests.FindRecursiveTypes" /></UnitTest><UnitTest name="JilTests.SerializeTests.DiscriminantUnionWithoutUnionType" storage="c:\users\dt-impact\ftsubs\mstest\kevin-montrose_jil-8a5af0f\jiltests\bin\debug\net452\jiltests.dll" id="a41919fb-c3e7-4408-92bc-572c948a12cf"><Execution id="13cdad77-0516-40e6-8daa-4c83bba729ed" /><TestMethod codeBase="C:\Users\dt-impact\ftsubs\mstest\kevin-montrose_Jil-8a5af0f\JilTests\bin\Debug\net452\JilTests.dll" adapterTypeName="executor://xunit/VsTestRunner2/desktop_and_uap" className="JilTests.SerializeTests" name="JilTests.SerializeTests.DiscriminantUnionWithoutUnionType" /></UnitTest><UnitTest name="JilTests.DeserializeTests.MalformedISO8601(dateString: &quot;\&quot;1900-000\&quot;&quot;, expectedError: &quot;Expected ordinal day to be between 001 and 366&quot;)" storage="c:\users\dt-impact\ftsubs\mstest\kevin-montrose_jil-8a5af0f\jiltests\bin\debug\net452\jiltests.dll" id="d509802e-f74d-4c7e-be97-e69c388b94fd"><Execution id="8df75d8b-ef8c-45af-8fc5-265e46dec259" /><TestMethod codeBase="C:\Users\dt-impact\ftsubs\mstest\kevin-montrose_Jil-8a5af0f\JilTests\bin\Debug\net452\JilTests.dll" adapterTypeName="executor://xunit/VsTestRunner2/desktop_and_uap" className="JilTests.DeserializeTests" name="JilTests.DeserializeTests.MalformedISO8601(dateString: &quot;\&quot;1900-000\&quot;&quot;, expectedError: &quot;Expected ordinal day to be between 001 and 366&quot;)" /></UnitTest><UnitTest name="JilTests.SerializeTests.FlagsEnumWithZero" storage="c:\users\dt-impact\ftsubs\mstest\kevin-montrose_jil-8a5af0f\jiltests\bin\debug\net452\jiltests.dll" id="b470280f-db01-4e26-a960-2b432197ce20"><Execution id="3d219ba6-9655-4298-9af0-1842426cdd48" /><TestMethod codeBase="C:\Users\dt-impact\ftsubs\mstest\kevin-montrose_Jil-8a5af0f\JilTests\bin\Debug\net452\JilTests.dll" adapterTypeName="executor://xunit/VsTestRunner2/desktop_and_uap" className="JilTests.SerializeTests" name="JilTests.SerializeTests.FlagsEnumWithZero" /></UnitTest><UnitTest name="JilTests.DeserializeDynamicTests.EmptyArrayWithSpace" storage="c:\users\dt-impact\ftsubs\mstest\kevin-montrose_jil-8a5af0f\jiltests\bin\debug\net452\jiltests.dll" id="010fccfe-efbf-4132-94dc-79fecd79f4f2"><Execution id="e4f97464-34bd-450c-89ec-a59b70ddb170" /><TestMethod codeBase="C:\Users\dt-impact\ftsubs\mstest\kevin-montrose_Jil-8a5af0f\JilTests\bin\Debug\net452\JilTests.dll" adapterTypeName="executor://xunit/VsTestRunner2/desktop_and_uap" className="JilTests.DeserializeDynamicTests" name="JilTests.DeserializeDynamicTests.EmptyArrayWithSpace" /></UnitTest><UnitTest name="JilTests.DeserializeTests.MalformedISO8601(dateString: &quot;\&quot;19000101T1234:56\&quot;&quot;, expectedError: &quot;Unexpected separator in ISO8601 time&quot;)" storage="c:\users\dt-impact\ftsubs\mstest\kevin-montrose_jil-8a5af0f\jiltests\bin\debug\net452\jiltests.dll" id="10dc3ca0-1be8-4df0-af98-0c959039c3af"><Execution id="6fa565fe-c74b-4ee3-b3a5-97ab92697622" /><TestMethod codeBase="C:\Users\dt-impact\ftsubs\mstest\kevin-montrose_Jil-8a5af0f\JilTests\bin\Debug\net452\JilTests.dll" adapterTypeName="executor://xunit/VsTestRunner2/desktop_and_uap" className="JilTests.DeserializeTests" name="JilTests.DeserializeTests.MalformedISO8601(dateString: &quot;\&quot;19000101T1234:56\&quot;&quot;, expectedError: &quot;Unexpected separator in ISO8601 time&quot;)" /></UnitTest><UnitTest name="JilTests.DeserializeTests.MalformedISO8601(dateString: &quot;\&quot;1900-01-01T\&quot;&quot;, expectedError: &quot;ISO8601 time must begin with a 2 character hour&quot;)" storage="c:\users\dt-impact\ftsubs\mstest\kevin-montrose_jil-8a5af0f\jiltests\bin\debug\net452\jiltests.dll" id="4a023631-e304-47f6-a283-d08790e3872e"><Execution id="36b1dc6f-f349-4b7d-89cb-9cb0ff62a50e" /><TestMethod codeBase="C:\Users\dt-impact\ftsubs\mstest\kevin-montrose_Jil-8a5af0f\JilTests\bin\Debug\net452\JilTests.dll" adapterTypeName="executor://xunit/VsTestRunner2/desktop_and_uap" className="JilTests.DeserializeTests" name="JilTests.DeserializeTests.MalformedISO8601(dateString: &quot;\&quot;1900-01-01T\&quot;&quot;, expectedError: &quot;ISO8601 time must begin with a 2 character hour&quot;)" /></UnitTest><UnitTest name="JilTests.DeserializeDynamicTests.ArrayEnumerator" storage="c:\users\dt-impact\ftsubs\mstest\kevin-montrose_jil-8a5af0f\jiltests\bin\debug\net452\jiltests.dll" id="db91498c-0571-4d5a-9a77-22cf7e47924a"><Execution id="393e9e2a-995d-45e8-9253-8a37b649bca3" /><TestMethod codeBase="C:\Users\dt-impact\ftsubs\mstest\kevin-montrose_Jil-8a5af0f\JilTests\bin\Debug\net452\JilTests.dll" adapterTypeName="executor://xunit/VsTestRunner2/desktop_and_uap" className="JilTests.DeserializeDynamicTests" name="JilTests.DeserializeDynamicTests.ArrayEnumerator" /></UnitTest><UnitTest name="JilTests.SerializeTests.TopLevelNulls" storage="c:\users\dt-impact\ftsubs\mstest\kevin-montrose_jil-8a5af0f\jiltests\bin\debug\net452\jiltests.dll" id="bfd1059e-1708-4181-9bc8-86dd29b9dca9"><Execution id="27d91ca4-480f-48d2-aad7-eab46c20a5ba" /><TestMethod codeBase="C:\Users\dt-impact\ftsubs\mstest\kevin-montrose_Jil-8a5af0f\JilTests\bin\Debug\net452\JilTests.dll" adapterTypeName="executor://xunit/VsTestRunner2/desktop_and_uap" className="JilTests.SerializeTests" name="JilTests.SerializeTests.TopLevelNulls" /></UnitTest><UnitTest name="JilTests.DeserializeTests.Issue117_Double" storage="c:\users\dt-impact\ftsubs\mstest\kevin-montrose_jil-8a5af0f\jiltests\bin\debug\net452\jiltests.dll" id="1f185857-66cd-442c-a516-22ad3009305f"><Execution id="66f23a85-5380-407d-9d28-001cdb6e31e3" /><TestMethod codeBase="C:\Users\dt-impact\ftsubs\mstest\kevin-montrose_Jil-8a5af0f\JilTests\bin\Debug\net452\JilTests.dll" adapterTypeName="executor://xunit/VsTestRunner2/desktop_and_uap" className="JilTests.DeserializeTests" name="JilTests.DeserializeTests.Issue117_Double" /></UnitTest><UnitTest name="JilTests.DeserializeTests.Longs" storage="c:\users\dt-impact\ftsubs\mstest\kevin-montrose_jil-8a5af0f\jiltests\bin\debug\net452\jiltests.dll" id="787e2a1c-615e-4904-8e5e-8b2dddc7cefa"><Execution id="3a638105-226b-4045-b1bf-ea1c975096a7" /><TestMethod codeBase="C:\Users\dt-impact\ftsubs\mstest\kevin-montrose_Jil-8a5af0f\JilTests\bin\Debug\net452\JilTests.dll" adapterTypeName="executor://xunit/VsTestRunner2/desktop_and_uap" className="JilTests.DeserializeTests" name="JilTests.DeserializeTests.Longs" /></UnitTest><UnitTest name="JilTests.SerializeTests.Issue53" storage="c:\users\dt-impact\ftsubs\mstest\kevin-montrose_jil-8a5af0f\jiltests\bin\debug\net452\jiltests.dll" id="eeaa67df-d3cf-49c4-81b9-b9122c4eb979"><Execution id="275df5d5-c1d5-42ac-8d04-b21a019cffd5" /><TestMethod codeBase="C:\Users\dt-impact\ftsubs\mstest\kevin-montrose_Jil-8a5af0f\JilTests\bin\Debug\net452\JilTests.dll" adapterTypeName="executor://xunit/VsTestRunner2/desktop_and_uap" className="JilTests.SerializeTests" name="JilTests.SerializeTests.Issue53" /></UnitTest><UnitTest name="JilTests.SerializeTests.BadDictionaryType" storage="c:\users\dt-impact\ftsubs\mstest\kevin-montrose_jil-8a5af0f\jiltests\bin\debug\net452\jiltests.dll" id="2e1e1c46-e4f6-4f85-8617-4d319dcc6fa3"><Execution id="b526ab75-53cc-4e84-b25e-d712cff0557f" /><TestMethod codeBase="C:\Users\dt-impact\ftsubs\mstest\kevin-montrose_Jil-8a5af0f\JilTests\bin\Debug\net452\JilTests.dll" adapterTypeName="executor://xunit/VsTestRunner2/desktop_and_uap" className="JilTests.SerializeTests" name="JilTests.SerializeTests.BadDictionaryType" /></UnitTest><UnitTest name="JilTests.SerializeTests.Issue258" storage="c:\users\dt-impact\ftsubs\mstest\kevin-montrose_jil-8a5af0f\jiltests\bin\debug\net452\jiltests.dll" id="9104ff41-e276-4a82-ac92-b5e915c71289"><Execution id="95d2c3da-69ee-44b7-85c7-d6f51039c49d" /><TestMethod codeBase="C:\Users\dt-impact\ftsubs\mstest\kevin-montrose_Jil-8a5af0f\JilTests\bin\Debug\net452\JilTests.dll" adapterTypeName="executor://xunit/VsTestRunner2/desktop_and_uap" className="JilTests.SerializeTests" name="JilTests.SerializeTests.Issue258" /></UnitTest><UnitTest name="JilTests.DeserializeTests.ValueTypes" storage="c:\users\dt-impact\ftsubs\mstest\kevin-montrose_jil-8a5af0f\jiltests\bin\debug\net452\jiltests.dll" id="0cc22d3e-f788-4ea5-92bc-1ba0dd23febe"><Execution id="82658e6e-a8bf-46f0-805e-e587c3327269" /><TestMethod codeBase="C:\Users\dt-impact\ftsubs\mstest\kevin-montrose_Jil-8a5af0f\JilTests\bin\Debug\net452\JilTests.dll" adapterTypeName="executor://xunit/VsTestRunner2/desktop_and_uap" className="JilTests.DeserializeTests" name="JilTests.DeserializeTests.ValueTypes" /></UnitTest><UnitTest name="JilTests.DeserializeTests.InfoFailure" storage="c:\users\dt-impact\ftsubs\mstest\kevin-montrose_jil-8a5af0f\jiltests\bin\debug\net452\jiltests.dll" id="6c23bd29-ec4c-488c-9e28-e346489dfe5d"><Execution id="fc1d9297-9aa3-49cd-815f-c5b458f43182" /><TestMethod codeBase="C:\Users\dt-impact\ftsubs\mstest\kevin-montrose_Jil-8a5af0f\JilTests\bin\Debug\net452\JilTests.dll" adapterTypeName="executor://xunit/VsTestRunner2/desktop_and_uap" className="JilTests.DeserializeTests" name="JilTests.DeserializeTests.InfoFailure" /></UnitTest><UnitTest name="JilTests.DeserializeDynamicTests.UnaryPlus" storage="c:\users\dt-impact\ftsubs\mstest\kevin-montrose_jil-8a5af0f\jiltests\bin\debug\net452\jiltests.dll" id="2faf1e1a-a1a7-4a51-9360-46ad4046266c"><Execution id="c673787d-2843-445f-b8de-8f1551bc7a24" /><TestMethod codeBase="C:\Users\dt-impact\ftsubs\mstest\kevin-montrose_Jil-8a5af0f\JilTests\bin\Debug\net452\JilTests.dll" adapterTypeName="executor://xunit/VsTestRunner2/desktop_and_uap" className="JilTests.DeserializeDynamicTests" name="JilTests.DeserializeDynamicTests.UnaryPlus" /></UnitTest><UnitTest name="JilTests.SerializeTests.List" storage="c:\users\dt-impact\ftsubs\mstest\kevin-montrose_jil-8a5af0f\jiltests\bin\debug\net452\jiltests.dll" id="aadcb02d-161a-4951-acd2-57e4b073e60b"><Execution id="f12e1e21-f3ca-44e1-808b-c98ae875d8fb" /><TestMethod codeBase="C:\Users\dt-impact\ftsubs\mstest\kevin-montrose_Jil-8a5af0f\JilTests\bin\Debug\net452\JilTests.dll" adapterTypeName="executor://xunit/VsTestRunner2/desktop_and_uap" className="JilTests.SerializeTests" name="JilTests.SerializeTests.List" /></UnitTest><UnitTest name="JilTests.DeserializeDynamicTests.GreaterThanOrEquals" storage="c:\users\dt-impact\ftsubs\mstest\kevin-montrose_jil-8a5af0f\jiltests\bin\debug\net452\jiltests.dll" id="12487efe-9287-4b9b-80f4-dc385b55287b"><Execution id="e0ae90db-cb66-486a-aace-6493bdb15136" /><TestMethod codeBase="C:\Users\dt-impact\ftsubs\mstest\kevin-montrose_Jil-8a5af0f\JilTests\bin\Debug\net452\JilTests.dll" adapterTypeName="executor://xunit/VsTestRunner2/desktop_and_uap" className="JilTests.DeserializeDynamicTests" name="JilTests.DeserializeDynamicTests.GreaterThanOrEquals" /></UnitTest><UnitTest name="JilTests.DynamicSerializationTests.MicrosoftTimeSpans" storage="c:\users\dt-impact\ftsubs\mstest\kevin-montrose_jil-8a5af0f\jiltests\bin\debug\net452\jiltests.dll" id="92ff84b6-c9ad-4a98-96c6-ba79d2247ce7"><Execution id="bfb436a5-fa0c-4f11-9ec7-868edb3227cd" /><TestMethod codeBase="C:\Users\dt-impact\ftsubs\mstest\kevin-montrose_Jil-8a5af0f\JilTests\bin\Debug\net452\JilTests.dll" adapterTypeName="executor://xunit/VsTestRunner2/desktop_and_uap" className="JilTests.DynamicSerializationTests" name="JilTests.DynamicSerializationTests.MicrosoftTimeSpans" /></UnitTest><UnitTest name="JilTests.DeserializeTests.Overflow" storage="c:\users\dt-impact\ftsubs\mstest\kevin-montrose_jil-8a5af0f\jiltests\bin\debug\net452\jiltests.dll" id="ada6e382-dabe-4054-b81d-79960c6aa43a"><Execution id="9dd708a7-aa1e-4e64-85a9-dc3fcf50e2cb" /><TestMethod codeBase="C:\Users\dt-impact\ftsubs\mstest\kevin-montrose_Jil-8a5af0f\JilTests\bin\Debug\net452\JilTests.dll" adapterTypeName="executor://xunit/VsTestRunner2/desktop_and_uap" className="JilTests.DeserializeTests" name="JilTests.DeserializeTests.Overflow" /></UnitTest><UnitTest name="JilTests.DeserializeTests.BadFloat(input: &quot;1.2.3.4.5.6&quot;, expectedSnippetAfter: &quot;.3.4.5.6&quot;)" storage="c:\users\dt-impact\ftsubs\mstest\kevin-montrose_jil-8a5af0f\jiltests\bin\debug\net452\jiltests.dll" id="15eb2f15-dad2-46b1-b9df-dd20a06c40b5"><Execution id="943ac81c-1f7c-4ff9-8205-6c212e65f84a" /><TestMethod codeBase="C:\Users\dt-impact\ftsubs\mstest\kevin-montrose_Jil-8a5af0f\JilTests\bin\Debug\net452\JilTests.dll" adapterTypeName="executor://xunit/VsTestRunner2/desktop_and_uap" className="JilTests.DeserializeTests" name="JilTests.DeserializeTests.BadFloat(input: &quot;1.2.3.4.5.6&quot;, expectedSnippetAfter: &quot;.3.4.5.6&quot;)" /></UnitTest><UnitTest name="JilTests.SerializeTests.InnerLists" storage="c:\users\dt-impact\ftsubs\mstest\kevin-montrose_jil-8a5af0f\jiltests\bin\debug\net452\jiltests.dll" id="b696a94a-afbb-4f61-8d5d-6fcd973d800f"><Execution id="df23383c-44c1-4c7d-8540-2120c841944b" /><TestMethod codeBase="C:\Users\dt-impact\ftsubs\mstest\kevin-montrose_Jil-8a5af0f\JilTests\bin\Debug\net452\JilTests.dll" adapterTypeName="executor://xunit/VsTestRunner2/desktop_and_uap" className="JilTests.SerializeTests" name="JilTests.SerializeTests.InnerLists" /></UnitTest><UnitTest name="JilTests.DeserializeTests.MalformedISO8601(dateString: &quot;\&quot;1999-12-00\&quot;&quot;, expectedError: &quot;Expected day to be between 01 and 31&quot;)" storage="c:\users\dt-impact\ftsubs\mstest\kevin-montrose_jil-8a5af0f\jiltests\bin\debug\net452\jiltests.dll" id="d2d1ed25-dde4-489b-8def-ddc7fa6d6208"><Execution id="14260f6b-7a79-4a11-b94d-cabd81f183fa" /><TestMethod codeBase="C:\Users\dt-impact\ftsubs\mstest\kevin-montrose_Jil-8a5af0f\JilTests\bin\Debug\net452\JilTests.dll" adapterTypeName="executor://xunit/VsTestRunner2/desktop_and_uap" className="JilTests.DeserializeTests" name="JilTests.DeserializeTests.MalformedISO8601(dateString: &quot;\&quot;1999-12-00\&quot;&quot;, expectedError: &quot;Expected day to be between 01 and 31&quot;)" /></UnitTest><UnitTest name="JilTests.DeserializeDynamicTests.Guids" storage="c:\users\dt-impact\ftsubs\mstest\kevin-montrose_jil-8a5af0f\jiltests\bin\debug\net452\jiltests.dll" id="d56584b2-5d74-4e78-bbe0-dfd8d4612bc2"><Execution id="0d779aa8-7e50-4b0b-ab8c-1fdc9c68347c" /><TestMethod codeBase="C:\Users\dt-impact\ftsubs\mstest\kevin-montrose_Jil-8a5af0f\JilTests\bin\Debug\net452\JilTests.dll" adapterTypeName="executor://xunit/VsTestRunner2/desktop_and_uap" className="JilTests.DeserializeDynamicTests" name="JilTests.DeserializeDynamicTests.Guids" /></UnitTest><UnitTest name="JilTests.DeserializeTests.Surrogates" storage="c:\users\dt-impact\ftsubs\mstest\kevin-montrose_jil-8a5af0f\jiltests\bin\debug\net452\jiltests.dll" id="64dd8a7c-6b55-4915-9db7-2a104e846f8c"><Execution id="c2326b92-eccc-45b2-a38b-ee500d459a1d" /><TestMethod codeBase="C:\Users\dt-impact\ftsubs\mstest\kevin-montrose_Jil-8a5af0f\JilTests\bin\Debug\net452\JilTests.dll" adapterTypeName="executor://xunit/VsTestRunner2/desktop_and_uap" className="JilTests.DeserializeTests" name="JilTests.DeserializeTests.Surrogates" /></UnitTest><UnitTest name="JilTests.SerializeTests.NullArrayElements" storage="c:\users\dt-impact\ftsubs\mstest\kevin-montrose_jil-8a5af0f\jiltests\bin\debug\net452\jiltests.dll" id="b7f3a25b-72c7-4c99-9453-896215c93c3b"><Execution id="53880b22-b35f-4598-b7c3-333fe51a35c6" /><TestMethod codeBase="C:\Users\dt-impact\ftsubs\mstest\kevin-montrose_Jil-8a5af0f\JilTests\bin\Debug\net452\JilTests.dll" adapterTypeName="executor://xunit/VsTestRunner2/desktop_and_uap" className="JilTests.SerializeTests" name="JilTests.SerializeTests.NullArrayElements" /></UnitTest><UnitTest name="JilTests.DeserializeTests.BadEnum" storage="c:\users\dt-impact\ftsubs\mstest\kevin-montrose_jil-8a5af0f\jiltests\bin\debug\net452\jiltests.dll" id="5b47422f-abd0-4131-b664-44092c3702dd"><Execution id="c83eca83-aa05-451a-b4f5-b87027bf15e5" /><TestMethod codeBase="C:\Users\dt-impact\ftsubs\mstest\kevin-montrose_Jil-8a5af0f\JilTests\bin\Debug\net452\JilTests.dll" adapterTypeName="executor://xunit/VsTestRunner2/desktop_and_uap" className="JilTests.DeserializeTests" name="JilTests.DeserializeTests.BadEnum" /></UnitTest><UnitTest name="JilTests.DynamicSerializationTests.ISO8601DateTimeOffsetSelfRoundtrip" storage="c:\users\dt-impact\ftsubs\mstest\kevin-montrose_jil-8a5af0f\jiltests\bin\debug\net452\jiltests.dll" id="f7a8d25b-6241-4e39-8505-8dea66744e0e"><Execution id="38d958bd-575f-42a8-9884-864b83a7a850" /><TestMethod codeBase="C:\Users\dt-impact\ftsubs\mstest\kevin-montrose_Jil-8a5af0f\JilTests\bin\Debug\net452\JilTests.dll" adapterTypeName="executor://xunit/VsTestRunner2/desktop_and_uap" className="JilTests.DynamicSerializationTests" name="JilTests.DynamicSerializationTests.ISO8601DateTimeOffsetSelfRoundtrip" /></UnitTest><UnitTest name="JilTests.SerializeTests.MicrosoftTimeSpans" storage="c:\users\dt-impact\ftsubs\mstest\kevin-montrose_jil-8a5af0f\jiltests\bin\debug\net452\jiltests.dll" id="e60e2e7b-1c22-4459-a09e-c9370463090c"><Execution id="41a27be9-8099-4d01-ba35-2cc124d0782c" /><TestMethod codeBase="C:\Users\dt-impact\ftsubs\mstest\kevin-montrose_Jil-8a5af0f\JilTests\bin\Debug\net452\JilTests.dll" adapterTypeName="executor://xunit/VsTestRunner2/desktop_and_uap" className="JilTests.SerializeTests" name="JilTests.SerializeTests.MicrosoftTimeSpans" /></UnitTest><UnitTest name="JilTests.DynamicSerializationTests.ToStringJSON" storage="c:\users\dt-impact\ftsubs\mstest\kevin-montrose_jil-8a5af0f\jiltests\bin\debug\net452\jiltests.dll" id="b03e7ac0-a089-4136-aaab-b26d5b178a13"><Execution id="d4a75ec5-4b65-41b1-b30b-8a80b54fcc53" /><TestMethod codeBase="C:\Users\dt-impact\ftsubs\mstest\kevin-montrose_Jil-8a5af0f\JilTests\bin\Debug\net452\JilTests.dll" adapterTypeName="executor://xunit/VsTestRunner2/desktop_and_uap" className="JilTests.DynamicSerializationTests" name="JilTests.DynamicSerializationTests.ToStringJSON" /></UnitTest><UnitTest name="JilTests.DeserializeTests.EnumMemberAttributeOverrideFlags" storage="c:\users\dt-impact\ftsubs\mstest\kevin-montrose_jil-8a5af0f\jiltests\bin\debug\net452\jiltests.dll" id="125a7b10-3764-4b0f-976b-a0f720ffc2a2"><Execution id="935e6258-5836-4b3d-867a-f7b4f3c76fdf" /><TestMethod codeBase="C:\Users\dt-impact\ftsubs\mstest\kevin-montrose_Jil-8a5af0f\JilTests\bin\Debug\net452\JilTests.dll" adapterTypeName="executor://xunit/VsTestRunner2/desktop_and_uap" className="JilTests.DeserializeTests" name="JilTests.DeserializeTests.EnumMemberAttributeOverrideFlags" /></UnitTest><UnitTest name="JilTests.DynamicSerializationTests.RFC1123" storage="c:\users\dt-impact\ftsubs\mstest\kevin-montrose_jil-8a5af0f\jiltests\bin\debug\net452\jiltests.dll" id="c975dbab-fdf0-4d0b-9b76-6905213193f9"><Execution id="bf6e8131-55ac-4a28-af56-a9b107dd4aeb" /><TestMethod codeBase="C:\Users\dt-impact\ftsubs\mstest\kevin-montrose_Jil-8a5af0f\JilTests\bin\Debug\net452\JilTests.dll" adapterTypeName="executor://xunit/VsTestRunner2/desktop_and_uap" className="JilTests.DynamicSerializationTests" name="JilTests.DynamicSerializationTests.RFC1123" /></UnitTest><UnitTest name="JilTests.UtilsTests.PropertyFieldUsage" storage="c:\users\dt-impact\ftsubs\mstest\kevin-montrose_jil-8a5af0f\jiltests\bin\debug\net452\jiltests.dll" id="2c90a0c9-a755-4249-aec3-4dbea0cf6ba3"><Execution id="564d84e0-052d-4540-ab9d-11c8e65d77ba" /><TestMethod codeBase="C:\Users\dt-impact\ftsubs\mstest\kevin-montrose_Jil-8a5af0f\JilTests\bin\Debug\net452\JilTests.dll" adapterTypeName="executor://xunit/VsTestRunner2/desktop_and_uap" className="JilTests.UtilsTests" name="JilTests.UtilsTests.PropertyFieldUsage" /></UnitTest><UnitTest name="JilTests.DeserializeDynamicTests.MillisecondDateTimes" storage="c:\users\dt-impact\ftsubs\mstest\kevin-montrose_jil-8a5af0f\jiltests\bin\debug\net452\jiltests.dll" id="2ba3ad9b-004c-4adc-bde7-1d5b7d148da4"><Execution id="9807e908-6496-4241-bf4b-840f444a8f65" /><TestMethod codeBase="C:\Users\dt-impact\ftsubs\mstest\kevin-montrose_Jil-8a5af0f\JilTests\bin\Debug\net452\JilTests.dll" adapterTypeName="executor://xunit/VsTestRunner2/desktop_and_uap" className="JilTests.DeserializeDynamicTests" name="JilTests.DeserializeDynamicTests.MillisecondDateTimes" /></UnitTest><UnitTest name="JilTests.DeserializeTests.Issue126" storage="c:\users\dt-impact\ftsubs\mstest\kevin-montrose_jil-8a5af0f\jiltests\bin\debug\net452\jiltests.dll" id="d4a4f31c-57ef-4cf0-95ce-70ad59d606b3"><Execution id="7747fc3a-20c3-49c8-a395-80726844cc17" /><TestMethod codeBase="C:\Users\dt-impact\ftsubs\mstest\kevin-montrose_Jil-8a5af0f\JilTests\bin\Debug\net452\JilTests.dll" adapterTypeName="executor://xunit/VsTestRunner2/desktop_and_uap" className="JilTests.DeserializeTests" name="JilTests.DeserializeTests.Issue126" /></UnitTest><UnitTest name="JilTests.DeserializeTests.MalformedISO8601(dateString: &quot;\&quot;1900999\&quot;&quot;, expectedError: &quot;Expected ordinal day to be between 001 and 366&quot;)" storage="c:\users\dt-impact\ftsubs\mstest\kevin-montrose_jil-8a5af0f\jiltests\bin\debug\net452\jiltests.dll" id="fb6e0315-a795-444b-99e5-a4744224188e"><Execution id="31def26a-eb81-47e0-83fa-88ceb5b8ad08" /><TestMethod codeBase="C:\Users\dt-impact\ftsubs\mstest\kevin-montrose_Jil-8a5af0f\JilTests\bin\Debug\net452\JilTests.dll" adapterTypeName="executor://xunit/VsTestRunner2/desktop_and_uap" className="JilTests.DeserializeTests" name="JilTests.DeserializeTests.MalformedISO8601(dateString: &quot;\&quot;1900999\&quot;&quot;, expectedError: &quot;Expected ordinal day to be between 001 and 366&quot;)" /></UnitTest><UnitTest name="JilTests.DeserializeTests.ComplicatedDiscriminateUnion" storage="c:\users\dt-impact\ftsubs\mstest\kevin-montrose_jil-8a5af0f\jiltests\bin\debug\net452\jiltests.dll" id="f756dd1f-cb3b-4e86-8e77-7bcbff06fecb"><Execution id="fa43f5c2-f126-4e1b-b984-324d72ab2342" /><TestMethod codeBase="C:\Users\dt-impact\ftsubs\mstest\kevin-montrose_Jil-8a5af0f\JilTests\bin\Debug\net452\JilTests.dll" adapterTypeName="executor://xunit/VsTestRunner2/desktop_and_uap" className="JilTests.DeserializeTests" name="JilTests.DeserializeTests.ComplicatedDiscriminateUnion" /></UnitTest><UnitTest name="JilTests.SerializeTests.DateTimeFormats" storage="c:\users\dt-impact\ftsubs\mstest\kevin-montrose_jil-8a5af0f\jiltests\bin\debug\net452\jiltests.dll" id="99fa18bf-9ab7-4ca1-b213-decf676b1e80"><Execution id="419fc402-549b-46ca-a71d-46663e0e4f79" /><TestMethod codeBase="C:\Users\dt-impact\ftsubs\mstest\kevin-montrose_Jil-8a5af0f\JilTests\bin\Debug\net452\JilTests.dll" adapterTypeName="executor://xunit/VsTestRunner2/desktop_and_uap" className="JilTests.SerializeTests" name="JilTests.SerializeTests.DateTimeFormats" /></UnitTest><UnitTest name="JilTests.SerializeTests.ISO8601WithOffset" storage="c:\users\dt-impact\ftsubs\mstest\kevin-montrose_jil-8a5af0f\jiltests\bin\debug\net452\jiltests.dll" id="1d694f66-e4a4-47f7-a1d5-b7a14c30beb9"><Execution id="a9839b3f-fa65-4382-a1fb-811a98feb559" /><TestMethod codeBase="C:\Users\dt-impact\ftsubs\mstest\kevin-montrose_Jil-8a5af0f\JilTests\bin\Debug\net452\JilTests.dll" adapterTypeName="executor://xunit/VsTestRunner2/desktop_and_uap" className="JilTests.SerializeTests" name="JilTests.SerializeTests.ISO8601WithOffset" /></UnitTest><UnitTest name="JilTests.DeserializeTests.Issue117_Long" storage="c:\users\dt-impact\ftsubs\mstest\kevin-montrose_jil-8a5af0f\jiltests\bin\debug\net452\jiltests.dll" id="3382b140-5510-4eb7-b623-8203f0a7ff53"><Execution id="3d651695-0051-4422-8754-ac2fff844cf3" /><TestMethod codeBase="C:\Users\dt-impact\ftsubs\mstest\kevin-montrose_Jil-8a5af0f\JilTests\bin\Debug\net452\JilTests.dll" adapterTypeName="executor://xunit/VsTestRunner2/desktop_and_uap" className="JilTests.DeserializeTests" name="JilTests.DeserializeTests.Issue117_Long" /></UnitTest><UnitTest name="JilTests.SerializeTests.DictionaryEncoding" storage="c:\users\dt-impact\ftsubs\mstest\kevin-montrose_jil-8a5af0f\jiltests\bin\debug\net452\jiltests.dll" id="04a7343a-7965-428a-866a-f540fbfb3ceb"><Execution id="ebd24733-f45f-43cc-afbc-33cf86eea302" /><TestMethod codeBase="C:\Users\dt-impact\ftsubs\mstest\kevin-montrose_Jil-8a5af0f\JilTests\bin\Debug\net452\JilTests.dll" adapterTypeName="executor://xunit/VsTestRunner2/desktop_and_uap" className="JilTests.SerializeTests" name="JilTests.SerializeTests.DictionaryEncoding" /></UnitTest><UnitTest name="JilTests.DeserializeTests.BadFloat(input: &quot;1.2E10E10&quot;, expectedSnippetAfter: &quot;E10&quot;)" storage="c:\users\dt-impact\ftsubs\mstest\kevin-montrose_jil-8a5af0f\jiltests\bin\debug\net452\jiltests.dll" id="246bc1de-703f-4cf8-b8f1-b0ca482c5162"><Execution id="d7a2720d-fcea-42f3-81b2-df574e6a8a62" /><TestMethod codeBase="C:\Users\dt-impact\ftsubs\mstest\kevin-montrose_Jil-8a5af0f\JilTests\bin\Debug\net452\JilTests.dll" adapterTypeName="executor://xunit/VsTestRunner2/desktop_and_uap" className="JilTests.DeserializeTests" name="JilTests.DeserializeTests.BadFloat(input: &quot;1.2E10E10&quot;, expectedSnippetAfter: &quot;E10&quot;)" /></UnitTest><UnitTest name="JilTests.DeserializeDynamicTests.Subtract" storage="c:\users\dt-impact\ftsubs\mstest\kevin-montrose_jil-8a5af0f\jiltests\bin\debug\net452\jiltests.dll" id="e4d7199e-9a92-4fa4-9a2c-cdf71d1c3d4e"><Execution id="e3cfc07b-fec7-4f1a-b883-b65ef5583e14" /><TestMethod codeBase="C:\Users\dt-impact\ftsubs\mstest\kevin-montrose_Jil-8a5af0f\JilTests\bin\Debug\net452\JilTests.dll" adapterTypeName="executor://xunit/VsTestRunner2/desktop_and_uap" className="JilTests.DeserializeDynamicTests" name="JilTests.DeserializeDynamicTests.Subtract" /></UnitTest><UnitTest name="JilTests.SerializeTests.Issue151" storage="c:\users\dt-impact\ftsubs\mstest\kevin-montrose_jil-8a5af0f\jiltests\bin\debug\net452\jiltests.dll" id="88433e9e-34b3-4fa5-9ede-53cffc294485"><Execution id="616aef5e-a421-479e-b988-819fe71be43e" /><TestMethod codeBase="C:\Users\dt-impact\ftsubs\mstest\kevin-montrose_Jil-8a5af0f\JilTests\bin\Debug\net452\JilTests.dll" adapterTypeName="executor://xunit/VsTestRunner2/desktop_and_uap" className="JilTests.SerializeTests" name="JilTests.SerializeTests.Issue151" /></UnitTest><UnitTest name="JilTests.DeserializeTests.BadDecimal(input: &quot;1.2.3.4.5.6&quot;, expectedSnippetAfter: &quot;.3.4.5.6&quot;)" storage="c:\users\dt-impact\ftsubs\mstest\kevin-montrose_jil-8a5af0f\jiltests\bin\debug\net452\jiltests.dll" id="32037498-3cb7-40ca-84ca-2f8d0457c4aa"><Execution id="d6ad056c-33a0-4055-ada9-6827d4f6e29d" /><TestMethod codeBase="C:\Users\dt-impact\ftsubs\mstest\kevin-montrose_Jil-8a5af0f\JilTests\bin\Debug\net452\JilTests.dll" adapterTypeName="executor://xunit/VsTestRunner2/desktop_and_uap" className="JilTests.DeserializeTests" name="JilTests.DeserializeTests.BadDecimal(input: &quot;1.2.3.4.5.6&quot;, expectedSnippetAfter: &quot;.3.4.5.6&quot;)" /></UnitTest><UnitTest name="JilTests.SerializeTests.EnumMemberAttributeOverride" storage="c:\users\dt-impact\ftsubs\mstest\kevin-montrose_jil-8a5af0f\jiltests\bin\debug\net452\jiltests.dll" id="03e07e8b-90df-48b7-a023-baaaf4f995e2"><Execution id="50f6a757-7071-4321-b42d-459157040c4f" /><TestMethod codeBase="C:\Users\dt-impact\ftsubs\mstest\kevin-montrose_Jil-8a5af0f\JilTests\bin\Debug\net452\JilTests.dll" adapterTypeName="executor://xunit/VsTestRunner2/desktop_and_uap" className="JilTests.SerializeTests" name="JilTests.SerializeTests.EnumMemberAttributeOverride" /></UnitTest><UnitTest name="JilTests.DeserializeTests.Floats" storage="c:\users\dt-impact\ftsubs\mstest\kevin-montrose_jil-8a5af0f\jiltests\bin\debug\net452\jiltests.dll" id="16fdc77b-8ed1-4af2-9ed5-a21cca7bd038"><Execution id="03ad0913-1d2e-4561-b870-c3adb1b5baa9" /><TestMethod codeBase="C:\Users\dt-impact\ftsubs\mstest\kevin-montrose_Jil-8a5af0f\JilTests\bin\Debug\net452\JilTests.dll" adapterTypeName="executor://xunit/VsTestRunner2/desktop_and_uap" className="JilTests.DeserializeTests" name="JilTests.DeserializeTests.Floats" /></UnitTest><UnitTest name="JilTests.DeserializeDynamicTests.Issue117(input: &quot;-12.&quot;, expectedError: &quot;Expected digit&quot;)" storage="c:\users\dt-impact\ftsubs\mstest\kevin-montrose_jil-8a5af0f\jiltests\bin\debug\net452\jiltests.dll" id="efa9b71e-b53b-4381-8bd3-1771e308770c"><Execution id="988b0133-8e9e-49aa-a8fe-5769b8e23914" /><TestMethod codeBase="C:\Users\dt-impact\ftsubs\mstest\kevin-montrose_Jil-8a5af0f\JilTests\bin\Debug\net452\JilTests.dll" adapterTypeName="executor://xunit/VsTestRunner2/desktop_and_uap" className="JilTests.DeserializeDynamicTests" name="JilTests.DeserializeDynamicTests.Issue117(input: &quot;-12.&quot;, expectedError: &quot;Expected digit&quot;)" /></UnitTest><UnitTest name="JilTests.DeserializeTests.ISO8601TimeSpan" storage="c:\users\dt-impact\ftsubs\mstest\kevin-montrose_jil-8a5af0f\jiltests\bin\debug\net452\jiltests.dll" id="809c29bc-86d6-4f70-8617-f16c60073fc9"><Execution id="98918491-a936-4ac6-baf2-36b28e39879f" /><TestMethod codeBase="C:\Users\dt-impact\ftsubs\mstest\kevin-montrose_Jil-8a5af0f\JilTests\bin\Debug\net452\JilTests.dll" adapterTypeName="executor://xunit/VsTestRunner2/desktop_and_uap" className="JilTests.DeserializeTests" name="JilTests.DeserializeTests.ISO8601TimeSpan" /></UnitTest><UnitTest name="JilTests.DeserializeTests.Enums" storage="c:\users\dt-impact\ftsubs\mstest\kevin-montrose_jil-8a5af0f\jiltests\bin\debug\net452\jiltests.dll" id="341163c2-9424-4fe6-bd17-1f15fc218708"><Execution id="92a793d0-2900-4724-a5a2-7f9ff06241ee" /><TestMethod codeBase="C:\Users\dt-impact\ftsubs\mstest\kevin-montrose_Jil-8a5af0f\JilTests\bin\Debug\net452\JilTests.dll" adapterTypeName="executor://xunit/VsTestRunner2/desktop_and_uap" className="JilTests.DeserializeTests" name="JilTests.DeserializeTests.Enums" /></UnitTest><UnitTest name="JilTests.DeserializeTests.EarlyStreamEnds" storage="c:\users\dt-impact\ftsubs\mstest\kevin-montrose_jil-8a5af0f\jiltests\bin\debug\net452\jiltests.dll" id="c1cf7f66-c743-4ead-a42e-fd5768850e2c"><Execution id="e858238a-d846-4bfb-8113-70cc82f4ce56" /><TestMethod codeBase="C:\Users\dt-impact\ftsubs\mstest\kevin-montrose_Jil-8a5af0f\JilTests\bin\Debug\net452\JilTests.dll" adapterTypeName="executor://xunit/VsTestRunner2/desktop_and_uap" className="JilTests.DeserializeTests" name="JilTests.DeserializeTests.EarlyStreamEnds" /></UnitTest><UnitTest name="JilTests.SerializeTests.Issue150" storage="c:\users\dt-impact\ftsubs\mstest\kevin-montrose_jil-8a5af0f\jiltests\bin\debug\net452\jiltests.dll" id="cb577a3c-30b5-45c8-93d4-43cc49fa765b"><Execution id="ee504350-50b3-40f1-a678-84d664d47a93" /><TestMethod codeBase="C:\Users\dt-impact\ftsubs\mstest\kevin-montrose_Jil-8a5af0f\JilTests\bin\Debug\net452\JilTests.dll" adapterTypeName="executor://xunit/VsTestRunner2/desktop_and_uap" className="JilTests.SerializeTests" name="JilTests.SerializeTests.Issue150" /></UnitTest><UnitTest name="JilTests.BadlySpecifiedTypeTests.SerializeString" storage="c:\users\dt-impact\ftsubs\mstest\kevin-montrose_jil-8a5af0f\jiltests\bin\debug\net452\jiltests.dll" id="9edf416f-f9ee-4255-b6b3-56ff174d9789"><Execution id="bf10833b-6c05-4d90-806b-1ed443a4a9d5" /><TestMethod codeBase="C:\Users\dt-impact\ftsubs\mstest\kevin-montrose_Jil-8a5af0f\JilTests\bin\Debug\net452\JilTests.dll" adapterTypeName="executor://xunit/VsTestRunner2/desktop_and_uap" className="JilTests.BadlySpecifiedTypeTests" name="JilTests.BadlySpecifiedTypeTests.SerializeString" /></UnitTest></TestDefinitions><TestEntries><TestEntry testId="1b56f294-822a-4f0e-832b-cddc14259392" executionId="6f60a398-982d-49d3-bcde-cfe770b21e5a" testListId="8c84fa94-04c1-424b-9868-57a2d4851a1d" /><TestEntry testId="9ebbf5d4-9eab-41bc-a951-30866019f243" executionId="a178de59-63ed-429f-a8dc-9cf366664c5f" testListId="8c84fa94-04c1-424b-9868-57a2d4851a1d" /><TestEntry testId="1da47d44-de3c-4d95-bed1-383fb294bde6" executionId="70aadaac-a7c9-48ff-a558-163043790120" testListId="8c84fa94-04c1-424b-9868-57a2d4851a1d" /><TestEntry testId="eda3c037-ff1e-4aa3-8eab-b78f7e87cbd9" executionId="457dbd64-f2f4-4f1d-90a8-39d469cf86ba" testListId="8c84fa94-04c1-424b-9868-57a2d4851a1d" /><TestEntry testId="98183d19-ce01-496d-af1a-de16b6a15061" executionId="7d3b6a27-1afe-4749-95df-4f219b2cd3eb" testListId="8c84fa94-04c1-424b-9868-57a2d4851a1d" /><TestEntry testId="c52bb509-14b9-483f-8c27-8253dac045d8" executionId="6221084b-6bc1-4d8b-8a97-d81eb8bc55ad" testListId="8c84fa94-04c1-424b-9868-57a2d4851a1d" /><TestEntry testId="71d71d78-5c4b-4df2-87e7-ad03b838d38b" executionId="eeaf49b8-9224-469d-82fb-e6e8a1dcd8e2" testListId="8c84fa94-04c1-424b-9868-57a2d4851a1d" /><TestEntry testId="c3043f89-e65c-4813-a75e-d0c112d4843a" executionId="f4ecff97-fc6a-48fc-b5b5-069b4c6ecb10" testListId="8c84fa94-04c1-424b-9868-57a2d4851a1d" /><TestEntry testId="4b27e4e6-a7ee-4d03-8254-1d5d0cf1cc30" executionId="62937dd7-519e-4f29-961d-419dec648e3d" testListId="8c84fa94-04c1-424b-9868-57a2d4851a1d" /><TestEntry testId="4a4ddc9a-401b-4a7b-9dad-6311a315f512" executionId="c9798b6e-27f6-4a8a-9b99-e2a755410571" testListId="8c84fa94-04c1-424b-9868-57a2d4851a1d" /><TestEntry testId="99fa18bf-9ab7-4ca1-b213-decf676b1e80" executionId="419fc402-549b-46ca-a71d-46663e0e4f79" testListId="8c84fa94-04c1-424b-9868-57a2d4851a1d" /><TestEntry testId="38cbf0c7-2885-4340-afd1-147294fa94d0" executionId="33186651-4e5c-46b0-ae21-abe350d5e7d0" testListId="8c84fa94-04c1-424b-9868-57a2d4851a1d" /><TestEntry testId="9edf416f-f9ee-4255-b6b3-56ff174d9789" executionId="bf10833b-6c05-4d90-806b-1ed443a4a9d5" testListId="8c84fa94-04c1-424b-9868-57a2d4851a1d" /><TestEntry testId="e6726369-1933-4f31-a729-4473d9cb7e5d" executionId="b33cb428-0de8-4a2b-8e8c-437ed16af605" testListId="8c84fa94-04c1-424b-9868-57a2d4851a1d" /><TestEntry testId="9ba836be-2248-428b-8ede-61a28dd1e6c8" executionId="b9bf7033-2f06-4542-a5a7-99a223e59df9" testListId="8c84fa94-04c1-424b-9868-57a2d4851a1d" /><TestEntry testId="f71608a9-aca8-432f-bfd4-07ebf3842a83" executionId="569c17c4-016f-42c9-a509-e07e88e68979" testListId="8c84fa94-04c1-424b-9868-57a2d4851a1d" /><TestEntry testId="beb85d9d-92d1-4d73-84d8-24d4cb7bcfc7" executionId="7c7a429d-55c7-4750-a604-12c83be65be5" testListId="8c84fa94-04c1-424b-9868-57a2d4851a1d" /><TestEntry testId="daa61c03-e7a0-431f-b434-3aa8c18c85ea" executionId="e7494bcc-2f1e-4671-b1fa-8789a9161117" testListId="8c84fa94-04c1-424b-9868-57a2d4851a1d" /><TestEntry testId="3bdf2ced-184b-45ff-868b-f6e0d61db6e7" executionId="7f01032b-f32b-4e9a-ab2d-e3a560855806" testListId="8c84fa94-04c1-424b-9868-57a2d4851a1d" /><TestEntry testId="c22c1d30-5596-4940-8e19-447fbe5098e3" executionId="cd419bb7-2864-49a0-80d9-dbf83a193b2e" testListId="8c84fa94-04c1-424b-9868-57a2d4851a1d" /><TestEntry testId="95398eea-45ad-4980-84be-951c6b852c80" executionId="7d9e5251-8a32-4ee8-b405-754379d48605" testListId="8c84fa94-04c1-424b-9868-57a2d4851a1d" /><TestEntry testId="01de45ab-5475-486c-ba53-b62e08e056a0" executionId="b4ae2ec7-306e-4e29-8a44-d5295dfaed8d" testListId="8c84fa94-04c1-424b-9868-57a2d4851a1d" /><TestEntry testId="fc95f805-8f5e-47a6-83be-71fa518bb3c4" executionId="4416ef00-e843-4273-b127-69744ba490bb" testListId="8c84fa94-04c1-424b-9868-57a2d4851a1d" /><TestEntry testId="6f645a14-7b39-467d-bafe-78e76814c9ad" executionId="5debc3c5-a91e-49e4-83cb-5de052ca957e" testListId="8c84fa94-04c1-424b-9868-57a2d4851a1d" /><TestEntry testId="bb4811c3-bc8f-46df-9127-3fb0a1b82215" executionId="bbe6ed8b-167f-43c5-89aa-6867232b042a" testListId="8c84fa94-04c1-424b-9868-57a2d4851a1d" /><TestEntry testId="2943ecb8-6f3a-48aa-9d80-f16ad2bb36af" executionId="4fa8801e-7ac6-47c2-98b1-d3ac26308a96" testListId="8c84fa94-04c1-424b-9868-57a2d4851a1d" /><TestEntry testId="e4b85f62-2d08-4b52-bb73-7eae02f93e36" executionId="4d0b4478-f818-42e5-b7ee-410029668cc1" testListId="8c84fa94-04c1-424b-9868-57a2d4851a1d" /><TestEntry testId="c53457cb-370d-47a2-8694-fcd26db89181" executionId="77b39ca0-c3f8-4979-b574-20bd3c8d9687" testListId="8c84fa94-04c1-424b-9868-57a2d4851a1d" /><TestEntry testId="b90fda5e-3a44-4ae3-8ef3-be4648f35b38" executionId="c03ee784-c51d-40d0-a9c4-92b452b02339" testListId="8c84fa94-04c1-424b-9868-57a2d4851a1d" /><TestEntry testId="f8b756c3-0041-4479-8702-c84f0df6c53c" executionId="d2112fab-d66d-44d8-9ef1-8eddc98ab835" testListId="8c84fa94-04c1-424b-9868-57a2d4851a1d" /><TestEntry testId="7171fc35-b1ed-46d9-8fd2-a67dc7d91e43" executionId="2d771be2-20b0-4983-b8f7-5896bb44675b" testListId="8c84fa94-04c1-424b-9868-57a2d4851a1d" /><TestEntry testId="2c90a0c9-a755-4249-aec3-4dbea0cf6ba3" executionId="564d84e0-052d-4540-ab9d-11c8e65d77ba" testListId="8c84fa94-04c1-424b-9868-57a2d4851a1d" /><TestEntry testId="dc54c187-9083-4046-a4ff-c077c0a76bb9" executionId="d7e65a10-8b21-467d-b474-848f66cf26ae" testListId="8c84fa94-04c1-424b-9868-57a2d4851a1d" /><TestEntry testId="6c23bd29-ec4c-488c-9e28-e346489dfe5d" executionId="fc1d9297-9aa3-49cd-815f-c5b458f43182" testListId="8c84fa94-04c1-424b-9868-57a2d4851a1d" /><TestEntry testId="ec39b888-7856-4bf4-bfe1-b72a066d2261" executionId="f517938f-a9ff-4d63-8150-2cca9763559a" testListId="8c84fa94-04c1-424b-9868-57a2d4851a1d" /><TestEntry testId="b7f3a25b-72c7-4c99-9453-896215c93c3b" executionId="53880b22-b35f-4598-b7c3-333fe51a35c6" testListId="8c84fa94-04c1-424b-9868-57a2d4851a1d" /><TestEntry testId="0416cbfd-5778-4921-be89-bd93c2c5c352" executionId="bf2a8f06-8ac0-490b-a8e3-5719bc821da9" testListId="8c84fa94-04c1-424b-9868-57a2d4851a1d" /><TestEntry testId="e41a68bb-15af-4a69-b38f-4851322783bf" executionId="943db82e-fbd4-4645-8260-8163748f2c30" testListId="8c84fa94-04c1-424b-9868-57a2d4851a1d" /><TestEntry testId="4675155d-471c-47c9-8475-b564a46cca00" executionId="5b3da416-6dc3-45ef-922f-2caeb6f30096" testListId="8c84fa94-04c1-424b-9868-57a2d4851a1d" /><TestEntry testId="18f68709-c2b6-44d0-87c1-8a7aae8f1731" executionId="b91c8851-efa8-457a-b70e-b1f267687d14" testListId="8c84fa94-04c1-424b-9868-57a2d4851a1d" /><TestEntry testId="310dbafd-301c-4421-8d77-44655387d4d9" executionId="a9a78772-70ef-49ee-93a7-d90f77a2b271" testListId="8c84fa94-04c1-424b-9868-57a2d4851a1d" /><TestEntry testId="adc840be-685a-4777-a5af-391f5555783d" executionId="16a02ffd-6808-4780-a77d-edb99bbf06d6" testListId="8c84fa94-04c1-424b-9868-57a2d4851a1d" /><TestEntry testId="abd998c2-532a-4e4b-b750-3596470098ae" executionId="9253e748-8db6-4aa3-a0fa-bb2294d0daa7" testListId="8c84fa94-04c1-424b-9868-57a2d4851a1d" /><TestEntry testId="36058d4d-45fc-4419-8bd0-12a9f57f391b" executionId="a6f9a4d0-1124-4090-932c-f1fea99d8db6" testListId="8c84fa94-04c1-424b-9868-57a2d4851a1d" /><TestEntry testId="8da7d795-a03f-4921-abdd-e2b1d9ec66a0" executionId="eb513d2d-6ec2-4ab0-959c-94eac5fe67ce" testListId="8c84fa94-04c1-424b-9868-57a2d4851a1d" /><TestEntry testId="b5d36001-6bf6-4329-b21b-96ed3aa590ae" executionId="afb7190f-5ce2-4d42-9949-fbebe08bc1b9" testListId="8c84fa94-04c1-424b-9868-57a2d4851a1d" /><TestEntry testId="bd1c6b68-15be-4e7a-9e5e-70fd73b173bf" executionId="670eeeb7-bdd7-4e2b-b95b-ec27208d4b97" testListId="8c84fa94-04c1-424b-9868-57a2d4851a1d" /><TestEntry testId="f2402b2a-62a1-483e-a5b1-72fcbd57834c" executionId="a927a250-e75b-4c19-8d61-fb1767e8affe" testListId="8c84fa94-04c1-424b-9868-57a2d4851a1d" /><TestEntry testId="e0d9189d-54ee-492b-afc3-1a7977e63d08" executionId="df87fa77-0fb4-4db4-bf58-f95ae2487319" testListId="8c84fa94-04c1-424b-9868-57a2d4851a1d" /><TestEntry testId="c7c247de-678e-4e56-b7c0-b9bc0b1cb99c" executionId="52bc28c0-09a8-4191-85c7-7ad27c48403e" testListId="8c84fa94-04c1-424b-9868-57a2d4851a1d" /><TestEntry testId="35a34e8a-6925-49b2-836d-4a69fb8af639" executionId="84662a6a-28b2-4982-93d9-3d4a903ee7a4" testListId="8c84fa94-04c1-424b-9868-57a2d4851a1d" /><TestEntry testId="a65d50f0-6147-419e-89ef-95bba6ec859b" executionId="0fd714a7-12ca-4bd4-80c5-d0639f342c8a" testListId="8c84fa94-04c1-424b-9868-57a2d4851a1d" /><TestEntry testId="e93c3424-4c70-4694-8494-92feb0a69331" executionId="aef2215a-61b4-4fc7-89ba-7d3d0beceaed" testListId="8c84fa94-04c1-424b-9868-57a2d4851a1d" /><TestEntry testId="44133293-6f9b-4853-a835-eedaf8641cfa" executionId="79deeae9-a925-4efd-a186-7c73d8b94268" testListId="8c84fa94-04c1-424b-9868-57a2d4851a1d" /><TestEntry testId="f04d95fa-6576-4414-be3b-36f4f7afce03" executionId="9ccb8b4e-29c6-43a7-a4d6-36a990541bb0" testListId="8c84fa94-04c1-424b-9868-57a2d4851a1d" /><TestEntry testId="9cc7e44f-4a52-4823-a39d-a33a45628b96" executionId="781d7ce4-7c9f-424a-b186-7ce2aa9db101" testListId="8c84fa94-04c1-424b-9868-57a2d4851a1d" /><TestEntry testId="35bb7384-6e4b-46f9-ae3b-d38f2d72d929" executionId="90819d75-d94c-4f3f-b77b-211fe467ed3d" testListId="8c84fa94-04c1-424b-9868-57a2d4851a1d" /><TestEntry testId="e63cefc1-a683-4a1e-9037-e47d8e764867" executionId="1ff7c23b-6bd2-47f1-a10a-c341b920d63c" testListId="8c84fa94-04c1-424b-9868-57a2d4851a1d" /><TestEntry testId="cd0aaf3c-ae48-4ca1-8652-56ad98edd268" executionId="5eeec8ec-6cf0-4e2c-bce1-64cabec535d2" testListId="8c84fa94-04c1-424b-9868-57a2d4851a1d" /><TestEntry testId="341163c2-9424-4fe6-bd17-1f15fc218708" executionId="92a793d0-2900-4724-a5a2-7f9ff06241ee" testListId="8c84fa94-04c1-424b-9868-57a2d4851a1d" /><TestEntry testId="d4ed1629-072d-4a3b-b256-d5fab80a88b6" executionId="9ceb9def-bfe5-4794-91c6-3ba6343ef1f8" testListId="8c84fa94-04c1-424b-9868-57a2d4851a1d" /><TestEntry testId="649c9d59-9041-421b-8b84-705107f05a9d" executionId="ddc6c07f-4f2f-43db-b8c6-ce51c4d4c942" testListId="8c84fa94-04c1-424b-9868-57a2d4851a1d" /><TestEntry testId="aadcb02d-161a-4951-acd2-57e4b073e60b" executionId="f12e1e21-f3ca-44e1-808b-c98ae875d8fb" testListId="8c84fa94-04c1-424b-9868-57a2d4851a1d" /><TestEntry testId="9e3b1a3e-7416-4289-9446-88d1d47cad3f" executionId="e86ee934-5d98-48bb-adc4-2fdac9cb4a63" testListId="8c84fa94-04c1-424b-9868-57a2d4851a1d" /><TestEntry testId="c523aef9-d572-42f1-9654-8a808be9f1d7" executionId="684bac8b-4edb-4afb-a041-f47300d1654c" testListId="8c84fa94-04c1-424b-9868-57a2d4851a1d" /><TestEntry testId="f5092287-aa6e-4aff-bd00-93364176290c" executionId="49ec928d-ddd8-4ef2-86a3-b26cb93c50cc" testListId="8c84fa94-04c1-424b-9868-57a2d4851a1d" /><TestEntry testId="9a85ac97-d454-43a5-b4aa-8cb6680d958d" executionId="76fcd63c-0fd4-4548-a178-4fc91b46b3f2" testListId="8c84fa94-04c1-424b-9868-57a2d4851a1d" /><TestEntry testId="91c6bd3b-5dbf-4212-ac19-e461f40f6c4a" executionId="e1908c11-8dd2-4cce-9426-50b807a50311" testListId="8c84fa94-04c1-424b-9868-57a2d4851a1d" /><TestEntry testId="dda95192-077f-4185-882d-2aea6eb77a58" executionId="010b13f1-fe96-44f8-aa5a-1c42864e7f2b" testListId="8c84fa94-04c1-424b-9868-57a2d4851a1d" /><TestEntry testId="1dc42193-2614-4cc3-8e85-47857b552cc0" executionId="5294b2a9-4b00-47cc-b051-19e217b889df" testListId="8c84fa94-04c1-424b-9868-57a2d4851a1d" /><TestEntry testId="0507bd9b-8c35-4eb6-9128-01eabe356925" executionId="8c014dc9-4fa7-4faa-a415-1e16327ecad8" testListId="8c84fa94-04c1-424b-9868-57a2d4851a1d" /><TestEntry testId="30e47775-1683-4fe5-ae0c-611166c2022a" executionId="4ad78d3e-713a-48aa-88f6-993795d9f644" testListId="8c84fa94-04c1-424b-9868-57a2d4851a1d" /><TestEntry testId="76455f61-6052-4ab0-9df3-d43adc771dc8" executionId="d16675dd-e861-4d04-a17f-caa872387556" testListId="8c84fa94-04c1-424b-9868-57a2d4851a1d" /><TestEntry testId="8f356afd-fbaf-4e5e-aa86-97f96f170883" executionId="a1b2109d-2bd3-433b-90c5-8ae870e88def" testListId="8c84fa94-04c1-424b-9868-57a2d4851a1d" /><TestEntry testId="55d500d0-0584-4acf-8b79-70a8b40a7fdd" executionId="a21e2255-6d90-4e2d-8363-e6ceacec1026" testListId="8c84fa94-04c1-424b-9868-57a2d4851a1d" /><TestEntry testId="4fc7adb1-0ff4-4d37-91e1-dd531896f6d7" executionId="c0a31d5a-63fa-41f8-820f-bc5cb2478660" testListId="8c84fa94-04c1-424b-9868-57a2d4851a1d" /><TestEntry testId="e4382f3d-1968-46fc-a13c-93748d400f43" executionId="56d34e00-c951-4dd8-8775-cab0d91e4ba1" testListId="8c84fa94-04c1-424b-9868-57a2d4851a1d" /><TestEntry testId="03e07e8b-90df-48b7-a023-baaaf4f995e2" executionId="50f6a757-7071-4321-b42d-459157040c4f" testListId="8c84fa94-04c1-424b-9868-57a2d4851a1d" /><TestEntry testId="85fa87ec-7fe3-412d-a91d-c4e9d0bf52a7" executionId="dac597c5-4c81-439b-8daa-a1e41c974464" testListId="8c84fa94-04c1-424b-9868-57a2d4851a1d" /><TestEntry testId="9ac4e5ea-a628-42c5-a3bb-307c6e5b3466" executionId="89c912d2-e68e-489e-ac7f-11d20f4c47e3" testListId="8c84fa94-04c1-424b-9868-57a2d4851a1d" /><TestEntry testId="49c3eef5-ab8c-4864-813d-6851c1512570" executionId="67b6fd0e-504c-4b1b-97e5-2afd1634d897" testListId="8c84fa94-04c1-424b-9868-57a2d4851a1d" /><TestEntry testId="8b9fb536-25c8-4c25-a7b0-cc6caebafb7d" executionId="1ddba338-3b91-423f-8e12-6484e8e6107f" testListId="8c84fa94-04c1-424b-9868-57a2d4851a1d" /><TestEntry testId="d0afadad-0086-48de-b027-321e983bee9e" executionId="fa5e662e-2aca-4502-938a-731271067488" testListId="8c84fa94-04c1-424b-9868-57a2d4851a1d" /><TestEntry testId="01a5383c-3eee-4434-98b9-080cb6ebff84" executionId="363e7c8c-8d86-4e57-8c36-4327790a6450" testListId="8c84fa94-04c1-424b-9868-57a2d4851a1d" /><TestEntry testId="010fccfe-efbf-4132-94dc-79fecd79f4f2" executionId="e4f97464-34bd-450c-89ec-a59b70ddb170" testListId="8c84fa94-04c1-424b-9868-57a2d4851a1d" /><TestEntry testId="08d8aaec-6574-46dd-a586-2ba5d13e19d7" executionId="fa50425b-0443-4e52-aab8-daff76a8819a" testListId="8c84fa94-04c1-424b-9868-57a2d4851a1d" /><TestEntry testId="d1272dec-b767-4e7f-814a-aa19e0951ebc" executionId="623c7e2a-ff29-49fd-b564-5e2639f7d44b" testListId="8c84fa94-04c1-424b-9868-57a2d4851a1d" /><TestEntry testId="15eb2f15-dad2-46b1-b9df-dd20a06c40b5" executionId="943ac81c-1f7c-4ff9-8205-6c212e65f84a" testListId="8c84fa94-04c1-424b-9868-57a2d4851a1d" /><TestEntry testId="f12ee795-b256-40c5-bad8-37879ee99e22" executionId="3dff29bc-4bf3-461b-9036-563ba6b55190" testListId="8c84fa94-04c1-424b-9868-57a2d4851a1d" /><TestEntry testId="c975dbab-fdf0-4d0b-9b76-6905213193f9" executionId="bf6e8131-55ac-4a28-af56-a9b107dd4aeb" testListId="8c84fa94-04c1-424b-9868-57a2d4851a1d" /><TestEntry testId="adedf090-4aa6-496e-be01-4680b8cb7684" executionId="1a974f4e-de38-49b6-8a2b-e2f457646ebe" testListId="8c84fa94-04c1-424b-9868-57a2d4851a1d" /><TestEntry testId="1eaa6b55-0b20-4809-b29a-2872362c434d" executionId="d73d191b-ca1f-4e44-a4a8-c74bbb608c6a" testListId="8c84fa94-04c1-424b-9868-57a2d4851a1d" /><TestEntry testId="9bf2119f-b4b0-4bee-a646-3f2dc8b0b2ba" executionId="1fc5ede1-38f2-4941-908d-c15bd8a7b9b5" testListId="8c84fa94-04c1-424b-9868-57a2d4851a1d" /><TestEntry testId="c9c3278d-90d7-46c5-8726-7450844ef1dd" executionId="419885ca-a038-497e-852a-2d6dab8f2ee9" testListId="8c84fa94-04c1-424b-9868-57a2d4851a1d" /><TestEntry testId="ac89447c-8d41-46b5-85a7-24935e779729" executionId="2855f9ab-dc00-476e-9d23-cb5b6379e5a2" testListId="8c84fa94-04c1-424b-9868-57a2d4851a1d" /><TestEntry testId="0b3718e6-f086-4d63-902c-38d1c3447693" executionId="d5808412-755e-4683-9023-5e4504838622" testListId="8c84fa94-04c1-424b-9868-57a2d4851a1d" /><TestEntry testId="cb7594aa-c441-45cf-ad4d-a602c21f2bbd" executionId="82b87f25-ea77-459a-9439-eb4cfcd472b9" testListId="8c84fa94-04c1-424b-9868-57a2d4851a1d" /><TestEntry testId="4591c13f-7b44-4f1f-bcb9-4a937e74768e" executionId="bd6c64ce-b5ab-4cdb-9182-cab7eab92116" testListId="8c84fa94-04c1-424b-9868-57a2d4851a1d" /><TestEntry testId="7ba96ed4-7fbf-4598-b077-cfc1ce719edd" executionId="4995f417-e962-4d91-af82-a96f4b0ce14c" testListId="8c84fa94-04c1-424b-9868-57a2d4851a1d" /><TestEntry testId="0d8b4136-cef3-4965-b928-9b68d1c4e4de" executionId="1a6bce33-afac-465b-82d9-635da84f9bc9" testListId="8c84fa94-04c1-424b-9868-57a2d4851a1d" /><TestEntry testId="cdb1a25b-bf51-4c78-9cef-cbd36914eba9" executionId="695de284-a544-454c-862c-da35f41c2d98" testListId="8c84fa94-04c1-424b-9868-57a2d4851a1d" /><TestEntry testId="c1d7985f-c487-4392-ab7d-98e7b39da12b" executionId="b069fcb1-370e-4066-a5f1-e51410afb1d1" testListId="8c84fa94-04c1-424b-9868-57a2d4851a1d" /><TestEntry testId="787e2a1c-615e-4904-8e5e-8b2dddc7cefa" executionId="3a638105-226b-4045-b1bf-ea1c975096a7" testListId="8c84fa94-04c1-424b-9868-57a2d4851a1d" /><TestEntry testId="020978c8-5296-4705-b535-239287358b94" executionId="ad53a3f2-79ab-4b80-96b2-26d2179226f3" testListId="8c84fa94-04c1-424b-9868-57a2d4851a1d" /><TestEntry testId="5e470124-9e9d-4254-b0b9-0803fdbc78b0" executionId="ff08d690-dd70-4192-b91c-40da844e4606" testListId="8c84fa94-04c1-424b-9868-57a2d4851a1d" /><TestEntry testId="d509802e-f74d-4c7e-be97-e69c388b94fd" executionId="8df75d8b-ef8c-45af-8fc5-265e46dec259" testListId="8c84fa94-04c1-424b-9868-57a2d4851a1d" /><TestEntry testId="b8bcd7df-9b38-4f0f-91ee-f7b0415dc46f" executionId="5b99a90c-f268-4cff-8b5f-47af81244e78" testListId="8c84fa94-04c1-424b-9868-57a2d4851a1d" /><TestEntry testId="809c29bc-86d6-4f70-8617-f16c60073fc9" executionId="98918491-a936-4ac6-baf2-36b28e39879f" testListId="8c84fa94-04c1-424b-9868-57a2d4851a1d" /><TestEntry testId="9c8f1364-5a54-4831-b937-e0a86ea747e6" executionId="5aaeea04-5b36-43ec-8e0d-524a6574ba94" testListId="8c84fa94-04c1-424b-9868-57a2d4851a1d" /><TestEntry testId="30c895b0-7ec0-4d18-9710-9f059f39c48e" executionId="c3c0ab05-f3d9-4bc6-a497-949aad0da41d" testListId="8c84fa94-04c1-424b-9868-57a2d4851a1d" /><TestEntry testId="306de263-7b5d-45d6-a764-651d98b0e21b" executionId="c4a19b80-0f4a-4241-a1d7-91874721b700" testListId="8c84fa94-04c1-424b-9868-57a2d4851a1d" /><TestEntry testId="e3030deb-28a0-4929-a71b-c5fbf78bd1a2" executionId="26d79215-5c19-4e25-9acf-3103a0d21aab" testListId="8c84fa94-04c1-424b-9868-57a2d4851a1d" /><TestEntry testId="a811534c-73de-4f35-8222-1003987b2e83" executionId="c65d739f-6977-47f9-bcf8-7ae3f02b2b00" testListId="8c84fa94-04c1-424b-9868-57a2d4851a1d" /><TestEntry testId="33673a82-e060-49df-bf93-d1bebfbcbe0e" executionId="57d83e24-2d53-47d1-b114-b11962d067ca" testListId="8c84fa94-04c1-424b-9868-57a2d4851a1d" /><TestEntry testId="db91498c-0571-4d5a-9a77-22cf7e47924a" executionId="393e9e2a-995d-45e8-9253-8a37b649bca3" testListId="8c84fa94-04c1-424b-9868-57a2d4851a1d" /><TestEntry testId="22d994de-b4e4-4a6b-8f4c-070ec09f6fbf" executionId="230dee0d-0067-48bd-9c79-3f457e0266fd" testListId="8c84fa94-04c1-424b-9868-57a2d4851a1d" /><TestEntry testId="1b3bb75a-2c64-4b45-a932-7d3d54e822b8" executionId="e5ece804-c866-49f6-82c9-99e11d6252a6" testListId="8c84fa94-04c1-424b-9868-57a2d4851a1d" /><TestEntry testId="04a7343a-7965-428a-866a-f540fbfb3ceb" executionId="ebd24733-f45f-43cc-afbc-33cf86eea302" testListId="8c84fa94-04c1-424b-9868-57a2d4851a1d" /><TestEntry testId="a97f9d45-df19-4407-a3fb-8bc8d534c8a9" executionId="ffa9b964-6e32-489a-b412-d6bf8fc5340d" testListId="8c84fa94-04c1-424b-9868-57a2d4851a1d" /><TestEntry testId="894ef06f-3d70-4e75-a441-26cf500959ba" executionId="b6250ddc-b3af-4866-bd37-5145450e2d2a" testListId="8c84fa94-04c1-424b-9868-57a2d4851a1d" /><TestEntry testId="d4bb521d-cd5f-4c44-8296-bfddd54f289b" executionId="2cbe3909-1a8b-4db5-b3ab-1724d04c81c7" testListId="8c84fa94-04c1-424b-9868-57a2d4851a1d" /><TestEntry testId="579b8d9c-f915-4b02-bf27-87dcd9df84da" executionId="57ae8808-7b33-4dcc-ae30-3810c4fef607" testListId="8c84fa94-04c1-424b-9868-57a2d4851a1d" /><TestEntry testId="9cb2c334-9570-49f1-8623-000aacde9fb6" executionId="dfec8f7f-e0c1-45f4-8a26-0a96cdf31388" testListId="8c84fa94-04c1-424b-9868-57a2d4851a1d" /><TestEntry testId="1408c6be-1a42-4f42-ae68-d9a30a0a45b3" executionId="8538cd89-cf4e-485a-a475-eb880e863425" testListId="8c84fa94-04c1-424b-9868-57a2d4851a1d" /><TestEntry testId="486e56e2-6c76-46b5-924a-2253a29e7922" executionId="17b64008-f784-4d9b-9742-391f9234e587" testListId="8c84fa94-04c1-424b-9868-57a2d4851a1d" /><TestEntry testId="23d01d45-495b-40b1-937b-23a7cbf69ede" executionId="7149fc6b-568b-475a-9406-5c93930fd0cd" testListId="8c84fa94-04c1-424b-9868-57a2d4851a1d" /><TestEntry testId="0498b8e1-bf7d-48c5-95c8-3307ad834703" executionId="0ec5d3a4-76a6-4f6c-a939-a6c1fc65673d" testListId="8c84fa94-04c1-424b-9868-57a2d4851a1d" /><TestEntry testId="b1c76588-b104-4419-9cc0-a35fc211ef93" executionId="6f34d202-a77b-49e4-9181-79c359a9ce48" testListId="8c84fa94-04c1-424b-9868-57a2d4851a1d" /><TestEntry testId="9aa5b35c-6886-4526-a556-dc25a831d601" executionId="a29ae670-373a-4755-97a7-2a7b16941965" testListId="8c84fa94-04c1-424b-9868-57a2d4851a1d" /><TestEntry testId="051a3b79-42fb-4d85-aebb-75a1b53bad49" executionId="fea95be4-1114-4ffa-90b3-8c11bb9659d0" testListId="8c84fa94-04c1-424b-9868-57a2d4851a1d" /><TestEntry testId="62732be3-c07f-4916-9992-619ed1002dfa" executionId="1885d9fa-e41c-4189-bd92-a90049927f79" testListId="8c84fa94-04c1-424b-9868-57a2d4851a1d" /><TestEntry testId="1b9d7009-d1fa-404e-86e6-cc25db31791a" executionId="aeded50d-b5a2-428e-bf36-83bb365f3c9c" testListId="8c84fa94-04c1-424b-9868-57a2d4851a1d" /><TestEntry testId="5262aeaf-19d6-4101-98a0-eb7e1c7c470b" executionId="ea694fdf-a059-4105-aada-416c5402d2a7" testListId="8c84fa94-04c1-424b-9868-57a2d4851a1d" /><TestEntry testId="48a70233-5526-4a56-a3a0-eff836d2ff76" executionId="547d55f6-08f3-4331-8591-1f3e88963cb9" testListId="8c84fa94-04c1-424b-9868-57a2d4851a1d" /><TestEntry testId="079ae050-1461-45d8-b9ec-c8c7e207fdb0" executionId="04891568-6d69-47a2-9955-56372bc4430a" testListId="8c84fa94-04c1-424b-9868-57a2d4851a1d" /><TestEntry testId="8f05199b-2c9b-426f-b36a-4425182edfe2" executionId="0a73f533-4f21-44d7-8028-b80fb942dd78" testListId="8c84fa94-04c1-424b-9868-57a2d4851a1d" /><TestEntry testId="0f737063-8060-4f6e-9ece-56bdb960f763" executionId="1bfde843-c4b3-4cf8-a89e-29df44bbfd83" testListId="8c84fa94-04c1-424b-9868-57a2d4851a1d" /><TestEntry testId="db6eb2ba-6fd9-4fa1-9439-f837f4ec5960" executionId="310df0c1-a63e-4871-92e2-1259561ff335" testListId="8c84fa94-04c1-424b-9868-57a2d4851a1d" /><TestEntry testId="89585435-beff-43dc-89b7-5be12862ec5d" executionId="d0b90247-b9ec-4d5e-aa0e-87344d8550bd" testListId="8c84fa94-04c1-424b-9868-57a2d4851a1d" /><TestEntry testId="b01404d8-13f5-49b2-a9a1-aa84b01ffef4" executionId="fae57850-af6b-4858-8007-6e28a4f22cb9" testListId="8c84fa94-04c1-424b-9868-57a2d4851a1d" /><TestEntry testId="0eb9a8b1-d882-4c93-87e3-5fb778b0542a" executionId="f312b9b5-6cfc-47fb-a650-f39e2e4b3764" testListId="8c84fa94-04c1-424b-9868-57a2d4851a1d" /><TestEntry testId="27451bb8-34ce-446a-b32d-703aa9a8e5c6" executionId="8bb3134d-caba-45eb-8068-c6caf8a7e3a4" testListId="8c84fa94-04c1-424b-9868-57a2d4851a1d" /><TestEntry testId="5ac0a149-010f-45e3-8054-846d65e7d354" executionId="eea57a50-bd55-46bf-b494-761240e166de" testListId="8c84fa94-04c1-424b-9868-57a2d4851a1d" /><TestEntry testId="64188993-9519-4d5c-b973-007a4a586270" executionId="19de1e13-7599-4b72-818b-a83caf370770" testListId="8c84fa94-04c1-424b-9868-57a2d4851a1d" /><TestEntry testId="155ef0f9-d1e3-4bcf-8750-07923196a4b2" executionId="123f2ef9-6180-418e-ad4f-b5eb2d2404ba" testListId="8c84fa94-04c1-424b-9868-57a2d4851a1d" /><TestEntry testId="96f4f8cd-51c5-4d3b-bd3f-293ef71bf519" executionId="c0ce46b8-b1fb-4e26-af01-6858387b2fb0" testListId="8c84fa94-04c1-424b-9868-57a2d4851a1d" /><TestEntry testId="2982bad6-0e58-4345-85ff-6def605e9579" executionId="ef28d18b-272f-4918-8bee-f8b08496c6fc" testListId="8c84fa94-04c1-424b-9868-57a2d4851a1d" /><TestEntry testId="091f3076-3611-405c-b616-7140bc93d8a2" executionId="d827ebf7-cc80-486d-ae1d-26e8eaab8422" testListId="8c84fa94-04c1-424b-9868-57a2d4851a1d" /><TestEntry testId="3382b140-5510-4eb7-b623-8203f0a7ff53" executionId="3d651695-0051-4422-8754-ac2fff844cf3" testListId="8c84fa94-04c1-424b-9868-57a2d4851a1d" /><TestEntry testId="d2d1ed25-dde4-489b-8def-ddc7fa6d6208" executionId="14260f6b-7a79-4a11-b94d-cabd81f183fa" testListId="8c84fa94-04c1-424b-9868-57a2d4851a1d" /><TestEntry testId="1a575eed-1306-4584-91b7-9239e30a8cab" executionId="84784ed2-e10e-4d18-85f0-af5e8abbe429" testListId="8c84fa94-04c1-424b-9868-57a2d4851a1d" /><TestEntry testId="907b22bc-0923-4ba5-bd5a-6d168e4083bd" executionId="861bb2de-1944-4f1b-864b-16152693e989" testListId="8c84fa94-04c1-424b-9868-57a2d4851a1d" /><TestEntry testId="b444ad35-1b23-4a75-a0bf-1ae998dae0a1" executionId="78a99aae-c9e4-4a98-b0be-32fce30a97ed" testListId="8c84fa94-04c1-424b-9868-57a2d4851a1d" /><TestEntry testId="374aa3f8-1eb1-4295-b950-9cb938c10483" executionId="f294e43e-bba4-485c-8644-a95616891b0a" testListId="8c84fa94-04c1-424b-9868-57a2d4851a1d" /><TestEntry testId="bcb63893-829a-4809-ae74-5f69c9bd0291" executionId="0425e791-b07b-4165-925b-2d30975684db" testListId="8c84fa94-04c1-424b-9868-57a2d4851a1d" /><TestEntry testId="e04d3b28-0796-4b15-a8c9-4ce06662f04b" executionId="4b974b69-d516-429c-a5f5-ea6a052d6e26" testListId="8c84fa94-04c1-424b-9868-57a2d4851a1d" /><TestEntry testId="a080ac8e-4a0c-4104-8a98-29c2766701ee" executionId="5fad72fb-5326-40d2-972e-cf3d002e091f" testListId="8c84fa94-04c1-424b-9868-57a2d4851a1d" /><TestEntry testId="b6a8f797-7248-4584-aa0e-1814dadb9a0b" executionId="385b93a6-b156-4798-9b31-87e53de4639a" testListId="8c84fa94-04c1-424b-9868-57a2d4851a1d" /><TestEntry testId="7edd6c64-8932-4dc7-aae7-5efb52501c3e" executionId="219e6223-7f6d-4c3a-9474-c98991f560c1" testListId="8c84fa94-04c1-424b-9868-57a2d4851a1d" /><TestEntry testId="c7e0c32e-41e3-4f3c-8f65-7ea25b41177a" executionId="6fa7390f-712a-49e6-9364-4728d5210aa9" testListId="8c84fa94-04c1-424b-9868-57a2d4851a1d" /><TestEntry testId="4a023631-e304-47f6-a283-d08790e3872e" executionId="36b1dc6f-f349-4b7d-89cb-9cb0ff62a50e" testListId="8c84fa94-04c1-424b-9868-57a2d4851a1d" /><TestEntry testId="b0866900-f619-4cab-b46d-fcbd71778361" executionId="c0915e67-8e13-4906-8859-46bdcda70eaf" testListId="8c84fa94-04c1-424b-9868-57a2d4851a1d" /><TestEntry testId="126f030c-45d7-46fe-91f9-13239b7ce43a" executionId="9eb7d53a-421e-4e94-9de4-715ab560c13f" testListId="8c84fa94-04c1-424b-9868-57a2d4851a1d" /><TestEntry testId="43a9e49d-a441-4bcd-8a94-17cc88439167" executionId="e8a7f196-2ede-49e0-9750-e5f5d1af2084" testListId="8c84fa94-04c1-424b-9868-57a2d4851a1d" /><TestEntry testId="4bf4d548-100d-4626-8934-a4001f8c3759" executionId="3d116b0b-bc5c-455a-9cf2-f4c6d461493e" testListId="8c84fa94-04c1-424b-9868-57a2d4851a1d" /><TestEntry testId="bfd1059e-1708-4181-9bc8-86dd29b9dca9" executionId="27d91ca4-480f-48d2-aad7-eab46c20a5ba" testListId="8c84fa94-04c1-424b-9868-57a2d4851a1d" /><TestEntry testId="71e4d95e-8f31-42db-a6cc-41120aec11b7" executionId="a7d3afc9-06e0-4a67-938a-1044e457d6b9" testListId="8c84fa94-04c1-424b-9868-57a2d4851a1d" /><TestEntry testId="32037498-3cb7-40ca-84ca-2f8d0457c4aa" executionId="d6ad056c-33a0-4055-ada9-6827d4f6e29d" testListId="8c84fa94-04c1-424b-9868-57a2d4851a1d" /><TestEntry testId="91da88e4-8720-47ea-8c3e-7231f51d7ab4" executionId="3e636616-a3b7-4624-9a81-279bd76ff93b" testListId="8c84fa94-04c1-424b-9868-57a2d4851a1d" /><TestEntry testId="a6889d45-2b82-442e-90b9-f0dc8b60fa93" executionId="da8a66ff-cda3-47be-b58b-0d91cc0d9774" testListId="8c84fa94-04c1-424b-9868-57a2d4851a1d" /><TestEntry testId="b470280f-db01-4e26-a960-2b432197ce20" executionId="3d219ba6-9655-4298-9af0-1842426cdd48" testListId="8c84fa94-04c1-424b-9868-57a2d4851a1d" /><TestEntry testId="9ace71d0-b8af-48c7-bc81-0df26d44f086" executionId="bfba1f9e-ba07-4e08-83eb-4704b3d315f7" testListId="8c84fa94-04c1-424b-9868-57a2d4851a1d" /><TestEntry testId="44d7732d-4de8-4822-ab4d-f94365401a89" executionId="d0eb93bc-de5f-4f7c-bee0-3103df38370e" testListId="8c84fa94-04c1-424b-9868-57a2d4851a1d" /><TestEntry testId="3adffbe5-e439-4943-9070-0531c9cdce32" executionId="a3ad8732-624c-48cb-b0bc-902433067848" testListId="8c84fa94-04c1-424b-9868-57a2d4851a1d" /><TestEntry testId="ce4866b5-ed18-404e-9ac8-2c56763fffd5" executionId="058d0ce9-c689-40ef-92b7-223b94aab856" testListId="8c84fa94-04c1-424b-9868-57a2d4851a1d" /><TestEntry testId="c70ca448-c9a6-45f6-9e90-256fc1875517" executionId="89eeb421-6187-4895-ac1a-ef3a1afba49d" testListId="8c84fa94-04c1-424b-9868-57a2d4851a1d" /><TestEntry testId="16cfc8bf-c182-4d9f-8718-a2b03b3de488" executionId="7f8a99a4-1469-4517-abb1-4ee27df228fc" testListId="8c84fa94-04c1-424b-9868-57a2d4851a1d" /><TestEntry testId="1104eb64-291a-4447-9f3a-76066f2632ae" executionId="393e28f5-8d25-4277-82ae-86a7b996f6fd" testListId="8c84fa94-04c1-424b-9868-57a2d4851a1d" /><TestEntry testId="fb6e0315-a795-444b-99e5-a4744224188e" executionId="31def26a-eb81-47e0-83fa-88ceb5b8ad08" testListId="8c84fa94-04c1-424b-9868-57a2d4851a1d" /><TestEntry testId="4918dd22-763e-42c7-a4d7-d05151e5b66e" executionId="35924497-8c48-43db-b6c3-c17425173de0" testListId="8c84fa94-04c1-424b-9868-57a2d4851a1d" /><TestEntry testId="12487efe-9287-4b9b-80f4-dc385b55287b" executionId="e0ae90db-cb66-486a-aace-6493bdb15136" testListId="8c84fa94-04c1-424b-9868-57a2d4851a1d" /><TestEntry testId="2a1f1804-8181-46d4-b9f5-c64b3a0e544a" executionId="ad6fd65b-d880-481f-8611-efcf73aeb988" testListId="8c84fa94-04c1-424b-9868-57a2d4851a1d" /><TestEntry testId="4e1b122e-7a19-45d2-98e0-69b295931fe2" executionId="576e2401-3dae-48ca-a68b-c66e2b4f8018" testListId="8c84fa94-04c1-424b-9868-57a2d4851a1d" /><TestEntry testId="64c453b2-8a52-4d04-8ff5-e559128c5a0a" executionId="5013398f-2f8b-41af-a2ac-aa588370799c" testListId="8c84fa94-04c1-424b-9868-57a2d4851a1d" /><TestEntry testId="d1194b3b-9a41-4a71-b7f7-99471babd7a6" executionId="efb88d89-81c2-4020-ac25-3429c46c31c6" testListId="8c84fa94-04c1-424b-9868-57a2d4851a1d" /><TestEntry testId="0c984b51-142b-4f66-8f3f-0b93da64dee8" executionId="862768d7-e410-456d-97ce-a5775f579f7e" testListId="8c84fa94-04c1-424b-9868-57a2d4851a1d" /><TestEntry testId="f2a79eee-2f23-4f80-af3f-7e8d4b41cc8b" executionId="1ae551a3-f41e-4c71-a550-22d22f293518" testListId="8c84fa94-04c1-424b-9868-57a2d4851a1d" /><TestEntry testId="04102ac2-428b-42d9-9142-d1f2e9f1c3d5" executionId="d1f48bb5-28f1-458a-a38c-b1df2f772840" testListId="8c84fa94-04c1-424b-9868-57a2d4851a1d" /><TestEntry testId="7f52e592-2cff-46dc-9939-1f967f2b4e55" executionId="984bf5f8-6704-433b-a75f-5fbc2c8fd6f4" testListId="8c84fa94-04c1-424b-9868-57a2d4851a1d" /><TestEntry testId="325f15c4-632b-487e-8301-cb9c6eb7c857" executionId="121644f8-85dd-44ca-8992-272b122ad8f6" testListId="8c84fa94-04c1-424b-9868-57a2d4851a1d" /><TestEntry testId="e60e2e7b-1c22-4459-a09e-c9370463090c" executionId="41a27be9-8099-4d01-ba35-2cc124d0782c" testListId="8c84fa94-04c1-424b-9868-57a2d4851a1d" /><TestEntry testId="399b55f4-8956-4e73-9e02-10eb5d27a654" executionId="3c28f2d5-ddaa-40aa-ac6f-d2cd3c705b1d" testListId="8c84fa94-04c1-424b-9868-57a2d4851a1d" /><TestEntry testId="8175022c-a9b4-49ac-b3cc-b2eaa5ba473d" executionId="87bba181-5546-48b8-b8c7-d74d360c0dd7" testListId="8c84fa94-04c1-424b-9868-57a2d4851a1d" /><TestEntry testId="fa328eac-64a1-445e-998d-c40193f17a0b" executionId="1770c2fc-1d14-4e6d-a601-63167cc3f378" testListId="8c84fa94-04c1-424b-9868-57a2d4851a1d" /><TestEntry testId="48acbad1-f3f7-4f3d-a535-2b20ce9af21c" executionId="9b383026-74b2-4c40-b59d-08f487580a1a" testListId="8c84fa94-04c1-424b-9868-57a2d4851a1d" /><TestEntry testId="66617f98-826f-479f-b3a4-3058b7d26bda" executionId="f68e2ee2-64ac-48fc-a05d-139fdb68a21d" testListId="8c84fa94-04c1-424b-9868-57a2d4851a1d" /><TestEntry testId="8e3e901d-4631-4afc-b27a-59ec9f39dc31" executionId="bbdb2ada-bba0-445e-9814-34b6c8d108d0" testListId="8c84fa94-04c1-424b-9868-57a2d4851a1d" /><TestEntry testId="06e12a4a-a8fc-40b0-aca7-504f64677138" executionId="05a559bf-cf49-4210-9c4c-0aa4589a3b16" testListId="8c84fa94-04c1-424b-9868-57a2d4851a1d" /><TestEntry testId="09a79c07-abe5-4eba-8632-91a17c55d765" executionId="225f559a-292d-4690-9df0-2bec5b25c536" testListId="8c84fa94-04c1-424b-9868-57a2d4851a1d" /><TestEntry testId="7be5e64a-0c9e-4a0b-84ef-fc0af292334c" executionId="b4a3c278-d22f-46ad-8e3d-0eac5cb09d2d" testListId="8c84fa94-04c1-424b-9868-57a2d4851a1d" /><TestEntry testId="757186e0-9306-4485-9fb2-ce64e42323c5" executionId="e68d3fe7-0543-455a-ac88-5de20544c70f" testListId="8c84fa94-04c1-424b-9868-57a2d4851a1d" /><TestEntry testId="eb599914-874c-4619-9ec5-1d640f8272a4" executionId="28325f60-fb7b-4a85-a050-e1420b9686a9" testListId="8c84fa94-04c1-424b-9868-57a2d4851a1d" /><TestEntry testId="6f53f3bd-6993-47d5-a4bb-0a2d6149f2d9" executionId="660d5679-1a4c-4b55-a920-dbb91b20bf49" testListId="8c84fa94-04c1-424b-9868-57a2d4851a1d" /><TestEntry testId="68dd6711-1c76-408f-a04d-6053c5009eda" executionId="a4fe70a8-4d9a-49b9-802f-89272301f4eb" testListId="8c84fa94-04c1-424b-9868-57a2d4851a1d" /><TestEntry testId="206b167f-4f75-4e41-af63-84fae1b1bddf" executionId="740dcdb5-bc69-418c-9fb1-283b5ca0326b" testListId="8c84fa94-04c1-424b-9868-57a2d4851a1d" /><TestEntry testId="ada6e382-dabe-4054-b81d-79960c6aa43a" executionId="9dd708a7-aa1e-4e64-85a9-dc3fcf50e2cb" testListId="8c84fa94-04c1-424b-9868-57a2d4851a1d" /><TestEntry testId="b03e7ac0-a089-4136-aaab-b26d5b178a13" executionId="d4a75ec5-4b65-41b1-b30b-8a80b54fcc53" testListId="8c84fa94-04c1-424b-9868-57a2d4851a1d" /><TestEntry testId="47064353-4d0e-4434-9716-85e51c6b251d" executionId="292711f7-d671-4164-b740-8874b162bc6c" testListId="8c84fa94-04c1-424b-9868-57a2d4851a1d" /><TestEntry testId="9b21d700-aff0-4d44-8936-0e504ac98b4c" executionId="9686970a-fe16-407d-9741-5d7d060a1379" testListId="8c84fa94-04c1-424b-9868-57a2d4851a1d" /><TestEntry testId="2f80a673-fc38-4ec7-926e-2a2938efbf75" executionId="9bb9c766-af4f-46cb-8696-aa387d86c583" testListId="8c84fa94-04c1-424b-9868-57a2d4851a1d" /><TestEntry testId="235a6ada-8ad5-4ab9-b01a-b9f5b585677c" executionId="075066cf-3d16-4cc7-9ca9-45601f20ca03" testListId="8c84fa94-04c1-424b-9868-57a2d4851a1d" /><TestEntry testId="a21c33ae-0435-4754-a226-fed805dddb58" executionId="51203077-d086-470c-9f54-8e2ed05f2e54" testListId="8c84fa94-04c1-424b-9868-57a2d4851a1d" /><TestEntry testId="084d0224-a4e4-41fe-ae0d-454f1999b288" executionId="e2b32de1-3df5-4366-9e0a-b95e674e5bbc" testListId="8c84fa94-04c1-424b-9868-57a2d4851a1d" /><TestEntry testId="b3132775-8aaf-481b-a12e-83e691b643dc" executionId="adce5e41-1b1b-4070-b574-5670c241b1d1" testListId="8c84fa94-04c1-424b-9868-57a2d4851a1d" /><TestEntry testId="14a8818c-c591-49ca-8fa1-d3f116f45342" executionId="36c83a38-4353-4f1a-9fac-7d460701cc0f" testListId="8c84fa94-04c1-424b-9868-57a2d4851a1d" /><TestEntry testId="7123844a-1e62-4bd3-82ea-02e4bd3978c0" executionId="c55ea51a-078b-4ec0-a1da-627a69fea4ac" testListId="8c84fa94-04c1-424b-9868-57a2d4851a1d" /><TestEntry testId="ab982bd9-e931-4573-9fd8-bb525c8750b5" executionId="2969099b-150c-458f-9ba3-e3b7471c63c5" testListId="8c84fa94-04c1-424b-9868-57a2d4851a1d" /><TestEntry testId="43daa9e4-3d4f-46e0-b234-92da23231c3d" executionId="50babf4c-cdc8-4915-baca-6ded4e0c1b04" testListId="8c84fa94-04c1-424b-9868-57a2d4851a1d" /><TestEntry testId="c85d138a-58bb-436c-9e86-254e0c932c9c" executionId="4785e9be-bc14-4ecf-ba6c-849b76496f1f" testListId="8c84fa94-04c1-424b-9868-57a2d4851a1d" /><TestEntry testId="50e5e33e-f31a-40dc-84f5-b6468fe00fa6" executionId="a2ce2d80-7206-4292-bfc1-f03b9cfaa3de" testListId="8c84fa94-04c1-424b-9868-57a2d4851a1d" /><TestEntry testId="5c1f533c-be45-4ea6-b5db-0ec7111e6ded" executionId="0239a37a-dfe5-4622-888a-8e48e1774138" testListId="8c84fa94-04c1-424b-9868-57a2d4851a1d" /><TestEntry testId="1afca537-75fd-4aee-bf38-df9461e804a8" executionId="1e381b02-3f41-4366-b443-b71bcc5e5216" testListId="8c84fa94-04c1-424b-9868-57a2d4851a1d" /><TestEntry testId="16b09d89-e4be-4fdb-9ce1-1006a8e41b2c" executionId="9569c6b3-bcf7-442c-a95b-1956ab5bc1c6" testListId="8c84fa94-04c1-424b-9868-57a2d4851a1d" /><TestEntry testId="d15749d8-9052-4519-8fc1-37e203d11833" executionId="528083f7-b5e0-4527-8414-8ad101c428a8" testListId="8c84fa94-04c1-424b-9868-57a2d4851a1d" /><TestEntry testId="c67496f5-1798-4a88-8e61-5d1c9c2d6841" executionId="ab46cc15-b887-48de-8b1b-0e1bca5d9909" testListId="8c84fa94-04c1-424b-9868-57a2d4851a1d" /><TestEntry testId="0961002f-7939-4f38-8fdd-407e62c825d1" executionId="e3426c6e-fac4-42a8-9b4c-407f340d5eb1" testListId="8c84fa94-04c1-424b-9868-57a2d4851a1d" /><TestEntry testId="1dd39abb-3cfc-487e-a940-6c6b7c033651" executionId="ee4d89c2-b893-46c8-a04a-52791c3bb48f" testListId="8c84fa94-04c1-424b-9868-57a2d4851a1d" /><TestEntry testId="be4f73e9-e6fa-40f8-87e4-ec8a1413d779" executionId="42745eb7-4931-45a7-a086-4e1cb1f5a7aa" testListId="8c84fa94-04c1-424b-9868-57a2d4851a1d" /><TestEntry testId="eeaa67df-d3cf-49c4-81b9-b9122c4eb979" executionId="275df5d5-c1d5-42ac-8d04-b21a019cffd5" testListId="8c84fa94-04c1-424b-9868-57a2d4851a1d" /><TestEntry testId="1e88df8c-bf4f-4347-94ec-74a036e5647f" executionId="78593c6a-ec92-4065-ab90-333928b2181e" testListId="8c84fa94-04c1-424b-9868-57a2d4851a1d" /><TestEntry testId="60867c3d-3138-4ced-945c-fbfce3e8673f" executionId="c05c550a-9c90-4e60-9e77-aa877a7e253e" testListId="8c84fa94-04c1-424b-9868-57a2d4851a1d" /><TestEntry testId="98beddc3-c83f-477c-9567-f0883e3dc012" executionId="bc565e74-27c2-4148-b076-622142ef5b51" testListId="8c84fa94-04c1-424b-9868-57a2d4851a1d" /><TestEntry testId="d56584b2-5d74-4e78-bbe0-dfd8d4612bc2" executionId="0d779aa8-7e50-4b0b-ab8c-1fdc9c68347c" testListId="8c84fa94-04c1-424b-9868-57a2d4851a1d" /><TestEntry testId="d9e43e27-abe5-4d90-9d77-d2169fca6156" executionId="d814fdfa-2d68-4046-83af-668a088db1b4" testListId="8c84fa94-04c1-424b-9868-57a2d4851a1d" /><TestEntry testId="f589c5ac-8693-4ddb-8ce5-4cd51baa70fc" executionId="49200e9a-4e84-4fa4-821e-d133355c4157" testListId="8c84fa94-04c1-424b-9868-57a2d4851a1d" /><TestEntry testId="39a25ec3-d622-407e-85a4-15a7b19ffa7f" executionId="cfdecdc7-88c8-4d9f-81d1-668e73282204" testListId="8c84fa94-04c1-424b-9868-57a2d4851a1d" /><TestEntry testId="a41919fb-c3e7-4408-92bc-572c948a12cf" executionId="13cdad77-0516-40e6-8daa-4c83bba729ed" testListId="8c84fa94-04c1-424b-9868-57a2d4851a1d" /><TestEntry testId="b72f14d5-dee1-4b03-b6fa-c9a755e4b99e" executionId="570759ee-412e-498d-a2d1-6faaae927f58" testListId="8c84fa94-04c1-424b-9868-57a2d4851a1d" /><TestEntry testId="ec71cca2-ec40-4167-9431-c29cd86baac9" executionId="2087bd8f-6229-4bc5-92e6-88cf8e0ef17d" testListId="8c84fa94-04c1-424b-9868-57a2d4851a1d" /><TestEntry testId="c134012f-2a86-4c44-a440-9ebf574b3174" executionId="66bec9ef-92f5-441f-b08a-112dcba90e71" testListId="8c84fa94-04c1-424b-9868-57a2d4851a1d" /><TestEntry testId="68c3b554-25f1-4f31-956c-6093eba57787" executionId="68ed8eb8-5e3e-4f2e-b6d5-7cb004fed263" testListId="8c84fa94-04c1-424b-9868-57a2d4851a1d" /><TestEntry testId="e13cb5fe-c033-490b-9558-f8a2f957c3bc" executionId="06ba5519-e2b8-49f2-90c3-be23af2e413e" testListId="8c84fa94-04c1-424b-9868-57a2d4851a1d" /><TestEntry testId="7ed5c413-a411-4cf8-8f35-0d8b6ae83b8f" executionId="2b553825-04a4-4bbb-ac71-474524ccdfb2" testListId="8c84fa94-04c1-424b-9868-57a2d4851a1d" /><TestEntry testId="165a7b20-6f12-47c7-8874-b534557a80d9" executionId="a1f2c0a8-5975-47bb-8a71-54bced5baf76" testListId="8c84fa94-04c1-424b-9868-57a2d4851a1d" /><TestEntry testId="2b641178-04ab-4e2b-b78b-42dffd4ebec6" executionId="b9f5eedc-a635-451e-9aee-a61fcfb12581" testListId="8c84fa94-04c1-424b-9868-57a2d4851a1d" /><TestEntry testId="b2bda0ca-6b31-4049-9663-b344df3ed5ff" executionId="d422c381-347f-4876-961f-a405bbae01f7" testListId="8c84fa94-04c1-424b-9868-57a2d4851a1d" /><TestEntry testId="88433e9e-34b3-4fa5-9ede-53cffc294485" executionId="616aef5e-a421-479e-b988-819fe71be43e" testListId="8c84fa94-04c1-424b-9868-57a2d4851a1d" /><TestEntry testId="3ec70d00-8e11-493b-a2bc-a298ca82a8b3" executionId="d98e23c7-7578-45a4-806f-5f2a41c67750" testListId="8c84fa94-04c1-424b-9868-57a2d4851a1d" /><TestEntry testId="40376a75-4fca-4215-bd01-317b5d500017" executionId="3859f184-9a89-422c-bd0e-cedb33bf6d1c" testListId="8c84fa94-04c1-424b-9868-57a2d4851a1d" /><TestEntry testId="b696a94a-afbb-4f61-8d5d-6fcd973d800f" executionId="df23383c-44c1-4c7d-8540-2120c841944b" testListId="8c84fa94-04c1-424b-9868-57a2d4851a1d" /><TestEntry testId="f5898d8f-d662-48da-b2b9-b3f64a117ee8" executionId="6e004921-e0cc-4a40-a8cf-17424283b6d2" testListId="8c84fa94-04c1-424b-9868-57a2d4851a1d" /><TestEntry testId="3588d891-944e-48ec-b31a-100107116d5b" executionId="8d187e70-5849-45cb-9db1-e33876ab31a0" testListId="8c84fa94-04c1-424b-9868-57a2d4851a1d" /><TestEntry testId="8ff3029b-fbcb-46ea-9300-028f068232e6" executionId="a4896030-1df9-41bc-8662-e68ab9b1ed45" testListId="8c84fa94-04c1-424b-9868-57a2d4851a1d" /><TestEntry testId="9c45c720-1317-498b-8716-e77405762420" executionId="94e28fe8-5396-4694-913e-62cc601ed829" testListId="8c84fa94-04c1-424b-9868-57a2d4851a1d" /><TestEntry testId="e6f7a394-d905-4134-bdd1-6f11e5306ee7" executionId="9c8b3acb-a9ca-4c53-8ce5-f48ba363e5d5" testListId="8c84fa94-04c1-424b-9868-57a2d4851a1d" /><TestEntry testId="f58fb102-b73a-4d56-be07-33695ddb7ae3" executionId="d4705d87-b07a-457d-a725-956536520d95" testListId="8c84fa94-04c1-424b-9868-57a2d4851a1d" /><TestEntry testId="2ced3281-499f-4370-ad99-686d1a4f79dc" executionId="3704901c-50eb-438c-952c-6bb42c335f4f" testListId="8c84fa94-04c1-424b-9868-57a2d4851a1d" /><TestEntry testId="3ae8ae05-aafa-4732-b3dc-90128bb264c9" executionId="f94d18b2-4f14-487a-b65a-48ccabd3eca5" testListId="8c84fa94-04c1-424b-9868-57a2d4851a1d" /><TestEntry testId="1df04a62-a5d8-4cff-bd85-cfa07959b07b" executionId="71fe56ee-7094-4937-8bcb-24fd606af3af" testListId="8c84fa94-04c1-424b-9868-57a2d4851a1d" /><TestEntry testId="af73c124-46e5-49c3-8d00-9ae16f714f5d" executionId="dceb28a7-6fcd-44c8-9858-c62d78306ca2" testListId="8c84fa94-04c1-424b-9868-57a2d4851a1d" /><TestEntry testId="67cbecae-509e-4f68-842b-2641114fafc8" executionId="80c41127-5f09-4d12-b438-1f7b51edbc44" testListId="8c84fa94-04c1-424b-9868-57a2d4851a1d" /><TestEntry testId="d7ad1f7d-0265-42a0-9df5-1bad4639d249" executionId="89b909b5-d391-4e55-b45b-54fa829d390f" testListId="8c84fa94-04c1-424b-9868-57a2d4851a1d" /><TestEntry testId="59adcdb1-1218-4c35-a4d0-260345193569" executionId="04068c8f-2bb4-4448-8898-41fa4dfaacfc" testListId="8c84fa94-04c1-424b-9868-57a2d4851a1d" /><TestEntry testId="efa9b71e-b53b-4381-8bd3-1771e308770c" executionId="988b0133-8e9e-49aa-a8fe-5769b8e23914" testListId="8c84fa94-04c1-424b-9868-57a2d4851a1d" /><TestEntry testId="dca8e92e-8bda-46b8-bbc5-cd16092d862d" executionId="cc157ce9-96a3-42e9-9ab4-aeab2f6d7c2b" testListId="8c84fa94-04c1-424b-9868-57a2d4851a1d" /><TestEntry testId="e70a9514-d831-4ce2-9398-8900cbdb998b" executionId="d1bef4b4-55b1-41aa-89dd-124881f68e78" testListId="8c84fa94-04c1-424b-9868-57a2d4851a1d" /><TestEntry testId="aaca2ed3-931f-499b-90db-c723a516f33c" executionId="dd4bff42-0040-4b96-887e-50bf8e6f951f" testListId="8c84fa94-04c1-424b-9868-57a2d4851a1d" /><TestEntry testId="83473951-3f97-451c-a6a7-6d20b4c98b2b" executionId="800c952c-1192-4996-ae27-dce89f339bd1" testListId="8c84fa94-04c1-424b-9868-57a2d4851a1d" /><TestEntry testId="005552a6-6671-403f-92ff-84efcc017b11" executionId="94e751ad-0982-41b9-b103-f6f4d21d624f" testListId="8c84fa94-04c1-424b-9868-57a2d4851a1d" /><TestEntry testId="2ba3ad9b-004c-4adc-bde7-1d5b7d148da4" executionId="9807e908-6496-4241-bf4b-840f444a8f65" testListId="8c84fa94-04c1-424b-9868-57a2d4851a1d" /><TestEntry testId="d17b2ca7-8c1e-4274-94cc-33822262d562" executionId="1dad1690-16b4-4b29-86a5-66518574b214" testListId="8c84fa94-04c1-424b-9868-57a2d4851a1d" /><TestEntry testId="09c61388-bed6-4852-814a-a4b6578909a9" executionId="cb5db9cf-4fd8-4ed0-a1d1-222841f89cf2" testListId="8c84fa94-04c1-424b-9868-57a2d4851a1d" /><TestEntry testId="cb577a3c-30b5-45c8-93d4-43cc49fa765b" executionId="ee504350-50b3-40f1-a678-84d664d47a93" testListId="8c84fa94-04c1-424b-9868-57a2d4851a1d" /><TestEntry testId="ef4e2a6c-4372-4ceb-a56a-9990e2447a0a" executionId="b39e0246-70d8-4a2c-b968-e08d848328f5" testListId="8c84fa94-04c1-424b-9868-57a2d4851a1d" /><TestEntry testId="eb85f203-dad8-414e-a490-94c272b796dd" executionId="924fb59b-e72c-4128-a3b0-987ee53d35db" testListId="8c84fa94-04c1-424b-9868-57a2d4851a1d" /><TestEntry testId="a5ee59d2-4b3d-478d-95eb-e476a472259a" executionId="5e9bf22d-7a16-42ef-91fb-c7cf52b4d113" testListId="8c84fa94-04c1-424b-9868-57a2d4851a1d" /><TestEntry testId="6c66d5a9-ad2e-432b-99b2-2dbae5fad2eb" executionId="01000a2b-987c-404e-9833-d8812a54a298" testListId="8c84fa94-04c1-424b-9868-57a2d4851a1d" /><TestEntry testId="92ff84b6-c9ad-4a98-96c6-ba79d2247ce7" executionId="bfb436a5-fa0c-4f11-9ec7-868edb3227cd" testListId="8c84fa94-04c1-424b-9868-57a2d4851a1d" /><TestEntry testId="776b4aa0-7567-40a3-a917-de4ca143f681" executionId="0aae3b66-81d0-441f-84a6-048f167b7574" testListId="8c84fa94-04c1-424b-9868-57a2d4851a1d" /><TestEntry testId="c5785d18-1adf-460c-b145-9daa4a3c2b4c" executionId="bffcf2b0-79da-4cb4-8d3b-a363d53f457b" testListId="8c84fa94-04c1-424b-9868-57a2d4851a1d" /><TestEntry testId="54163276-5193-4fdb-97cf-601db57279c6" executionId="bbdf7362-73b3-47ac-8119-c6afed8243f8" testListId="8c84fa94-04c1-424b-9868-57a2d4851a1d" /><TestEntry testId="79cdb536-6194-41d8-b274-c713c63c002b" executionId="89b013d4-7237-4373-9268-2015900c8fbc" testListId="8c84fa94-04c1-424b-9868-57a2d4851a1d" /><TestEntry testId="bc5c6aea-7f09-4c51-bb64-ca9c463a8984" executionId="03f4fd25-b9c5-4648-b49e-269ef0eb8e5f" testListId="8c84fa94-04c1-424b-9868-57a2d4851a1d" /><TestEntry testId="b708ee3f-bff2-4626-b249-c1d328e0845c" executionId="098b5532-59f2-41c3-86f6-895d62f043e8" testListId="8c84fa94-04c1-424b-9868-57a2d4851a1d" /><TestEntry testId="3234ecd2-1ff2-4e10-9eba-8e80514e7bae" executionId="50a28389-4b6f-4d76-a9f6-4d0c3f2237e4" testListId="8c84fa94-04c1-424b-9868-57a2d4851a1d" /><TestEntry testId="aa0042e0-aa9e-409e-9974-e52eec6d6737" executionId="64418167-78a4-4888-9a04-56d0fc9b9762" testListId="8c84fa94-04c1-424b-9868-57a2d4851a1d" /><TestEntry testId="6bf077ab-0baa-43ea-9fc2-d1d1eb6c2998" executionId="5d390e5d-140d-48aa-ad84-666d9795c6ee" testListId="8c84fa94-04c1-424b-9868-57a2d4851a1d" /><TestEntry testId="64dd8a7c-6b55-4915-9db7-2a104e846f8c" executionId="c2326b92-eccc-45b2-a38b-ee500d459a1d" testListId="8c84fa94-04c1-424b-9868-57a2d4851a1d" /><TestEntry testId="cc38f37a-1a05-4c69-bd46-6afdfea87e29" executionId="86cdf06e-42fc-4244-a272-63126fc872aa" testListId="8c84fa94-04c1-424b-9868-57a2d4851a1d" /><TestEntry testId="8abcec7f-d796-4c4f-9c0e-e7a85fa5d142" executionId="defa0de9-969e-4fff-a6dd-62c9f8dd6254" testListId="8c84fa94-04c1-424b-9868-57a2d4851a1d" /><TestEntry testId="4568587e-c943-412f-a112-ffc7bafc7157" executionId="4cd8d9e3-3e6b-49bd-b0f5-ff15458a7e98" testListId="8c84fa94-04c1-424b-9868-57a2d4851a1d" /><TestEntry testId="c3673717-5cd4-4a7c-8cbc-823feeb0e058" executionId="dcd556d9-2762-4df8-8c4c-e4438bd5eed4" testListId="8c84fa94-04c1-424b-9868-57a2d4851a1d" /><TestEntry testId="1bd3cd36-033c-4811-835c-42d7cee75b73" executionId="0e0aa646-50f3-4c4c-8757-d3c07fd8c6a3" testListId="8c84fa94-04c1-424b-9868-57a2d4851a1d" /><TestEntry testId="76ce8d16-6570-4451-bc7a-eb52f243f291" executionId="a9f01c75-81a4-463e-8bfc-dc06b1fbbf56" testListId="8c84fa94-04c1-424b-9868-57a2d4851a1d" /><TestEntry testId="b35649f1-3312-4dd8-9154-becbada511a5" executionId="7454ae2e-600c-47e5-953a-9ee1053253d6" testListId="8c84fa94-04c1-424b-9868-57a2d4851a1d" /><TestEntry testId="b557d4ae-2b14-4fa1-b228-53b0e6e170fb" executionId="335e8d8a-8f64-4338-b678-143d55d7991f" testListId="8c84fa94-04c1-424b-9868-57a2d4851a1d" /><TestEntry testId="200d3c6d-9323-438f-b77f-970d61721f62" executionId="9b4f6fe8-d192-4283-b14f-2c7fe3e1229f" testListId="8c84fa94-04c1-424b-9868-57a2d4851a1d" /><TestEntry testId="a3f97cd4-afb9-4c60-8c68-ffe9d1388bbd" executionId="9e5429e6-93ad-42dc-8681-0f85bc4d1d4a" testListId="8c84fa94-04c1-424b-9868-57a2d4851a1d" /><TestEntry testId="317eb5fc-d537-42cd-9068-fccbda67ac3f" executionId="ae55f247-dac5-4d1d-93c0-8322a132db10" testListId="8c84fa94-04c1-424b-9868-57a2d4851a1d" /><TestEntry testId="224237cd-7f98-4529-91f8-6010fed88728" executionId="9487a17d-201f-4785-b3f7-50aba9149751" testListId="8c84fa94-04c1-424b-9868-57a2d4851a1d" /><TestEntry testId="6f6fcb06-aea0-41c1-8648-1fff8829df07" executionId="117a59d9-96bc-40ea-be27-61f81436225d" testListId="8c84fa94-04c1-424b-9868-57a2d4851a1d" /><TestEntry testId="13e7ac64-2368-46d2-a239-02fd458b06a0" executionId="35ef1488-4cf6-4083-843e-7e7296fcc533" testListId="8c84fa94-04c1-424b-9868-57a2d4851a1d" /><TestEntry testId="1d694f66-e4a4-47f7-a1d5-b7a14c30beb9" executionId="a9839b3f-fa65-4382-a1fb-811a98feb559" testListId="8c84fa94-04c1-424b-9868-57a2d4851a1d" /><TestEntry testId="1d8b800c-b323-44d1-9fdd-a49c4081d654" executionId="5817a5a8-6c5d-483b-9ab1-ff3b91e8a367" testListId="8c84fa94-04c1-424b-9868-57a2d4851a1d" /><TestEntry testId="f0da9d43-390b-4dc4-ba65-6b5b018e41a6" executionId="16715bdc-cabf-417c-955b-8082d7f2e9fb" testListId="8c84fa94-04c1-424b-9868-57a2d4851a1d" /><TestEntry testId="efd50759-dc67-44b6-b65d-f47164f21c5e" executionId="151efbb2-b3c3-461f-b970-ae68ab84a97b" testListId="8c84fa94-04c1-424b-9868-57a2d4851a1d" /><TestEntry testId="1a19f641-e046-43bb-92ca-36ab352b51d9" executionId="47e4a50b-fce6-4429-bba5-c4ecd20c795f" testListId="8c84fa94-04c1-424b-9868-57a2d4851a1d" /><TestEntry testId="8c0d81e2-b44b-4c86-af27-f6941aee2112" executionId="ad3ffbe9-0a1d-4931-b449-aeeaba5f54dc" testListId="8c84fa94-04c1-424b-9868-57a2d4851a1d" /><TestEntry testId="0f814496-9a5b-481a-8122-92ac91c8e3e1" executionId="7c1d4582-b4d9-4483-9902-a09d250d6655" testListId="8c84fa94-04c1-424b-9868-57a2d4851a1d" /><TestEntry testId="f7a8d25b-6241-4e39-8505-8dea66744e0e" executionId="38d958bd-575f-42a8-9884-864b83a7a850" testListId="8c84fa94-04c1-424b-9868-57a2d4851a1d" /><TestEntry testId="41733cd4-d6d4-4039-9627-3e6b752c4087" executionId="37103e9a-c88c-41d3-a48d-2937ce3f2b1d" testListId="8c84fa94-04c1-424b-9868-57a2d4851a1d" /><TestEntry testId="2cd12e65-9010-4e82-af50-ffcf3b944c52" executionId="14529c69-0eb3-4793-8beb-e8ff4b31b903" testListId="8c84fa94-04c1-424b-9868-57a2d4851a1d" /><TestEntry testId="89b74017-4ce2-47a6-8926-367a0cfa94db" executionId="9df440a0-c0ba-42a2-8b43-de84901ec4d7" testListId="8c84fa94-04c1-424b-9868-57a2d4851a1d" /><TestEntry testId="718101cb-cf7e-4e5c-b0c1-dd5d735d74f3" executionId="26a9b1ae-c1db-4d40-a057-e18ae221f93d" testListId="8c84fa94-04c1-424b-9868-57a2d4851a1d" /><TestEntry testId="e95cf34b-078f-4406-9ee9-e795e18eba73" executionId="40a845fb-8916-4990-a60d-3599b5b30e57" testListId="8c84fa94-04c1-424b-9868-57a2d4851a1d" /><TestEntry testId="0f6e4940-0a9c-4b35-a924-2747334c3103" executionId="72f6fe76-b42f-4102-8e9c-117d30f34fe9" testListId="8c84fa94-04c1-424b-9868-57a2d4851a1d" /><TestEntry testId="6274b6ba-3d0c-43fa-8ee7-8b822c1da381" executionId="341a2d2f-be28-4b71-a9c3-038ef927c29d" testListId="8c84fa94-04c1-424b-9868-57a2d4851a1d" /><TestEntry testId="655b9763-9c5b-4086-8570-d4561ce7addb" executionId="fc75172d-bc7b-486c-a6f6-f9fc66c9c241" testListId="8c84fa94-04c1-424b-9868-57a2d4851a1d" /><TestEntry testId="8f6a0c76-edf1-4795-96fd-32fbd0e86a79" executionId="fec8cddc-a9db-48cb-94dd-0c844f7bed7e" testListId="8c84fa94-04c1-424b-9868-57a2d4851a1d" /><TestEntry testId="2faf1e1a-a1a7-4a51-9360-46ad4046266c" executionId="c673787d-2843-445f-b8de-8f1551bc7a24" testListId="8c84fa94-04c1-424b-9868-57a2d4851a1d" /><TestEntry testId="f756dd1f-cb3b-4e86-8e77-7bcbff06fecb" executionId="fa43f5c2-f126-4e1b-b984-324d72ab2342" testListId="8c84fa94-04c1-424b-9868-57a2d4851a1d" /><TestEntry testId="4bd77b5d-611f-4142-91f7-1b43322d3f75" executionId="b0f4d9ee-50c8-4af5-92b6-9d8c605b144d" testListId="8c84fa94-04c1-424b-9868-57a2d4851a1d" /><TestEntry testId="1d60d2d7-2b94-4bf7-ad1c-1352081fda66" executionId="f5765c80-ecd6-41a6-a450-4bf79283e448" testListId="8c84fa94-04c1-424b-9868-57a2d4851a1d" /><TestEntry testId="435bb1fd-7386-4115-b600-f6b362207e66" executionId="017d4d93-be50-40c2-bb09-3227e9e94e2a" testListId="8c84fa94-04c1-424b-9868-57a2d4851a1d" /><TestEntry testId="9104ff41-e276-4a82-ac92-b5e915c71289" executionId="95d2c3da-69ee-44b7-85c7-d6f51039c49d" testListId="8c84fa94-04c1-424b-9868-57a2d4851a1d" /><TestEntry testId="fc5f11e2-6527-41d3-87f3-99702224d4e6" executionId="d9bbc48d-6e07-431a-8b29-5458ffd60a04" testListId="8c84fa94-04c1-424b-9868-57a2d4851a1d" /><TestEntry testId="e7aa3860-9ecb-4375-9041-b27a744b26df" executionId="41d52afd-bacc-437f-8894-bc3323fe1b9f" testListId="8c84fa94-04c1-424b-9868-57a2d4851a1d" /><TestEntry testId="89a43b8f-2cc4-4cab-8192-446a4d35bd96" executionId="453c1d5c-029a-413d-9fe1-979ed66e9fc1" testListId="8c84fa94-04c1-424b-9868-57a2d4851a1d" /><TestEntry testId="04d0cb68-3a81-4f99-908c-3b13e8759629" executionId="e6d3e620-8fe1-4696-bdc2-2d787faf35a1" testListId="8c84fa94-04c1-424b-9868-57a2d4851a1d" /><TestEntry testId="5876b27b-2a56-4017-8315-ef8393ec75ab" executionId="ee164d7b-8505-473b-bd2d-92b24202c632" testListId="8c84fa94-04c1-424b-9868-57a2d4851a1d" /><TestEntry testId="afab7327-8841-41da-a9c7-e3af8eac45f9" executionId="e415919e-2924-4029-b19e-e37f3c1ab713" testListId="8c84fa94-04c1-424b-9868-57a2d4851a1d" /><TestEntry testId="474b2980-f430-4f33-b7c8-450a61eebdc9" executionId="58a03359-10ce-4b38-844b-07cdd6f122ae" testListId="8c84fa94-04c1-424b-9868-57a2d4851a1d" /><TestEntry testId="5b47422f-abd0-4131-b664-44092c3702dd" executionId="c83eca83-aa05-451a-b4f5-b87027bf15e5" testListId="8c84fa94-04c1-424b-9868-57a2d4851a1d" /><TestEntry testId="d5f1705c-72e4-4dfa-b79d-a875728dcab1" executionId="2826adec-8b98-4a64-951a-ca43820419db" testListId="8c84fa94-04c1-424b-9868-57a2d4851a1d" /><TestEntry testId="2e1e1c46-e4f6-4f85-8617-4d319dcc6fa3" executionId="b526ab75-53cc-4e84-b25e-d712cff0557f" testListId="8c84fa94-04c1-424b-9868-57a2d4851a1d" /><TestEntry testId="e4d7199e-9a92-4fa4-9a2c-cdf71d1c3d4e" executionId="e3cfc07b-fec7-4f1a-b883-b65ef5583e14" testListId="8c84fa94-04c1-424b-9868-57a2d4851a1d" /><TestEntry testId="0aae9671-d397-43c5-acc4-e37869649e34" executionId="8fe433d6-d215-46f1-ba2c-4ada2416fab2" testListId="8c84fa94-04c1-424b-9868-57a2d4851a1d" /><TestEntry testId="5ce1cf38-1e91-42e5-b95b-b770afdb3077" executionId="0389139d-266a-4b42-be48-3750702f698e" testListId="8c84fa94-04c1-424b-9868-57a2d4851a1d" /><TestEntry testId="ffaaacba-5f80-4f9d-ae63-40ba85745252" executionId="e5ec8e6e-d03f-4560-b1d4-89c61ce395fd" testListId="8c84fa94-04c1-424b-9868-57a2d4851a1d" /><TestEntry testId="92843a5c-cf91-4a6a-b3f4-b947bd389d1f" executionId="3c4763e7-430e-49b4-96bc-96bbac5f4cde" testListId="8c84fa94-04c1-424b-9868-57a2d4851a1d" /><TestEntry testId="e5b9be4c-e3ce-40cc-b372-fb63bf3974c3" executionId="ccc73476-92ce-40d9-8836-80421dcbfa4d" testListId="8c84fa94-04c1-424b-9868-57a2d4851a1d" /><TestEntry testId="25a791d6-b860-4f33-9722-a272b7a4ae64" executionId="a1560dc8-db71-40f8-97ad-e134c388bfc8" testListId="8c84fa94-04c1-424b-9868-57a2d4851a1d" /><TestEntry testId="6b03093f-622d-46c3-83ca-81b6020db9d7" executionId="80cf30ee-b140-4444-9835-35af3f5047a1" testListId="8c84fa94-04c1-424b-9868-57a2d4851a1d" /><TestEntry testId="4ee1b699-10a9-4ed7-9f5f-7b347b05e111" executionId="139d868b-73b8-4879-942a-7672087367fa" testListId="8c84fa94-04c1-424b-9868-57a2d4851a1d" /><TestEntry testId="5a2d7339-05c4-49fa-84ce-4bb6fcac422b" executionId="2a703ce3-c085-4ca5-8c58-69e76cf2fba0" testListId="8c84fa94-04c1-424b-9868-57a2d4851a1d" /><TestEntry testId="c1cf7f66-c743-4ead-a42e-fd5768850e2c" executionId="e858238a-d846-4bfb-8113-70cc82f4ce56" testListId="8c84fa94-04c1-424b-9868-57a2d4851a1d" /><TestEntry testId="246bc1de-703f-4cf8-b8f1-b0ca482c5162" executionId="d7a2720d-fcea-42f3-81b2-df574e6a8a62" testListId="8c84fa94-04c1-424b-9868-57a2d4851a1d" /><TestEntry testId="241686fb-2b6f-4aaa-bdea-7ab5e653b99f" executionId="acaa7d4a-3a97-474f-885b-40b55438f543" testListId="8c84fa94-04c1-424b-9868-57a2d4851a1d" /><TestEntry testId="3073ce52-5b81-4e6b-be0f-1de820407496" executionId="4905d3d3-155e-4ed3-92b0-044e416a6deb" testListId="8c84fa94-04c1-424b-9868-57a2d4851a1d" /><TestEntry testId="9517b1dd-0b53-4a08-b251-1e9f63890d48" executionId="b76b55f5-253b-4e7e-8751-b3a784b2c08a" testListId="8c84fa94-04c1-424b-9868-57a2d4851a1d" /><TestEntry testId="f0455102-f720-4502-adb0-c2b274fff1d8" executionId="347d5ed3-f1d2-4445-8b71-6d647e628c6f" testListId="8c84fa94-04c1-424b-9868-57a2d4851a1d" /><TestEntry testId="a4de15c1-0b99-4573-98e1-f01c3ff712fb" executionId="128d4b7e-d245-4ef1-80ff-cf85033cb2cd" testListId="8c84fa94-04c1-424b-9868-57a2d4851a1d" /><TestEntry testId="8da8f67c-b275-44ac-a1ef-3bcb4229a26d" executionId="868a0abc-142b-41b0-9e3b-da37b40c1ad2" testListId="8c84fa94-04c1-424b-9868-57a2d4851a1d" /><TestEntry testId="dde75086-6d39-47fc-9d7e-065538e4bf8f" executionId="1dd7b0bb-2275-4f32-ae75-a1b404176595" testListId="8c84fa94-04c1-424b-9868-57a2d4851a1d" /><TestEntry testId="4c3dc683-3c86-4590-922b-8962e5093c05" executionId="d8af1185-60fc-4029-9761-53a4f7dd118a" testListId="8c84fa94-04c1-424b-9868-57a2d4851a1d" /><TestEntry testId="10dc3ca0-1be8-4df0-af98-0c959039c3af" executionId="6fa565fe-c74b-4ee3-b3a5-97ab92697622" testListId="8c84fa94-04c1-424b-9868-57a2d4851a1d" /><TestEntry testId="0a910b02-2a9f-43bb-ada4-8067cce10813" executionId="58b3ce2e-a43d-4ff7-bc2e-bb4de896448a" testListId="8c84fa94-04c1-424b-9868-57a2d4851a1d" /><TestEntry testId="66b52850-f6ea-4953-b2fe-a2532d90cae7" executionId="e21fe136-8515-4de5-bab1-a570c818d341" testListId="8c84fa94-04c1-424b-9868-57a2d4851a1d" /><TestEntry testId="ca3c3c58-dfa6-4adf-9313-8a029d3280dd" executionId="dc54661d-ab1a-43a3-bb95-1f83c0c1720a" testListId="8c84fa94-04c1-424b-9868-57a2d4851a1d" /><TestEntry testId="6703af3c-2415-475f-8086-133405271c74" executionId="92bc53c4-9d59-421a-a17d-1a9bf3c07af6" testListId="8c84fa94-04c1-424b-9868-57a2d4851a1d" /><TestEntry testId="cf099113-a477-49af-992e-24a7bcb1de02" executionId="a89ef83a-8b57-41c6-90ca-bc40c08446dc" testListId="8c84fa94-04c1-424b-9868-57a2d4851a1d" /><TestEntry testId="842a3c24-aa84-4d65-926e-95e2f4f92186" executionId="93fe2d99-049f-4034-94d0-22065cab663b" testListId="8c84fa94-04c1-424b-9868-57a2d4851a1d" /><TestEntry testId="d727a331-9742-4b10-a42b-b6c7a7100a60" executionId="369c76ca-59f8-4c26-bb46-11ff71ba6081" testListId="8c84fa94-04c1-424b-9868-57a2d4851a1d" /><TestEntry testId="7296fd32-0b94-471f-b5f1-359b14116fc3" executionId="e0e957ca-9412-4df5-95fe-25fffa05364d" testListId="8c84fa94-04c1-424b-9868-57a2d4851a1d" /><TestEntry testId="15424a12-8e19-49bc-837d-df665c62a5dc" executionId="60ceffd9-98d8-4331-bd82-dbeeefbc9221" testListId="8c84fa94-04c1-424b-9868-57a2d4851a1d" /><TestEntry testId="3380342e-d5d6-41e2-a5c3-f5dc6a4ba0ba" executionId="65d0f171-d7bf-42c7-8c05-197738c5ad3a" testListId="8c84fa94-04c1-424b-9868-57a2d4851a1d" /><TestEntry testId="8a177b66-050e-4738-8ee8-44d1e5b517cd" executionId="a4245788-c1f3-4c14-afe1-75be16e3dc2a" testListId="8c84fa94-04c1-424b-9868-57a2d4851a1d" /><TestEntry testId="b057e937-d1c4-49d5-95b9-0b2150c90278" executionId="8fc53cb1-c3a4-46a9-b3c7-51330c1ec7f2" testListId="8c84fa94-04c1-424b-9868-57a2d4851a1d" /><TestEntry testId="b4f27719-cbff-40d6-a990-f688600ea753" executionId="7040dd57-1c4f-4402-9d71-2a56a9ff9a1c" testListId="8c84fa94-04c1-424b-9868-57a2d4851a1d" /><TestEntry testId="125a7b10-3764-4b0f-976b-a0f720ffc2a2" executionId="935e6258-5836-4b3d-867a-f7b4f3c76fdf" testListId="8c84fa94-04c1-424b-9868-57a2d4851a1d" /><TestEntry testId="3239d01e-ed62-401b-b2ee-de39b0242c8e" executionId="34328819-a41e-4280-89cf-43035da3d2f3" testListId="8c84fa94-04c1-424b-9868-57a2d4851a1d" /><TestEntry testId="f4234000-3a06-40b6-8a9e-73312d7c8332" executionId="67a73d2f-4b27-4c79-99b9-264acf1ec84f" testListId="8c84fa94-04c1-424b-9868-57a2d4851a1d" /><TestEntry testId="68ccb2b5-167f-4c13-bba5-b50ace7dc1cb" executionId="d477c808-8a0f-4f3f-a74c-a1c2e4132c17" testListId="8c84fa94-04c1-424b-9868-57a2d4851a1d" /><TestEntry testId="d10fb385-9af8-4f11-8ebd-2905444c1a50" executionId="572a9181-1800-4415-a166-7dd70e3e3062" testListId="8c84fa94-04c1-424b-9868-57a2d4851a1d" /><TestEntry testId="f32d79d6-25ec-4acd-986b-51b15fdba456" executionId="89672c1b-20d3-4050-ab4b-9dcdb802fd3d" testListId="8c84fa94-04c1-424b-9868-57a2d4851a1d" /><TestEntry testId="94942c98-45e8-48d4-a9bd-d1d0a550248d" executionId="ab0b4282-470f-4e96-9a93-4c502cb4daf2" testListId="8c84fa94-04c1-424b-9868-57a2d4851a1d" /><TestEntry testId="1fd13e50-3510-4968-a305-f17284e8645b" executionId="294ecbab-cb25-43e2-91de-f44a91d276c3" testListId="8c84fa94-04c1-424b-9868-57a2d4851a1d" /><TestEntry testId="55880323-8ff0-4ae1-ba93-c56f54dabb8f" executionId="c1c6a39a-c0d0-4f0b-945a-aff7c84c1ec9" testListId="8c84fa94-04c1-424b-9868-57a2d4851a1d" /><TestEntry testId="9e2777bb-9d3a-4469-9d12-f567dab9a466" executionId="85a156db-e07b-47aa-85dd-279fc0f78452" testListId="8c84fa94-04c1-424b-9868-57a2d4851a1d" /><TestEntry testId="47f352cb-5ff8-40c3-92a2-0700965c605d" executionId="241d2884-2c45-4a65-aea0-09a0dfa29cb2" testListId="8c84fa94-04c1-424b-9868-57a2d4851a1d" /><TestEntry testId="0cc22d3e-f788-4ea5-92bc-1ba0dd23febe" executionId="82658e6e-a8bf-46f0-805e-e587c3327269" testListId="8c84fa94-04c1-424b-9868-57a2d4851a1d" /><TestEntry testId="f29f3d01-beae-4413-a9bf-a01ba6439cc1" executionId="eb8f5957-9c8c-426d-ad94-9902ebce4c29" testListId="8c84fa94-04c1-424b-9868-57a2d4851a1d" /><TestEntry testId="420b42d7-f4fd-4a56-81d3-db5b4a14d29c" executionId="023bc55f-9abe-4069-8684-fcafa9b08991" testListId="8c84fa94-04c1-424b-9868-57a2d4851a1d" /><TestEntry testId="f9723f38-5596-4f78-b6de-50eec6b6a457" executionId="82f6139a-8d57-47ba-9636-3cc880b83c3a" testListId="8c84fa94-04c1-424b-9868-57a2d4851a1d" /><TestEntry testId="1f9eb8bc-ce32-4570-9f73-ca0a37df2597" executionId="4db1135c-fc54-449d-86e6-d68d33d52144" testListId="8c84fa94-04c1-424b-9868-57a2d4851a1d" /><TestEntry testId="7b698c48-4410-46be-8d1c-09a8c81a13a3" executionId="f90239c5-f0a3-4d1f-b548-578109289edd" testListId="8c84fa94-04c1-424b-9868-57a2d4851a1d" /><TestEntry testId="ded0d8a4-452b-4448-9b2f-fe0f5c53d2c3" executionId="7c956115-d8d5-4fd2-bbbe-560d06bf6b0b" testListId="8c84fa94-04c1-424b-9868-57a2d4851a1d" /><TestEntry testId="0339e0ef-2764-4d44-ab76-da98d38b4396" executionId="43d10d05-86ac-4d5c-9fbf-3efb56d82466" testListId="8c84fa94-04c1-424b-9868-57a2d4851a1d" /><TestEntry testId="17e07715-48d4-4ff7-8647-98bb069e09e9" executionId="fb3c396b-57ca-45ae-a852-9c3df5a291b4" testListId="8c84fa94-04c1-424b-9868-57a2d4851a1d" /><TestEntry testId="16fdc77b-8ed1-4af2-9ed5-a21cca7bd038" executionId="03ad0913-1d2e-4561-b870-c3adb1b5baa9" testListId="8c84fa94-04c1-424b-9868-57a2d4851a1d" /><TestEntry testId="a4b07dec-0c50-4d1f-a9f2-56d0400dbcfc" executionId="1e1133cb-c6ed-48f4-ba3b-051378b1131c" testListId="8c84fa94-04c1-424b-9868-57a2d4851a1d" /><TestEntry testId="683f7b28-65df-4b0e-8631-8fd848371745" executionId="56eeb1a6-4c5a-4d59-bfc9-5ff67462b7e7" testListId="8c84fa94-04c1-424b-9868-57a2d4851a1d" /><TestEntry testId="d00fe763-2c01-4d40-b8c7-3d20160e5b52" executionId="9cefde60-8a6a-45e5-9585-de6739352c87" testListId="8c84fa94-04c1-424b-9868-57a2d4851a1d" /><TestEntry testId="d4a4f31c-57ef-4cf0-95ce-70ad59d606b3" executionId="7747fc3a-20c3-49c8-a395-80726844cc17" testListId="8c84fa94-04c1-424b-9868-57a2d4851a1d" /><TestEntry testId="035d26ab-a837-48f5-8faa-cd242e58ce90" executionId="8be43246-2e7d-4ae7-b40d-03bc813f589e" testListId="8c84fa94-04c1-424b-9868-57a2d4851a1d" /><TestEntry testId="a134da24-e20b-41ea-837e-cd3ecb86abc8" executionId="100ef0a7-4fa9-49fc-8944-ad7c70db51ed" testListId="8c84fa94-04c1-424b-9868-57a2d4851a1d" /><TestEntry testId="146284ed-c81b-47b4-aa97-754b1a4c2ae8" executionId="32f81c3f-f045-4a39-a2f5-970a01f57b13" testListId="8c84fa94-04c1-424b-9868-57a2d4851a1d" /><TestEntry testId="1f185857-66cd-442c-a516-22ad3009305f" executionId="66f23a85-5380-407d-9d28-001cdb6e31e3" testListId="8c84fa94-04c1-424b-9868-57a2d4851a1d" /><TestEntry testId="ebd84b51-c528-4dcf-b393-4fa5256c02d8" executionId="cd89c24d-f221-4c12-91b3-cf07377546fa" testListId="8c84fa94-04c1-424b-9868-57a2d4851a1d" /><TestEntry testId="f08843e3-46ba-4538-8b62-28f15652def8" executionId="eb5a63ad-abd2-459e-987f-c9c09243607d" testListId="8c84fa94-04c1-424b-9868-57a2d4851a1d" /></TestEntries><TestLists><TestList name="Results Not in a List" id="8c84fa94-04c1-424b-9868-57a2d4851a1d" /><TestList name="All Loaded Results" id="19431567-8539-422a-85d7-44ee4e166bda" /></TestLists><ResultSummary outcome="Failed"><Counters total="400" executed="400" passed="399" failed="1" error="0" timeout="0" aborted="0" inconclusive="0" passedButRunAborted="0" notRunnable="0" notExecuted="0" disconnected="0" warning="0" completed="0" inProgress="0" pending="0" /><Output><StdOut>[xUnit.net 00:00:00.0030183] xUnit.net VSTest Adapter v2.4.0-beta.1.build3958 (32-bit Desktop .NET 4.0.30319.42000)[xUnit.net 00:00:00.3600209]   Discovering: JilTests[xUnit.net 00:00:00.5930385]   Discovered:  JilTests[xUnit.net 00:00:00.5982311]   Starting:    JilTests[xUnit.net 00:00:02.6614455]       Assert.Equal() Failure[xUnit.net 00:00:02.6615071]                                 ↓ (pos 16)[xUnit.net 00:00:02.6615581]       Expected: -P5562543DT5H13M[xUnit.net 00:00:02.6616034]       Actual:   -P5562543DT5H13M0S[xUnit.net 00:00:02.6616457]                                 ↑ (pos 16)[xUnit.net 00:00:02.6624356]       Stack Trace:[xUnit.net 00:00:02.6661355]         C:\Users\dt-impact\ftsubs\mstest\kevin-montrose_Jil-8a5af0f\JilTests\DynamicSerializationTests.cs(1092,0): at JilTests.DynamicSerializationTests.ISO8601TimeSpans()[xUnit.net 00:00:19.8893572]   Finished:    JilTests</StdOut></Output><RunInfos><RunInfo computerName="SIEBL-4303-04" outcome="Error" timestamp="2018-11-11T16:39:17.5495476-06:00"><Text>[xUnit.net 00:00:02.6605028]     JilTests.DynamicSerializationTests.ISO8601TimeSpans [FAIL]</Text></RunInfo></RunInfos></ResultSummary></TestRun>